{'theta': True, 'zeta': True, 'chi': False, 'gamma': True, 'phi': True, 'time': None}
{'theta': False, 'zeta': False, 'chi': False, 'gamma': False, 'phi': False, 'time': None}
Start at: (3, 2), with dr
Using qubits [cirq.GridQubit(3, 2), cirq.GridQubit(4, 2), cirq.GridQubit(4, 3), cirq.GridQubit(5, 3), cirq.GridQubit(5, 4), cirq.GridQubit(6, 4), cirq.GridQubit(6, 5), cirq.GridQubit(7, 5), cirq.GridQubit(4, 1), cirq.GridQubit(5, 1), cirq.GridQubit(5, 2), cirq.GridQubit(6, 2), cirq.GridQubit(6, 3), cirq.GridQubit(7, 3), cirq.GridQubit(7, 4), cirq.GridQubit(8, 4)]
Using qubits, JW:[cirq.GridQubit(3, 2), cirq.GridQubit(4, 2), cirq.GridQubit(4, 3), cirq.GridQubit(5, 3), cirq.GridQubit(5, 4), cirq.GridQubit(6, 4), cirq.GridQubit(6, 5), cirq.GridQubit(7, 5), cirq.GridQubit(4, 1), cirq.GridQubit(5, 1), cirq.GridQubit(5, 2), cirq.GridQubit(6, 2), cirq.GridQubit(6, 3), cirq.GridQubit(7, 3), cirq.GridQubit(7, 4), cirq.GridQubit(8, 4)]
Meas types ['onsite0', 'horiz0', 'vert02', 'vert12']
Prepped onsite, pairs=[(0, 8), (1, 9), (2, 10), (3, 11), (4, 12), (5, 13), (6, 14), (7, 15)]
Prepped horiz, pairs=[(0, 1), (2, 3), (4, 5), (6, 7), (8, 9), (10, 11), (12, 13), (14, 15)]
Prepped vert0, pairs=[(1, 2), (3, 4), (5, 6), (9, 10), (11, 12), (13, 14)]
Prepped vert1, pairs=[(1, 2), (3, 4), (5, 6), (9, 10), (11, 12), (13, 14)]
Set recompilation to False
Got pairs set [(3, 4), (4, 12), (12, 13), (5, 13), (8, 9), (0, 8), (1, 9), (13, 14), (6, 14), (4, 5), (5, 6), (14, 15), (0, 1), (9, 10), (10, 11), (1, 2), (2, 10), (6, 7), (7, 15), (3, 11), (2, 3), (11, 12)]
---Starting to do calibration: delta 0.07678076900083397
---Starting to set up measurements: delta 0.48046090900061245
---Starting to run VQE: delta 1.6201585720009462
No optimisation, save file is experiments/c0dce91ffe5f4ec1acf0785b9ec4e42d-0920-125818/2x4/processed/processed.json
parameters.json
---Preparing executables
---Running executables, 180 in batch, delta=50.421283223999126
---Extracting values delta=72.91543311600071
---Extracted values delta=1.6899113489998854
===-7.026135802268982 -7.036022961139679 -7.034770727157593 -7.035158753395081 -7.042153358459473 -7.0420419573783875 -7.0408905148506165 -7.040372610092163 -7.035300076007843 -7.042869448661804 -7.045476257801056 -7.045607924461365 -7.04094398021698 -7.04169362783432 -7.0395060777664185 -7.039937615394592 -7.0413607358932495 -7.038280367851257 -7.039125919342041 -7.039460778236389 -7.038910388946533 -7.04068660736084 -7.040214776992798 -7.038123250007629 -7.041506052017212 -7.041328191757202 -7.036282181739807 -7.035380721092224 -7.035864949226379 -7.034776568412781 -7.034838318824768 -7.0354530811309814 -7.0362324714660645 -7.035789847373962 -7.041341304779053 -7.041665315628052 -7.042619585990906 -7.042298793792725 -7.039873719215393 -7.042585134506226 -7.041434049606323 -7.042052388191223 -7.043435454368591 -7.042968273162842 -7.043113112449646 1632139225.7269888
Computed energies [-7.026135802268982, -7.036022961139679, -7.034770727157593, -7.035158753395081, -7.042153358459473, -7.0420419573783875, -7.0408905148506165, -7.040372610092163, -7.035300076007843, -7.042869448661804, -7.045476257801056, -7.045607924461365, -7.04094398021698, -7.04169362783432, -7.0395060777664185, -7.039937615394592, -7.0413607358932495, -7.038280367851257, -7.039125919342041, -7.039460778236389, -7.038910388946533, -7.04068660736084, -7.040214776992798, -7.038123250007629, -7.041506052017212, -7.041328191757202, -7.036282181739807, -7.035380721092224, -7.035864949226379, -7.034776568412781, -7.034838318824768, -7.0354530811309814, -7.0362324714660645, -7.035789847373962, -7.041341304779053, -7.041665315628052, -7.042619585990906, -7.042298793792725, -7.039873719215393, -7.042585134506226, -7.041434049606323, -7.042052388191223, -7.043435454368591, -7.042968273162842, -7.043113112449646], params [[[[0.4154883909602397, 0.4154883909602397, 0.4154883909602397, 0.4154883909602397]]], [[[0.4893143056352241, 0.4893143056352241, 0.4893143056352241, 0.4893143056352241]]], [[[0.4854585649271221, 0.4854585649271221, 0.4931700463433261, 0.4931700463433261]]], [[[0.48666852653377823, 0.48424860332046593, 0.49196008473666997, 0.49196008473666997]]], [[[0.5219077447451013, 0.519487821531789, 0.45672086652534694, 0.45672086652534694]]], [[[0.5211082939336699, 0.5202872723432204, 0.4575203173367783, 0.4575203173367783]]], [[[0.5103439707951903, 0.5095229492047408, 0.4682846404752578, 0.4682846404752578]]], [[[0.49600430032621273, 0.49518327873576323, 0.4539449700062802, 0.4826243109442354]]], [[[0.5310783761755185, 0.530257354585069, 0.4890190458555859, 0.4475502350949297]]], [[[0.5174345571393826, 0.5439011736212048, 0.47537522681945005, 0.4339064160587938]]], [[[0.5088253378148143, 0.5352919542966366, 0.4667660074948818, 0.4425156353833621]]], [[[0.4964075558033848, 0.5477097363080661, 0.4791837895063113, 0.43009785337193257]]], [[[0.47636238962338895, 0.5276645701280702, 0.4992289556863071, 0.45014301955192837]]], [[[0.46027751336061845, 0.5115796938652997, 0.4831440794235366, 0.46622789581469887]]], [[[0.4394757196967621, 0.4907779002014433, 0.5039458730873929, 0.4454261021508425]]], [[[0.45325379822381756, 0.5045559787284988, 0.5177239516144484, 0.431648023623787]]], [[[0.4460862369112074, 0.5117235400411089, 0.5105563903018383, 0.42448046231117686]]], [[[0.4239852248819564, 0.48962252801185785, 0.4884553782725873, 0.4465814743404279]]], [[[0.4268209128114383, 0.49245821594133976, 0.4912910662020692, 0.443745786410946]]], [[[0.42820041928056873, 0.49107870947220933, 0.48991155973293876, 0.4451252928800764]]], [[[0.4272656171895327, 0.4901439073811733, 0.4908463618239748, 0.44606009497111243]]], [[[0.43530075270341195, 0.49817904289505255, 0.49888149733785403, 0.4380249594572332]]], [[[0.43296425819043355, 0.500515537408031, 0.4965450028248756, 0.4403614539702116]]], [[[0.426730188307318, 0.5067496072911466, 0.5027790727079912, 0.43412738408709606]]], [[[0.432818272861832, 0.5128376918456606, 0.4966909881534772, 0.4280392995325821]]], [[[0.43523840516817575, 0.5104175595393169, 0.4991111204598209, 0.4304594318389258]]], [[[0.4262532850344256, 0.5014324394055668, 0.5080962405935711, 0.43944455197267596]]], [[[0.4310837303190682, 0.5062628846902094, 0.5129266858782137, 0.44427499725731856]]], [[[0.43237352340644475, 0.5049730916028329, 0.5116368927908371, 0.4455647903446951]]], [[[0.4502094416772656, 0.5228090098736538, 0.529472811061658, 0.4277288720738742]]], [[[0.45475772784319013, 0.5182607237077292, 0.5340210972275825, 0.4231805859079497]]], [[[0.4556589518566294, 0.51735949969429, 0.5331198732141432, 0.42227936189451043]]], [[[0.4540242717457309, 0.5157248195833914, 0.5314851931032447, 0.4206446817836119]]], [[[0.45302435011054054, 0.5167247412185818, 0.5324851147384351, 0.41964476014842156]]], [[[0.4345904541972989, 0.4982908453053402, 0.5140512188251934, 0.40121086423517993]]], [[[0.43188967242161797, 0.49559006352965923, 0.5113504370495124, 0.398510082459499]]], [[[0.4336135927217667, 0.49731398382980796, 0.5096265167493637, 0.39678616215935025]]], [[[0.43717725387141226, 0.4937503226801624, 0.5131901778990092, 0.4003498233089958]]], [[[0.4216275347307266, 0.47820060353947674, 0.4976404587583236, 0.41589954244968147]]], [[[0.42608023188016725, 0.4826533006889174, 0.49318776160888295, 0.41144684530024084]]], [[[0.43896004570654107, 0.46977348686254355, 0.5060675754352568, 0.42432665912661466]]], [[[0.4400874659155224, 0.4709009070715249, 0.5049401552262756, 0.42319923891763334]]], [[[0.44988081982036765, 0.4611075531666796, 0.4951468013214303, 0.4329925928224786]]], [[[0.44800291465328307, 0.45922964799959504, 0.4970247064885149, 0.431114687655394]]], [[[0.4505132374624156, 0.4567193251904625, 0.49451438367938233, 0.43362501046452656]]]]
***[-7.0261358  -7.03602296 -7.03477073 -7.03515875 -7.04215336 -7.04204196
 -7.04089051 -7.04037261 -7.03530008 -7.04286945 -7.04547626 -7.04560792
 -7.04094398 -7.04169363 -7.03950608 -7.03993762 -7.04136074 -7.03828037
 -7.03912592 -7.03946078 -7.03891039 -7.04068661 -7.04021478 -7.03812325
 -7.04150605 -7.04132819 -7.03628218 -7.03538072 -7.03586495 -7.03477657
 -7.03483832 -7.03545308 -7.03623247 -7.03578985 -7.0413413  -7.04166532
 -7.04261959 -7.04229879 -7.03987372 -7.04258513 -7.04143405 -7.04205239
 -7.04343545 -7.04296827 -7.04311311] 1632139225.733509
---VQE complete: delta 125.04925476600147
Data collected can be found at experiments/c0dce91ffe5f4ec1acf0785b9ec4e42d-0920-125818/2x4
