{'theta': True, 'zeta': True, 'chi': False, 'gamma': True, 'phi': True, 'time': None}
{'theta': False, 'zeta': False, 'chi': False, 'gamma': False, 'phi': False, 'time': None}
                  (3, 2)
                  │
                  │
         (4, 1)───(4, 2)───(4, 3)
         │        │        │
         │        │        │
(5, 0)───(5, 1)───(5, 2)───(5, 3)───(5, 4)
         │        │        │        │
         │        │        │        │
         (6, 1)───(6, 2)───(6, 3)───(6, 4)───(6, 5)
                  │        │        │        │
                  │        │        │        │
                  (7, 2)───(7, 3)───(7, 4)───(7, 5)───(7, 6)
                           │        │        │
                           │        │        │
                           (8, 3)───(8, 4)───(8, 5)
                                    │
                                    │
                                    (9, 4)
Start at: (3, 2), with dr
Using qubits [cirq.GridQubit(3, 2), cirq.GridQubit(4, 2), cirq.GridQubit(4, 3), cirq.GridQubit(5, 3), cirq.GridQubit(5, 4), cirq.GridQubit(6, 4), cirq.GridQubit(6, 5), cirq.GridQubit(7, 5), cirq.GridQubit(4, 1), cirq.GridQubit(5, 1), cirq.GridQubit(5, 2), cirq.GridQubit(6, 2), cirq.GridQubit(6, 3), cirq.GridQubit(7, 3), cirq.GridQubit(7, 4), cirq.GridQubit(8, 4)]
Using qubits, JW:[cirq.GridQubit(3, 2), cirq.GridQubit(4, 2), cirq.GridQubit(4, 3), cirq.GridQubit(5, 3), cirq.GridQubit(5, 4), cirq.GridQubit(6, 4), cirq.GridQubit(6, 5), cirq.GridQubit(7, 5), cirq.GridQubit(4, 1), cirq.GridQubit(5, 1), cirq.GridQubit(5, 2), cirq.GridQubit(6, 2), cirq.GridQubit(6, 3), cirq.GridQubit(7, 3), cirq.GridQubit(7, 4), cirq.GridQubit(8, 4)]
                  [31m(3, 2)[0m
                  │
                  │
         [35m(4, 1)[0m───[31m(4, 2)[0m───[31m(4, 3)[0m
         │        │        │
         │        │        │
(5, 0)───[35m(5, 1)[0m───[35m(5, 2)[0m───[31m(5, 3)[0m───[31m(5, 4)[0m
         │        │        │        │
         │        │        │        │
         (6, 1)───[35m(6, 2)[0m───[35m(6, 3)[0m───[31m(6, 4)[0m───[31m(6, 5)[0m
                  │        │        │        │
                  │        │        │        │
                  (7, 2)───[35m(7, 3)[0m───[35m(7, 4)[0m───[31m(7, 5)[0m───(7, 6)
                           │        │        │
                           │        │        │
                           (8, 3)───[35m(8, 4)[0m───(8, 5)
                                    │
                                    │
                                    (9, 4)
None
Meas types ['onsite0', 'horiz0', 'horiz1']
Prepped onsite, pairs=[(0, 8), (1, 9), (2, 10), (3, 11), (4, 12), (5, 13), (6, 14), (7, 15)]
Prepped horiz, pairs=[(0, 1), (2, 3), (4, 5), (6, 7), (8, 9), (10, 11), (12, 13), (14, 15)]
Prepped horiz, pairs=[(1, 2), (3, 4), (5, 6), (9, 10), (11, 12), (13, 14)]
Set recompilation to False
Got pairs set [(10, 11), (5, 6), (3, 11), (5, 13), (8, 9), (4, 12), (6, 14), (1, 2), (6, 7), (7, 15), (12, 13), (4, 5), (2, 10), (9, 10), (2, 3), (1, 9), (14, 15), (0, 8), (11, 12), (0, 1), (13, 14), (3, 4)]
---Starting to do calibration: delta 3.4887855979999998
---Starting to set up measurements: delta 0.6300428690000004
---Starting to run VQE: delta 1.1450550249999996
No optimisation, save file is experiments/8x1_single_zz_x_U_4_nocc_12_d_1-0914-003323/8x1/processed/processed.json
Given params: [[[[[0.522, 0.614, 0.587]]], [[[-0.522, -0.614, -0.587]]], [[[0, 0.614, 0.587]]], [[[0, -0.614, -0.587]]]]]
---Preparing executables
---Running executables, 12 in batch, delta=5.251162616
---Extracting values delta=2.7162698730000017
---Extracted values delta=51.654452833
===13.237879149014194 12.961290267608868 13.378038274233033 13.421127135062026 1631576067.892632
Computed energies [13.099584708311532], params [[[[0.522, 0.614, 0.587]]], [[[-0.522, -0.614, -0.587]]], [[[0, 0.614, 0.587]]], [[[0, -0.614, -0.587]]]]
***13.099584708311532 1631576067.894897
---VQE complete: delta 59.627273831000004
---Starting TFLO
Using saved points
Using params [[[0, 0, 0]], [[0, 0, 0.785398]], [[0, 4.71239, 0]], [[0, 0, 1.5708]], [[0, 2.35619, 0.785398]], [[0, 4.71239, 0.785398]], [[0, 5.49779, 1.5708]], [[0, 3.92699, 0.785398]], [[0, 5.49779, 5.49779]], [[0, 0.785398, 3.92699]], [[0, 5.49779, 3.14159]], [[0, 1.5708, 5.49779]], [[0, 4.71239, 2.35619]], [[0, 2.35619, 5.49779]], [[0, 3.92699, 2.35619]], [[0, 3.14159, 4.71239]], [[0, 0.614, 0.587]], [[0.522, 0.614, 0.587]], [[0, 0, 0]], [[0, 0, -0.785398]], [[0, -4.71239, 0]], [[0, 0, -1.5708]], [[0, -2.35619, -0.785398]], [[0, -4.71239, -0.785398]], [[0, -5.49779, -1.5708]], [[0, -3.92699, -0.785398]], [[0, -5.49779, -5.49779]], [[0, -0.785398, -3.92699]], [[0, -5.49779, -3.14159]], [[0, -1.5708, -5.49779]], [[0, -4.71239, -2.35619]], [[0, -2.35619, -5.49779]], [[0, -3.92699, -2.35619]], [[0, -3.14159, -4.71239]], [[0, -0.614, -0.587]], [[-0.522, -0.614, -0.587]]]
---Preparing executables
---Running executables, 108 in batch, delta=44.066817269
---Extracting values delta=13.270164094999998
---Extracted values delta=107.45677012599998
---Time for noisy calculation: 164.81117609900002
***TFLON: 13.400742994754482,13.486751819393987,13.569884193095529,13.957812035338488,14.946192370817908,14.645777542775068,14.782921836092633,14.921012719007942,15.785986751837836,15.915032446864672,16.21800241969604,16.33078316935162,16.419158162916673,17.244059132801418,17.127001058471578,17.698011485224814,13.379621417471672,13.258482301324683,13.446976581305321,13.722165837233838,14.378594794432594,14.53643401408296,14.083682523685217,15.092854639804887,15.494952719045191,15.593837164462453,15.404488023752974,15.872671868794558,15.892932837126502,16.607325145875365,17.247875807505054,16.956476010187295,17.782306084711404,17.496550843598644,13.36298950795183,12.918692757780489 1631576234.720187
Noisy energies by type: {'onsite0': array([18.19390032, 18.26457074, 18.06807633, 18.32258065, 18.36451204,
       18.19319429, 18.19494977, 17.91149516, 18.26353422, 18.18940937,
       18.31166712, 17.82418699, 17.8796748 , 18.12574386, 17.8303095 ,
       18.05992318, 18.10091503, 17.20359281, 18.2331038 , 18.10410959,
       18.0991132 , 18.27130977, 17.82613116, 17.8349835 , 18.18593627,
       18.04375   , 18.18926627, 18.20933812, 17.97098549, 18.24955163,
       18.28100026, 17.97760637, 18.38680974, 18.01115619, 18.17228464,
       17.57971772]), 'horiz0': array([-2.43534483, -2.45305677, -2.83380138, -1.9829904 , -2.66761364,
       -1.88038943, -1.25824666, -2.01216478, -0.27161198, -0.27873255,
        0.09371147, -0.18553285,  0.18897638, -0.14966353,  0.21914713,
        0.21304927, -2.64064845, -2.23246377, -2.43412116, -2.00221607,
       -2.42649622, -1.3381295 , -2.76741508, -1.40301003, -0.70572427,
       -1.74124294, -0.78979144, -0.12862475, -0.05151596,  0.01514302,
        0.29453167, -0.10608244,  0.12715813,  0.04614957, -2.56364132,
       -2.53501401]), 'horiz1': array([-2.3578125 , -2.32476215, -1.66439076, -2.38177821, -0.75070603,
       -1.66702732, -2.15378128, -0.97831766, -2.20593548, -1.99564438,
       -2.18737617, -1.30787097, -1.64949301, -0.7320212 , -0.92245557,
       -0.57496096, -2.08064516, -1.71264674, -2.35200606, -2.37972769,
       -1.29402218, -2.39674626, -0.97503356, -1.33911883, -1.98525928,
       -0.7086699 , -1.99498681, -2.2080415 , -2.02653669, -1.6573695 ,
       -1.32765612, -0.91504792, -0.73166178, -0.56075491, -2.24565382,
       -2.12601096])}
Using saved exact energies
Data collected can be found at experiments/8x1_single_zz_x_U_4_nocc_12_d_1-0914-003323/8x1
