{'theta': True, 'zeta': True, 'chi': False, 'gamma': True, 'phi': True, 'time': None}
{'theta': False, 'zeta': False, 'chi': False, 'gamma': False, 'phi': False, 'time': None}
(cirq.GridQubit(3, 2), cirq.GridQubit(4, 2)) = [0.005653352934596179]
(cirq.GridQubit(4, 1), cirq.GridQubit(5, 1)) = [0.007375015732618062]
(cirq.GridQubit(4, 2), cirq.GridQubit(5, 2)) = [0.00700440704363417]
(cirq.GridQubit(4, 3), cirq.GridQubit(5, 3)) = [0.00842885403620891]
(cirq.GridQubit(5, 0), cirq.GridQubit(5, 1)) = [0.007143743381215151]
(cirq.GridQubit(5, 1), cirq.GridQubit(5, 2)) = [0.007232199681100754]
(cirq.GridQubit(5, 1), cirq.GridQubit(6, 1)) = [0.006847979209530453]
(cirq.GridQubit(5, 2), cirq.GridQubit(5, 3)) = [0.005365521924709626]
(cirq.GridQubit(5, 2), cirq.GridQubit(6, 2)) = [0.009054877847637977]
(cirq.GridQubit(5, 3), cirq.GridQubit(5, 4)) = [0.004709536197255504]
(cirq.GridQubit(5, 3), cirq.GridQubit(6, 3)) = [0.0059856756579679815]
(cirq.GridQubit(5, 4), cirq.GridQubit(6, 4)) = [0.004651029460094991]
(cirq.GridQubit(6, 1), cirq.GridQubit(6, 2)) = [0.00792094837289739]
(cirq.GridQubit(6, 2), cirq.GridQubit(6, 3)) = [0.007011248412327475]
(cirq.GridQubit(6, 3), cirq.GridQubit(6, 4)) = [0.008591080011911889]
(cirq.GridQubit(6, 3), cirq.GridQubit(7, 3)) = [0.007132916363217168]
(cirq.GridQubit(6, 4), cirq.GridQubit(6, 5)) = [0.006546439558907491]
(cirq.GridQubit(6, 5), cirq.GridQubit(7, 5)) = [0.005374354358644029]
(cirq.GridQubit(7, 2), cirq.GridQubit(7, 3)) = [0.005801452337931445]
(cirq.GridQubit(7, 3), cirq.GridQubit(7, 4)) = [0.007189246112731862]
(cirq.GridQubit(7, 3), cirq.GridQubit(8, 3)) = [0.007149153734468561]
(cirq.GridQubit(7, 4), cirq.GridQubit(7, 5)) = [0.007115721498997363]
(cirq.GridQubit(7, 4), cirq.GridQubit(8, 4)) = [0.008183566995623004]
(cirq.GridQubit(7, 5), cirq.GridQubit(7, 6)) = [0.007730965482185048]
(cirq.GridQubit(7, 5), cirq.GridQubit(8, 5)) = [0.007667429199111786]
(cirq.GridQubit(8, 3), cirq.GridQubit(8, 4)) = [0.009143646022778867]
(cirq.GridQubit(8, 4), cirq.GridQubit(9, 4)) = [0.006191280976748176]
                  (3, 2)
                  │
                  │
         (4, 1)───(4, 2)───(4, 3)
         │        │        │
         │        │        │
(5, 0)───(5, 1)───(5, 2)───(5, 3)───(5, 4)
         │        │        │        │
         │        │        │        │
         (6, 1)───(6, 2)───(6, 3)───(6, 4)───(6, 5)
                  │        │        │        │
                  │        │        │        │
                  (7, 2)───(7, 3)───(7, 4)───(7, 5)───(7, 6)
                           │        │        │
                           │        │        │
                           (8, 3)───(8, 4)───(8, 5)
                                    │
                                    │
                                    (9, 4)
Start at: (3, 2), with dr
Using qubits [cirq.GridQubit(3, 2), cirq.GridQubit(4, 2), cirq.GridQubit(4, 3), cirq.GridQubit(5, 3), cirq.GridQubit(5, 4), cirq.GridQubit(6, 4), cirq.GridQubit(6, 5), cirq.GridQubit(7, 5), cirq.GridQubit(4, 1), cirq.GridQubit(5, 1), cirq.GridQubit(5, 2), cirq.GridQubit(6, 2), cirq.GridQubit(6, 3), cirq.GridQubit(7, 3), cirq.GridQubit(7, 4), cirq.GridQubit(8, 4)]
Using qubits, JW:[cirq.GridQubit(3, 2), cirq.GridQubit(4, 2), cirq.GridQubit(4, 3), cirq.GridQubit(5, 3), cirq.GridQubit(5, 4), cirq.GridQubit(6, 4), cirq.GridQubit(6, 5), cirq.GridQubit(7, 5), cirq.GridQubit(4, 1), cirq.GridQubit(5, 1), cirq.GridQubit(5, 2), cirq.GridQubit(6, 2), cirq.GridQubit(6, 3), cirq.GridQubit(7, 3), cirq.GridQubit(7, 4), cirq.GridQubit(8, 4)]
                  [31m(3, 2)[0m
                  │
                  │
         [35m(4, 1)[0m───[31m(4, 2)[0m───[31m(4, 3)[0m
         │        │        │
         │        │        │
(5, 0)───[35m(5, 1)[0m───[35m(5, 2)[0m───[31m(5, 3)[0m───[31m(5, 4)[0m
         │        │        │        │
         │        │        │        │
         (6, 1)───[35m(6, 2)[0m───[35m(6, 3)[0m───[31m(6, 4)[0m───[31m(6, 5)[0m
                  │        │        │        │
                  │        │        │        │
                  (7, 2)───[35m(7, 3)[0m───[35m(7, 4)[0m───[31m(7, 5)[0m───(7, 6)
                           │        │        │
                           │        │        │
                           (8, 3)───[35m(8, 4)[0m───(8, 5)
                                    │
                                    │
                                    (9, 4)
None
Set recompilation to False
Got pairs set [(10, 11), (5, 6), (3, 11), (5, 13), (8, 9), (4, 12), (6, 14), (1, 2), (6, 7), (7, 15), (12, 13), (4, 5), (2, 10), (9, 10), (2, 3), (1, 9), (14, 15), (0, 8), (11, 12), (0, 1), (13, 14), (3, 4)]
---Starting to do calibration: delta 3.3350606690000006
---Starting to set up measurements: delta 1.3399834199999994
---Starting to run VQE: delta 2.4010470900000005
Running BayesMGD: n_evals 15, nshots 1000, max_iter 50, max_evals 300
---Preparing executables
---Running executables delta=2.4232760220000014
---Extracting values delta=2.324565789000001
---Extracted values delta=5.800354549999998
---Preparing executables
---Running executables delta=67.664188547
---Extracting values delta=13.212738724999994
---Extracted values delta=67.38047445599999
[-1.9591920672734309, -2.7975690418776162]
2  :--------------------------------
fit_params:  [ 2.432  1.308  0.119  1.19   0.057 -0.913 -5.434 -1.352  2.708 -2.36 ]
current: -2.798+/-0.530  params:  [0.62  0.641 0.756]  grad:  [1.924 1.819 1.233]  gamma_k: 0.1977  delta_k: 0.6000
---Preparing executables
---Running executables delta=67.30906334899998
---Extracting values delta=12.955609053000018
---Extracted values delta=67.848490965
[-1.9591920672734309, -2.7975690418776162, -2.7975690418776162, -2.7322645934179786]
3  :--------------------------------
fit_params:  [ 2.214  0.395 -0.012  1.127  0.044 -0.185 -4.274 -1.593 -0.033 -0.8  ]
current: -2.732+/-0.084  params:  [0.623 0.636 0.793]  grad:  [-0.021  0.029 -0.234]  gamma_k: 0.1548  delta_k: 0.5594
---Preparing executables
---Running executables delta=78.133786095
---Extracting values delta=12.607159023000008
---Extracted values delta=67.31037200100002
[-1.9591920672734309, -2.7975690418776162, -2.7975690418776162, -2.7322645934179786, -2.7322645934179786, -2.7812335632632923]
4  :--------------------------------
fit_params:  [ 1.569  0.225  1.173  1.065  0.238  0.276 -3.672 -1.913 -1.765 -0.565]
current: -2.781+/-0.080  params:  [0.621 0.618 0.696]  grad:  [0.013 0.137 0.741]  gamma_k: 0.1302  delta_k: 0.5370
---Preparing executables
---Running executables delta=69.98307066100006
---Extracting values delta=12.67787846200008
---Extracted values delta=71.675849879
[-1.9591920672734309, -2.7975690418776162, -2.7975690418776162, -2.7322645934179786, -2.7322645934179786, -2.7812335632632923, -2.7812335632632923, -2.6352387378416533]
5  :--------------------------------
fit_params:  [ 1.243  0.711  1.123  0.769  0.331  0.2   -3.146 -1.688 -2.114 -0.515]
current: -2.635+/-0.087  params:  [0.643 0.57  0.684]  grad:  [-0.189  0.426  0.108]  gamma_k: 0.1139  delta_k: 0.5216
---Preparing executables
---Running executables delta=67.39468161599996
---Extracting values delta=12.17286981899997
---Extracted values delta=67.26832216599996
[-1.9591920672734309, -2.7975690418776162, -2.7975690418776162, -2.7322645934179786, -2.7322645934179786, -2.7812335632632923, -2.7812335632632923, -2.6352387378416533, -2.6352387378416533, -2.2843617001411145]
6  :--------------------------------
fit_params:  [ 1.352  0.308  1.198  0.26   0.5    0.176 -2.441 -0.959 -2.184 -0.621]
current: -2.284+/-0.084  params:  [0.614 0.573 0.653]  grad:  [ 0.277 -0.034  0.298]  gamma_k: 0.1020  delta_k: 0.5100
---Preparing executables
---Running executables delta=66.23458662500002
---Extracting values delta=12.243514859000015
---Extracted values delta=68.33068148999996
[-1.9591920672734309, -2.7975690418776162, -2.7975690418776162, -2.7322645934179786, -2.7322645934179786, -2.7812335632632923, -2.7812335632632923, -2.6352387378416533, -2.6352387378416533, -2.2843617001411145, -2.2843617001411145, -1.992801719687395]
7  :--------------------------------
fit_params:  [ 0.92   0.652  0.976  0.112  0.376 -0.051 -2.079 -0.869 -2.081 -0.15 ]
current: -1.993+/-0.071  params:  [0.645 0.578 0.691]  grad:  [-0.329 -0.051 -0.401]  gamma_k: 0.0930  delta_k: 0.5007
---Preparing executables
---Running executables delta=68.74996351799996
---Extracting values delta=12.15075287000002
---Extracted values delta=67.658121091
[-1.9591920672734309, -2.7975690418776162, -2.7975690418776162, -2.7322645934179786, -2.7322645934179786, -2.7812335632632923, -2.7812335632632923, -2.6352387378416533, -2.6352387378416533, -2.2843617001411145, -2.2843617001411145, -1.992801719687395, -1.992801719687395, -1.8631235570085054]
8  :--------------------------------
fit_params:  [ 0.896  0.564  1.041  0.296  0.596  0.074 -2.022 -1.204 -2.009 -0.303]
current: -1.863+/-0.081  params:  [0.619 0.584 0.666]  grad:  [ 0.3   -0.067  0.283]  gamma_k: 0.0858  delta_k: 0.4929
---Preparing executables
---Running executables delta=67.14423168300004
---Extracting values delta=11.901671087000068
---Extracted values delta=67.07248790499989
[-1.9591920672734309, -2.7975690418776162, -2.7975690418776162, -2.7322645934179786, -2.7322645934179786, -2.7812335632632923, -2.7812335632632923, -2.6352387378416533, -2.6352387378416533, -2.2843617001411145, -2.2843617001411145, -1.992801719687395, -1.992801719687395, -1.8631235570085054, -1.8631235570085054, -1.7494526400433865]
9  :--------------------------------
fit_params:  [ 0.417  1.331  0.872  0.198  0.624 -0.118 -0.903 -1.717 -1.726 -0.506]
current: -1.749+/-0.087  params:  [0.565 0.59  0.661]  grad:  [ 0.675 -0.076  0.071]  gamma_k: 0.0799  delta_k: 0.4863
---Preparing executables
---Running executables delta=66.94228368200015
---Extracting values delta=11.846736331000102
---Extracted values delta=67.38312354699997
[-1.9591920672734309, -2.7975690418776162, -2.7975690418776162, -2.7322645934179786, -2.7322645934179786, -2.7812335632632923, -2.7812335632632923, -2.6352387378416533, -2.6352387378416533, -2.2843617001411145, -2.2843617001411145, -1.992801719687395, -1.992801719687395, -1.8631235570085054, -1.8631235570085054, -1.7494526400433865, -1.7494526400433865, -1.9305603373736075]
10  :--------------------------------
fit_params:  [ 0.481  1.343  0.921  0.389 -0.032  0.072 -1.202 -2.037 -1.198 -0.564]
current: -1.931+/-0.086  params:  [0.583 0.584 0.656]  grad:  [-0.241  0.081  0.068]  gamma_k: 0.0750  delta_k: 0.4806
---Preparing executables
---Running executables delta=67.38614937600005
---Extracting values delta=12.775988666999865
---Extracted values delta=66.21917265699994
[-1.9591920672734309, -2.7975690418776162, -2.7975690418776162, -2.7322645934179786, -2.7322645934179786, -2.7812335632632923, -2.7812335632632923, -2.6352387378416533, -2.6352387378416533, -2.2843617001411145, -2.2843617001411145, -1.992801719687395, -1.992801719687395, -1.8631235570085054, -1.8631235570085054, -1.7494526400433865, -1.7494526400433865, -1.9305603373736075, -1.9305603373736075, -2.0158108193633204]
11  :--------------------------------
fit_params:  [ 0.668  1.441  0.586  0.328  0.266  0.176 -1.459 -2.061 -1.595 -0.39 ]
current: -2.016+/-0.085  params:  [0.58  0.567 0.678]  grad:  [ 0.052  0.235 -0.31 ]  gamma_k: 0.0708  delta_k: 0.4755
***-2.02+/-0.08 1630449752.7679482
---VQE complete: delta 1500.541779699
Data collected can be found at experiments/8x1_bayesmgd_zz_x_U_4_nocc_4_d_1-0831/8x1
