{'theta': True, 'zeta': True, 'chi': False, 'gamma': True, 'phi': True, 'time': None}
{'theta': False, 'zeta': False, 'chi': False, 'gamma': False, 'phi': False, 'time': None}
Start at: (3, 2), with dr
Using qubits [cirq.GridQubit(3, 2), cirq.GridQubit(4, 2), cirq.GridQubit(4, 3), cirq.GridQubit(5, 3), cirq.GridQubit(5, 4), cirq.GridQubit(6, 4), cirq.GridQubit(6, 5), cirq.GridQubit(7, 5), cirq.GridQubit(4, 1), cirq.GridQubit(5, 1), cirq.GridQubit(5, 2), cirq.GridQubit(6, 2), cirq.GridQubit(6, 3), cirq.GridQubit(7, 3), cirq.GridQubit(7, 4), cirq.GridQubit(8, 4)]
Using qubits, JW:[cirq.GridQubit(3, 2), cirq.GridQubit(4, 2), cirq.GridQubit(4, 3), cirq.GridQubit(5, 3), cirq.GridQubit(5, 4), cirq.GridQubit(6, 4), cirq.GridQubit(6, 5), cirq.GridQubit(7, 5), cirq.GridQubit(4, 1), cirq.GridQubit(5, 1), cirq.GridQubit(5, 2), cirq.GridQubit(6, 2), cirq.GridQubit(6, 3), cirq.GridQubit(7, 3), cirq.GridQubit(7, 4), cirq.GridQubit(8, 4)]
Meas types ['onsite0', 'horiz0', 'vert02', 'vert12']
Prepped onsite, pairs=[(0, 8), (1, 9), (2, 10), (3, 11), (4, 12), (5, 13), (6, 14), (7, 15)]
Prepped horiz, pairs=[(0, 1), (2, 3), (4, 5), (6, 7), (8, 9), (10, 11), (12, 13), (14, 15)]
Prepped vert0, pairs=[(1, 2), (3, 4), (5, 6), (9, 10), (11, 12), (13, 14)]
Prepped vert1, pairs=[(1, 2), (3, 4), (5, 6), (9, 10), (11, 12), (13, 14)]
Set recompilation to False
Got pairs set [(3, 4), (4, 12), (12, 13), (5, 13), (8, 9), (0, 8), (1, 9), (13, 14), (6, 14), (4, 5), (5, 6), (14, 15), (0, 1), (9, 10), (10, 11), (1, 2), (2, 10), (6, 7), (7, 15), (3, 11), (2, 3), (11, 12)]
---Starting to do calibration: delta 0.10082210899781785
---Starting to set up measurements: delta 0.5033276750000368
---Starting to run VQE: delta 1.668979109999782
No optimisation, save file is experiments/1abf0851715e4230bbaf26b0adde22ee-0910-164956/2x4/processed/processed.json
parameters.json
---Preparing executables
---Running executables, 60 in batch, delta=17.92348190100165
---Extracting values delta=27.332996238001215
---Extracted values delta=0.5504474320005102
===-3.183866500854492 -5.356759667396545 -5.824284076690674 -5.907883644104004 -5.948628067970276 -5.98905873298645 -6.060951352119446 -6.11687159538269 -6.158502697944641 -6.263272404670715 -6.260507106781006 -6.28820526599884 -6.2669724225997925 -6.26427686214447 -6.272697329521179 1631289044.7585752
Computed energies [-3.183866500854492, -5.356759667396545, -5.824284076690674, -5.907883644104004, -5.948628067970276, -5.98905873298645, -6.060951352119446, -6.11687159538269, -6.158502697944641, -6.263272404670715, -6.260507106781006, -6.28820526599884, -6.2669724225997925, -6.26427686214447, -6.272697329521179], params [[[[1.0, 1.0, 1.0, 1.0]]], [[[0.1113166488436762, 0.6339801005011758, 0.7454500397989646, 0.7667340904485684]]], [[[0.39552685062886145, 0.542739452833722, 0.7842659773991478, 0.7855471524446804]]], [[[0.42891194986303954, 0.5029295521522641, 0.73791923859668, 0.7990340971280715]]], [[[0.4933779582999029, 0.6039723198012333, 0.7193951787623286, 0.7226648614303481]]], [[[0.440652735557152, 0.6160794535116332, 0.6802787263798953, 0.6843667752737675]]], [[[0.5134202109061925, 0.5170051236186031, 0.627076036187483, 0.751796374245665]]], [[[0.5577648766486268, 0.47284542443221284, 0.6385570649267176, 0.7202434985594725]]], [[[0.647972546417615, 0.4572067765940107, 0.6052787859727894, 0.6565962968407826]]], [[[0.5707151289493069, 0.34982670749625, 0.679111447640197, 0.5756288593430879]]], [[[0.511328708048614, 0.357079907343168, 0.6860658269900132, 0.5196683006379735]]], [[[0.5747722974023671, 0.34458126945683304, 0.6751366492791049, 0.5065607214206672]]], [[[0.5560928913440168, 0.3773805652657237, 0.6762520703643001, 0.5310612563748236]]], [[[0.563547477669517, 0.3422376321329977, 0.6801305320628178, 0.5792718019325747]]], [[[0.6117124574551391, 0.31641670612010553, 0.6860678478823748, 0.5565821636276864]]]]
***[-3.1838665  -5.35675967 -5.82428408 -5.90788364 -5.94862807 -5.98905873
 -6.06095135 -6.1168716  -6.1585027  -6.2632724  -6.26050711 -6.28820527
 -6.26697242 -6.26427686 -6.27269733] 1631289044.760935
---VQE complete: delta 45.815100444000564
Data collected can be found at experiments/1abf0851715e4230bbaf26b0adde22ee-0910-164956/2x4
