{'theta': True, 'zeta': True, 'chi': False, 'gamma': True, 'phi': True, 'time': None}
{'theta': False, 'zeta': False, 'chi': False, 'gamma': False, 'phi': False, 'time': None}
                  (3, 2)
                  │
                  │
         (4, 1)───(4, 2)───(4, 3)
         │        │        │
         │        │        │
(5, 0)───(5, 1)───(5, 2)───(5, 3)───(5, 4)
         │        │        │        │
         │        │        │        │
         (6, 1)───(6, 2)───(6, 3)───(6, 4)───(6, 5)
                  │        │        │        │
                  │        │        │        │
                  (7, 2)───(7, 3)───(7, 4)───(7, 5)───(7, 6)
                           │        │        │
                           │        │        │
                           (8, 3)───(8, 4)───(8, 5)
                                    │
                                    │
                                    (9, 4)
Start at: (3, 2), with dr
Using qubits [cirq.GridQubit(3, 2), cirq.GridQubit(4, 2), cirq.GridQubit(4, 3), cirq.GridQubit(5, 3), cirq.GridQubit(5, 4), cirq.GridQubit(6, 4), cirq.GridQubit(6, 5), cirq.GridQubit(7, 5), cirq.GridQubit(4, 1), cirq.GridQubit(5, 1), cirq.GridQubit(5, 2), cirq.GridQubit(6, 2), cirq.GridQubit(6, 3), cirq.GridQubit(7, 3), cirq.GridQubit(7, 4), cirq.GridQubit(8, 4)]
Using qubits, JW:[cirq.GridQubit(3, 2), cirq.GridQubit(4, 2), cirq.GridQubit(4, 3), cirq.GridQubit(5, 3), cirq.GridQubit(5, 4), cirq.GridQubit(6, 4), cirq.GridQubit(6, 5), cirq.GridQubit(7, 5), cirq.GridQubit(4, 1), cirq.GridQubit(5, 1), cirq.GridQubit(5, 2), cirq.GridQubit(6, 2), cirq.GridQubit(6, 3), cirq.GridQubit(7, 3), cirq.GridQubit(7, 4), cirq.GridQubit(8, 4)]
                  [31m(3, 2)[0m
                  │
                  │
         [35m(4, 1)[0m───[31m(4, 2)[0m───[31m(4, 3)[0m
         │        │        │
         │        │        │
(5, 0)───[35m(5, 1)[0m───[35m(5, 2)[0m───[31m(5, 3)[0m───[31m(5, 4)[0m
         │        │        │        │
         │        │        │        │
         (6, 1)───[35m(6, 2)[0m───[35m(6, 3)[0m───[31m(6, 4)[0m───[31m(6, 5)[0m
                  │        │        │        │
                  │        │        │        │
                  (7, 2)───[35m(7, 3)[0m───[35m(7, 4)[0m───[31m(7, 5)[0m───(7, 6)
                           │        │        │
                           │        │        │
                           (8, 3)───[35m(8, 4)[0m───(8, 5)
                                    │
                                    │
                                    (9, 4)
None
Meas types ['onsite0', 'horiz0', 'horiz1']
Prepped onsite, pairs=[(0, 8), (1, 9), (2, 10), (3, 11), (4, 12), (5, 13), (6, 14), (7, 15)]
Prepped horiz, pairs=[(0, 1), (2, 3), (4, 5), (6, 7), (8, 9), (10, 11), (12, 13), (14, 15)]
Prepped horiz, pairs=[(1, 2), (3, 4), (5, 6), (9, 10), (11, 12), (13, 14)]
Set recompilation to False
Got pairs set [(10, 11), (5, 6), (3, 11), (5, 13), (8, 9), (4, 12), (6, 14), (1, 2), (6, 7), (7, 15), (12, 13), (4, 5), (2, 10), (9, 10), (2, 3), (1, 9), (14, 15), (0, 8), (11, 12), (0, 1), (13, 14), (3, 4)]
---Starting to do calibration: delta 3.508068795999999
---Starting to set up measurements: delta 0.7444699630000002
---Starting to run VQE: delta 1.5582563269999987
No optimisation, save file is experiments/8x1_single_zz_x_U_8_nocc_5_d_1-0916-234101/8x1/processed/processed.json
Given params: [[[[[0.823, 0.551, 0.642]]], [[[-0.823, -0.551, -0.642]]], [[[0, 0.551, 0.642]]], [[[0, -0.551, -0.642]]]]]
---Preparing executables
---Running executables, 12 in batch, delta=5.547417406000001
---Extracting values delta=2.2724220020000025
---Extracted values delta=52.451194079
===-1.2547295333196429 -1.3367266617179663 0.7624591755232464 0.9871926070418091 1631832127.8376079
Computed energies [-1.2957280975188046], params [[[[0.823, 0.551, 0.642]]], [[[-0.823, -0.551, -0.642]]], [[[0, 0.551, 0.642]]], [[[0, -0.551, -0.642]]]]
***-1.2957280975188046 1631832127.840184
---VQE complete: delta 60.276798993
---Starting TFLO
Using saved points
Using params [[[0, 0, 0]], [[0, 0, 0.785398]], [[0, 0.785398, 1.5708]], [[0, 5.49779, 0.785398]], [[0, 2.35619, 0.785398]], [[0, 3.92699, 0]], [[0, 2.35619, 1.5708]], [[0, 3.14159, 0.785398]], [[0, 3.92699, 0.785398]], [[0, 5.49779, 5.49779]], [[0, 0.785398, 5.49779]], [[0, 3.92699, 1.5708]], [[0, 1.5708, 5.49779]], [[0, 3.14159, 2.35619]], [[0, 3.92699, 4.71239]], [[0, 3.14159, 5.49779]], [[0, 0.551, 0.642]], [[0.823, 0.551, 0.642]], [[0, 0, 0]], [[0, 0, -0.785398]], [[0, -0.785398, -1.5708]], [[0, -5.49779, -0.785398]], [[0, -2.35619, -0.785398]], [[0, -3.92699, 0]], [[0, -2.35619, -1.5708]], [[0, -3.14159, -0.785398]], [[0, -3.92699, -0.785398]], [[0, -5.49779, -5.49779]], [[0, -0.785398, -5.49779]], [[0, -3.92699, -1.5708]], [[0, -1.5708, -5.49779]], [[0, -3.14159, -2.35619]], [[0, -3.92699, -4.71239]], [[0, -3.14159, -5.49779]], [[0, -0.551, -0.642]], [[-0.823, -0.551, -0.642]]]
---Preparing executables
---Running executables, 108 in batch, delta=61.839553826
---Extracting values delta=6.394563549999987
---Extracted values delta=107.52620090100001
---Time for noisy calculation: 175.777685748
***TFLON: 1.0248373367702275,1.224930509866076,1.166445237424055,2.5497269176182358,2.8840873646674234,2.0095942158480966,3.169947440600917,3.254446215359487,3.4447416526371675,4.365978085912369,4.16669375608741,4.253121431059239,5.410977108818949,5.257398423363633,5.610886500415695,6.2706459657916955,0.6623283690305559,-1.3115103763774025,0.9227069797629968,1.0966412606134877,1.5235441610844447,1.7238146171559823,1.5067850114390757,3.3722556410942803,2.5846458607135716,3.2784991787642372,3.898218183346483,4.470982169485406,5.350975260915899,5.052068589459169,5.765321145442268,5.231306364285401,6.2338049669717925,6.315552219940837,1.0353926634195036,-1.2631805680998547 1631832306.019562
Noisy energies by type: {'onsite0': array([6.21247637, 6.33766234, 6.24966026, 6.68615385, 6.63644877,
       5.48261368, 6.4021184 , 5.98720682, 5.93857678, 6.05051089,
       5.45661117, 5.46070409, 5.83298775, 5.95210946, 5.5686423 ,
       5.85283381, 5.91556829, 2.89070632, 6.17894543, 5.95788696,
       6.30498534, 5.61227545, 5.24143098, 6.77248677, 5.72228528,
       5.99740019, 6.35567867, 6.23393502, 6.73226545, 6.2276547 ,
       6.17748751, 5.99070459, 6.29277424, 5.9721034 , 6.25143918,
       3.30431668]), 'horiz0': array([-2.73307692, -2.62529833, -2.98683652, -1.98635236, -3.28651573,
       -3.02199097, -2.81206933, -2.62558376, -2.00298033,  0.4419743 ,
        0.82857143, -0.77557371,  0.85942991, -0.6180966 ,  0.5082032 ,
        0.52080344, -2.97588286, -2.28985507, -2.75245194, -2.36096787,
       -2.65854649, -1.74407881, -3.24624755, -2.91226193, -2.69410799,
       -2.59649872, -1.9564311 ,  0.38806829,  0.79266348, -0.65895351,
        0.84071146, -0.64701163,  0.43106457,  0.48137985, -2.91203053,
       -2.66086422]), 'horiz1': array([-2.45456211, -2.4874335 , -2.0963785 , -2.15007457, -0.46584568,
       -0.4510285 , -0.42010164, -0.10717685, -0.4908548 , -2.12650711,
       -2.11848884, -0.43200895, -1.28144055, -0.07661444, -0.465959  ,
       -0.10299129, -2.27735706, -1.91236162, -2.50378651, -2.50027783,
       -2.12289469, -2.14438202, -0.48839842, -0.4879692 , -0.44353144,
       -0.12240229, -0.50102938, -2.15102114, -2.17395366, -0.5166326 ,
       -1.25287783, -0.1123866 , -0.49003385, -0.13793103, -2.30401599,
       -1.90663302])}
Using saved exact energies
Data collected can be found at experiments/8x1_single_zz_x_U_8_nocc_5_d_1-0916-234101/8x1
