{'theta': True, 'zeta': True, 'chi': False, 'gamma': True, 'phi': True, 'time': None}
{'theta': False, 'zeta': False, 'chi': False, 'gamma': False, 'phi': False, 'time': None}
                  (3, 2)
                  │
                  │
         (4, 1)───(4, 2)───(4, 3)
         │        │        │
         │        │        │
(5, 0)───(5, 1)───(5, 2)───(5, 3)───(5, 4)
         │        │        │        │
         │        │        │        │
         (6, 1)───(6, 2)───(6, 3)───(6, 4)───(6, 5)
                  │        │        │        │
                  │        │        │        │
                  (7, 2)───(7, 3)───(7, 4)───(7, 5)───(7, 6)
                           │        │        │
                           │        │        │
                           (8, 3)───(8, 4)───(8, 5)
                                    │
                                    │
                                    (9, 4)
Start at: (3, 2), with dr
Using qubits [cirq.GridQubit(3, 2), cirq.GridQubit(4, 2), cirq.GridQubit(4, 3), cirq.GridQubit(5, 3), cirq.GridQubit(5, 4), cirq.GridQubit(6, 4), cirq.GridQubit(6, 5), cirq.GridQubit(7, 5), cirq.GridQubit(4, 1), cirq.GridQubit(5, 1), cirq.GridQubit(5, 2), cirq.GridQubit(6, 2), cirq.GridQubit(6, 3), cirq.GridQubit(7, 3), cirq.GridQubit(7, 4), cirq.GridQubit(8, 4)]
Using qubits, JW:[cirq.GridQubit(3, 2), cirq.GridQubit(4, 2), cirq.GridQubit(4, 3), cirq.GridQubit(5, 3), cirq.GridQubit(5, 4), cirq.GridQubit(6, 4), cirq.GridQubit(6, 5), cirq.GridQubit(7, 5), cirq.GridQubit(4, 1), cirq.GridQubit(5, 1), cirq.GridQubit(5, 2), cirq.GridQubit(6, 2), cirq.GridQubit(6, 3), cirq.GridQubit(7, 3), cirq.GridQubit(7, 4), cirq.GridQubit(8, 4)]
                  [31m(3, 2)[0m
                  │
                  │
         [35m(4, 1)[0m───[31m(4, 2)[0m───[31m(4, 3)[0m
         │        │        │
         │        │        │
(5, 0)───[35m(5, 1)[0m───[35m(5, 2)[0m───[31m(5, 3)[0m───[31m(5, 4)[0m
         │        │        │        │
         │        │        │        │
         (6, 1)───[35m(6, 2)[0m───[35m(6, 3)[0m───[31m(6, 4)[0m───[31m(6, 5)[0m
                  │        │        │        │
                  │        │        │        │
                  (7, 2)───[35m(7, 3)[0m───[35m(7, 4)[0m───[31m(7, 5)[0m───(7, 6)
                           │        │        │
                           │        │        │
                           (8, 3)───[35m(8, 4)[0m───(8, 5)
                                    │
                                    │
                                    (9, 4)
None
Meas types ['onsite0', 'horiz0', 'horiz1']
Prepped onsite, pairs=[(0, 8), (1, 9), (2, 10), (3, 11), (4, 12), (5, 13), (6, 14), (7, 15)]
Prepped horiz, pairs=[(0, 1), (2, 3), (4, 5), (6, 7), (8, 9), (10, 11), (12, 13), (14, 15)]
Prepped horiz, pairs=[(1, 2), (3, 4), (5, 6), (9, 10), (11, 12), (13, 14)]
Set recompilation to False
Got pairs set [(10, 11), (5, 6), (3, 11), (5, 13), (8, 9), (4, 12), (6, 14), (1, 2), (6, 7), (7, 15), (12, 13), (4, 5), (2, 10), (9, 10), (2, 3), (1, 9), (14, 15), (0, 8), (11, 12), (0, 1), (13, 14), (3, 4)]
---Starting to do calibration: delta 3.2189865829999995
---Starting to set up measurements: delta 0.7204333479999985
---Starting to run VQE: delta 1.2797486520000003
No optimisation, save file is experiments/8x1_single_zz_x_U_4_nocc_3_d_1-0913-224152/8x1/processed/processed.json
Given params: [[[[[0.566, 0.583, 0.474]]], [[[-0.566, -0.583, -0.474]]], [[[0, 0.583, 0.474]]], [[[0, -0.583, -0.474]]]]]
---Preparing executables
---Running executables, 12 in batch, delta=5.5893553570000005
---Extracting values delta=2.7740932720000018
---Extracted values delta=73.900192652
===-2.8804058134787107 -2.912416280228239 -2.622367611226232 -2.421914791951459 1631569400.043607
Computed energies [-2.896411046853475], params [[[[0.566, 0.583, 0.474]]], [[[-0.566, -0.583, -0.474]]], [[[0, 0.583, 0.474]]], [[[0, -0.583, -0.474]]]]
***-2.896411046853475 1631569400.047573
---VQE complete: delta 82.272102612
---Starting TFLO
Using saved points
Using params [[[0, 0, 0]], [[0, 0, 0.785398]], [[0, 1.5708, 0.785398]], [[0, 1.5708, 1.5708]], [[0, 2.35619, 0.785398]], [[0, 0, 2.35619]], [[0, 5.49779, 1.5708]], [[0, 3.92699, 0.785398]], [[0, 0, 4.71239]], [[0, 0.785398, 3.92699]], [[0, 2.35619, 2.35619]], [[0, 1.5708, 5.49779]], [[0, 3.92699, 5.49779]], [[0, 2.35619, 3.14159]], [[0, 2.35619, 4.71239]], [[0, 3.92699, 3.92699]], [[0, 0.583, 0.474]], [[0.566, 0.583, 0.474]], [[0, 0, 0]], [[0, 0, -0.785398]], [[0, -1.5708, -0.785398]], [[0, -1.5708, -1.5708]], [[0, -2.35619, -0.785398]], [[0, 0, -2.35619]], [[0, -5.49779, -1.5708]], [[0, -3.92699, -0.785398]], [[0, 0, -4.71239]], [[0, -0.785398, -3.92699]], [[0, -2.35619, -2.35619]], [[0, -1.5708, -5.49779]], [[0, -3.92699, -5.49779]], [[0, -2.35619, -3.14159]], [[0, -2.35619, -4.71239]], [[0, -3.92699, -3.92699]], [[0, -0.583, -0.474]], [[-0.566, -0.583, -0.474]]]
---Preparing executables
---Running executables, 108 in batch, delta=58.73724734999999
---Extracting values delta=13.334424710999997
---Extracted values delta=159.64233861399998
---Time for noisy calculation: 231.732933797
***TFLON: -2.445045475288593,-2.4577878010407868,-2.3340630070419577,-2.378384844029398,-1.7809533597085345,-1.90003192240783,-1.3697482630017115,-1.3182127420495435,-1.3432619204212823,-1.3466059704055504,-0.9927375962079984,-0.4189887505543832,-0.3364858784362702,-0.24140164939588216,0.15480299214452387,0.23666601906635887,-2.667557352427531,-2.9110996190485934,-2.4624272976919928,-2.447313835659462,-2.4381027545478298,-2.1904980450741647,-1.9189269811965608,-1.777617094060191,-1.5499012221560498,-0.9889781383847771,-0.905395619294719,-0.7955878128776483,-0.9217531100452789,-0.2431365584798515,-0.12500903709197775,-0.2526680739645616,-0.009251508212156034,0.2623804537173783,-2.4149420108429793,-2.8192202568586775 1631569635.692158
Noisy energies by type: {'onsite0': array([1.13251605, 1.08074074, 1.24776352, 1.09231066, 1.30274867,
       1.14742248, 1.07590759, 1.00443012, 1.04120983, 1.0628131 ,
       1.15645449, 1.0808768 , 0.93697979, 1.24502297, 1.16764096,
       1.03757669, 1.0614937 , 0.55876831, 1.1505896 , 1.0674966 ,
       1.00059137, 1.01339457, 0.96986629, 1.07216495, 0.96503497,
       1.19251232, 1.10098709, 1.18551532, 0.99354081, 1.1037376 ,
       1.26039049, 1.03178007, 0.95098981, 1.20346487, 1.16013959,
       0.71029412]), 'horiz0': array([-1.65218274, -1.59617406, -2.19169113, -2.10102157, -2.13246874,
       -1.11076016, -0.77474747, -1.46124493, -0.43354565, -0.61988304,
       -1.2321267 , -0.14474773, -0.40686171, -0.56735632, -0.05543056,
        0.04985337, -1.86519493, -1.71492063, -1.68940317, -1.59308943,
       -2.15234626, -1.99803279, -2.06055935, -0.96238938, -0.73368033,
       -1.31639194, -0.11022887, -0.32801459, -1.0905477 , -0.08196721,
       -0.458012  , -0.43843911, -0.11367232, -0.03253609, -1.80167715,
       -1.82998987]), 'horiz1': array([-1.92537879, -1.94235448, -1.3901354 , -1.36967393, -0.95123329,
       -1.93669425, -1.67090838, -0.86139793, -1.9509261 , -1.78953603,
       -0.91706539, -1.35511782, -0.86660395, -0.9190683 , -0.95740741,
       -0.85076404, -1.86385612, -1.75494729, -1.92361373, -1.921721  ,
       -1.28634786, -1.20585982, -0.82823393, -1.88739266, -1.78125586,
       -0.86509851, -1.89615385, -1.65308854, -0.82474622, -1.26490695,
       -0.92738753, -0.84600904, -0.84656901, -0.90854832, -1.77340445,
       -1.69952451])}
Using saved exact energies
Data collected can be found at experiments/8x1_single_zz_x_U_4_nocc_3_d_1-0913-224152/8x1
