{'theta': True, 'zeta': True, 'chi': False, 'gamma': True, 'phi': True, 'time': None}
{'theta': False, 'zeta': False, 'chi': False, 'gamma': False, 'phi': False, 'time': None}
                  (3, 2)
                  │
                  │
         (4, 1)───(4, 2)───(4, 3)
         │        │        │
         │        │        │
(5, 0)───(5, 1)───(5, 2)───(5, 3)───(5, 4)
         │        │        │        │
         │        │        │        │
         (6, 1)───(6, 2)───(6, 3)───(6, 4)───(6, 5)
                  │        │        │        │
                  │        │        │        │
                  (7, 2)───(7, 3)───(7, 4)───(7, 5)───(7, 6)
                           │        │        │
                           │        │        │
                           (8, 3)───(8, 4)───(8, 5)
                                    │
                                    │
                                    (9, 4)
Start at: (3, 2), with dr
Using qubits [cirq.GridQubit(3, 2), cirq.GridQubit(4, 2), cirq.GridQubit(4, 3), cirq.GridQubit(5, 3), cirq.GridQubit(5, 4), cirq.GridQubit(6, 4), cirq.GridQubit(6, 5), cirq.GridQubit(7, 5), cirq.GridQubit(4, 1), cirq.GridQubit(5, 1), cirq.GridQubit(5, 2), cirq.GridQubit(6, 2), cirq.GridQubit(6, 3), cirq.GridQubit(7, 3), cirq.GridQubit(7, 4), cirq.GridQubit(8, 4)]
Using qubits, JW:[cirq.GridQubit(3, 2), cirq.GridQubit(4, 2), cirq.GridQubit(4, 3), cirq.GridQubit(5, 3), cirq.GridQubit(5, 4), cirq.GridQubit(6, 4), cirq.GridQubit(6, 5), cirq.GridQubit(7, 5), cirq.GridQubit(4, 1), cirq.GridQubit(5, 1), cirq.GridQubit(5, 2), cirq.GridQubit(6, 2), cirq.GridQubit(6, 3), cirq.GridQubit(7, 3), cirq.GridQubit(7, 4), cirq.GridQubit(8, 4)]
                  [31m(3, 2)[0m
                  │
                  │
         [35m(4, 1)[0m───[31m(4, 2)[0m───[31m(4, 3)[0m
         │        │        │
         │        │        │
(5, 0)───[35m(5, 1)[0m───[35m(5, 2)[0m───[31m(5, 3)[0m───[31m(5, 4)[0m
         │        │        │        │
         │        │        │        │
         (6, 1)───[35m(6, 2)[0m───[35m(6, 3)[0m───[31m(6, 4)[0m───[31m(6, 5)[0m
                  │        │        │        │
                  │        │        │        │
                  (7, 2)───[35m(7, 3)[0m───[35m(7, 4)[0m───[31m(7, 5)[0m───(7, 6)
                           │        │        │
                           │        │        │
                           (8, 3)───[35m(8, 4)[0m───(8, 5)
                                    │
                                    │
                                    (9, 4)
None
Meas types ['onsite0', 'horiz0', 'horiz1']
Prepped onsite, pairs=[(0, 8), (1, 9), (2, 10), (3, 11), (4, 12), (5, 13), (6, 14), (7, 15)]
Prepped horiz, pairs=[(0, 1), (2, 3), (4, 5), (6, 7), (8, 9), (10, 11), (12, 13), (14, 15)]
Prepped horiz, pairs=[(1, 2), (3, 4), (5, 6), (9, 10), (11, 12), (13, 14)]
Set recompilation to False
Got pairs set [(10, 11), (5, 6), (3, 11), (5, 13), (8, 9), (4, 12), (6, 14), (1, 2), (6, 7), (7, 15), (12, 13), (4, 5), (2, 10), (9, 10), (2, 3), (1, 9), (14, 15), (0, 8), (11, 12), (0, 1), (13, 14), (3, 4)]
---Starting to do calibration: delta 3.6918824180000005
---Starting to set up measurements: delta 0.8295445920000013
---Starting to run VQE: delta 1.2454132100000006
No optimisation, save file is experiments/8x1_single_zz_x_U_8_nocc_11_d_1-0915-002217/8x1/processed/processed.json
Given params: [[[[[0.882, 0.58, 0.581]]], [[[-0.882, -0.58, -0.581]]], [[[0, 0.58, 0.581]]], [[[0, -0.58, -0.581]]]]]
---Preparing executables
---Running executables, 12 in batch, delta=5.0838379190000005
---Extracting values delta=7.290601361
---Extracted values delta=50.832701157
===23.233290659651953 22.791218239386687 24.71227092031107 25.29630619973721 1631661806.510645
Computed energies [23.012254449519318], params [[[[0.882, 0.58, 0.581]]], [[[-0.882, -0.58, -0.581]]], [[[0, 0.58, 0.581]]], [[[0, -0.58, -0.581]]]]
***23.012254449519318 1631661806.512931
---VQE complete: delta 63.212518628000005
---Starting TFLO
Using saved points
Using params [[[0, 0, 0]], [[0, 0, 0.785398]], [[0, 0.785398, 1.5708]], [[0, 5.49779, 0.785398]], [[0, 2.35619, 0.785398]], [[0, 3.92699, 0]], [[0, 2.35619, 1.5708]], [[0, 3.14159, 0.785398]], [[0, 3.92699, 0.785398]], [[0, 5.49779, 5.49779]], [[0, 0.785398, 5.49779]], [[0, 3.92699, 1.5708]], [[0, 1.5708, 5.49779]], [[0, 3.14159, 2.35619]], [[0, 3.92699, 4.71239]], [[0, 3.14159, 5.49779]], [[0, 0.58, 0.581]], [[0.882, 0.58, 0.581]], [[0, 0, 0]], [[0, 0, -0.785398]], [[0, -0.785398, -1.5708]], [[0, -5.49779, -0.785398]], [[0, -2.35619, -0.785398]], [[0, -3.92699, 0]], [[0, -2.35619, -1.5708]], [[0, -3.14159, -0.785398]], [[0, -3.92699, -0.785398]], [[0, -5.49779, -5.49779]], [[0, -0.785398, -5.49779]], [[0, -3.92699, -1.5708]], [[0, -1.5708, -5.49779]], [[0, -3.14159, -2.35619]], [[0, -3.92699, -4.71239]], [[0, -3.14159, -5.49779]], [[0, -0.58, -0.581]], [[-0.882, -0.58, -0.581]]]
---Preparing executables
---Running executables, 108 in batch, delta=45.718837432
---Extracting values delta=6.731362113999992
---Extracted values delta=110.702402681
---Time for noisy calculation: 163.170711481
***TFLON: 24.784126361108072,25.339696248661582,25.19679305326707,26.659337587122085,26.796192620313647,25.720928074279712,26.978588415072263,27.205852170268304,26.915031695397968,28.808681717896402,27.905787448495357,28.147493674811646,28.853509153040136,29.21853818722069,29.486222872704598,30.208808908674836,24.63593562468985,23.024059699481672,24.891037054619844,25.483024185085338,26.01612787338988,25.603816446216587,25.403907285046458,27.27665105908809,26.364799268363093,27.27148228381913,27.59912743938574,27.771372983093105,29.289244687373117,29.169019267686664,29.695473761026847,29.13017171990732,29.696358998891697,30.038956186743935,25.2648793458645,22.740483418810797 1631661971.729889
Noisy energies by type: {'onsite0': array([30.21507918, 30.52327158, 30.23143351, 31.03913894, 30.7076129 ,
       29.46010187, 30.36877658, 30.1505811 , 29.78641757, 30.60700389,
       29.57739902, 29.60323887, 29.77554439, 30.17015905, 29.53141694,
       30.09122119, 29.99518072, 26.88454376, 30.29775281, 30.39848914,
       30.84526341, 29.69138646, 29.32621359, 30.77203939, 29.59864767,
       30.16241737, 30.18687873, 30.11266249, 31.10530002, 30.44575937,
       30.47349823, 29.93149382, 30.19683149, 30.06476938, 30.71819039,
       27.52394235]), 'horiz0': array([-2.93676815, -2.72272839, -2.90982918, -2.22432432, -3.35135135,
       -3.30235917, -2.8526603 , -2.791678  , -2.3705036 ,  0.33149628,
        0.5078125 , -0.98728814,  0.4893401 , -0.75765646,  0.43069176,
        0.2757158 , -3.04774973, -2.16002099, -2.85014939, -2.46174142,
       -2.66326784, -1.87996104, -3.43997991, -2.95633188, -2.70544618,
       -2.73458991, -2.08379013, -0.18816068,  0.35017658, -0.72348285,
        0.54128944, -0.62509763,  0.02577873,  0.14270752, -3.13527981,
       -2.98355502]), 'horiz1': array([-2.49418467, -2.46084694, -2.12481127, -2.15547703, -0.56006893,
       -0.43681462, -0.53752787, -0.15305093, -0.50088228, -2.12981845,
       -2.17942407, -0.46845706, -1.41137534, -0.19396441, -0.47588583,
       -0.15812808, -2.31149537, -1.70046308, -2.55656636, -2.45372353,
       -2.16586769, -2.20760897, -0.4823264 , -0.53905646, -0.52840222,
       -0.15634518, -0.50396116, -2.15312883, -2.16623192, -0.55325725,
       -1.31931391, -0.17622446, -0.52625123, -0.16852071, -2.31803124,
       -1.79990392])}
Using saved exact energies
Data collected can be found at experiments/8x1_single_zz_x_U_8_nocc_11_d_1-0915-002217/8x1
