{'theta': True, 'zeta': True, 'chi': False, 'gamma': True, 'phi': True, 'time': None}
{'theta': False, 'zeta': False, 'chi': False, 'gamma': False, 'phi': False, 'time': None}
                  (3, 2)
                  │
                  │
         (4, 1)───(4, 2)───(4, 3)
         │        │        │
         │        │        │
(5, 0)───(5, 1)───(5, 2)───(5, 3)───(5, 4)
         │        │        │        │
         │        │        │        │
         (6, 1)───(6, 2)───(6, 3)───(6, 4)───(6, 5)
                  │        │        │        │
                  │        │        │        │
                  (7, 2)───(7, 3)───(7, 4)───(7, 5)───(7, 6)
                           │        │        │
                           │        │        │
                           (8, 3)───(8, 4)───(8, 5)
                                    │
                                    │
                                    (9, 4)
Start at: (3, 2), with dr
Using qubits [cirq.GridQubit(3, 2), cirq.GridQubit(4, 2), cirq.GridQubit(4, 3), cirq.GridQubit(5, 3), cirq.GridQubit(5, 4), cirq.GridQubit(6, 4), cirq.GridQubit(6, 5), cirq.GridQubit(7, 5), cirq.GridQubit(4, 1), cirq.GridQubit(5, 1), cirq.GridQubit(5, 2), cirq.GridQubit(6, 2), cirq.GridQubit(6, 3), cirq.GridQubit(7, 3), cirq.GridQubit(7, 4), cirq.GridQubit(8, 4)]
Using qubits, JW:[cirq.GridQubit(3, 2), cirq.GridQubit(4, 2), cirq.GridQubit(4, 3), cirq.GridQubit(5, 3), cirq.GridQubit(5, 4), cirq.GridQubit(6, 4), cirq.GridQubit(6, 5), cirq.GridQubit(7, 5), cirq.GridQubit(4, 1), cirq.GridQubit(5, 1), cirq.GridQubit(5, 2), cirq.GridQubit(6, 2), cirq.GridQubit(6, 3), cirq.GridQubit(7, 3), cirq.GridQubit(7, 4), cirq.GridQubit(8, 4)]
                  [31m(3, 2)[0m
                  │
                  │
         [35m(4, 1)[0m───[31m(4, 2)[0m───[31m(4, 3)[0m
         │        │        │
         │        │        │
(5, 0)───[35m(5, 1)[0m───[35m(5, 2)[0m───[31m(5, 3)[0m───[31m(5, 4)[0m
         │        │        │        │
         │        │        │        │
         (6, 1)───[35m(6, 2)[0m───[35m(6, 3)[0m───[31m(6, 4)[0m───[31m(6, 5)[0m
                  │        │        │        │
                  │        │        │        │
                  (7, 2)───[35m(7, 3)[0m───[35m(7, 4)[0m───[31m(7, 5)[0m───(7, 6)
                           │        │        │
                           │        │        │
                           (8, 3)───[35m(8, 4)[0m───(8, 5)
                                    │
                                    │
                                    (9, 4)
None
Meas types ['onsite0', 'horiz0', 'horiz1']
Prepped onsite, pairs=[(0, 8), (1, 9), (2, 10), (3, 11), (4, 12), (5, 13), (6, 14), (7, 15)]
Prepped horiz, pairs=[(0, 1), (2, 3), (4, 5), (6, 7), (8, 9), (10, 11), (12, 13), (14, 15)]
Prepped horiz, pairs=[(1, 2), (3, 4), (5, 6), (9, 10), (11, 12), (13, 14)]
Set recompilation to False
Got pairs set [(10, 11), (5, 6), (3, 11), (5, 13), (8, 9), (4, 12), (6, 14), (1, 2), (6, 7), (7, 15), (12, 13), (4, 5), (2, 10), (9, 10), (2, 3), (1, 9), (14, 15), (0, 8), (11, 12), (0, 1), (13, 14), (3, 4)]
---Starting to do calibration: delta 3.4085333869999994
---Starting to set up measurements: delta 0.6569172899999991
---Starting to run VQE: delta 1.2034579379999997
No optimisation, save file is experiments/8x1_single_zz_x_U_8_nocc_7_d_1-0915-010108/8x1/processed/processed.json
Given params: [[[[[1.003, 0.689, 0.493]]], [[[-1.003, -0.689, -0.493]]], [[[0, 0.689, 0.493]]], [[[0, -0.689, -0.493]]]]]
---Preparing executables
---Running executables, 12 in batch, delta=5.311742078
---Extracting values delta=2.185375754999999
---Extracted values delta=70.422519318
===2.595053375313301 2.2953125262715117 5.053123329354323 6.7195236824994025 1631664152.0325902
Computed energies [2.4451829507924066], params [[[[1.003, 0.689, 0.493]]], [[[-1.003, -0.689, -0.493]]], [[[0, 0.689, 0.493]]], [[[0, -0.689, -0.493]]]]
***2.4451829507924066 1631664152.03491
---VQE complete: delta 77.92512113000001
---Starting TFLO
Using saved points
Using params [[[0, 0, 0]], [[0, 0, 0.785398]], [[0, 1.5708, 0.785398]], [[0, 1.5708, 1.5708]], [[0, 5.49779, 0.785398]], [[0, 2.35619, 0.785398]], [[0, 2.35619, 1.5708]], [[0, 5.49779, 1.5708]], [[0, 0.785398, 3.14159]], [[0, 0, 3.14159]], [[0, 5.49779, 2.35619]], [[0, 5.49779, 3.92699]], [[0, 2.35619, 3.14159]], [[0, 4.71239, 2.35619]], [[0, 3.92699, 2.35619]], [[0, 3.92699, 3.92699]], [[0, 0.689, 0.493]], [[1.003, 0.689, 0.493]], [[0, 0, 0]], [[0, 0, -0.785398]], [[0, -1.5708, -0.785398]], [[0, -1.5708, -1.5708]], [[0, -5.49779, -0.785398]], [[0, -2.35619, -0.785398]], [[0, -2.35619, -1.5708]], [[0, -5.49779, -1.5708]], [[0, -0.785398, -3.14159]], [[0, 0, -3.14159]], [[0, -5.49779, -2.35619]], [[0, -5.49779, -3.92699]], [[0, -2.35619, -3.14159]], [[0, -4.71239, -2.35619]], [[0, -3.92699, -2.35619]], [[0, -3.92699, -3.92699]], [[0, -0.689, -0.493]], [[-1.003, -0.689, -0.493]]]
---Preparing executables
---Running executables, 108 in batch, delta=46.37113082200001
---Extracting values delta=7.226956425999987
---Extracted values delta=117.12886445000001
---Time for noisy calculation: 170.745259158
***TFLON: 5.640687909987498,6.207233010364407,6.837143685217207,6.945003958665639,8.30968932694038,8.518081211755499,8.630243366334945,9.942969814944805,8.268916958344281,9.38469377353944,11.372430123827884,12.24769974455264,12.314468475450441,11.9495837512662,11.380516343797922,12.19912846581945,4.900663901814625,2.484821001083194,5.5474044604264945,6.016709861162069,6.239303606222758,6.9756474449121395,6.221482862658316,6.76273885037597,7.7197828044707215,8.356337872786803,10.602819492310156,9.604173840156676,9.573434816669959,9.780267669937318,10.554564703319349,11.818825043205875,13.037296778875653,13.590026850747526,6.8382328555815,2.3723901215985754 1631664324.811022
Noisy energies by type: {'onsite0': array([11.78014338, 12.02659682, 12.51935081, 12.19707277, 12.95996297,
       12.86750917, 12.38379173, 13.03385178, 10.99273407, 11.67395301,
       13.03165818, 12.84661525, 12.84108609, 12.09587217, 11.08880957,
       10.96180054, 11.18385835,  6.21119023, 11.76863866, 11.79162237,
       11.82369383, 11.98595259, 10.8262648 , 11.00323625, 11.19484979,
       11.48547718, 13.16300732, 11.83561644, 11.42388961, 11.04459691,
       11.0960452 , 12.17998318, 12.77917645, 12.57849829, 13.00820217,
        7.07560628]), 'horiz0': array([-3.80654515, -3.46805871, -4.73748245, -4.3330202 , -2.83767831,
       -4.53743377, -3.95853161, -1.37182678, -0.70415537,  0.0344521 ,
        0.0825909 ,  1.13151927, -0.74585886,  0.43880178, -0.15581669,
        0.75788767, -4.13188799, -2.26853303, -3.8695836 , -3.37390748,
       -4.86814594, -4.34342161, -2.68549747, -4.61337145, -3.88310543,
       -1.08794643, -0.72771029,  0.1188447 ,  0.16629314,  0.76459812,
       -0.94343066,  0.58072736,  0.03026135,  0.79126328, -4.23495883,
       -3.36403248]), 'horiz1': array([-2.33291032, -2.35130509, -0.94472467, -0.91904861, -1.81259534,
        0.18800581,  0.20498325, -1.71905519, -2.01966173, -2.32371134,
       -1.74181895, -1.73043478,  0.21924125, -0.5850902 ,  0.44752346,
        0.47944026, -2.15130646, -1.4578362 , -2.3516506 , -2.40100503,
       -0.71624429, -0.66688354, -1.91928447,  0.37287406,  0.40803844,
       -2.04119288, -1.83247754, -2.3502873 , -2.01674793, -2.02892736,
        0.40195016, -0.94188549,  0.22785899,  0.22026528, -1.93501048,
       -1.33918367])}
Using saved exact energies
Data collected can be found at experiments/8x1_single_zz_x_U_8_nocc_7_d_1-0915-010108/8x1
