{'theta': True, 'zeta': True, 'chi': False, 'gamma': True, 'phi': True, 'time': None}
{'theta': False, 'zeta': False, 'chi': False, 'gamma': False, 'phi': False, 'time': None}
                  (3, 2)
                  │
                  │
         (4, 1)───(4, 2)───(4, 3)
         │        │        │
         │        │        │
(5, 0)───(5, 1)───(5, 2)───(5, 3)───(5, 4)
         │        │        │        │
         │        │        │        │
         (6, 1)───(6, 2)───(6, 3)───(6, 4)───(6, 5)
                  │        │        │        │
                  │        │        │        │
                  (7, 2)───(7, 3)───(7, 4)───(7, 5)───(7, 6)
                           │        │        │
                           │        │        │
                           (8, 3)───(8, 4)───(8, 5)
                                    │
                                    │
                                    (9, 4)
Start at: (3, 2), with dr
Using qubits [cirq.GridQubit(3, 2), cirq.GridQubit(4, 2), cirq.GridQubit(4, 3), cirq.GridQubit(5, 3), cirq.GridQubit(5, 4), cirq.GridQubit(6, 4), cirq.GridQubit(6, 5), cirq.GridQubit(7, 5), cirq.GridQubit(4, 1), cirq.GridQubit(5, 1), cirq.GridQubit(5, 2), cirq.GridQubit(6, 2), cirq.GridQubit(6, 3), cirq.GridQubit(7, 3), cirq.GridQubit(7, 4), cirq.GridQubit(8, 4)]
Using qubits, JW:[cirq.GridQubit(3, 2), cirq.GridQubit(4, 2), cirq.GridQubit(4, 3), cirq.GridQubit(5, 3), cirq.GridQubit(5, 4), cirq.GridQubit(6, 4), cirq.GridQubit(6, 5), cirq.GridQubit(7, 5), cirq.GridQubit(4, 1), cirq.GridQubit(5, 1), cirq.GridQubit(5, 2), cirq.GridQubit(6, 2), cirq.GridQubit(6, 3), cirq.GridQubit(7, 3), cirq.GridQubit(7, 4), cirq.GridQubit(8, 4)]
                  [31m(3, 2)[0m
                  │
                  │
         [35m(4, 1)[0m───[31m(4, 2)[0m───[31m(4, 3)[0m
         │        │        │
         │        │        │
(5, 0)───[35m(5, 1)[0m───[35m(5, 2)[0m───[31m(5, 3)[0m───[31m(5, 4)[0m
         │        │        │        │
         │        │        │        │
         (6, 1)───[35m(6, 2)[0m───[35m(6, 3)[0m───[31m(6, 4)[0m───[31m(6, 5)[0m
                  │        │        │        │
                  │        │        │        │
                  (7, 2)───[35m(7, 3)[0m───[35m(7, 4)[0m───[31m(7, 5)[0m───(7, 6)
                           │        │        │
                           │        │        │
                           (8, 3)───[35m(8, 4)[0m───(8, 5)
                                    │
                                    │
                                    (9, 4)
None
Meas types ['onsite0', 'horiz0', 'horiz1']
Prepped onsite, pairs=[(0, 8), (1, 9), (2, 10), (3, 11), (4, 12), (5, 13), (6, 14), (7, 15)]
Prepped horiz, pairs=[(0, 1), (2, 3), (4, 5), (6, 7), (8, 9), (10, 11), (12, 13), (14, 15)]
Prepped horiz, pairs=[(1, 2), (3, 4), (5, 6), (9, 10), (11, 12), (13, 14)]
Set recompilation to False
Got pairs set [(10, 11), (5, 6), (3, 11), (5, 13), (8, 9), (4, 12), (6, 14), (1, 2), (6, 7), (7, 15), (12, 13), (4, 5), (2, 10), (9, 10), (2, 3), (1, 9), (14, 15), (0, 8), (11, 12), (0, 1), (13, 14), (3, 4)]
---Starting to do calibration: delta 3.1147787619999994
---Starting to set up measurements: delta 0.5976105780000012
---Starting to run VQE: delta 1.051911351000001
No optimisation, save file is experiments/8x1_single_zz_x_U_4_nocc_2_d_1-0914-025414/8x1/processed/processed.json
Given params: [[[[[0.7, 0.674, 0.791]]], [[[-0.7, -0.674, -0.791]]], [[[0, 0.674, 0.791]]], [[[0, -0.674, -0.791]]]]]
---Preparing executables
---Running executables, 12 in batch, delta=4.416743253000002
---Extracting values delta=2.9221798690000007
---Extracted values delta=50.632533030999994
===-2.2496707263520426 -2.338062837071389 -2.225401540005273 -2.207538742740235 1631584517.184063
Computed energies [-2.2938667817117158], params [[[[0.7, 0.674, 0.791]]], [[[-0.7, -0.674, -0.791]]], [[[0, 0.674, 0.791]]], [[[0, -0.674, -0.791]]]]
***-2.2938667817117158 1631584517.186257
---VQE complete: delta 57.976683394000005
---Starting TFLO
Using saved points
Using params [[[0, 0, 0]], [[0, 0.785398, 1.5708]], [[0, 1.5708, 0]], [[0, 1.5708, 1.5708]], [[0, 2.35619, 0]], [[0, 5.49779, 1.5708]], [[0, 1.5708, 2.35619]], [[0, 0, 3.92699]], [[0, 0.785398, 4.71239]], [[0, 1.5708, 5.49779]], [[0, 2.35619, 2.35619]], [[0, 1.5708, 3.92699]], [[0, 3.92699, 4.71239]], [[0, 3.14159, 2.35619]], [[0, 3.92699, 2.35619]], [[0, 3.14159, 3.92699]], [[0, 0.674, 0.791]], [[0.7, 0.674, 0.791]], [[0, 0, 0]], [[0, -0.785398, -1.5708]], [[0, -1.5708, 0]], [[0, -1.5708, -1.5708]], [[0, -2.35619, 0]], [[0, -5.49779, -1.5708]], [[0, -1.5708, -2.35619]], [[0, 0, -3.92699]], [[0, -0.785398, -4.71239]], [[0, -1.5708, -5.49779]], [[0, -2.35619, -2.35619]], [[0, -1.5708, -3.92699]], [[0, -3.92699, -4.71239]], [[0, -3.14159, -2.35619]], [[0, -3.92699, -2.35619]], [[0, -3.14159, -3.92699]], [[0, -0.674, -0.791]], [[-0.7, -0.674, -0.791]]]
---Preparing executables
---Running executables, 108 in batch, delta=40.142722713
---Extracting values delta=11.322201617999994
---Extracted values delta=96.794812507
---Time for noisy calculation: 148.27585508599998
***TFLON: -2.21873774859194,-2.083940213158644,-2.1615380839192997,-2.051352739521887,-2.014103393128028,-1.4981357417451187,-1.8094185577643165,-1.544845561625698,-1.581286028488496,-1.6070348374094876,-1.3749283674631525,-1.2525446860374423,-1.1155738108113904,-1.0586154148790887,-1.0205828242007156,-0.892695986455688,-2.1926654731689483,-2.270981770099667,-2.213925236342723,-2.1192661415527345,-1.8786984327028189,-1.8784736225362388,-1.931598324231274,-1.8912245429921826,-1.4694248911215355,-1.4397067451734071,-1.1869587720363044,-0.9772058542148175,-1.2323284359713127,-0.9731984930379138,-1.0902667477890464,-0.9231294417949861,-0.8322939051966564,-0.6768957175354278,-2.2018101455808257,-2.3460358112111592 1631584667.5180612
Noisy energies by type: {'onsite0': array([0.62082362, 0.58584664, 0.6787782 , 0.63074798, 0.71262587,
       0.6257442 , 0.54243827, 0.64578128, 0.57109421, 0.51892714,
       0.5785092 , 0.7224736 , 0.53186724, 0.58714859, 0.45380875,
       0.58270459, 0.6167747 , 0.32447665, 0.647343  , 0.57276083,
       0.65076453, 0.58746636, 0.56112542, 0.56059689, 0.70277833,
       0.58145746, 0.57952756, 0.67171315, 0.5884455 , 0.54297939,
       0.56835574, 0.64035263, 0.74145171, 0.56766992, 0.62473223,
       0.32402674]), 'horiz0': array([-1.44293366, -1.2864276 , -1.54865772, -1.39093684, -1.61797753,
       -0.85489199, -1.11301926, -0.80817747, -0.77310214, -0.81957572,
       -0.90016599, -0.72338624, -0.66463812, -0.6870155 , -0.51152526,
       -0.49855972, -1.40066858, -1.25195762, -1.44945885, -1.42330451,
       -1.45785271, -1.38122045, -1.51743246, -1.04923145, -1.05495516,
       -0.63627775, -0.51310861, -0.53187114, -0.83795209, -0.44825191,
       -0.57231177, -0.58412698, -0.49360556, -0.28148812, -1.54106689,
       -1.44425011]), 'horiz1': array([-1.39662771, -1.38335925, -1.29165857, -1.29116388, -1.10875174,
       -1.26898795, -1.23883757, -1.38244937, -1.3792781 , -1.30638626,
       -1.05327157, -1.25163205, -0.98280293, -0.95874851, -0.96286632,
       -0.97684086, -1.4087716 , -1.3435008 , -1.41180938, -1.26872247,
       -1.07161025, -1.08471954, -0.97529128, -1.40258998, -1.11724806,
       -1.38488645, -1.25337772, -1.11704786, -0.98282185, -1.06792597,
       -1.08631072, -0.97935509, -1.08014005, -0.96307752, -1.28547548,
       -1.22581244])}
Using saved exact energies
Data collected can be found at experiments/8x1_single_zz_x_U_4_nocc_2_d_1-0914-025414/8x1
