{'theta': True, 'zeta': True, 'chi': False, 'gamma': True, 'phi': True, 'time': None}
{'theta': False, 'zeta': False, 'chi': False, 'gamma': False, 'phi': False, 'time': None}
                  (3, 2)
                  │
                  │
         (4, 1)───(4, 2)───(4, 3)
         │        │        │
         │        │        │
(5, 0)───(5, 1)───(5, 2)───(5, 3)───(5, 4)
         │        │        │        │
         │        │        │        │
         (6, 1)───(6, 2)───(6, 3)───(6, 4)───(6, 5)
                  │        │        │        │
                  │        │        │        │
                  (7, 2)───(7, 3)───(7, 4)───(7, 5)───(7, 6)
                           │        │        │
                           │        │        │
                           (8, 3)───(8, 4)───(8, 5)
                                    │
                                    │
                                    (9, 4)
Start at: (3, 2), with dr
Using qubits [cirq.GridQubit(3, 2), cirq.GridQubit(4, 2), cirq.GridQubit(4, 3), cirq.GridQubit(5, 3), cirq.GridQubit(5, 4), cirq.GridQubit(6, 4), cirq.GridQubit(6, 5), cirq.GridQubit(7, 5), cirq.GridQubit(4, 1), cirq.GridQubit(5, 1), cirq.GridQubit(5, 2), cirq.GridQubit(6, 2), cirq.GridQubit(6, 3), cirq.GridQubit(7, 3), cirq.GridQubit(7, 4), cirq.GridQubit(8, 4)]
Using qubits, JW:[cirq.GridQubit(3, 2), cirq.GridQubit(4, 2), cirq.GridQubit(4, 3), cirq.GridQubit(5, 3), cirq.GridQubit(5, 4), cirq.GridQubit(6, 4), cirq.GridQubit(6, 5), cirq.GridQubit(7, 5), cirq.GridQubit(4, 1), cirq.GridQubit(5, 1), cirq.GridQubit(5, 2), cirq.GridQubit(6, 2), cirq.GridQubit(6, 3), cirq.GridQubit(7, 3), cirq.GridQubit(7, 4), cirq.GridQubit(8, 4)]
                  [31m(3, 2)[0m
                  │
                  │
         [35m(4, 1)[0m───[31m(4, 2)[0m───[31m(4, 3)[0m
         │        │        │
         │        │        │
(5, 0)───[35m(5, 1)[0m───[35m(5, 2)[0m───[31m(5, 3)[0m───[31m(5, 4)[0m
         │        │        │        │
         │        │        │        │
         (6, 1)───[35m(6, 2)[0m───[35m(6, 3)[0m───[31m(6, 4)[0m───[31m(6, 5)[0m
                  │        │        │        │
                  │        │        │        │
                  (7, 2)───[35m(7, 3)[0m───[35m(7, 4)[0m───[31m(7, 5)[0m───(7, 6)
                           │        │        │
                           │        │        │
                           (8, 3)───[35m(8, 4)[0m───(8, 5)
                                    │
                                    │
                                    (9, 4)
None
Meas types ['onsite0', 'horiz0', 'vert02', 'vert12']
Prepped onsite, pairs=[(0, 8), (1, 9), (2, 10), (3, 11), (4, 12), (5, 13), (6, 14), (7, 15)]
Prepped horiz, pairs=[(0, 1), (2, 3), (4, 5), (6, 7), (8, 9), (10, 11), (12, 13), (14, 15)]
Prepped vert0, pairs=[(1, 2), (3, 4), (5, 6), (9, 10), (11, 12), (13, 14)]
Prepped vert1, pairs=[(1, 2), (3, 4), (5, 6), (9, 10), (11, 12), (13, 14)]
Set recompilation to False
Got pairs set [(10, 11), (5, 6), (3, 11), (5, 13), (8, 9), (4, 12), (6, 14), (1, 2), (6, 7), (7, 15), (12, 13), (4, 5), (2, 10), (9, 10), (2, 3), (1, 9), (14, 15), (0, 8), (11, 12), (0, 1), (13, 14), (3, 4)]
---Starting to do calibration: delta 3.340176510000001
---Starting to set up measurements: delta 0.8621834740000001
---Starting to run VQE: delta 2.267690859
No optimisation, save file is experiments/4x2_single_U_4_nocc_6_d_1-0915-231459/2x4/processed/processed.json
Given params: [[[[[0.612, 0.316, 0.686, 0.557]]], [[[-0.612, -0.316, -0.686, -0.557]]], [[[0, 0.316, 0.686, 0.557]]], [[[0, -0.316, -0.686, -0.557]]]]]
---Preparing executables
---Running executables, 16 in batch, delta=8.966915932000001
---Extracting values delta=4.1099121249999975
---Extracted values delta=73.69270311999999
===-1.476403791491266 -2.1373482590652038 -0.793210135420424 -1.2956655220789175 1631744193.063401
Computed energies [-1.806876025278235], params [[[[0.612, 0.316, 0.686, 0.557]]], [[[-0.612, -0.316, -0.686, -0.557]]], [[[0, 0.316, 0.686, 0.557]]], [[[0, -0.316, -0.686, -0.557]]]]
***-1.806876025278235 1631744193.065074
---VQE complete: delta 86.776711325
---Starting TFLO
Using saved points
Using params [[[0, 0, 0, 0]], [[0, 5.49779, 4.71239, 0]], [[0, 1.5708, 2.35619, 0.785398]], [[0, 4.71239, 3.14159, 0.785398]], [[0, 0.785398, 0.785398, 3.14159]], [[0, 0, 0, 3.14159]], [[0, 2.35619, 0.785398, 3.92699]], [[0, 4.71239, 2.35619, 3.14159]], [[0, 0, 3.92699, 2.35619]], [[0, 0, 0, 4.71239]], [[0, 0, 0.785398, 5.49779]], [[0, 3.92699, 3.92699, 3.14159]], [[0, 2.35619, 4.71239, 3.92699]], [[0, 5.49779, 3.92699, 3.92699]], [[0, 3.14159, 4.71239, 5.49779]], [[0, 4.71239, 3.92699, 4.71239]], [[0, 0.316, 0.686, 0.557]], [[0.612, 0.316, 0.686, 0.557]], [[0, 0, 0, 0]], [[0, -5.49779, -4.71239, 0]], [[0, -1.5708, -2.35619, -0.785398]], [[0, -4.71239, -3.14159, -0.785398]], [[0, -0.785398, -0.785398, -3.14159]], [[0, 0, 0, -3.14159]], [[0, -2.35619, -0.785398, -3.92699]], [[0, -4.71239, -2.35619, -3.14159]], [[0, 0, -3.92699, -2.35619]], [[0, 0, 0, -4.71239]], [[0, 0, -0.785398, -5.49779]], [[0, -3.92699, -3.92699, -3.14159]], [[0, -2.35619, -4.71239, -3.92699]], [[0, -5.49779, -3.92699, -3.92699]], [[0, -3.14159, -4.71239, -5.49779]], [[0, -4.71239, -3.92699, -4.71239]], [[0, -0.316, -0.686, -0.557]], [[-0.612, -0.316, -0.686, -0.557]]]
---Preparing executables
---Running executables, 144 in batch, delta=78.178763022
---Extracting values delta=8.907566376999995
---Extracted values delta=155.933871607
---Time for noisy calculation: 243.05090731800001
***TFLON: -1.0791380071700318,-0.38889273882367137,-0.7702278732346832,-0.024367643217634738,1.0101266976827172,1.762941997889513,2.992475843283378,2.047126935738711,3.429663600246639,3.967646662852351,4.70882376746718,4.719132217785864,5.730117559917626,7.209890989639641,7.273097832630607,8.292545660435277,-0.8789391391594359,-1.4982483639069037,-1.1521517005784694,-0.78682034845336,0.3900752013564879,-0.020959323716170042,1.9417015068993486,2.132619579577121,3.4168590599379214,3.294456131706891,3.9749552568917563,4.524689121218297,5.581076474494804,5.309713380827225,5.856551314818393,7.048900220121769,7.608766293178897,8.366026882460044,-1.2235829937150817,-2.189980067624005 1631744438.986202
Noisy energies by type: {'onsite0': array([4.51212585, 4.60769231, 4.31243026, 4.7111882 , 4.68741663,
       4.51295564, 4.74934498, 4.43767432, 4.75774589, 4.63496257,
       4.64560756, 4.69505079, 4.79046836, 5.06032585, 4.72910119,
       4.87713161, 4.87723165, 3.48932384, 4.53484815, 4.73710074,
       4.86787674, 4.47812435, 4.67922894, 4.5697022 , 4.58644657,
       4.90400668, 4.63833404, 4.77314711, 4.697593  , 4.56397306,
       4.62046205, 4.37410072, 4.76523995, 4.5       , 4.61450549,
       3.2301469 ]), 'horiz0': array([-1.32480359, -1.32121784, -1.26927755, -1.47424347, -1.22316384,
       -1.33635539, -0.92565056, -0.66603729, -0.60222879, -1.39493498,
       -1.11353919, -0.57405281, -0.73149624,  0.22812997, -0.3183315 ,
        0.53916211, -1.39577772, -1.16682975, -1.41513488, -1.45793164,
       -1.04603879, -1.37082134, -0.82404624, -1.34898279, -0.690791  ,
       -0.44513966, -0.76241372, -1.36250283, -0.80974529, -0.15533543,
       -0.66893888,  0.22444634, -0.02417051,  0.81689528, -1.41721854,
       -1.33543591]), 'vert02': array([-2.60880885, -1.82308879, -1.89679948, -1.44752093, -0.93025798,
       -1.0171637 ,  0.18532819, -0.39045785, -0.9446955 ,  0.3696767 ,
        0.90420354, -0.0280154 ,  0.26618106,  0.46600688,  1.16536537,
        1.14325069, -2.54427839, -2.2049162 , -2.58349835, -2.33701082,
       -1.31320104, -1.78664461, -0.19023136, -0.4634766 ,  0.18274543,
       -0.11148295, -0.67685126,  0.72948328,  1.35367483, -0.09260437,
        0.41290604,  0.76713477,  1.13907144,  1.21038477, -2.19402339,
       -2.01907184]), 'vert12': array([-1.65765141, -1.85227842, -1.91658111, -1.81379145, -1.52386811,
       -0.39649455, -1.01654676, -1.33405224,  0.218842  ,  0.35794237,
        0.27255186,  0.62614964,  1.40496438,  1.45542829,  1.69696278,
        1.73300125, -1.81611468, -1.61582626, -1.68836663, -1.72897862,
       -2.11856171, -1.34161771, -1.72324982, -0.62462323, -0.66154194,
       -1.05292793,  0.77588619,  0.38456157,  0.33955394,  0.99368012,
        1.49212211,  1.68321839,  1.72862541,  1.83874683, -2.22684656,
       -2.06561922])}
Using saved exact energies
Data collected can be found at experiments/4x2_single_U_4_nocc_6_d_1-0915-231459/2x4
