{'theta': True, 'zeta': True, 'chi': False, 'gamma': True, 'phi': True, 'time': None}
{'theta': False, 'zeta': False, 'chi': False, 'gamma': False, 'phi': False, 'time': None}
                  (3, 2)
                  │
                  │
         (4, 1)───(4, 2)───(4, 3)
         │        │        │
         │        │        │
(5, 0)───(5, 1)───(5, 2)───(5, 3)───(5, 4)
         │        │        │        │
         │        │        │        │
         (6, 1)───(6, 2)───(6, 3)───(6, 4)───(6, 5)
                  │        │        │        │
                  │        │        │        │
                  (7, 2)───(7, 3)───(7, 4)───(7, 5)───(7, 6)
                           │        │        │
                           │        │        │
                           (8, 3)───(8, 4)───(8, 5)
                                    │
                                    │
                                    (9, 4)
Start at: (3, 2), with dr
Using qubits [cirq.GridQubit(3, 2), cirq.GridQubit(4, 2), cirq.GridQubit(4, 3), cirq.GridQubit(5, 3), cirq.GridQubit(5, 4), cirq.GridQubit(6, 4), cirq.GridQubit(6, 5), cirq.GridQubit(7, 5), cirq.GridQubit(4, 1), cirq.GridQubit(5, 1), cirq.GridQubit(5, 2), cirq.GridQubit(6, 2), cirq.GridQubit(6, 3), cirq.GridQubit(7, 3), cirq.GridQubit(7, 4), cirq.GridQubit(8, 4)]
Using qubits, JW:[cirq.GridQubit(3, 2), cirq.GridQubit(4, 2), cirq.GridQubit(4, 3), cirq.GridQubit(5, 3), cirq.GridQubit(5, 4), cirq.GridQubit(6, 4), cirq.GridQubit(6, 5), cirq.GridQubit(7, 5), cirq.GridQubit(4, 1), cirq.GridQubit(5, 1), cirq.GridQubit(5, 2), cirq.GridQubit(6, 2), cirq.GridQubit(6, 3), cirq.GridQubit(7, 3), cirq.GridQubit(7, 4), cirq.GridQubit(8, 4)]
                  [31m(3, 2)[0m
                  │
                  │
         [35m(4, 1)[0m───[31m(4, 2)[0m───[31m(4, 3)[0m
         │        │        │
         │        │        │
(5, 0)───[35m(5, 1)[0m───[35m(5, 2)[0m───[31m(5, 3)[0m───[31m(5, 4)[0m
         │        │        │        │
         │        │        │        │
         (6, 1)───[35m(6, 2)[0m───[35m(6, 3)[0m───[31m(6, 4)[0m───[31m(6, 5)[0m
                  │        │        │        │
                  │        │        │        │
                  (7, 2)───[35m(7, 3)[0m───[35m(7, 4)[0m───[31m(7, 5)[0m───(7, 6)
                           │        │        │
                           │        │        │
                           (8, 3)───[35m(8, 4)[0m───(8, 5)
                                    │
                                    │
                                    (9, 4)
None
Meas types ['onsite0', 'horiz0', 'horiz1']
Prepped onsite, pairs=[(0, 8), (1, 9), (2, 10), (3, 11), (4, 12), (5, 13), (6, 14), (7, 15)]
Prepped horiz, pairs=[(0, 1), (2, 3), (4, 5), (6, 7), (8, 9), (10, 11), (12, 13), (14, 15)]
Prepped horiz, pairs=[(1, 2), (3, 4), (5, 6), (9, 10), (11, 12), (13, 14)]
Set recompilation to False
Got pairs set [(10, 11), (5, 6), (3, 11), (5, 13), (8, 9), (4, 12), (6, 14), (1, 2), (6, 7), (7, 15), (12, 13), (4, 5), (2, 10), (9, 10), (2, 3), (1, 9), (14, 15), (0, 8), (11, 12), (0, 1), (13, 14), (3, 4)]
---Starting to do calibration: delta 3.5737556149999996
---Starting to set up measurements: delta 0.6375726910000008
---Starting to run VQE: delta 1.1530114840000003
No optimisation, save file is experiments/8x1_single_zz_x_U_4_nocc_4_d_1-0914-005628/8x1/processed/processed.json
Given params: [[[[[0.58, 0.567, 0.678]]], [[[-0.58, -0.567, -0.678]]], [[[0, 0.567, 0.678]]], [[[0, -0.567, -0.678]]]]]
---Preparing executables
---Running executables, 12 in batch, delta=4.871823688000001
---Extracting values delta=2.6608708089999986
---Extracted values delta=55.784552487000006
===-2.958545683578599 -3.1912298733192914 -2.702481472438956 -2.6552979746827314 1631577457.387098
Computed energies [-3.0748877784489452], params [[[[0.58, 0.567, 0.678]]], [[[-0.58, -0.567, -0.678]]], [[[0, 0.567, 0.678]]], [[[0, -0.567, -0.678]]]]
***-3.0748877784489452 1631577457.389214
---VQE complete: delta 63.322364875
---Starting TFLO
Using saved points
Using params [[[0, 0, 0]], [[0, 0, 0.785398]], [[0, 4.71239, 0]], [[0, 0, 1.5708]], [[0, 2.35619, 0.785398]], [[0, 4.71239, 0.785398]], [[0, 5.49779, 1.5708]], [[0, 3.92699, 0.785398]], [[0, 5.49779, 5.49779]], [[0, 0.785398, 3.92699]], [[0, 5.49779, 3.14159]], [[0, 1.5708, 5.49779]], [[0, 4.71239, 2.35619]], [[0, 2.35619, 5.49779]], [[0, 3.92699, 2.35619]], [[0, 3.14159, 4.71239]], [[0, 0.567, 0.678]], [[0.58, 0.567, 0.678]], [[0, 0, 0]], [[0, 0, -0.785398]], [[0, -4.71239, 0]], [[0, 0, -1.5708]], [[0, -2.35619, -0.785398]], [[0, -4.71239, -0.785398]], [[0, -5.49779, -1.5708]], [[0, -3.92699, -0.785398]], [[0, -5.49779, -5.49779]], [[0, -0.785398, -3.92699]], [[0, -5.49779, -3.14159]], [[0, -1.5708, -5.49779]], [[0, -4.71239, -2.35619]], [[0, -2.35619, -5.49779]], [[0, -3.92699, -2.35619]], [[0, -3.14159, -4.71239]], [[0, -0.567, -0.678]], [[-0.58, -0.567, -0.678]]]
---Preparing executables
---Running executables, 108 in batch, delta=45.310696831
---Extracting values delta=12.198991267999986
---Extracted values delta=105.26347291900001
---Time for noisy calculation: 162.79035322100003
***TFLON: -2.5050193151065705,-2.4318681464003267,-1.907849685232379,-2.200493069535879,-1.2276816463545794,-0.8996687254803901,-0.8948017180940229,-0.7258290676926125,-0.24032037361454783,-0.5676180419442975,0.22104488253995802,0.7302746787225538,0.5833631549001932,1.7161166434565638,1.0474900391217754,1.901640454856125,-2.669883793850481,-2.9679744913273556,-2.548891480328562,-2.340088892653856,-1.6300008001808788,-1.9363261205751299,-1.7986063425326695,-0.7523268595736687,-0.8411189295686059,-0.14369066402806197,-0.22004836299618757,-0.026685597819353646,-0.12611741401603682,0.9972135582907415,0.972280113988873,1.2494000133297267,1.67653930176155,1.6366233002400674,-2.5982402923124632,-3.220380856405211 1631577622.187573
Noisy energies by type: {'onsite0': array([2.15825111, 2.1443769 , 2.17617771, 2.02811402, 2.4692607 ,
       2.24033517, 2.15598456, 2.04344512, 2.07523009, 2.01084315,
       2.52949036, 2.0810563 , 1.88542049, 2.4213628 , 1.84850746,
       2.20648968, 2.08990536, 1.17069369, 2.12731166, 2.04949934,
       2.19989117, 2.00617761, 1.85601178, 2.09698936, 1.98165138,
       2.39985313, 2.07355387, 2.15774541, 1.95963303, 2.27342435,
       2.25886654, 2.07775935, 2.44770642, 2.23630702, 2.1637772 ,
       1.26834532]), 'horiz0': array([-2.18079776e+00, -2.11731161e+00, -2.55930807e+00, -1.72503083e+00,
       -2.76432572e+00, -1.60623354e+00, -8.45594914e-01, -1.90690691e+00,
       -1.35535063e-01, -3.74170893e-01, -5.12599612e-02,  2.24780488e-01,
        2.31387479e-01,  1.82480353e-01,  9.36796891e-02,  3.15349393e-01,
       -2.38554217e+00, -2.04850585e+00, -2.14346505e+00, -1.88540841e+00,
       -2.24356846e+00, -1.47799132e+00, -2.80479382e+00, -1.27008751e+00,
       -6.09679938e-01, -1.63584288e+00, -3.38521401e-02,  2.02757502e-02,
        9.04659778e-02,  2.29368932e-01,  2.76212833e-01,  2.36406619e-02,
        1.07052159e-01,  7.64379897e-04, -2.40334129e+00, -2.37097385e+00]), 'horiz1': array([-2.48247267, -2.45893344, -1.52471932, -2.50357626, -0.93261663,
       -1.53377036, -2.20519136, -0.86236728, -2.1800154 , -2.2042903 ,
       -2.25718552, -1.57556211, -1.53344482, -0.88772651, -0.89469711,
       -0.62019861, -2.37424699, -2.09016233, -2.5327381 , -2.50417983,
       -1.5863235 , -2.46451241, -0.8498243 , -1.57922871, -2.21309037,
       -0.90770091, -2.25975009, -2.20470676, -2.17621642, -1.50557972,
       -1.56279926, -0.852     , -0.87821928, -0.6004481 , -2.35867621,
       -2.11775233])}
Using saved exact energies
Data collected can be found at experiments/8x1_single_zz_x_U_4_nocc_4_d_1-0914-005628/8x1
