{'theta': True, 'zeta': True, 'chi': False, 'gamma': True, 'phi': True, 'time': None}
{'theta': False, 'zeta': False, 'chi': False, 'gamma': False, 'phi': False, 'time': None}
                  (3, 2)
                  │
                  │
         (4, 1)───(4, 2)───(4, 3)
         │        │        │
         │        │        │
(5, 0)───(5, 1)───(5, 2)───(5, 3)───(5, 4)
         │        │        │        │
         │        │        │        │
         (6, 1)───(6, 2)───(6, 3)───(6, 4)───(6, 5)
                  │        │        │        │
                  │        │        │        │
                  (7, 2)───(7, 3)───(7, 4)───(7, 5)───(7, 6)
                           │        │        │
                           │        │        │
                           (8, 3)───(8, 4)───(8, 5)
                                    │
                                    │
                                    (9, 4)
Start at: (3, 2), with dr
Using qubits [cirq.GridQubit(3, 2), cirq.GridQubit(4, 2), cirq.GridQubit(4, 3), cirq.GridQubit(5, 3), cirq.GridQubit(5, 4), cirq.GridQubit(6, 4), cirq.GridQubit(6, 5), cirq.GridQubit(7, 5), cirq.GridQubit(4, 1), cirq.GridQubit(5, 1), cirq.GridQubit(5, 2), cirq.GridQubit(6, 2), cirq.GridQubit(6, 3), cirq.GridQubit(7, 3), cirq.GridQubit(7, 4), cirq.GridQubit(8, 4)]
Using qubits, JW:[cirq.GridQubit(3, 2), cirq.GridQubit(4, 2), cirq.GridQubit(4, 3), cirq.GridQubit(5, 3), cirq.GridQubit(5, 4), cirq.GridQubit(6, 4), cirq.GridQubit(6, 5), cirq.GridQubit(7, 5), cirq.GridQubit(4, 1), cirq.GridQubit(5, 1), cirq.GridQubit(5, 2), cirq.GridQubit(6, 2), cirq.GridQubit(6, 3), cirq.GridQubit(7, 3), cirq.GridQubit(7, 4), cirq.GridQubit(8, 4)]
                  [31m(3, 2)[0m
                  │
                  │
         [35m(4, 1)[0m───[31m(4, 2)[0m───[31m(4, 3)[0m
         │        │        │
         │        │        │
(5, 0)───[35m(5, 1)[0m───[35m(5, 2)[0m───[31m(5, 3)[0m───[31m(5, 4)[0m
         │        │        │        │
         │        │        │        │
         (6, 1)───[35m(6, 2)[0m───[35m(6, 3)[0m───[31m(6, 4)[0m───[31m(6, 5)[0m
                  │        │        │        │
                  │        │        │        │
                  (7, 2)───[35m(7, 3)[0m───[35m(7, 4)[0m───[31m(7, 5)[0m───(7, 6)
                           │        │        │
                           │        │        │
                           (8, 3)───[35m(8, 4)[0m───(8, 5)
                                    │
                                    │
                                    (9, 4)
None
Meas types ['onsite0', 'horiz0', 'vert02', 'vert12']
Prepped onsite, pairs=[(0, 8), (1, 9), (2, 10), (3, 11), (4, 12), (5, 13), (6, 14), (7, 15)]
Prepped horiz, pairs=[(0, 1), (2, 3), (4, 5), (6, 7), (8, 9), (10, 11), (12, 13), (14, 15)]
Prepped vert0, pairs=[(1, 2), (3, 4), (5, 6), (9, 10), (11, 12), (13, 14)]
Prepped vert1, pairs=[(1, 2), (3, 4), (5, 6), (9, 10), (11, 12), (13, 14)]
Set recompilation to False
Got pairs set [(10, 11), (5, 6), (3, 11), (5, 13), (8, 9), (4, 12), (6, 14), (1, 2), (6, 7), (7, 15), (12, 13), (4, 5), (2, 10), (9, 10), (2, 3), (1, 9), (14, 15), (0, 8), (11, 12), (0, 1), (13, 14), (3, 4)]
---Starting to do calibration: delta 3.511118615999999
---Starting to set up measurements: delta 0.8166296670000008
---Starting to run VQE: delta 2.0999432539999994
No optimisation, save file is experiments/4x2_single_U_8_nocc_13_d_1-0919-235625/2x4/processed/processed.json
Given params: [[[[[0.694, 0.352, 0.592, 0.48]]], [[[-0.694, -0.352, -0.592, -0.48]]], [[[0, 0.352, 0.592, 0.48]]], [[[0, -0.352, -0.592, -0.48]]]]]
---Preparing executables
---Running executables, 16 in batch, delta=7.918277426000001
---Extracting values delta=3.3839986029999984
---Extracted values delta=72.91473105
===36.721412055335904 36.389324842000136 37.233271482586844 37.1604289939648 1632092275.8526552
Computed energies [36.55536844866802], params [[[[0.694, 0.352, 0.592, 0.48]]], [[[-0.694, -0.352, -0.592, -0.48]]], [[[0, 0.352, 0.592, 0.48]]], [[[0, -0.352, -0.592, -0.48]]]]
***36.55536844866802 1632092275.854471
---VQE complete: delta 84.224136738
---Starting TFLO
Using saved points
Using params [[[0, 0, 0, 0]], [[0, 0, 0, 1.5708]], [[0, 3.14159, 4.71239, 0.785398]], [[0, 0, 0.785398, 3.14159]], [[0, 2.35619, 3.14159, 1.5708]], [[0, 0.785398, 0, 3.92699]], [[0, 0, 0, 4.71239]], [[0, 0, 5.49779, 3.92699]], [[0, 2.35619, 4.71239, 3.14159]], [[0, 2.35619, 1.5708, 4.71239]], [[0, 4.71239, 4.71239, 3.92699]], [[0, 5.49779, 1.5708, 5.49779]], [[0, 0.785398, 3.14159, 3.92699]], [[0, 2.35619, 2.35619, 4.71239]], [[0, 2.35619, 3.92699, 4.71239]], [[0, 4.71239, 3.92699, 5.49779]], [[0, 0.352, 0.592, 0.48]], [[0.694, 0.352, 0.592, 0.48]], [[0, 0, 0, 0]], [[0, 0, 0, -1.5708]], [[0, -3.14159, -4.71239, -0.785398]], [[0, 0, -0.785398, -3.14159]], [[0, -2.35619, -3.14159, -1.5708]], [[0, -0.785398, 0, -3.92699]], [[0, 0, 0, -4.71239]], [[0, 0, -5.49779, -3.92699]], [[0, -2.35619, -4.71239, -3.14159]], [[0, -2.35619, -1.5708, -4.71239]], [[0, -4.71239, -4.71239, -3.92699]], [[0, -5.49779, -1.5708, -5.49779]], [[0, -0.785398, -3.14159, -3.92699]], [[0, -2.35619, -2.35619, -4.71239]], [[0, -2.35619, -3.92699, -4.71239]], [[0, -4.71239, -3.92699, -5.49779]], [[0, -0.352, -0.592, -0.48]], [[-0.694, -0.352, -0.592, -0.48]]]
---Preparing executables
---Running executables, 144 in batch, delta=71.02138732799999
---Extracting values delta=8.551412305000014
---Extracted values delta=139.947064134
---Time for noisy calculation: 219.55410295900003
***TFLON: 37.28467941522526,37.66358611905432,38.097537571439084,38.57319548139205,39.40826997573928,39.50464924825939,40.173564063660045,40.92809026692123,41.093149851049716,42.23165750713389,42.50127016005029,42.98336661394738,43.30107878664364,43.96385567694044,44.447941659196,44.93537571054319,37.29366164419037,36.71809276554719,37.17101401996803,37.881979264386786,38.725624796299144,39.21930068861868,40.05137203560507,40.39897407516535,40.81772014935958,41.578510427003835,42.19726042172204,42.62664613712085,42.75228776691087,43.26033870221123,44.271589820202905,44.34351408060282,44.83054632373917,45.62290844075413,37.24724898567413,36.419563523069016 1632092498.2060149
Noisy energies by type: {'onsite0': array([42.02426838, 41.98270893, 42.14877146, 41.90965846, 42.20114363,
       41.93995381, 41.88604572, 41.91914467, 41.99863481, 42.06144698,
       42.20102916, 41.95690748, 41.713294  , 42.07272727, 42.08094085,
       41.91400832, 41.94330822, 41.01683724, 41.95428571, 41.94403535,
       42.09383378, 41.98824749, 41.843524  , 42.11650485, 41.99435028,
       42.04421984, 42.09006623, 41.95030222, 41.92948518, 41.96386293,
       42.06843125, 41.88911704, 41.87537092, 42.14615628, 41.80821918,
       40.97029703]), 'horiz0': array([-2.13117945, -2.10032895, -2.21724018, -1.85749896, -1.61954562,
       -2.20265781, -2.18274112, -1.64767718, -1.23952096, -0.25884123,
       -0.91787611,  0.01079622,  0.68316832,  0.89681668,  0.6362379 ,
        0.98151951, -2.09648406, -1.92749004, -2.1504    , -2.09457364,
       -1.99354839, -1.7951988 , -0.97428571, -2.10504361, -2.10244258,
       -1.61563732, -0.76244953, -0.30693069, -0.67102546, -0.11598303,
        1.0790798 ,  1.14927536,  1.24005682,  1.40147601, -2.10265849,
       -2.16741148]), 'vert02': array([-1.35244083, -1.16319322, -1.06424201, -0.45638338, -0.6892072 ,
       -0.03950034,  0.18377088, -0.01857189, -0.16937355,  0.61463096,
        0.21258788,  0.60604192,  0.43017498,  0.70426318,  0.75689882,
        0.9445335 , -1.25009694, -1.2164206 , -1.33442982, -0.98620446,
       -0.89413036, -0.18552201, -0.36623989,  0.12659099,  0.32718121,
        0.19277494,  0.1903699 ,  0.83360629,  0.44542866,  0.79170479,
        0.67302005,  0.97205268,  0.87830006,  1.02031885, -1.15297781,
       -1.20397226]), 'vert12': array([-1.25596869, -1.05560065, -0.76975169, -1.02258065, -0.48412084,
       -0.19314642,  0.28648858,  0.67519466,  0.50340955, -0.1855792 ,
        1.00552923,  0.40962099,  0.4744415 ,  0.29004854,  0.97386409,
        1.09531438, -1.30306558, -1.15483384, -1.29844187, -0.98127798,
       -0.48053024, -0.788226  , -0.45162636,  0.26092184,  0.59863124,
        0.95715297,  0.67927383,  0.14966833,  1.04839939,  0.62075401,
        0.45105873,  0.33306899,  0.83681852,  1.0549573 , -1.30533389,
       -1.17934977])}
Using saved exact energies
Data collected can be found at experiments/4x2_single_U_8_nocc_13_d_1-0919-235625/2x4
