2021-09-14 06:51:24,910 - fhvqe.experiment:553 - DEBUG - number of moments preoptimization: 38
2021-09-14 06:51:24,916 - fhvqe.experiment:554 - DEBUG - depth preoptimization: 38
2021-09-14 06:51:24,986 - fhvqe.experiment:595 - DEBUG - number of moments post-optimization and calibration: 25
2021-09-14 06:51:24,992 - fhvqe.experiment:596 - DEBUG - depth post-optimization and calibration: 25
2021-09-14 06:51:25,001 - fhvqe.experiment:553 - DEBUG - number of moments preoptimization: 51
2021-09-14 06:51:25,010 - fhvqe.experiment:554 - DEBUG - depth preoptimization: 51
2021-09-14 06:51:25,081 - fhvqe.experiment:595 - DEBUG - number of moments post-optimization and calibration: 37
2021-09-14 06:51:25,088 - fhvqe.experiment:596 - DEBUG - depth post-optimization and calibration: 37
2021-09-14 06:51:25,101 - fhvqe.experiment:82 - DEBUG - Preparing analysis function for onsite
2021-09-14 06:51:25,101 - fhvqe.vqe_experiment:947 - DEBUG - Executables, measurement onsite0:
2021-09-14 06:51:25,121 - fhvqe.experiment:553 - DEBUG - number of moments preoptimization: 51
2021-09-14 06:51:25,131 - fhvqe.experiment:554 - DEBUG - depth preoptimization: 51
2021-09-14 06:51:25,206 - fhvqe.experiment:595 - DEBUG - number of moments post-optimization and calibration: 37
2021-09-14 06:51:25,212 - fhvqe.experiment:596 - DEBUG - depth post-optimization and calibration: 37
2021-09-14 06:51:25,268 - fhvqe.vqe_experiment:958 - DEBUG - Moment 0:
  ╷ 3 4
╶─┼─────
5 │ X X
  │
6 │ X X
  │
7 │ X X
  │
Moment 1:
  ╷ 3         4
╶─┼─────────────────────
7 │ iSwap^0.5 iSwap^0.5
  │ │         │
8 │ iSwap     iSwap
  │
Moment 2:
  ╷ 3                      4
╶─┼───────────────────────────────────────────────
7 │ Rz(4.331497687171457)  Rz(4.331497687171457)
  │
8 │ Rz(-1.189905033581664) Rz(-1.189905033581664)
  │
Moment 3:
  ╷ 3         4
╶─┼─────────────────────
7 │ iSwap^0.5 iSwap^0.5
  │ │         │
8 │ iSwap     iSwap
  │
Moment 4:
  ╷ 3                 4
╶─┼─────────────────────────────────────
7 │ Z                 Z
  │
8 │ PhXZ(a=0,x=0,z=0) PhXZ(a=0,x=0,z=0)
  │
Moment 5:
  ╷ 3         4
╶─┼─────────────────────
6 │ iSwap^0.5 iSwap^0.5
  │ │         │
7 │ iSwap     iSwap
  │
Moment 6:
  ╷ 3                       4
╶─┼─────────────────────────────────────────────────
6 │ Rz(4.007517209681659)   Rz(4.007517209681659)
  │
7 │ Rz(-0.8659245560918661) Rz(-0.8659245560918661)
  │
Moment 7:
  ╷ 3         4
╶─┼─────────────────────
6 │ iSwap^0.5 iSwap^0.5
  │ │         │
7 │ iSwap     iSwap
  │
Moment 8:
  ╷ 3                 4
╶─┼─────────────────────────────────────
6 │ Z                 Z
  │
7 │ PhXZ(a=0,x=0,z=0) PhXZ(a=0,x=0,z=0)
  │
Moment 9:
  ╷ 3         4
╶─┼─────────────────────
5 │ iSwap^0.5 iSwap^0.5
  │ │         │
6 │ iSwap     iSwap
  │
Moment 10:
  ╷ 3                       4
╶─┼─────────────────────────────────────────────────
5 │ Rz(3.695167012486838)   Rz(3.695167012486838)
  │
6 │ Rz(-0.5535743588970453) Rz(-0.5535743588970453)
  │
Moment 11:
  ╷ 3         4
╶─┼─────────────────────
5 │ iSwap^0.5 iSwap^0.5
  │ │         │
6 │ iSwap     iSwap
  │
Moment 12:
  ╷ 3                                                                        4
╶─┼────────────────────────────────────────────────────────────────────────────────────────────────────────────────────────────────────
5 │ PhXZ(a=-0.9204225284540524,x=0.04010328141741559,z=-0.07957747154594763) PhXZ(a=0.07957747154594763,x=0.5,z=0.9204225284540524)
  │
6 │ PhXZ(a=0.07957747154594763,x=0.04010328141741559,z=0.9204225284540524)   PhXZ(a=-0.9204225284540524,x=0.5,z=-0.07957747154594763)
  │
7 │ PhXZ(a=0.07957747154594767,x=0.04010328141741558,z=0.9204225284540524)   PhXZ(a=0.07957747154594767,x=-0.5,z=-0.07957747154594767)
  │
8 │ PhXZ(a=0.07957747154594767,x=0.04010328141741558,z=0.9204225284540524)   PhXZ(a=0.07957747154594767,x=-0.5,z=-0.07957747154594767)
  │
Moment 13:
  ╷ 3         4
╶─┼─────────────────
5 │ iSwap^0.5─iSwap
  │
6 │ iSwap^0.5─iSwap
  │
7 │ iSwap^0.5─iSwap
  │
8 │ iSwap^0.5─iSwap
  │
Moment 14:
  ╷ 3
╶─┼───────────────────────────────────────
5 │ PhXZ(a=1,x=-0.11283656610933077,z=-1)
  │
6 │ PhXZ(a=1,x=-0.11283656610933077,z=-1)
  │
7 │ PhXZ(a=1,x=-0.11283656610933077,z=-1)
  │
8 │ PhXZ(a=1,x=-0.11283656610933077,z=-1)
  │
Moment 15:
  ╷ 3         4
╶─┼─────────────────
5 │ iSwap^0.5─iSwap
  │
6 │ iSwap^0.5─iSwap
  │
7 │ iSwap^0.5─iSwap
  │
8 │ iSwap^0.5─iSwap
  │
Moment 16:
  ╷ 3                                       4
╶─┼──────────────────────────────────────────────────────────────────────────────────────
5 │ PhXZ(a=0,x=0.04010328141741559,z=-0.25) PhXZ(a=0,x=0.5,z=-0.25)
  │
6 │ PhXZ(a=0,x=0.04010328141741559,z=0.25)  PhXZ(a=-1.1102230246251565e-16,x=0.5,z=0.25)
  │
7 │ PhXZ(a=0,x=0.04010328141741559,z=-0.25) PhXZ(a=0,x=0.5,z=-0.25)
  │
8 │ PhXZ(a=0,x=0.04010328141741559,z=0.25)  PhXZ(a=-1.1102230246251565e-16,x=0.5,z=0.25)
  │
Moment 17:
  ╷ 3         4
╶─┼─────────────────────
5 │ iSwap^0.5 iSwap^0.5
  │ │         │
6 │ iSwap     iSwap
  │
7 │ iSwap^0.5 iSwap^0.5
  │ │         │
8 │ iSwap     iSwap
  │
Moment 18:
  ╷ 3                                                     4
╶─┼─────────────────────────────────────────────────────────────────────────────────────────────────────────────
5 │ PhXZ(a=-0.5795774715459476,x=0,z=-0.9204225284540524) PhXZ(a=-0.5795774715459476,x=0,z=-0.9204225284540524)
  │
6 │ Rz(-0.25)                                             Rz(-0.25)
  │
7 │ PhXZ(a=-0.5795774715459476,x=0,z=-0.9204225284540524) PhXZ(a=-0.5795774715459476,x=0,z=-0.9204225284540524)
  │
8 │ Rz(-0.25)                                             Rz(-0.25)
  │
Moment 19:
  ╷ 3         4
╶─┼─────────────────────
5 │ iSwap^0.5 iSwap^0.5
  │ │         │
6 │ iSwap     iSwap
  │
7 │ iSwap^0.5 iSwap^0.5
  │ │         │
8 │ iSwap     iSwap
  │
Moment 20:
  ╷ 3                                      4
╶─┼───────────────────────────────────────────────────────────────────────────────
5 │ PhXZ(a=-0.75,x=0,z=-0.75)              PhXZ(a=-0.75,x=0,z=-0.75)
  │
6 │ PhXZ(a=-1,x=0,z=-0.5)                  PhXZ(a=-1,x=0,z=-0.5)
  │
7 │ PhXZ(a=-1,x=0,z=-0.5)                  PhXZ(a=-1,x=0,z=-0.5)
  │
8 │ PhXZ(a=0.7499999999999998,x=0,z=-0.25) PhXZ(a=0.7499999999999998,x=0,z=-0.25)
  │
Moment 21:
  ╷ 3         4
╶─┼─────────────────────
6 │ iSwap^0.5 iSwap^0.5
  │ │         │
7 │ iSwap     iSwap
  │
Moment 22:
  ╷ 3                                                     4
╶─┼─────────────────────────────────────────────────────────────────────────────────────────────────────────────
6 │ PhXZ(a=-0.5795774715459476,x=0,z=-0.9204225284540524) PhXZ(a=-0.5795774715459476,x=0,z=-0.9204225284540524)
  │
7 │ Rz(-0.25)                                             Rz(-0.25)
  │
Moment 23:
  ╷ 3         4
╶─┼─────────────────────
6 │ iSwap^0.5 iSwap^0.5
  │ │         │
7 │ iSwap     iSwap
  │
Moment 24:
  ╷ 3                                                                      4
╶─┼──────────────────────────────────────────────────────────────────────────────────────────────────────────────────────────────────
5 │ PhXZ(a=0.07957747154594767,x=0.04010328141741558,z=0.9204225284540524) PhXZ(a=0.07957747154594767,x=-0.5,z=-0.07957747154594767)
  │
6 │ PhXZ(a=0.8295774715459476,x=0.04010328141741559,z=0.17042252845405237) PhXZ(a=-0.17042252845405237,x=0.5,z=-0.8295774715459476)
  │
7 │ PhXZ(a=0.32957747154594763,x=0.04010328141741559,z=0.6704225284540524) PhXZ(a=-0.6704225284540524,x=0.5,z=-0.32957747154594763)
  │
8 │ PhXZ(a=0.07957747154594767,x=0.04010328141741558,z=0.9204225284540524) PhXZ(a=0.07957747154594767,x=-0.5,z=-0.07957747154594767)
  │
Moment 25:
  ╷ 3         4
╶─┼─────────────────
5 │ iSwap^0.5─iSwap
  │
6 │ iSwap^0.5─iSwap
  │
7 │ iSwap^0.5─iSwap
  │
8 │ iSwap^0.5─iSwap
  │
Moment 26:
  ╷ 3
╶─┼───────────────────────────────────────
5 │ PhXZ(a=1,x=-0.11283656610933077,z=-1)
  │
6 │ PhXZ(a=1,x=-0.11283656610933077,z=-1)
  │
7 │ PhXZ(a=1,x=-0.11283656610933077,z=-1)
  │
8 │ PhXZ(a=1,x=-0.11283656610933077,z=-1)
  │
Moment 27:
  ╷ 3         4
╶─┼─────────────────
5 │ iSwap^0.5─iSwap
  │
6 │ iSwap^0.5─iSwap
  │
7 │ iSwap^0.5─iSwap
  │
8 │ iSwap^0.5─iSwap
  │
Moment 28:
  ╷ 3                                       4
╶─┼──────────────────────────────────────────────────────────────────────────────────────
5 │ PhXZ(a=0,x=0.04010328141741559,z=-0.25) PhXZ(a=0,x=0.5,z=-0.25)
  │
6 │ PhXZ(a=0,x=0.04010328141741559,z=0.25)  PhXZ(a=-1.1102230246251565e-16,x=0.5,z=0.25)
  │
7 │ PhXZ(a=0,x=0.04010328141741559,z=-0.25) PhXZ(a=0,x=0.5,z=-0.25)
  │
8 │ PhXZ(a=0,x=0.04010328141741559,z=0.25)  PhXZ(a=-1.1102230246251565e-16,x=0.5,z=0.25)
  │
Moment 29:
  ╷ 3         4
╶─┼─────────────────────
5 │ iSwap^0.5 iSwap^0.5
  │ │         │
6 │ iSwap     iSwap
  │
7 │ iSwap^0.5 iSwap^0.5
  │ │         │
8 │ iSwap     iSwap
  │
Moment 30:
  ╷ 3                                                     4
╶─┼─────────────────────────────────────────────────────────────────────────────────────────────────────────────
5 │ PhXZ(a=-0.5795774715459476,x=0,z=-0.9204225284540524) PhXZ(a=-0.5795774715459476,x=0,z=-0.9204225284540524)
  │
6 │ Rz(-0.25)                                             Rz(-0.25)
  │
7 │ PhXZ(a=-0.5795774715459476,x=0,z=-0.9204225284540524) PhXZ(a=-0.5795774715459476,x=0,z=-0.9204225284540524)
  │
8 │ Rz(-0.25)                                             Rz(-0.25)
  │
Moment 31:
  ╷ 3         4
╶─┼─────────────────────
5 │ iSwap^0.5 iSwap^0.5
  │ │         │
6 │ iSwap     iSwap
  │
7 │ iSwap^0.5 iSwap^0.5
  │ │         │
8 │ iSwap     iSwap
  │
Moment 32:
  ╷ 3                                      4
╶─┼───────────────────────────────────────────────────────────────────────────────
5 │ PhXZ(a=-0.75,x=0,z=-0.75)              PhXZ(a=-0.75,x=0,z=-0.75)
  │
6 │ PhXZ(a=-1,x=0,z=-0.5)                  PhXZ(a=-1,x=0,z=-0.5)
  │
7 │ PhXZ(a=-1,x=0,z=-0.5)                  PhXZ(a=-1,x=0,z=-0.5)
  │
8 │ PhXZ(a=0.7499999999999998,x=0,z=-0.25) PhXZ(a=0.7499999999999998,x=0,z=-0.25)
  │
Moment 33:
  ╷ 3         4
╶─┼─────────────────────
6 │ iSwap^0.5 iSwap^0.5
  │ │         │
7 │ iSwap     iSwap
  │
Moment 34:
  ╷ 3                                                     4
╶─┼─────────────────────────────────────────────────────────────────────────────────────────────────────────────
6 │ PhXZ(a=-0.5795774715459476,x=0,z=-0.9204225284540524) PhXZ(a=-0.5795774715459476,x=0,z=-0.9204225284540524)
  │
7 │ Rz(-0.25)                                             Rz(-0.25)
  │
Moment 35:
  ╷ 3         4
╶─┼─────────────────────
6 │ iSwap^0.5 iSwap^0.5
  │ │         │
7 │ iSwap     iSwap
  │
Moment 36:
  ╷ 3                                      4
╶─┼───────────────────────────────────────────────────────────────────────────────
6 │ PhXZ(a=-0.75,x=0,z=-0.75)              PhXZ(a=-0.75,x=0,z=-0.75)
  │
7 │ PhXZ(a=0.7499999999999998,x=0,z=-0.25) PhXZ(a=0.7499999999999998,x=0,z=-0.25)
  │
Moment 37:
  ╷ 3      4
╶─┼──────────
5 │ M('x')─M
  │ │      │
6 │ M      M
  │ │      │
7 │ M      M
  │ │      │
8 │ M      M
  │

2021-09-14 06:51:25,270 - fhvqe.experiment:82 - DEBUG - Preparing analysis function for horiz
2021-09-14 06:51:25,280 - fhvqe.vqe_experiment:940 - DEBUG - horiz0:
           ┌──────────────────┐                ┌──────────────────┐
(5, 3): ────iSwap─────────────────Rz(1.25π)─────iSwap─────────────────Z───────────────────
            │                                   │
(5, 4): ────┼────────iSwap────────Rz(1.25π)─────┼────────iSwap────────Z───────────────────
            │        │                          │        │
(6, 3): ────iSwap^0.5┼────────────Rz(-0.25π)────iSwap^0.5┼────────────PhXZ(a=0,x=0,z=0)───
                     │                                   │
(6, 4): ─────────────iSwap^0.5────Rz(-0.25π)─────────────iSwap^0.5────PhXZ(a=0,x=0,z=0)───

(7, 3): ────iSwap─────────────────Rz(1.25π)─────iSwap─────────────────Z───────────────────
            │                                   │
(7, 4): ────┼────────iSwap────────Rz(1.25π)─────┼────────iSwap────────Z───────────────────
            │        │                          │        │
(8, 3): ────iSwap^0.5┼────────────Rz(-0.25π)────iSwap^0.5┼────────────PhXZ(a=0,x=0,z=0)───
                     │                                   │
(8, 4): ─────────────iSwap^0.5────Rz(-0.25π)─────────────iSwap^0.5────PhXZ(a=0,x=0,z=0)───
           └──────────────────┘                └──────────────────┘
2021-09-14 06:51:25,289 - fhvqe.vqe_experiment:947 - DEBUG - Executables, measurement horiz0:
2021-09-14 06:51:25,310 - fhvqe.experiment:553 - DEBUG - number of moments preoptimization: 55
2021-09-14 06:51:25,320 - fhvqe.experiment:554 - DEBUG - depth preoptimization: 55
2021-09-14 06:51:25,393 - fhvqe.experiment:595 - DEBUG - number of moments post-optimization and calibration: 41
2021-09-14 06:51:25,400 - fhvqe.experiment:596 - DEBUG - depth post-optimization and calibration: 41
2021-09-14 06:51:25,464 - fhvqe.vqe_experiment:958 - DEBUG - Moment 0:
  ╷ 3 4
╶─┼─────
5 │ X X
  │
6 │ X X
  │
7 │ X X
  │
Moment 1:
  ╷ 3         4
╶─┼─────────────────────
7 │ iSwap^0.5 iSwap^0.5
  │ │         │
8 │ iSwap     iSwap
  │
Moment 2:
  ╷ 3                      4
╶─┼───────────────────────────────────────────────
7 │ Rz(4.331497687171457)  Rz(4.331497687171457)
  │
8 │ Rz(-1.189905033581664) Rz(-1.189905033581664)
  │
Moment 3:
  ╷ 3         4
╶─┼─────────────────────
7 │ iSwap^0.5 iSwap^0.5
  │ │         │
8 │ iSwap     iSwap
  │
Moment 4:
  ╷ 3                 4
╶─┼─────────────────────────────────────
7 │ Z                 Z
  │
8 │ PhXZ(a=0,x=0,z=0) PhXZ(a=0,x=0,z=0)
  │
Moment 5:
  ╷ 3         4
╶─┼─────────────────────
6 │ iSwap^0.5 iSwap^0.5
  │ │         │
7 │ iSwap     iSwap
  │
Moment 6:
  ╷ 3                       4
╶─┼─────────────────────────────────────────────────
6 │ Rz(4.007517209681659)   Rz(4.007517209681659)
  │
7 │ Rz(-0.8659245560918661) Rz(-0.8659245560918661)
  │
Moment 7:
  ╷ 3         4
╶─┼─────────────────────
6 │ iSwap^0.5 iSwap^0.5
  │ │         │
7 │ iSwap     iSwap
  │
Moment 8:
  ╷ 3                 4
╶─┼─────────────────────────────────────
6 │ Z                 Z
  │
7 │ PhXZ(a=0,x=0,z=0) PhXZ(a=0,x=0,z=0)
  │
Moment 9:
  ╷ 3         4
╶─┼─────────────────────
5 │ iSwap^0.5 iSwap^0.5
  │ │         │
6 │ iSwap     iSwap
  │
Moment 10:
  ╷ 3                       4
╶─┼─────────────────────────────────────────────────
5 │ Rz(3.695167012486838)   Rz(3.695167012486838)
  │
6 │ Rz(-0.5535743588970453) Rz(-0.5535743588970453)
  │
Moment 11:
  ╷ 3         4
╶─┼─────────────────────
5 │ iSwap^0.5 iSwap^0.5
  │ │         │
6 │ iSwap     iSwap
  │
Moment 12:
  ╷ 3                                                                        4
╶─┼────────────────────────────────────────────────────────────────────────────────────────────────────────────────────────────────────
5 │ PhXZ(a=-0.9204225284540524,x=0.04010328141741559,z=-0.07957747154594763) PhXZ(a=0.07957747154594763,x=0.5,z=0.9204225284540524)
  │
6 │ PhXZ(a=0.07957747154594763,x=0.04010328141741559,z=0.9204225284540524)   PhXZ(a=-0.9204225284540524,x=0.5,z=-0.07957747154594763)
  │
7 │ PhXZ(a=0.07957747154594767,x=0.04010328141741558,z=0.9204225284540524)   PhXZ(a=0.07957747154594767,x=-0.5,z=-0.07957747154594767)
  │
8 │ PhXZ(a=0.07957747154594767,x=0.04010328141741558,z=0.9204225284540524)   PhXZ(a=0.07957747154594767,x=-0.5,z=-0.07957747154594767)
  │
Moment 13:
  ╷ 3         4
╶─┼─────────────────
5 │ iSwap^0.5─iSwap
  │
6 │ iSwap^0.5─iSwap
  │
7 │ iSwap^0.5─iSwap
  │
8 │ iSwap^0.5─iSwap
  │
Moment 14:
  ╷ 3
╶─┼───────────────────────────────────────
5 │ PhXZ(a=1,x=-0.11283656610933077,z=-1)
  │
6 │ PhXZ(a=1,x=-0.11283656610933077,z=-1)
  │
7 │ PhXZ(a=1,x=-0.11283656610933077,z=-1)
  │
8 │ PhXZ(a=1,x=-0.11283656610933077,z=-1)
  │
Moment 15:
  ╷ 3         4
╶─┼─────────────────
5 │ iSwap^0.5─iSwap
  │
6 │ iSwap^0.5─iSwap
  │
7 │ iSwap^0.5─iSwap
  │
8 │ iSwap^0.5─iSwap
  │
Moment 16:
  ╷ 3                                       4
╶─┼──────────────────────────────────────────────────────────────────────────────────────
5 │ PhXZ(a=0,x=0.04010328141741559,z=-0.25) PhXZ(a=0,x=0.5,z=-0.25)
  │
6 │ PhXZ(a=0,x=0.04010328141741559,z=0.25)  PhXZ(a=-1.1102230246251565e-16,x=0.5,z=0.25)
  │
7 │ PhXZ(a=0,x=0.04010328141741559,z=-0.25) PhXZ(a=0,x=0.5,z=-0.25)
  │
8 │ PhXZ(a=0,x=0.04010328141741559,z=0.25)  PhXZ(a=-1.1102230246251565e-16,x=0.5,z=0.25)
  │
Moment 17:
  ╷ 3         4
╶─┼─────────────────────
5 │ iSwap^0.5 iSwap^0.5
  │ │         │
6 │ iSwap     iSwap
  │
7 │ iSwap^0.5 iSwap^0.5
  │ │         │
8 │ iSwap     iSwap
  │
Moment 18:
  ╷ 3                                                     4
╶─┼─────────────────────────────────────────────────────────────────────────────────────────────────────────────
5 │ PhXZ(a=-0.5795774715459476,x=0,z=-0.9204225284540524) PhXZ(a=-0.5795774715459476,x=0,z=-0.9204225284540524)
  │
6 │ Rz(-0.25)                                             Rz(-0.25)
  │
7 │ PhXZ(a=-0.5795774715459476,x=0,z=-0.9204225284540524) PhXZ(a=-0.5795774715459476,x=0,z=-0.9204225284540524)
  │
8 │ Rz(-0.25)                                             Rz(-0.25)
  │
Moment 19:
  ╷ 3         4
╶─┼─────────────────────
5 │ iSwap^0.5 iSwap^0.5
  │ │         │
6 │ iSwap     iSwap
  │
7 │ iSwap^0.5 iSwap^0.5
  │ │         │
8 │ iSwap     iSwap
  │
Moment 20:
  ╷ 3                                      4
╶─┼───────────────────────────────────────────────────────────────────────────────
5 │ PhXZ(a=-0.75,x=0,z=-0.75)              PhXZ(a=-0.75,x=0,z=-0.75)
  │
6 │ PhXZ(a=-1,x=0,z=-0.5)                  PhXZ(a=-1,x=0,z=-0.5)
  │
7 │ PhXZ(a=-1,x=0,z=-0.5)                  PhXZ(a=-1,x=0,z=-0.5)
  │
8 │ PhXZ(a=0.7499999999999998,x=0,z=-0.25) PhXZ(a=0.7499999999999998,x=0,z=-0.25)
  │
Moment 21:
  ╷ 3         4
╶─┼─────────────────────
6 │ iSwap^0.5 iSwap^0.5
  │ │         │
7 │ iSwap     iSwap
  │
Moment 22:
  ╷ 3                                                     4
╶─┼─────────────────────────────────────────────────────────────────────────────────────────────────────────────
6 │ PhXZ(a=-0.5795774715459476,x=0,z=-0.9204225284540524) PhXZ(a=-0.5795774715459476,x=0,z=-0.9204225284540524)
  │
7 │ Rz(-0.25)                                             Rz(-0.25)
  │
Moment 23:
  ╷ 3         4
╶─┼─────────────────────
6 │ iSwap^0.5 iSwap^0.5
  │ │         │
7 │ iSwap     iSwap
  │
Moment 24:
  ╷ 3                                                                      4
╶─┼──────────────────────────────────────────────────────────────────────────────────────────────────────────────────────────────────
5 │ PhXZ(a=0.07957747154594767,x=0.04010328141741558,z=0.9204225284540524) PhXZ(a=0.07957747154594767,x=-0.5,z=-0.07957747154594767)
  │
6 │ PhXZ(a=0.8295774715459476,x=0.04010328141741559,z=0.17042252845405237) PhXZ(a=-0.17042252845405237,x=0.5,z=-0.8295774715459476)
  │
7 │ PhXZ(a=0.32957747154594763,x=0.04010328141741559,z=0.6704225284540524) PhXZ(a=-0.6704225284540524,x=0.5,z=-0.32957747154594763)
  │
8 │ PhXZ(a=0.07957747154594767,x=0.04010328141741558,z=0.9204225284540524) PhXZ(a=0.07957747154594767,x=-0.5,z=-0.07957747154594767)
  │
Moment 25:
  ╷ 3         4
╶─┼─────────────────
5 │ iSwap^0.5─iSwap
  │
6 │ iSwap^0.5─iSwap
  │
7 │ iSwap^0.5─iSwap
  │
8 │ iSwap^0.5─iSwap
  │
Moment 26:
  ╷ 3
╶─┼───────────────────────────────────────
5 │ PhXZ(a=1,x=-0.11283656610933077,z=-1)
  │
6 │ PhXZ(a=1,x=-0.11283656610933077,z=-1)
  │
7 │ PhXZ(a=1,x=-0.11283656610933077,z=-1)
  │
8 │ PhXZ(a=1,x=-0.11283656610933077,z=-1)
  │
Moment 27:
  ╷ 3         4
╶─┼─────────────────
5 │ iSwap^0.5─iSwap
  │
6 │ iSwap^0.5─iSwap
  │
7 │ iSwap^0.5─iSwap
  │
8 │ iSwap^0.5─iSwap
  │
Moment 28:
  ╷ 3                                       4
╶─┼──────────────────────────────────────────────────────────────────────────────────────
5 │ PhXZ(a=0,x=0.04010328141741559,z=-0.25) PhXZ(a=0,x=0.5,z=-0.25)
  │
6 │ PhXZ(a=0,x=0.04010328141741559,z=0.25)  PhXZ(a=-1.1102230246251565e-16,x=0.5,z=0.25)
  │
7 │ PhXZ(a=0,x=0.04010328141741559,z=-0.25) PhXZ(a=0,x=0.5,z=-0.25)
  │
8 │ PhXZ(a=0,x=0.04010328141741559,z=0.25)  PhXZ(a=-1.1102230246251565e-16,x=0.5,z=0.25)
  │
Moment 29:
  ╷ 3         4
╶─┼─────────────────────
5 │ iSwap^0.5 iSwap^0.5
  │ │         │
6 │ iSwap     iSwap
  │
7 │ iSwap^0.5 iSwap^0.5
  │ │         │
8 │ iSwap     iSwap
  │
Moment 30:
  ╷ 3                                                     4
╶─┼─────────────────────────────────────────────────────────────────────────────────────────────────────────────
5 │ PhXZ(a=-0.5795774715459476,x=0,z=-0.9204225284540524) PhXZ(a=-0.5795774715459476,x=0,z=-0.9204225284540524)
  │
6 │ Rz(-0.25)                                             Rz(-0.25)
  │
7 │ PhXZ(a=-0.5795774715459476,x=0,z=-0.9204225284540524) PhXZ(a=-0.5795774715459476,x=0,z=-0.9204225284540524)
  │
8 │ Rz(-0.25)                                             Rz(-0.25)
  │
Moment 31:
  ╷ 3         4
╶─┼─────────────────────
5 │ iSwap^0.5 iSwap^0.5
  │ │         │
6 │ iSwap     iSwap
  │
7 │ iSwap^0.5 iSwap^0.5
  │ │         │
8 │ iSwap     iSwap
  │
Moment 32:
  ╷ 3                                      4
╶─┼───────────────────────────────────────────────────────────────────────────────
5 │ PhXZ(a=-0.75,x=0,z=-0.75)              PhXZ(a=-0.75,x=0,z=-0.75)
  │
6 │ PhXZ(a=-1,x=0,z=-0.5)                  PhXZ(a=-1,x=0,z=-0.5)
  │
7 │ PhXZ(a=-1,x=0,z=-0.5)                  PhXZ(a=-1,x=0,z=-0.5)
  │
8 │ PhXZ(a=0.7499999999999998,x=0,z=-0.25) PhXZ(a=0.7499999999999998,x=0,z=-0.25)
  │
Moment 33:
  ╷ 3         4
╶─┼─────────────────────
6 │ iSwap^0.5 iSwap^0.5
  │ │         │
7 │ iSwap     iSwap
  │
Moment 34:
  ╷ 3                                                     4
╶─┼─────────────────────────────────────────────────────────────────────────────────────────────────────────────
6 │ PhXZ(a=-0.5795774715459476,x=0,z=-0.9204225284540524) PhXZ(a=-0.5795774715459476,x=0,z=-0.9204225284540524)
  │
7 │ Rz(-0.25)                                             Rz(-0.25)
  │
Moment 35:
  ╷ 3         4
╶─┼─────────────────────
6 │ iSwap^0.5 iSwap^0.5
  │ │         │
7 │ iSwap     iSwap
  │
Moment 36:
  ╷ 3                                      4
╶─┼───────────────────────────────────────────────────────────────────────────────
6 │ PhXZ(a=-0.75,x=0,z=-0.75)              PhXZ(a=-0.75,x=0,z=-0.75)
  │
7 │ PhXZ(a=0.7499999999999998,x=0,z=-0.25) PhXZ(a=0.7499999999999998,x=0,z=-0.25)
  │
Moment 37:
  ╷ 3         4
╶─┼─────────────────────
5 │ iSwap^0.5 iSwap^0.5
  │ │         │
6 │ iSwap     iSwap
  │
7 │ iSwap^0.5 iSwap^0.5
  │ │         │
8 │ iSwap     iSwap
  │
Moment 38:
  ╷ 3                       4
╶─┼─────────────────────────────────────────────────
5 │ Rz(3.9269908169872414)  Rz(3.9269908169872414)
  │
6 │ Rz(-0.7853981633974483) Rz(-0.7853981633974483)
  │
7 │ Rz(3.9269908169872414)  Rz(3.9269908169872414)
  │
8 │ Rz(-0.7853981633974483) Rz(-0.7853981633974483)
  │
Moment 39:
  ╷ 3         4
╶─┼─────────────────────
5 │ iSwap^0.5 iSwap^0.5
  │ │         │
6 │ iSwap     iSwap
  │
7 │ iSwap^0.5 iSwap^0.5
  │ │         │
8 │ iSwap     iSwap
  │
Moment 40:
  ╷ 3                 4
╶─┼─────────────────────────────────────
5 │ Z                 Z
  │
6 │ PhXZ(a=0,x=0,z=0) PhXZ(a=0,x=0,z=0)
  │
7 │ Z                 Z
  │
8 │ PhXZ(a=0,x=0,z=0) PhXZ(a=0,x=0,z=0)
  │
Moment 41:
  ╷ 3      4
╶─┼──────────
5 │ M('x')─M
  │ │      │
6 │ M      M
  │ │      │
7 │ M      M
  │ │      │
8 │ M      M
  │

2021-09-14 06:51:25,464 - fhvqe.experiment:82 - DEBUG - Preparing analysis function for horiz
2021-09-14 06:51:25,464 - fhvqe.vqe_experiment:940 - DEBUG - horiz1:

2021-09-14 06:51:25,465 - fhvqe.experiment:658 - INFO - Preparing executables.
2021-09-14 06:51:25,465 - fhvqe.experiment:662 - DEBUG - ansatz with params: [[0.277 0.563 0.583]
 [0.492 0.406 0.316]]
2021-09-14 06:51:25,486 - fhvqe.experiment:553 - DEBUG - number of moments preoptimization: 51
2021-09-14 06:51:25,495 - fhvqe.experiment:554 - DEBUG - depth preoptimization: 51
2021-09-14 06:51:25,570 - fhvqe.experiment:595 - DEBUG - number of moments post-optimization and calibration: 37
2021-09-14 06:51:25,576 - fhvqe.experiment:596 - DEBUG - depth post-optimization and calibration: 37
2021-09-14 06:51:25,587 - fhvqe.experiment:553 - DEBUG - number of moments preoptimization: 55
2021-09-14 06:51:25,597 - fhvqe.experiment:554 - DEBUG - depth preoptimization: 55
2021-09-14 06:51:25,669 - fhvqe.experiment:595 - DEBUG - number of moments post-optimization and calibration: 41
2021-09-14 06:51:25,676 - fhvqe.experiment:596 - DEBUG - depth post-optimization and calibration: 41
2021-09-14 06:51:25,689 - fhvqe.experiment:553 - DEBUG - number of moments preoptimization: 49
2021-09-14 06:51:25,698 - fhvqe.experiment:554 - DEBUG - depth preoptimization: 49
2021-09-14 06:51:25,764 - fhvqe.experiment:595 - DEBUG - number of moments post-optimization and calibration: 37
2021-09-14 06:51:25,770 - fhvqe.experiment:596 - DEBUG - depth post-optimization and calibration: 37
2021-09-14 06:51:25,779 - fhvqe.experiment:662 - DEBUG - ansatz with params: [[-0.277 -0.563 -0.583]
 [-0.492 -0.406 -0.316]]
2021-09-14 06:51:25,799 - fhvqe.experiment:553 - DEBUG - number of moments preoptimization: 51
2021-09-14 06:51:25,808 - fhvqe.experiment:554 - DEBUG - depth preoptimization: 51
2021-09-14 06:51:25,882 - fhvqe.experiment:595 - DEBUG - number of moments post-optimization and calibration: 37
2021-09-14 06:51:25,888 - fhvqe.experiment:596 - DEBUG - depth post-optimization and calibration: 37
2021-09-14 06:51:25,901 - fhvqe.experiment:553 - DEBUG - number of moments preoptimization: 55
2021-09-14 06:51:25,911 - fhvqe.experiment:554 - DEBUG - depth preoptimization: 55
2021-09-14 06:51:25,983 - fhvqe.experiment:595 - DEBUG - number of moments post-optimization and calibration: 41
2021-09-14 06:51:25,990 - fhvqe.experiment:596 - DEBUG - depth post-optimization and calibration: 41
2021-09-14 06:51:26,003 - fhvqe.experiment:553 - DEBUG - number of moments preoptimization: 49
2021-09-14 06:51:26,012 - fhvqe.experiment:554 - DEBUG - depth preoptimization: 49
2021-09-14 06:51:26,084 - fhvqe.experiment:595 - DEBUG - number of moments post-optimization and calibration: 37
2021-09-14 06:51:26,090 - fhvqe.experiment:596 - DEBUG - depth post-optimization and calibration: 37
2021-09-14 06:51:26,099 - fhvqe.experiment:662 - DEBUG - ansatz with params: [[0.    0.563 0.583]
 [0.    0.406 0.316]]
2021-09-14 06:51:26,118 - fhvqe.experiment:553 - DEBUG - number of moments preoptimization: 51
2021-09-14 06:51:26,128 - fhvqe.experiment:554 - DEBUG - depth preoptimization: 51
2021-09-14 06:51:26,199 - fhvqe.experiment:595 - DEBUG - number of moments post-optimization and calibration: 37
2021-09-14 06:51:26,205 - fhvqe.experiment:596 - DEBUG - depth post-optimization and calibration: 37
2021-09-14 06:51:26,216 - fhvqe.experiment:553 - DEBUG - number of moments preoptimization: 55
2021-09-14 06:51:26,226 - fhvqe.experiment:554 - DEBUG - depth preoptimization: 55
2021-09-14 06:51:26,298 - fhvqe.experiment:595 - DEBUG - number of moments post-optimization and calibration: 41
2021-09-14 06:51:26,305 - fhvqe.experiment:596 - DEBUG - depth post-optimization and calibration: 41
2021-09-14 06:51:26,318 - fhvqe.experiment:553 - DEBUG - number of moments preoptimization: 49
2021-09-14 06:51:26,326 - fhvqe.experiment:554 - DEBUG - depth preoptimization: 49
2021-09-14 06:51:26,391 - fhvqe.experiment:595 - DEBUG - number of moments post-optimization and calibration: 37
2021-09-14 06:51:26,397 - fhvqe.experiment:596 - DEBUG - depth post-optimization and calibration: 37
2021-09-14 06:51:26,406 - fhvqe.experiment:662 - DEBUG - ansatz with params: [[ 0.    -0.563 -0.583]
 [ 0.    -0.406 -0.316]]
2021-09-14 06:51:26,425 - fhvqe.experiment:553 - DEBUG - number of moments preoptimization: 51
2021-09-14 06:51:26,434 - fhvqe.experiment:554 - DEBUG - depth preoptimization: 51
2021-09-14 06:51:26,505 - fhvqe.experiment:595 - DEBUG - number of moments post-optimization and calibration: 37
2021-09-14 06:51:26,511 - fhvqe.experiment:596 - DEBUG - depth post-optimization and calibration: 37
2021-09-14 06:51:26,522 - fhvqe.experiment:553 - DEBUG - number of moments preoptimization: 55
2021-09-14 06:51:26,533 - fhvqe.experiment:554 - DEBUG - depth preoptimization: 55
2021-09-14 06:51:26,605 - fhvqe.experiment:595 - DEBUG - number of moments post-optimization and calibration: 41
2021-09-14 06:51:26,612 - fhvqe.experiment:596 - DEBUG - depth post-optimization and calibration: 41
2021-09-14 06:51:26,625 - fhvqe.experiment:553 - DEBUG - number of moments preoptimization: 49
2021-09-14 06:51:26,634 - fhvqe.experiment:554 - DEBUG - depth preoptimization: 49
2021-09-14 06:51:26,706 - fhvqe.experiment:595 - DEBUG - number of moments post-optimization and calibration: 37
2021-09-14 06:51:26,714 - fhvqe.experiment:596 - DEBUG - depth post-optimization and calibration: 37
2021-09-14 06:52:07,588 - fhvqe.experiment:151 - DEBUG - Preparing exact analysis function for onsite
2021-09-14 06:52:07,590 - fhvqe.experiment:151 - DEBUG - Preparing exact analysis function for horiz
2021-09-14 06:52:07,591 - fhvqe.experiment:151 - DEBUG - Preparing exact analysis function for horiz
2021-09-14 06:52:07,592 - fhvqe.error_mitigation:1235 - INFO - About to mitigate, theta=[[0.277, 0.563, 0.583], [0.492, 0.406, 0.316]]
2021-09-14 06:52:07,593 - fhvqe.error_mitigation:1298 - DEBUG - About to run TFLO, params=[[[0, 0.841172, 0.857071], [0, 0, 0]], [[0, 4.40345, 2.22149], [0, 3.12223, 4.17927]], [[0, 3.04784, 5.70529], [0, 4.01245, 3.64854]], [[0, 0.919596, 3.58906], [0, 2.34207, 4.81843]], [[0, 1.15139, 0.356395], [0, 0.0881259, 2.82618]], [[0, 2.38498, 3.00926], [0, 2.39716, 3.9606]], [[0, 3.7131, 0.592184], [0, 0.635129, 1.45883]], [[0, 2.82444, 0.898211], [0, 3.66927, 4.15525]], [[0, 3.5479, 1.33981], [0, 1.71022, 2.84285]], [[0, 0.0714766, 0.898635], [0, 4.22934, 2.26966]], [[0, 3.07888, 1.31344], [0, 1.32223, 3.05705]], [[0, 0.0714766, 0.898635], [0, 3.10645, 4.57853]], [[0, 0.349024, 2.96318], [0, 4.46903, 0.142]], [[0, 0.349024, 2.96318], [0, 5.37895, 5.4726]], [[0, 2.38498, 3.00926], [0, 4.93441, 4.41509]], [[0, 0.299448, 3.22459], [0, 4.5425, 2.32293]], [[0, 0.563, 0.583], [0, 0.406, 0.316]], [[0.277, 0.563, 0.583], [0.492, 0.406, 0.316]], [[0, -0.841172, -0.857071], [0, 0, 0]], [[0, -4.40345, -2.22149], [0, -3.12223, -4.17927]], [[0, -3.04784, -5.70529], [0, -4.01245, -3.64854]], [[0, -0.919596, -3.58906], [0, -2.34207, -4.81843]], [[0, -1.15139, -0.356395], [0, -0.0881259, -2.82618]], [[0, -2.38498, -3.00926], [0, -2.39716, -3.9606]], [[0, -3.7131, -0.592184], [0, -0.635129, -1.45883]], [[0, -2.82444, -0.898211], [0, -3.66927, -4.15525]], [[0, -3.5479, -1.33981], [0, -1.71022, -2.84285]], [[0, -0.0714766, -0.898635], [0, -4.22934, -2.26966]], [[0, -3.07888, -1.31344], [0, -1.32223, -3.05705]], [[0, -0.0714766, -0.898635], [0, -3.10645, -4.57853]], [[0, -0.349024, -2.96318], [0, -4.46903, -0.142]], [[0, -0.349024, -2.96318], [0, -5.37895, -5.4726]], [[0, -2.38498, -3.00926], [0, -4.93441, -4.41509]], [[0, -0.299448, -3.22459], [0, -4.5425, -2.32293]], [[0, -0.563, -0.583], [0, -0.406, -0.316]], [[-0.277, -0.563, -0.583], [-0.492, -0.406, -0.316]]]
2021-09-14 06:52:07,593 - fhvqe.experiment:658 - INFO - Preparing executables.
2021-09-14 06:52:07,593 - fhvqe.experiment:662 - DEBUG - ansatz with params: [[0.       0.841172 0.857071]
 [0.       0.       0.      ]]
2021-09-14 06:52:07,612 - fhvqe.experiment:553 - DEBUG - number of moments preoptimization: 51
2021-09-14 06:52:07,622 - fhvqe.experiment:554 - DEBUG - depth preoptimization: 51
2021-09-14 06:52:07,701 - fhvqe.experiment:595 - DEBUG - number of moments post-optimization and calibration: 37
2021-09-14 06:52:07,707 - fhvqe.experiment:596 - DEBUG - depth post-optimization and calibration: 37
2021-09-14 06:52:07,718 - fhvqe.experiment:553 - DEBUG - number of moments preoptimization: 55
2021-09-14 06:52:07,728 - fhvqe.experiment:554 - DEBUG - depth preoptimization: 55
2021-09-14 06:52:07,801 - fhvqe.experiment:595 - DEBUG - number of moments post-optimization and calibration: 41
2021-09-14 06:52:07,808 - fhvqe.experiment:596 - DEBUG - depth post-optimization and calibration: 41
2021-09-14 06:52:07,820 - fhvqe.experiment:553 - DEBUG - number of moments preoptimization: 49
2021-09-14 06:52:07,829 - fhvqe.experiment:554 - DEBUG - depth preoptimization: 49
2021-09-14 06:52:07,894 - fhvqe.experiment:595 - DEBUG - number of moments post-optimization and calibration: 37
2021-09-14 06:52:07,900 - fhvqe.experiment:596 - DEBUG - depth post-optimization and calibration: 37
2021-09-14 06:52:07,909 - fhvqe.experiment:662 - DEBUG - ansatz with params: [[0.      4.40345 2.22149]
 [0.      3.12223 4.17927]]
2021-09-14 06:52:07,929 - fhvqe.experiment:553 - DEBUG - number of moments preoptimization: 51
2021-09-14 06:52:07,938 - fhvqe.experiment:554 - DEBUG - depth preoptimization: 51
2021-09-14 06:52:08,017 - fhvqe.experiment:595 - DEBUG - number of moments post-optimization and calibration: 37
2021-09-14 06:52:08,024 - fhvqe.experiment:596 - DEBUG - depth post-optimization and calibration: 37
2021-09-14 06:52:08,035 - fhvqe.experiment:553 - DEBUG - number of moments preoptimization: 55
2021-09-14 06:52:08,046 - fhvqe.experiment:554 - DEBUG - depth preoptimization: 55
2021-09-14 06:52:08,119 - fhvqe.experiment:595 - DEBUG - number of moments post-optimization and calibration: 41
2021-09-14 06:52:08,127 - fhvqe.experiment:596 - DEBUG - depth post-optimization and calibration: 41
2021-09-14 06:52:08,140 - fhvqe.experiment:553 - DEBUG - number of moments preoptimization: 49
2021-09-14 06:52:08,148 - fhvqe.experiment:554 - DEBUG - depth preoptimization: 49
2021-09-14 06:52:08,213 - fhvqe.experiment:595 - DEBUG - number of moments post-optimization and calibration: 37
2021-09-14 06:52:08,219 - fhvqe.experiment:596 - DEBUG - depth post-optimization and calibration: 37
2021-09-14 06:52:08,228 - fhvqe.experiment:662 - DEBUG - ansatz with params: [[0.      3.04784 5.70529]
 [0.      4.01245 3.64854]]
2021-09-14 06:52:08,247 - fhvqe.experiment:553 - DEBUG - number of moments preoptimization: 51
2021-09-14 06:52:08,257 - fhvqe.experiment:554 - DEBUG - depth preoptimization: 51
2021-09-14 06:52:08,329 - fhvqe.experiment:595 - DEBUG - number of moments post-optimization and calibration: 37
2021-09-14 06:52:08,335 - fhvqe.experiment:596 - DEBUG - depth post-optimization and calibration: 37
2021-09-14 06:52:08,346 - fhvqe.experiment:553 - DEBUG - number of moments preoptimization: 55
2021-09-14 06:52:08,355 - fhvqe.experiment:554 - DEBUG - depth preoptimization: 55
2021-09-14 06:52:08,427 - fhvqe.experiment:595 - DEBUG - number of moments post-optimization and calibration: 41
2021-09-14 06:52:08,434 - fhvqe.experiment:596 - DEBUG - depth post-optimization and calibration: 41
2021-09-14 06:52:08,447 - fhvqe.experiment:553 - DEBUG - number of moments preoptimization: 49
2021-09-14 06:52:08,455 - fhvqe.experiment:554 - DEBUG - depth preoptimization: 49
2021-09-14 06:52:08,520 - fhvqe.experiment:595 - DEBUG - number of moments post-optimization and calibration: 37
2021-09-14 06:52:08,527 - fhvqe.experiment:596 - DEBUG - depth post-optimization and calibration: 37
2021-09-14 06:52:08,536 - fhvqe.experiment:662 - DEBUG - ansatz with params: [[0.       0.919596 3.58906 ]
 [0.       2.34207  4.81843 ]]
2021-09-14 06:52:08,554 - fhvqe.experiment:553 - DEBUG - number of moments preoptimization: 51
2021-09-14 06:52:08,564 - fhvqe.experiment:554 - DEBUG - depth preoptimization: 51
2021-09-14 06:52:08,635 - fhvqe.experiment:595 - DEBUG - number of moments post-optimization and calibration: 37
2021-09-14 06:52:08,641 - fhvqe.experiment:596 - DEBUG - depth post-optimization and calibration: 37
2021-09-14 06:52:08,652 - fhvqe.experiment:553 - DEBUG - number of moments preoptimization: 55
2021-09-14 06:52:08,663 - fhvqe.experiment:554 - DEBUG - depth preoptimization: 55
2021-09-14 06:52:08,734 - fhvqe.experiment:595 - DEBUG - number of moments post-optimization and calibration: 41
2021-09-14 06:52:08,741 - fhvqe.experiment:596 - DEBUG - depth post-optimization and calibration: 41
2021-09-14 06:52:08,754 - fhvqe.experiment:553 - DEBUG - number of moments preoptimization: 49
2021-09-14 06:52:08,763 - fhvqe.experiment:554 - DEBUG - depth preoptimization: 49
2021-09-14 06:52:08,860 - fhvqe.experiment:595 - DEBUG - number of moments post-optimization and calibration: 37
2021-09-14 06:52:08,868 - fhvqe.experiment:596 - DEBUG - depth post-optimization and calibration: 37
2021-09-14 06:52:08,877 - fhvqe.experiment:662 - DEBUG - ansatz with params: [[0.        1.15139   0.356395 ]
 [0.        0.0881259 2.82618  ]]
2021-09-14 06:52:08,903 - fhvqe.experiment:553 - DEBUG - number of moments preoptimization: 51
2021-09-14 06:52:08,916 - fhvqe.experiment:554 - DEBUG - depth preoptimization: 51
2021-09-14 06:52:09,002 - fhvqe.experiment:595 - DEBUG - number of moments post-optimization and calibration: 37
2021-09-14 06:52:09,009 - fhvqe.experiment:596 - DEBUG - depth post-optimization and calibration: 37
2021-09-14 06:52:09,020 - fhvqe.experiment:553 - DEBUG - number of moments preoptimization: 55
2021-09-14 06:52:09,030 - fhvqe.experiment:554 - DEBUG - depth preoptimization: 55
2021-09-14 06:52:09,101 - fhvqe.experiment:595 - DEBUG - number of moments post-optimization and calibration: 41
2021-09-14 06:52:09,108 - fhvqe.experiment:596 - DEBUG - depth post-optimization and calibration: 41
2021-09-14 06:52:09,121 - fhvqe.experiment:553 - DEBUG - number of moments preoptimization: 49
2021-09-14 06:52:09,130 - fhvqe.experiment:554 - DEBUG - depth preoptimization: 49
2021-09-14 06:52:09,195 - fhvqe.experiment:595 - DEBUG - number of moments post-optimization and calibration: 37
2021-09-14 06:52:09,201 - fhvqe.experiment:596 - DEBUG - depth post-optimization and calibration: 37
2021-09-14 06:52:09,210 - fhvqe.experiment:662 - DEBUG - ansatz with params: [[0.      2.38498 3.00926]
 [0.      2.39716 3.9606 ]]
2021-09-14 06:52:09,229 - fhvqe.experiment:553 - DEBUG - number of moments preoptimization: 51
2021-09-14 06:52:09,238 - fhvqe.experiment:554 - DEBUG - depth preoptimization: 51
2021-09-14 06:52:09,310 - fhvqe.experiment:595 - DEBUG - number of moments post-optimization and calibration: 37
2021-09-14 06:52:09,316 - fhvqe.experiment:596 - DEBUG - depth post-optimization and calibration: 37
2021-09-14 06:52:09,328 - fhvqe.experiment:553 - DEBUG - number of moments preoptimization: 55
2021-09-14 06:52:09,337 - fhvqe.experiment:554 - DEBUG - depth preoptimization: 55
2021-09-14 06:52:09,408 - fhvqe.experiment:595 - DEBUG - number of moments post-optimization and calibration: 41
2021-09-14 06:52:09,415 - fhvqe.experiment:596 - DEBUG - depth post-optimization and calibration: 41
2021-09-14 06:52:09,429 - fhvqe.experiment:553 - DEBUG - number of moments preoptimization: 49
2021-09-14 06:52:09,437 - fhvqe.experiment:554 - DEBUG - depth preoptimization: 49
2021-09-14 06:52:09,502 - fhvqe.experiment:595 - DEBUG - number of moments post-optimization and calibration: 37
2021-09-14 06:52:09,508 - fhvqe.experiment:596 - DEBUG - depth post-optimization and calibration: 37
2021-09-14 06:52:09,517 - fhvqe.experiment:662 - DEBUG - ansatz with params: [[0.       3.7131   0.592184]
 [0.       0.635129 1.45883 ]]
2021-09-14 06:52:09,537 - fhvqe.experiment:553 - DEBUG - number of moments preoptimization: 51
2021-09-14 06:52:09,546 - fhvqe.experiment:554 - DEBUG - depth preoptimization: 51
2021-09-14 06:52:09,617 - fhvqe.experiment:595 - DEBUG - number of moments post-optimization and calibration: 37
2021-09-14 06:52:09,623 - fhvqe.experiment:596 - DEBUG - depth post-optimization and calibration: 37
2021-09-14 06:52:09,635 - fhvqe.experiment:553 - DEBUG - number of moments preoptimization: 55
2021-09-14 06:52:09,645 - fhvqe.experiment:554 - DEBUG - depth preoptimization: 55
2021-09-14 06:52:09,716 - fhvqe.experiment:595 - DEBUG - number of moments post-optimization and calibration: 41
2021-09-14 06:52:09,723 - fhvqe.experiment:596 - DEBUG - depth post-optimization and calibration: 41
2021-09-14 06:52:09,736 - fhvqe.experiment:553 - DEBUG - number of moments preoptimization: 49
2021-09-14 06:52:09,745 - fhvqe.experiment:554 - DEBUG - depth preoptimization: 49
2021-09-14 06:52:09,811 - fhvqe.experiment:595 - DEBUG - number of moments post-optimization and calibration: 37
2021-09-14 06:52:09,817 - fhvqe.experiment:596 - DEBUG - depth post-optimization and calibration: 37
2021-09-14 06:52:09,825 - fhvqe.experiment:662 - DEBUG - ansatz with params: [[0.       2.82444  0.898211]
 [0.       3.66927  4.15525 ]]
2021-09-14 06:52:09,845 - fhvqe.experiment:553 - DEBUG - number of moments preoptimization: 51
2021-09-14 06:52:09,853 - fhvqe.experiment:554 - DEBUG - depth preoptimization: 51
2021-09-14 06:52:09,924 - fhvqe.experiment:595 - DEBUG - number of moments post-optimization and calibration: 37
2021-09-14 06:52:09,931 - fhvqe.experiment:596 - DEBUG - depth post-optimization and calibration: 37
2021-09-14 06:52:09,944 - fhvqe.experiment:553 - DEBUG - number of moments preoptimization: 55
2021-09-14 06:52:09,953 - fhvqe.experiment:554 - DEBUG - depth preoptimization: 55
2021-09-14 06:52:10,027 - fhvqe.experiment:595 - DEBUG - number of moments post-optimization and calibration: 41
2021-09-14 06:52:10,035 - fhvqe.experiment:596 - DEBUG - depth post-optimization and calibration: 41
2021-09-14 06:52:10,048 - fhvqe.experiment:553 - DEBUG - number of moments preoptimization: 49
2021-09-14 06:52:10,056 - fhvqe.experiment:554 - DEBUG - depth preoptimization: 49
2021-09-14 06:52:10,121 - fhvqe.experiment:595 - DEBUG - number of moments post-optimization and calibration: 37
2021-09-14 06:52:10,127 - fhvqe.experiment:596 - DEBUG - depth post-optimization and calibration: 37
2021-09-14 06:52:10,136 - fhvqe.experiment:662 - DEBUG - ansatz with params: [[0.      3.5479  1.33981]
 [0.      1.71022 2.84285]]
2021-09-14 06:52:10,155 - fhvqe.experiment:553 - DEBUG - number of moments preoptimization: 51
2021-09-14 06:52:10,164 - fhvqe.experiment:554 - DEBUG - depth preoptimization: 51
2021-09-14 06:52:10,235 - fhvqe.experiment:595 - DEBUG - number of moments post-optimization and calibration: 37
2021-09-14 06:52:10,241 - fhvqe.experiment:596 - DEBUG - depth post-optimization and calibration: 37
2021-09-14 06:52:10,252 - fhvqe.experiment:553 - DEBUG - number of moments preoptimization: 55
2021-09-14 06:52:10,262 - fhvqe.experiment:554 - DEBUG - depth preoptimization: 55
2021-09-14 06:52:10,334 - fhvqe.experiment:595 - DEBUG - number of moments post-optimization and calibration: 41
2021-09-14 06:52:10,341 - fhvqe.experiment:596 - DEBUG - depth post-optimization and calibration: 41
2021-09-14 06:52:10,354 - fhvqe.experiment:553 - DEBUG - number of moments preoptimization: 49
2021-09-14 06:52:10,363 - fhvqe.experiment:554 - DEBUG - depth preoptimization: 49
2021-09-14 06:52:10,427 - fhvqe.experiment:595 - DEBUG - number of moments post-optimization and calibration: 37
2021-09-14 06:52:10,433 - fhvqe.experiment:596 - DEBUG - depth post-optimization and calibration: 37
2021-09-14 06:52:10,442 - fhvqe.experiment:662 - DEBUG - ansatz with params: [[0.        0.0714766 0.898635 ]
 [0.        4.22934   2.26966  ]]
2021-09-14 06:52:10,461 - fhvqe.experiment:553 - DEBUG - number of moments preoptimization: 51
2021-09-14 06:52:10,470 - fhvqe.experiment:554 - DEBUG - depth preoptimization: 51
2021-09-14 06:52:10,542 - fhvqe.experiment:595 - DEBUG - number of moments post-optimization and calibration: 37
2021-09-14 06:52:10,549 - fhvqe.experiment:596 - DEBUG - depth post-optimization and calibration: 37
2021-09-14 06:52:10,559 - fhvqe.experiment:553 - DEBUG - number of moments preoptimization: 55
2021-09-14 06:52:10,570 - fhvqe.experiment:554 - DEBUG - depth preoptimization: 55
2021-09-14 06:52:10,641 - fhvqe.experiment:595 - DEBUG - number of moments post-optimization and calibration: 41
2021-09-14 06:52:10,648 - fhvqe.experiment:596 - DEBUG - depth post-optimization and calibration: 41
2021-09-14 06:52:10,661 - fhvqe.experiment:553 - DEBUG - number of moments preoptimization: 49
2021-09-14 06:52:10,670 - fhvqe.experiment:554 - DEBUG - depth preoptimization: 49
2021-09-14 06:52:10,735 - fhvqe.experiment:595 - DEBUG - number of moments post-optimization and calibration: 37
2021-09-14 06:52:10,741 - fhvqe.experiment:596 - DEBUG - depth post-optimization and calibration: 37
2021-09-14 06:52:10,750 - fhvqe.experiment:662 - DEBUG - ansatz with params: [[0.      3.07888 1.31344]
 [0.      1.32223 3.05705]]
2021-09-14 06:52:10,770 - fhvqe.experiment:553 - DEBUG - number of moments preoptimization: 51
2021-09-14 06:52:10,779 - fhvqe.experiment:554 - DEBUG - depth preoptimization: 51
2021-09-14 06:52:10,850 - fhvqe.experiment:595 - DEBUG - number of moments post-optimization and calibration: 37
2021-09-14 06:52:10,856 - fhvqe.experiment:596 - DEBUG - depth post-optimization and calibration: 37
2021-09-14 06:52:10,868 - fhvqe.experiment:553 - DEBUG - number of moments preoptimization: 55
2021-09-14 06:52:10,877 - fhvqe.experiment:554 - DEBUG - depth preoptimization: 55
2021-09-14 06:52:10,952 - fhvqe.experiment:595 - DEBUG - number of moments post-optimization and calibration: 41
2021-09-14 06:52:10,959 - fhvqe.experiment:596 - DEBUG - depth post-optimization and calibration: 41
2021-09-14 06:52:10,972 - fhvqe.experiment:553 - DEBUG - number of moments preoptimization: 49
2021-09-14 06:52:10,982 - fhvqe.experiment:554 - DEBUG - depth preoptimization: 49
2021-09-14 06:52:11,048 - fhvqe.experiment:595 - DEBUG - number of moments post-optimization and calibration: 37
2021-09-14 06:52:11,054 - fhvqe.experiment:596 - DEBUG - depth post-optimization and calibration: 37
2021-09-14 06:52:11,062 - fhvqe.experiment:662 - DEBUG - ansatz with params: [[0.        0.0714766 0.898635 ]
 [0.        3.10645   4.57853  ]]
2021-09-14 06:52:11,082 - fhvqe.experiment:553 - DEBUG - number of moments preoptimization: 51
2021-09-14 06:52:11,090 - fhvqe.experiment:554 - DEBUG - depth preoptimization: 51
2021-09-14 06:52:11,161 - fhvqe.experiment:595 - DEBUG - number of moments post-optimization and calibration: 37
2021-09-14 06:52:11,167 - fhvqe.experiment:596 - DEBUG - depth post-optimization and calibration: 37
2021-09-14 06:52:11,178 - fhvqe.experiment:553 - DEBUG - number of moments preoptimization: 55
2021-09-14 06:52:11,188 - fhvqe.experiment:554 - DEBUG - depth preoptimization: 55
2021-09-14 06:52:11,259 - fhvqe.experiment:595 - DEBUG - number of moments post-optimization and calibration: 41
2021-09-14 06:52:11,266 - fhvqe.experiment:596 - DEBUG - depth post-optimization and calibration: 41
2021-09-14 06:52:11,279 - fhvqe.experiment:553 - DEBUG - number of moments preoptimization: 49
2021-09-14 06:52:11,288 - fhvqe.experiment:554 - DEBUG - depth preoptimization: 49
2021-09-14 06:52:11,352 - fhvqe.experiment:595 - DEBUG - number of moments post-optimization and calibration: 37
2021-09-14 06:52:11,358 - fhvqe.experiment:596 - DEBUG - depth post-optimization and calibration: 37
2021-09-14 06:52:11,367 - fhvqe.experiment:662 - DEBUG - ansatz with params: [[0.       0.349024 2.96318 ]
 [0.       4.46903  0.142   ]]
2021-09-14 06:52:11,386 - fhvqe.experiment:553 - DEBUG - number of moments preoptimization: 51
2021-09-14 06:52:11,395 - fhvqe.experiment:554 - DEBUG - depth preoptimization: 51
2021-09-14 06:52:11,465 - fhvqe.experiment:595 - DEBUG - number of moments post-optimization and calibration: 37
2021-09-14 06:52:11,472 - fhvqe.experiment:596 - DEBUG - depth post-optimization and calibration: 37
2021-09-14 06:52:11,483 - fhvqe.experiment:553 - DEBUG - number of moments preoptimization: 55
2021-09-14 06:52:11,492 - fhvqe.experiment:554 - DEBUG - depth preoptimization: 55
2021-09-14 06:52:11,563 - fhvqe.experiment:595 - DEBUG - number of moments post-optimization and calibration: 41
2021-09-14 06:52:11,571 - fhvqe.experiment:596 - DEBUG - depth post-optimization and calibration: 41
2021-09-14 06:52:11,585 - fhvqe.experiment:553 - DEBUG - number of moments preoptimization: 49
2021-09-14 06:52:11,593 - fhvqe.experiment:554 - DEBUG - depth preoptimization: 49
2021-09-14 06:52:11,657 - fhvqe.experiment:595 - DEBUG - number of moments post-optimization and calibration: 37
2021-09-14 06:52:11,663 - fhvqe.experiment:596 - DEBUG - depth post-optimization and calibration: 37
2021-09-14 06:52:11,672 - fhvqe.experiment:662 - DEBUG - ansatz with params: [[0.       0.349024 2.96318 ]
 [0.       5.37895  5.4726  ]]
2021-09-14 06:52:11,691 - fhvqe.experiment:553 - DEBUG - number of moments preoptimization: 51
2021-09-14 06:52:11,700 - fhvqe.experiment:554 - DEBUG - depth preoptimization: 51
2021-09-14 06:52:11,771 - fhvqe.experiment:595 - DEBUG - number of moments post-optimization and calibration: 37
2021-09-14 06:52:11,777 - fhvqe.experiment:596 - DEBUG - depth post-optimization and calibration: 37
2021-09-14 06:52:11,789 - fhvqe.experiment:553 - DEBUG - number of moments preoptimization: 55
2021-09-14 06:52:11,799 - fhvqe.experiment:554 - DEBUG - depth preoptimization: 55
2021-09-14 06:52:11,871 - fhvqe.experiment:595 - DEBUG - number of moments post-optimization and calibration: 41
2021-09-14 06:52:11,877 - fhvqe.experiment:596 - DEBUG - depth post-optimization and calibration: 41
2021-09-14 06:52:11,891 - fhvqe.experiment:553 - DEBUG - number of moments preoptimization: 49
2021-09-14 06:52:11,900 - fhvqe.experiment:554 - DEBUG - depth preoptimization: 49
2021-09-14 06:52:11,968 - fhvqe.experiment:595 - DEBUG - number of moments post-optimization and calibration: 37
2021-09-14 06:52:11,974 - fhvqe.experiment:596 - DEBUG - depth post-optimization and calibration: 37
2021-09-14 06:52:11,983 - fhvqe.experiment:662 - DEBUG - ansatz with params: [[0.      2.38498 3.00926]
 [0.      4.93441 4.41509]]
2021-09-14 06:52:12,003 - fhvqe.experiment:553 - DEBUG - number of moments preoptimization: 51
2021-09-14 06:52:12,013 - fhvqe.experiment:554 - DEBUG - depth preoptimization: 51
2021-09-14 06:52:12,086 - fhvqe.experiment:595 - DEBUG - number of moments post-optimization and calibration: 37
2021-09-14 06:52:12,092 - fhvqe.experiment:596 - DEBUG - depth post-optimization and calibration: 37
2021-09-14 06:52:12,103 - fhvqe.experiment:553 - DEBUG - number of moments preoptimization: 55
2021-09-14 06:52:12,113 - fhvqe.experiment:554 - DEBUG - depth preoptimization: 55
2021-09-14 06:52:12,185 - fhvqe.experiment:595 - DEBUG - number of moments post-optimization and calibration: 41
2021-09-14 06:52:12,192 - fhvqe.experiment:596 - DEBUG - depth post-optimization and calibration: 41
2021-09-14 06:52:12,205 - fhvqe.experiment:553 - DEBUG - number of moments preoptimization: 49
2021-09-14 06:52:12,214 - fhvqe.experiment:554 - DEBUG - depth preoptimization: 49
2021-09-14 06:52:12,279 - fhvqe.experiment:595 - DEBUG - number of moments post-optimization and calibration: 37
2021-09-14 06:52:12,285 - fhvqe.experiment:596 - DEBUG - depth post-optimization and calibration: 37
2021-09-14 06:52:12,294 - fhvqe.experiment:662 - DEBUG - ansatz with params: [[0.       0.299448 3.22459 ]
 [0.       4.5425   2.32293 ]]
2021-09-14 06:52:12,313 - fhvqe.experiment:553 - DEBUG - number of moments preoptimization: 51
2021-09-14 06:52:12,323 - fhvqe.experiment:554 - DEBUG - depth preoptimization: 51
2021-09-14 06:52:12,394 - fhvqe.experiment:595 - DEBUG - number of moments post-optimization and calibration: 37
2021-09-14 06:52:12,400 - fhvqe.experiment:596 - DEBUG - depth post-optimization and calibration: 37
2021-09-14 06:52:12,411 - fhvqe.experiment:553 - DEBUG - number of moments preoptimization: 55
2021-09-14 06:52:12,421 - fhvqe.experiment:554 - DEBUG - depth preoptimization: 55
2021-09-14 06:52:12,492 - fhvqe.experiment:595 - DEBUG - number of moments post-optimization and calibration: 41
2021-09-14 06:52:12,499 - fhvqe.experiment:596 - DEBUG - depth post-optimization and calibration: 41
2021-09-14 06:52:12,512 - fhvqe.experiment:553 - DEBUG - number of moments preoptimization: 49
2021-09-14 06:52:12,521 - fhvqe.experiment:554 - DEBUG - depth preoptimization: 49
2021-09-14 06:52:12,586 - fhvqe.experiment:595 - DEBUG - number of moments post-optimization and calibration: 37
2021-09-14 06:52:12,592 - fhvqe.experiment:596 - DEBUG - depth post-optimization and calibration: 37
2021-09-14 06:52:12,601 - fhvqe.experiment:662 - DEBUG - ansatz with params: [[0.    0.563 0.583]
 [0.    0.406 0.316]]
2021-09-14 06:52:12,620 - fhvqe.experiment:553 - DEBUG - number of moments preoptimization: 51
2021-09-14 06:52:12,629 - fhvqe.experiment:554 - DEBUG - depth preoptimization: 51
2021-09-14 06:52:12,700 - fhvqe.experiment:595 - DEBUG - number of moments post-optimization and calibration: 37
2021-09-14 06:52:12,706 - fhvqe.experiment:596 - DEBUG - depth post-optimization and calibration: 37
2021-09-14 06:52:12,717 - fhvqe.experiment:553 - DEBUG - number of moments preoptimization: 55
2021-09-14 06:52:12,727 - fhvqe.experiment:554 - DEBUG - depth preoptimization: 55
2021-09-14 06:52:12,799 - fhvqe.experiment:595 - DEBUG - number of moments post-optimization and calibration: 41
2021-09-14 06:52:12,806 - fhvqe.experiment:596 - DEBUG - depth post-optimization and calibration: 41
2021-09-14 06:52:12,819 - fhvqe.experiment:553 - DEBUG - number of moments preoptimization: 49
2021-09-14 06:52:12,828 - fhvqe.experiment:554 - DEBUG - depth preoptimization: 49
2021-09-14 06:52:12,894 - fhvqe.experiment:595 - DEBUG - number of moments post-optimization and calibration: 37
2021-09-14 06:52:12,900 - fhvqe.experiment:596 - DEBUG - depth post-optimization and calibration: 37
2021-09-14 06:52:12,909 - fhvqe.experiment:662 - DEBUG - ansatz with params: [[0.277 0.563 0.583]
 [0.492 0.406 0.316]]
2021-09-14 06:52:12,928 - fhvqe.experiment:553 - DEBUG - number of moments preoptimization: 51
2021-09-14 06:52:12,937 - fhvqe.experiment:554 - DEBUG - depth preoptimization: 51
2021-09-14 06:52:13,011 - fhvqe.experiment:595 - DEBUG - number of moments post-optimization and calibration: 37
2021-09-14 06:52:13,018 - fhvqe.experiment:596 - DEBUG - depth post-optimization and calibration: 37
2021-09-14 06:52:13,030 - fhvqe.experiment:553 - DEBUG - number of moments preoptimization: 55
2021-09-14 06:52:13,040 - fhvqe.experiment:554 - DEBUG - depth preoptimization: 55
2021-09-14 06:52:13,112 - fhvqe.experiment:595 - DEBUG - number of moments post-optimization and calibration: 41
2021-09-14 06:52:13,119 - fhvqe.experiment:596 - DEBUG - depth post-optimization and calibration: 41
2021-09-14 06:52:13,132 - fhvqe.experiment:553 - DEBUG - number of moments preoptimization: 49
2021-09-14 06:52:13,141 - fhvqe.experiment:554 - DEBUG - depth preoptimization: 49
2021-09-14 06:52:13,206 - fhvqe.experiment:595 - DEBUG - number of moments post-optimization and calibration: 37
2021-09-14 06:52:13,212 - fhvqe.experiment:596 - DEBUG - depth post-optimization and calibration: 37
2021-09-14 06:52:13,221 - fhvqe.experiment:662 - DEBUG - ansatz with params: [[ 0.       -0.841172 -0.857071]
 [ 0.        0.        0.      ]]
2021-09-14 06:52:13,241 - fhvqe.experiment:553 - DEBUG - number of moments preoptimization: 51
2021-09-14 06:52:13,250 - fhvqe.experiment:554 - DEBUG - depth preoptimization: 51
2021-09-14 06:52:13,320 - fhvqe.experiment:595 - DEBUG - number of moments post-optimization and calibration: 37
2021-09-14 06:52:13,326 - fhvqe.experiment:596 - DEBUG - depth post-optimization and calibration: 37
2021-09-14 06:52:13,337 - fhvqe.experiment:553 - DEBUG - number of moments preoptimization: 55
2021-09-14 06:52:13,346 - fhvqe.experiment:554 - DEBUG - depth preoptimization: 55
2021-09-14 06:52:13,418 - fhvqe.experiment:595 - DEBUG - number of moments post-optimization and calibration: 41
2021-09-14 06:52:13,426 - fhvqe.experiment:596 - DEBUG - depth post-optimization and calibration: 41
2021-09-14 06:52:13,439 - fhvqe.experiment:553 - DEBUG - number of moments preoptimization: 49
2021-09-14 06:52:13,447 - fhvqe.experiment:554 - DEBUG - depth preoptimization: 49
2021-09-14 06:52:13,512 - fhvqe.experiment:595 - DEBUG - number of moments post-optimization and calibration: 37
2021-09-14 06:52:13,518 - fhvqe.experiment:596 - DEBUG - depth post-optimization and calibration: 37
2021-09-14 06:52:13,527 - fhvqe.experiment:662 - DEBUG - ansatz with params: [[ 0.      -4.40345 -2.22149]
 [ 0.      -3.12223 -4.17927]]
2021-09-14 06:52:13,546 - fhvqe.experiment:553 - DEBUG - number of moments preoptimization: 51
2021-09-14 06:52:13,556 - fhvqe.experiment:554 - DEBUG - depth preoptimization: 51
2021-09-14 06:52:13,627 - fhvqe.experiment:595 - DEBUG - number of moments post-optimization and calibration: 37
2021-09-14 06:52:13,633 - fhvqe.experiment:596 - DEBUG - depth post-optimization and calibration: 37
2021-09-14 06:52:13,644 - fhvqe.experiment:553 - DEBUG - number of moments preoptimization: 55
2021-09-14 06:52:13,654 - fhvqe.experiment:554 - DEBUG - depth preoptimization: 55
2021-09-14 06:52:13,726 - fhvqe.experiment:595 - DEBUG - number of moments post-optimization and calibration: 41
2021-09-14 06:52:13,733 - fhvqe.experiment:596 - DEBUG - depth post-optimization and calibration: 41
2021-09-14 06:52:13,746 - fhvqe.experiment:553 - DEBUG - number of moments preoptimization: 49
2021-09-14 06:52:13,755 - fhvqe.experiment:554 - DEBUG - depth preoptimization: 49
2021-09-14 06:52:13,819 - fhvqe.experiment:595 - DEBUG - number of moments post-optimization and calibration: 37
2021-09-14 06:52:13,827 - fhvqe.experiment:596 - DEBUG - depth post-optimization and calibration: 37
2021-09-14 06:52:13,839 - fhvqe.experiment:662 - DEBUG - ansatz with params: [[ 0.      -3.04784 -5.70529]
 [ 0.      -4.01245 -3.64854]]
2021-09-14 06:52:13,862 - fhvqe.experiment:553 - DEBUG - number of moments preoptimization: 51
2021-09-14 06:52:13,872 - fhvqe.experiment:554 - DEBUG - depth preoptimization: 51
2021-09-14 06:52:13,945 - fhvqe.experiment:595 - DEBUG - number of moments post-optimization and calibration: 37
2021-09-14 06:52:13,951 - fhvqe.experiment:596 - DEBUG - depth post-optimization and calibration: 37
2021-09-14 06:52:13,962 - fhvqe.experiment:553 - DEBUG - number of moments preoptimization: 55
2021-09-14 06:52:13,972 - fhvqe.experiment:554 - DEBUG - depth preoptimization: 55
2021-09-14 06:52:14,046 - fhvqe.experiment:595 - DEBUG - number of moments post-optimization and calibration: 41
2021-09-14 06:52:14,054 - fhvqe.experiment:596 - DEBUG - depth post-optimization and calibration: 41
2021-09-14 06:52:14,067 - fhvqe.experiment:553 - DEBUG - number of moments preoptimization: 49
2021-09-14 06:52:14,076 - fhvqe.experiment:554 - DEBUG - depth preoptimization: 49
2021-09-14 06:52:14,140 - fhvqe.experiment:595 - DEBUG - number of moments post-optimization and calibration: 37
2021-09-14 06:52:14,146 - fhvqe.experiment:596 - DEBUG - depth post-optimization and calibration: 37
2021-09-14 06:52:14,155 - fhvqe.experiment:662 - DEBUG - ansatz with params: [[ 0.       -0.919596 -3.58906 ]
 [ 0.       -2.34207  -4.81843 ]]
2021-09-14 06:52:14,174 - fhvqe.experiment:553 - DEBUG - number of moments preoptimization: 51
2021-09-14 06:52:14,183 - fhvqe.experiment:554 - DEBUG - depth preoptimization: 51
2021-09-14 06:52:14,260 - fhvqe.experiment:595 - DEBUG - number of moments post-optimization and calibration: 37
2021-09-14 06:52:14,266 - fhvqe.experiment:596 - DEBUG - depth post-optimization and calibration: 37
2021-09-14 06:52:14,277 - fhvqe.experiment:553 - DEBUG - number of moments preoptimization: 55
2021-09-14 06:52:14,286 - fhvqe.experiment:554 - DEBUG - depth preoptimization: 55
2021-09-14 06:52:14,359 - fhvqe.experiment:595 - DEBUG - number of moments post-optimization and calibration: 41
2021-09-14 06:52:14,365 - fhvqe.experiment:596 - DEBUG - depth post-optimization and calibration: 41
2021-09-14 06:52:14,378 - fhvqe.experiment:553 - DEBUG - number of moments preoptimization: 49
2021-09-14 06:52:14,387 - fhvqe.experiment:554 - DEBUG - depth preoptimization: 49
2021-09-14 06:52:14,453 - fhvqe.experiment:595 - DEBUG - number of moments post-optimization and calibration: 37
2021-09-14 06:52:14,459 - fhvqe.experiment:596 - DEBUG - depth post-optimization and calibration: 37
2021-09-14 06:52:14,468 - fhvqe.experiment:662 - DEBUG - ansatz with params: [[ 0.        -1.15139   -0.356395 ]
 [ 0.        -0.0881259 -2.82618  ]]
2021-09-14 06:52:14,488 - fhvqe.experiment:553 - DEBUG - number of moments preoptimization: 51
2021-09-14 06:52:14,497 - fhvqe.experiment:554 - DEBUG - depth preoptimization: 51
2021-09-14 06:52:14,568 - fhvqe.experiment:595 - DEBUG - number of moments post-optimization and calibration: 37
2021-09-14 06:52:14,574 - fhvqe.experiment:596 - DEBUG - depth post-optimization and calibration: 37
2021-09-14 06:52:14,585 - fhvqe.experiment:553 - DEBUG - number of moments preoptimization: 55
2021-09-14 06:52:14,595 - fhvqe.experiment:554 - DEBUG - depth preoptimization: 55
2021-09-14 06:52:14,714 - fhvqe.experiment:595 - DEBUG - number of moments post-optimization and calibration: 41
2021-09-14 06:52:14,725 - fhvqe.experiment:596 - DEBUG - depth post-optimization and calibration: 41
2021-09-14 06:52:14,742 - fhvqe.experiment:553 - DEBUG - number of moments preoptimization: 49
2021-09-14 06:52:14,753 - fhvqe.experiment:554 - DEBUG - depth preoptimization: 49
2021-09-14 06:52:14,843 - fhvqe.experiment:595 - DEBUG - number of moments post-optimization and calibration: 37
2021-09-14 06:52:14,850 - fhvqe.experiment:596 - DEBUG - depth post-optimization and calibration: 37
2021-09-14 06:52:14,861 - fhvqe.experiment:662 - DEBUG - ansatz with params: [[ 0.      -2.38498 -3.00926]
 [ 0.      -2.39716 -3.9606 ]]
2021-09-14 06:52:14,880 - fhvqe.experiment:553 - DEBUG - number of moments preoptimization: 51
2021-09-14 06:52:14,889 - fhvqe.experiment:554 - DEBUG - depth preoptimization: 51
2021-09-14 06:52:14,977 - fhvqe.experiment:595 - DEBUG - number of moments post-optimization and calibration: 37
2021-09-14 06:52:14,984 - fhvqe.experiment:596 - DEBUG - depth post-optimization and calibration: 37
2021-09-14 06:52:15,000 - fhvqe.experiment:553 - DEBUG - number of moments preoptimization: 55
2021-09-14 06:52:15,010 - fhvqe.experiment:554 - DEBUG - depth preoptimization: 55
2021-09-14 06:52:15,082 - fhvqe.experiment:595 - DEBUG - number of moments post-optimization and calibration: 41
2021-09-14 06:52:15,092 - fhvqe.experiment:596 - DEBUG - depth post-optimization and calibration: 41
2021-09-14 06:52:15,108 - fhvqe.experiment:553 - DEBUG - number of moments preoptimization: 49
2021-09-14 06:52:15,117 - fhvqe.experiment:554 - DEBUG - depth preoptimization: 49
2021-09-14 06:52:15,182 - fhvqe.experiment:595 - DEBUG - number of moments post-optimization and calibration: 37
2021-09-14 06:52:15,188 - fhvqe.experiment:596 - DEBUG - depth post-optimization and calibration: 37
2021-09-14 06:52:15,197 - fhvqe.experiment:662 - DEBUG - ansatz with params: [[ 0.       -3.7131   -0.592184]
 [ 0.       -0.635129 -1.45883 ]]
2021-09-14 06:52:15,216 - fhvqe.experiment:553 - DEBUG - number of moments preoptimization: 51
2021-09-14 06:52:15,225 - fhvqe.experiment:554 - DEBUG - depth preoptimization: 51
2021-09-14 06:52:15,296 - fhvqe.experiment:595 - DEBUG - number of moments post-optimization and calibration: 37
2021-09-14 06:52:15,303 - fhvqe.experiment:596 - DEBUG - depth post-optimization and calibration: 37
2021-09-14 06:52:15,314 - fhvqe.experiment:553 - DEBUG - number of moments preoptimization: 55
2021-09-14 06:52:15,323 - fhvqe.experiment:554 - DEBUG - depth preoptimization: 55
2021-09-14 06:52:15,396 - fhvqe.experiment:595 - DEBUG - number of moments post-optimization and calibration: 41
2021-09-14 06:52:15,403 - fhvqe.experiment:596 - DEBUG - depth post-optimization and calibration: 41
2021-09-14 06:52:15,416 - fhvqe.experiment:553 - DEBUG - number of moments preoptimization: 49
2021-09-14 06:52:15,424 - fhvqe.experiment:554 - DEBUG - depth preoptimization: 49
2021-09-14 06:52:15,488 - fhvqe.experiment:595 - DEBUG - number of moments post-optimization and calibration: 37
2021-09-14 06:52:15,494 - fhvqe.experiment:596 - DEBUG - depth post-optimization and calibration: 37
2021-09-14 06:52:15,503 - fhvqe.experiment:662 - DEBUG - ansatz with params: [[ 0.       -2.82444  -0.898211]
 [ 0.       -3.66927  -4.15525 ]]
2021-09-14 06:52:15,522 - fhvqe.experiment:553 - DEBUG - number of moments preoptimization: 51
2021-09-14 06:52:15,531 - fhvqe.experiment:554 - DEBUG - depth preoptimization: 51
2021-09-14 06:52:15,603 - fhvqe.experiment:595 - DEBUG - number of moments post-optimization and calibration: 37
2021-09-14 06:52:15,609 - fhvqe.experiment:596 - DEBUG - depth post-optimization and calibration: 37
2021-09-14 06:52:15,619 - fhvqe.experiment:553 - DEBUG - number of moments preoptimization: 55
2021-09-14 06:52:15,630 - fhvqe.experiment:554 - DEBUG - depth preoptimization: 55
2021-09-14 06:52:15,701 - fhvqe.experiment:595 - DEBUG - number of moments post-optimization and calibration: 41
2021-09-14 06:52:15,707 - fhvqe.experiment:596 - DEBUG - depth post-optimization and calibration: 41
2021-09-14 06:52:15,720 - fhvqe.experiment:553 - DEBUG - number of moments preoptimization: 49
2021-09-14 06:52:15,729 - fhvqe.experiment:554 - DEBUG - depth preoptimization: 49
2021-09-14 06:52:15,794 - fhvqe.experiment:595 - DEBUG - number of moments post-optimization and calibration: 37
2021-09-14 06:52:15,800 - fhvqe.experiment:596 - DEBUG - depth post-optimization and calibration: 37
2021-09-14 06:52:15,809 - fhvqe.experiment:662 - DEBUG - ansatz with params: [[ 0.      -3.5479  -1.33981]
 [ 0.      -1.71022 -2.84285]]
2021-09-14 06:52:15,909 - fhvqe.experiment:553 - DEBUG - number of moments preoptimization: 51
2021-09-14 06:52:15,918 - fhvqe.experiment:554 - DEBUG - depth preoptimization: 51
2021-09-14 06:52:15,990 - fhvqe.experiment:595 - DEBUG - number of moments post-optimization and calibration: 37
2021-09-14 06:52:15,998 - fhvqe.experiment:596 - DEBUG - depth post-optimization and calibration: 37
2021-09-14 06:52:16,009 - fhvqe.experiment:553 - DEBUG - number of moments preoptimization: 55
2021-09-14 06:52:16,019 - fhvqe.experiment:554 - DEBUG - depth preoptimization: 55
2021-09-14 06:52:16,090 - fhvqe.experiment:595 - DEBUG - number of moments post-optimization and calibration: 41
2021-09-14 06:52:16,097 - fhvqe.experiment:596 - DEBUG - depth post-optimization and calibration: 41
2021-09-14 06:52:16,110 - fhvqe.experiment:553 - DEBUG - number of moments preoptimization: 49
2021-09-14 06:52:16,118 - fhvqe.experiment:554 - DEBUG - depth preoptimization: 49
2021-09-14 06:52:16,183 - fhvqe.experiment:595 - DEBUG - number of moments post-optimization and calibration: 37
2021-09-14 06:52:16,189 - fhvqe.experiment:596 - DEBUG - depth post-optimization and calibration: 37
2021-09-14 06:52:16,198 - fhvqe.experiment:662 - DEBUG - ansatz with params: [[ 0.        -0.0714766 -0.898635 ]
 [ 0.        -4.22934   -2.26966  ]]
2021-09-14 06:52:16,217 - fhvqe.experiment:553 - DEBUG - number of moments preoptimization: 51
2021-09-14 06:52:16,226 - fhvqe.experiment:554 - DEBUG - depth preoptimization: 51
2021-09-14 06:52:16,305 - fhvqe.experiment:595 - DEBUG - number of moments post-optimization and calibration: 37
2021-09-14 06:52:16,312 - fhvqe.experiment:596 - DEBUG - depth post-optimization and calibration: 37
2021-09-14 06:52:16,323 - fhvqe.experiment:553 - DEBUG - number of moments preoptimization: 55
2021-09-14 06:52:16,333 - fhvqe.experiment:554 - DEBUG - depth preoptimization: 55
2021-09-14 06:52:16,405 - fhvqe.experiment:595 - DEBUG - number of moments post-optimization and calibration: 41
2021-09-14 06:52:16,411 - fhvqe.experiment:596 - DEBUG - depth post-optimization and calibration: 41
2021-09-14 06:52:16,424 - fhvqe.experiment:553 - DEBUG - number of moments preoptimization: 49
2021-09-14 06:52:16,433 - fhvqe.experiment:554 - DEBUG - depth preoptimization: 49
2021-09-14 06:52:16,498 - fhvqe.experiment:595 - DEBUG - number of moments post-optimization and calibration: 37
2021-09-14 06:52:16,504 - fhvqe.experiment:596 - DEBUG - depth post-optimization and calibration: 37
2021-09-14 06:52:16,513 - fhvqe.experiment:662 - DEBUG - ansatz with params: [[ 0.      -3.07888 -1.31344]
 [ 0.      -1.32223 -3.05705]]
2021-09-14 06:52:16,532 - fhvqe.experiment:553 - DEBUG - number of moments preoptimization: 51
2021-09-14 06:52:16,541 - fhvqe.experiment:554 - DEBUG - depth preoptimization: 51
2021-09-14 06:52:16,613 - fhvqe.experiment:595 - DEBUG - number of moments post-optimization and calibration: 37
2021-09-14 06:52:16,618 - fhvqe.experiment:596 - DEBUG - depth post-optimization and calibration: 37
2021-09-14 06:52:16,630 - fhvqe.experiment:553 - DEBUG - number of moments preoptimization: 55
2021-09-14 06:52:16,640 - fhvqe.experiment:554 - DEBUG - depth preoptimization: 55
2021-09-14 06:52:16,711 - fhvqe.experiment:595 - DEBUG - number of moments post-optimization and calibration: 41
2021-09-14 06:52:16,718 - fhvqe.experiment:596 - DEBUG - depth post-optimization and calibration: 41
2021-09-14 06:52:16,732 - fhvqe.experiment:553 - DEBUG - number of moments preoptimization: 49
2021-09-14 06:52:16,741 - fhvqe.experiment:554 - DEBUG - depth preoptimization: 49
2021-09-14 06:52:16,805 - fhvqe.experiment:595 - DEBUG - number of moments post-optimization and calibration: 37
2021-09-14 06:52:16,812 - fhvqe.experiment:596 - DEBUG - depth post-optimization and calibration: 37
2021-09-14 06:52:16,821 - fhvqe.experiment:662 - DEBUG - ansatz with params: [[ 0.        -0.0714766 -0.898635 ]
 [ 0.        -3.10645   -4.57853  ]]
2021-09-14 06:52:16,840 - fhvqe.experiment:553 - DEBUG - number of moments preoptimization: 51
2021-09-14 06:52:16,849 - fhvqe.experiment:554 - DEBUG - depth preoptimization: 51
2021-09-14 06:52:16,920 - fhvqe.experiment:595 - DEBUG - number of moments post-optimization and calibration: 37
2021-09-14 06:52:16,926 - fhvqe.experiment:596 - DEBUG - depth post-optimization and calibration: 37
2021-09-14 06:52:16,937 - fhvqe.experiment:553 - DEBUG - number of moments preoptimization: 55
2021-09-14 06:52:16,947 - fhvqe.experiment:554 - DEBUG - depth preoptimization: 55
2021-09-14 06:52:17,018 - fhvqe.experiment:595 - DEBUG - number of moments post-optimization and calibration: 41
2021-09-14 06:52:17,025 - fhvqe.experiment:596 - DEBUG - depth post-optimization and calibration: 41
2021-09-14 06:52:17,039 - fhvqe.experiment:553 - DEBUG - number of moments preoptimization: 49
2021-09-14 06:52:17,047 - fhvqe.experiment:554 - DEBUG - depth preoptimization: 49
2021-09-14 06:52:17,112 - fhvqe.experiment:595 - DEBUG - number of moments post-optimization and calibration: 37
2021-09-14 06:52:17,118 - fhvqe.experiment:596 - DEBUG - depth post-optimization and calibration: 37
2021-09-14 06:52:17,127 - fhvqe.experiment:662 - DEBUG - ansatz with params: [[ 0.       -0.349024 -2.96318 ]
 [ 0.       -4.46903  -0.142   ]]
2021-09-14 06:52:17,147 - fhvqe.experiment:553 - DEBUG - number of moments preoptimization: 51
2021-09-14 06:52:17,156 - fhvqe.experiment:554 - DEBUG - depth preoptimization: 51
2021-09-14 06:52:17,226 - fhvqe.experiment:595 - DEBUG - number of moments post-optimization and calibration: 37
2021-09-14 06:52:17,233 - fhvqe.experiment:596 - DEBUG - depth post-optimization and calibration: 37
2021-09-14 06:52:17,244 - fhvqe.experiment:553 - DEBUG - number of moments preoptimization: 55
2021-09-14 06:52:17,253 - fhvqe.experiment:554 - DEBUG - depth preoptimization: 55
2021-09-14 06:52:17,325 - fhvqe.experiment:595 - DEBUG - number of moments post-optimization and calibration: 41
2021-09-14 06:52:17,332 - fhvqe.experiment:596 - DEBUG - depth post-optimization and calibration: 41
2021-09-14 06:52:17,345 - fhvqe.experiment:553 - DEBUG - number of moments preoptimization: 49
2021-09-14 06:52:17,354 - fhvqe.experiment:554 - DEBUG - depth preoptimization: 49
2021-09-14 06:52:17,418 - fhvqe.experiment:595 - DEBUG - number of moments post-optimization and calibration: 37
2021-09-14 06:52:17,424 - fhvqe.experiment:596 - DEBUG - depth post-optimization and calibration: 37
2021-09-14 06:52:17,433 - fhvqe.experiment:662 - DEBUG - ansatz with params: [[ 0.       -0.349024 -2.96318 ]
 [ 0.       -5.37895  -5.4726  ]]
2021-09-14 06:52:17,453 - fhvqe.experiment:553 - DEBUG - number of moments preoptimization: 51
2021-09-14 06:52:17,463 - fhvqe.experiment:554 - DEBUG - depth preoptimization: 51
2021-09-14 06:52:17,536 - fhvqe.experiment:595 - DEBUG - number of moments post-optimization and calibration: 37
2021-09-14 06:52:17,542 - fhvqe.experiment:596 - DEBUG - depth post-optimization and calibration: 37
2021-09-14 06:52:17,553 - fhvqe.experiment:553 - DEBUG - number of moments preoptimization: 55
2021-09-14 06:52:17,563 - fhvqe.experiment:554 - DEBUG - depth preoptimization: 55
2021-09-14 06:52:17,635 - fhvqe.experiment:595 - DEBUG - number of moments post-optimization and calibration: 41
2021-09-14 06:52:17,642 - fhvqe.experiment:596 - DEBUG - depth post-optimization and calibration: 41
2021-09-14 06:52:17,655 - fhvqe.experiment:553 - DEBUG - number of moments preoptimization: 49
2021-09-14 06:52:17,664 - fhvqe.experiment:554 - DEBUG - depth preoptimization: 49
2021-09-14 06:52:17,728 - fhvqe.experiment:595 - DEBUG - number of moments post-optimization and calibration: 37
2021-09-14 06:52:17,735 - fhvqe.experiment:596 - DEBUG - depth post-optimization and calibration: 37
2021-09-14 06:52:17,744 - fhvqe.experiment:662 - DEBUG - ansatz with params: [[ 0.      -2.38498 -3.00926]
 [ 0.      -4.93441 -4.41509]]
2021-09-14 06:52:17,763 - fhvqe.experiment:553 - DEBUG - number of moments preoptimization: 51
2021-09-14 06:52:17,772 - fhvqe.experiment:554 - DEBUG - depth preoptimization: 51
2021-09-14 06:52:17,843 - fhvqe.experiment:595 - DEBUG - number of moments post-optimization and calibration: 37
2021-09-14 06:52:17,850 - fhvqe.experiment:596 - DEBUG - depth post-optimization and calibration: 37
2021-09-14 06:52:17,861 - fhvqe.experiment:553 - DEBUG - number of moments preoptimization: 55
2021-09-14 06:52:17,871 - fhvqe.experiment:554 - DEBUG - depth preoptimization: 55
2021-09-14 06:52:17,941 - fhvqe.experiment:595 - DEBUG - number of moments post-optimization and calibration: 41
2021-09-14 06:52:17,949 - fhvqe.experiment:596 - DEBUG - depth post-optimization and calibration: 41
2021-09-14 06:52:17,966 - fhvqe.experiment:553 - DEBUG - number of moments preoptimization: 49
2021-09-14 06:52:17,975 - fhvqe.experiment:554 - DEBUG - depth preoptimization: 49
2021-09-14 06:52:18,041 - fhvqe.experiment:595 - DEBUG - number of moments post-optimization and calibration: 37
2021-09-14 06:52:18,047 - fhvqe.experiment:596 - DEBUG - depth post-optimization and calibration: 37
2021-09-14 06:52:18,058 - fhvqe.experiment:662 - DEBUG - ansatz with params: [[ 0.       -0.299448 -3.22459 ]
 [ 0.       -4.5425   -2.32293 ]]
2021-09-14 06:52:18,078 - fhvqe.experiment:553 - DEBUG - number of moments preoptimization: 51
2021-09-14 06:52:18,087 - fhvqe.experiment:554 - DEBUG - depth preoptimization: 51
2021-09-14 06:52:18,160 - fhvqe.experiment:595 - DEBUG - number of moments post-optimization and calibration: 37
2021-09-14 06:52:18,166 - fhvqe.experiment:596 - DEBUG - depth post-optimization and calibration: 37
2021-09-14 06:52:18,177 - fhvqe.experiment:553 - DEBUG - number of moments preoptimization: 55
2021-09-14 06:52:18,187 - fhvqe.experiment:554 - DEBUG - depth preoptimization: 55
2021-09-14 06:52:18,258 - fhvqe.experiment:595 - DEBUG - number of moments post-optimization and calibration: 41
2021-09-14 06:52:18,265 - fhvqe.experiment:596 - DEBUG - depth post-optimization and calibration: 41
2021-09-14 06:52:18,279 - fhvqe.experiment:553 - DEBUG - number of moments preoptimization: 49
2021-09-14 06:52:18,288 - fhvqe.experiment:554 - DEBUG - depth preoptimization: 49
2021-09-14 06:52:18,355 - fhvqe.experiment:595 - DEBUG - number of moments post-optimization and calibration: 37
2021-09-14 06:52:18,362 - fhvqe.experiment:596 - DEBUG - depth post-optimization and calibration: 37
2021-09-14 06:52:18,370 - fhvqe.experiment:662 - DEBUG - ansatz with params: [[ 0.    -0.563 -0.583]
 [ 0.    -0.406 -0.316]]
2021-09-14 06:52:18,390 - fhvqe.experiment:553 - DEBUG - number of moments preoptimization: 51
2021-09-14 06:52:18,399 - fhvqe.experiment:554 - DEBUG - depth preoptimization: 51
2021-09-14 06:52:18,470 - fhvqe.experiment:595 - DEBUG - number of moments post-optimization and calibration: 37
2021-09-14 06:52:18,476 - fhvqe.experiment:596 - DEBUG - depth post-optimization and calibration: 37
2021-09-14 06:52:18,487 - fhvqe.experiment:553 - DEBUG - number of moments preoptimization: 55
2021-09-14 06:52:18,497 - fhvqe.experiment:554 - DEBUG - depth preoptimization: 55
2021-09-14 06:52:18,568 - fhvqe.experiment:595 - DEBUG - number of moments post-optimization and calibration: 41
2021-09-14 06:52:18,575 - fhvqe.experiment:596 - DEBUG - depth post-optimization and calibration: 41
2021-09-14 06:52:18,589 - fhvqe.experiment:553 - DEBUG - number of moments preoptimization: 49
2021-09-14 06:52:18,597 - fhvqe.experiment:554 - DEBUG - depth preoptimization: 49
2021-09-14 06:52:18,662 - fhvqe.experiment:595 - DEBUG - number of moments post-optimization and calibration: 37
2021-09-14 06:52:18,668 - fhvqe.experiment:596 - DEBUG - depth post-optimization and calibration: 37
2021-09-14 06:52:18,678 - fhvqe.experiment:662 - DEBUG - ansatz with params: [[-0.277 -0.563 -0.583]
 [-0.492 -0.406 -0.316]]
2021-09-14 06:52:18,698 - fhvqe.experiment:553 - DEBUG - number of moments preoptimization: 51
2021-09-14 06:52:18,707 - fhvqe.experiment:554 - DEBUG - depth preoptimization: 51
2021-09-14 06:52:18,785 - fhvqe.experiment:595 - DEBUG - number of moments post-optimization and calibration: 37
2021-09-14 06:52:18,794 - fhvqe.experiment:596 - DEBUG - depth post-optimization and calibration: 37
2021-09-14 06:52:18,809 - fhvqe.experiment:553 - DEBUG - number of moments preoptimization: 55
2021-09-14 06:52:18,820 - fhvqe.experiment:554 - DEBUG - depth preoptimization: 55
2021-09-14 06:52:18,912 - fhvqe.experiment:595 - DEBUG - number of moments post-optimization and calibration: 41
2021-09-14 06:52:18,920 - fhvqe.experiment:596 - DEBUG - depth post-optimization and calibration: 41
2021-09-14 06:52:18,933 - fhvqe.experiment:553 - DEBUG - number of moments preoptimization: 49
2021-09-14 06:52:18,942 - fhvqe.experiment:554 - DEBUG - depth preoptimization: 49
2021-09-14 06:52:19,010 - fhvqe.experiment:595 - DEBUG - number of moments post-optimization and calibration: 37
2021-09-14 06:52:19,016 - fhvqe.experiment:596 - DEBUG - depth post-optimization and calibration: 37
