{'theta': True, 'zeta': True, 'chi': False, 'gamma': True, 'phi': True, 'time': None}
{'theta': False, 'zeta': False, 'chi': False, 'gamma': False, 'phi': False, 'time': None}
                  (3, 2)
                  │
                  │
         (4, 1)───(4, 2)───(4, 3)
         │        │        │
         │        │        │
(5, 0)───(5, 1)───(5, 2)───(5, 3)───(5, 4)
         │        │        │        │
         │        │        │        │
         (6, 1)───(6, 2)───(6, 3)───(6, 4)───(6, 5)
                  │        │        │        │
                  │        │        │        │
                  (7, 2)───(7, 3)───(7, 4)───(7, 5)───(7, 6)
                           │        │        │
                           │        │        │
                           (8, 3)───(8, 4)───(8, 5)
                                    │
                                    │
                                    (9, 4)
Qubits: 4 2 5 3
Using qubits [cirq.GridQubit(5, 3), cirq.GridQubit(6, 3), cirq.GridQubit(7, 3), cirq.GridQubit(8, 3), cirq.GridQubit(5, 4), cirq.GridQubit(6, 4), cirq.GridQubit(7, 4), cirq.GridQubit(8, 4)]
Using qubits, JW:[cirq.GridQubit(5, 3), cirq.GridQubit(6, 3), cirq.GridQubit(7, 3), cirq.GridQubit(8, 3), cirq.GridQubit(5, 4), cirq.GridQubit(6, 4), cirq.GridQubit(7, 4), cirq.GridQubit(8, 4)]
                  (3, 2)
                  │
                  │
         (4, 1)───(4, 2)───(4, 3)
         │        │        │
         │        │        │
(5, 0)───(5, 1)───(5, 2)───[31m(5, 3)[0m───[35m(5, 4)[0m
         │        │        │        │
         │        │        │        │
         (6, 1)───(6, 2)───[31m(6, 3)[0m───[35m(6, 4)[0m───(6, 5)
                  │        │        │        │
                  │        │        │        │
                  (7, 2)───[31m(7, 3)[0m───[35m(7, 4)[0m───(7, 5)───(7, 6)
                           │        │        │
                           │        │        │
                           [31m(8, 3)[0m───[35m(8, 4)[0m───(8, 5)
                                    │
                                    │
                                    (9, 4)
None
Meas types ['onsite0', 'horiz0', 'horiz1']
Prepped onsite, pairs=[(0, 4), (1, 5), (2, 6), (3, 7)]
Prepped horiz, pairs=[(0, 1), (2, 3), (4, 5), (6, 7)]
Prepped horiz, pairs=[(1, 2), (5, 6)]
Set recompilation to False
Got pairs set [(0, 1), (1, 2), (2, 6), (6, 7), (4, 5), (5, 6), (1, 5), (2, 3), (0, 4), (3, 7)]
---Starting to do calibration: delta 3.3601484270000004
---Starting to set up measurements: delta 0.20930219400000105
---Starting to run VQE: delta 0.36721069200000045
No optimisation, save file is experiments/4x1_single_d2-0914-065121/4x1/processed/processed.json
Given params: [[[[[0.277, 0.563, 0.583], [0.492, 0.406, 0.316]]], [[[-0.277, -0.563, -0.583], [-0.492, -0.406, -0.316]]], [[[0, 0.563, 0.583], [0, 0.406, 0.316]]], [[[0, -0.563, -0.583], [0, -0.406, -0.316]]]]]
---Preparing executables
---Running executables, 12 in batch, delta=1.2583971559999991
---Extracting values delta=1.6176951190000004
---Extracted values delta=39.242302654
===6.034042406567864 6.013272723499515 6.3293383116503374 6.48266913745859 1631598727.586835
Computed energies [6.023657565033689], params [[[[0.277, 0.563, 0.583], [0.492, 0.406, 0.316]]], [[[-0.277, -0.563, -0.583], [-0.492, -0.406, -0.316]]], [[[0, 0.563, 0.583], [0, 0.406, 0.316]]], [[[0, -0.563, -0.583], [0, -0.406, -0.316]]]]
***6.023657565033689 1631598727.588759
---VQE complete: delta 42.122328376
---Starting TFLO
Using saved points
Using params [[[0, 0.841172, 0.857071], [0, 0, 0]], [[0, 4.40345, 2.22149], [0, 3.12223, 4.17927]], [[0, 3.04784, 5.70529], [0, 4.01245, 3.64854]], [[0, 0.919596, 3.58906], [0, 2.34207, 4.81843]], [[0, 1.15139, 0.356395], [0, 0.0881259, 2.82618]], [[0, 2.38498, 3.00926], [0, 2.39716, 3.9606]], [[0, 3.7131, 0.592184], [0, 0.635129, 1.45883]], [[0, 2.82444, 0.898211], [0, 3.66927, 4.15525]], [[0, 3.5479, 1.33981], [0, 1.71022, 2.84285]], [[0, 0.0714766, 0.898635], [0, 4.22934, 2.26966]], [[0, 3.07888, 1.31344], [0, 1.32223, 3.05705]], [[0, 0.0714766, 0.898635], [0, 3.10645, 4.57853]], [[0, 0.349024, 2.96318], [0, 4.46903, 0.142]], [[0, 0.349024, 2.96318], [0, 5.37895, 5.4726]], [[0, 2.38498, 3.00926], [0, 4.93441, 4.41509]], [[0, 0.299448, 3.22459], [0, 4.5425, 2.32293]], [[0, 0.563, 0.583], [0, 0.406, 0.316]], [[0.277, 0.563, 0.583], [0.492, 0.406, 0.316]], [[0, -0.841172, -0.857071], [0, 0, 0]], [[0, -4.40345, -2.22149], [0, -3.12223, -4.17927]], [[0, -3.04784, -5.70529], [0, -4.01245, -3.64854]], [[0, -0.919596, -3.58906], [0, -2.34207, -4.81843]], [[0, -1.15139, -0.356395], [0, -0.0881259, -2.82618]], [[0, -2.38498, -3.00926], [0, -2.39716, -3.9606]], [[0, -3.7131, -0.592184], [0, -0.635129, -1.45883]], [[0, -2.82444, -0.898211], [0, -3.66927, -4.15525]], [[0, -3.5479, -1.33981], [0, -1.71022, -2.84285]], [[0, -0.0714766, -0.898635], [0, -4.22934, -2.26966]], [[0, -3.07888, -1.31344], [0, -1.32223, -3.05705]], [[0, -0.0714766, -0.898635], [0, -3.10645, -4.57853]], [[0, -0.349024, -2.96318], [0, -4.46903, -0.142]], [[0, -0.349024, -2.96318], [0, -5.37895, -5.4726]], [[0, -2.38498, -3.00926], [0, -4.93441, -4.41509]], [[0, -0.299448, -3.22459], [0, -4.5425, -2.32293]], [[0, -0.563, -0.583], [0, -0.406, -0.316]], [[-0.277, -0.563, -0.583], [-0.492, -0.406, -0.316]]]
---Preparing executables
---Running executables, 108 in batch, delta=11.431432817999998
---Extracting values delta=5.517781585999998
---Extracted values delta=69.82055182
---Time for noisy calculation: 86.778740078
***TFLON: 6.426335579630453,6.645929279025872,6.920672139229185,7.286519491303986,6.857091847235639,7.560645665194483,7.25435084903672,8.048384160311988,7.856119396003654,7.9621163820772995,8.590048172727938,9.264996478589733,8.690756383630553,9.948562130590101,9.770925178181962,9.614599903706141,6.359470022365426,6.087263095964473,6.356158160634864,6.5189638878701865,6.673185998790405,6.779502831752247,7.827964341582519,7.230634741598964,8.272650386470648,8.163097796556286,8.44202708803165,9.152821326015719,8.917310271562261,8.84317795711794,9.888461279684,8.81946341654458,9.967491024281303,10.230925809704793,6.476507425270253,6.034468380268818 1631598814.3743591
Noisy energies by type: {'onsite0': array([9.0977386 , 9.09299768, 9.07833213, 9.29579599, 9.04376845,
       9.74294516, 9.0084493 , 9.17679283, 9.50432768, 9.07276619,
       9.14536341, 9.1624481 , 9.6100761 , 9.11234075, 9.60094019,
       9.60410905, 9.05619429, 8.4490995 , 9.09508282, 9.16186253,
       9.06480366, 9.21538661, 9.05093422, 9.62331166, 9.03425358,
       9.0980714 , 9.60439841, 9.42363434, 9.25523226, 9.12952223,
       9.70099141, 9.13938754, 9.71046527, 9.62112832, 9.22256098,
       8.56921151]), 'horiz0': array([-1.67984518, -1.57290589, -1.21326165, -0.71718279, -1.2329576 ,
       -0.54347826, -0.82504892, -0.08107065, -0.1241771 , -0.49528564,
        0.63042355,  0.64807585, -0.79599567,  1.44839666,  0.22519894,
        0.11503448, -1.67039483, -1.49334431, -1.50775194, -1.58098029,
       -1.4287875 , -1.20833887, -0.08695652, -0.81243301,  0.10437619,
       -0.01112379,  0.43353496, -0.04700283,  0.99194221,  0.24011181,
        0.22907008,  0.23203061,  0.24321771,  0.69329783, -1.49366399,
       -1.48335372]), 'horiz1': array([-0.99155784, -0.8741625 , -0.94439834, -1.2920937 , -0.95371901,
       -1.63882124, -0.92904953, -1.04733802, -1.52403119, -0.61536417,
       -1.18573879, -0.54552748, -0.12332404, -0.61217528, -0.05521395,
       -0.10454363, -1.02632944, -0.86849209, -1.23117272, -1.06191835,
       -0.96283017, -1.22754491, -1.13601336, -1.5802439 , -0.86597938,
       -0.92384981, -1.59590628, -0.22381018, -1.3298642 , -0.52645608,
       -0.04160021, -0.55195473,  0.01380804, -0.08350033, -1.25238956,
       -1.05138942])}
Using saved exact energies
Data collected can be found at experiments/4x1_single_d2-0914-065121/4x1
