{'theta': True, 'zeta': True, 'chi': False, 'gamma': True, 'phi': True, 'time': None}
{'theta': False, 'zeta': False, 'chi': False, 'gamma': False, 'phi': False, 'time': None}
                  (3, 2)
                  │
                  │
         (4, 1)───(4, 2)───(4, 3)
         │        │        │
         │        │        │
(5, 0)───(5, 1)───(5, 2)───(5, 3)───(5, 4)
         │        │        │        │
         │        │        │        │
         (6, 1)───(6, 2)───(6, 3)───(6, 4)───(6, 5)
                  │        │        │        │
                  │        │        │        │
                  (7, 2)───(7, 3)───(7, 4)───(7, 5)───(7, 6)
                           │        │        │
                           │        │        │
                           (8, 3)───(8, 4)───(8, 5)
                                    │
                                    │
                                    (9, 4)
Start at: (3, 2), with dr
Using qubits [cirq.GridQubit(3, 2), cirq.GridQubit(4, 2), cirq.GridQubit(4, 3), cirq.GridQubit(5, 3), cirq.GridQubit(5, 4), cirq.GridQubit(6, 4), cirq.GridQubit(6, 5), cirq.GridQubit(7, 5), cirq.GridQubit(4, 1), cirq.GridQubit(5, 1), cirq.GridQubit(5, 2), cirq.GridQubit(6, 2), cirq.GridQubit(6, 3), cirq.GridQubit(7, 3), cirq.GridQubit(7, 4), cirq.GridQubit(8, 4)]
Using qubits, JW:[cirq.GridQubit(3, 2), cirq.GridQubit(4, 2), cirq.GridQubit(4, 3), cirq.GridQubit(5, 3), cirq.GridQubit(5, 4), cirq.GridQubit(6, 4), cirq.GridQubit(6, 5), cirq.GridQubit(7, 5), cirq.GridQubit(4, 1), cirq.GridQubit(5, 1), cirq.GridQubit(5, 2), cirq.GridQubit(6, 2), cirq.GridQubit(6, 3), cirq.GridQubit(7, 3), cirq.GridQubit(7, 4), cirq.GridQubit(8, 4)]
                  [31m(3, 2)[0m
                  │
                  │
         [35m(4, 1)[0m───[31m(4, 2)[0m───[31m(4, 3)[0m
         │        │        │
         │        │        │
(5, 0)───[35m(5, 1)[0m───[35m(5, 2)[0m───[31m(5, 3)[0m───[31m(5, 4)[0m
         │        │        │        │
         │        │        │        │
         (6, 1)───[35m(6, 2)[0m───[35m(6, 3)[0m───[31m(6, 4)[0m───[31m(6, 5)[0m
                  │        │        │        │
                  │        │        │        │
                  (7, 2)───[35m(7, 3)[0m───[35m(7, 4)[0m───[31m(7, 5)[0m───(7, 6)
                           │        │        │
                           │        │        │
                           (8, 3)───[35m(8, 4)[0m───(8, 5)
                                    │
                                    │
                                    (9, 4)
None
Meas types ['onsite0', 'horiz0', 'horiz1']
Prepped onsite, pairs=[(0, 8), (1, 9), (2, 10), (3, 11), (4, 12), (5, 13), (6, 14), (7, 15)]
Prepped horiz, pairs=[(0, 1), (2, 3), (4, 5), (6, 7), (8, 9), (10, 11), (12, 13), (14, 15)]
Prepped horiz, pairs=[(1, 2), (3, 4), (5, 6), (9, 10), (11, 12), (13, 14)]
Set recompilation to False
Got pairs set [(10, 11), (5, 6), (3, 11), (5, 13), (8, 9), (4, 12), (6, 14), (1, 2), (6, 7), (7, 15), (12, 13), (4, 5), (2, 10), (9, 10), (2, 3), (1, 9), (14, 15), (0, 8), (11, 12), (0, 1), (13, 14), (3, 4)]
---Starting to do calibration: delta 3.1762698419999995
---Starting to set up measurements: delta 0.7557876649999997
---Starting to run VQE: delta 1.4193585010000005
No optimisation, save file is experiments/8x1_single_zz_x_U_4_nocc_9_d_1-0913-231131/8x1/processed/processed.json
Given params: [[[[[0.605, 0.655, 0.466]]], [[[-0.605, -0.655, -0.466]]], [[[0, 0.655, 0.466]]], [[[0, -0.655, -0.466]]]]]
---Preparing executables
---Running executables, 12 in batch, delta=6.169567261999999
---Extracting values delta=2.9599135510000014
---Extracted values delta=53.039980806
===3.4100036816437203 3.2039646041335437 3.9888568694965905 4.676931671254279 1631571158.9041018
Computed energies [3.306984142888632], params [[[[0.605, 0.655, 0.466]]], [[[-0.605, -0.655, -0.466]]], [[[0, 0.655, 0.466]]], [[[0, -0.655, -0.466]]]]
***3.306984142888632 1631571158.9064598
---VQE complete: delta 62.175312234
---Starting TFLO
Using saved points
Using params [[[0, 0, 0]], [[0, 0, 0.785398]], [[0, 1.5708, 0.785398]], [[0, 1.5708, 1.5708]], [[0, 5.49779, 0.785398]], [[0, 2.35619, 0.785398]], [[0, 2.35619, 1.5708]], [[0, 5.49779, 1.5708]], [[0, 0.785398, 3.14159]], [[0, 0, 3.14159]], [[0, 5.49779, 2.35619]], [[0, 5.49779, 3.92699]], [[0, 2.35619, 3.14159]], [[0, 4.71239, 2.35619]], [[0, 3.92699, 2.35619]], [[0, 3.92699, 3.92699]], [[0, 0.655, 0.466]], [[0.605, 0.655, 0.466]], [[0, 0, 0]], [[0, 0, -0.785398]], [[0, -1.5708, -0.785398]], [[0, -1.5708, -1.5708]], [[0, -5.49779, -0.785398]], [[0, -2.35619, -0.785398]], [[0, -2.35619, -1.5708]], [[0, -5.49779, -1.5708]], [[0, -0.785398, -3.14159]], [[0, 0, -3.14159]], [[0, -5.49779, -2.35619]], [[0, -5.49779, -3.92699]], [[0, -2.35619, -3.14159]], [[0, -4.71239, -2.35619]], [[0, -3.92699, -2.35619]], [[0, -3.92699, -3.92699]], [[0, -0.655, -0.466]], [[-0.605, -0.655, -0.466]]]
---Preparing executables
---Running executables, 108 in batch, delta=52.259915314
---Extracting values delta=12.435473584999997
---Extracted values delta=104.64260169799999
---Time for noisy calculation: 169.356470598
***TFLON: 4.056774625134507,4.6853572266548085,4.686012144239374,4.926417155596832,6.193773916446002,6.323266458251073,6.670144596388671,7.871076849164819,6.8334006055717715,8.041723167294581,9.215694078381963,10.033146970204214,9.704222052580977,10.166955332287948,9.741799381851353,10.876265371354226,3.8970782683272693,3.269417703563157,4.109372905592476,4.565861088804764,4.735657272554071,5.258397150911486,5.273421618568637,5.549571950392285,6.289573938091676,7.030845125240435,8.211398050010095,7.540097817467937,7.837922145540987,7.964003728308078,9.228441090220787,9.82141952312673,10.795219718067202,11.028211558762903,4.6003193452312905,3.116764657974015 1631571330.431378
Noisy energies by type: {'onsite0': array([ 9.9974337 , 10.13141162, 10.24618992, 10.14978397, 10.52242506,
       10.66127882, 10.41523456, 10.57793819,  9.56153669, 10.04818754,
       10.62292175, 10.53      , 10.50865134, 10.07856831,  9.3926499 ,
        9.58087443,  9.70940981,  8.01022542,  9.92480553, 10.11067194,
        9.98902305, 10.00606849,  9.60180587,  9.50827   ,  9.54897297,
        9.95247613, 10.60782172, 10.06420824,  9.77939174,  9.54621113,
        9.55999123, 10.27512988, 10.59161148, 10.34411033, 10.53546099,
        8.76359876]), 'horiz0': array([-3.58862728, -3.13655172, -4.48795812, -4.23041237, -2.59421687,
       -4.47620273, -3.90465176, -1.00611046, -0.65412371,  0.33412661,
        0.2803982 ,  1.18275862, -0.90438247,  0.58627356, -0.18285052,
        0.78641686, -3.6825641 , -2.85721344, -3.50213339, -3.17810026,
       -4.6899017 , -4.21680158, -2.2771022 , -4.40341171, -3.72271186,
       -0.88834235, -0.7158153 , -0.15548125,  0.11169326,  0.46342614,
       -0.84932448,  0.57269887,  0.05071197,  0.51567776, -4.07675195,
       -3.99672703]), 'horiz1': array([-2.3520318 , -2.30950266, -1.07221966, -0.99295444, -1.73443428,
        0.13819036,  0.1595618 , -1.70075088, -2.07401238, -2.34059098,
       -1.68762587, -1.67961165,  0.09995318, -0.49788654,  0.532     ,
        0.50897407, -2.12976744, -1.88359428, -2.31329923, -2.36671058,
       -0.56346408, -0.53086976, -2.05128205,  0.44471366,  0.46331283,
       -2.03328865, -1.68060837, -2.36862917, -2.05316285, -2.04563354,
        0.51777434, -1.02640923,  0.15289627,  0.16842346, -1.8583897 ,
       -1.65010707])}
Using saved exact energies
Data collected can be found at experiments/8x1_single_zz_x_U_4_nocc_9_d_1-0913-231131/8x1
