{'theta': True, 'zeta': True, 'chi': False, 'gamma': True, 'phi': True, 'time': None}
{'theta': False, 'zeta': False, 'chi': False, 'gamma': False, 'phi': False, 'time': None}
                  (3, 2)
                  │
                  │
         (4, 1)───(4, 2)───(4, 3)
         │        │        │
         │        │        │
(5, 0)───(5, 1)───(5, 2)───(5, 3)───(5, 4)
         │        │        │        │
         │        │        │        │
         (6, 1)───(6, 2)───(6, 3)───(6, 4)───(6, 5)
                  │        │        │        │
                  │        │        │        │
                  (7, 2)───(7, 3)───(7, 4)───(7, 5)───(7, 6)
                           │        │        │
                           │        │        │
                           (8, 3)───(8, 4)───(8, 5)
                                    │
                                    │
                                    (9, 4)
Start at: (3, 2), with dr
Using qubits [cirq.GridQubit(3, 2), cirq.GridQubit(4, 2), cirq.GridQubit(4, 3), cirq.GridQubit(5, 3), cirq.GridQubit(5, 4), cirq.GridQubit(6, 4), cirq.GridQubit(6, 5), cirq.GridQubit(7, 5), cirq.GridQubit(4, 1), cirq.GridQubit(5, 1), cirq.GridQubit(5, 2), cirq.GridQubit(6, 2), cirq.GridQubit(6, 3), cirq.GridQubit(7, 3), cirq.GridQubit(7, 4), cirq.GridQubit(8, 4)]
Using qubits, JW:[cirq.GridQubit(3, 2), cirq.GridQubit(4, 2), cirq.GridQubit(4, 3), cirq.GridQubit(5, 3), cirq.GridQubit(5, 4), cirq.GridQubit(6, 4), cirq.GridQubit(6, 5), cirq.GridQubit(7, 5), cirq.GridQubit(4, 1), cirq.GridQubit(5, 1), cirq.GridQubit(5, 2), cirq.GridQubit(6, 2), cirq.GridQubit(6, 3), cirq.GridQubit(7, 3), cirq.GridQubit(7, 4), cirq.GridQubit(8, 4)]
                  [31m(3, 2)[0m
                  │
                  │
         [35m(4, 1)[0m───[31m(4, 2)[0m───[31m(4, 3)[0m
         │        │        │
         │        │        │
(5, 0)───[35m(5, 1)[0m───[35m(5, 2)[0m───[31m(5, 3)[0m───[31m(5, 4)[0m
         │        │        │        │
         │        │        │        │
         (6, 1)───[35m(6, 2)[0m───[35m(6, 3)[0m───[31m(6, 4)[0m───[31m(6, 5)[0m
                  │        │        │        │
                  │        │        │        │
                  (7, 2)───[35m(7, 3)[0m───[35m(7, 4)[0m───[31m(7, 5)[0m───(7, 6)
                           │        │        │
                           │        │        │
                           (8, 3)───[35m(8, 4)[0m───(8, 5)
                                    │
                                    │
                                    (9, 4)
None
Meas types ['onsite0', 'horiz0', 'horiz1']
Prepped onsite, pairs=[(0, 8), (1, 9), (2, 10), (3, 11), (4, 12), (5, 13), (6, 14), (7, 15)]
Prepped horiz, pairs=[(0, 1), (2, 3), (4, 5), (6, 7), (8, 9), (10, 11), (12, 13), (14, 15)]
Prepped horiz, pairs=[(1, 2), (3, 4), (5, 6), (9, 10), (11, 12), (13, 14)]
Set recompilation to False
Got pairs set [(10, 11), (5, 6), (3, 11), (5, 13), (8, 9), (4, 12), (6, 14), (1, 2), (6, 7), (7, 15), (12, 13), (4, 5), (2, 10), (9, 10), (2, 3), (1, 9), (14, 15), (0, 8), (11, 12), (0, 1), (13, 14), (3, 4)]
---Starting to do calibration: delta 3.1905251879999996
---Starting to set up measurements: delta 0.7945112460000008
---Starting to run VQE: delta 1.6842845219999987
No optimisation, save file is experiments/8x1_single_zz_x_U_4_nocc_12_d_1-0913-221616/8x1/processed/processed.json
Given params: [[[[[0.522, 0.614, 0.587]]], [[[-0.522, -0.614, -0.587]]], [[[0, 0.614, 0.587]]], [[[0, -0.614, -0.587]]]]]
---Preparing executables
---Running executables, 12 in batch, delta=6.092562689000001
---Extracting values delta=2.737383400999999
---Extracted values delta=70.22412584700001
===13.055661801511219 12.676269253364193 13.155266523655058 13.207786772687072 1631567861.039768
Computed energies [12.865965527437705], params [[[[0.522, 0.614, 0.587]]], [[[-0.522, -0.614, -0.587]]], [[[0, 0.614, 0.587]]], [[[0, -0.614, -0.587]]]]
***12.865965527437705 1631567861.042389
---VQE complete: delta 79.060782134
---Starting TFLO
Using saved points
Using params [[[0, 0, 0]], [[0, 0, 0.785398]], [[0, 4.71239, 0]], [[0, 0, 1.5708]], [[0, 2.35619, 0.785398]], [[0, 4.71239, 0.785398]], [[0, 5.49779, 1.5708]], [[0, 3.92699, 0.785398]], [[0, 5.49779, 5.49779]], [[0, 0.785398, 3.92699]], [[0, 5.49779, 3.14159]], [[0, 1.5708, 5.49779]], [[0, 4.71239, 2.35619]], [[0, 2.35619, 5.49779]], [[0, 3.92699, 2.35619]], [[0, 3.14159, 4.71239]], [[0, 0.614, 0.587]], [[0.522, 0.614, 0.587]], [[0, 0, 0]], [[0, 0, -0.785398]], [[0, -4.71239, 0]], [[0, 0, -1.5708]], [[0, -2.35619, -0.785398]], [[0, -4.71239, -0.785398]], [[0, -5.49779, -1.5708]], [[0, -3.92699, -0.785398]], [[0, -5.49779, -5.49779]], [[0, -0.785398, -3.92699]], [[0, -5.49779, -3.14159]], [[0, -1.5708, -5.49779]], [[0, -4.71239, -2.35619]], [[0, -2.35619, -5.49779]], [[0, -3.92699, -2.35619]], [[0, -3.14159, -4.71239]], [[0, -0.614, -0.587]], [[-0.522, -0.614, -0.587]]]
---Preparing executables
---Running executables, 108 in batch, delta=59.11646647299999
---Extracting values delta=11.84369547099999
---Extracted values delta=125.89216161499999
---Time for noisy calculation: 196.88231025699997
***TFLON: 13.019921046756568,13.289535619226507,13.52723778963931,13.84554399072524,14.766299831961677,14.660567904922305,14.782083800658977,14.860807660881752,15.695714572525068,15.707493452084755,16.19159759674156,16.33025190853438,16.460955715374908,17.156074877461954,17.016557538193226,17.557748849224733,13.238467375351433,13.022356538467372,13.152633050711215,13.481014123992551,14.19055903232405,14.332817436144818,13.958092129008323,15.03823382507725,15.361918239124499,15.52779265090767,15.473910960562078,15.87051557761838,15.777177135346035,16.404633771798938,17.10835358174207,16.97004094931492,17.69262385943665,17.511380363971814,13.193108183116575,12.653451091227906 1631568060.761108
Noisy energies by type: {'onsite0': array([18.12253268, 18.28040127, 18.05115219, 18.33705729, 18.33992095,
       18.17914368, 18.24634886, 17.92757372, 18.24279211, 18.10206084,
       18.37542662, 17.95271499, 17.8691385 , 18.09114997, 17.86490212,
       18.02659713, 18.16094311, 17.15103339, 18.17886179, 18.13534617,
       18.06341841, 18.26001551, 17.82246661, 17.95515243, 18.21690428,
       18.05809548, 18.17710152, 18.21725888, 17.87965044, 18.12682436,
       18.25957235, 17.96993261, 18.37532134, 18.00713921, 18.23793887,
       17.56085063]), 'horiz0': array([-2.62852665e+00, -2.52484144e+00, -2.85014041e+00, -2.01228961e+00,
       -2.75737611e+00, -1.91008646e+00, -1.20336037e+00, -2.05745554e+00,
       -3.22598106e-01, -3.23411102e-01,  2.38379023e-03, -1.82294395e-01,
        2.18224028e-01, -1.30587917e-01,  1.65060241e-01,  2.23955432e-01,
       -2.70413512e+00, -2.32526960e+00, -2.60411311e+00, -2.19269619e+00,
       -2.50680457e+00, -1.51841965e+00, -2.85761773e+00, -1.49722531e+00,
       -7.94270833e-01, -1.72556599e+00, -6.00679028e-01, -9.54219526e-02,
        8.97097625e-03,  5.15316347e-03,  2.89064630e-01, -3.51390922e-03,
        1.85237160e-01,  1.66165619e-01, -2.69725738e+00, -2.67256637e+00]), 'horiz1': array([-2.47408499, -2.46602422, -1.67377399, -2.47922369, -0.81624501,
       -1.60848932, -2.26090468, -1.00931052, -2.22447943, -2.07115629,
       -2.18621281, -1.44016869, -1.62640681, -0.80448718, -1.01340483,
       -0.69280371, -2.21834061, -1.80340725, -2.42211563, -2.46163586,
       -1.3660548 , -2.40877842, -1.00675676, -1.4196933 , -2.0607152 ,
       -0.80473684, -2.10251153, -2.25132135, -2.11144428, -1.72734375,
       -1.4402834 , -0.99637775, -0.86793464, -0.66192447, -2.34757331,
       -2.23483316])}
Using saved exact energies
Data collected can be found at experiments/8x1_single_zz_x_U_4_nocc_12_d_1-0913-221616/8x1
