{'theta': True, 'zeta': True, 'chi': False, 'gamma': True, 'phi': True, 'time': None}
{'theta': False, 'zeta': False, 'chi': False, 'gamma': False, 'phi': False, 'time': None}
(cirq.GridQubit(3, 2), cirq.GridQubit(4, 2)) = [0.005653352934596179]
(cirq.GridQubit(4, 1), cirq.GridQubit(5, 1)) = [0.007375015732618062]
(cirq.GridQubit(4, 2), cirq.GridQubit(5, 2)) = [0.00700440704363417]
(cirq.GridQubit(4, 3), cirq.GridQubit(5, 3)) = [0.00842885403620891]
(cirq.GridQubit(5, 0), cirq.GridQubit(5, 1)) = [0.007143743381215151]
(cirq.GridQubit(5, 1), cirq.GridQubit(5, 2)) = [0.007232199681100754]
(cirq.GridQubit(5, 1), cirq.GridQubit(6, 1)) = [0.006847979209530453]
(cirq.GridQubit(5, 2), cirq.GridQubit(5, 3)) = [0.005365521924709626]
(cirq.GridQubit(5, 2), cirq.GridQubit(6, 2)) = [0.009054877847637977]
(cirq.GridQubit(5, 3), cirq.GridQubit(5, 4)) = [0.004709536197255504]
(cirq.GridQubit(5, 3), cirq.GridQubit(6, 3)) = [0.0059856756579679815]
(cirq.GridQubit(5, 4), cirq.GridQubit(6, 4)) = [0.004651029460094991]
(cirq.GridQubit(6, 1), cirq.GridQubit(6, 2)) = [0.00792094837289739]
(cirq.GridQubit(6, 2), cirq.GridQubit(6, 3)) = [0.007011248412327475]
(cirq.GridQubit(6, 3), cirq.GridQubit(6, 4)) = [0.008591080011911889]
(cirq.GridQubit(6, 3), cirq.GridQubit(7, 3)) = [0.007132916363217168]
(cirq.GridQubit(6, 4), cirq.GridQubit(6, 5)) = [0.006546439558907491]
(cirq.GridQubit(6, 5), cirq.GridQubit(7, 5)) = [0.005374354358644029]
(cirq.GridQubit(7, 2), cirq.GridQubit(7, 3)) = [0.005801452337931445]
(cirq.GridQubit(7, 3), cirq.GridQubit(7, 4)) = [0.007189246112731862]
(cirq.GridQubit(7, 3), cirq.GridQubit(8, 3)) = [0.007149153734468561]
(cirq.GridQubit(7, 4), cirq.GridQubit(7, 5)) = [0.007115721498997363]
(cirq.GridQubit(7, 4), cirq.GridQubit(8, 4)) = [0.008183566995623004]
(cirq.GridQubit(7, 5), cirq.GridQubit(7, 6)) = [0.007730965482185048]
(cirq.GridQubit(7, 5), cirq.GridQubit(8, 5)) = [0.007667429199111786]
(cirq.GridQubit(8, 3), cirq.GridQubit(8, 4)) = [0.009143646022778867]
(cirq.GridQubit(8, 4), cirq.GridQubit(9, 4)) = [0.006191280976748176]
                  (3, 2)
                  │
                  │
         (4, 1)───(4, 2)───(4, 3)
         │        │        │
         │        │        │
(5, 0)───(5, 1)───(5, 2)───(5, 3)───(5, 4)
         │        │        │        │
         │        │        │        │
         (6, 1)───(6, 2)───(6, 3)───(6, 4)───(6, 5)
                  │        │        │        │
                  │        │        │        │
                  (7, 2)───(7, 3)───(7, 4)───(7, 5)───(7, 6)
                           │        │        │
                           │        │        │
                           (8, 3)───(8, 4)───(8, 5)
                                    │
                                    │
                                    (9, 4)
Start at: (3, 2), with dr
Using qubits [cirq.GridQubit(3, 2), cirq.GridQubit(4, 2), cirq.GridQubit(4, 3), cirq.GridQubit(5, 3), cirq.GridQubit(5, 4), cirq.GridQubit(6, 4), cirq.GridQubit(6, 5), cirq.GridQubit(7, 5), cirq.GridQubit(4, 1), cirq.GridQubit(5, 1), cirq.GridQubit(5, 2), cirq.GridQubit(6, 2), cirq.GridQubit(6, 3), cirq.GridQubit(7, 3), cirq.GridQubit(7, 4), cirq.GridQubit(8, 4)]
Using qubits, JW:[cirq.GridQubit(3, 2), cirq.GridQubit(4, 2), cirq.GridQubit(4, 3), cirq.GridQubit(5, 3), cirq.GridQubit(5, 4), cirq.GridQubit(6, 4), cirq.GridQubit(6, 5), cirq.GridQubit(7, 5), cirq.GridQubit(4, 1), cirq.GridQubit(5, 1), cirq.GridQubit(5, 2), cirq.GridQubit(6, 2), cirq.GridQubit(6, 3), cirq.GridQubit(7, 3), cirq.GridQubit(7, 4), cirq.GridQubit(8, 4)]
                  [31m(3, 2)[0m
                  │
                  │
         [35m(4, 1)[0m───[31m(4, 2)[0m───[31m(4, 3)[0m
         │        │        │
         │        │        │
(5, 0)───[35m(5, 1)[0m───[35m(5, 2)[0m───[31m(5, 3)[0m───[31m(5, 4)[0m
         │        │        │        │
         │        │        │        │
         (6, 1)───[35m(6, 2)[0m───[35m(6, 3)[0m───[31m(6, 4)[0m───[31m(6, 5)[0m
                  │        │        │        │
                  │        │        │        │
                  (7, 2)───[35m(7, 3)[0m───[35m(7, 4)[0m───[31m(7, 5)[0m───(7, 6)
                           │        │        │
                           │        │        │
                           (8, 3)───[35m(8, 4)[0m───(8, 5)
                                    │
                                    │
                                    (9, 4)
None
Set recompilation to False
Got pairs set [(10, 11), (5, 6), (3, 11), (5, 13), (8, 9), (4, 12), (6, 14), (1, 2), (6, 7), (7, 15), (12, 13), (4, 5), (2, 10), (9, 10), (2, 3), (1, 9), (14, 15), (0, 8), (11, 12), (0, 1), (13, 14), (3, 4)]
---Starting to do calibration: delta 4.000562421
---Starting to set up measurements: delta 2.0605743420000007
---Starting to run VQE: delta 2.82616769
Running BayesMGD: n_evals 15, nshots 1000, max_iter 50, max_evals 300
---Preparing executables
---Running executables delta=3.0363571090000008
---Extracting values delta=2.562313666999998
---Extracted values delta=6.645563853999999
---Preparing executables
---Running executables delta=71.081713923
---Extracting values delta=13.277498268000002
---Extracted values delta=70.81900001900001
[-0.16748128283310693, -1.0556460442289728]
2  :--------------------------------
fit_params:  [ 2.509 -0.666  1.839  0.105 -0.285 -2.015 -2.168  6.605  1.683 -5.588]
current: -1.056+/-0.396  params:  [0.508 0.713 0.85 ]  grad:  [2.49  1.454 0.761]  gamma_k: 0.1977  delta_k: 0.6000
---Preparing executables
---Running executables delta=69.66621071600002
---Extracting values delta=12.091120031999992
---Extracted values delta=71.74183488499995
[-0.16748128283310693, -1.0556460442289728, -1.0556460442289728, -1.6149641860042774]
3  :--------------------------------
fit_params:  [ 0.493  1.024  2.035 -0.49   0.769 -0.605 -0.893  0.952 -2.231 -1.334]
current: -1.615+/-0.221  params:  [0.475 0.576 0.672]  grad:  [0.214 0.886 1.145]  gamma_k: 0.1548  delta_k: 0.5594
---Preparing executables
---Running executables delta=69.41557971099996
---Extracting values delta=12.436002621
---Extracted values delta=72.84149817999997
[-0.16748128283310693, -1.0556460442289728, -1.0556460442289728, -1.6149641860042774, -1.6149641860042774, -1.6859006512083208]
4  :--------------------------------
fit_params:  [ 1.689  1.672  1.828 -1.138  0.737 -0.345 -1.927 -1.155 -2.42   0.244]
current: -1.686+/-0.181  params:  [0.558 0.677 0.628]  grad:  [-0.642 -0.776  0.341]  gamma_k: 0.1302  delta_k: 0.5370
---Preparing executables
---Running executables delta=70.61654267500006
---Extracting values delta=12.648732941000048
---Extracted values delta=73.48516666800003
[-0.16748128283310693, -1.0556460442289728, -1.0556460442289728, -1.6149641860042774, -1.6149641860042774, -1.6859006512083208, -1.6859006512083208, -1.5579727533805778]
5  :--------------------------------
fit_params:  [ 2.375  3.21   1.307 -0.606  0.678  0.395 -2.647 -3.513 -2.617  0.89 ]
current: -1.558+/-0.134  params:  [0.554 0.603 0.592]  grad:  [0.037 0.65  0.316]  gamma_k: 0.1139  delta_k: 0.5216
---Preparing executables
---Running executables delta=70.42369267700008
---Extracting values delta=12.279858650999927
---Extracted values delta=72.45454028500001
[-0.16748128283310693, -1.0556460442289728, -1.0556460442289728, -1.6149641860042774, -1.6149641860042774, -1.6859006512083208, -1.6859006512083208, -1.5579727533805778, -1.5579727533805778, -1.5746099454437146]
6  :--------------------------------
fit_params:  [ 2.721  3.404  0.871 -0.794  0.836  0.193 -2.892 -3.76  -1.716  0.705]
current: -1.575+/-0.112  params:  [0.538 0.634 0.543]  grad:  [ 0.157 -0.31   0.475]  gamma_k: 0.1020  delta_k: 0.5100
---Preparing executables
---Running executables delta=69.51277268600006
---Extracting values delta=12.263791023999943
---Extracted values delta=72.513658051
[-0.16748128283310693, -1.0556460442289728, -1.0556460442289728, -1.6149641860042774, -1.6149641860042774, -1.6859006512083208, -1.6859006512083208, -1.5579727533805778, -1.5579727533805778, -1.5746099454437146, -1.5746099454437146, -1.4656006372791233]
7  :--------------------------------
fit_params:  [ 2.506  2.888  0.588 -0.646  0.734  0.014 -3.248 -3.11  -1.291  0.827]
current: -1.466+/-0.096  params:  [0.591 0.646 0.529]  grad:  [-0.573 -0.126  0.156]  gamma_k: 0.0930  delta_k: 0.5007
---Preparing executables
---Running executables delta=68.98334148700008
---Extracting values delta=12.377265788999921
---Extracted values delta=72.76183561700009
[-0.16748128283310693, -1.0556460442289728, -1.0556460442289728, -1.6149641860042774, -1.6149641860042774, -1.6859006512083208, -1.6859006512083208, -1.5579727533805778, -1.5579727533805778, -1.5746099454437146, -1.5746099454437146, -1.4656006372791233, -1.4656006372791233, -1.6511658270272842]
8  :--------------------------------
fit_params:  [ 2.621  3.121  0.832 -0.28   0.659 -0.781 -3.25  -3.051 -0.782  0.616]
current: -1.651+/-0.094  params:  [0.576 0.661 0.54 ]  grad:  [ 0.184 -0.178 -0.132]  gamma_k: 0.0858  delta_k: 0.4929
---Preparing executables
---Running executables delta=78.98008356600008
---Extracting values delta=12.406013893000136
---Extracted values delta=133.140062727
[-0.16748128283310693, -1.0556460442289728, -1.0556460442289728, -1.6149641860042774, -1.6149641860042774, -1.6859006512083208, -1.6859006512083208, -1.5579727533805778, -1.5579727533805778, -1.5746099454437146, -1.5746099454437146, -1.4656006372791233, -1.4656006372791233, -1.6511658270272842, -1.6511658270272842, -1.4773125721316454]
9  :--------------------------------
fit_params:  [ 2.288  3.029  1.331 -0.213  0.845 -0.175 -3.265 -3.408 -1.774  0.866]
current: -1.477+/-0.094  params:  [0.576 0.648 0.508]  grad:  [0.    0.162 0.405]  gamma_k: 0.0799  delta_k: 0.4863
---Preparing executables
---Running executables delta=69.76995517099999
---Extracting values delta=12.196169778000012
---Extracted values delta=73.61943741799996
[-0.16748128283310693, -1.0556460442289728, -1.0556460442289728, -1.6149641860042774, -1.6149641860042774, -1.6859006512083208, -1.6859006512083208, -1.5579727533805778, -1.5579727533805778, -1.5746099454437146, -1.5746099454437146, -1.4656006372791233, -1.4656006372791233, -1.6511658270272842, -1.6511658270272842, -1.4773125721316454, -1.4773125721316454, -1.614978032465174]
10  :--------------------------------
fit_params:  [ 2.05   3.146  1.329  0.034  0.653 -0.413 -3.026 -3.442 -1.803  0.824]
current: -1.615+/-0.107  params:  [0.573 0.629 0.526]  grad:  [ 0.04   0.255 -0.238]  gamma_k: 0.0750  delta_k: 0.4806
---Preparing executables
---Running executables delta=69.31909229999997
---Extracting values delta=12.379022220000024
---Extracted values delta=70.83344122100016
[-0.16748128283310693, -1.0556460442289728, -1.0556460442289728, -1.6149641860042774, -1.6149641860042774, -1.6859006512083208, -1.6859006512083208, -1.5579727533805778, -1.5579727533805778, -1.5746099454437146, -1.5746099454437146, -1.4656006372791233, -1.4656006372791233, -1.6511658270272842, -1.6511658270272842, -1.4773125721316454, -1.4773125721316454, -1.614978032465174, -1.614978032465174, -1.8391899488674226]
11  :--------------------------------
fit_params:  [ 2.573  3.308  1.02  -0.176  0.482 -0.469 -2.538 -3.584 -1.889  0.695]
current: -1.839+/-0.108  params:  [0.523 0.637 0.586]  grad:  [ 0.695 -0.116 -0.855]  gamma_k: 0.0708  delta_k: 0.4755
***-1.84+/-0.11 1630452444.393742
---VQE complete: delta 1628.844402054
Data collected can be found at experiments/8x1_bayesmgd_zz_x_U_4_nocc_6_d_1-0901/8x1
