{'theta': True, 'zeta': True, 'chi': False, 'gamma': True, 'phi': True, 'time': None}
{'theta': False, 'zeta': False, 'chi': False, 'gamma': False, 'phi': False, 'time': None}
                  (3, 2)
                  │
                  │
         (4, 1)───(4, 2)───(4, 3)
         │        │        │
         │        │        │
(5, 0)───(5, 1)───(5, 2)───(5, 3)───(5, 4)
         │        │        │        │
         │        │        │        │
         (6, 1)───(6, 2)───(6, 3)───(6, 4)───(6, 5)
                  │        │        │        │
                  │        │        │        │
                  (7, 2)───(7, 3)───(7, 4)───(7, 5)───(7, 6)
                           │        │        │
                           │        │        │
                           (8, 3)───(8, 4)───(8, 5)
                                    │
                                    │
                                    (9, 4)
Start at: (3, 2), with dr
Using qubits [cirq.GridQubit(3, 2), cirq.GridQubit(4, 2), cirq.GridQubit(4, 3), cirq.GridQubit(5, 3), cirq.GridQubit(5, 4), cirq.GridQubit(6, 4), cirq.GridQubit(6, 5), cirq.GridQubit(7, 5), cirq.GridQubit(4, 1), cirq.GridQubit(5, 1), cirq.GridQubit(5, 2), cirq.GridQubit(6, 2), cirq.GridQubit(6, 3), cirq.GridQubit(7, 3), cirq.GridQubit(7, 4), cirq.GridQubit(8, 4)]
Using qubits, JW:[cirq.GridQubit(3, 2), cirq.GridQubit(4, 2), cirq.GridQubit(4, 3), cirq.GridQubit(5, 3), cirq.GridQubit(5, 4), cirq.GridQubit(6, 4), cirq.GridQubit(6, 5), cirq.GridQubit(7, 5), cirq.GridQubit(4, 1), cirq.GridQubit(5, 1), cirq.GridQubit(5, 2), cirq.GridQubit(6, 2), cirq.GridQubit(6, 3), cirq.GridQubit(7, 3), cirq.GridQubit(7, 4), cirq.GridQubit(8, 4)]
                  [31m(3, 2)[0m
                  │
                  │
         [35m(4, 1)[0m───[31m(4, 2)[0m───[31m(4, 3)[0m
         │        │        │
         │        │        │
(5, 0)───[35m(5, 1)[0m───[35m(5, 2)[0m───[31m(5, 3)[0m───[31m(5, 4)[0m
         │        │        │        │
         │        │        │        │
         (6, 1)───[35m(6, 2)[0m───[35m(6, 3)[0m───[31m(6, 4)[0m───[31m(6, 5)[0m
                  │        │        │        │
                  │        │        │        │
                  (7, 2)───[35m(7, 3)[0m───[35m(7, 4)[0m───[31m(7, 5)[0m───(7, 6)
                           │        │        │
                           │        │        │
                           (8, 3)───[35m(8, 4)[0m───(8, 5)
                                    │
                                    │
                                    (9, 4)
None
Meas types ['onsite0', 'horiz0', 'horiz1']
Prepped onsite, pairs=[(0, 8), (1, 9), (2, 10), (3, 11), (4, 12), (5, 13), (6, 14), (7, 15)]
Prepped horiz, pairs=[(0, 1), (2, 3), (4, 5), (6, 7), (8, 9), (10, 11), (12, 13), (14, 15)]
Prepped horiz, pairs=[(1, 2), (3, 4), (5, 6), (9, 10), (11, 12), (13, 14)]
Set recompilation to False
Got pairs set [(10, 11), (5, 6), (3, 11), (5, 13), (8, 9), (4, 12), (6, 14), (1, 2), (6, 7), (7, 15), (12, 13), (4, 5), (2, 10), (9, 10), (2, 3), (1, 9), (14, 15), (0, 8), (11, 12), (0, 1), (13, 14), (3, 4)]
---Starting to do calibration: delta 4.176253401999999
---Starting to set up measurements: delta 1.0244697340000002
---Starting to run VQE: delta 1.915757300000001
No optimisation, save file is experiments/8x1_single_zz_x_U_4_nocc_15_d_1-0913-223111/8x1/processed/processed.json
Given params: [[[[[0.954, 0.858, 0.992]]], [[[-0.954, -0.858, -0.992]]], [[[0, 0.858, 0.992]]], [[[0, -0.858, -0.992]]]]]
---Preparing executables
---Running executables, 12 in batch, delta=6.371905236
---Extracting values delta=3.3997597400000004
---Extracted values delta=65.043317203
===26.654344435778345 26.4721441348701 26.63195835110336 26.498258554753882 1631568753.536407
Computed energies [26.563244285324224], params [[[[0.954, 0.858, 0.992]]], [[[-0.954, -0.858, -0.992]]], [[[0, 0.858, 0.992]]], [[[0, -0.858, -0.992]]]]
***26.563244285324224 1631568753.540289
---VQE complete: delta 74.82318724800001
---Starting TFLO
Using saved points
Using params [[[0, 0, 0]], [[0, 0, 0.785398]], [[0, 1.5708, 0.785398]], [[0, 5.49779, 0.785398]], [[0, 3.92699, 0]], [[0, 4.71239, 0.785398]], [[0, 3.14159, 0.785398]], [[0, 0, 4.71239]], [[0, 0.785398, 3.92699]], [[0, 5.49779, 3.14159]], [[0, 4.71239, 4.71239]], [[0, 1.5708, 4.71239]], [[0, 3.14159, 5.49779]], [[0, 3.92699, 4.71239]], [[0, 3.92699, 2.35619]], [[0, 3.92699, 3.92699]], [[0, 0.858, 0.992]], [[0.954, 0.858, 0.992]], [[0, 0, 0]], [[0, 0, -0.785398]], [[0, -1.5708, -0.785398]], [[0, -5.49779, -0.785398]], [[0, -3.92699, 0]], [[0, -4.71239, -0.785398]], [[0, -3.14159, -0.785398]], [[0, 0, -4.71239]], [[0, -0.785398, -3.92699]], [[0, -5.49779, -3.14159]], [[0, -4.71239, -4.71239]], [[0, -1.5708, -4.71239]], [[0, -3.14159, -5.49779]], [[0, -3.92699, -4.71239]], [[0, -3.92699, -2.35619]], [[0, -3.92699, -3.92699]], [[0, -0.858, -0.992]], [[-0.954, -0.858, -0.992]]]
---Preparing executables
---Running executables, 108 in batch, delta=58.033184434999995
---Extracting values delta=11.642084165
---Extracted values delta=156.425226013
---Time for noisy calculation: 226.11878892999997
***TFLON: 26.51043462596255,26.49642075590668,26.826774590437633,26.600396339686426,26.733562837349655,26.743996602961186,27.015522704409626,26.941005232455765,27.068044740425393,26.794807606852284,26.826766830812236,27.26177378724345,27.162287053472724,26.948458369656027,27.139641420526377,27.026343756386673,26.613265003915792,26.653620427611983,26.53058670765611,26.62894522787309,26.491898801060703,26.82380432821588,26.819178478453157,26.95332750866654,26.823254748166843,26.731603854816765,26.760070168361853,27.026289117660454,27.121509567398093,27.010106544901067,27.241217199301037,27.36766734785795,27.318244581542487,27.435973568914743,26.48027949543928,26.432596482510725 1631568984.09709
Noisy energies by type: {'onsite0': array([28., 28., 28., 28., 28., 28., 28., 28., 28., 28., 28., 28., 28.,
       28., 28., 28., 28., 28., 28., 28., 28., 28., 28., 28., 28., 28.,
       28., 28., 28., 28., 28., 28., 28., 28., 28., 28.]), 'horiz0': array([-0.73072824, -0.76673714, -0.72162386, -0.6376989 , -0.72230014,
       -0.59609121, -0.59689922, -0.31238843, -0.28895391, -0.46731416,
       -0.48496994, -0.24048866, -0.44211611, -0.50468801, -0.30893001,
       -0.41428571, -0.76796036, -0.79182156, -0.71925043, -0.61162393,
       -0.80883797, -0.53371593, -0.74528637, -0.54599407, -0.72528249,
       -0.53262519, -0.48214905, -0.36637931, -0.40530846, -0.28767123,
       -0.3003663 , -0.2422845 , -0.27671233, -0.16034188, -0.74310051,
       -0.77139125]), 'horiz1': array([-0.75883713, -0.73684211, -0.45160155, -0.76190476, -0.54413702,
       -0.65991219, -0.38757807, -0.74660633, -0.64300135, -0.73787824,
       -0.68826323, -0.49773756, -0.39559684, -0.54685363, -0.55142857,
       -0.55937053, -0.61877463, -0.55455801, -0.75016287, -0.75943084,
       -0.69926323, -0.64247975, -0.43553515, -0.50067843, -0.45146277,
       -0.73577096, -0.75778078, -0.60733157, -0.47318197, -0.70222222,
       -0.4584165 , -0.39004815, -0.40504309, -0.40368455, -0.77661999,
       -0.79601227])}
Using saved exact energies
Data collected can be found at experiments/8x1_single_zz_x_U_4_nocc_15_d_1-0913-223111/8x1
