{'theta': True, 'zeta': True, 'chi': False, 'gamma': True, 'phi': True, 'time': None}
{'theta': False, 'zeta': False, 'chi': False, 'gamma': False, 'phi': False, 'time': None}
                  (3, 2)
                  │
                  │
         (4, 1)───(4, 2)───(4, 3)
         │        │        │
         │        │        │
(5, 0)───(5, 1)───(5, 2)───(5, 3)───(5, 4)
         │        │        │        │
         │        │        │        │
         (6, 1)───(6, 2)───(6, 3)───(6, 4)───(6, 5)
                  │        │        │        │
                  │        │        │        │
                  (7, 2)───(7, 3)───(7, 4)───(7, 5)───(7, 6)
                           │        │        │
                           │        │        │
                           (8, 3)───(8, 4)───(8, 5)
                                    │
                                    │
                                    (9, 4)
Start at: (3, 2), with dr
Using qubits [cirq.GridQubit(3, 2), cirq.GridQubit(4, 2), cirq.GridQubit(4, 3), cirq.GridQubit(5, 3), cirq.GridQubit(5, 4), cirq.GridQubit(6, 4), cirq.GridQubit(6, 5), cirq.GridQubit(7, 5), cirq.GridQubit(4, 1), cirq.GridQubit(5, 1), cirq.GridQubit(5, 2), cirq.GridQubit(6, 2), cirq.GridQubit(6, 3), cirq.GridQubit(7, 3), cirq.GridQubit(7, 4), cirq.GridQubit(8, 4)]
Using qubits, JW:[cirq.GridQubit(3, 2), cirq.GridQubit(4, 2), cirq.GridQubit(4, 3), cirq.GridQubit(5, 3), cirq.GridQubit(5, 4), cirq.GridQubit(6, 4), cirq.GridQubit(6, 5), cirq.GridQubit(7, 5), cirq.GridQubit(4, 1), cirq.GridQubit(5, 1), cirq.GridQubit(5, 2), cirq.GridQubit(6, 2), cirq.GridQubit(6, 3), cirq.GridQubit(7, 3), cirq.GridQubit(7, 4), cirq.GridQubit(8, 4)]
                  [31m(3, 2)[0m
                  │
                  │
         [35m(4, 1)[0m───[31m(4, 2)[0m───[31m(4, 3)[0m
         │        │        │
         │        │        │
(5, 0)───[35m(5, 1)[0m───[35m(5, 2)[0m───[31m(5, 3)[0m───[31m(5, 4)[0m
         │        │        │        │
         │        │        │        │
         (6, 1)───[35m(6, 2)[0m───[35m(6, 3)[0m───[31m(6, 4)[0m───[31m(6, 5)[0m
                  │        │        │        │
                  │        │        │        │
                  (7, 2)───[35m(7, 3)[0m───[35m(7, 4)[0m───[31m(7, 5)[0m───(7, 6)
                           │        │        │
                           │        │        │
                           (8, 3)───[35m(8, 4)[0m───(8, 5)
                                    │
                                    │
                                    (9, 4)
None
Meas types ['onsite0', 'horiz0', 'horiz1']
Prepped onsite, pairs=[(0, 8), (1, 9), (2, 10), (3, 11), (4, 12), (5, 13), (6, 14), (7, 15)]
Prepped horiz, pairs=[(0, 1), (2, 3), (4, 5), (6, 7), (8, 9), (10, 11), (12, 13), (14, 15)]
Prepped horiz, pairs=[(1, 2), (3, 4), (5, 6), (9, 10), (11, 12), (13, 14)]
Set recompilation to False
Got pairs set [(10, 11), (5, 6), (3, 11), (5, 13), (8, 9), (4, 12), (6, 14), (1, 2), (6, 7), (7, 15), (12, 13), (4, 5), (2, 10), (9, 10), (2, 3), (1, 9), (14, 15), (0, 8), (11, 12), (0, 1), (13, 14), (3, 4)]
---Starting to do calibration: delta 3.7928841270000007
---Starting to set up measurements: delta 0.6656359429999998
---Starting to run VQE: delta 1.2115487499999986
No optimisation, save file is experiments/8x1_single_zz_x_U_8_nocc_6_d_1-0915-000205/8x1/processed/processed.json
Given params: [[[[[0.92, 0.623, 0.597]]], [[[-0.92, -0.623, -0.597]]], [[[0, 0.623, 0.597]]], [[[0, -0.623, -0.597]]]]]
---Preparing executables
---Running executables, 12 in batch, delta=5.143224716000001
---Extracting values delta=2.331022546
---Extracted values delta=51.382136921
===0.15534817438762527 -0.13390100733309307 2.670996422814179 3.66036349735084 1631660589.9389398
Computed energies [0.0107235835272661], params [[[[0.92, 0.623, 0.597]]], [[[-0.92, -0.623, -0.597]]], [[[0, 0.623, 0.597]]], [[[0, -0.623, -0.597]]]]
***0.0107235835272661 1631660589.9412138
---VQE complete: delta 58.862113093999994
---Starting TFLO
Using saved points
Using params [[[0, 0, 0]], [[0, 0, 0.785398]], [[0, 0.785398, 1.5708]], [[0, 4.71239, 0]], [[0, 0.785398, 2.35619]], [[0, 3.92699, 0]], [[0, 2.35619, 1.5708]], [[0, 5.49779, 1.5708]], [[0, 0.785398, 3.14159]], [[0, 0, 5.49779]], [[0, 5.49779, 4.71239]], [[0, 5.49779, 3.14159]], [[0, 4.71239, 4.71239]], [[0, 4.71239, 3.92699]], [[0, 3.92699, 2.35619]], [[0, 3.14159, 3.14159]], [[0, 0.623, 0.597]], [[0.92, 0.623, 0.597]], [[0, 0, 0]], [[0, 0, -0.785398]], [[0, -0.785398, -1.5708]], [[0, -4.71239, 0]], [[0, -0.785398, -2.35619]], [[0, -3.92699, 0]], [[0, -2.35619, -1.5708]], [[0, -5.49779, -1.5708]], [[0, -0.785398, -3.14159]], [[0, 0, -5.49779]], [[0, -5.49779, -4.71239]], [[0, -5.49779, -3.14159]], [[0, -4.71239, -4.71239]], [[0, -4.71239, -3.92699]], [[0, -3.92699, -2.35619]], [[0, -3.14159, -3.14159]], [[0, -0.623, -0.597]], [[-0.92, -0.623, -0.597]]]
---Preparing executables
---Running executables, 108 in batch, delta=46.800285699
---Extracting values delta=5.994436950999997
---Extracted values delta=111.136735043
---Time for noisy calculation: 163.95471792400002
***TFLON: 3.2993366153325283,3.4773003001979337,3.0897023554687006,4.166511210212969,3.8330735572934476,4.520029693837699,6.282865929257677,6.630129560943928,5.518028878171544,7.887410670658351,8.604865657961714,8.93403076244608,8.835801218366385,9.777195244965148,8.582618357080094,9.974025884142408,2.74671440312141,0.2705621458918692,3.2956608529968405,3.692202716194266,4.470349918948932,4.560405902360275,6.057352749276126,6.131157300449715,5.0134281231744735,5.776316901728025,7.430755177001629,7.793876540218979,7.441479627963543,7.051349001619844,8.756876652709419,8.566314720925424,10.139909978266582,9.47665602374923,3.758638257191055,-0.17296679294238704 1631660756.007047
Noisy energies by type: {'onsite0': array([ 9.34957671,  9.31572816,  8.71523683,  9.02088167,  8.17850213,
        8.36095903,  9.75135975,  9.76964981,  8.2244898 ,  9.13925547,
        9.76353928, 10.04687808,  9.07236968,  9.58691843,  8.34682081,
        9.32400932,  8.79864636,  4.48568156,  9.27064803,  9.22198909,
        9.80267966,  9.18698878, 10.12957746,  9.94224105,  8.57783691,
        8.61876718,  9.9923863 ,  9.37721519,  8.86272991,  8.28420257,
        9.22363671,  8.74009509, 10.03984705,  9.11049941,  9.78329198,
        4.85664807]), 'horiz0': array([-3.44819325, -3.2694658 , -3.48286604, -3.67369243, -2.1931385 ,
       -3.65117203, -3.36249226, -0.99451634, -0.58605435,  1.25903997,
        1.0953794 ,  1.04283291,  0.92672859,  1.33686354,  0.41718316,
        0.37421515, -3.72487223, -2.43860353, -3.44258999, -2.92421746,
       -3.15400244, -3.5437816 , -1.94846825, -3.70876183, -3.43658052,
       -0.70618153, -0.4546215 ,  0.94736842,  0.69683442,  0.87240959,
        0.64491128,  0.93695921,  0.22329486,  0.09321681, -3.75954966,
       -3.20842025]), 'horiz1': array([-2.60204684, -2.56896206, -2.14266843, -1.18067803, -2.15229008,
       -0.18975731, -0.10600156, -2.1450039 , -2.12040657, -2.51088476,
       -2.25405302, -2.15568022, -1.16329705, -1.14658673, -0.18138561,
        0.27580141, -2.32705973, -1.77651588, -2.53239719, -2.60556891,
       -2.1783273 , -1.08280128, -2.12375647, -0.10232192, -0.12782827,
       -2.13626874, -2.10700962, -2.53070707, -2.1180847 , -2.10526316,
       -1.11167134, -1.11073958, -0.12323193,  0.2729398 , -2.26510406,
       -1.82119461])}
Using saved exact energies
Data collected can be found at experiments/8x1_single_zz_x_U_8_nocc_6_d_1-0915-000205/8x1
