{'theta': True, 'zeta': True, 'chi': False, 'gamma': True, 'phi': True, 'time': None}
{'theta': False, 'zeta': False, 'chi': False, 'gamma': False, 'phi': False, 'time': None}
                  (3, 2)
                  │
                  │
         (4, 1)───(4, 2)───(4, 3)
         │        │        │
         │        │        │
(5, 0)───(5, 1)───(5, 2)───(5, 3)───(5, 4)
         │        │        │        │
         │        │        │        │
         (6, 1)───(6, 2)───(6, 3)───(6, 4)───(6, 5)
                  │        │        │        │
                  │        │        │        │
                  (7, 2)───(7, 3)───(7, 4)───(7, 5)───(7, 6)
                           │        │        │
                           │        │        │
                           (8, 3)───(8, 4)───(8, 5)
                                    │
                                    │
                                    (9, 4)
Start at: (3, 2), with dr
Using qubits [cirq.GridQubit(3, 2), cirq.GridQubit(4, 2), cirq.GridQubit(4, 3), cirq.GridQubit(5, 3), cirq.GridQubit(5, 4), cirq.GridQubit(6, 4), cirq.GridQubit(6, 5), cirq.GridQubit(7, 5), cirq.GridQubit(4, 1), cirq.GridQubit(5, 1), cirq.GridQubit(5, 2), cirq.GridQubit(6, 2), cirq.GridQubit(6, 3), cirq.GridQubit(7, 3), cirq.GridQubit(7, 4), cirq.GridQubit(8, 4)]
Using qubits, JW:[cirq.GridQubit(3, 2), cirq.GridQubit(4, 2), cirq.GridQubit(4, 3), cirq.GridQubit(5, 3), cirq.GridQubit(5, 4), cirq.GridQubit(6, 4), cirq.GridQubit(6, 5), cirq.GridQubit(7, 5), cirq.GridQubit(4, 1), cirq.GridQubit(5, 1), cirq.GridQubit(5, 2), cirq.GridQubit(6, 2), cirq.GridQubit(6, 3), cirq.GridQubit(7, 3), cirq.GridQubit(7, 4), cirq.GridQubit(8, 4)]
                  [31m(3, 2)[0m
                  │
                  │
         [35m(4, 1)[0m───[31m(4, 2)[0m───[31m(4, 3)[0m
         │        │        │
         │        │        │
(5, 0)───[35m(5, 1)[0m───[35m(5, 2)[0m───[31m(5, 3)[0m───[31m(5, 4)[0m
         │        │        │        │
         │        │        │        │
         (6, 1)───[35m(6, 2)[0m───[35m(6, 3)[0m───[31m(6, 4)[0m───[31m(6, 5)[0m
                  │        │        │        │
                  │        │        │        │
                  (7, 2)───[35m(7, 3)[0m───[35m(7, 4)[0m───[31m(7, 5)[0m───(7, 6)
                           │        │        │
                           │        │        │
                           (8, 3)───[35m(8, 4)[0m───(8, 5)
                                    │
                                    │
                                    (9, 4)
None
Meas types ['onsite0', 'horiz0', 'horiz1']
Prepped onsite, pairs=[(0, 8), (1, 9), (2, 10), (3, 11), (4, 12), (5, 13), (6, 14), (7, 15)]
Prepped horiz, pairs=[(0, 1), (2, 3), (4, 5), (6, 7), (8, 9), (10, 11), (12, 13), (14, 15)]
Prepped horiz, pairs=[(1, 2), (3, 4), (5, 6), (9, 10), (11, 12), (13, 14)]
Set recompilation to False
Got pairs set [(10, 11), (5, 6), (3, 11), (5, 13), (8, 9), (4, 12), (6, 14), (1, 2), (6, 7), (7, 15), (12, 13), (4, 5), (2, 10), (9, 10), (2, 3), (1, 9), (14, 15), (0, 8), (11, 12), (0, 1), (13, 14), (3, 4)]
---Starting to do calibration: delta 3.979554018000001
---Starting to set up measurements: delta 0.8132488999999996
---Starting to run VQE: delta 1.7010782780000007
No optimisation, save file is experiments/8x1_single_zz_x_U_4_nocc_5_d_1-0916-221925/8x1/processed/processed.json
Given params: [[[[[0.555, 0.569, 0.657]]], [[[-0.555, -0.569, -0.657]]], [[[0, 0.569, 0.657]]], [[[0, -0.569, -0.657]]]]]
---Preparing executables
---Running executables, 12 in batch, delta=6.362718380999999
---Extracting values delta=2.774845298999999
---Extracted values delta=51.043949374
===-2.903554837895021 -2.9442283086633863 -2.255402086439333 -2.1198426584018986 1631827232.445188
Computed energies [-2.923891573279204], params [[[[0.555, 0.569, 0.657]]], [[[-0.555, -0.569, -0.657]]], [[[0, 0.569, 0.657]]], [[[0, -0.569, -0.657]]]]
***-2.923891573279204 1631827232.447435
---VQE complete: delta 60.18683978199999
---Starting TFLO
Using saved points
Using params [[[0, 0, 0]], [[0, 0, 0.785398]], [[0, 0.785398, 1.5708]], [[0, 4.71239, 0]], [[0, 2.35619, 0.785398]], [[0, 2.35619, 0]], [[0, 1.5708, 2.35619]], [[0, 3.14159, 0.785398]], [[0, 3.92699, 0.785398]], [[0, 5.49779, 5.49779]], [[0, 0.785398, 5.49779]], [[0, 4.71239, 5.49779]], [[0, 1.5708, 3.92699]], [[0, 4.71239, 3.92699]], [[0, 3.92699, 2.35619]], [[0, 2.35619, 4.71239]], [[0, 0.569, 0.657]], [[0.555, 0.569, 0.657]], [[0, 0, 0]], [[0, 0, -0.785398]], [[0, -0.785398, -1.5708]], [[0, -4.71239, 0]], [[0, -2.35619, -0.785398]], [[0, -2.35619, 0]], [[0, -1.5708, -2.35619]], [[0, -3.14159, -0.785398]], [[0, -3.92699, -0.785398]], [[0, -5.49779, -5.49779]], [[0, -0.785398, -5.49779]], [[0, -4.71239, -5.49779]], [[0, -1.5708, -3.92699]], [[0, -4.71239, -3.92699]], [[0, -3.92699, -2.35619]], [[0, -2.35619, -4.71239]], [[0, -0.569, -0.657]], [[-0.555, -0.569, -0.657]]]
---Preparing executables
---Running executables, 108 in batch, delta=52.464637333
---Extracting values delta=7.6027199420000215
---Extracted values delta=106.350814181
---Time for noisy calculation: 166.441024656
***TFLON: -2.150984075114463,-1.9909541969587714,-2.0246613943863534,-1.2164590400204238,-0.39864356738994616,-0.18156584835580286,-0.6952126387551385,0.12518711214116657,0.3992650328334665,1.263460105185246,1.4900715083370333,1.832105780982572,2.2026030390343516,2.6733018931143517,2.541022666328341,3.484486789153718,-2.3096223010066192,-2.9139994765090496,-2.1809167091016244,-1.8785783812179857,-1.7000197392731207,-1.013816475015469,-1.0022862655240599,-0.588171991420422,-0.039141390581153956,0.21146694897305182,0.7676954419955344,1.2841996422262225,2.0759213722153462,2.2696453514930512,1.9967828355596309,2.13734129923652,3.1473340938381904,3.2057887805517433,-2.171231735280234,-3.019902070085826 1631827401.04946
Noisy energies by type: {'onsite0': array([3.10398188, 3.08982036, 3.09272997, 3.10225764, 3.32849432,
       3.29442574, 2.91368421, 2.91817662, 2.86712507, 3.06180306,
       2.81021341, 2.80052741, 3.21100917, 3.23254086, 2.66127847,
       3.11779258, 3.00941402, 1.89998181, 3.04914286, 2.95884146,
       3.10106383, 3.14926471, 2.63438078, 2.78535588, 3.2085678 ,
       2.9209622 , 3.17813384, 3.11184695, 3.33641234, 3.31546089,
       2.81099146, 2.89526595, 3.299389  , 2.74985989, 3.09942857,
       2.08480057]), 'horiz0': array([-2.75541552, -2.57861005, -2.96216454, -2.9733863 , -3.23226064,
       -3.02725657, -2.33127699, -2.64868716, -1.97504421,  0.37705568,
        0.80878653,  0.34481394,  0.26932914,  0.77257257,  0.31673152,
        0.82386475, -3.04252549, -2.70105437, -2.75891274, -2.34854691,
       -2.64378627, -2.81864515, -3.19812695, -2.92669934, -1.96346576,
       -2.61321147, -1.94956232,  0.36342412,  0.88701685,  0.27061184,
        0.50736927,  0.64751553,  0.33190578,  0.93135103, -2.94909525,
       -2.91001394]), 'horiz1': array([-2.49955044, -2.5021645 , -2.15522682, -1.34533038, -0.49487725,
       -0.44873502, -1.27761986, -0.14430235, -0.49281582, -2.17539863,
       -2.12892844, -1.31323556, -1.27773527, -1.33181154, -0.43698732,
       -0.45717054, -2.27651083, -2.11292692, -2.47114682, -2.48887294,
       -2.1572973 , -1.34443603, -0.43854009, -0.44682853, -1.28424343,
       -0.09628378, -0.46087608, -2.19107143, -2.14750782, -1.31642737,
       -1.32157789, -1.40544018, -0.48396069, -0.47542214, -2.32156506,
       -2.19468871])}
Using saved exact energies
Data collected can be found at experiments/8x1_single_zz_x_U_4_nocc_5_d_1-0916-221925/8x1
