{'theta': True, 'zeta': True, 'chi': False, 'gamma': True, 'phi': True, 'time': None}
{'theta': False, 'zeta': False, 'chi': False, 'gamma': False, 'phi': False, 'time': None}
                  (3, 2)
                  │
                  │
         (4, 1)───(4, 2)───(4, 3)
         │        │        │
         │        │        │
(5, 0)───(5, 1)───(5, 2)───(5, 3)───(5, 4)
         │        │        │        │
         │        │        │        │
         (6, 1)───(6, 2)───(6, 3)───(6, 4)───(6, 5)
                  │        │        │        │
                  │        │        │        │
                  (7, 2)───(7, 3)───(7, 4)───(7, 5)───(7, 6)
                           │        │        │
                           │        │        │
                           (8, 3)───(8, 4)───(8, 5)
                                    │
                                    │
                                    (9, 4)
Start at: (3, 2), with dr
Using qubits [cirq.GridQubit(3, 2), cirq.GridQubit(4, 2), cirq.GridQubit(4, 3), cirq.GridQubit(5, 3), cirq.GridQubit(5, 4), cirq.GridQubit(6, 4), cirq.GridQubit(6, 5), cirq.GridQubit(7, 5), cirq.GridQubit(4, 1), cirq.GridQubit(5, 1), cirq.GridQubit(5, 2), cirq.GridQubit(6, 2), cirq.GridQubit(6, 3), cirq.GridQubit(7, 3), cirq.GridQubit(7, 4), cirq.GridQubit(8, 4)]
Using qubits, JW:[cirq.GridQubit(3, 2), cirq.GridQubit(4, 2), cirq.GridQubit(4, 3), cirq.GridQubit(5, 3), cirq.GridQubit(5, 4), cirq.GridQubit(6, 4), cirq.GridQubit(6, 5), cirq.GridQubit(7, 5), cirq.GridQubit(4, 1), cirq.GridQubit(5, 1), cirq.GridQubit(5, 2), cirq.GridQubit(6, 2), cirq.GridQubit(6, 3), cirq.GridQubit(7, 3), cirq.GridQubit(7, 4), cirq.GridQubit(8, 4)]
                  [31m(3, 2)[0m
                  │
                  │
         [35m(4, 1)[0m───[31m(4, 2)[0m───[31m(4, 3)[0m
         │        │        │
         │        │        │
(5, 0)───[35m(5, 1)[0m───[35m(5, 2)[0m───[31m(5, 3)[0m───[31m(5, 4)[0m
         │        │        │        │
         │        │        │        │
         (6, 1)───[35m(6, 2)[0m───[35m(6, 3)[0m───[31m(6, 4)[0m───[31m(6, 5)[0m
                  │        │        │        │
                  │        │        │        │
                  (7, 2)───[35m(7, 3)[0m───[35m(7, 4)[0m───[31m(7, 5)[0m───(7, 6)
                           │        │        │
                           │        │        │
                           (8, 3)───[35m(8, 4)[0m───(8, 5)
                                    │
                                    │
                                    (9, 4)
None
Meas types ['onsite0', 'horiz0', 'vert02', 'vert12']
Prepped onsite, pairs=[(0, 8), (1, 9), (2, 10), (3, 11), (4, 12), (5, 13), (6, 14), (7, 15)]
Prepped horiz, pairs=[(0, 1), (2, 3), (4, 5), (6, 7), (8, 9), (10, 11), (12, 13), (14, 15)]
Prepped vert0, pairs=[(1, 2), (3, 4), (5, 6), (9, 10), (11, 12), (13, 14)]
Prepped vert1, pairs=[(1, 2), (3, 4), (5, 6), (9, 10), (11, 12), (13, 14)]
Set recompilation to False
Got pairs set [(10, 11), (5, 6), (3, 11), (5, 13), (8, 9), (4, 12), (6, 14), (1, 2), (6, 7), (7, 15), (12, 13), (4, 5), (2, 10), (9, 10), (2, 3), (1, 9), (14, 15), (0, 8), (11, 12), (0, 1), (13, 14), (3, 4)]
---Starting to do calibration: delta 3.481855832999999
---Starting to set up measurements: delta 0.7873296710000002
---Starting to run VQE: delta 1.9753287219999986
No optimisation, save file is experiments/4x2_single_U_8_nocc_15_d_1-0920-000711/2x4/processed/processed.json
Given params: [[[[[0.808, 0.762, 0.816, 0.95]]], [[[-0.808, -0.762, -0.816, -0.95]]], [[[0, 0.762, 0.816, 0.95]]], [[[0, -0.762, -0.816, -0.95]]]]]
---Preparing executables
---Running executables, 16 in batch, delta=7.366461063000001
---Extracting values delta=2.4990725850000004
---Extracted values delta=67.984380177
===54.39606372315133 54.22084979586473 54.335564158071485 54.329224574910604 1632092915.230013
Computed energies [54.30845675950803], params [[[[0.808, 0.762, 0.816, 0.95]]], [[[-0.808, -0.762, -0.816, -0.95]]], [[[0, 0.762, 0.816, 0.95]]], [[[0, -0.762, -0.816, -0.95]]]]
***54.30845675950803 1632092915.231828
---VQE complete: delta 77.857276379
---Starting TFLO
Using saved points
Using params [[[0, 0.785398, 0, 0]], [[0, 0.785398, 0, 1.5708]], [[0, 5.49779, 4.71239, 0.785398]], [[0, 0.785398, 0.785398, 3.14159]], [[0, 5.49779, 3.14159, 1.5708]], [[0, 2.35619, 0, 3.92699]], [[0, 5.49779, 0, 4.71239]], [[0, 3.92699, 5.49779, 3.92699]], [[0, 3.92699, 4.71239, 3.14159]], [[0, 5.49779, 1.5708, 4.71239]], [[0, 3.92699, 4.71239, 3.92699]], [[0, 5.49779, 1.5708, 5.49779]], [[0, 5.49779, 3.14159, 3.92699]], [[0, 2.35619, 2.35619, 4.71239]], [[0, 3.92699, 3.92699, 4.71239]], [[0, 3.14159, 3.92699, 5.49779]], [[0, 0.762, 0.816, 0.95]], [[0.808, 0.762, 0.816, 0.95]], [[0, -0.785398, 0, 0]], [[0, -0.785398, 0, -1.5708]], [[0, -5.49779, -4.71239, -0.785398]], [[0, -0.785398, -0.785398, -3.14159]], [[0, -5.49779, -3.14159, -1.5708]], [[0, -2.35619, 0, -3.92699]], [[0, -5.49779, 0, -4.71239]], [[0, -3.92699, -5.49779, -3.92699]], [[0, -3.92699, -4.71239, -3.14159]], [[0, -5.49779, -1.5708, -4.71239]], [[0, -3.92699, -4.71239, -3.92699]], [[0, -5.49779, -1.5708, -5.49779]], [[0, -5.49779, -3.14159, -3.92699]], [[0, -2.35619, -2.35619, -4.71239]], [[0, -3.92699, -3.92699, -4.71239]], [[0, -3.14159, -3.92699, -5.49779]], [[0, -0.762, -0.816, -0.95]], [[-0.808, -0.762, -0.816, -0.95]]]
---Preparing executables
---Running executables, 144 in batch, delta=67.607547757
---Extracting values delta=7.882089076999989
---Extracted values delta=139.13501950000003
---Time for noisy calculation: 214.64671730999999
***TFLON: 54.29649231301364,54.455070413689754,54.451342832077714,54.66791621305168,54.67495639443568,54.957976430651456,55.124763761066085,55.32835432462233,55.396900472915924,55.51270863278255,55.77510630437822,55.92889137674015,56.08672829079862,56.14981519856719,56.41193074081469,56.71460447126195,54.323511587843925,54.38542832407732,54.26772226458698,54.57406522225184,54.487463044357234,54.82001809654696,54.80484293854691,55.158159952716126,55.434428289226595,55.48482800270067,55.64466366531461,55.896014986596214,55.95710846894965,56.14052083609092,56.164729427186494,56.644249030841635,56.712715656849106,56.9412044581102,54.31966972825146,54.24844891187622 1632093132.664181
Noisy energies by type: {'onsite0': array([56., 56., 56., 56., 56., 56., 56., 56., 56., 56., 56., 56., 56.,
       56., 56., 56., 56., 56., 56., 56., 56., 56., 56., 56., 56., 56.,
       56., 56., 56., 56., 56., 56., 56., 56., 56., 56.]), 'horiz0': array([-0.67417062, -0.68486917, -0.74430497, -0.60700602, -0.64877161,
       -0.75600907, -0.72086331, -0.6584022 , -0.55260664, -0.163236  ,
       -0.42714932, -0.06053496,  0.09715319,  0.1317757 ,  0.05491699,
        0.24404273, -0.65819042, -0.66954644, -0.7112426 , -0.68687982,
       -0.75047619, -0.69835739, -0.54811321, -0.7552658 , -0.72001824,
       -0.63348416, -0.4181478 , -0.17401612, -0.27187646, -0.0860735 ,
        0.12512219,  0.3765749 ,  0.29550613,  0.45281385, -0.71072589,
       -0.76956313]), 'vert02': array([-0.50709741, -0.37035294, -0.43712056, -0.20231481, -0.28828829,
       -0.05528256, -0.09873307, -0.10938743, -0.15263794, -0.01899827,
       -0.03861308,  0.09628009,  0.06225681,  0.14213836,  0.12624452,
        0.23924332, -0.38170005, -0.31265148, -0.60222672, -0.56829603,
       -0.45540098, -0.28299437, -0.35914333, -0.05408914, -0.05384615,
       -0.01310564, -0.11097205,  0.03933566,  0.00444444,  0.11152726,
       -0.05582632,  0.20462046,  0.14337205,  0.22540984, -0.54070661,
       -0.56636808]), 'vert12': array([-0.52223967, -0.48970748, -0.36723164, -0.52276295, -0.38798371,
       -0.23073194, -0.05563986,  0.09614396,  0.10214505, -0.3050571 ,
        0.24086871, -0.10685375, -0.0726817 , -0.12409887,  0.23076923,
        0.23131842, -0.63659794, -0.63237376, -0.41880841, -0.17075893,
       -0.30665978, -0.19863014, -0.28790053, -0.03248511,  0.20829268,
        0.1314178 ,  0.17378352,  0.03069544,  0.22454049,  0.11506708,
        0.09543356,  0.06305367,  0.27383748,  0.26298077, -0.42889777,
       -0.41561988])}
Using saved exact energies
Data collected can be found at experiments/4x2_single_U_8_nocc_15_d_1-0920-000711/2x4
