{'theta': True, 'zeta': True, 'chi': False, 'gamma': True, 'phi': True, 'time': None}
{'theta': False, 'zeta': False, 'chi': False, 'gamma': False, 'phi': False, 'time': None}
                  (3, 2)
                  │
                  │
         (4, 1)───(4, 2)───(4, 3)
         │        │        │
         │        │        │
(5, 0)───(5, 1)───(5, 2)───(5, 3)───(5, 4)
         │        │        │        │
         │        │        │        │
         (6, 1)───(6, 2)───(6, 3)───(6, 4)───(6, 5)
                  │        │        │        │
                  │        │        │        │
                  (7, 2)───(7, 3)───(7, 4)───(7, 5)───(7, 6)
                           │        │        │
                           │        │        │
                           (8, 3)───(8, 4)───(8, 5)
                                    │
                                    │
                                    (9, 4)
Start at: (3, 2), with dr
Using qubits [cirq.GridQubit(3, 2), cirq.GridQubit(4, 2), cirq.GridQubit(4, 3), cirq.GridQubit(5, 3), cirq.GridQubit(5, 4), cirq.GridQubit(6, 4), cirq.GridQubit(6, 5), cirq.GridQubit(7, 5), cirq.GridQubit(4, 1), cirq.GridQubit(5, 1), cirq.GridQubit(5, 2), cirq.GridQubit(6, 2), cirq.GridQubit(6, 3), cirq.GridQubit(7, 3), cirq.GridQubit(7, 4), cirq.GridQubit(8, 4)]
Using qubits, JW:[cirq.GridQubit(3, 2), cirq.GridQubit(4, 2), cirq.GridQubit(4, 3), cirq.GridQubit(5, 3), cirq.GridQubit(5, 4), cirq.GridQubit(6, 4), cirq.GridQubit(6, 5), cirq.GridQubit(7, 5), cirq.GridQubit(4, 1), cirq.GridQubit(5, 1), cirq.GridQubit(5, 2), cirq.GridQubit(6, 2), cirq.GridQubit(6, 3), cirq.GridQubit(7, 3), cirq.GridQubit(7, 4), cirq.GridQubit(8, 4)]
                  [31m(3, 2)[0m
                  │
                  │
         [35m(4, 1)[0m───[31m(4, 2)[0m───[31m(4, 3)[0m
         │        │        │
         │        │        │
(5, 0)───[35m(5, 1)[0m───[35m(5, 2)[0m───[31m(5, 3)[0m───[31m(5, 4)[0m
         │        │        │        │
         │        │        │        │
         (6, 1)───[35m(6, 2)[0m───[35m(6, 3)[0m───[31m(6, 4)[0m───[31m(6, 5)[0m
                  │        │        │        │
                  │        │        │        │
                  (7, 2)───[35m(7, 3)[0m───[35m(7, 4)[0m───[31m(7, 5)[0m───(7, 6)
                           │        │        │
                           │        │        │
                           (8, 3)───[35m(8, 4)[0m───(8, 5)
                                    │
                                    │
                                    (9, 4)
None
Meas types ['onsite0', 'horiz0', 'vert02', 'vert12']
Prepped onsite, pairs=[(0, 8), (1, 9), (2, 10), (3, 11), (4, 12), (5, 13), (6, 14), (7, 15)]
Prepped horiz, pairs=[(0, 1), (2, 3), (4, 5), (6, 7), (8, 9), (10, 11), (12, 13), (14, 15)]
Prepped vert0, pairs=[(1, 2), (3, 4), (5, 6), (9, 10), (11, 12), (13, 14)]
Prepped vert1, pairs=[(1, 2), (3, 4), (5, 6), (9, 10), (11, 12), (13, 14)]
Set recompilation to False
Got pairs set [(10, 11), (5, 6), (3, 11), (5, 13), (8, 9), (4, 12), (6, 14), (1, 2), (6, 7), (7, 15), (12, 13), (4, 5), (2, 10), (9, 10), (2, 3), (1, 9), (14, 15), (0, 8), (11, 12), (0, 1), (13, 14), (3, 4)]
---Starting to do calibration: delta 3.8774509870000005
---Starting to set up measurements: delta 0.8187014169999998
---Starting to run VQE: delta 2.1162717549999996
No optimisation, save file is experiments/4x2_single_U_4_nocc_12_d_1-0915-234931/2x4/processed/processed.json
Given params: [[[[[0.439, 0.373, 0.576, 0.473]]], [[[-0.439, -0.373, -0.576, -0.473]]], [[[0, 0.373, 0.576, 0.473]]], [[[0, -0.373, -0.576, -0.473]]]]]
---Preparing executables
---Running executables, 16 in batch, delta=7.852931261
---Extracting values delta=2.817527050999999
---Extracted values delta=71.267218135
===12.211728662806806 11.71177131696132 12.114446595101201 12.31275079075141 1631746260.0909739
Computed energies [11.961749989884062], params [[[[0.439, 0.373, 0.576, 0.473]]], [[[-0.439, -0.373, -0.576, -0.473]]], [[[0, 0.373, 0.576, 0.473]]], [[[0, -0.373, -0.576, -0.473]]]]
***11.961749989884062 1631746260.092663
---VQE complete: delta 81.94461928300001
---Starting TFLO
Using saved points
Using params [[[0, 4.71239, 0, 0]], [[0, 0, 0, 1.5708]], [[0, 3.14159, 4.71239, 0.785398]], [[0, 1.5708, 0.785398, 3.14159]], [[0, 3.14159, 3.14159, 1.5708]], [[0, 3.14159, 0, 3.92699]], [[0, 1.5708, 0, 4.71239]], [[0, 3.92699, 5.49779, 3.92699]], [[0, 1.5708, 4.71239, 3.14159]], [[0, 3.14159, 1.5708, 4.71239]], [[0, 4.71239, 4.71239, 3.92699]], [[0, 3.14159, 1.5708, 5.49779]], [[0, 3.14159, 3.14159, 3.92699]], [[0, 5.49779, 2.35619, 4.71239]], [[0, 3.14159, 3.92699, 4.71239]], [[0, 0, 3.92699, 5.49779]], [[0, 0.373, 0.576, 0.473]], [[0.439, 0.373, 0.576, 0.473]], [[0, -4.71239, 0, 0]], [[0, 0, 0, -1.5708]], [[0, -3.14159, -4.71239, -0.785398]], [[0, -1.5708, -0.785398, -3.14159]], [[0, -3.14159, -3.14159, -1.5708]], [[0, -3.14159, 0, -3.92699]], [[0, -1.5708, 0, -4.71239]], [[0, -3.92699, -5.49779, -3.92699]], [[0, -1.5708, -4.71239, -3.14159]], [[0, -3.14159, -1.5708, -4.71239]], [[0, -4.71239, -4.71239, -3.92699]], [[0, -3.14159, -1.5708, -5.49779]], [[0, -3.14159, -3.14159, -3.92699]], [[0, -5.49779, -2.35619, -4.71239]], [[0, -3.14159, -3.92699, -4.71239]], [[0, 0, -3.92699, -5.49779]], [[0, -0.373, -0.576, -0.473]], [[-0.439, -0.373, -0.576, -0.473]]]
---Preparing executables
---Running executables, 144 in batch, delta=71.58749469600001
---Extracting values delta=9.477669440999989
---Extracted values delta=151.57388206800002
---Time for noisy calculation: 232.66456415199997
***TFLON: 12.3279705475236,12.942813382642738,13.311662473692456,14.665827435946388,14.625643741984248,15.239648980663683,16.424041268835946,16.633957332443565,17.572376963930846,18.51315040823867,18.823296184256424,19.491907204919546,20.412759665036745,20.20463002238207,21.674040798200227,22.28921981918661,12.15175994211359,12.417568637891316,12.568413698899569,12.924196974900386,13.877301723823376,14.94897629218938,15.5526005164023,15.499950432346548,16.637167281961933,17.178788485866967,18.360777570316685,18.81467818662298,19.132167111958793,19.749751745218557,20.42234151979373,20.32033841822539,21.36648252573333,23.372813600040274,12.450229700228236,11.78324449313732 1631746495.601734
Noisy energies by type: {'onsite0': array([18.0266257 , 17.94609461, 17.98779811, 18.30084376, 17.93176144,
       17.92292976, 18.23001725, 17.76772414, 18.01571268, 18.08131998,
       18.07764391, 18.02577622, 17.98522727, 18.14816796, 18.07411663,
       17.91281233, 17.87882285, 17.31417864, 18.22069694, 17.90791288,
       18.04133545, 17.85682819, 18.02842585, 17.88546256, 18.06851192,
       18.23846359, 18.12030075, 17.90972595, 17.94767138, 17.83477577,
       17.98165138, 17.90440587, 17.95500388, 17.96592398, 18.0565931 ,
       17.40557769]), 'horiz0': array([-2.90588235, -2.81197381, -2.82563338, -2.36773351, -1.96830329,
       -2.81960557, -2.80549868, -2.10788133, -1.42513917, -0.53652393,
       -0.98824204, -0.33782916,  0.90691978,  0.80116448,  1.12431179,
        1.4713881 , -2.85370611, -2.38176034, -2.92261416, -2.8265861 ,
       -2.54891304, -2.18203102, -1.60715299, -2.86641982, -2.74513223,
       -2.44336938, -1.10775371, -0.16069918, -0.82642777,  0.11375508,
        1.0766129 ,  0.9362069 ,  1.01611975,  2.23519646, -2.89963724,
       -2.9326484 ]), 'vert02': array([-1.5373461 , -1.4270195 , -1.02943627, -0.11333715, -0.65720971,
        0.1702938 ,  0.48493304,  0.31280924,  0.10499186,  0.71942874,
        0.47721823,  0.89310873,  0.60890258,  0.89563567,  0.96817331,
        1.57475779, -1.54706062, -1.39685658, -1.15806452, -1.11163305,
       -0.86482128,  0.09006128, -0.3208    ,  0.229341  ,  0.67348565,
        0.37956204,  0.14864509,  0.68958051,  0.51919033,  0.93007916,
        0.66787471,  1.07569721,  0.9573472 ,  1.59036145, -1.41112071,
       -1.46805516]), 'vert12': array([-1.2554267 , -0.76428792, -0.82106599, -1.15394567, -0.6806047 ,
       -0.03396901,  0.51458967,  0.66130529,  0.87681159,  0.24892562,
        1.25667609,  0.91085142,  0.91171004,  0.35966191,  1.50743906,
        1.33026159, -1.32629618, -1.11799308, -1.57160456, -1.04549675,
       -0.7502994 , -0.81588216, -0.54787234,  0.2515667 ,  0.64030194,
        1.00413223,  1.19958543,  0.3760709 ,  1.49173318,  0.87114174,
        0.69620253,  0.40402844,  1.4380117 ,  1.58133171, -1.29560544,
       -1.22162963])}
Using saved exact energies
Data collected can be found at experiments/4x2_single_U_4_nocc_12_d_1-0915-234931/2x4
