{'theta': True, 'zeta': True, 'chi': False, 'gamma': True, 'phi': True, 'time': None}
{'theta': False, 'zeta': False, 'chi': False, 'gamma': False, 'phi': False, 'time': None}
                  (3, 2)
                  │
                  │
         (4, 1)───(4, 2)───(4, 3)
         │        │        │
         │        │        │
(5, 0)───(5, 1)───(5, 2)───(5, 3)───(5, 4)
         │        │        │        │
         │        │        │        │
         (6, 1)───(6, 2)───(6, 3)───(6, 4)───(6, 5)
                  │        │        │        │
                  │        │        │        │
                  (7, 2)───(7, 3)───(7, 4)───(7, 5)───(7, 6)
                           │        │        │
                           │        │        │
                           (8, 3)───(8, 4)───(8, 5)
                                    │
                                    │
                                    (9, 4)
Start at: (3, 2), with dr
Using qubits [cirq.GridQubit(3, 2), cirq.GridQubit(4, 2), cirq.GridQubit(4, 3), cirq.GridQubit(5, 3), cirq.GridQubit(5, 4), cirq.GridQubit(6, 4), cirq.GridQubit(6, 5), cirq.GridQubit(7, 5), cirq.GridQubit(4, 1), cirq.GridQubit(5, 1), cirq.GridQubit(5, 2), cirq.GridQubit(6, 2), cirq.GridQubit(6, 3), cirq.GridQubit(7, 3), cirq.GridQubit(7, 4), cirq.GridQubit(8, 4)]
Using qubits, JW:[cirq.GridQubit(3, 2), cirq.GridQubit(4, 2), cirq.GridQubit(4, 3), cirq.GridQubit(5, 3), cirq.GridQubit(5, 4), cirq.GridQubit(6, 4), cirq.GridQubit(6, 5), cirq.GridQubit(7, 5), cirq.GridQubit(4, 1), cirq.GridQubit(5, 1), cirq.GridQubit(5, 2), cirq.GridQubit(6, 2), cirq.GridQubit(6, 3), cirq.GridQubit(7, 3), cirq.GridQubit(7, 4), cirq.GridQubit(8, 4)]
                  [31m(3, 2)[0m
                  │
                  │
         [35m(4, 1)[0m───[31m(4, 2)[0m───[31m(4, 3)[0m
         │        │        │
         │        │        │
(5, 0)───[35m(5, 1)[0m───[35m(5, 2)[0m───[31m(5, 3)[0m───[31m(5, 4)[0m
         │        │        │        │
         │        │        │        │
         (6, 1)───[35m(6, 2)[0m───[35m(6, 3)[0m───[31m(6, 4)[0m───[31m(6, 5)[0m
                  │        │        │        │
                  │        │        │        │
                  (7, 2)───[35m(7, 3)[0m───[35m(7, 4)[0m───[31m(7, 5)[0m───(7, 6)
                           │        │        │
                           │        │        │
                           (8, 3)───[35m(8, 4)[0m───(8, 5)
                                    │
                                    │
                                    (9, 4)
None
Meas types ['onsite0', 'horiz0', 'horiz1']
Prepped onsite, pairs=[(0, 8), (1, 9), (2, 10), (3, 11), (4, 12), (5, 13), (6, 14), (7, 15)]
Prepped horiz, pairs=[(0, 1), (2, 3), (4, 5), (6, 7), (8, 9), (10, 11), (12, 13), (14, 15)]
Prepped horiz, pairs=[(1, 2), (3, 4), (5, 6), (9, 10), (11, 12), (13, 14)]
Set recompilation to False
Got pairs set [(10, 11), (5, 6), (3, 11), (5, 13), (8, 9), (4, 12), (6, 14), (1, 2), (6, 7), (7, 15), (12, 13), (4, 5), (2, 10), (9, 10), (2, 3), (1, 9), (14, 15), (0, 8), (11, 12), (0, 1), (13, 14), (3, 4)]
---Starting to do calibration: delta 3.657049709999999
---Starting to set up measurements: delta 1.0118964210000012
---Starting to run VQE: delta 1.8799739980000005
Running BayesMGD: n_evals 15, nshots 1000, max_iter 50, max_evals 300
---Preparing executables
---Running executables, 3 in batch, delta=2.005331179999999
---Extracting values delta=2.0248183799999993
---Extracted values delta=5.280053440000003
---Preparing executables
---Running executables, 90 in batch, delta=62.88941525600001
---Extracting values delta=12.863212423000007
---Extracted values delta=64.924978791
[-1.435368889788483, -1.3586557710062557]
2  :--------------------------------
fit_params:  [ 1.211  2.855  0.104  0.066  0.432 -1.328 -2.775 -1.975  1.615 -0.937]
current: -1.359+/-0.096  params:  [0.873 0.761 0.994]  grad:  [0.641 1.209 0.031]  gamma_k: 0.1977  delta_k: 0.6000
---Preparing executables
---Running executables, 90 in batch, delta=72.70324656599999
---Extracting values delta=12.816127351000006
---Extracted values delta=121.37233920199998
[-1.435368889788483, -1.3586557710062557, -1.3586557710062557, -1.6482081494451792]
3  :--------------------------------
fit_params:  [ 0.411 -0.026 -0.767  0.326  0.524 -0.096 -2.02   0.078  1.332 -1.962]
current: -1.648+/-0.098  params:  [0.837 0.696 0.905]  grad:  [0.234 0.417 0.576]  gamma_k: 0.1548  delta_k: 0.5594
---Preparing executables
---Running executables, 90 in batch, delta=76.272068074
---Extracting values delta=12.126167269999996
---Extracted values delta=142.85873371999998
[-1.435368889788483, -1.3586557710062557, -1.3586557710062557, -1.6482081494451792, -1.6482081494451792, -1.6719701969243286]
4  :--------------------------------
fit_params:  [ 0.842  0.303 -0.653  0.214  0.556 -0.203 -2.36   0.319  0.998 -1.828]
current: -1.672+/-0.076  params:  [0.791 0.601 0.844]  grad:  [0.355 0.732 0.465]  gamma_k: 0.1302  delta_k: 0.5370
---Preparing executables
---Running executables, 90 in batch, delta=66.23057752
---Extracting values delta=11.844410968000034
---Extracted values delta=93.20248731099991
[-1.435368889788483, -1.3586557710062557, -1.3586557710062557, -1.6482081494451792, -1.6482081494451792, -1.6719701969243286, -1.6719701969243286, -1.656137970517137]
5  :--------------------------------
fit_params:  [ 0.507  1.001 -0.147  0.532  0.053 -0.338 -1.328 -1.115  1.231 -1.962]
current: -1.656+/-0.074  params:  [0.768 0.56  0.769]  grad:  [0.203 0.359 0.66 ]  gamma_k: 0.1139  delta_k: 0.5216
---Preparing executables
---Running executables, 90 in batch, delta=63.210258297999985
---Extracting values delta=11.74998804300003
---Extracted values delta=80.69319250400008
[-1.435368889788483, -1.3586557710062557, -1.3586557710062557, -1.6482081494451792, -1.6482081494451792, -1.6719701969243286, -1.6719701969243286, -1.656137970517137, -1.656137970517137, -1.8467309395165343]
6  :--------------------------------
fit_params:  [ 0.131  0.277  0.473  0.017  0.109  0.051 -0.67  -0.152 -0.319 -1.593]
current: -1.847+/-0.063  params:  [0.797 0.533 0.704]  grad:  [-0.283  0.263  0.634]  gamma_k: 0.1020  delta_k: 0.5100
---Preparing executables
---Running executables, 90 in batch, delta=62.49406787699991
---Extracting values delta=11.889799205000031
---Extracted values delta=82.06245414800003
[-1.435368889788483, -1.3586557710062557, -1.3586557710062557, -1.6482081494451792, -1.6482081494451792, -1.6719701969243286, -1.6719701969243286, -1.656137970517137, -1.656137970517137, -1.8467309395165343, -1.8467309395165343, -2.0243432758399296]
7  :--------------------------------
fit_params:  [ 0.229  0.651  0.539 -0.081  0.033  0.139 -0.674 -0.741 -0.75  -1.165]
current: -2.024+/-0.074  params:  [0.829 0.531 0.685]  grad:  [-0.349  0.022  0.209]  gamma_k: 0.0930  delta_k: 0.5007
---Preparing executables
---Running executables, 90 in batch, delta=65.22782006300008
---Extracting values delta=17.585933138999962
---Extracted values delta=74.59439574800012
[-1.435368889788483, -1.3586557710062557, -1.3586557710062557, -1.6482081494451792, -1.6482081494451792, -1.6719701969243286, -1.6719701969243286, -1.656137970517137, -1.656137970517137, -1.8467309395165343, -1.8467309395165343, -2.0243432758399296, -2.0243432758399296, -1.7279984337117997]
8  :--------------------------------
fit_params:  [ 0.523  0.686  0.666  0.495  0.169  0.208 -1.315 -1.659 -1.038 -0.909]
current: -1.728+/-0.064  params:  [0.803 0.516 0.653]  grad:  [0.31  0.176 0.376]  gamma_k: 0.0858  delta_k: 0.4929
---Preparing executables
---Running executables, 90 in batch, delta=67.74644720799984
---Extracting values delta=12.180542497000033
---Extracted values delta=79.00562646899994
[-1.435368889788483, -1.3586557710062557, -1.3586557710062557, -1.6482081494451792, -1.6482081494451792, -1.6719701969243286, -1.6719701969243286, -1.656137970517137, -1.656137970517137, -1.8467309395165343, -1.8467309395165343, -2.0243432758399296, -2.0243432758399296, -1.7279984337117997, -1.7279984337117997, -1.97727728738331]
9  :--------------------------------
fit_params:  [ 0.718  0.55   0.964  0.255 -0.378  0.356 -0.937 -1.184 -0.839 -1.11 ]
current: -1.977+/-0.051  params:  [0.804 0.496 0.638]  grad:  [-0.014  0.259  0.18 ]  gamma_k: 0.0799  delta_k: 0.4863
---Preparing executables
---Running executables, 90 in batch, delta=72.5456092689999
---Extracting values delta=12.262680936999914
---Extracted values delta=73.399918114
[-1.435368889788483, -1.3586557710062557, -1.3586557710062557, -1.6482081494451792, -1.6482081494451792, -1.6719701969243286, -1.6719701969243286, -1.656137970517137, -1.656137970517137, -1.8467309395165343, -1.8467309395165343, -2.0243432758399296, -2.0243432758399296, -1.7279984337117997, -1.7279984337117997, -1.97727728738331, -1.97727728738331, -2.1415521522633854]
10  :--------------------------------
fit_params:  [ 0.682  1.214  0.988 -0.091 -0.145  0.048 -0.858 -1.056 -0.677 -1.337]
current: -2.142+/-0.050  params:  [0.806 0.491 0.608]  grad:  [-0.038  0.062  0.398]  gamma_k: 0.0750  delta_k: 0.4806
---Preparing executables
---Running executables, 90 in batch, delta=69.60678542300002
---Extracting values delta=11.76692545800006
---Extracted values delta=80.05597907099991
[-1.435368889788483, -1.3586557710062557, -1.3586557710062557, -1.6482081494451792, -1.6482081494451792, -1.6719701969243286, -1.6719701969243286, -1.656137970517137, -1.656137970517137, -1.8467309395165343, -1.8467309395165343, -2.0243432758399296, -2.0243432758399296, -1.7279984337117997, -1.7279984337117997, -1.97727728738331, -1.97727728738331, -2.1415521522633854, -2.1415521522633854, -1.9435144317155748]
11  :--------------------------------
fit_params:  [ 0.629  1.178  0.743  0.087 -0.039  0.227 -1.015 -1.498 -0.986 -0.93 ]
current: -1.944+/-0.063  params:  [0.804 0.486 0.603]  grad:  [0.038 0.076 0.079]  gamma_k: 0.0708  delta_k: 0.4755
***-1.94+/-0.06 1630619368.213783
---VQE complete: delta 1707.822893496
Data collected can be found at experiments/8x1_bayesmgd_zz_x_U_8_nocc_2_d_1-0902-222053/8x1
