{'theta': True, 'zeta': True, 'chi': False, 'gamma': True, 'phi': True, 'time': None}
{'theta': False, 'zeta': False, 'chi': False, 'gamma': False, 'phi': False, 'time': None}
                  (3, 2)
                  │
                  │
         (4, 1)───(4, 2)───(4, 3)
         │        │        │
         │        │        │
(5, 0)───(5, 1)───(5, 2)───(5, 3)───(5, 4)
         │        │        │        │
         │        │        │        │
         (6, 1)───(6, 2)───(6, 3)───(6, 4)───(6, 5)
                  │        │        │        │
                  │        │        │        │
                  (7, 2)───(7, 3)───(7, 4)───(7, 5)───(7, 6)
                           │        │        │
                           │        │        │
                           (8, 3)───(8, 4)───(8, 5)
                                    │
                                    │
                                    (9, 4)
Qubits: 4 2 5 3
Using qubits [cirq.GridQubit(5, 3), cirq.GridQubit(6, 3), cirq.GridQubit(7, 3), cirq.GridQubit(8, 3), cirq.GridQubit(5, 4), cirq.GridQubit(6, 4), cirq.GridQubit(7, 4), cirq.GridQubit(8, 4)]
Using qubits, JW:[cirq.GridQubit(5, 3), cirq.GridQubit(6, 3), cirq.GridQubit(7, 3), cirq.GridQubit(8, 3), cirq.GridQubit(5, 4), cirq.GridQubit(6, 4), cirq.GridQubit(7, 4), cirq.GridQubit(8, 4)]
                  (3, 2)
                  │
                  │
         (4, 1)───(4, 2)───(4, 3)
         │        │        │
         │        │        │
(5, 0)───(5, 1)───(5, 2)───[31m(5, 3)[0m───[35m(5, 4)[0m
         │        │        │        │
         │        │        │        │
         (6, 1)───(6, 2)───[31m(6, 3)[0m───[35m(6, 4)[0m───(6, 5)
                  │        │        │        │
                  │        │        │        │
                  (7, 2)───[31m(7, 3)[0m───[35m(7, 4)[0m───(7, 5)───(7, 6)
                           │        │        │
                           │        │        │
                           [31m(8, 3)[0m───[35m(8, 4)[0m───(8, 5)
                                    │
                                    │
                                    (9, 4)
None
Meas types ['onsite0', 'horiz0', 'horiz1']
Prepped onsite, pairs=[(0, 4), (1, 5), (2, 6), (3, 7)]
Prepped horiz, pairs=[(0, 1), (2, 3), (4, 5), (6, 7)]
Prepped horiz, pairs=[(1, 2), (5, 6)]
Set recompilation to False
Got pairs set [(0, 1), (1, 2), (2, 6), (6, 7), (4, 5), (5, 6), (1, 5), (2, 3), (0, 4), (3, 7)]
---Starting to do calibration: delta 2.954856490000001
---Starting to set up measurements: delta 0.19229350300000014
---Starting to run VQE: delta 0.3530601400000002
No optimisation, save file is experiments/4x1_single_d2-0914-070523/4x1/processed/processed.json
Given params: [[[[[0.277, 0.563, 0.583], [0.492, 0.406, 0.316]]], [[[-0.277, -0.563, -0.583], [-0.492, -0.406, -0.316]]], [[[0, 0.563, 0.583], [0, 0.406, 0.316]]], [[[0, -0.563, -0.583], [0, -0.406, -0.316]]]]]
---Preparing executables
---Running executables, 12 in batch, delta=1.2102580190000012
---Extracting values delta=2.109786861
---Extracted values delta=37.71455151
===6.1596923714996725 6.1562857747689055 6.493374398730086 6.6691590245954995 1631599567.773968
Computed energies [6.157989073134289], params [[[[0.277, 0.563, 0.583], [0.492, 0.406, 0.316]]], [[[-0.277, -0.563, -0.583], [-0.492, -0.406, -0.316]]], [[[0, 0.563, 0.583], [0, 0.406, 0.316]]], [[[0, -0.563, -0.583], [0, -0.406, -0.316]]]]
***6.157989073134289 1631599567.775368
---VQE complete: delta 41.037648586
---Starting TFLO
Using saved points
Using params [[[0, 0.841172, 0.857071], [0, 0, 0]], [[0, 4.40345, 2.22149], [0, 3.12223, 4.17927]], [[0, 3.04784, 5.70529], [0, 4.01245, 3.64854]], [[0, 0.919596, 3.58906], [0, 2.34207, 4.81843]], [[0, 1.15139, 0.356395], [0, 0.0881259, 2.82618]], [[0, 2.38498, 3.00926], [0, 2.39716, 3.9606]], [[0, 3.7131, 0.592184], [0, 0.635129, 1.45883]], [[0, 2.82444, 0.898211], [0, 3.66927, 4.15525]], [[0, 3.5479, 1.33981], [0, 1.71022, 2.84285]], [[0, 0.0714766, 0.898635], [0, 4.22934, 2.26966]], [[0, 3.07888, 1.31344], [0, 1.32223, 3.05705]], [[0, 0.0714766, 0.898635], [0, 3.10645, 4.57853]], [[0, 0.349024, 2.96318], [0, 4.46903, 0.142]], [[0, 0.349024, 2.96318], [0, 5.37895, 5.4726]], [[0, 2.38498, 3.00926], [0, 4.93441, 4.41509]], [[0, 0.299448, 3.22459], [0, 4.5425, 2.32293]], [[0, 0.563, 0.583], [0, 0.406, 0.316]], [[0.277, 0.563, 0.583], [0.492, 0.406, 0.316]], [[0, -0.841172, -0.857071], [0, 0, 0]], [[0, -4.40345, -2.22149], [0, -3.12223, -4.17927]], [[0, -3.04784, -5.70529], [0, -4.01245, -3.64854]], [[0, -0.919596, -3.58906], [0, -2.34207, -4.81843]], [[0, -1.15139, -0.356395], [0, -0.0881259, -2.82618]], [[0, -2.38498, -3.00926], [0, -2.39716, -3.9606]], [[0, -3.7131, -0.592184], [0, -0.635129, -1.45883]], [[0, -2.82444, -0.898211], [0, -3.66927, -4.15525]], [[0, -3.5479, -1.33981], [0, -1.71022, -2.84285]], [[0, -0.0714766, -0.898635], [0, -4.22934, -2.26966]], [[0, -3.07888, -1.31344], [0, -1.32223, -3.05705]], [[0, -0.0714766, -0.898635], [0, -3.10645, -4.57853]], [[0, -0.349024, -2.96318], [0, -4.46903, -0.142]], [[0, -0.349024, -2.96318], [0, -5.37895, -5.4726]], [[0, -2.38498, -3.00926], [0, -4.93441, -4.41509]], [[0, -0.299448, -3.22459], [0, -4.5425, -2.32293]], [[0, -0.563, -0.583], [0, -0.406, -0.316]], [[-0.277, -0.563, -0.583], [-0.492, -0.406, -0.316]]]
---Preparing executables
---Running executables, 108 in batch, delta=11.748919399999998
---Extracting values delta=6.104285545000003
---Extracted values delta=67.73338789799999
---Time for noisy calculation: 85.595268457
***TFLON: 6.591590089336741,6.837870383031363,7.105277488231857,7.462597495549396,6.986601182947011,7.7155429709309225,7.3679490929884,8.260860754928949,7.814052893833908,8.043108701274898,8.553793482381964,9.293340206292903,8.690843355625754,9.902762302716498,9.712567793069265,9.673669739066655,6.465880203279123,6.16544523396296,6.3663154448995805,6.720561614655767,6.835757249701313,6.934913410592513,7.8244212694859705,7.257438359583941,8.294831866736704,8.28912922976919,8.398425986760481,9.184922146956344,8.899756247392297,8.953166110778149,9.907369001091535,8.778592147297921,10.052992118587927,10.25707514994746,6.616346179850487,6.144914592333145 1631599653.376906
Noisy energies by type: {'onsite0': array([9.13521466, 9.13710074, 9.12440551, 9.38950131, 9.02919212,
       9.79080579, 9.03933376, 9.2485667 , 9.45200609, 9.08423016,
       9.10938118, 9.22242099, 9.56138912, 9.08699745, 9.49296906,
       9.55259976, 9.11913161, 8.47424097, 9.06191212, 9.17906765,
       9.09284476, 9.29932956, 9.05473188, 9.5925635 , 9.02832019,
       9.1639274 , 9.59207309, 9.41544062, 9.22177742, 9.20419007,
       9.64317425, 9.13406476, 9.6816092 , 9.54928379, 9.2761512 ,
       8.62198534]), 'horiz0': array([-1.63830662e+00, -1.50351412e+00, -1.20408987e+00, -7.37546257e-01,
       -1.15534781e+00, -5.68664850e-01, -8.40152611e-01, -3.03481913e-02,
       -2.02130493e-01, -5.12531514e-01,  5.33711661e-01,  5.38327801e-01,
       -7.80020037e-01,  1.43605991e+00,  2.46722782e-01,  2.00769020e-01,
       -1.67323225e+00, -1.49168578e+00, -1.52201075e+00, -1.52552635e+00,
       -1.37892744e+00, -1.21699794e+00, -2.02941613e-01, -8.50116774e-01,
        5.97099801e-02,  1.17612467e-03,  3.23499491e-01, -2.98461538e-02,
        9.23847695e-01,  2.12733856e-01,  2.96523517e-01,  2.05149852e-01,
        3.36914601e-01,  8.02441566e-01, -1.48450947e+00, -1.47788354e+00]), 'horiz1': array([-0.90531795, -0.79571623, -0.81503815, -1.18935756, -0.88724313,
       -1.50659796, -0.83123206, -0.95735775, -1.43582271, -0.52858995,
       -1.08929936, -0.46740859, -0.09052572, -0.62029505, -0.02712405,
       -0.07969904, -0.98001916, -0.81710995, -1.17358592, -0.93297969,
       -0.87816007, -1.14741821, -1.027369  , -1.48500836, -0.7931983 ,
       -0.87597429, -1.5171466 , -0.20067232, -1.24586887, -0.46375782,
       -0.03232877, -0.56062246,  0.03446832, -0.09465021, -1.17529556,
       -0.99918721])}
Using saved exact energies
Data collected can be found at experiments/4x1_single_d2-0914-070523/4x1
