{'theta': True, 'zeta': True, 'chi': False, 'gamma': True, 'phi': True, 'time': None}
{'theta': False, 'zeta': False, 'chi': False, 'gamma': False, 'phi': False, 'time': None}
                  (3, 2)
                  │
                  │
         (4, 1)───(4, 2)───(4, 3)
         │        │        │
         │        │        │
(5, 0)───(5, 1)───(5, 2)───(5, 3)───(5, 4)
         │        │        │        │
         │        │        │        │
         (6, 1)───(6, 2)───(6, 3)───(6, 4)───(6, 5)
                  │        │        │        │
                  │        │        │        │
                  (7, 2)───(7, 3)───(7, 4)───(7, 5)───(7, 6)
                           │        │        │
                           │        │        │
                           (8, 3)───(8, 4)───(8, 5)
                                    │
                                    │
                                    (9, 4)
Qubits: 4 2 5 3
Using qubits [cirq.GridQubit(5, 3), cirq.GridQubit(6, 3), cirq.GridQubit(7, 3), cirq.GridQubit(8, 3), cirq.GridQubit(5, 4), cirq.GridQubit(6, 4), cirq.GridQubit(7, 4), cirq.GridQubit(8, 4)]
Using qubits, JW:[cirq.GridQubit(5, 3), cirq.GridQubit(6, 3), cirq.GridQubit(7, 3), cirq.GridQubit(8, 3), cirq.GridQubit(5, 4), cirq.GridQubit(6, 4), cirq.GridQubit(7, 4), cirq.GridQubit(8, 4)]
                  (3, 2)
                  │
                  │
         (4, 1)───(4, 2)───(4, 3)
         │        │        │
         │        │        │
(5, 0)───(5, 1)───(5, 2)───[31m(5, 3)[0m───[35m(5, 4)[0m
         │        │        │        │
         │        │        │        │
         (6, 1)───(6, 2)───[31m(6, 3)[0m───[35m(6, 4)[0m───(6, 5)
                  │        │        │        │
                  │        │        │        │
                  (7, 2)───[31m(7, 3)[0m───[35m(7, 4)[0m───(7, 5)───(7, 6)
                           │        │        │
                           │        │        │
                           [31m(8, 3)[0m───[35m(8, 4)[0m───(8, 5)
                                    │
                                    │
                                    (9, 4)
None
Meas types ['onsite0', 'horiz0', 'horiz1']
Prepped onsite, pairs=[(0, 4), (1, 5), (2, 6), (3, 7)]
Prepped horiz, pairs=[(0, 1), (2, 3), (4, 5), (6, 7)]
Prepped horiz, pairs=[(1, 2), (5, 6)]
Set recompilation to False
Got pairs set [(0, 1), (1, 2), (2, 6), (6, 7), (4, 5), (5, 6), (1, 5), (2, 3), (0, 4), (3, 7)]
---Starting to do calibration: delta 3.5170095870000004
---Starting to set up measurements: delta 0.1983416990000002
---Starting to run VQE: delta 0.3645147210000008
No optimisation, save file is experiments/4x1_single_d2-0914-071215/4x1/processed/processed.json
Given params: [[[[[0.295, 0.676, 0.859], [0.7, 0.624, 0.225]]], [[[-0.295, -0.676, -0.859], [-0.7, -0.624, -0.225]]], [[[0, 0.676, 0.859], [0, 0.624, 0.225]]], [[[0, -0.676, -0.859], [0, -0.624, -0.225]]]]]
---Preparing executables
---Running executables, 12 in batch, delta=1.2077658610000004
---Extracting values delta=1.9117564609999995
---Extracted values delta=38.146760505
===-1.7287501489097123 -1.9490778260571724 -1.0912362160791667 -1.3137905252328368 1631599981.2996
Computed energies [-1.8389139874834424], params [[[[0.295, 0.676, 0.859], [0.7, 0.624, 0.225]]], [[[-0.295, -0.676, -0.859], [-0.7, -0.624, -0.225]]], [[[0, 0.676, 0.859], [0, 0.624, 0.225]]], [[[0, -0.676, -0.859], [0, -0.624, -0.225]]]]
***-1.8389139874834424 1631599981.300907
---VQE complete: delta 41.269218679000005
---Starting TFLO
Using saved points
Using params [[[0, 3.18362, 6.2764], [0, 3.8246, 5.84549]], [[0, 2.6901, 2.99716], [0, 3.34154, 1.63886]], [[0, 0.841172, 0.857071], [0, 2.83507, 0.132099]], [[0, 0.919596, 3.58906], [0, 2.34207, 4.81843]], [[0, 2.02167, 0.711094], [0, 2.87848, 1.92383]], [[0, 3.07888, 1.31344], [0, 4.01245, 3.64854]], [[0, 5.49346, 5.73656], [0, 1.32223, 3.05705]], [[0, 5.44561, 1.68616], [0, 5.99541, 0.440987]], [[0, 5.75192, 6.00118], [0, 4.30115, 3.98124]], [[0, 3.7131, 0.592184], [0, 4.51095, 4.07368]], [[0, 2.7152, 1.86577], [0, 0.588014, 2.06039]], [[0, 2.57569, 4.7256], [0, 3.85901, 0.371302]], [[0, 4.65032, 0.953688], [0, 4.94274, 3.13591]], [[0, 0.299448, 3.22459], [0, 4.5425, 2.32293]], [[0, 5.54704, 4.13572], [0, 4.5425, 2.32293]], [[0, 4.016, 5.5268], [0, 4.80713, 0.271348]], [[0, 0.676, 0.859], [0, 0.624, 0.225]], [[0.295, 0.676, 0.859], [0.7, 0.624, 0.225]], [[0, -3.18362, -6.2764], [0, -3.8246, -5.84549]], [[0, -2.6901, -2.99716], [0, -3.34154, -1.63886]], [[0, -0.841172, -0.857071], [0, -2.83507, -0.132099]], [[0, -0.919596, -3.58906], [0, -2.34207, -4.81843]], [[0, -2.02167, -0.711094], [0, -2.87848, -1.92383]], [[0, -3.07888, -1.31344], [0, -4.01245, -3.64854]], [[0, -5.49346, -5.73656], [0, -1.32223, -3.05705]], [[0, -5.44561, -1.68616], [0, -5.99541, -0.440987]], [[0, -5.75192, -6.00118], [0, -4.30115, -3.98124]], [[0, -3.7131, -0.592184], [0, -4.51095, -4.07368]], [[0, -2.7152, -1.86577], [0, -0.588014, -2.06039]], [[0, -2.57569, -4.7256], [0, -3.85901, -0.371302]], [[0, -4.65032, -0.953688], [0, -4.94274, -3.13591]], [[0, -0.299448, -3.22459], [0, -4.5425, -2.32293]], [[0, -5.54704, -4.13572], [0, -4.5425, -2.32293]], [[0, -4.016, -5.5268], [0, -4.80713, -0.271348]], [[0, -0.676, -0.859], [0, -0.624, -0.225]], [[-0.295, -0.676, -0.859], [-0.7, -0.624, -0.225]]]
---Preparing executables
---Running executables, 108 in batch, delta=11.238216809999997
---Extracting values delta=5.89987434199999
---Extracted values delta=71.08199514600001
---Time for noisy calculation: 88.230014737
***TFLON: -1.1283196559296014,-0.9245508768594324,-0.39459953341097775,-0.611093302777568,0.1744264278956129,0.38420376704732584,1.2759186795421265,1.0665843468086567,1.2805290288661022,1.3681729277276462,1.9446926413565713,2.8182407752214753,2.218305788569949,3.445952848467236,3.5482604102122215,4.2416756959720425,-1.0085122197306389,-1.6712580980305303,-0.9966385905971229,-0.7065988152675039,-0.8378490034820161,-0.04321680040998932,0.06610198745895124,0.6660598295819969,0.43805527492554375,1.1953566889594118,1.4734487822233902,2.541437139614154,2.6745964588687547,2.461502411557406,3.334963982540789,3.109329132269465,3.7702658543174583,3.8436725461473107,-1.2446728372924398,-1.916037047312867 1631600069.5368981
Noisy energies by type: {'onsite0': array([2.03321197, 2.07151008, 2.11010091, 1.89422231, 1.97266693,
       1.95186852, 1.99121906, 1.93592513, 1.93808985, 1.88658057,
       2.05859035, 2.05275084, 1.93494191, 2.01450283, 1.89418938,
       2.03246168, 2.13152401, 1.07713296, 2.20482574, 2.1597611 ,
       1.99756212, 2.10020272, 2.14261184, 1.94688628, 1.98999815,
       2.08118846, 1.96015632, 1.96974063, 2.07618697, 1.96753367,
       1.93854847, 1.96030593, 1.95460862, 1.98683729, 1.93085635,
       0.85708798]), 'horiz0': array([-2.49408284, -2.36106522, -2.4403135 , -1.58374504, -1.42692458,
       -1.21554384, -0.29478998, -0.54047093, -0.17952803, -0.42694821,
        0.12180688,  0.60128617, -0.3050568 ,  0.67652534,  1.21922116,
        2.32324751, -2.31934588, -1.98587361, -2.2345679 , -2.21168021,
       -2.64544936, -1.01511582, -1.30918312, -1.35001889, -0.94852313,
       -0.26970809, -0.33616685,  0.20641948,  1.06779344,  0.81500434,
        0.74419655,  0.34462929,  1.20627376,  2.38906395, -2.50985296,
       -2.09714516]), 'horiz1': array([-0.66744879, -0.63499574, -0.06438694, -0.92157058, -0.37131592,
       -0.35212092, -0.4205104 , -0.32886984, -0.47803279, -0.09145944,
       -0.23570459,  0.16420376,  0.58842067,  0.75492468,  0.43484986,
       -0.11403349, -0.82069035, -0.76251745, -0.96689643, -0.65467971,
       -0.18996176, -1.1283037 , -0.76732673,  0.06919244, -0.60341975,
       -0.61612368, -0.15054069,  0.36527703, -0.46938396, -0.3210356 ,
        0.65221896,  0.80439391,  0.60938347, -0.5322287 , -0.66567623,
       -0.67597986])}
Using saved exact energies
Data collected can be found at experiments/4x1_single_d2-0914-071215/4x1
