{'theta': True, 'zeta': True, 'chi': False, 'gamma': True, 'phi': True, 'time': None}
{'theta': False, 'zeta': False, 'chi': False, 'gamma': False, 'phi': False, 'time': None}
                  (3, 2)
                  │
                  │
         (4, 1)───(4, 2)───(4, 3)
         │        │        │
         │        │        │
(5, 0)───(5, 1)───(5, 2)───(5, 3)───(5, 4)
         │        │        │        │
         │        │        │        │
         (6, 1)───(6, 2)───(6, 3)───(6, 4)───(6, 5)
                  │        │        │        │
                  │        │        │        │
                  (7, 2)───(7, 3)───(7, 4)───(7, 5)───(7, 6)
                           │        │        │
                           │        │        │
                           (8, 3)───(8, 4)───(8, 5)
                                    │
                                    │
                                    (9, 4)
Start at: (3, 2), with dr
Using qubits [cirq.GridQubit(3, 2), cirq.GridQubit(4, 2), cirq.GridQubit(4, 3), cirq.GridQubit(5, 3), cirq.GridQubit(5, 4), cirq.GridQubit(6, 4), cirq.GridQubit(6, 5), cirq.GridQubit(7, 5), cirq.GridQubit(4, 1), cirq.GridQubit(5, 1), cirq.GridQubit(5, 2), cirq.GridQubit(6, 2), cirq.GridQubit(6, 3), cirq.GridQubit(7, 3), cirq.GridQubit(7, 4), cirq.GridQubit(8, 4)]
Using qubits, JW:[cirq.GridQubit(3, 2), cirq.GridQubit(4, 2), cirq.GridQubit(4, 3), cirq.GridQubit(5, 3), cirq.GridQubit(5, 4), cirq.GridQubit(6, 4), cirq.GridQubit(6, 5), cirq.GridQubit(7, 5), cirq.GridQubit(4, 1), cirq.GridQubit(5, 1), cirq.GridQubit(5, 2), cirq.GridQubit(6, 2), cirq.GridQubit(6, 3), cirq.GridQubit(7, 3), cirq.GridQubit(7, 4), cirq.GridQubit(8, 4)]
                  [31m(3, 2)[0m
                  │
                  │
         [35m(4, 1)[0m───[31m(4, 2)[0m───[31m(4, 3)[0m
         │        │        │
         │        │        │
(5, 0)───[35m(5, 1)[0m───[35m(5, 2)[0m───[31m(5, 3)[0m───[31m(5, 4)[0m
         │        │        │        │
         │        │        │        │
         (6, 1)───[35m(6, 2)[0m───[35m(6, 3)[0m───[31m(6, 4)[0m───[31m(6, 5)[0m
                  │        │        │        │
                  │        │        │        │
                  (7, 2)───[35m(7, 3)[0m───[35m(7, 4)[0m───[31m(7, 5)[0m───(7, 6)
                           │        │        │
                           │        │        │
                           (8, 3)───[35m(8, 4)[0m───(8, 5)
                                    │
                                    │
                                    (9, 4)
None
Meas types ['onsite0', 'horiz0', 'horiz1']
Prepped onsite, pairs=[(0, 8), (1, 9), (2, 10), (3, 11), (4, 12), (5, 13), (6, 14), (7, 15)]
Prepped horiz, pairs=[(0, 1), (2, 3), (4, 5), (6, 7), (8, 9), (10, 11), (12, 13), (14, 15)]
Prepped horiz, pairs=[(1, 2), (3, 4), (5, 6), (9, 10), (11, 12), (13, 14)]
Set recompilation to False
Got pairs set [(10, 11), (5, 6), (3, 11), (5, 13), (8, 9), (4, 12), (6, 14), (1, 2), (6, 7), (7, 15), (12, 13), (4, 5), (2, 10), (9, 10), (2, 3), (1, 9), (14, 15), (0, 8), (11, 12), (0, 1), (13, 14), (3, 4)]
---Starting to do calibration: delta 3.9855996099999995
---Starting to set up measurements: delta 1.1078070060000016
---Starting to run VQE: delta 2.1120631959999994
Running BayesMGD: n_evals 15, nshots 1000, max_iter 50, max_evals 300
---Preparing executables
---Running executables, 3 in batch, delta=2.3274566099999987
---Extracting values delta=3.2926886489999987
---Extracted values delta=41.97952698
---Preparing executables
---Running executables, 90 in batch, delta=79.59398057499999
---Extracting values delta=12.762833246999975
---Extracted values delta=118.783056794
[8.445369238125853, -5.047307061386783]
2  :--------------------------------
fit_params:  [ -8.647   7.831  -0.989   3.966  -5.009  -0.064  24.295 -19.176  15.639
  -7.689]
current: -5.047+/-9.696  params:  [0.029 0.152 0.305]  grad:  [4.913 4.291 3.514]  gamma_k: 0.1977  delta_k: 0.6000
---Preparing executables
---Running executables, 90 in batch, delta=70.62884590100003
---Extracting values delta=14.135603804000027
---Extracted values delta=71.29314853800003
[8.445369238125853, -5.047307061386783, -5.047307061386783, 10.170200977560462]
3  :--------------------------------
fit_params:  [ 3.634  4.812  1.422 -2.13  -1.8   -1.67  -0.639 -0.808 -0.203 11.012]
current: 10.170+/-0.411  params:  [0.366 0.228 0.297]  grad:  [-2.176 -0.489  0.055]  gamma_k: 0.1548  delta_k: 0.5594
---Preparing executables
---Running executables, 90 in batch, delta=71.51963156399995
---Extracting values delta=12.80983893499996
---Extracted values delta=70.48457034900002
[8.445369238125853, -5.047307061386783, -5.047307061386783, 10.170200977560462, 10.170200977560462, 7.9196871832415345]
4  :--------------------------------
fit_params:  [ 2.091  3.403 -0.323 -2.304 -0.943 -0.973 -2.481 -1.372  1.134 11.799]
current: 7.920+/-0.638  params:  [0.699 0.499 0.322]  grad:  [-2.562 -2.086 -0.191]  gamma_k: 0.1302  delta_k: 0.5370
---Preparing executables
---Running executables, 90 in batch, delta=72.94525466300001
---Extracting values delta=12.97129681399997
---Extracted values delta=71.132210977
[8.445369238125853, -5.047307061386783, -5.047307061386783, 10.170200977560462, 10.170200977560462, 7.9196871832415345, 7.9196871832415345, 5.835697344128944]
5  :--------------------------------
fit_params:  [ 2.268  3.253 -0.87  -3.524 -0.562 -0.36  -1.542 -1.761  0.829 11.988]
current: 5.836+/-0.857  params:  [0.956 0.917 0.422]  grad:  [-2.25  -3.673 -0.876]  gamma_k: 0.1139  delta_k: 0.5216
---Preparing executables
---Running executables, 90 in batch, delta=71.733216631
---Extracting values delta=13.21275946600008
---Extracted values delta=69.81676253399996
[8.445369238125853, -5.047307061386783, -5.047307061386783, 10.170200977560462, 10.170200977560462, 7.9196871832415345, 7.9196871832415345, 5.835697344128944, 5.835697344128944, 5.850827593483552]
6  :--------------------------------
fit_params:  [ 3.476  4.879  0.254 -2.416 -0.76   0.135 -2.465 -2.835 -0.036 10.75 ]
current: 5.851+/-0.224  params:  [1.047 0.753 0.526]  grad:  [-0.897  1.612 -1.025]  gamma_k: 0.1020  delta_k: 0.5100
---Preparing executables
---Running executables, 90 in batch, delta=72.033674604
---Extracting values delta=12.77094351300002
---Extracted values delta=69.2793812189999
[8.445369238125853, -5.047307061386783, -5.047307061386783, 10.170200977560462, 10.170200977560462, 7.9196871832415345, 7.9196871832415345, 5.835697344128944, 5.835697344128944, 5.850827593483552, 5.850827593483552, 4.867953183108915]
7  :--------------------------------
fit_params:  [ 3.283  5.111  2.349 -2.085 -1.201  1.349 -2.515 -3.655 -0.926 10.181]
current: 4.868+/-0.199  params:  [1.051 0.651 0.427]  grad:  [-0.044  1.095  1.063]  gamma_k: 0.0930  delta_k: 0.5007
---Preparing executables
---Running executables, 90 in batch, delta=72.33610992100012
---Extracting values delta=14.493724800000109
---Extracted values delta=68.8258669889999
[8.445369238125853, -5.047307061386783, -5.047307061386783, 10.170200977560462, 10.170200977560462, 7.9196871832415345, 7.9196871832415345, 5.835697344128944, 5.835697344128944, 5.850827593483552, 5.850827593483552, 4.867953183108915, 4.867953183108915, 4.4010809721540065]
8  :--------------------------------
fit_params:  [ 2.899  5.31   2.521 -2.344 -1.544  1.501 -2.26  -4.272 -1.338 11.46 ]
current: 4.401+/-0.253  params:  [1.097 0.737 0.468]  grad:  [-0.538 -1.002 -0.473]  gamma_k: 0.0858  delta_k: 0.4929
---Preparing executables
---Running executables, 90 in batch, delta=74.42148171500003
---Extracting values delta=12.90311795699995
---Extracted values delta=70.604542003
[8.445369238125853, -5.047307061386783, -5.047307061386783, 10.170200977560462, 10.170200977560462, 7.9196871832415345, 7.9196871832415345, 5.835697344128944, 5.835697344128944, 5.850827593483552, 5.850827593483552, 4.867953183108915, 4.867953183108915, 4.4010809721540065, 4.4010809721540065, 5.0721349491509695]
9  :--------------------------------
fit_params:  [ 3.04   6.423  0.809 -2.269 -0.916  1.566 -2.681 -5.356 -0.227 11.307]
current: 5.072+/-0.210  params:  [1.114 0.689 0.402]  grad:  [-0.212  0.598  0.828]  gamma_k: 0.0799  delta_k: 0.4863
---Preparing executables
---Running executables, 90 in batch, delta=73.10143894200019
---Extracting values delta=13.283886688999928
---Extracted values delta=70.4166781150002
[8.445369238125853, -5.047307061386783, -5.047307061386783, 10.170200977560462, 10.170200977560462, 7.9196871832415345, 7.9196871832415345, 5.835697344128944, 5.835697344128944, 5.850827593483552, 5.850827593483552, 4.867953183108915, 4.867953183108915, 4.4010809721540065, 4.4010809721540065, 5.0721349491509695, 5.0721349491509695, 6.165677341675174]
10  :--------------------------------
fit_params:  [ 3.617  6.419  0.793 -2.789 -0.936  1.221 -2.518 -4.974 -0.262 11.329]
current: 6.166+/-0.202  params:  [1.043 0.791 0.404]  grad:  [ 0.946 -1.359 -0.027]  gamma_k: 0.0750  delta_k: 0.4806
---Preparing executables
---Running executables, 90 in batch, delta=72.84869803400011
---Extracting values delta=13.148114235000094
---Extracted values delta=70.6692551430001
[8.445369238125853, -5.047307061386783, -5.047307061386783, 10.170200977560462, 10.170200977560462, 7.9196871832415345, 7.9196871832415345, 5.835697344128944, 5.835697344128944, 5.850827593483552, 5.850827593483552, 4.867953183108915, 4.867953183108915, 4.4010809721540065, 4.4010809721540065, 5.0721349491509695, 5.0721349491509695, 6.165677341675174, 6.165677341675174, 4.617462103014857]
11  :--------------------------------
fit_params:  [ 3.651  6.947  0.81  -2.826 -0.835  1.338 -3.084 -4.861 -1.073 11.311]
current: 4.617+/-0.198  params:  [1.087 0.698 0.407]  grad:  [-0.613  1.315 -0.042]  gamma_k: 0.0708  delta_k: 0.4755
***4.62+/-0.20 1630628547.929465
---VQE complete: delta 1662.835911625
Data collected can be found at experiments/8x1_bayesmgd_zz_x_U_8_nocc_8_d_1-0903-005437/8x1
