{'theta': True, 'zeta': True, 'chi': False, 'gamma': True, 'phi': True, 'time': None}
{'theta': False, 'zeta': False, 'chi': False, 'gamma': False, 'phi': False, 'time': None}
                  (3, 2)
                  │
                  │
         (4, 1)───(4, 2)───(4, 3)
         │        │        │
         │        │        │
(5, 0)───(5, 1)───(5, 2)───(5, 3)───(5, 4)
         │        │        │        │
         │        │        │        │
         (6, 1)───(6, 2)───(6, 3)───(6, 4)───(6, 5)
                  │        │        │        │
                  │        │        │        │
                  (7, 2)───(7, 3)───(7, 4)───(7, 5)───(7, 6)
                           │        │        │
                           │        │        │
                           (8, 3)───(8, 4)───(8, 5)
                                    │
                                    │
                                    (9, 4)
Start at: (3, 2), with dr
Using qubits [cirq.GridQubit(3, 2), cirq.GridQubit(4, 2), cirq.GridQubit(4, 3), cirq.GridQubit(5, 3), cirq.GridQubit(5, 4), cirq.GridQubit(6, 4), cirq.GridQubit(6, 5), cirq.GridQubit(7, 5), cirq.GridQubit(4, 1), cirq.GridQubit(5, 1), cirq.GridQubit(5, 2), cirq.GridQubit(6, 2), cirq.GridQubit(6, 3), cirq.GridQubit(7, 3), cirq.GridQubit(7, 4), cirq.GridQubit(8, 4)]
Using qubits, JW:[cirq.GridQubit(3, 2), cirq.GridQubit(4, 2), cirq.GridQubit(4, 3), cirq.GridQubit(5, 3), cirq.GridQubit(5, 4), cirq.GridQubit(6, 4), cirq.GridQubit(6, 5), cirq.GridQubit(7, 5), cirq.GridQubit(4, 1), cirq.GridQubit(5, 1), cirq.GridQubit(5, 2), cirq.GridQubit(6, 2), cirq.GridQubit(6, 3), cirq.GridQubit(7, 3), cirq.GridQubit(7, 4), cirq.GridQubit(8, 4)]
                  [31m(3, 2)[0m
                  │
                  │
         [35m(4, 1)[0m───[31m(4, 2)[0m───[31m(4, 3)[0m
         │        │        │
         │        │        │
(5, 0)───[35m(5, 1)[0m───[35m(5, 2)[0m───[31m(5, 3)[0m───[31m(5, 4)[0m
         │        │        │        │
         │        │        │        │
         (6, 1)───[35m(6, 2)[0m───[35m(6, 3)[0m───[31m(6, 4)[0m───[31m(6, 5)[0m
                  │        │        │        │
                  │        │        │        │
                  (7, 2)───[35m(7, 3)[0m───[35m(7, 4)[0m───[31m(7, 5)[0m───(7, 6)
                           │        │        │
                           │        │        │
                           (8, 3)───[35m(8, 4)[0m───(8, 5)
                                    │
                                    │
                                    (9, 4)
None
Meas types ['onsite0', 'horiz0', 'vert02', 'vert12']
Prepped onsite, pairs=[(0, 8), (1, 9), (2, 10), (3, 11), (4, 12), (5, 13), (6, 14), (7, 15)]
Prepped horiz, pairs=[(0, 1), (2, 3), (4, 5), (6, 7), (8, 9), (10, 11), (12, 13), (14, 15)]
Prepped vert0, pairs=[(1, 2), (3, 4), (5, 6), (9, 10), (11, 12), (13, 14)]
Prepped vert1, pairs=[(1, 2), (3, 4), (5, 6), (9, 10), (11, 12), (13, 14)]
Set recompilation to False
Got pairs set [(3, 4), (4, 12), (12, 13), (5, 13), (8, 9), (0, 8), (1, 9), (13, 14), (6, 14), (4, 5), (5, 6), (14, 15), (0, 1), (9, 10), (10, 11), (1, 2), (2, 10), (6, 7), (7, 15), (3, 11), (2, 3), (11, 12)]
---Starting to do calibration: delta 2.332616871
---Starting to set up measurements: delta 1.1978355589999996
---Starting to run VQE: delta 2.507586905
No optimisation, save file is experiments/4x2_single_U_8_nocc_2_d_1-1021-213329/2x4/processed/processed.json
Given params: [[[[[0.624, 0.331, 0.471, 0.522]]], [[[-0.624, -0.331, -0.471, -0.522]]], [[[0, 0.331, 0.471, 0.522]]], [[[0, -0.331, -0.471, -0.522]]]]]
---Preparing executables
---Running executables, 16 in batch, delta=10.588534424
---Extracting values delta=7.491580897999999
---Extracted values delta=71.825361294
===-2.6074212942408344 -2.858505312111773 -2.213469287057665 -2.3588895611641907 1634848505.277872
Computed energies [-2.7329633031763034], params [[[[0.624, 0.331, 0.471, 0.522]]], [[[-0.624, -0.331, -0.471, -0.522]]], [[[0, 0.331, 0.471, 0.522]]], [[[0, -0.331, -0.471, -0.522]]]]
***-2.7329633031763034 1634848505.2793658
---VQE complete: delta 89.91448987000001
---Starting TFLO
Using saved points
Using params [[[0, 0, 0, 0]], [[0, 2.35619, 0, 1.5708]], [[0, 4.71239, 5.49779, 1.5708]], [[0, 3.92699, 1.5708, 2.35619]], [[0, 3.92699, 3.14159, 1.5708]], [[0, 1.5708, 1.5708, 3.14159]], [[0, 3.92699, 0, 4.71239]], [[0, 0.785398, 1.5708, 3.92699]], [[0, 0.785398, 5.49779, 4.71239]], [[0, 4.71239, 1.5708, 4.71239]], [[0, 3.92699, 3.92699, 3.14159]], [[0, 4.71239, 4.71239, 4.71239]], [[0, 2.35619, 3.14159, 3.92699]], [[0, 0.785398, 3.92699, 3.92699]], [[0, 0.785398, 2.35619, 5.49779]], [[0, 3.92699, 3.92699, 5.49779]], [[0, 0.331, 0.471, 0.522]], [[0.624, 0.331, 0.471, 0.522]], [[0, 0, 0, 0]], [[0, -2.35619, 0, -1.5708]], [[0, -4.71239, -5.49779, -1.5708]], [[0, -3.92699, -1.5708, -2.35619]], [[0, -3.92699, -3.14159, -1.5708]], [[0, -1.5708, -1.5708, -3.14159]], [[0, -3.92699, 0, -4.71239]], [[0, -0.785398, -1.5708, -3.92699]], [[0, -0.785398, -5.49779, -4.71239]], [[0, -4.71239, -1.5708, -4.71239]], [[0, -3.92699, -3.92699, -3.14159]], [[0, -4.71239, -4.71239, -4.71239]], [[0, -2.35619, -3.14159, -3.92699]], [[0, -0.785398, -3.92699, -3.92699]], [[0, -0.785398, -2.35619, -5.49779]], [[0, -3.92699, -3.92699, -5.49779]], [[0, -0.331, -0.471, -0.522]], [[-0.624, -0.331, -0.471, -0.522]]]
---Preparing executables
---Running executables, 144 in batch, delta=132.89616379400002
---Extracting values delta=45.420574251000005
---Extracted values delta=148.49020842099998
---Time for noisy calculation: 326.843645371
***TFLON: -2.2200972378491652,-2.038193305196984,-1.9765625040269579,-1.5253258453120684,-1.096906260271199,-0.7110778135599046,-0.7000838271629506,-0.0933577785813019,-0.04738399818156447,0.5960171193856645,0.5626184193755442,1.3355187630393204,1.9446128885150369,1.7214222184197165,2.2581287929656533,2.7824600568886613,-2.0120038556753346,-2.3282439902636285,-2.1637144779956974,-1.790308354296155,-1.406363637032437,-1.3815393674964662,-0.7972218249666919,-0.5212771985610078,-0.3676479154526519,0.36179142972075007,0.2310479719312376,0.6337350800093372,1.514058915731445,1.7281495525994024,1.8693311572704967,2.2622245264056735,3.063150147621652,3.2823192158816643,-1.9631802309000677,-2.5994015673313804 1634848837.406166
Noisy energies by type: {'onsite0': array([1.12801484, 1.16248712, 0.9711511 , 1.04986877, 1.11709455,
       1.14843432, 1.09955947, 1.10725552, 1.03730018, 1.06186186,
       1.10402385, 1.12305433, 1.32347765, 1.35832415, 0.95551102,
       0.99332119, 1.05772812, 0.52113652, 1.14646664, 1.18368932,
       1.15183904, 1.27532291, 1.22650841, 1.01358795, 1.17418923,
       0.98452469, 1.00681155, 1.17797695, 1.37669719, 1.02557462,
       0.95373185, 1.24596641, 1.17209302, 1.33513879, 1.30161167,
       0.62209302]), 'horiz0': array([-1.40052817, -1.36417774, -1.40754958, -0.85009785, -1.01680986,
       -0.62026515, -1.39675608, -0.38039568, -1.14020619, -0.07727273,
       -0.40240811, -0.43646945,  0.48227503,  0.11515394,  0.89912827,
        0.78651685, -1.20689655, -1.14245149, -1.38197845, -1.43787696,
       -1.29268293, -1.01055499, -0.93989455, -0.60579595, -1.44037356,
       -0.2506183 , -1.05706333, -0.3276873 , -0.00683293, -0.03754266,
        0.58669498,  0.32220708,  1.05688623,  1.04264756, -1.33036112,
       -1.34204597]), 'vert02': array([-1.06621087, -0.90943396, -0.80746888, -0.62271869, -0.56177013,
       -0.37292162, -0.00740335, -0.18224852, -0.11717172,  0.10872162,
       -0.23050058,  0.17355372,  0.09853099, -0.1031374 ,  0.3041549 ,
        0.37226915, -1.04310753, -1.01511242, -1.03476887, -0.78846154,
       -0.90389447, -0.58137222, -0.51125828, -0.17502707, -0.12094888,
        0.05464286, -0.03893105,  0.07694647, -0.2621875 ,  0.08050847,
        0.07417307,  0.08366142,  0.45993031,  0.34285714, -0.94541404,
       -0.92893204]), 'vert12': array([-0.88137304, -0.92706872, -0.73269514, -1.10237807, -0.63542082,
       -0.86632537, -0.39548387, -0.63796909,  0.17269373, -0.49729364,
        0.09150327,  0.47538016,  0.04032922,  0.35108153,  0.0993346 ,
        0.63035286, -0.81972789, -0.6918166 , -0.8934338 , -0.74765918,
       -0.36162528, -1.06493506, -0.5725774 , -0.75404214,  0.01948529,
       -0.42675781,  0.3202308 , -0.29350105,  0.40638216,  0.65960912,
        0.25473126,  0.61038961,  0.37424058,  0.56167572, -0.98901674,
       -0.95051659])}
Using saved exact energies
Data collected can be found at experiments/4x2_single_U_8_nocc_2_d_1-1021-213329/2x4
