{'theta': True, 'zeta': True, 'chi': False, 'gamma': True, 'phi': True, 'time': None}
{'theta': False, 'zeta': False, 'chi': False, 'gamma': False, 'phi': False, 'time': None}
                  (3, 2)
                  │
                  │
         (4, 1)───(4, 2)───(4, 3)
         │        │        │
         │        │        │
(5, 0)───(5, 1)───(5, 2)───(5, 3)───(5, 4)
         │        │        │        │
         │        │        │        │
         (6, 1)───(6, 2)───(6, 3)───(6, 4)───(6, 5)
                  │        │        │        │
                  │        │        │        │
                  (7, 2)───(7, 3)───(7, 4)───(7, 5)───(7, 6)
                           │        │        │
                           │        │        │
                           (8, 3)───(8, 4)───(8, 5)
                                    │
                                    │
                                    (9, 4)
Start at: (3, 2), with dr
Using qubits [cirq.GridQubit(3, 2), cirq.GridQubit(4, 2), cirq.GridQubit(4, 3), cirq.GridQubit(5, 3), cirq.GridQubit(5, 4), cirq.GridQubit(6, 4), cirq.GridQubit(6, 5), cirq.GridQubit(7, 5), cirq.GridQubit(4, 1), cirq.GridQubit(5, 1), cirq.GridQubit(5, 2), cirq.GridQubit(6, 2), cirq.GridQubit(6, 3), cirq.GridQubit(7, 3), cirq.GridQubit(7, 4), cirq.GridQubit(8, 4)]
Using qubits, JW:[cirq.GridQubit(3, 2), cirq.GridQubit(4, 2), cirq.GridQubit(4, 3), cirq.GridQubit(5, 3), cirq.GridQubit(5, 4), cirq.GridQubit(6, 4), cirq.GridQubit(6, 5), cirq.GridQubit(7, 5), cirq.GridQubit(4, 1), cirq.GridQubit(5, 1), cirq.GridQubit(5, 2), cirq.GridQubit(6, 2), cirq.GridQubit(6, 3), cirq.GridQubit(7, 3), cirq.GridQubit(7, 4), cirq.GridQubit(8, 4)]
                  [31m(3, 2)[0m
                  │
                  │
         [35m(4, 1)[0m───[31m(4, 2)[0m───[31m(4, 3)[0m
         │        │        │
         │        │        │
(5, 0)───[35m(5, 1)[0m───[35m(5, 2)[0m───[31m(5, 3)[0m───[31m(5, 4)[0m
         │        │        │        │
         │        │        │        │
         (6, 1)───[35m(6, 2)[0m───[35m(6, 3)[0m───[31m(6, 4)[0m───[31m(6, 5)[0m
                  │        │        │        │
                  │        │        │        │
                  (7, 2)───[35m(7, 3)[0m───[35m(7, 4)[0m───[31m(7, 5)[0m───(7, 6)
                           │        │        │
                           │        │        │
                           (8, 3)───[35m(8, 4)[0m───(8, 5)
                                    │
                                    │
                                    (9, 4)
None
Meas types ['onsite0', 'horiz0', 'vert02', 'vert12']
Prepped onsite, pairs=[(0, 8), (1, 9), (2, 10), (3, 11), (4, 12), (5, 13), (6, 14), (7, 15)]
Prepped horiz, pairs=[(0, 1), (2, 3), (4, 5), (6, 7), (8, 9), (10, 11), (12, 13), (14, 15)]
Prepped vert0, pairs=[(1, 2), (3, 4), (5, 6), (9, 10), (11, 12), (13, 14)]
Prepped vert1, pairs=[(1, 2), (3, 4), (5, 6), (9, 10), (11, 12), (13, 14)]
Set recompilation to False
Got pairs set [(3, 4), (4, 12), (12, 13), (5, 13), (8, 9), (0, 8), (1, 9), (13, 14), (6, 14), (4, 5), (5, 6), (14, 15), (0, 1), (9, 10), (10, 11), (1, 2), (2, 10), (6, 7), (7, 15), (3, 11), (2, 3), (11, 12)]
---Starting to do calibration: delta 2.326088057998277
---Starting to set up measurements: delta 0.500805773999673
---Starting to run VQE: delta 0.04042995500094548
Running BayesMGD: n_evals 23, nshots 1000, max_iter 50, max_evals 600
---Preparing executables
---Running executables, 4 in batch, delta=1.1751398080014042
---Extracting values delta=2.1436961309991602
---Extracted values delta=6.570198026000071
Running block of size 20...
---Preparing executables
---Running executables, 80 in batch, delta=22.255389653000748
---Extracting values delta=11.929877550001038
---Extracted values delta=68.67671097699895
Running block of size 20...
---Preparing executables
---Running executables, 80 in batch, delta=22.342914660999668
---Extracting values delta=11.069807984000363
---Extracted values delta=67.09037010700013
Running block of size 6...
---Preparing executables
---Running executables, 24 in batch, delta=6.795026262998363
---Extracting values delta=3.72967917799906
---Extracted values delta=24.97795409900027
[-0.9424716569667562, -3.0880453695578165]
2  :--------------------------------
current: -3.088+/-0.564  params:  [0.498 0.749 0.637 0.874]  grad:  [1.621 0.81  1.171 0.407]  gamma_k: 0.3097  delta_k: 0.6000
Running block of size 20...
---Preparing executables
---Running executables, 80 in batch, delta=22.678452311
---Extracting values delta=10.701129160999699
---Extracted values delta=65.28704195899991
Running block of size 20...
---Preparing executables
---Running executables, 80 in batch, delta=22.909720375999314
---Extracting values delta=12.456959765000647
---Extracted values delta=69.28730584299956
Running block of size 6...
---Preparing executables
---Running executables, 24 in batch, delta=6.982176776000415
---Extracting values delta=4.00614296599997
---Extracted values delta=25.038169925999682
[-0.9424716569667562, -3.0880453695578165, -3.070453397946888]
3  :--------------------------------
current: -3.070+/-0.137  params:  [0.551 0.625 0.724 0.724]  grad:  [-0.205  0.476 -0.334  0.575]  gamma_k: 0.2604  delta_k: 0.5594
Running block of size 20...
---Preparing executables
---Running executables, 80 in batch, delta=23.009236999001587
---Extracting values delta=10.82179354499931
---Extracted values delta=66.16543702700073
Running block of size 20...
---Preparing executables
---Running executables, 80 in batch, delta=22.153521619000458
---Extracting values delta=11.720423090000622
---Extracted values delta=67.52712951399917
Running block of size 6...
---Preparing executables
---Running executables, 24 in batch, delta=6.8382023369995295
---Extracting values delta=3.7610562779991596
---Extracted values delta=24.885749076998763
[-0.9424716569667562, -3.0880453695578165, -3.070453397946888, -3.203394234736211]
4  :--------------------------------
current: -3.203+/-0.102  params:  [0.512 0.526 0.663 0.671]  grad:  [0.174 0.434 0.271 0.235]  gamma_k: 0.2277  delta_k: 0.5370
Running block of size 20...
---Preparing executables
---Running executables, 80 in batch, delta=23.113102843999513
---Extracting values delta=10.665340232000744
---Extracted values delta=65.27333263699984
Running block of size 20...
---Preparing executables
---Running executables, 80 in batch, delta=22.69937890700021
---Extracting values delta=10.790906281999924
---Extracted values delta=66.9412762410011
Running block of size 6...
---Preparing executables
---Running executables, 24 in batch, delta=6.917866620999121
---Extracting values delta=3.7540315489986824
---Extracted values delta=26.24508477499876
[-0.9424716569667562, -3.0880453695578165, -3.070453397946888, -3.203394234736211, -3.2873233335236223]
5  :--------------------------------
current: -3.287+/-0.101  params:  [0.458 0.488 0.624 0.595]  grad:  [0.266 0.189 0.191 0.372]  gamma_k: 0.2040  delta_k: 0.5216
Running block of size 20...
---Preparing executables
---Running executables, 80 in batch, delta=22.552766732000237
---Extracting values delta=10.584612980999736
---Extracted values delta=67.46960617800141
Running block of size 20...
---Preparing executables
---Running executables, 80 in batch, delta=22.411898457999996
---Extracting values delta=11.183278950000386
---Extracted values delta=74.64864532000138
Running block of size 6...
---Preparing executables
---Running executables, 24 in batch, delta=6.860105242998543
---Extracting values delta=3.5808109730005526
---Extracted values delta=25.221670376000475
[-0.9424716569667562, -3.0880453695578165, -3.070453397946888, -3.203394234736211, -3.2873233335236223, -2.9971937762446665]
6  :--------------------------------
current: -2.997+/-0.098  params:  [0.417 0.438 0.635 0.577]  grad:  [ 0.217  0.268 -0.059  0.097]  gamma_k: 0.1860  delta_k: 0.5100
Running block of size 20...
---Preparing executables
---Running executables, 80 in batch, delta=22.987874790000205
---Extracting values delta=10.660245021999799
---Extracted values delta=65.24532724500023
Running block of size 20...
---Preparing executables
---Running executables, 80 in batch, delta=22.625820219998786
---Extracting values delta=10.83852214900071
---Extracted values delta=70.15339701999983
Running block of size 6...
---Preparing executables
---Running executables, 24 in batch, delta=7.023611690001417
---Extracting values delta=14.15912070900049
---Extracted values delta=25.944743308999023
[-0.9424716569667562, -3.0880453695578165, -3.070453397946888, -3.203394234736211, -3.2873233335236223, -2.9971937762446665, -3.033094930310408]
7  :--------------------------------
current: -3.033+/-0.093  params:  [0.456 0.433 0.653 0.61 ]  grad:  [-0.229  0.029 -0.108 -0.194]  gamma_k: 0.1716  delta_k: 0.5007
Running block of size 20...
---Preparing executables
---Running executables, 80 in batch, delta=23.95531098399988
---Extracting values delta=10.599666447000345
---Extracted values delta=65.40076611699988
Running block of size 20...
---Preparing executables
---Running executables, 80 in batch, delta=22.578842787999747
---Extracting values delta=10.42335814999933
---Extracted values delta=68.92199290700046
Running block of size 6...
---Preparing executables
---Running executables, 24 in batch, delta=7.007596616000228
---Extracting values delta=4.038815064999653
---Extracted values delta=25.156197149000946
[-0.9424716569667562, -3.0880453695578165, -3.070453397946888, -3.203394234736211, -3.2873233335236223, -2.9971937762446665, -3.033094930310408, -3.3825660568911498]
8  :--------------------------------
current: -3.383+/-0.090  params:  [0.535 0.358 0.613 0.564]  grad:  [-0.488  0.467  0.249  0.288]  gamma_k: 0.1598  delta_k: 0.4929
Running block of size 20...
---Preparing executables
---Running executables, 80 in batch, delta=22.30505853499926
---Extracting values delta=12.223736159998225
---Extracted values delta=69.48234295300063
Running block of size 20...
---Preparing executables
---Running executables, 80 in batch, delta=22.393413619998682
---Extracting values delta=10.721827673000007
---Extracted values delta=68.3382331390003
Running block of size 6...
---Preparing executables
---Running executables, 24 in batch, delta=7.050113899998905
---Extracting values delta=3.9210147299982054
---Extracted values delta=27.77080740100064
[-0.9424716569667562, -3.0880453695578165, -3.070453397946888, -3.203394234736211, -3.2873233335236223, -2.9971937762446665, -3.033094930310408, -3.3825660568911498, -3.112581223543759]
9  :--------------------------------
current: -3.113+/-0.085  params:  [0.466 0.339 0.625 0.548]  grad:  [ 0.455  0.128 -0.077  0.104]  gamma_k: 0.1500  delta_k: 0.4863
Running block of size 20...
---Preparing executables
---Running executables, 80 in batch, delta=22.89418131399907
---Extracting values delta=10.49428812699989
---Extracted values delta=67.89979753400075
Running block of size 20...
---Preparing executables
---Running executables, 80 in batch, delta=23.01814299199941
---Extracting values delta=10.761376960999769
---Extracted values delta=67.75698836800075
Running block of size 6...
---Preparing executables
---Running executables, 24 in batch, delta=6.950444902000527
---Extracting values delta=4.689877780001552
---Extracted values delta=26.67414219800048
[-0.9424716569667562, -3.0880453695578165, -3.070453397946888, -3.203394234736211, -3.2873233335236223, -2.9971937762446665, -3.033094930310408, -3.3825660568911498, -3.112581223543759, -3.482033509800037]
10  :--------------------------------
current: -3.482+/-0.077  params:  [0.504 0.402 0.65  0.536]  grad:  [-0.265 -0.445 -0.176  0.091]  gamma_k: 0.1417  delta_k: 0.4806
Running block of size 20...
---Preparing executables
---Running executables, 80 in batch, delta=22.19340973099861
---Extracting values delta=11.27531455100143
---Extracted values delta=68.43692994999947
Running block of size 20...
---Preparing executables
---Running executables, 80 in batch, delta=22.78763010199873
---Extracting values delta=11.071288645000095
---Extracted values delta=70.26678286300012
Running block of size 6...
---Preparing executables
---Running executables, 24 in batch, delta=7.022961855000176
---Extracting values delta=4.113142873999095
---Extracted values delta=26.75769215500077
[-0.9424716569667562, -3.0880453695578165, -3.070453397946888, -3.203394234736211, -3.2873233335236223, -2.9971937762446665, -3.033094930310408, -3.3825660568911498, -3.112581223543759, -3.482033509800037, -3.3813059435180732]
11  :--------------------------------
current: -3.381+/-0.079  params:  [0.529 0.395 0.645 0.531]  grad:  [-0.186  0.055  0.036  0.032]  gamma_k: 0.1344  delta_k: 0.4755
Running block of size 20...
---Preparing executables
---Running executables, 80 in batch, delta=22.866383738999502
---Extracting values delta=11.5851041779988
---Extracted values delta=72.39714242599985
Running block of size 20...
---Preparing executables
---Running executables, 80 in batch, delta=22.26828309300072
---Extracting values delta=10.912223531999189
---Extracted values delta=68.17299726799865
Running block of size 6...
---Preparing executables
---Running executables, 24 in batch, delta=6.821240129000216
---Extracting values delta=4.053664745999413
---Extracted values delta=27.061068245999195
[-0.9424716569667562, -3.0880453695578165, -3.070453397946888, -3.203394234736211, -3.2873233335236223, -2.9971937762446665, -3.033094930310408, -3.3825660568911498, -3.112581223543759, -3.482033509800037, -3.3813059435180732, -3.2463036872810616]
12  :--------------------------------
current: -3.246+/-0.082  params:  [0.529 0.39  0.679 0.542]  grad:  [-0.003  0.04  -0.269 -0.088]  gamma_k: 0.1281  delta_k: 0.4709
Running block of size 20...
---Preparing executables
---Running executables, 80 in batch, delta=22.752562348001447
---Extracting values delta=11.93812910700035
---Extracted values delta=66.83271713999966
Running block of size 20...
---Preparing executables
---Running executables, 80 in batch, delta=22.93385124499946
---Extracting values delta=10.758252683001047
---Extracted values delta=69.17442068899982
Running block of size 6...
---Preparing executables
---Running executables, 24 in batch, delta=6.883733208000194
---Extracting values delta=5.037507443999857
---Extracted values delta=25.043037281999204
[-0.9424716569667562, -3.0880453695578165, -3.070453397946888, -3.203394234736211, -3.2873233335236223, -2.9971937762446665, -3.033094930310408, -3.3825660568911498, -3.112581223543759, -3.482033509800037, -3.3813059435180732, -3.2463036872810616, -3.155616133273367]
13  :--------------------------------
current: -3.156+/-0.074  params:  [0.485 0.365 0.731 0.489]  grad:  [ 0.36   0.203 -0.418  0.44 ]  gamma_k: 0.1225  delta_k: 0.4668
Running block of size 20...
---Preparing executables
---Running executables, 80 in batch, delta=22.750863232000484
---Extracting values delta=10.863327926999773
---Extracted values delta=67.37044741199861
Running block of size 20...
---Preparing executables
---Running executables, 80 in batch, delta=22.148807695999494
---Extracting values delta=10.624727686999904
---Extracted values delta=66.74333623300117
Running block of size 6...
---Preparing executables
---Running executables, 24 in batch, delta=6.947517308999522
---Extracting values delta=3.921427737999693
---Extracted values delta=25.07727884199994
[-0.9424716569667562, -3.0880453695578165, -3.070453397946888, -3.203394234736211, -3.2873233335236223, -2.9971937762446665, -3.033094930310408, -3.3825660568911498, -3.112581223543759, -3.482033509800037, -3.3813059435180732, -3.2463036872810616, -3.155616133273367, -3.1598687762366984]
14  :--------------------------------
current: -3.160+/-0.074  params:  [0.519 0.402 0.711 0.49 ]  grad:  [-0.289 -0.314  0.166 -0.008]  gamma_k: 0.1175  delta_k: 0.4631
Running block of size 20...
---Preparing executables
---Running executables, 80 in batch, delta=22.728022000001147
---Extracting values delta=11.70805335499972
---Extracted values delta=65.49707452199982
Running block of size 20...
---Preparing executables
---Running executables, 80 in batch, delta=22.81105518500044
---Extracting values delta=10.577045501999237
---Extracted values delta=67.72977131600055
Running block of size 6...
---Preparing executables
---Running executables, 24 in batch, delta=6.990111232000345
---Extracting values delta=4.0202380339997035
---Extracted values delta=24.683289942000556
[-0.9424716569667562, -3.0880453695578165, -3.070453397946888, -3.203394234736211, -3.2873233335236223, -2.9971937762446665, -3.033094930310408, -3.3825660568911498, -3.112581223543759, -3.482033509800037, -3.3813059435180732, -3.2463036872810616, -3.155616133273367, -3.1598687762366984, -3.0570186500061713]
15  :--------------------------------
current: -3.057+/-0.072  params:  [0.512 0.407 0.732 0.51 ]  grad:  [ 0.062 -0.044 -0.188 -0.177]  gamma_k: 0.1131  delta_k: 0.4596
***-3.06+/-0.07 1631277307.3266528
---VQE complete: delta 3384.066451543
Data collected can be found at experiments/4x2_bayesmgd_zz_x_U_4_nocc_5_d_1-0910-123840/2x4
