{'theta': True, 'zeta': True, 'chi': False, 'gamma': True, 'phi': True, 'time': None}
{'theta': False, 'zeta': False, 'chi': False, 'gamma': False, 'phi': False, 'time': None}
                  (3, 2)
                  │
                  │
         (4, 1)───(4, 2)───(4, 3)
         │        │        │
         │        │        │
(5, 0)───(5, 1)───(5, 2)───(5, 3)───(5, 4)
         │        │        │        │
         │        │        │        │
         (6, 1)───(6, 2)───(6, 3)───(6, 4)───(6, 5)
                  │        │        │        │
                  │        │        │        │
                  (7, 2)───(7, 3)───(7, 4)───(7, 5)───(7, 6)
                           │        │        │
                           │        │        │
                           (8, 3)───(8, 4)───(8, 5)
                                    │
                                    │
                                    (9, 4)
Start at: (3, 2), with dr
Using qubits [cirq.GridQubit(3, 2), cirq.GridQubit(4, 2), cirq.GridQubit(4, 3), cirq.GridQubit(5, 3), cirq.GridQubit(5, 4), cirq.GridQubit(6, 4), cirq.GridQubit(6, 5), cirq.GridQubit(7, 5), cirq.GridQubit(4, 1), cirq.GridQubit(5, 1), cirq.GridQubit(5, 2), cirq.GridQubit(6, 2), cirq.GridQubit(6, 3), cirq.GridQubit(7, 3), cirq.GridQubit(7, 4), cirq.GridQubit(8, 4)]
Using qubits, JW:[cirq.GridQubit(3, 2), cirq.GridQubit(4, 2), cirq.GridQubit(4, 3), cirq.GridQubit(5, 3), cirq.GridQubit(5, 4), cirq.GridQubit(6, 4), cirq.GridQubit(6, 5), cirq.GridQubit(7, 5), cirq.GridQubit(4, 1), cirq.GridQubit(5, 1), cirq.GridQubit(5, 2), cirq.GridQubit(6, 2), cirq.GridQubit(6, 3), cirq.GridQubit(7, 3), cirq.GridQubit(7, 4), cirq.GridQubit(8, 4)]
                  [31m(3, 2)[0m
                  │
                  │
         [35m(4, 1)[0m───[31m(4, 2)[0m───[31m(4, 3)[0m
         │        │        │
         │        │        │
(5, 0)───[35m(5, 1)[0m───[35m(5, 2)[0m───[31m(5, 3)[0m───[31m(5, 4)[0m
         │        │        │        │
         │        │        │        │
         (6, 1)───[35m(6, 2)[0m───[35m(6, 3)[0m───[31m(6, 4)[0m───[31m(6, 5)[0m
                  │        │        │        │
                  │        │        │        │
                  (7, 2)───[35m(7, 3)[0m───[35m(7, 4)[0m───[31m(7, 5)[0m───(7, 6)
                           │        │        │
                           │        │        │
                           (8, 3)───[35m(8, 4)[0m───(8, 5)
                                    │
                                    │
                                    (9, 4)
None
Meas types ['onsite0', 'horiz0', 'horiz1']
Prepped onsite, pairs=[(0, 8), (1, 9), (2, 10), (3, 11), (4, 12), (5, 13), (6, 14), (7, 15)]
Prepped horiz, pairs=[(0, 1), (2, 3), (4, 5), (6, 7), (8, 9), (10, 11), (12, 13), (14, 15)]
Prepped horiz, pairs=[(1, 2), (3, 4), (5, 6), (9, 10), (11, 12), (13, 14)]
Set recompilation to False
Got pairs set [(10, 11), (5, 6), (3, 11), (5, 13), (8, 9), (4, 12), (6, 14), (1, 2), (6, 7), (7, 15), (12, 13), (4, 5), (2, 10), (9, 10), (2, 3), (1, 9), (14, 15), (0, 8), (11, 12), (0, 1), (13, 14), (3, 4)]
---Starting to do calibration: delta 3.469824719000001
---Starting to set up measurements: delta 0.841700147000001
---Starting to run VQE: delta 1.3631080360000016
No optimisation, save file is experiments/8x1_single_zz_x_U_8_nocc_11_d_1-0914-232715/8x1/processed/processed.json
Given params: [[[[[0.882, 0.58, 0.581]]], [[[-0.882, -0.58, -0.581]]], [[[0, 0.58, 0.581]]], [[[0, -0.58, -0.581]]]]]
---Preparing executables
---Running executables, 12 in batch, delta=5.005668654000001
---Extracting values delta=2.2706783319999992
---Extracted values delta=53.477138458
===22.880429802398204 22.473922704509498 24.409474597016597 24.973640807384 1631658501.7121012
Computed energies [22.67717625345385], params [[[[0.882, 0.58, 0.581]]], [[[-0.882, -0.58, -0.581]]], [[[0, 0.58, 0.581]]], [[[0, -0.58, -0.581]]]]
***22.67717625345385 1631658501.714283
---VQE complete: delta 60.758705755
---Starting TFLO
Using saved points
Using params [[[0, 0, 0]], [[0, 0, 0.785398]], [[0, 0.785398, 1.5708]], [[0, 5.49779, 0.785398]], [[0, 2.35619, 0.785398]], [[0, 3.92699, 0]], [[0, 2.35619, 1.5708]], [[0, 3.14159, 0.785398]], [[0, 3.92699, 0.785398]], [[0, 5.49779, 5.49779]], [[0, 0.785398, 5.49779]], [[0, 3.92699, 1.5708]], [[0, 1.5708, 5.49779]], [[0, 3.14159, 2.35619]], [[0, 3.92699, 4.71239]], [[0, 3.14159, 5.49779]], [[0, 0.58, 0.581]], [[0.882, 0.58, 0.581]], [[0, 0, 0]], [[0, 0, -0.785398]], [[0, -0.785398, -1.5708]], [[0, -5.49779, -0.785398]], [[0, -2.35619, -0.785398]], [[0, -3.92699, 0]], [[0, -2.35619, -1.5708]], [[0, -3.14159, -0.785398]], [[0, -3.92699, -0.785398]], [[0, -5.49779, -5.49779]], [[0, -0.785398, -5.49779]], [[0, -3.92699, -1.5708]], [[0, -1.5708, -5.49779]], [[0, -3.14159, -2.35619]], [[0, -3.92699, -4.71239]], [[0, -3.14159, -5.49779]], [[0, -0.58, -0.581]], [[-0.882, -0.58, -0.581]]]
---Preparing executables
---Running executables, 108 in batch, delta=50.25990322700001
---Extracting values delta=7.276862224000013
---Extracted values delta=102.19415827099999
---Time for noisy calculation: 159.747986804
***TFLON: 24.621711191105025,25.35530380989663,24.93958521819406,26.315825375704197,26.569088078273808,25.623701775629286,26.82830718902171,27.059967465038145,26.792846693466068,28.783217426868934,27.917352229525314,28.046848088145044,28.84798025996066,29.139041378236993,29.66358805326136,30.290956558928162,24.513285695200207,22.926493209090903,24.721571714879317,25.193110842760213,25.59038128296232,25.41685074493654,25.38556916661544,27.14180712179469,26.149427706039422,27.092642846917254,27.91221231920212,27.66479643474604,29.09387872245915,29.241346126386617,29.35014247694328,29.264718165181474,30.03226888357019,30.128244815683423,25.049530498689194,22.555337589323802 1631658663.721048
Noisy energies by type: {'onsite0': array([30.16296296, 30.65066787, 30.06193425, 30.82689973, 30.56420329,
       29.48571429, 30.28543013, 30.11171527, 29.6220434 , 30.65146738,
       29.60455063, 29.54954955, 29.74278458, 30.02231237, 29.67314615,
       30.11473459, 29.99232246, 26.87677508, 30.22444799, 30.39059929,
       30.58190255, 29.59025271, 29.32899023, 30.76996424, 29.43481325,
       30.05749007, 30.63396226, 29.96333639, 30.89262372, 30.54851531,
       30.18259426, 30.12281959, 30.43411204, 30.11062658, 30.62972292,
       27.42411022]), 'horiz0': array([-2.96173756, -2.7340401 , -2.94070937, -2.25908497, -3.39167106,
       -3.34268766, -2.91520165, -2.89727626, -2.36850114,  0.3003672 ,
        0.56420233, -1.0277635 ,  0.52755127, -0.74214695,  0.4953271 ,
        0.33447349, -3.09109731, -2.2254448 , -2.9572533 , -2.59631336,
       -2.74346679, -1.92678034, -3.40982422, -3.10007287, -2.74586173,
       -2.77817079, -2.09345556, -0.04960077,  0.43852352, -0.74394809,
        0.5503268 , -0.61024611,  0.19562044,  0.21934197, -3.21372998,
       -2.96551724]), 'horiz1': array([-2.57951421, -2.56132396, -2.18163967, -2.25198939, -0.60344415,
       -0.51932485, -0.54192129, -0.15447154, -0.46069557, -2.16861715,
       -2.25140073, -0.47493797, -1.42235559, -0.14112404, -0.5048852 ,
       -0.15825152, -2.38793945, -1.72483707, -2.54562297, -2.60117509,
       -2.24805447, -2.24662162, -0.53359684, -0.52808425, -0.53952381,
       -0.18667643, -0.62829438, -2.24893918, -2.23726852, -0.5632211 ,
       -1.38277858, -0.24785532, -0.5974636 , -0.20172374, -2.36646245,
       -1.90325539])}
Using saved exact energies
Data collected can be found at experiments/8x1_single_zz_x_U_8_nocc_11_d_1-0914-232715/8x1
