{'theta': True, 'zeta': True, 'chi': False, 'gamma': True, 'phi': True, 'time': None}
{'theta': False, 'zeta': False, 'chi': False, 'gamma': False, 'phi': False, 'time': None}
                  (3, 2)
                  │
                  │
         (4, 1)───(4, 2)───(4, 3)
         │        │        │
         │        │        │
(5, 0)───(5, 1)───(5, 2)───(5, 3)───(5, 4)
         │        │        │        │
         │        │        │        │
         (6, 1)───(6, 2)───(6, 3)───(6, 4)───(6, 5)
                  │        │        │        │
                  │        │        │        │
                  (7, 2)───(7, 3)───(7, 4)───(7, 5)───(7, 6)
                           │        │        │
                           │        │        │
                           (8, 3)───(8, 4)───(8, 5)
                                    │
                                    │
                                    (9, 4)
Start at: (3, 2), with dr
Using qubits [cirq.GridQubit(3, 2), cirq.GridQubit(4, 2), cirq.GridQubit(4, 3), cirq.GridQubit(5, 3), cirq.GridQubit(5, 4), cirq.GridQubit(6, 4), cirq.GridQubit(6, 5), cirq.GridQubit(7, 5), cirq.GridQubit(4, 1), cirq.GridQubit(5, 1), cirq.GridQubit(5, 2), cirq.GridQubit(6, 2), cirq.GridQubit(6, 3), cirq.GridQubit(7, 3), cirq.GridQubit(7, 4), cirq.GridQubit(8, 4)]
Using qubits, JW:[cirq.GridQubit(3, 2), cirq.GridQubit(4, 2), cirq.GridQubit(4, 3), cirq.GridQubit(5, 3), cirq.GridQubit(5, 4), cirq.GridQubit(6, 4), cirq.GridQubit(6, 5), cirq.GridQubit(7, 5), cirq.GridQubit(4, 1), cirq.GridQubit(5, 1), cirq.GridQubit(5, 2), cirq.GridQubit(6, 2), cirq.GridQubit(6, 3), cirq.GridQubit(7, 3), cirq.GridQubit(7, 4), cirq.GridQubit(8, 4)]
                  [31m(3, 2)[0m
                  │
                  │
         [35m(4, 1)[0m───[31m(4, 2)[0m───[31m(4, 3)[0m
         │        │        │
         │        │        │
(5, 0)───[35m(5, 1)[0m───[35m(5, 2)[0m───[31m(5, 3)[0m───[31m(5, 4)[0m
         │        │        │        │
         │        │        │        │
         (6, 1)───[35m(6, 2)[0m───[35m(6, 3)[0m───[31m(6, 4)[0m───[31m(6, 5)[0m
                  │        │        │        │
                  │        │        │        │
                  (7, 2)───[35m(7, 3)[0m───[35m(7, 4)[0m───[31m(7, 5)[0m───(7, 6)
                           │        │        │
                           │        │        │
                           (8, 3)───[35m(8, 4)[0m───(8, 5)
                                    │
                                    │
                                    (9, 4)
None
Meas types ['onsite0', 'horiz0', 'vert02', 'vert12']
Prepped onsite, pairs=[(0, 8), (1, 9), (2, 10), (3, 11), (4, 12), (5, 13), (6, 14), (7, 15)]
Prepped horiz, pairs=[(0, 1), (2, 3), (4, 5), (6, 7), (8, 9), (10, 11), (12, 13), (14, 15)]
Prepped vert0, pairs=[(1, 2), (3, 4), (5, 6), (9, 10), (11, 12), (13, 14)]
Prepped vert1, pairs=[(1, 2), (3, 4), (5, 6), (9, 10), (11, 12), (13, 14)]
Set recompilation to False
Got pairs set [(10, 11), (5, 6), (3, 11), (5, 13), (8, 9), (4, 12), (6, 14), (1, 2), (6, 7), (7, 15), (12, 13), (4, 5), (2, 10), (9, 10), (2, 3), (1, 9), (14, 15), (0, 8), (11, 12), (0, 1), (13, 14), (3, 4)]
---Starting to do calibration: delta 3.5305401069999993
---Starting to set up measurements: delta 0.7967726469999992
---Starting to run VQE: delta 2.0196884189999995
Running BayesMGD: n_evals 23, nshots 1000, max_iter 50, max_evals 600
---Preparing executables
---Running executables, 4 in batch, delta=1.8367823789999989
---Extracting values delta=2.996989011
---Extracted values delta=13.018164732000002
Running block of size 20...
---Preparing executables
---Running executables, 80 in batch, delta=38.073855982000005
---Extracting values delta=5.737341521000005
---Extracted values delta=59.95447333899999
Running block of size 20...
---Preparing executables
---Running executables, 80 in batch, delta=37.53512674299998
---Extracting values delta=5.0805903090000015
---Extracted values delta=61.44515254199999
Running block of size 6...
---Preparing executables
---Running executables, 24 in batch, delta=11.397637807999985
---Extracting values delta=2.5372630950000143
---Extracted values delta=24.88735376599999
[-1.4153388410313703, -1.8127304835609959]
2  :--------------------------------
fit_params:  [ 0.029 -0.331  0.133 -0.174  0.185 -0.126  0.102 -0.09   0.263 -0.093
  0.143 -0.342  0.112  0.162 -2.007]
current: -1.813+/-0.065  params:  [0.957 0.97  0.956 1.008]  grad:  [ 0.14   0.095  0.142 -0.027]  gamma_k: 0.3097  delta_k: 0.6000
Running block of size 20...
---Preparing executables
---Running executables, 80 in batch, delta=37.54632112999997
---Extracting values delta=5.22421016200002
---Extracted values delta=59.22126939399999
Running block of size 20...
---Preparing executables
---Running executables, 80 in batch, delta=37.676518181000006
---Extracting values delta=5.1177778470000135
---Extracted values delta=61.27073169099998
Running block of size 6...
---Preparing executables
---Running executables, 24 in batch, delta=11.439040841000008
---Extracting values delta=2.2220933840000043
---Extracted values delta=24.849219963000053
[-1.4153388410313703, -1.8127304835609959, -1.8127304835609959, -1.8522299361872867]
3  :--------------------------------
fit_params:  [-0.131  0.094  0.532  0.083  0.103 -0.079 -0.004  0.054  0.099 -0.135
 -0.001 -0.415 -0.677 -0.1   -1.305]
current: -1.852+/-0.047  params:  [0.981 0.93  0.98  0.981]  grad:  [-0.094  0.157 -0.091  0.105]  gamma_k: 0.2604  delta_k: 0.5594
Running block of size 20...
---Preparing executables
---Running executables, 80 in batch, delta=37.705110028000036
---Extracting values delta=4.947563155000012
---Extracted values delta=58.71720859700008
Running block of size 20...
---Preparing executables
---Running executables, 80 in batch, delta=37.779266022
---Extracting values delta=5.747694759000069
---Extracted values delta=62.133748067000056
Running block of size 6...
---Preparing executables
---Running executables, 24 in batch, delta=11.340304428000081
---Extracting values delta=2.2370314400000098
---Extracted values delta=24.530732329999978
[-1.4153388410313703, -1.8127304835609959, -1.8127304835609959, -1.8522299361872867, -1.8522299361872867, -1.8567288070990209]
4  :--------------------------------
fit_params:  [ 0.221  0.239  0.055  0.135  0.139 -0.084 -0.119 -0.172  0.164  0.126
 -0.144 -0.816  0.067 -0.369 -1.353]
current: -1.857+/-0.054  params:  [0.971 0.932 0.972 0.956]  grad:  [ 0.045 -0.011  0.035  0.108]  gamma_k: 0.2277  delta_k: 0.5370
Running block of size 20...
---Preparing executables
---Running executables, 80 in batch, delta=37.70967469700008
---Extracting values delta=5.095539979000023
---Extracted values delta=61.53431980200003
Running block of size 20...
---Preparing executables
---Running executables, 80 in batch, delta=41.39557477599999
---Extracting values delta=5.278531839000038
---Extracted values delta=61.70129182400001
Running block of size 6...
---Preparing executables
---Running executables, 24 in batch, delta=11.46030077499995
---Extracting values delta=2.5706723690000217
---Extracted values delta=25.81139444600001
[-1.4153388410313703, -1.8127304835609959, -1.8127304835609959, -1.8522299361872867, -1.8522299361872867, -1.8567288070990209, -1.8567288070990209, -1.9478716318572225]
5  :--------------------------------
fit_params:  [ 0.663  0.534  0.6    0.514 -0.156  0.012 -0.2   -0.193  0.162 -0.114
 -0.488 -0.68  -0.498 -0.534 -1.059]
current: -1.948+/-0.038  params:  [0.937 0.946 0.951 0.924]  grad:  [ 0.165 -0.065  0.103  0.157]  gamma_k: 0.2040  delta_k: 0.5216
Running block of size 20...
---Preparing executables
---Running executables, 80 in batch, delta=37.50167709899995
---Extracting values delta=5.418050700000094
---Extracted values delta=59.96272352200003
Running block of size 20...
---Preparing executables
---Running executables, 80 in batch, delta=37.84780348000004
---Extracting values delta=5.397517159999779
---Extracted values delta=60.541144527999904
Running block of size 6...
---Preparing executables
---Running executables, 24 in batch, delta=11.377898909999885
---Extracting values delta=2.208781047000002
---Extracted values delta=25.536841988000106
[-1.4153388410313703, -1.8127304835609959, -1.8127304835609959, -1.8522299361872867, -1.8522299361872867, -1.8567288070990209, -1.8567288070990209, -1.9478716318572225, -1.9478716318572225, -1.8609588375717183]
6  :--------------------------------
fit_params:  [ 0.393  0.518  0.134  0.119 -0.127  0.043 -0.056  0.285 -0.007  0.207
 -1.195 -0.484 -0.641 -1.085 -0.327]
current: -1.861+/-0.040  params:  [0.954 0.92  0.956 0.915]  grad:  [-0.089  0.138 -0.029  0.051]  gamma_k: 0.1860  delta_k: 0.5100
Running block of size 20...
---Preparing executables
---Running executables, 80 in batch, delta=37.66322326999989
---Extracting values delta=5.140731091000134
---Extracted values delta=60.15997311399997
Running block of size 20...
---Preparing executables
---Running executables, 80 in batch, delta=37.824817492999955
---Extracting values delta=5.151794033999977
---Extracted values delta=63.15479860000005
Running block of size 6...
---Preparing executables
---Running executables, 24 in batch, delta=11.31048105900004
---Extracting values delta=2.2702020540000376
---Extracted values delta=24.34232649899991
[-1.4153388410313703, -1.8127304835609959, -1.8127304835609959, -1.8522299361872867, -1.8522299361872867, -1.8567288070990209, -1.8567288070990209, -1.9478716318572225, -1.9478716318572225, -1.8609588375717183, -1.8609588375717183, -1.8560252946705282]
7  :--------------------------------
fit_params:  [ 0.184  0.153 -0.196  0.028  0.071  0.041  0.131  0.238 -0.232  0.242
 -0.988 -0.292 -0.266 -0.578 -0.899]
current: -1.856+/-0.043  params:  [0.952 0.928 0.936 0.921]  grad:  [ 0.008 -0.048  0.12  -0.036]  gamma_k: 0.1716  delta_k: 0.5007
Running block of size 20...
---Preparing executables
---Running executables, 80 in batch, delta=37.61013813699992
---Extracting values delta=5.236964852000028
---Extracted values delta=58.022619819000056
Running block of size 20...
---Preparing executables
---Running executables, 80 in batch, delta=37.54911999199999
---Extracting values delta=5.323333359000117
---Extracted values delta=62.007715655000084
Running block of size 6...
---Preparing executables
---Running executables, 24 in batch, delta=11.375343802000089
---Extracting values delta=2.079835269999876
---Extracted values delta=23.683713371000067
[-1.4153388410313703, -1.8127304835609959, -1.8127304835609959, -1.8522299361872867, -1.8522299361872867, -1.8567288070990209, -1.8567288070990209, -1.9478716318572225, -1.9478716318572225, -1.8609588375717183, -1.8609588375717183, -1.8560252946705282, -1.8560252946705282, -1.8484704252877466]
8  :--------------------------------
fit_params:  [ 0.05   0.324 -0.17   0.108 -0.117  0.198  0.091  0.094 -0.017  0.104
 -0.49  -0.478 -0.286 -0.506 -1.108]
current: -1.848+/-0.033  params:  [0.963 0.921 0.914 0.915]  grad:  [-0.067  0.042  0.135  0.036]  gamma_k: 0.1598  delta_k: 0.4929
Running block of size 20...
---Preparing executables
---Running executables, 80 in batch, delta=37.75218453499997
---Extracting values delta=5.344191711000121
---Extracted values delta=60.44865168000001
Running block of size 20...
---Preparing executables
---Running executables, 80 in batch, delta=37.75403661899986
---Extracting values delta=6.920957550000139
---Extracted values delta=63.510397052999906
Running block of size 6...
---Preparing executables
---Running executables, 24 in batch, delta=11.43114242799993
---Extracting values delta=6.4430253400000765
---Extracted values delta=25.820129884999915
[-1.4153388410313703, -1.8127304835609959, -1.8127304835609959, -1.8522299361872867, -1.8522299361872867, -1.8567288070990209, -1.8567288070990209, -1.9478716318572225, -1.9478716318572225, -1.8609588375717183, -1.8609588375717183, -1.8560252946705282, -1.8560252946705282, -1.8484704252877466, -1.8484704252877466, -1.860370669193137]
9  :--------------------------------
fit_params:  [ 0.1    0.025 -0.186  0.131 -0.017  0.356 -0.082 -0.068  0.224  0.163
 -0.467 -0.28  -0.286 -0.6   -1.417]
current: -1.860+/-0.037  params:  [0.93  0.922 0.883 0.882]  grad:  [ 0.222 -0.004  0.209  0.219]  gamma_k: 0.1500  delta_k: 0.4863
Running block of size 20...
---Preparing executables
---Running executables, 80 in batch, delta=37.69249384699992
---Extracting values delta=5.0868852879998485
---Extracted values delta=60.44217579299993
Running block of size 20...
---Preparing executables
---Running executables, 80 in batch, delta=37.810409489999984
---Extracting values delta=5.262079650000032
---Extracted values delta=60.89733149899985
Running block of size 6...
---Preparing executables
---Running executables, 24 in batch, delta=11.447150055000293
---Extracting values delta=3.3600582529998064
---Extracted values delta=25.425912853000227
[-1.4153388410313703, -1.8127304835609959, -1.8127304835609959, -1.8522299361872867, -1.8522299361872867, -1.8567288070990209, -1.8567288070990209, -1.9478716318572225, -1.9478716318572225, -1.8609588375717183, -1.8609588375717183, -1.8560252946705282, -1.8560252946705282, -1.8484704252877466, -1.8484704252877466, -1.860370669193137, -1.860370669193137, -1.837539018333578]
10  :--------------------------------
fit_params:  [ 0.041 -0.195  0.203  0.188 -0.095  0.237  0.298 -0.072  0.363 -0.439
 -0.16  -0.646 -0.685  0.126 -1.294]
current: -1.838+/-0.039  params:  [0.925 0.924 0.899 0.851]  grad:  [ 0.033 -0.015 -0.11   0.219]  gamma_k: 0.1417  delta_k: 0.4806
Running block of size 20...
---Preparing executables
---Running executables, 80 in batch, delta=37.652889206000054
---Extracting values delta=5.021851723000054
---Extracted values delta=60.090647162000096
Running block of size 20...
---Preparing executables
---Running executables, 80 in batch, delta=37.79296710300014
---Extracting values delta=5.164332085999831
---Extracted values delta=61.820092012999794
Running block of size 6...
---Preparing executables
---Running executables, 24 in batch, delta=12.077914373000112
---Extracting values delta=1.8898694509998677
---Extracted values delta=25.562329024000064
[-1.4153388410313703, -1.8127304835609959, -1.8127304835609959, -1.8522299361872867, -1.8522299361872867, -1.8567288070990209, -1.8567288070990209, -1.9478716318572225, -1.9478716318572225, -1.8609588375717183, -1.8609588375717183, -1.8560252946705282, -1.8560252946705282, -1.8484704252877466, -1.8484704252877466, -1.860370669193137, -1.860370669193137, -1.837539018333578, -1.837539018333578, -1.9374907203433973]
11  :--------------------------------
fit_params:  [-0.132  0.037  0.017  0.312  0.133  0.008  0.14  -0.189 -0.185  0.048
  0.218 -0.16  -0.365  0.154 -1.865]
current: -1.937+/-0.034  params:  [0.937 0.912 0.896 0.841]  grad:  [-0.088  0.091  0.021  0.079]  gamma_k: 0.1344  delta_k: 0.4755
Running block of size 20...
---Preparing executables
---Running executables, 80 in batch, delta=37.662905862000116
---Extracting values delta=5.156725529999676
---Extracted values delta=60.200639088000116
Running block of size 20...
---Preparing executables
---Running executables, 80 in batch, delta=37.71833166799979
---Extracting values delta=5.171875193999767
---Extracted values delta=62.303073844999744
Running block of size 6...
---Preparing executables
---Running executables, 24 in batch, delta=11.445039537999946
---Extracting values delta=2.0032735119998506
---Extracted values delta=26.209734532999846
[-1.4153388410313703, -1.8127304835609959, -1.8127304835609959, -1.8522299361872867, -1.8522299361872867, -1.8567288070990209, -1.8567288070990209, -1.9478716318572225, -1.9478716318572225, -1.8609588375717183, -1.8609588375717183, -1.8560252946705282, -1.8560252946705282, -1.8484704252877466, -1.8484704252877466, -1.860370669193137, -1.860370669193137, -1.837539018333578, -1.837539018333578, -1.9374907203433973, -1.9374907203433973, -1.9047600763101764]
12  :--------------------------------
fit_params:  [-0.164 -0.085  0.122  0.17   0.171  0.27  -0.136 -0.329  0.234  0.012
  0.24  -0.315 -0.61   0.026 -1.681]
current: -1.905+/-0.038  params:  [0.915 0.912 0.911 0.822]  grad:  [ 0.176  0.    -0.116  0.144]  gamma_k: 0.1281  delta_k: 0.4709
Running block of size 20...
---Preparing executables
---Running executables, 80 in batch, delta=38.27377323000019
---Extracting values delta=5.157946174999779
---Extracted values delta=61.68803369999978
Running block of size 20...
---Preparing executables
---Running executables, 80 in batch, delta=37.80314494100003
---Extracting values delta=5.24318719699977
---Extracted values delta=60.69363610799974
Running block of size 6...
---Preparing executables
---Running executables, 24 in batch, delta=11.319864818999577
---Extracting values delta=2.2160676729999977
---Extracted values delta=25.89369795199991
[-1.4153388410313703, -1.8127304835609959, -1.8127304835609959, -1.8522299361872867, -1.8522299361872867, -1.8567288070990209, -1.8567288070990209, -1.9478716318572225, -1.9478716318572225, -1.8609588375717183, -1.8609588375717183, -1.8560252946705282, -1.8560252946705282, -1.8484704252877466, -1.8484704252877466, -1.860370669193137, -1.860370669193137, -1.837539018333578, -1.837539018333578, -1.9374907203433973, -1.9374907203433973, -1.9047600763101764, -1.9047600763101764, -1.8355762857344486]
13  :--------------------------------
fit_params:  [-0.512 -0.159  0.418  0.15   0.292  0.13   0.014 -0.019  0.129 -0.237
  0.18  -0.376 -0.527  0.189 -1.74 ]
current: -1.836+/-0.040  params:  [0.917 0.899 0.897 0.797]  grad:  [-0.019  0.106  0.108  0.203]  gamma_k: 0.1225  delta_k: 0.4668
Running block of size 20...
---Preparing executables
---Running executables, 80 in batch, delta=37.664048083000125
---Extracting values delta=5.242019624000022
---Extracted values delta=59.65503231499997
Running block of size 20...
---Preparing executables
---Running executables, 80 in batch, delta=37.63347216000011
---Extracting values delta=5.353865206000137
---Extracted values delta=62.00717771300015
Running block of size 6...
---Preparing executables
---Running executables, 24 in batch, delta=11.440288342999793
---Extracting values delta=2.512065892999999
---Extracted values delta=23.20770017299992
[-1.4153388410313703, -1.8127304835609959, -1.8127304835609959, -1.8522299361872867, -1.8522299361872867, -1.8567288070990209, -1.8567288070990209, -1.9478716318572225, -1.9478716318572225, -1.8609588375717183, -1.8609588375717183, -1.8560252946705282, -1.8560252946705282, -1.8484704252877466, -1.8484704252877466, -1.860370669193137, -1.860370669193137, -1.837539018333578, -1.837539018333578, -1.9374907203433973, -1.9374907203433973, -1.9047600763101764, -1.9047600763101764, -1.8355762857344486, -1.8355762857344486, -1.7124870518055213]
14  :--------------------------------
fit_params:  [-0.22  -0.232 -0.46   0.126  0.009 -0.079  0.575  0.113 -0.246  0.053
  0.367 -0.041 -0.018 -0.086 -1.947]
current: -1.712+/-0.037  params:  [0.915 0.875 0.882 0.8  ]  grad:  [ 0.019  0.198  0.13  -0.025]  gamma_k: 0.1175  delta_k: 0.4631
Running block of size 20...
---Preparing executables
---Running executables, 80 in batch, delta=37.713308117
---Extracting values delta=4.973124526999982
---Extracted values delta=59.011160496999764
Running block of size 20...
---Preparing executables
---Running executables, 80 in batch, delta=38.01668028699987
---Extracting values delta=4.951036138999825
---Extracted values delta=62.84280805100025
Running block of size 6...
---Preparing executables
---Running executables, 24 in batch, delta=11.402489286999753
---Extracting values delta=2.849594747000083
---Extracted values delta=25.20382090000021
[-1.4153388410313703, -1.8127304835609959, -1.8127304835609959, -1.8522299361872867, -1.8522299361872867, -1.8567288070990209, -1.8567288070990209, -1.9478716318572225, -1.9478716318572225, -1.8609588375717183, -1.8609588375717183, -1.8560252946705282, -1.8560252946705282, -1.8484704252877466, -1.8484704252877466, -1.860370669193137, -1.860370669193137, -1.837539018333578, -1.837539018333578, -1.9374907203433973, -1.9374907203433973, -1.9047600763101764, -1.9047600763101764, -1.8355762857344486, -1.8355762857344486, -1.7124870518055213, -1.7124870518055213, -1.8132451538657437]
15  :--------------------------------
fit_params:  [ 0.487 -0.035  0.097  0.162 -0.007 -0.374  0.272  0.222 -0.221 -0.277
 -0.489  0.046  0.336  0.039 -1.671]
current: -1.813+/-0.038  params:  [0.905 0.865 0.898 0.82 ]  grad:  [ 0.084  0.097 -0.145 -0.173]  gamma_k: 0.1131  delta_k: 0.4596
***-1.81+/-0.04 1631755359.716254
---VQE complete: delta 3480.7642902009998
Data collected can be found at experiments/4x2_bayesmgd_zz_x-0916-012432/2x4
