2021-09-14 07:10:01,095 - fhvqe.experiment:553 - DEBUG - number of moments preoptimization: 38
2021-09-14 07:10:01,102 - fhvqe.experiment:554 - DEBUG - depth preoptimization: 38
2021-09-14 07:10:01,165 - fhvqe.experiment:595 - DEBUG - number of moments post-optimization and calibration: 25
2021-09-14 07:10:01,169 - fhvqe.experiment:596 - DEBUG - depth post-optimization and calibration: 25
2021-09-14 07:10:01,178 - fhvqe.experiment:553 - DEBUG - number of moments preoptimization: 51
2021-09-14 07:10:01,186 - fhvqe.experiment:554 - DEBUG - depth preoptimization: 51
2021-09-14 07:10:01,262 - fhvqe.experiment:595 - DEBUG - number of moments post-optimization and calibration: 37
2021-09-14 07:10:01,268 - fhvqe.experiment:596 - DEBUG - depth post-optimization and calibration: 37
2021-09-14 07:10:01,279 - fhvqe.experiment:82 - DEBUG - Preparing analysis function for onsite
2021-09-14 07:10:01,280 - fhvqe.vqe_experiment:947 - DEBUG - Executables, measurement onsite0:
2021-09-14 07:10:01,299 - fhvqe.experiment:553 - DEBUG - number of moments preoptimization: 51
2021-09-14 07:10:01,308 - fhvqe.experiment:554 - DEBUG - depth preoptimization: 51
2021-09-14 07:10:01,378 - fhvqe.experiment:595 - DEBUG - number of moments post-optimization and calibration: 37
2021-09-14 07:10:01,384 - fhvqe.experiment:596 - DEBUG - depth post-optimization and calibration: 37
2021-09-14 07:10:01,437 - fhvqe.vqe_experiment:958 - DEBUG - Moment 0:
  ╷ 3 4
╶─┼─────
5 │ X X
  │
Moment 1:
  ╷ 3         4
╶─┼─────────────────────
5 │ iSwap^0.5 iSwap^0.5
  │ │         │
6 │ iSwap     iSwap
  │
Moment 2:
  ╷ 3                       4
╶─┼─────────────────────────────────────────────────
5 │ Rz(4.331497687171457)   Rz(4.331497687171457)
  │
6 │ Rz(-1.1899050335816643) Rz(-1.1899050335816643)
  │
Moment 3:
  ╷ 3         4
╶─┼─────────────────────
5 │ iSwap^0.5 iSwap^0.5
  │ │         │
6 │ iSwap     iSwap
  │
Moment 4:
  ╷ 3                 4
╶─┼─────────────────────────────────────
5 │ Z                 Z
  │
6 │ PhXZ(a=0,x=0,z=0) PhXZ(a=0,x=0,z=0)
  │
Moment 5:
  ╷ 3         4
╶─┼─────────────────────
6 │ iSwap^0.5 iSwap^0.5
  │ │         │
7 │ iSwap     iSwap
  │
Moment 6:
  ╷ 3                       4
╶─┼─────────────────────────────────────────────────
6 │ Rz(4.00751720968166)    Rz(4.00751720968166)
  │
7 │ Rz(-0.8659245560918661) Rz(-0.8659245560918661)
  │
Moment 7:
  ╷ 3         4
╶─┼─────────────────────
6 │ iSwap^0.5 iSwap^0.5
  │ │         │
7 │ iSwap     iSwap
  │
Moment 8:
  ╷ 3                 4
╶─┼─────────────────────────────────────
6 │ Z                 Z
  │
7 │ PhXZ(a=0,x=0,z=0) PhXZ(a=0,x=0,z=0)
  │
Moment 9:
  ╷ 3         4
╶─┼─────────────────────
7 │ iSwap^0.5 iSwap^0.5
  │ │         │
8 │ iSwap     iSwap
  │
Moment 10:
  ╷ 3                       4
╶─┼─────────────────────────────────────────────────
7 │ Rz(3.695167012486838)   Rz(3.695167012486838)
  │
8 │ Rz(-0.5535743588970449) Rz(-0.5535743588970449)
  │
Moment 11:
  ╷ 3         4
╶─┼─────────────────────
7 │ iSwap^0.5 iSwap^0.5
  │ │         │
8 │ iSwap     iSwap
  │
Moment 12:
  ╷ 3                                                                        4
╶─┼────────────────────────────────────────────────────────────────────────────────────────────────────────────────────────────────────
5 │ PhXZ(a=0.07957747154594767,x=0.04010328141741558,z=0.9204225284540524)   PhXZ(a=0.07957747154594767,x=-0.5,z=-0.07957747154594767)
  │
6 │ PhXZ(a=0.07957747154594767,x=0.04010328141741558,z=0.9204225284540524)   PhXZ(a=0.07957747154594767,x=-0.5,z=-0.07957747154594767)
  │
7 │ PhXZ(a=-0.9204225284540524,x=0.04010328141741559,z=-0.07957747154594763) PhXZ(a=0.07957747154594763,x=0.5,z=0.9204225284540524)
  │
8 │ PhXZ(a=0.07957747154594763,x=0.04010328141741559,z=0.9204225284540524)   PhXZ(a=-0.9204225284540524,x=0.5,z=-0.07957747154594763)
  │
Moment 13:
  ╷ 3         4
╶─┼─────────────────
5 │ iSwap^0.5─iSwap
  │
6 │ iSwap^0.5─iSwap
  │
7 │ iSwap^0.5─iSwap
  │
8 │ iSwap^0.5─iSwap
  │
Moment 14:
  ╷ 3
╶─┼───────────────────────────────────────
5 │ PhXZ(a=1,x=-0.11283656610933077,z=-1)
  │
6 │ PhXZ(a=1,x=-0.11283656610933077,z=-1)
  │
7 │ PhXZ(a=1,x=-0.11283656610933077,z=-1)
  │
8 │ PhXZ(a=1,x=-0.11283656610933077,z=-1)
  │
Moment 15:
  ╷ 3         4
╶─┼─────────────────
5 │ iSwap^0.5─iSwap
  │
6 │ iSwap^0.5─iSwap
  │
7 │ iSwap^0.5─iSwap
  │
8 │ iSwap^0.5─iSwap
  │
Moment 16:
  ╷ 3                                       4
╶─┼──────────────────────────────────────────────────────────────────────────────────────
5 │ PhXZ(a=0,x=0.04010328141741559,z=-0.25) PhXZ(a=0,x=0.5,z=-0.25)
  │
6 │ PhXZ(a=0,x=0.04010328141741559,z=0.25)  PhXZ(a=-1.1102230246251565e-16,x=0.5,z=0.25)
  │
7 │ PhXZ(a=0,x=0.04010328141741559,z=-0.25) PhXZ(a=0,x=0.5,z=-0.25)
  │
8 │ PhXZ(a=0,x=0.04010328141741559,z=0.25)  PhXZ(a=-1.1102230246251565e-16,x=0.5,z=0.25)
  │
Moment 17:
  ╷ 3         4
╶─┼─────────────────────
5 │ iSwap^0.5 iSwap^0.5
  │ │         │
6 │ iSwap     iSwap
  │
7 │ iSwap^0.5 iSwap^0.5
  │ │         │
8 │ iSwap     iSwap
  │
Moment 18:
  ╷ 3                                                     4
╶─┼─────────────────────────────────────────────────────────────────────────────────────────────────────────────
5 │ PhXZ(a=-0.5795774715459476,x=0,z=-0.9204225284540524) PhXZ(a=-0.5795774715459476,x=0,z=-0.9204225284540524)
  │
6 │ Rz(-0.25)                                             Rz(-0.25)
  │
7 │ PhXZ(a=-0.5795774715459476,x=0,z=-0.9204225284540524) PhXZ(a=-0.5795774715459476,x=0,z=-0.9204225284540524)
  │
8 │ Rz(-0.25)                                             Rz(-0.25)
  │
Moment 19:
  ╷ 3         4
╶─┼─────────────────────
5 │ iSwap^0.5 iSwap^0.5
  │ │         │
6 │ iSwap     iSwap
  │
7 │ iSwap^0.5 iSwap^0.5
  │ │         │
8 │ iSwap     iSwap
  │
Moment 20:
  ╷ 3                                      4
╶─┼───────────────────────────────────────────────────────────────────────────────
5 │ PhXZ(a=-0.75,x=0,z=-0.75)              PhXZ(a=-0.75,x=0,z=-0.75)
  │
6 │ PhXZ(a=-1,x=0,z=-0.5)                  PhXZ(a=-1,x=0,z=-0.5)
  │
7 │ PhXZ(a=-1,x=0,z=-0.5)                  PhXZ(a=-1,x=0,z=-0.5)
  │
8 │ PhXZ(a=0.7499999999999998,x=0,z=-0.25) PhXZ(a=0.7499999999999998,x=0,z=-0.25)
  │
Moment 21:
  ╷ 3         4
╶─┼─────────────────────
6 │ iSwap^0.5 iSwap^0.5
  │ │         │
7 │ iSwap     iSwap
  │
Moment 22:
  ╷ 3                                                     4
╶─┼─────────────────────────────────────────────────────────────────────────────────────────────────────────────
6 │ PhXZ(a=-0.5795774715459476,x=0,z=-0.9204225284540524) PhXZ(a=-0.5795774715459476,x=0,z=-0.9204225284540524)
  │
7 │ Rz(-0.25)                                             Rz(-0.25)
  │
Moment 23:
  ╷ 3         4
╶─┼─────────────────────
6 │ iSwap^0.5 iSwap^0.5
  │ │         │
7 │ iSwap     iSwap
  │
Moment 24:
  ╷ 3                                                                      4
╶─┼──────────────────────────────────────────────────────────────────────────────────────────────────────────────────────────────────
5 │ PhXZ(a=0.07957747154594767,x=0.04010328141741558,z=0.9204225284540524) PhXZ(a=0.07957747154594767,x=-0.5,z=-0.07957747154594767)
  │
6 │ PhXZ(a=0.8295774715459476,x=0.04010328141741559,z=0.17042252845405237) PhXZ(a=-0.17042252845405237,x=0.5,z=-0.8295774715459476)
  │
7 │ PhXZ(a=0.32957747154594763,x=0.04010328141741559,z=0.6704225284540524) PhXZ(a=-0.6704225284540524,x=0.5,z=-0.32957747154594763)
  │
8 │ PhXZ(a=0.07957747154594767,x=0.04010328141741558,z=0.9204225284540524) PhXZ(a=0.07957747154594767,x=-0.5,z=-0.07957747154594767)
  │
Moment 25:
  ╷ 3         4
╶─┼─────────────────
5 │ iSwap^0.5─iSwap
  │
6 │ iSwap^0.5─iSwap
  │
7 │ iSwap^0.5─iSwap
  │
8 │ iSwap^0.5─iSwap
  │
Moment 26:
  ╷ 3
╶─┼───────────────────────────────────────
5 │ PhXZ(a=1,x=-0.11283656610933077,z=-1)
  │
6 │ PhXZ(a=1,x=-0.11283656610933077,z=-1)
  │
7 │ PhXZ(a=1,x=-0.11283656610933077,z=-1)
  │
8 │ PhXZ(a=1,x=-0.11283656610933077,z=-1)
  │
Moment 27:
  ╷ 3         4
╶─┼─────────────────
5 │ iSwap^0.5─iSwap
  │
6 │ iSwap^0.5─iSwap
  │
7 │ iSwap^0.5─iSwap
  │
8 │ iSwap^0.5─iSwap
  │
Moment 28:
  ╷ 3                                       4
╶─┼──────────────────────────────────────────────────────────────────────────────────────
5 │ PhXZ(a=0,x=0.04010328141741559,z=-0.25) PhXZ(a=0,x=0.5,z=-0.25)
  │
6 │ PhXZ(a=0,x=0.04010328141741559,z=0.25)  PhXZ(a=-1.1102230246251565e-16,x=0.5,z=0.25)
  │
7 │ PhXZ(a=0,x=0.04010328141741559,z=-0.25) PhXZ(a=0,x=0.5,z=-0.25)
  │
8 │ PhXZ(a=0,x=0.04010328141741559,z=0.25)  PhXZ(a=-1.1102230246251565e-16,x=0.5,z=0.25)
  │
Moment 29:
  ╷ 3         4
╶─┼─────────────────────
5 │ iSwap^0.5 iSwap^0.5
  │ │         │
6 │ iSwap     iSwap
  │
7 │ iSwap^0.5 iSwap^0.5
  │ │         │
8 │ iSwap     iSwap
  │
Moment 30:
  ╷ 3                                                     4
╶─┼─────────────────────────────────────────────────────────────────────────────────────────────────────────────
5 │ PhXZ(a=-0.5795774715459476,x=0,z=-0.9204225284540524) PhXZ(a=-0.5795774715459476,x=0,z=-0.9204225284540524)
  │
6 │ Rz(-0.25)                                             Rz(-0.25)
  │
7 │ PhXZ(a=-0.5795774715459476,x=0,z=-0.9204225284540524) PhXZ(a=-0.5795774715459476,x=0,z=-0.9204225284540524)
  │
8 │ Rz(-0.25)                                             Rz(-0.25)
  │
Moment 31:
  ╷ 3         4
╶─┼─────────────────────
5 │ iSwap^0.5 iSwap^0.5
  │ │         │
6 │ iSwap     iSwap
  │
7 │ iSwap^0.5 iSwap^0.5
  │ │         │
8 │ iSwap     iSwap
  │
Moment 32:
  ╷ 3                                      4
╶─┼───────────────────────────────────────────────────────────────────────────────
5 │ PhXZ(a=-0.75,x=0,z=-0.75)              PhXZ(a=-0.75,x=0,z=-0.75)
  │
6 │ PhXZ(a=-1,x=0,z=-0.5)                  PhXZ(a=-1,x=0,z=-0.5)
  │
7 │ PhXZ(a=-1,x=0,z=-0.5)                  PhXZ(a=-1,x=0,z=-0.5)
  │
8 │ PhXZ(a=0.7499999999999998,x=0,z=-0.25) PhXZ(a=0.7499999999999998,x=0,z=-0.25)
  │
Moment 33:
  ╷ 3         4
╶─┼─────────────────────
6 │ iSwap^0.5 iSwap^0.5
  │ │         │
7 │ iSwap     iSwap
  │
Moment 34:
  ╷ 3                                                     4
╶─┼─────────────────────────────────────────────────────────────────────────────────────────────────────────────
6 │ PhXZ(a=-0.5795774715459476,x=0,z=-0.9204225284540524) PhXZ(a=-0.5795774715459476,x=0,z=-0.9204225284540524)
  │
7 │ Rz(-0.25)                                             Rz(-0.25)
  │
Moment 35:
  ╷ 3         4
╶─┼─────────────────────
6 │ iSwap^0.5 iSwap^0.5
  │ │         │
7 │ iSwap     iSwap
  │
Moment 36:
  ╷ 3                                      4
╶─┼───────────────────────────────────────────────────────────────────────────────
6 │ PhXZ(a=-0.75,x=0,z=-0.75)              PhXZ(a=-0.75,x=0,z=-0.75)
  │
7 │ PhXZ(a=0.7499999999999998,x=0,z=-0.25) PhXZ(a=0.7499999999999998,x=0,z=-0.25)
  │
Moment 37:
  ╷ 3      4
╶─┼──────────
5 │ M('x')─M
  │ │      │
6 │ M      M
  │ │      │
7 │ M      M
  │ │      │
8 │ M      M
  │

2021-09-14 07:10:01,439 - fhvqe.experiment:82 - DEBUG - Preparing analysis function for horiz
2021-09-14 07:10:01,449 - fhvqe.vqe_experiment:940 - DEBUG - horiz0:
           ┌──────────────────┐                ┌──────────────────┐
(5, 3): ────iSwap─────────────────Rz(1.25π)─────iSwap─────────────────Z───────────────────
            │                                   │
(5, 4): ────┼────────iSwap────────Rz(1.25π)─────┼────────iSwap────────Z───────────────────
            │        │                          │        │
(6, 3): ────iSwap^0.5┼────────────Rz(-0.25π)────iSwap^0.5┼────────────PhXZ(a=0,x=0,z=0)───
                     │                                   │
(6, 4): ─────────────iSwap^0.5────Rz(-0.25π)─────────────iSwap^0.5────PhXZ(a=0,x=0,z=0)───

(7, 3): ────iSwap─────────────────Rz(1.25π)─────iSwap─────────────────Z───────────────────
            │                                   │
(7, 4): ────┼────────iSwap────────Rz(1.25π)─────┼────────iSwap────────Z───────────────────
            │        │                          │        │
(8, 3): ────iSwap^0.5┼────────────Rz(-0.25π)────iSwap^0.5┼────────────PhXZ(a=0,x=0,z=0)───
                     │                                   │
(8, 4): ─────────────iSwap^0.5────Rz(-0.25π)─────────────iSwap^0.5────PhXZ(a=0,x=0,z=0)───
           └──────────────────┘                └──────────────────┘
2021-09-14 07:10:01,458 - fhvqe.vqe_experiment:947 - DEBUG - Executables, measurement horiz0:
2021-09-14 07:10:01,478 - fhvqe.experiment:553 - DEBUG - number of moments preoptimization: 55
2021-09-14 07:10:01,487 - fhvqe.experiment:554 - DEBUG - depth preoptimization: 55
2021-09-14 07:10:01,557 - fhvqe.experiment:595 - DEBUG - number of moments post-optimization and calibration: 41
2021-09-14 07:10:01,564 - fhvqe.experiment:596 - DEBUG - depth post-optimization and calibration: 41
2021-09-14 07:10:01,625 - fhvqe.vqe_experiment:958 - DEBUG - Moment 0:
  ╷ 3 4
╶─┼─────
5 │ X X
  │
Moment 1:
  ╷ 3         4
╶─┼─────────────────────
5 │ iSwap^0.5 iSwap^0.5
  │ │         │
6 │ iSwap     iSwap
  │
Moment 2:
  ╷ 3                       4
╶─┼─────────────────────────────────────────────────
5 │ Rz(4.331497687171457)   Rz(4.331497687171457)
  │
6 │ Rz(-1.1899050335816643) Rz(-1.1899050335816643)
  │
Moment 3:
  ╷ 3         4
╶─┼─────────────────────
5 │ iSwap^0.5 iSwap^0.5
  │ │         │
6 │ iSwap     iSwap
  │
Moment 4:
  ╷ 3                 4
╶─┼─────────────────────────────────────
5 │ Z                 Z
  │
6 │ PhXZ(a=0,x=0,z=0) PhXZ(a=0,x=0,z=0)
  │
Moment 5:
  ╷ 3         4
╶─┼─────────────────────
6 │ iSwap^0.5 iSwap^0.5
  │ │         │
7 │ iSwap     iSwap
  │
Moment 6:
  ╷ 3                       4
╶─┼─────────────────────────────────────────────────
6 │ Rz(4.00751720968166)    Rz(4.00751720968166)
  │
7 │ Rz(-0.8659245560918661) Rz(-0.8659245560918661)
  │
Moment 7:
  ╷ 3         4
╶─┼─────────────────────
6 │ iSwap^0.5 iSwap^0.5
  │ │         │
7 │ iSwap     iSwap
  │
Moment 8:
  ╷ 3                 4
╶─┼─────────────────────────────────────
6 │ Z                 Z
  │
7 │ PhXZ(a=0,x=0,z=0) PhXZ(a=0,x=0,z=0)
  │
Moment 9:
  ╷ 3         4
╶─┼─────────────────────
7 │ iSwap^0.5 iSwap^0.5
  │ │         │
8 │ iSwap     iSwap
  │
Moment 10:
  ╷ 3                       4
╶─┼─────────────────────────────────────────────────
7 │ Rz(3.695167012486838)   Rz(3.695167012486838)
  │
8 │ Rz(-0.5535743588970449) Rz(-0.5535743588970449)
  │
Moment 11:
  ╷ 3         4
╶─┼─────────────────────
7 │ iSwap^0.5 iSwap^0.5
  │ │         │
8 │ iSwap     iSwap
  │
Moment 12:
  ╷ 3                                                                        4
╶─┼────────────────────────────────────────────────────────────────────────────────────────────────────────────────────────────────────
5 │ PhXZ(a=0.07957747154594767,x=0.04010328141741558,z=0.9204225284540524)   PhXZ(a=0.07957747154594767,x=-0.5,z=-0.07957747154594767)
  │
6 │ PhXZ(a=0.07957747154594767,x=0.04010328141741558,z=0.9204225284540524)   PhXZ(a=0.07957747154594767,x=-0.5,z=-0.07957747154594767)
  │
7 │ PhXZ(a=-0.9204225284540524,x=0.04010328141741559,z=-0.07957747154594763) PhXZ(a=0.07957747154594763,x=0.5,z=0.9204225284540524)
  │
8 │ PhXZ(a=0.07957747154594763,x=0.04010328141741559,z=0.9204225284540524)   PhXZ(a=-0.9204225284540524,x=0.5,z=-0.07957747154594763)
  │
Moment 13:
  ╷ 3         4
╶─┼─────────────────
5 │ iSwap^0.5─iSwap
  │
6 │ iSwap^0.5─iSwap
  │
7 │ iSwap^0.5─iSwap
  │
8 │ iSwap^0.5─iSwap
  │
Moment 14:
  ╷ 3
╶─┼───────────────────────────────────────
5 │ PhXZ(a=1,x=-0.11283656610933077,z=-1)
  │
6 │ PhXZ(a=1,x=-0.11283656610933077,z=-1)
  │
7 │ PhXZ(a=1,x=-0.11283656610933077,z=-1)
  │
8 │ PhXZ(a=1,x=-0.11283656610933077,z=-1)
  │
Moment 15:
  ╷ 3         4
╶─┼─────────────────
5 │ iSwap^0.5─iSwap
  │
6 │ iSwap^0.5─iSwap
  │
7 │ iSwap^0.5─iSwap
  │
8 │ iSwap^0.5─iSwap
  │
Moment 16:
  ╷ 3                                       4
╶─┼──────────────────────────────────────────────────────────────────────────────────────
5 │ PhXZ(a=0,x=0.04010328141741559,z=-0.25) PhXZ(a=0,x=0.5,z=-0.25)
  │
6 │ PhXZ(a=0,x=0.04010328141741559,z=0.25)  PhXZ(a=-1.1102230246251565e-16,x=0.5,z=0.25)
  │
7 │ PhXZ(a=0,x=0.04010328141741559,z=-0.25) PhXZ(a=0,x=0.5,z=-0.25)
  │
8 │ PhXZ(a=0,x=0.04010328141741559,z=0.25)  PhXZ(a=-1.1102230246251565e-16,x=0.5,z=0.25)
  │
Moment 17:
  ╷ 3         4
╶─┼─────────────────────
5 │ iSwap^0.5 iSwap^0.5
  │ │         │
6 │ iSwap     iSwap
  │
7 │ iSwap^0.5 iSwap^0.5
  │ │         │
8 │ iSwap     iSwap
  │
Moment 18:
  ╷ 3                                                     4
╶─┼─────────────────────────────────────────────────────────────────────────────────────────────────────────────
5 │ PhXZ(a=-0.5795774715459476,x=0,z=-0.9204225284540524) PhXZ(a=-0.5795774715459476,x=0,z=-0.9204225284540524)
  │
6 │ Rz(-0.25)                                             Rz(-0.25)
  │
7 │ PhXZ(a=-0.5795774715459476,x=0,z=-0.9204225284540524) PhXZ(a=-0.5795774715459476,x=0,z=-0.9204225284540524)
  │
8 │ Rz(-0.25)                                             Rz(-0.25)
  │
Moment 19:
  ╷ 3         4
╶─┼─────────────────────
5 │ iSwap^0.5 iSwap^0.5
  │ │         │
6 │ iSwap     iSwap
  │
7 │ iSwap^0.5 iSwap^0.5
  │ │         │
8 │ iSwap     iSwap
  │
Moment 20:
  ╷ 3                                      4
╶─┼───────────────────────────────────────────────────────────────────────────────
5 │ PhXZ(a=-0.75,x=0,z=-0.75)              PhXZ(a=-0.75,x=0,z=-0.75)
  │
6 │ PhXZ(a=-1,x=0,z=-0.5)                  PhXZ(a=-1,x=0,z=-0.5)
  │
7 │ PhXZ(a=-1,x=0,z=-0.5)                  PhXZ(a=-1,x=0,z=-0.5)
  │
8 │ PhXZ(a=0.7499999999999998,x=0,z=-0.25) PhXZ(a=0.7499999999999998,x=0,z=-0.25)
  │
Moment 21:
  ╷ 3         4
╶─┼─────────────────────
6 │ iSwap^0.5 iSwap^0.5
  │ │         │
7 │ iSwap     iSwap
  │
Moment 22:
  ╷ 3                                                     4
╶─┼─────────────────────────────────────────────────────────────────────────────────────────────────────────────
6 │ PhXZ(a=-0.5795774715459476,x=0,z=-0.9204225284540524) PhXZ(a=-0.5795774715459476,x=0,z=-0.9204225284540524)
  │
7 │ Rz(-0.25)                                             Rz(-0.25)
  │
Moment 23:
  ╷ 3         4
╶─┼─────────────────────
6 │ iSwap^0.5 iSwap^0.5
  │ │         │
7 │ iSwap     iSwap
  │
Moment 24:
  ╷ 3                                                                      4
╶─┼──────────────────────────────────────────────────────────────────────────────────────────────────────────────────────────────────
5 │ PhXZ(a=0.07957747154594767,x=0.04010328141741558,z=0.9204225284540524) PhXZ(a=0.07957747154594767,x=-0.5,z=-0.07957747154594767)
  │
6 │ PhXZ(a=0.8295774715459476,x=0.04010328141741559,z=0.17042252845405237) PhXZ(a=-0.17042252845405237,x=0.5,z=-0.8295774715459476)
  │
7 │ PhXZ(a=0.32957747154594763,x=0.04010328141741559,z=0.6704225284540524) PhXZ(a=-0.6704225284540524,x=0.5,z=-0.32957747154594763)
  │
8 │ PhXZ(a=0.07957747154594767,x=0.04010328141741558,z=0.9204225284540524) PhXZ(a=0.07957747154594767,x=-0.5,z=-0.07957747154594767)
  │
Moment 25:
  ╷ 3         4
╶─┼─────────────────
5 │ iSwap^0.5─iSwap
  │
6 │ iSwap^0.5─iSwap
  │
7 │ iSwap^0.5─iSwap
  │
8 │ iSwap^0.5─iSwap
  │
Moment 26:
  ╷ 3
╶─┼───────────────────────────────────────
5 │ PhXZ(a=1,x=-0.11283656610933077,z=-1)
  │
6 │ PhXZ(a=1,x=-0.11283656610933077,z=-1)
  │
7 │ PhXZ(a=1,x=-0.11283656610933077,z=-1)
  │
8 │ PhXZ(a=1,x=-0.11283656610933077,z=-1)
  │
Moment 27:
  ╷ 3         4
╶─┼─────────────────
5 │ iSwap^0.5─iSwap
  │
6 │ iSwap^0.5─iSwap
  │
7 │ iSwap^0.5─iSwap
  │
8 │ iSwap^0.5─iSwap
  │
Moment 28:
  ╷ 3                                       4
╶─┼──────────────────────────────────────────────────────────────────────────────────────
5 │ PhXZ(a=0,x=0.04010328141741559,z=-0.25) PhXZ(a=0,x=0.5,z=-0.25)
  │
6 │ PhXZ(a=0,x=0.04010328141741559,z=0.25)  PhXZ(a=-1.1102230246251565e-16,x=0.5,z=0.25)
  │
7 │ PhXZ(a=0,x=0.04010328141741559,z=-0.25) PhXZ(a=0,x=0.5,z=-0.25)
  │
8 │ PhXZ(a=0,x=0.04010328141741559,z=0.25)  PhXZ(a=-1.1102230246251565e-16,x=0.5,z=0.25)
  │
Moment 29:
  ╷ 3         4
╶─┼─────────────────────
5 │ iSwap^0.5 iSwap^0.5
  │ │         │
6 │ iSwap     iSwap
  │
7 │ iSwap^0.5 iSwap^0.5
  │ │         │
8 │ iSwap     iSwap
  │
Moment 30:
  ╷ 3                                                     4
╶─┼─────────────────────────────────────────────────────────────────────────────────────────────────────────────
5 │ PhXZ(a=-0.5795774715459476,x=0,z=-0.9204225284540524) PhXZ(a=-0.5795774715459476,x=0,z=-0.9204225284540524)
  │
6 │ Rz(-0.25)                                             Rz(-0.25)
  │
7 │ PhXZ(a=-0.5795774715459476,x=0,z=-0.9204225284540524) PhXZ(a=-0.5795774715459476,x=0,z=-0.9204225284540524)
  │
8 │ Rz(-0.25)                                             Rz(-0.25)
  │
Moment 31:
  ╷ 3         4
╶─┼─────────────────────
5 │ iSwap^0.5 iSwap^0.5
  │ │         │
6 │ iSwap     iSwap
  │
7 │ iSwap^0.5 iSwap^0.5
  │ │         │
8 │ iSwap     iSwap
  │
Moment 32:
  ╷ 3                                      4
╶─┼───────────────────────────────────────────────────────────────────────────────
5 │ PhXZ(a=-0.75,x=0,z=-0.75)              PhXZ(a=-0.75,x=0,z=-0.75)
  │
6 │ PhXZ(a=-1,x=0,z=-0.5)                  PhXZ(a=-1,x=0,z=-0.5)
  │
7 │ PhXZ(a=-1,x=0,z=-0.5)                  PhXZ(a=-1,x=0,z=-0.5)
  │
8 │ PhXZ(a=0.7499999999999998,x=0,z=-0.25) PhXZ(a=0.7499999999999998,x=0,z=-0.25)
  │
Moment 33:
  ╷ 3         4
╶─┼─────────────────────
6 │ iSwap^0.5 iSwap^0.5
  │ │         │
7 │ iSwap     iSwap
  │
Moment 34:
  ╷ 3                                                     4
╶─┼─────────────────────────────────────────────────────────────────────────────────────────────────────────────
6 │ PhXZ(a=-0.5795774715459476,x=0,z=-0.9204225284540524) PhXZ(a=-0.5795774715459476,x=0,z=-0.9204225284540524)
  │
7 │ Rz(-0.25)                                             Rz(-0.25)
  │
Moment 35:
  ╷ 3         4
╶─┼─────────────────────
6 │ iSwap^0.5 iSwap^0.5
  │ │         │
7 │ iSwap     iSwap
  │
Moment 36:
  ╷ 3                                      4
╶─┼───────────────────────────────────────────────────────────────────────────────
6 │ PhXZ(a=-0.75,x=0,z=-0.75)              PhXZ(a=-0.75,x=0,z=-0.75)
  │
7 │ PhXZ(a=0.7499999999999998,x=0,z=-0.25) PhXZ(a=0.7499999999999998,x=0,z=-0.25)
  │
Moment 37:
  ╷ 3         4
╶─┼─────────────────────
5 │ iSwap^0.5 iSwap^0.5
  │ │         │
6 │ iSwap     iSwap
  │
7 │ iSwap^0.5 iSwap^0.5
  │ │         │
8 │ iSwap     iSwap
  │
Moment 38:
  ╷ 3                       4
╶─┼─────────────────────────────────────────────────
5 │ Rz(3.9269908169872414)  Rz(3.9269908169872414)
  │
6 │ Rz(-0.7853981633974483) Rz(-0.7853981633974483)
  │
7 │ Rz(3.9269908169872414)  Rz(3.9269908169872414)
  │
8 │ Rz(-0.7853981633974483) Rz(-0.7853981633974483)
  │
Moment 39:
  ╷ 3         4
╶─┼─────────────────────
5 │ iSwap^0.5 iSwap^0.5
  │ │         │
6 │ iSwap     iSwap
  │
7 │ iSwap^0.5 iSwap^0.5
  │ │         │
8 │ iSwap     iSwap
  │
Moment 40:
  ╷ 3                 4
╶─┼─────────────────────────────────────
5 │ Z                 Z
  │
6 │ PhXZ(a=0,x=0,z=0) PhXZ(a=0,x=0,z=0)
  │
7 │ Z                 Z
  │
8 │ PhXZ(a=0,x=0,z=0) PhXZ(a=0,x=0,z=0)
  │
Moment 41:
  ╷ 3      4
╶─┼──────────
5 │ M('x')─M
  │ │      │
6 │ M      M
  │ │      │
7 │ M      M
  │ │      │
8 │ M      M
  │

2021-09-14 07:10:01,625 - fhvqe.experiment:82 - DEBUG - Preparing analysis function for horiz
2021-09-14 07:10:01,625 - fhvqe.vqe_experiment:940 - DEBUG - horiz1:

2021-09-14 07:10:01,626 - fhvqe.experiment:658 - INFO - Preparing executables.
2021-09-14 07:10:01,626 - fhvqe.experiment:662 - DEBUG - ansatz with params: [[0.33  0.654 0.855]
 [0.61  0.558 0.324]]
2021-09-14 07:10:01,645 - fhvqe.experiment:553 - DEBUG - number of moments preoptimization: 51
2021-09-14 07:10:01,654 - fhvqe.experiment:554 - DEBUG - depth preoptimization: 51
2021-09-14 07:10:01,723 - fhvqe.experiment:595 - DEBUG - number of moments post-optimization and calibration: 37
2021-09-14 07:10:01,729 - fhvqe.experiment:596 - DEBUG - depth post-optimization and calibration: 37
2021-09-14 07:10:01,740 - fhvqe.experiment:553 - DEBUG - number of moments preoptimization: 55
2021-09-14 07:10:01,750 - fhvqe.experiment:554 - DEBUG - depth preoptimization: 55
2021-09-14 07:10:01,820 - fhvqe.experiment:595 - DEBUG - number of moments post-optimization and calibration: 41
2021-09-14 07:10:01,827 - fhvqe.experiment:596 - DEBUG - depth post-optimization and calibration: 41
2021-09-14 07:10:01,839 - fhvqe.experiment:553 - DEBUG - number of moments preoptimization: 49
2021-09-14 07:10:01,847 - fhvqe.experiment:554 - DEBUG - depth preoptimization: 49
2021-09-14 07:10:01,913 - fhvqe.experiment:595 - DEBUG - number of moments post-optimization and calibration: 37
2021-09-14 07:10:01,919 - fhvqe.experiment:596 - DEBUG - depth post-optimization and calibration: 37
2021-09-14 07:10:01,927 - fhvqe.experiment:662 - DEBUG - ansatz with params: [[-0.33  -0.654 -0.855]
 [-0.61  -0.558 -0.324]]
2021-09-14 07:10:01,945 - fhvqe.experiment:553 - DEBUG - number of moments preoptimization: 51
2021-09-14 07:10:01,954 - fhvqe.experiment:554 - DEBUG - depth preoptimization: 51
2021-09-14 07:10:02,025 - fhvqe.experiment:595 - DEBUG - number of moments post-optimization and calibration: 37
2021-09-14 07:10:02,031 - fhvqe.experiment:596 - DEBUG - depth post-optimization and calibration: 37
2021-09-14 07:10:02,041 - fhvqe.experiment:553 - DEBUG - number of moments preoptimization: 55
2021-09-14 07:10:02,051 - fhvqe.experiment:554 - DEBUG - depth preoptimization: 55
2021-09-14 07:10:02,121 - fhvqe.experiment:595 - DEBUG - number of moments post-optimization and calibration: 41
2021-09-14 07:10:02,128 - fhvqe.experiment:596 - DEBUG - depth post-optimization and calibration: 41
2021-09-14 07:10:02,140 - fhvqe.experiment:553 - DEBUG - number of moments preoptimization: 49
2021-09-14 07:10:02,148 - fhvqe.experiment:554 - DEBUG - depth preoptimization: 49
2021-09-14 07:10:02,212 - fhvqe.experiment:595 - DEBUG - number of moments post-optimization and calibration: 37
2021-09-14 07:10:02,217 - fhvqe.experiment:596 - DEBUG - depth post-optimization and calibration: 37
2021-09-14 07:10:02,225 - fhvqe.experiment:662 - DEBUG - ansatz with params: [[0.    0.654 0.855]
 [0.    0.558 0.324]]
2021-09-14 07:10:02,244 - fhvqe.experiment:553 - DEBUG - number of moments preoptimization: 51
2021-09-14 07:10:02,253 - fhvqe.experiment:554 - DEBUG - depth preoptimization: 51
2021-09-14 07:10:02,321 - fhvqe.experiment:595 - DEBUG - number of moments post-optimization and calibration: 37
2021-09-14 07:10:02,327 - fhvqe.experiment:596 - DEBUG - depth post-optimization and calibration: 37
2021-09-14 07:10:02,338 - fhvqe.experiment:553 - DEBUG - number of moments preoptimization: 55
2021-09-14 07:10:02,347 - fhvqe.experiment:554 - DEBUG - depth preoptimization: 55
2021-09-14 07:10:02,420 - fhvqe.experiment:595 - DEBUG - number of moments post-optimization and calibration: 41
2021-09-14 07:10:02,427 - fhvqe.experiment:596 - DEBUG - depth post-optimization and calibration: 41
2021-09-14 07:10:02,439 - fhvqe.experiment:553 - DEBUG - number of moments preoptimization: 49
2021-09-14 07:10:02,447 - fhvqe.experiment:554 - DEBUG - depth preoptimization: 49
2021-09-14 07:10:02,513 - fhvqe.experiment:595 - DEBUG - number of moments post-optimization and calibration: 37
2021-09-14 07:10:02,518 - fhvqe.experiment:596 - DEBUG - depth post-optimization and calibration: 37
2021-09-14 07:10:02,527 - fhvqe.experiment:662 - DEBUG - ansatz with params: [[ 0.    -0.654 -0.855]
 [ 0.    -0.558 -0.324]]
2021-09-14 07:10:02,546 - fhvqe.experiment:553 - DEBUG - number of moments preoptimization: 51
2021-09-14 07:10:02,555 - fhvqe.experiment:554 - DEBUG - depth preoptimization: 51
2021-09-14 07:10:02,624 - fhvqe.experiment:595 - DEBUG - number of moments post-optimization and calibration: 37
2021-09-14 07:10:02,630 - fhvqe.experiment:596 - DEBUG - depth post-optimization and calibration: 37
2021-09-14 07:10:02,640 - fhvqe.experiment:553 - DEBUG - number of moments preoptimization: 55
2021-09-14 07:10:02,650 - fhvqe.experiment:554 - DEBUG - depth preoptimization: 55
2021-09-14 07:10:02,722 - fhvqe.experiment:595 - DEBUG - number of moments post-optimization and calibration: 41
2021-09-14 07:10:02,729 - fhvqe.experiment:596 - DEBUG - depth post-optimization and calibration: 41
2021-09-14 07:10:02,741 - fhvqe.experiment:553 - DEBUG - number of moments preoptimization: 49
2021-09-14 07:10:02,750 - fhvqe.experiment:554 - DEBUG - depth preoptimization: 49
2021-09-14 07:10:02,816 - fhvqe.experiment:595 - DEBUG - number of moments post-optimization and calibration: 37
2021-09-14 07:10:02,822 - fhvqe.experiment:596 - DEBUG - depth post-optimization and calibration: 37
2021-09-14 07:10:43,624 - fhvqe.experiment:151 - DEBUG - Preparing exact analysis function for onsite
2021-09-14 07:10:43,626 - fhvqe.experiment:151 - DEBUG - Preparing exact analysis function for horiz
2021-09-14 07:10:43,627 - fhvqe.experiment:151 - DEBUG - Preparing exact analysis function for horiz
2021-09-14 07:10:43,628 - fhvqe.error_mitigation:1235 - INFO - About to mitigate, theta=[[0.33, 0.654, 0.855], [0.61, 0.558, 0.324]]
2021-09-14 07:10:43,629 - fhvqe.error_mitigation:1298 - DEBUG - About to run TFLO, params=[[[0, 0.841172, 0.857071], [0, 0, 0]], [[0, 4.40345, 2.22149], [0, 3.12223, 4.17927]], [[0, 3.04784, 5.70529], [0, 4.01245, 3.64854]], [[0, 0.919596, 3.58906], [0, 2.34207, 4.81843]], [[0, 1.15139, 0.356395], [0, 0.0881259, 2.82618]], [[0, 2.38498, 3.00926], [0, 2.39716, 3.9606]], [[0, 3.7131, 0.592184], [0, 0.635129, 1.45883]], [[0, 2.82444, 0.898211], [0, 3.66927, 4.15525]], [[0, 3.5479, 1.33981], [0, 1.71022, 2.84285]], [[0, 0.0714766, 0.898635], [0, 4.22934, 2.26966]], [[0, 3.07888, 1.31344], [0, 1.32223, 3.05705]], [[0, 0.0714766, 0.898635], [0, 3.10645, 4.57853]], [[0, 0.349024, 2.96318], [0, 4.46903, 0.142]], [[0, 0.349024, 2.96318], [0, 5.37895, 5.4726]], [[0, 2.38498, 3.00926], [0, 4.93441, 4.41509]], [[0, 0.299448, 3.22459], [0, 4.5425, 2.32293]], [[0, 0.654, 0.855], [0, 0.558, 0.324]], [[0.33, 0.654, 0.855], [0.61, 0.558, 0.324]], [[0, -0.841172, -0.857071], [0, 0, 0]], [[0, -4.40345, -2.22149], [0, -3.12223, -4.17927]], [[0, -3.04784, -5.70529], [0, -4.01245, -3.64854]], [[0, -0.919596, -3.58906], [0, -2.34207, -4.81843]], [[0, -1.15139, -0.356395], [0, -0.0881259, -2.82618]], [[0, -2.38498, -3.00926], [0, -2.39716, -3.9606]], [[0, -3.7131, -0.592184], [0, -0.635129, -1.45883]], [[0, -2.82444, -0.898211], [0, -3.66927, -4.15525]], [[0, -3.5479, -1.33981], [0, -1.71022, -2.84285]], [[0, -0.0714766, -0.898635], [0, -4.22934, -2.26966]], [[0, -3.07888, -1.31344], [0, -1.32223, -3.05705]], [[0, -0.0714766, -0.898635], [0, -3.10645, -4.57853]], [[0, -0.349024, -2.96318], [0, -4.46903, -0.142]], [[0, -0.349024, -2.96318], [0, -5.37895, -5.4726]], [[0, -2.38498, -3.00926], [0, -4.93441, -4.41509]], [[0, -0.299448, -3.22459], [0, -4.5425, -2.32293]], [[0, -0.654, -0.855], [0, -0.558, -0.324]], [[-0.33, -0.654, -0.855], [-0.61, -0.558, -0.324]]]
2021-09-14 07:10:43,629 - fhvqe.experiment:658 - INFO - Preparing executables.
2021-09-14 07:10:43,629 - fhvqe.experiment:662 - DEBUG - ansatz with params: [[0.       0.841172 0.857071]
 [0.       0.       0.      ]]
2021-09-14 07:10:43,648 - fhvqe.experiment:553 - DEBUG - number of moments preoptimization: 51
2021-09-14 07:10:43,659 - fhvqe.experiment:554 - DEBUG - depth preoptimization: 51
2021-09-14 07:10:43,729 - fhvqe.experiment:595 - DEBUG - number of moments post-optimization and calibration: 37
2021-09-14 07:10:43,734 - fhvqe.experiment:596 - DEBUG - depth post-optimization and calibration: 37
2021-09-14 07:10:43,745 - fhvqe.experiment:553 - DEBUG - number of moments preoptimization: 55
2021-09-14 07:10:43,754 - fhvqe.experiment:554 - DEBUG - depth preoptimization: 55
2021-09-14 07:10:43,823 - fhvqe.experiment:595 - DEBUG - number of moments post-optimization and calibration: 41
2021-09-14 07:10:43,830 - fhvqe.experiment:596 - DEBUG - depth post-optimization and calibration: 41
2021-09-14 07:10:43,842 - fhvqe.experiment:553 - DEBUG - number of moments preoptimization: 49
2021-09-14 07:10:43,850 - fhvqe.experiment:554 - DEBUG - depth preoptimization: 49
2021-09-14 07:10:43,916 - fhvqe.experiment:595 - DEBUG - number of moments post-optimization and calibration: 37
2021-09-14 07:10:43,921 - fhvqe.experiment:596 - DEBUG - depth post-optimization and calibration: 37
2021-09-14 07:10:43,929 - fhvqe.experiment:662 - DEBUG - ansatz with params: [[0.      4.40345 2.22149]
 [0.      3.12223 4.17927]]
2021-09-14 07:10:43,948 - fhvqe.experiment:553 - DEBUG - number of moments preoptimization: 51
2021-09-14 07:10:43,957 - fhvqe.experiment:554 - DEBUG - depth preoptimization: 51
2021-09-14 07:10:44,030 - fhvqe.experiment:595 - DEBUG - number of moments post-optimization and calibration: 37
2021-09-14 07:10:44,035 - fhvqe.experiment:596 - DEBUG - depth post-optimization and calibration: 37
2021-09-14 07:10:44,046 - fhvqe.experiment:553 - DEBUG - number of moments preoptimization: 55
2021-09-14 07:10:44,055 - fhvqe.experiment:554 - DEBUG - depth preoptimization: 55
2021-09-14 07:10:44,125 - fhvqe.experiment:595 - DEBUG - number of moments post-optimization and calibration: 41
2021-09-14 07:10:44,131 - fhvqe.experiment:596 - DEBUG - depth post-optimization and calibration: 41
2021-09-14 07:10:44,144 - fhvqe.experiment:553 - DEBUG - number of moments preoptimization: 49
2021-09-14 07:10:44,152 - fhvqe.experiment:554 - DEBUG - depth preoptimization: 49
2021-09-14 07:10:44,251 - fhvqe.experiment:595 - DEBUG - number of moments post-optimization and calibration: 37
2021-09-14 07:10:44,258 - fhvqe.experiment:596 - DEBUG - depth post-optimization and calibration: 37
2021-09-14 07:10:44,266 - fhvqe.experiment:662 - DEBUG - ansatz with params: [[0.      3.04784 5.70529]
 [0.      4.01245 3.64854]]
2021-09-14 07:10:44,288 - fhvqe.experiment:553 - DEBUG - number of moments preoptimization: 51
2021-09-14 07:10:44,298 - fhvqe.experiment:554 - DEBUG - depth preoptimization: 51
2021-09-14 07:10:44,377 - fhvqe.experiment:595 - DEBUG - number of moments post-optimization and calibration: 37
2021-09-14 07:10:44,383 - fhvqe.experiment:596 - DEBUG - depth post-optimization and calibration: 37
2021-09-14 07:10:44,393 - fhvqe.experiment:553 - DEBUG - number of moments preoptimization: 55
2021-09-14 07:10:44,403 - fhvqe.experiment:554 - DEBUG - depth preoptimization: 55
2021-09-14 07:10:44,476 - fhvqe.experiment:595 - DEBUG - number of moments post-optimization and calibration: 41
2021-09-14 07:10:44,483 - fhvqe.experiment:596 - DEBUG - depth post-optimization and calibration: 41
2021-09-14 07:10:44,495 - fhvqe.experiment:553 - DEBUG - number of moments preoptimization: 49
2021-09-14 07:10:44,504 - fhvqe.experiment:554 - DEBUG - depth preoptimization: 49
2021-09-14 07:10:44,568 - fhvqe.experiment:595 - DEBUG - number of moments post-optimization and calibration: 37
2021-09-14 07:10:44,574 - fhvqe.experiment:596 - DEBUG - depth post-optimization and calibration: 37
2021-09-14 07:10:44,582 - fhvqe.experiment:662 - DEBUG - ansatz with params: [[0.       0.919596 3.58906 ]
 [0.       2.34207  4.81843 ]]
2021-09-14 07:10:44,601 - fhvqe.experiment:553 - DEBUG - number of moments preoptimization: 51
2021-09-14 07:10:44,610 - fhvqe.experiment:554 - DEBUG - depth preoptimization: 51
2021-09-14 07:10:44,681 - fhvqe.experiment:595 - DEBUG - number of moments post-optimization and calibration: 37
2021-09-14 07:10:44,687 - fhvqe.experiment:596 - DEBUG - depth post-optimization and calibration: 37
2021-09-14 07:10:44,698 - fhvqe.experiment:553 - DEBUG - number of moments preoptimization: 55
2021-09-14 07:10:44,707 - fhvqe.experiment:554 - DEBUG - depth preoptimization: 55
2021-09-14 07:10:44,780 - fhvqe.experiment:595 - DEBUG - number of moments post-optimization and calibration: 41
2021-09-14 07:10:44,787 - fhvqe.experiment:596 - DEBUG - depth post-optimization and calibration: 41
2021-09-14 07:10:44,800 - fhvqe.experiment:553 - DEBUG - number of moments preoptimization: 49
2021-09-14 07:10:44,808 - fhvqe.experiment:554 - DEBUG - depth preoptimization: 49
2021-09-14 07:10:44,880 - fhvqe.experiment:595 - DEBUG - number of moments post-optimization and calibration: 37
2021-09-14 07:10:44,886 - fhvqe.experiment:596 - DEBUG - depth post-optimization and calibration: 37
2021-09-14 07:10:44,895 - fhvqe.experiment:662 - DEBUG - ansatz with params: [[0.        1.15139   0.356395 ]
 [0.        0.0881259 2.82618  ]]
2021-09-14 07:10:44,913 - fhvqe.experiment:553 - DEBUG - number of moments preoptimization: 51
2021-09-14 07:10:44,922 - fhvqe.experiment:554 - DEBUG - depth preoptimization: 51
2021-09-14 07:10:44,993 - fhvqe.experiment:595 - DEBUG - number of moments post-optimization and calibration: 37
2021-09-14 07:10:44,999 - fhvqe.experiment:596 - DEBUG - depth post-optimization and calibration: 37
2021-09-14 07:10:45,010 - fhvqe.experiment:553 - DEBUG - number of moments preoptimization: 55
2021-09-14 07:10:45,022 - fhvqe.experiment:554 - DEBUG - depth preoptimization: 55
2021-09-14 07:10:45,095 - fhvqe.experiment:595 - DEBUG - number of moments post-optimization and calibration: 41
2021-09-14 07:10:45,102 - fhvqe.experiment:596 - DEBUG - depth post-optimization and calibration: 41
2021-09-14 07:10:45,115 - fhvqe.experiment:553 - DEBUG - number of moments preoptimization: 49
2021-09-14 07:10:45,123 - fhvqe.experiment:554 - DEBUG - depth preoptimization: 49
2021-09-14 07:10:45,187 - fhvqe.experiment:595 - DEBUG - number of moments post-optimization and calibration: 37
2021-09-14 07:10:45,193 - fhvqe.experiment:596 - DEBUG - depth post-optimization and calibration: 37
2021-09-14 07:10:45,201 - fhvqe.experiment:662 - DEBUG - ansatz with params: [[0.      2.38498 3.00926]
 [0.      2.39716 3.9606 ]]
2021-09-14 07:10:45,223 - fhvqe.experiment:553 - DEBUG - number of moments preoptimization: 51
2021-09-14 07:10:45,231 - fhvqe.experiment:554 - DEBUG - depth preoptimization: 51
2021-09-14 07:10:45,303 - fhvqe.experiment:595 - DEBUG - number of moments post-optimization and calibration: 37
2021-09-14 07:10:45,309 - fhvqe.experiment:596 - DEBUG - depth post-optimization and calibration: 37
2021-09-14 07:10:45,320 - fhvqe.experiment:553 - DEBUG - number of moments preoptimization: 55
2021-09-14 07:10:45,331 - fhvqe.experiment:554 - DEBUG - depth preoptimization: 55
2021-09-14 07:10:45,402 - fhvqe.experiment:595 - DEBUG - number of moments post-optimization and calibration: 41
2021-09-14 07:10:45,409 - fhvqe.experiment:596 - DEBUG - depth post-optimization and calibration: 41
2021-09-14 07:10:45,422 - fhvqe.experiment:553 - DEBUG - number of moments preoptimization: 49
2021-09-14 07:10:45,430 - fhvqe.experiment:554 - DEBUG - depth preoptimization: 49
2021-09-14 07:10:45,495 - fhvqe.experiment:595 - DEBUG - number of moments post-optimization and calibration: 37
2021-09-14 07:10:45,501 - fhvqe.experiment:596 - DEBUG - depth post-optimization and calibration: 37
2021-09-14 07:10:45,509 - fhvqe.experiment:662 - DEBUG - ansatz with params: [[0.       3.7131   0.592184]
 [0.       0.635129 1.45883 ]]
2021-09-14 07:10:45,529 - fhvqe.experiment:553 - DEBUG - number of moments preoptimization: 51
2021-09-14 07:10:45,538 - fhvqe.experiment:554 - DEBUG - depth preoptimization: 51
2021-09-14 07:10:45,609 - fhvqe.experiment:595 - DEBUG - number of moments post-optimization and calibration: 37
2021-09-14 07:10:45,615 - fhvqe.experiment:596 - DEBUG - depth post-optimization and calibration: 37
2021-09-14 07:10:45,626 - fhvqe.experiment:553 - DEBUG - number of moments preoptimization: 55
2021-09-14 07:10:45,635 - fhvqe.experiment:554 - DEBUG - depth preoptimization: 55
2021-09-14 07:10:45,706 - fhvqe.experiment:595 - DEBUG - number of moments post-optimization and calibration: 41
2021-09-14 07:10:45,713 - fhvqe.experiment:596 - DEBUG - depth post-optimization and calibration: 41
2021-09-14 07:10:45,726 - fhvqe.experiment:553 - DEBUG - number of moments preoptimization: 49
2021-09-14 07:10:45,734 - fhvqe.experiment:554 - DEBUG - depth preoptimization: 49
2021-09-14 07:10:45,800 - fhvqe.experiment:595 - DEBUG - number of moments post-optimization and calibration: 37
2021-09-14 07:10:45,806 - fhvqe.experiment:596 - DEBUG - depth post-optimization and calibration: 37
2021-09-14 07:10:45,814 - fhvqe.experiment:662 - DEBUG - ansatz with params: [[0.       2.82444  0.898211]
 [0.       3.66927  4.15525 ]]
2021-09-14 07:10:45,833 - fhvqe.experiment:553 - DEBUG - number of moments preoptimization: 51
2021-09-14 07:10:45,842 - fhvqe.experiment:554 - DEBUG - depth preoptimization: 51
2021-09-14 07:10:45,913 - fhvqe.experiment:595 - DEBUG - number of moments post-optimization and calibration: 37
2021-09-14 07:10:45,919 - fhvqe.experiment:596 - DEBUG - depth post-optimization and calibration: 37
2021-09-14 07:10:45,930 - fhvqe.experiment:553 - DEBUG - number of moments preoptimization: 55
2021-09-14 07:10:45,939 - fhvqe.experiment:554 - DEBUG - depth preoptimization: 55
2021-09-14 07:10:46,011 - fhvqe.experiment:595 - DEBUG - number of moments post-optimization and calibration: 41
2021-09-14 07:10:46,018 - fhvqe.experiment:596 - DEBUG - depth post-optimization and calibration: 41
2021-09-14 07:10:46,031 - fhvqe.experiment:553 - DEBUG - number of moments preoptimization: 49
2021-09-14 07:10:46,039 - fhvqe.experiment:554 - DEBUG - depth preoptimization: 49
2021-09-14 07:10:46,104 - fhvqe.experiment:595 - DEBUG - number of moments post-optimization and calibration: 37
2021-09-14 07:10:46,110 - fhvqe.experiment:596 - DEBUG - depth post-optimization and calibration: 37
2021-09-14 07:10:46,118 - fhvqe.experiment:662 - DEBUG - ansatz with params: [[0.      3.5479  1.33981]
 [0.      1.71022 2.84285]]
2021-09-14 07:10:46,137 - fhvqe.experiment:553 - DEBUG - number of moments preoptimization: 51
2021-09-14 07:10:46,146 - fhvqe.experiment:554 - DEBUG - depth preoptimization: 51
2021-09-14 07:10:46,216 - fhvqe.experiment:595 - DEBUG - number of moments post-optimization and calibration: 37
2021-09-14 07:10:46,222 - fhvqe.experiment:596 - DEBUG - depth post-optimization and calibration: 37
2021-09-14 07:10:46,233 - fhvqe.experiment:553 - DEBUG - number of moments preoptimization: 55
2021-09-14 07:10:46,242 - fhvqe.experiment:554 - DEBUG - depth preoptimization: 55
2021-09-14 07:10:46,313 - fhvqe.experiment:595 - DEBUG - number of moments post-optimization and calibration: 41
2021-09-14 07:10:46,320 - fhvqe.experiment:596 - DEBUG - depth post-optimization and calibration: 41
2021-09-14 07:10:46,333 - fhvqe.experiment:553 - DEBUG - number of moments preoptimization: 49
2021-09-14 07:10:46,341 - fhvqe.experiment:554 - DEBUG - depth preoptimization: 49
2021-09-14 07:10:46,419 - fhvqe.experiment:595 - DEBUG - number of moments post-optimization and calibration: 37
2021-09-14 07:10:46,426 - fhvqe.experiment:596 - DEBUG - depth post-optimization and calibration: 37
2021-09-14 07:10:46,436 - fhvqe.experiment:662 - DEBUG - ansatz with params: [[0.        0.0714766 0.898635 ]
 [0.        4.22934   2.26966  ]]
2021-09-14 07:10:46,457 - fhvqe.experiment:553 - DEBUG - number of moments preoptimization: 51
2021-09-14 07:10:46,466 - fhvqe.experiment:554 - DEBUG - depth preoptimization: 51
2021-09-14 07:10:46,556 - fhvqe.experiment:595 - DEBUG - number of moments post-optimization and calibration: 37
2021-09-14 07:10:46,564 - fhvqe.experiment:596 - DEBUG - depth post-optimization and calibration: 37
2021-09-14 07:10:46,576 - fhvqe.experiment:553 - DEBUG - number of moments preoptimization: 55
2021-09-14 07:10:46,587 - fhvqe.experiment:554 - DEBUG - depth preoptimization: 55
2021-09-14 07:10:46,684 - fhvqe.experiment:595 - DEBUG - number of moments post-optimization and calibration: 41
2021-09-14 07:10:46,694 - fhvqe.experiment:596 - DEBUG - depth post-optimization and calibration: 41
2021-09-14 07:10:46,708 - fhvqe.experiment:553 - DEBUG - number of moments preoptimization: 49
2021-09-14 07:10:46,718 - fhvqe.experiment:554 - DEBUG - depth preoptimization: 49
2021-09-14 07:10:46,804 - fhvqe.experiment:595 - DEBUG - number of moments post-optimization and calibration: 37
2021-09-14 07:10:46,811 - fhvqe.experiment:596 - DEBUG - depth post-optimization and calibration: 37
2021-09-14 07:10:46,821 - fhvqe.experiment:662 - DEBUG - ansatz with params: [[0.      3.07888 1.31344]
 [0.      1.32223 3.05705]]
2021-09-14 07:10:46,845 - fhvqe.experiment:553 - DEBUG - number of moments preoptimization: 51
2021-09-14 07:10:46,856 - fhvqe.experiment:554 - DEBUG - depth preoptimization: 51
2021-09-14 07:10:46,948 - fhvqe.experiment:595 - DEBUG - number of moments post-optimization and calibration: 37
2021-09-14 07:10:46,955 - fhvqe.experiment:596 - DEBUG - depth post-optimization and calibration: 37
2021-09-14 07:10:46,967 - fhvqe.experiment:553 - DEBUG - number of moments preoptimization: 55
2021-09-14 07:10:46,980 - fhvqe.experiment:554 - DEBUG - depth preoptimization: 55
2021-09-14 07:10:47,077 - fhvqe.experiment:595 - DEBUG - number of moments post-optimization and calibration: 41
2021-09-14 07:10:47,085 - fhvqe.experiment:596 - DEBUG - depth post-optimization and calibration: 41
2021-09-14 07:10:47,099 - fhvqe.experiment:553 - DEBUG - number of moments preoptimization: 49
2021-09-14 07:10:47,107 - fhvqe.experiment:554 - DEBUG - depth preoptimization: 49
2021-09-14 07:10:47,176 - fhvqe.experiment:595 - DEBUG - number of moments post-optimization and calibration: 37
2021-09-14 07:10:47,181 - fhvqe.experiment:596 - DEBUG - depth post-optimization and calibration: 37
2021-09-14 07:10:47,190 - fhvqe.experiment:662 - DEBUG - ansatz with params: [[0.        0.0714766 0.898635 ]
 [0.        3.10645   4.57853  ]]
2021-09-14 07:10:47,209 - fhvqe.experiment:553 - DEBUG - number of moments preoptimization: 51
2021-09-14 07:10:47,218 - fhvqe.experiment:554 - DEBUG - depth preoptimization: 51
2021-09-14 07:10:47,289 - fhvqe.experiment:595 - DEBUG - number of moments post-optimization and calibration: 37
2021-09-14 07:10:47,294 - fhvqe.experiment:596 - DEBUG - depth post-optimization and calibration: 37
2021-09-14 07:10:47,305 - fhvqe.experiment:553 - DEBUG - number of moments preoptimization: 55
2021-09-14 07:10:47,314 - fhvqe.experiment:554 - DEBUG - depth preoptimization: 55
2021-09-14 07:10:47,397 - fhvqe.experiment:595 - DEBUG - number of moments post-optimization and calibration: 41
2021-09-14 07:10:47,404 - fhvqe.experiment:596 - DEBUG - depth post-optimization and calibration: 41
2021-09-14 07:10:47,416 - fhvqe.experiment:553 - DEBUG - number of moments preoptimization: 49
2021-09-14 07:10:47,424 - fhvqe.experiment:554 - DEBUG - depth preoptimization: 49
2021-09-14 07:10:47,487 - fhvqe.experiment:595 - DEBUG - number of moments post-optimization and calibration: 37
2021-09-14 07:10:47,493 - fhvqe.experiment:596 - DEBUG - depth post-optimization and calibration: 37
2021-09-14 07:10:47,502 - fhvqe.experiment:662 - DEBUG - ansatz with params: [[0.       0.349024 2.96318 ]
 [0.       4.46903  0.142   ]]
2021-09-14 07:10:47,520 - fhvqe.experiment:553 - DEBUG - number of moments preoptimization: 51
2021-09-14 07:10:47,529 - fhvqe.experiment:554 - DEBUG - depth preoptimization: 51
2021-09-14 07:10:47,598 - fhvqe.experiment:595 - DEBUG - number of moments post-optimization and calibration: 37
2021-09-14 07:10:47,604 - fhvqe.experiment:596 - DEBUG - depth post-optimization and calibration: 37
2021-09-14 07:10:47,614 - fhvqe.experiment:553 - DEBUG - number of moments preoptimization: 55
2021-09-14 07:10:47,624 - fhvqe.experiment:554 - DEBUG - depth preoptimization: 55
2021-09-14 07:10:47,697 - fhvqe.experiment:595 - DEBUG - number of moments post-optimization and calibration: 41
2021-09-14 07:10:47,704 - fhvqe.experiment:596 - DEBUG - depth post-optimization and calibration: 41
2021-09-14 07:10:47,716 - fhvqe.experiment:553 - DEBUG - number of moments preoptimization: 49
2021-09-14 07:10:47,724 - fhvqe.experiment:554 - DEBUG - depth preoptimization: 49
2021-09-14 07:10:47,819 - fhvqe.experiment:595 - DEBUG - number of moments post-optimization and calibration: 37
2021-09-14 07:10:47,826 - fhvqe.experiment:596 - DEBUG - depth post-optimization and calibration: 37
2021-09-14 07:10:47,835 - fhvqe.experiment:662 - DEBUG - ansatz with params: [[0.       0.349024 2.96318 ]
 [0.       5.37895  5.4726  ]]
2021-09-14 07:10:47,857 - fhvqe.experiment:553 - DEBUG - number of moments preoptimization: 51
2021-09-14 07:10:47,866 - fhvqe.experiment:554 - DEBUG - depth preoptimization: 51
2021-09-14 07:10:47,939 - fhvqe.experiment:595 - DEBUG - number of moments post-optimization and calibration: 37
2021-09-14 07:10:47,946 - fhvqe.experiment:596 - DEBUG - depth post-optimization and calibration: 37
2021-09-14 07:10:47,957 - fhvqe.experiment:553 - DEBUG - number of moments preoptimization: 55
2021-09-14 07:10:47,967 - fhvqe.experiment:554 - DEBUG - depth preoptimization: 55
2021-09-14 07:10:48,042 - fhvqe.experiment:595 - DEBUG - number of moments post-optimization and calibration: 41
2021-09-14 07:10:48,049 - fhvqe.experiment:596 - DEBUG - depth post-optimization and calibration: 41
2021-09-14 07:10:48,063 - fhvqe.experiment:553 - DEBUG - number of moments preoptimization: 49
2021-09-14 07:10:48,071 - fhvqe.experiment:554 - DEBUG - depth preoptimization: 49
2021-09-14 07:10:48,148 - fhvqe.experiment:595 - DEBUG - number of moments post-optimization and calibration: 37
2021-09-14 07:10:48,154 - fhvqe.experiment:596 - DEBUG - depth post-optimization and calibration: 37
2021-09-14 07:10:48,163 - fhvqe.experiment:662 - DEBUG - ansatz with params: [[0.      2.38498 3.00926]
 [0.      4.93441 4.41509]]
2021-09-14 07:10:48,182 - fhvqe.experiment:553 - DEBUG - number of moments preoptimization: 51
2021-09-14 07:10:48,191 - fhvqe.experiment:554 - DEBUG - depth preoptimization: 51
2021-09-14 07:10:48,262 - fhvqe.experiment:595 - DEBUG - number of moments post-optimization and calibration: 37
2021-09-14 07:10:48,267 - fhvqe.experiment:596 - DEBUG - depth post-optimization and calibration: 37
2021-09-14 07:10:48,278 - fhvqe.experiment:553 - DEBUG - number of moments preoptimization: 55
2021-09-14 07:10:48,287 - fhvqe.experiment:554 - DEBUG - depth preoptimization: 55
2021-09-14 07:10:48,356 - fhvqe.experiment:595 - DEBUG - number of moments post-optimization and calibration: 41
2021-09-14 07:10:48,363 - fhvqe.experiment:596 - DEBUG - depth post-optimization and calibration: 41
2021-09-14 07:10:48,376 - fhvqe.experiment:553 - DEBUG - number of moments preoptimization: 49
2021-09-14 07:10:48,384 - fhvqe.experiment:554 - DEBUG - depth preoptimization: 49
2021-09-14 07:10:48,450 - fhvqe.experiment:595 - DEBUG - number of moments post-optimization and calibration: 37
2021-09-14 07:10:48,456 - fhvqe.experiment:596 - DEBUG - depth post-optimization and calibration: 37
2021-09-14 07:10:48,464 - fhvqe.experiment:662 - DEBUG - ansatz with params: [[0.       0.299448 3.22459 ]
 [0.       4.5425   2.32293 ]]
2021-09-14 07:10:48,483 - fhvqe.experiment:553 - DEBUG - number of moments preoptimization: 51
2021-09-14 07:10:48,492 - fhvqe.experiment:554 - DEBUG - depth preoptimization: 51
2021-09-14 07:10:48,561 - fhvqe.experiment:595 - DEBUG - number of moments post-optimization and calibration: 37
2021-09-14 07:10:48,566 - fhvqe.experiment:596 - DEBUG - depth post-optimization and calibration: 37
2021-09-14 07:10:48,577 - fhvqe.experiment:553 - DEBUG - number of moments preoptimization: 55
2021-09-14 07:10:48,586 - fhvqe.experiment:554 - DEBUG - depth preoptimization: 55
2021-09-14 07:10:48,656 - fhvqe.experiment:595 - DEBUG - number of moments post-optimization and calibration: 41
2021-09-14 07:10:48,662 - fhvqe.experiment:596 - DEBUG - depth post-optimization and calibration: 41
2021-09-14 07:10:48,675 - fhvqe.experiment:553 - DEBUG - number of moments preoptimization: 49
2021-09-14 07:10:48,683 - fhvqe.experiment:554 - DEBUG - depth preoptimization: 49
2021-09-14 07:10:48,746 - fhvqe.experiment:595 - DEBUG - number of moments post-optimization and calibration: 37
2021-09-14 07:10:48,752 - fhvqe.experiment:596 - DEBUG - depth post-optimization and calibration: 37
2021-09-14 07:10:48,760 - fhvqe.experiment:662 - DEBUG - ansatz with params: [[0.    0.654 0.855]
 [0.    0.558 0.324]]
2021-09-14 07:10:48,779 - fhvqe.experiment:553 - DEBUG - number of moments preoptimization: 51
2021-09-14 07:10:48,787 - fhvqe.experiment:554 - DEBUG - depth preoptimization: 51
2021-09-14 07:10:48,856 - fhvqe.experiment:595 - DEBUG - number of moments post-optimization and calibration: 37
2021-09-14 07:10:48,862 - fhvqe.experiment:596 - DEBUG - depth post-optimization and calibration: 37
2021-09-14 07:10:48,874 - fhvqe.experiment:553 - DEBUG - number of moments preoptimization: 55
2021-09-14 07:10:48,883 - fhvqe.experiment:554 - DEBUG - depth preoptimization: 55
2021-09-14 07:10:48,953 - fhvqe.experiment:595 - DEBUG - number of moments post-optimization and calibration: 41
2021-09-14 07:10:48,960 - fhvqe.experiment:596 - DEBUG - depth post-optimization and calibration: 41
2021-09-14 07:10:48,972 - fhvqe.experiment:553 - DEBUG - number of moments preoptimization: 49
2021-09-14 07:10:48,980 - fhvqe.experiment:554 - DEBUG - depth preoptimization: 49
2021-09-14 07:10:49,044 - fhvqe.experiment:595 - DEBUG - number of moments post-optimization and calibration: 37
2021-09-14 07:10:49,050 - fhvqe.experiment:596 - DEBUG - depth post-optimization and calibration: 37
2021-09-14 07:10:49,058 - fhvqe.experiment:662 - DEBUG - ansatz with params: [[0.33  0.654 0.855]
 [0.61  0.558 0.324]]
2021-09-14 07:10:49,076 - fhvqe.experiment:553 - DEBUG - number of moments preoptimization: 51
2021-09-14 07:10:49,085 - fhvqe.experiment:554 - DEBUG - depth preoptimization: 51
2021-09-14 07:10:49,155 - fhvqe.experiment:595 - DEBUG - number of moments post-optimization and calibration: 37
2021-09-14 07:10:49,162 - fhvqe.experiment:596 - DEBUG - depth post-optimization and calibration: 37
2021-09-14 07:10:49,172 - fhvqe.experiment:553 - DEBUG - number of moments preoptimization: 55
2021-09-14 07:10:49,181 - fhvqe.experiment:554 - DEBUG - depth preoptimization: 55
2021-09-14 07:10:49,252 - fhvqe.experiment:595 - DEBUG - number of moments post-optimization and calibration: 41
2021-09-14 07:10:49,259 - fhvqe.experiment:596 - DEBUG - depth post-optimization and calibration: 41
2021-09-14 07:10:49,271 - fhvqe.experiment:553 - DEBUG - number of moments preoptimization: 49
2021-09-14 07:10:49,279 - fhvqe.experiment:554 - DEBUG - depth preoptimization: 49
2021-09-14 07:10:49,346 - fhvqe.experiment:595 - DEBUG - number of moments post-optimization and calibration: 37
2021-09-14 07:10:49,352 - fhvqe.experiment:596 - DEBUG - depth post-optimization and calibration: 37
2021-09-14 07:10:49,360 - fhvqe.experiment:662 - DEBUG - ansatz with params: [[ 0.       -0.841172 -0.857071]
 [ 0.        0.        0.      ]]
2021-09-14 07:10:49,379 - fhvqe.experiment:553 - DEBUG - number of moments preoptimization: 51
2021-09-14 07:10:49,388 - fhvqe.experiment:554 - DEBUG - depth preoptimization: 51
2021-09-14 07:10:49,456 - fhvqe.experiment:595 - DEBUG - number of moments post-optimization and calibration: 37
2021-09-14 07:10:49,462 - fhvqe.experiment:596 - DEBUG - depth post-optimization and calibration: 37
2021-09-14 07:10:49,472 - fhvqe.experiment:553 - DEBUG - number of moments preoptimization: 55
2021-09-14 07:10:49,481 - fhvqe.experiment:554 - DEBUG - depth preoptimization: 55
2021-09-14 07:10:49,550 - fhvqe.experiment:595 - DEBUG - number of moments post-optimization and calibration: 41
2021-09-14 07:10:49,557 - fhvqe.experiment:596 - DEBUG - depth post-optimization and calibration: 41
2021-09-14 07:10:49,569 - fhvqe.experiment:553 - DEBUG - number of moments preoptimization: 49
2021-09-14 07:10:49,577 - fhvqe.experiment:554 - DEBUG - depth preoptimization: 49
2021-09-14 07:10:49,641 - fhvqe.experiment:595 - DEBUG - number of moments post-optimization and calibration: 37
2021-09-14 07:10:49,646 - fhvqe.experiment:596 - DEBUG - depth post-optimization and calibration: 37
2021-09-14 07:10:49,654 - fhvqe.experiment:662 - DEBUG - ansatz with params: [[ 0.      -4.40345 -2.22149]
 [ 0.      -3.12223 -4.17927]]
2021-09-14 07:10:49,673 - fhvqe.experiment:553 - DEBUG - number of moments preoptimization: 51
2021-09-14 07:10:49,681 - fhvqe.experiment:554 - DEBUG - depth preoptimization: 51
2021-09-14 07:10:49,751 - fhvqe.experiment:595 - DEBUG - number of moments post-optimization and calibration: 37
2021-09-14 07:10:49,757 - fhvqe.experiment:596 - DEBUG - depth post-optimization and calibration: 37
2021-09-14 07:10:49,768 - fhvqe.experiment:553 - DEBUG - number of moments preoptimization: 55
2021-09-14 07:10:49,777 - fhvqe.experiment:554 - DEBUG - depth preoptimization: 55
2021-09-14 07:10:49,846 - fhvqe.experiment:595 - DEBUG - number of moments post-optimization and calibration: 41
2021-09-14 07:10:49,853 - fhvqe.experiment:596 - DEBUG - depth post-optimization and calibration: 41
2021-09-14 07:10:49,865 - fhvqe.experiment:553 - DEBUG - number of moments preoptimization: 49
2021-09-14 07:10:49,873 - fhvqe.experiment:554 - DEBUG - depth preoptimization: 49
2021-09-14 07:10:49,937 - fhvqe.experiment:595 - DEBUG - number of moments post-optimization and calibration: 37
2021-09-14 07:10:49,942 - fhvqe.experiment:596 - DEBUG - depth post-optimization and calibration: 37
2021-09-14 07:10:49,951 - fhvqe.experiment:662 - DEBUG - ansatz with params: [[ 0.      -3.04784 -5.70529]
 [ 0.      -4.01245 -3.64854]]
2021-09-14 07:10:49,969 - fhvqe.experiment:553 - DEBUG - number of moments preoptimization: 51
2021-09-14 07:10:49,977 - fhvqe.experiment:554 - DEBUG - depth preoptimization: 51
2021-09-14 07:10:50,047 - fhvqe.experiment:595 - DEBUG - number of moments post-optimization and calibration: 37
2021-09-14 07:10:50,052 - fhvqe.experiment:596 - DEBUG - depth post-optimization and calibration: 37
2021-09-14 07:10:50,063 - fhvqe.experiment:553 - DEBUG - number of moments preoptimization: 55
2021-09-14 07:10:50,072 - fhvqe.experiment:554 - DEBUG - depth preoptimization: 55
2021-09-14 07:10:50,142 - fhvqe.experiment:595 - DEBUG - number of moments post-optimization and calibration: 41
2021-09-14 07:10:50,148 - fhvqe.experiment:596 - DEBUG - depth post-optimization and calibration: 41
2021-09-14 07:10:50,161 - fhvqe.experiment:553 - DEBUG - number of moments preoptimization: 49
2021-09-14 07:10:50,169 - fhvqe.experiment:554 - DEBUG - depth preoptimization: 49
2021-09-14 07:10:50,246 - fhvqe.experiment:595 - DEBUG - number of moments post-optimization and calibration: 37
2021-09-14 07:10:50,256 - fhvqe.experiment:596 - DEBUG - depth post-optimization and calibration: 37
2021-09-14 07:10:50,267 - fhvqe.experiment:662 - DEBUG - ansatz with params: [[ 0.       -0.919596 -3.58906 ]
 [ 0.       -2.34207  -4.81843 ]]
2021-09-14 07:10:50,289 - fhvqe.experiment:553 - DEBUG - number of moments preoptimization: 51
2021-09-14 07:10:50,297 - fhvqe.experiment:554 - DEBUG - depth preoptimization: 51
2021-09-14 07:10:50,366 - fhvqe.experiment:595 - DEBUG - number of moments post-optimization and calibration: 37
2021-09-14 07:10:50,372 - fhvqe.experiment:596 - DEBUG - depth post-optimization and calibration: 37
2021-09-14 07:10:50,383 - fhvqe.experiment:553 - DEBUG - number of moments preoptimization: 55
2021-09-14 07:10:50,392 - fhvqe.experiment:554 - DEBUG - depth preoptimization: 55
2021-09-14 07:10:50,463 - fhvqe.experiment:595 - DEBUG - number of moments post-optimization and calibration: 41
2021-09-14 07:10:50,469 - fhvqe.experiment:596 - DEBUG - depth post-optimization and calibration: 41
2021-09-14 07:10:50,481 - fhvqe.experiment:553 - DEBUG - number of moments preoptimization: 49
2021-09-14 07:10:50,490 - fhvqe.experiment:554 - DEBUG - depth preoptimization: 49
2021-09-14 07:10:50,554 - fhvqe.experiment:595 - DEBUG - number of moments post-optimization and calibration: 37
2021-09-14 07:10:50,559 - fhvqe.experiment:596 - DEBUG - depth post-optimization and calibration: 37
2021-09-14 07:10:50,568 - fhvqe.experiment:662 - DEBUG - ansatz with params: [[ 0.        -1.15139   -0.356395 ]
 [ 0.        -0.0881259 -2.82618  ]]
2021-09-14 07:10:50,587 - fhvqe.experiment:553 - DEBUG - number of moments preoptimization: 51
2021-09-14 07:10:50,596 - fhvqe.experiment:554 - DEBUG - depth preoptimization: 51
2021-09-14 07:10:50,665 - fhvqe.experiment:595 - DEBUG - number of moments post-optimization and calibration: 37
2021-09-14 07:10:50,671 - fhvqe.experiment:596 - DEBUG - depth post-optimization and calibration: 37
2021-09-14 07:10:50,681 - fhvqe.experiment:553 - DEBUG - number of moments preoptimization: 55
2021-09-14 07:10:50,690 - fhvqe.experiment:554 - DEBUG - depth preoptimization: 55
2021-09-14 07:10:50,760 - fhvqe.experiment:595 - DEBUG - number of moments post-optimization and calibration: 41
2021-09-14 07:10:50,767 - fhvqe.experiment:596 - DEBUG - depth post-optimization and calibration: 41
2021-09-14 07:10:50,782 - fhvqe.experiment:553 - DEBUG - number of moments preoptimization: 49
2021-09-14 07:10:50,790 - fhvqe.experiment:554 - DEBUG - depth preoptimization: 49
2021-09-14 07:10:50,854 - fhvqe.experiment:595 - DEBUG - number of moments post-optimization and calibration: 37
2021-09-14 07:10:50,860 - fhvqe.experiment:596 - DEBUG - depth post-optimization and calibration: 37
2021-09-14 07:10:50,868 - fhvqe.experiment:662 - DEBUG - ansatz with params: [[ 0.      -2.38498 -3.00926]
 [ 0.      -2.39716 -3.9606 ]]
2021-09-14 07:10:50,888 - fhvqe.experiment:553 - DEBUG - number of moments preoptimization: 51
2021-09-14 07:10:50,896 - fhvqe.experiment:554 - DEBUG - depth preoptimization: 51
2021-09-14 07:10:50,966 - fhvqe.experiment:595 - DEBUG - number of moments post-optimization and calibration: 37
2021-09-14 07:10:50,972 - fhvqe.experiment:596 - DEBUG - depth post-optimization and calibration: 37
2021-09-14 07:10:50,982 - fhvqe.experiment:553 - DEBUG - number of moments preoptimization: 55
2021-09-14 07:10:50,991 - fhvqe.experiment:554 - DEBUG - depth preoptimization: 55
2021-09-14 07:10:51,071 - fhvqe.experiment:595 - DEBUG - number of moments post-optimization and calibration: 41
2021-09-14 07:10:51,077 - fhvqe.experiment:596 - DEBUG - depth post-optimization and calibration: 41
2021-09-14 07:10:51,090 - fhvqe.experiment:553 - DEBUG - number of moments preoptimization: 49
2021-09-14 07:10:51,102 - fhvqe.experiment:554 - DEBUG - depth preoptimization: 49
2021-09-14 07:10:51,206 - fhvqe.experiment:595 - DEBUG - number of moments post-optimization and calibration: 37
2021-09-14 07:10:51,215 - fhvqe.experiment:596 - DEBUG - depth post-optimization and calibration: 37
2021-09-14 07:10:51,226 - fhvqe.experiment:662 - DEBUG - ansatz with params: [[ 0.       -3.7131   -0.592184]
 [ 0.       -0.635129 -1.45883 ]]
2021-09-14 07:10:51,246 - fhvqe.experiment:553 - DEBUG - number of moments preoptimization: 51
2021-09-14 07:10:51,255 - fhvqe.experiment:554 - DEBUG - depth preoptimization: 51
2021-09-14 07:10:51,332 - fhvqe.experiment:595 - DEBUG - number of moments post-optimization and calibration: 37
2021-09-14 07:10:51,338 - fhvqe.experiment:596 - DEBUG - depth post-optimization and calibration: 37
2021-09-14 07:10:51,351 - fhvqe.experiment:553 - DEBUG - number of moments preoptimization: 55
2021-09-14 07:10:51,362 - fhvqe.experiment:554 - DEBUG - depth preoptimization: 55
2021-09-14 07:10:51,449 - fhvqe.experiment:595 - DEBUG - number of moments post-optimization and calibration: 41
2021-09-14 07:10:51,455 - fhvqe.experiment:596 - DEBUG - depth post-optimization and calibration: 41
2021-09-14 07:10:51,468 - fhvqe.experiment:553 - DEBUG - number of moments preoptimization: 49
2021-09-14 07:10:51,476 - fhvqe.experiment:554 - DEBUG - depth preoptimization: 49
2021-09-14 07:10:51,539 - fhvqe.experiment:595 - DEBUG - number of moments post-optimization and calibration: 37
2021-09-14 07:10:51,545 - fhvqe.experiment:596 - DEBUG - depth post-optimization and calibration: 37
2021-09-14 07:10:51,553 - fhvqe.experiment:662 - DEBUG - ansatz with params: [[ 0.       -2.82444  -0.898211]
 [ 0.       -3.66927  -4.15525 ]]
2021-09-14 07:10:51,572 - fhvqe.experiment:553 - DEBUG - number of moments preoptimization: 51
2021-09-14 07:10:51,580 - fhvqe.experiment:554 - DEBUG - depth preoptimization: 51
2021-09-14 07:10:51,655 - fhvqe.experiment:595 - DEBUG - number of moments post-optimization and calibration: 37
2021-09-14 07:10:51,661 - fhvqe.experiment:596 - DEBUG - depth post-optimization and calibration: 37
2021-09-14 07:10:51,672 - fhvqe.experiment:553 - DEBUG - number of moments preoptimization: 55
2021-09-14 07:10:51,681 - fhvqe.experiment:554 - DEBUG - depth preoptimization: 55
2021-09-14 07:10:51,751 - fhvqe.experiment:595 - DEBUG - number of moments post-optimization and calibration: 41
2021-09-14 07:10:51,758 - fhvqe.experiment:596 - DEBUG - depth post-optimization and calibration: 41
2021-09-14 07:10:51,770 - fhvqe.experiment:553 - DEBUG - number of moments preoptimization: 49
2021-09-14 07:10:51,779 - fhvqe.experiment:554 - DEBUG - depth preoptimization: 49
2021-09-14 07:10:51,842 - fhvqe.experiment:595 - DEBUG - number of moments post-optimization and calibration: 37
2021-09-14 07:10:51,848 - fhvqe.experiment:596 - DEBUG - depth post-optimization and calibration: 37
2021-09-14 07:10:51,856 - fhvqe.experiment:662 - DEBUG - ansatz with params: [[ 0.      -3.5479  -1.33981]
 [ 0.      -1.71022 -2.84285]]
2021-09-14 07:10:51,951 - fhvqe.experiment:553 - DEBUG - number of moments preoptimization: 51
2021-09-14 07:10:51,960 - fhvqe.experiment:554 - DEBUG - depth preoptimization: 51
2021-09-14 07:10:52,030 - fhvqe.experiment:595 - DEBUG - number of moments post-optimization and calibration: 37
2021-09-14 07:10:52,036 - fhvqe.experiment:596 - DEBUG - depth post-optimization and calibration: 37
2021-09-14 07:10:52,046 - fhvqe.experiment:553 - DEBUG - number of moments preoptimization: 55
2021-09-14 07:10:52,055 - fhvqe.experiment:554 - DEBUG - depth preoptimization: 55
2021-09-14 07:10:52,125 - fhvqe.experiment:595 - DEBUG - number of moments post-optimization and calibration: 41
2021-09-14 07:10:52,132 - fhvqe.experiment:596 - DEBUG - depth post-optimization and calibration: 41
2021-09-14 07:10:52,144 - fhvqe.experiment:553 - DEBUG - number of moments preoptimization: 49
2021-09-14 07:10:52,152 - fhvqe.experiment:554 - DEBUG - depth preoptimization: 49
2021-09-14 07:10:52,215 - fhvqe.experiment:595 - DEBUG - number of moments post-optimization and calibration: 37
2021-09-14 07:10:52,221 - fhvqe.experiment:596 - DEBUG - depth post-optimization and calibration: 37
2021-09-14 07:10:52,229 - fhvqe.experiment:662 - DEBUG - ansatz with params: [[ 0.        -0.0714766 -0.898635 ]
 [ 0.        -4.22934   -2.26966  ]]
2021-09-14 07:10:52,248 - fhvqe.experiment:553 - DEBUG - number of moments preoptimization: 51
2021-09-14 07:10:52,256 - fhvqe.experiment:554 - DEBUG - depth preoptimization: 51
2021-09-14 07:10:52,325 - fhvqe.experiment:595 - DEBUG - number of moments post-optimization and calibration: 37
2021-09-14 07:10:52,331 - fhvqe.experiment:596 - DEBUG - depth post-optimization and calibration: 37
2021-09-14 07:10:52,341 - fhvqe.experiment:553 - DEBUG - number of moments preoptimization: 55
2021-09-14 07:10:52,351 - fhvqe.experiment:554 - DEBUG - depth preoptimization: 55
2021-09-14 07:10:52,422 - fhvqe.experiment:595 - DEBUG - number of moments post-optimization and calibration: 41
2021-09-14 07:10:52,429 - fhvqe.experiment:596 - DEBUG - depth post-optimization and calibration: 41
2021-09-14 07:10:52,443 - fhvqe.experiment:553 - DEBUG - number of moments preoptimization: 49
2021-09-14 07:10:52,451 - fhvqe.experiment:554 - DEBUG - depth preoptimization: 49
2021-09-14 07:10:52,515 - fhvqe.experiment:595 - DEBUG - number of moments post-optimization and calibration: 37
2021-09-14 07:10:52,520 - fhvqe.experiment:596 - DEBUG - depth post-optimization and calibration: 37
2021-09-14 07:10:52,528 - fhvqe.experiment:662 - DEBUG - ansatz with params: [[ 0.      -3.07888 -1.31344]
 [ 0.      -1.32223 -3.05705]]
2021-09-14 07:10:52,547 - fhvqe.experiment:553 - DEBUG - number of moments preoptimization: 51
2021-09-14 07:10:52,555 - fhvqe.experiment:554 - DEBUG - depth preoptimization: 51
2021-09-14 07:10:52,624 - fhvqe.experiment:595 - DEBUG - number of moments post-optimization and calibration: 37
2021-09-14 07:10:52,630 - fhvqe.experiment:596 - DEBUG - depth post-optimization and calibration: 37
2021-09-14 07:10:52,641 - fhvqe.experiment:553 - DEBUG - number of moments preoptimization: 55
2021-09-14 07:10:52,650 - fhvqe.experiment:554 - DEBUG - depth preoptimization: 55
2021-09-14 07:10:52,720 - fhvqe.experiment:595 - DEBUG - number of moments post-optimization and calibration: 41
2021-09-14 07:10:52,727 - fhvqe.experiment:596 - DEBUG - depth post-optimization and calibration: 41
2021-09-14 07:10:52,739 - fhvqe.experiment:553 - DEBUG - number of moments preoptimization: 49
2021-09-14 07:10:52,748 - fhvqe.experiment:554 - DEBUG - depth preoptimization: 49
2021-09-14 07:10:52,839 - fhvqe.experiment:595 - DEBUG - number of moments post-optimization and calibration: 37
2021-09-14 07:10:52,845 - fhvqe.experiment:596 - DEBUG - depth post-optimization and calibration: 37
2021-09-14 07:10:52,853 - fhvqe.experiment:662 - DEBUG - ansatz with params: [[ 0.        -0.0714766 -0.898635 ]
 [ 0.        -3.10645   -4.57853  ]]
2021-09-14 07:10:52,872 - fhvqe.experiment:553 - DEBUG - number of moments preoptimization: 51
2021-09-14 07:10:52,880 - fhvqe.experiment:554 - DEBUG - depth preoptimization: 51
2021-09-14 07:10:52,950 - fhvqe.experiment:595 - DEBUG - number of moments post-optimization and calibration: 37
2021-09-14 07:10:52,956 - fhvqe.experiment:596 - DEBUG - depth post-optimization and calibration: 37
2021-09-14 07:10:52,966 - fhvqe.experiment:553 - DEBUG - number of moments preoptimization: 55
2021-09-14 07:10:52,975 - fhvqe.experiment:554 - DEBUG - depth preoptimization: 55
2021-09-14 07:10:53,046 - fhvqe.experiment:595 - DEBUG - number of moments post-optimization and calibration: 41
2021-09-14 07:10:53,052 - fhvqe.experiment:596 - DEBUG - depth post-optimization and calibration: 41
2021-09-14 07:10:53,065 - fhvqe.experiment:553 - DEBUG - number of moments preoptimization: 49
2021-09-14 07:10:53,073 - fhvqe.experiment:554 - DEBUG - depth preoptimization: 49
2021-09-14 07:10:53,135 - fhvqe.experiment:595 - DEBUG - number of moments post-optimization and calibration: 37
2021-09-14 07:10:53,141 - fhvqe.experiment:596 - DEBUG - depth post-optimization and calibration: 37
2021-09-14 07:10:53,149 - fhvqe.experiment:662 - DEBUG - ansatz with params: [[ 0.       -0.349024 -2.96318 ]
 [ 0.       -4.46903  -0.142   ]]
2021-09-14 07:10:53,168 - fhvqe.experiment:553 - DEBUG - number of moments preoptimization: 51
2021-09-14 07:10:53,176 - fhvqe.experiment:554 - DEBUG - depth preoptimization: 51
2021-09-14 07:10:53,245 - fhvqe.experiment:595 - DEBUG - number of moments post-optimization and calibration: 37
2021-09-14 07:10:53,251 - fhvqe.experiment:596 - DEBUG - depth post-optimization and calibration: 37
2021-09-14 07:10:53,261 - fhvqe.experiment:553 - DEBUG - number of moments preoptimization: 55
2021-09-14 07:10:53,271 - fhvqe.experiment:554 - DEBUG - depth preoptimization: 55
2021-09-14 07:10:53,340 - fhvqe.experiment:595 - DEBUG - number of moments post-optimization and calibration: 41
2021-09-14 07:10:53,346 - fhvqe.experiment:596 - DEBUG - depth post-optimization and calibration: 41
2021-09-14 07:10:53,359 - fhvqe.experiment:553 - DEBUG - number of moments preoptimization: 49
2021-09-14 07:10:53,367 - fhvqe.experiment:554 - DEBUG - depth preoptimization: 49
2021-09-14 07:10:53,430 - fhvqe.experiment:595 - DEBUG - number of moments post-optimization and calibration: 37
2021-09-14 07:10:53,436 - fhvqe.experiment:596 - DEBUG - depth post-optimization and calibration: 37
2021-09-14 07:10:53,444 - fhvqe.experiment:662 - DEBUG - ansatz with params: [[ 0.       -0.349024 -2.96318 ]
 [ 0.       -5.37895  -5.4726  ]]
2021-09-14 07:10:53,463 - fhvqe.experiment:553 - DEBUG - number of moments preoptimization: 51
2021-09-14 07:10:53,471 - fhvqe.experiment:554 - DEBUG - depth preoptimization: 51
2021-09-14 07:10:53,540 - fhvqe.experiment:595 - DEBUG - number of moments post-optimization and calibration: 37
2021-09-14 07:10:53,546 - fhvqe.experiment:596 - DEBUG - depth post-optimization and calibration: 37
2021-09-14 07:10:53,556 - fhvqe.experiment:553 - DEBUG - number of moments preoptimization: 55
2021-09-14 07:10:53,565 - fhvqe.experiment:554 - DEBUG - depth preoptimization: 55
2021-09-14 07:10:53,634 - fhvqe.experiment:595 - DEBUG - number of moments post-optimization and calibration: 41
2021-09-14 07:10:53,641 - fhvqe.experiment:596 - DEBUG - depth post-optimization and calibration: 41
2021-09-14 07:10:53,653 - fhvqe.experiment:553 - DEBUG - number of moments preoptimization: 49
2021-09-14 07:10:53,661 - fhvqe.experiment:554 - DEBUG - depth preoptimization: 49
2021-09-14 07:10:53,725 - fhvqe.experiment:595 - DEBUG - number of moments post-optimization and calibration: 37
2021-09-14 07:10:53,731 - fhvqe.experiment:596 - DEBUG - depth post-optimization and calibration: 37
2021-09-14 07:10:53,739 - fhvqe.experiment:662 - DEBUG - ansatz with params: [[ 0.      -2.38498 -3.00926]
 [ 0.      -4.93441 -4.41509]]
2021-09-14 07:10:53,758 - fhvqe.experiment:553 - DEBUG - number of moments preoptimization: 51
2021-09-14 07:10:53,766 - fhvqe.experiment:554 - DEBUG - depth preoptimization: 51
2021-09-14 07:10:53,835 - fhvqe.experiment:595 - DEBUG - number of moments post-optimization and calibration: 37
2021-09-14 07:10:53,841 - fhvqe.experiment:596 - DEBUG - depth post-optimization and calibration: 37
2021-09-14 07:10:53,852 - fhvqe.experiment:553 - DEBUG - number of moments preoptimization: 55
2021-09-14 07:10:53,861 - fhvqe.experiment:554 - DEBUG - depth preoptimization: 55
2021-09-14 07:10:53,935 - fhvqe.experiment:595 - DEBUG - number of moments post-optimization and calibration: 41
2021-09-14 07:10:53,942 - fhvqe.experiment:596 - DEBUG - depth post-optimization and calibration: 41
2021-09-14 07:10:53,954 - fhvqe.experiment:553 - DEBUG - number of moments preoptimization: 49
2021-09-14 07:10:53,962 - fhvqe.experiment:554 - DEBUG - depth preoptimization: 49
2021-09-14 07:10:54,028 - fhvqe.experiment:595 - DEBUG - number of moments post-optimization and calibration: 37
2021-09-14 07:10:54,034 - fhvqe.experiment:596 - DEBUG - depth post-optimization and calibration: 37
2021-09-14 07:10:54,042 - fhvqe.experiment:662 - DEBUG - ansatz with params: [[ 0.       -0.299448 -3.22459 ]
 [ 0.       -4.5425   -2.32293 ]]
2021-09-14 07:10:54,063 - fhvqe.experiment:553 - DEBUG - number of moments preoptimization: 51
2021-09-14 07:10:54,072 - fhvqe.experiment:554 - DEBUG - depth preoptimization: 51
2021-09-14 07:10:54,141 - fhvqe.experiment:595 - DEBUG - number of moments post-optimization and calibration: 37
2021-09-14 07:10:54,147 - fhvqe.experiment:596 - DEBUG - depth post-optimization and calibration: 37
2021-09-14 07:10:54,157 - fhvqe.experiment:553 - DEBUG - number of moments preoptimization: 55
2021-09-14 07:10:54,166 - fhvqe.experiment:554 - DEBUG - depth preoptimization: 55
2021-09-14 07:10:54,235 - fhvqe.experiment:595 - DEBUG - number of moments post-optimization and calibration: 41
2021-09-14 07:10:54,242 - fhvqe.experiment:596 - DEBUG - depth post-optimization and calibration: 41
2021-09-14 07:10:54,254 - fhvqe.experiment:553 - DEBUG - number of moments preoptimization: 49
2021-09-14 07:10:54,262 - fhvqe.experiment:554 - DEBUG - depth preoptimization: 49
2021-09-14 07:10:54,326 - fhvqe.experiment:595 - DEBUG - number of moments post-optimization and calibration: 37
2021-09-14 07:10:54,332 - fhvqe.experiment:596 - DEBUG - depth post-optimization and calibration: 37
2021-09-14 07:10:54,340 - fhvqe.experiment:662 - DEBUG - ansatz with params: [[ 0.    -0.654 -0.855]
 [ 0.    -0.558 -0.324]]
2021-09-14 07:10:54,358 - fhvqe.experiment:553 - DEBUG - number of moments preoptimization: 51
2021-09-14 07:10:54,367 - fhvqe.experiment:554 - DEBUG - depth preoptimization: 51
2021-09-14 07:10:54,436 - fhvqe.experiment:595 - DEBUG - number of moments post-optimization and calibration: 37
2021-09-14 07:10:54,442 - fhvqe.experiment:596 - DEBUG - depth post-optimization and calibration: 37
2021-09-14 07:10:54,452 - fhvqe.experiment:553 - DEBUG - number of moments preoptimization: 55
2021-09-14 07:10:54,461 - fhvqe.experiment:554 - DEBUG - depth preoptimization: 55
2021-09-14 07:10:54,531 - fhvqe.experiment:595 - DEBUG - number of moments post-optimization and calibration: 41
2021-09-14 07:10:54,537 - fhvqe.experiment:596 - DEBUG - depth post-optimization and calibration: 41
2021-09-14 07:10:54,550 - fhvqe.experiment:553 - DEBUG - number of moments preoptimization: 49
2021-09-14 07:10:54,558 - fhvqe.experiment:554 - DEBUG - depth preoptimization: 49
2021-09-14 07:10:54,620 - fhvqe.experiment:595 - DEBUG - number of moments post-optimization and calibration: 37
2021-09-14 07:10:54,626 - fhvqe.experiment:596 - DEBUG - depth post-optimization and calibration: 37
2021-09-14 07:10:54,634 - fhvqe.experiment:662 - DEBUG - ansatz with params: [[-0.33  -0.654 -0.855]
 [-0.61  -0.558 -0.324]]
2021-09-14 07:10:54,653 - fhvqe.experiment:553 - DEBUG - number of moments preoptimization: 51
2021-09-14 07:10:54,661 - fhvqe.experiment:554 - DEBUG - depth preoptimization: 51
2021-09-14 07:10:54,731 - fhvqe.experiment:595 - DEBUG - number of moments post-optimization and calibration: 37
2021-09-14 07:10:54,737 - fhvqe.experiment:596 - DEBUG - depth post-optimization and calibration: 37
2021-09-14 07:10:54,748 - fhvqe.experiment:553 - DEBUG - number of moments preoptimization: 55
2021-09-14 07:10:54,757 - fhvqe.experiment:554 - DEBUG - depth preoptimization: 55
2021-09-14 07:10:54,827 - fhvqe.experiment:595 - DEBUG - number of moments post-optimization and calibration: 41
2021-09-14 07:10:54,834 - fhvqe.experiment:596 - DEBUG - depth post-optimization and calibration: 41
2021-09-14 07:10:54,846 - fhvqe.experiment:553 - DEBUG - number of moments preoptimization: 49
2021-09-14 07:10:54,854 - fhvqe.experiment:554 - DEBUG - depth preoptimization: 49
2021-09-14 07:10:54,918 - fhvqe.experiment:595 - DEBUG - number of moments post-optimization and calibration: 37
2021-09-14 07:10:54,924 - fhvqe.experiment:596 - DEBUG - depth post-optimization and calibration: 37
