{'theta': True, 'zeta': True, 'chi': False, 'gamma': True, 'phi': True, 'time': None}
{'theta': False, 'zeta': False, 'chi': False, 'gamma': False, 'phi': False, 'time': None}
                  (3, 2)
                  │
                  │
         (4, 1)───(4, 2)───(4, 3)
         │        │        │
         │        │        │
(5, 0)───(5, 1)───(5, 2)───(5, 3)───(5, 4)
         │        │        │        │
         │        │        │        │
         (6, 1)───(6, 2)───(6, 3)───(6, 4)───(6, 5)
                  │        │        │        │
                  │        │        │        │
                  (7, 2)───(7, 3)───(7, 4)───(7, 5)───(7, 6)
                           │        │        │
                           │        │        │
                           (8, 3)───(8, 4)───(8, 5)
                                    │
                                    │
                                    (9, 4)
Qubits: 4 2 5 3
Using qubits [cirq.GridQubit(5, 3), cirq.GridQubit(6, 3), cirq.GridQubit(7, 3), cirq.GridQubit(8, 3), cirq.GridQubit(5, 4), cirq.GridQubit(6, 4), cirq.GridQubit(7, 4), cirq.GridQubit(8, 4)]
Using qubits, JW:[cirq.GridQubit(5, 3), cirq.GridQubit(6, 3), cirq.GridQubit(7, 3), cirq.GridQubit(8, 3), cirq.GridQubit(5, 4), cirq.GridQubit(6, 4), cirq.GridQubit(7, 4), cirq.GridQubit(8, 4)]
                  (3, 2)
                  │
                  │
         (4, 1)───(4, 2)───(4, 3)
         │        │        │
         │        │        │
(5, 0)───(5, 1)───(5, 2)───[31m(5, 3)[0m───[35m(5, 4)[0m
         │        │        │        │
         │        │        │        │
         (6, 1)───(6, 2)───[31m(6, 3)[0m───[35m(6, 4)[0m───(6, 5)
                  │        │        │        │
                  │        │        │        │
                  (7, 2)───[31m(7, 3)[0m───[35m(7, 4)[0m───(7, 5)───(7, 6)
                           │        │        │
                           │        │        │
                           [31m(8, 3)[0m───[35m(8, 4)[0m───(8, 5)
                                    │
                                    │
                                    (9, 4)
None
Meas types ['onsite0', 'horiz0', 'horiz1']
Prepped onsite, pairs=[(0, 4), (1, 5), (2, 6), (3, 7)]
Prepped horiz, pairs=[(0, 1), (2, 3), (4, 5), (6, 7)]
Prepped horiz, pairs=[(1, 2), (5, 6)]
Set recompilation to False
Got pairs set [(0, 1), (1, 2), (2, 6), (6, 7), (4, 5), (5, 6), (1, 5), (2, 3), (0, 4), (3, 7)]
---Starting to do calibration: delta 3.0811608450000003
---Starting to set up measurements: delta 0.20050970499999998
---Starting to run VQE: delta 0.34954911899999885
No optimisation, save file is experiments/4x1_single_d2-0914-070957/4x1/processed/processed.json
Given params: [[[[[0.33, 0.654, 0.855], [0.61, 0.558, 0.324]]], [[[-0.33, -0.654, -0.855], [-0.61, -0.558, -0.324]]], [[[0, 0.654, 0.855], [0, 0.558, 0.324]]], [[[0, -0.654, -0.855], [0, -0.558, -0.324]]]]]
---Preparing executables
---Running executables, 12 in batch, delta=1.2044499010000003
---Extracting values delta=3.1183703549999997
---Extracted values delta=37.671378099
===-1.6589026487634366 -1.8720541637547536 -1.2797836879126185 -1.365251437087791 1631599843.623408
Computed energies [-1.7654784062590951], params [[[[0.33, 0.654, 0.855], [0.61, 0.558, 0.324]]], [[[-0.33, -0.654, -0.855], [-0.61, -0.558, -0.324]]], [[[0, 0.654, 0.855], [0, 0.558, 0.324]]], [[[0, -0.654, -0.855], [0, -0.558, -0.324]]]]
***-1.7654784062590951 1631599843.624769
---VQE complete: delta 41.99742039
---Starting TFLO
Using saved points
Using params [[[0, 0.841172, 0.857071], [0, 0, 0]], [[0, 4.40345, 2.22149], [0, 3.12223, 4.17927]], [[0, 3.04784, 5.70529], [0, 4.01245, 3.64854]], [[0, 0.919596, 3.58906], [0, 2.34207, 4.81843]], [[0, 1.15139, 0.356395], [0, 0.0881259, 2.82618]], [[0, 2.38498, 3.00926], [0, 2.39716, 3.9606]], [[0, 3.7131, 0.592184], [0, 0.635129, 1.45883]], [[0, 2.82444, 0.898211], [0, 3.66927, 4.15525]], [[0, 3.5479, 1.33981], [0, 1.71022, 2.84285]], [[0, 0.0714766, 0.898635], [0, 4.22934, 2.26966]], [[0, 3.07888, 1.31344], [0, 1.32223, 3.05705]], [[0, 0.0714766, 0.898635], [0, 3.10645, 4.57853]], [[0, 0.349024, 2.96318], [0, 4.46903, 0.142]], [[0, 0.349024, 2.96318], [0, 5.37895, 5.4726]], [[0, 2.38498, 3.00926], [0, 4.93441, 4.41509]], [[0, 0.299448, 3.22459], [0, 4.5425, 2.32293]], [[0, 0.654, 0.855], [0, 0.558, 0.324]], [[0.33, 0.654, 0.855], [0.61, 0.558, 0.324]], [[0, -0.841172, -0.857071], [0, 0, 0]], [[0, -4.40345, -2.22149], [0, -3.12223, -4.17927]], [[0, -3.04784, -5.70529], [0, -4.01245, -3.64854]], [[0, -0.919596, -3.58906], [0, -2.34207, -4.81843]], [[0, -1.15139, -0.356395], [0, -0.0881259, -2.82618]], [[0, -2.38498, -3.00926], [0, -2.39716, -3.9606]], [[0, -3.7131, -0.592184], [0, -0.635129, -1.45883]], [[0, -2.82444, -0.898211], [0, -3.66927, -4.15525]], [[0, -3.5479, -1.33981], [0, -1.71022, -2.84285]], [[0, -0.0714766, -0.898635], [0, -4.22934, -2.26966]], [[0, -3.07888, -1.31344], [0, -1.32223, -3.05705]], [[0, -0.0714766, -0.898635], [0, -3.10645, -4.57853]], [[0, -0.349024, -2.96318], [0, -4.46903, -0.142]], [[0, -0.349024, -2.96318], [0, -5.37895, -5.4726]], [[0, -2.38498, -3.00926], [0, -4.93441, -4.41509]], [[0, -0.299448, -3.22459], [0, -4.5425, -2.32293]], [[0, -0.654, -0.855], [0, -0.558, -0.324]], [[-0.33, -0.654, -0.855], [-0.61, -0.558, -0.324]]]
---Preparing executables
---Running executables, 108 in batch, delta=11.302742579999993
---Extracting values delta=5.330235403999993
---Extracted values delta=67.60618425300001
---Time for noisy calculation: 84.24858788099999
***TFLON: -1.3453776368832633,-1.440243754408708,-0.9588106563285494,-0.9967363553308588,-1.0081713965145396,-0.2752656675435108,-0.16907688519417263,0.35717472210201406,0.13120828348421032,0.5334139770921347,0.6076128936797487,1.3147022368254335,1.0489212988886658,1.7677354312601912,1.5967498288353004,2.025840249065618,-1.2822125438131753,-1.676783979772486,-1.388430217604145,-1.3171722837200739,-1.4084550403033183,-0.800001392985465,-0.16906137192098913,-0.33161029582558177,0.5681195873708939,0.42830931815754303,0.40938245782642446,1.1744803339169323,0.9555191071436173,1.701541369518901,1.3501555699650882,1.419004750419416,1.6262761226031464,2.076268069348599,-1.2882498906028639,-1.8257522862495297 1631599927.8800929
Noisy energies by type: {'onsite0': array([1.16177992, 1.07911709, 1.01016586, 1.2076577 , 1.04535637,
       1.57606085, 1.19671212, 1.31320755, 1.26207165, 1.18696158,
       0.96706322, 1.3805911 , 1.57497023, 1.18911889, 1.39151369,
       1.64885496, 1.16      , 0.50228775, 1.17989538, 1.09896603,
       0.97796471, 1.22701613, 1.0100424 , 1.6791927 , 1.17177426,
       1.27864942, 1.49697681, 1.29633552, 1.0640884 , 1.40987925,
       1.63272155, 1.13323061, 1.53811448, 1.59203154, 1.28449707,
       0.64907379]), 'horiz0': array([-1.56175098e+00, -1.62865548e+00, -1.25296203e+00, -1.14911661e+00,
       -1.20383693e+00, -5.06502396e-01, -7.57564710e-01, -1.50117950e-03,
        1.69613425e-01, -5.03153636e-01,  5.52187182e-01,  1.52864791e-01,
       -5.31790556e-01,  1.14673913e+00,  2.07830688e-01,  4.00938652e-01,
       -1.51002523e+00, -1.35275339e+00, -1.60009151e+00, -1.56761905e+00,
       -1.42372564e+00, -8.15938150e-01, -3.69206774e-01, -4.87915837e-01,
        1.91156228e-01,  6.76670706e-02,  3.84243640e-01,  7.38808306e-02,
        1.05943960e+00,  5.33562084e-01, -2.85190379e-01,  7.81387722e-01,
        4.54241817e-02,  4.86594051e-01, -1.60303664e+00, -1.58742633e+00]), 'horiz1': array([-0.94540658, -0.89070536, -0.71601449, -1.05527745, -0.84969084,
       -1.34482412, -0.6082243 , -0.95453165, -1.30047679, -0.15039397,
       -0.91163751, -0.21875365,  0.00574163, -0.56812259, -0.00259455,
       -0.02395337, -0.93218731, -0.82631834, -0.96823409, -0.84851926,
       -0.96269411, -1.21107937, -0.809897  , -1.52288715, -0.79481091,
       -0.91800717, -1.47183799, -0.19573602, -1.16800889, -0.24189997,
        0.0026244 , -0.49561358,  0.04273746, -0.00235752, -0.96971032,
       -0.88739975])}
Using saved exact energies
Data collected can be found at experiments/4x1_single_d2-0914-070957/4x1
