{'theta': True, 'zeta': True, 'chi': False, 'gamma': True, 'phi': True, 'time': None}
{'theta': False, 'zeta': False, 'chi': False, 'gamma': False, 'phi': False, 'time': None}
                  (3, 2)
                  │
                  │
         (4, 1)───(4, 2)───(4, 3)
         │        │        │
         │        │        │
(5, 0)───(5, 1)───(5, 2)───(5, 3)───(5, 4)
         │        │        │        │
         │        │        │        │
         (6, 1)───(6, 2)───(6, 3)───(6, 4)───(6, 5)
                  │        │        │        │
                  │        │        │        │
                  (7, 2)───(7, 3)───(7, 4)───(7, 5)───(7, 6)
                           │        │        │
                           │        │        │
                           (8, 3)───(8, 4)───(8, 5)
                                    │
                                    │
                                    (9, 4)
Start at: (3, 2), with dr
Using qubits [cirq.GridQubit(3, 2), cirq.GridQubit(4, 2), cirq.GridQubit(4, 3), cirq.GridQubit(5, 3), cirq.GridQubit(5, 4), cirq.GridQubit(6, 4), cirq.GridQubit(6, 5), cirq.GridQubit(7, 5), cirq.GridQubit(4, 1), cirq.GridQubit(5, 1), cirq.GridQubit(5, 2), cirq.GridQubit(6, 2), cirq.GridQubit(6, 3), cirq.GridQubit(7, 3), cirq.GridQubit(7, 4), cirq.GridQubit(8, 4)]
Using qubits, JW:[cirq.GridQubit(3, 2), cirq.GridQubit(4, 2), cirq.GridQubit(4, 3), cirq.GridQubit(5, 3), cirq.GridQubit(5, 4), cirq.GridQubit(6, 4), cirq.GridQubit(6, 5), cirq.GridQubit(7, 5), cirq.GridQubit(4, 1), cirq.GridQubit(5, 1), cirq.GridQubit(5, 2), cirq.GridQubit(6, 2), cirq.GridQubit(6, 3), cirq.GridQubit(7, 3), cirq.GridQubit(7, 4), cirq.GridQubit(8, 4)]
                  [31m(3, 2)[0m
                  │
                  │
         [35m(4, 1)[0m───[31m(4, 2)[0m───[31m(4, 3)[0m
         │        │        │
         │        │        │
(5, 0)───[35m(5, 1)[0m───[35m(5, 2)[0m───[31m(5, 3)[0m───[31m(5, 4)[0m
         │        │        │        │
         │        │        │        │
         (6, 1)───[35m(6, 2)[0m───[35m(6, 3)[0m───[31m(6, 4)[0m───[31m(6, 5)[0m
                  │        │        │        │
                  │        │        │        │
                  (7, 2)───[35m(7, 3)[0m───[35m(7, 4)[0m───[31m(7, 5)[0m───(7, 6)
                           │        │        │
                           │        │        │
                           (8, 3)───[35m(8, 4)[0m───(8, 5)
                                    │
                                    │
                                    (9, 4)
None
Meas types ['onsite0', 'horiz0', 'horiz1']
Prepped onsite, pairs=[(0, 8), (1, 9), (2, 10), (3, 11), (4, 12), (5, 13), (6, 14), (7, 15)]
Prepped horiz, pairs=[(0, 1), (2, 3), (4, 5), (6, 7), (8, 9), (10, 11), (12, 13), (14, 15)]
Prepped horiz, pairs=[(1, 2), (3, 4), (5, 6), (9, 10), (11, 12), (13, 14)]
Set recompilation to False
Got pairs set [(10, 11), (5, 6), (3, 11), (5, 13), (8, 9), (4, 12), (6, 14), (1, 2), (6, 7), (7, 15), (12, 13), (4, 5), (2, 10), (9, 10), (2, 3), (1, 9), (14, 15), (0, 8), (11, 12), (0, 1), (13, 14), (3, 4)]
---Starting to do calibration: delta 3.555450058
---Starting to set up measurements: delta 0.6541607470000006
---Starting to run VQE: delta 1.2000676880000007
No optimisation, save file is experiments/8x1_single_zz_x_U_4_nocc_6_d_1-0914-010434/8x1/processed/processed.json
Given params: [[[[[0.523, 0.637, 0.586]]], [[[-0.523, -0.637, -0.586]]], [[[0, 0.637, 0.586]]], [[[0, -0.637, -0.586]]]]]
---Preparing executables
---Running executables, 12 in batch, delta=5.287876185
---Extracting values delta=2.399926095999998
---Extracted values delta=56.683252834
===-2.3783243414338844 -2.5138967461431756 -1.6874012597361867 -1.1985901924228366 1631577943.863177
Computed energies [-2.4461105437885298], params [[[[0.523, 0.637, 0.586]]], [[[-0.523, -0.637, -0.586]]], [[[0, 0.637, 0.586]]], [[[0, -0.637, -0.586]]]]
***-2.4461105437885298 1631577943.86546
---VQE complete: delta 64.376408029
---Starting TFLO
Using saved points
Using params [[[0, 0, 0]], [[0, 0, 0.785398]], [[0, 1.5708, 0.785398]], [[0, 1.5708, 0]], [[0, 5.49779, 0.785398]], [[0, 2.35619, 0.785398]], [[0, 2.35619, 1.5708]], [[0, 5.49779, 1.5708]], [[0, 0.785398, 3.14159]], [[0, 0, 5.49779]], [[0, 5.49779, 4.71239]], [[0, 0.785398, 4.71239]], [[0, 4.71239, 4.71239]], [[0, 4.71239, 2.35619]], [[0, 3.92699, 5.49779]], [[0, 3.14159, 3.14159]], [[0, 0.637, 0.586]], [[0.523, 0.637, 0.586]], [[0, 0, 0]], [[0, 0, -0.785398]], [[0, -1.5708, -0.785398]], [[0, -1.5708, 0]], [[0, -5.49779, -0.785398]], [[0, -2.35619, -0.785398]], [[0, -2.35619, -1.5708]], [[0, -5.49779, -1.5708]], [[0, -0.785398, -3.14159]], [[0, 0, -5.49779]], [[0, -5.49779, -4.71239]], [[0, -0.785398, -4.71239]], [[0, -4.71239, -4.71239]], [[0, -4.71239, -2.35619]], [[0, -3.92699, -5.49779]], [[0, -3.14159, -3.14159]], [[0, -0.637, -0.586]], [[-0.523, -0.637, -0.586]]]
---Preparing executables
---Running executables, 108 in batch, delta=46.466536377
---Extracting values delta=12.82410879999999
---Extracted values delta=106.95439592399998
---Time for noisy calculation: 166.263019543
***TFLON: -1.3475059552693929,-1.16767773248786,-0.6661201618749846,-0.12630683803638965,0.3293064834496162,0.9925798590935563,1.4774967063298674,1.6259441839286675,1.3214591911326452,3.2313963735159335,3.7249761665478673,3.5479246941857623,4.260558511804989,4.023682980693165,4.770948054594884,5.277593362599127,-1.695716002935134,-2.369949314747319,-1.4920378031228445,-0.8358750750308079,-0.9665189014579818,-0.3301538129552015,-0.02442282849885391,-0.12399049270677004,0.67776068335227,1.6647482509894327,2.34024165974753,3.0793982614072735,2.9613856658243787,3.8438777412031353,4.194339045545648,4.436327685197128,5.512774963133716,5.045268181933244,-1.2173691186757187,-2.3963099805353116 1631578112.161458
Noisy energies by type: {'onsite0': array([4.68848384, 4.66121362, 4.72121326, 4.54155287, 5.08352668,
       5.02839601, 4.88796992, 4.86097608, 4.14698565, 4.51754558,
       4.89040836, 4.31438652, 4.52964882, 4.43269775, 4.15291594,
       4.61667301, 4.34454913, 2.94724727, 4.59107962, 4.58566169,
       4.52506543, 4.52363925, 4.0830423 , 4.09478673, 4.25543585,
       4.38509317, 5.01242751, 4.66653442, 4.39630431, 4.88368336,
       4.66391995, 4.73012833, 4.9545544 , 4.60494311, 4.90386266,
       3.45451048]), 'horiz0': array([-3.48012719, -3.2605178 , -4.29774689, -3.55911042, -2.53142227,
       -3.97048282, -3.33305751, -1.04853101, -0.65352571,  1.28795812,
        1.07632811,  1.4059048 ,  0.96031256,  0.75768497,  0.75529073,
        0.3220058 , -3.73771857, -3.21534292, -3.48659464, -2.86721649,
       -4.34442191, -3.69033531, -2.07722486, -4.06573341, -3.4591195 ,
       -0.64954499, -0.52547247,  0.97533881,  0.65280066,  1.10136157,
        0.60693049,  0.8174828 ,  0.63333333,  0.11507293, -3.78869877,
       -3.69034749]), 'horiz1': array([-2.55586261, -2.56837355, -1.08958652, -1.10874929, -2.22279793,
       -0.06533333, -0.07741571, -2.18650089, -2.17200075, -2.57410732,
       -2.2417603 , -2.17236662, -1.22940287, -1.16669974, -0.13725861,
        0.33891455, -2.30254656, -2.10185366, -2.59652278, -2.55432027,
       -1.14716243, -1.16345776, -2.03024027, -0.15304381, -0.11855567,
       -2.07079992, -2.14671337, -2.56247497, -2.0877193 , -2.14116719,
       -1.0765114 , -1.11128344, -0.07511277,  0.32525213, -2.33253301,
       -2.16047297])}
Using saved exact energies
Data collected can be found at experiments/8x1_single_zz_x_U_4_nocc_6_d_1-0914-010434/8x1
