{'theta': True, 'zeta': True, 'chi': False, 'gamma': True, 'phi': True, 'time': None}
{'theta': False, 'zeta': False, 'chi': False, 'gamma': False, 'phi': False, 'time': None}
                  (3, 2)
                  │
                  │
         (4, 1)───(4, 2)───(4, 3)
         │        │        │
         │        │        │
(5, 0)───(5, 1)───(5, 2)───(5, 3)───(5, 4)
         │        │        │        │
         │        │        │        │
         (6, 1)───(6, 2)───(6, 3)───(6, 4)───(6, 5)
                  │        │        │        │
                  │        │        │        │
                  (7, 2)───(7, 3)───(7, 4)───(7, 5)───(7, 6)
                           │        │        │
                           │        │        │
                           (8, 3)───(8, 4)───(8, 5)
                                    │
                                    │
                                    (9, 4)
Start at: (3, 2), with dr
Using qubits [cirq.GridQubit(3, 2), cirq.GridQubit(4, 2), cirq.GridQubit(4, 3), cirq.GridQubit(5, 3), cirq.GridQubit(5, 4), cirq.GridQubit(6, 4), cirq.GridQubit(6, 5), cirq.GridQubit(7, 5), cirq.GridQubit(4, 1), cirq.GridQubit(5, 1), cirq.GridQubit(5, 2), cirq.GridQubit(6, 2), cirq.GridQubit(6, 3), cirq.GridQubit(7, 3), cirq.GridQubit(7, 4), cirq.GridQubit(8, 4)]
Using qubits, JW:[cirq.GridQubit(3, 2), cirq.GridQubit(4, 2), cirq.GridQubit(4, 3), cirq.GridQubit(5, 3), cirq.GridQubit(5, 4), cirq.GridQubit(6, 4), cirq.GridQubit(6, 5), cirq.GridQubit(7, 5), cirq.GridQubit(4, 1), cirq.GridQubit(5, 1), cirq.GridQubit(5, 2), cirq.GridQubit(6, 2), cirq.GridQubit(6, 3), cirq.GridQubit(7, 3), cirq.GridQubit(7, 4), cirq.GridQubit(8, 4)]
                  [31m(3, 2)[0m
                  │
                  │
         [35m(4, 1)[0m───[31m(4, 2)[0m───[31m(4, 3)[0m
         │        │        │
         │        │        │
(5, 0)───[35m(5, 1)[0m───[35m(5, 2)[0m───[31m(5, 3)[0m───[31m(5, 4)[0m
         │        │        │        │
         │        │        │        │
         (6, 1)───[35m(6, 2)[0m───[35m(6, 3)[0m───[31m(6, 4)[0m───[31m(6, 5)[0m
                  │        │        │        │
                  │        │        │        │
                  (7, 2)───[35m(7, 3)[0m───[35m(7, 4)[0m───[31m(7, 5)[0m───(7, 6)
                           │        │        │
                           │        │        │
                           (8, 3)───[35m(8, 4)[0m───(8, 5)
                                    │
                                    │
                                    (9, 4)
None
Meas types ['onsite0', 'horiz0', 'vert02', 'vert12']
Prepped onsite, pairs=[(0, 8), (1, 9), (2, 10), (3, 11), (4, 12), (5, 13), (6, 14), (7, 15)]
Prepped horiz, pairs=[(0, 1), (2, 3), (4, 5), (6, 7), (8, 9), (10, 11), (12, 13), (14, 15)]
Prepped vert0, pairs=[(1, 2), (3, 4), (5, 6), (9, 10), (11, 12), (13, 14)]
Prepped vert1, pairs=[(1, 2), (3, 4), (5, 6), (9, 10), (11, 12), (13, 14)]
Set recompilation to False
Got pairs set [(10, 11), (5, 6), (3, 11), (5, 13), (8, 9), (4, 12), (6, 14), (1, 2), (6, 7), (7, 15), (12, 13), (4, 5), (2, 10), (9, 10), (2, 3), (1, 9), (14, 15), (0, 8), (11, 12), (0, 1), (13, 14), (3, 4)]
---Starting to do calibration: delta 3.6777318909999996
---Starting to set up measurements: delta 0.8657493110000001
---Starting to run VQE: delta 2.270383185
No optimisation, save file is experiments/4x2_single_U_4_nocc_6_d_1-0916-003318/2x4/processed/processed.json
Given params: [[[[[0.612, 0.316, 0.686, 0.557]]], [[[-0.612, -0.316, -0.686, -0.557]]], [[[0, 0.316, 0.686, 0.557]]], [[[0, -0.316, -0.686, -0.557]]]]]
---Preparing executables
---Running executables, 16 in batch, delta=9.002622822
---Extracting values delta=4.046321508000002
---Extracted values delta=76.641234628
===-1.4935646127845836 -2.145639202466192 -0.8448175525887598 -1.3000985068593356 1631748894.7542982
Computed energies [-1.8196019076253878], params [[[[0.612, 0.316, 0.686, 0.557]]], [[[-0.612, -0.316, -0.686, -0.557]]], [[[0, 0.316, 0.686, 0.557]]], [[[0, -0.316, -0.686, -0.557]]]]
***-1.8196019076253878 1631748894.755935
---VQE complete: delta 89.696700324
---Starting TFLO
Using saved points
Using params [[[0, 0, 0, 0]], [[0, 5.49779, 4.71239, 0]], [[0, 1.5708, 2.35619, 0.785398]], [[0, 4.71239, 3.14159, 0.785398]], [[0, 0.785398, 0.785398, 3.14159]], [[0, 0, 0, 3.14159]], [[0, 2.35619, 0.785398, 3.92699]], [[0, 4.71239, 2.35619, 3.14159]], [[0, 0, 3.92699, 2.35619]], [[0, 0, 0, 4.71239]], [[0, 0, 0.785398, 5.49779]], [[0, 3.92699, 3.92699, 3.14159]], [[0, 2.35619, 4.71239, 3.92699]], [[0, 5.49779, 3.92699, 3.92699]], [[0, 3.14159, 4.71239, 5.49779]], [[0, 4.71239, 3.92699, 4.71239]], [[0, 0.316, 0.686, 0.557]], [[0.612, 0.316, 0.686, 0.557]], [[0, 0, 0, 0]], [[0, -5.49779, -4.71239, 0]], [[0, -1.5708, -2.35619, -0.785398]], [[0, -4.71239, -3.14159, -0.785398]], [[0, -0.785398, -0.785398, -3.14159]], [[0, 0, 0, -3.14159]], [[0, -2.35619, -0.785398, -3.92699]], [[0, -4.71239, -2.35619, -3.14159]], [[0, 0, -3.92699, -2.35619]], [[0, 0, 0, -4.71239]], [[0, 0, -0.785398, -5.49779]], [[0, -3.92699, -3.92699, -3.14159]], [[0, -2.35619, -4.71239, -3.92699]], [[0, -5.49779, -3.92699, -3.92699]], [[0, -3.14159, -4.71239, -5.49779]], [[0, -4.71239, -3.92699, -4.71239]], [[0, -0.316, -0.686, -0.557]], [[-0.612, -0.316, -0.686, -0.557]]]
---Preparing executables
---Running executables, 144 in batch, delta=79.08435360200001
---Extracting values delta=9.247509611999988
---Extracted values delta=151.270911846
---Time for noisy calculation: 239.63490091100002
***TFLON: -1.0335134594097821,-0.28336697854460824,-0.585581851292696,0.004666287064151398,1.0182513155433646,1.6306480513260078,3.0773647860307842,2.1076049949391638,3.5764281528634587,4.102675730319171,4.8496129096160985,4.971020426094434,5.800720327171933,7.1768655441685505,7.239876813896004,8.308537917487197,-0.898800356902226,-1.4158693038691217,-1.0701721732002727,-0.7508656081053913,0.1749931264366671,0.042560431383191544,1.9784043799528568,1.989003342604049,3.3440659155295007,3.0899614706213834,3.9990687894431582,4.633524048055067,5.702400484345036,5.347824964538017,5.986636141096247,7.120842808200539,7.598302524083306,8.441194239205043,-1.2929522162702112,-2.0418532829399756 1631749137.25231
Noisy energies by type: {'onsite0': array([4.60299389, 4.71300153, 4.44758432, 4.80942184, 4.7183416 ,
       4.47249616, 4.85112048, 4.41818992, 4.71927227, 4.6728806 ,
       4.64621868, 4.80830809, 4.75864979, 5.02443134, 4.64231789,
       4.83802968, 4.85576923, 3.483023  , 4.54044365, 4.73839836,
       4.81479942, 4.54426919, 4.72122652, 4.48927039, 4.56429033,
       4.82609582, 4.67670431, 4.71087765, 4.72217275, 4.64619945,
       4.69982548, 4.42560407, 4.74375821, 4.5814234 , 4.59113731,
       3.3545611 ]), 'horiz0': array([-1.368804  , -1.31308518, -1.25606208, -1.48248588, -1.3168507 ,
       -1.38330651, -0.96131573, -0.63766049, -0.59561844, -1.38562387,
       -1.11520076, -0.58585859, -0.72579939,  0.18044779, -0.28032823,
        0.54781635, -1.44539042, -1.11730205, -1.36722377, -1.45146379,
       -1.13255761, -1.37278369, -0.88189338, -1.36804309, -0.68451419,
       -0.56438721, -0.7420071 , -1.32675539, -0.79483181, -0.21184211,
       -0.62086514,  0.23434783, -0.03463993,  0.78203435, -1.39254746,
       -1.40407432]), 'vert02': array([-2.59317932, -1.81986143, -1.84822203, -1.46695747, -0.90856378,
       -1.07495741,  0.17204064, -0.29041213, -0.87980769,  0.40344295,
        0.96059113,  0.03871107,  0.28773978,  0.55800389,  1.15063521,
        1.16124197, -2.50175516, -2.18078583, -2.58665511, -2.33936555,
       -1.38185379, -1.79293445, -0.20468584, -0.48915611,  0.20109612,
       -0.11106532, -0.67650862,  0.8463929 ,  1.3506693 ,  0.00454921,
        0.41219351,  0.74207582,  1.15908124,  1.27588332, -2.19655477,
       -1.88968724]), 'vert12': array([-1.67452403, -1.8634219 , -1.92888207, -1.85531221, -1.4746758 ,
       -0.3835842 , -0.9844806 , -1.38251232,  0.33258202,  0.41197605,
        0.35800386,  0.70985985,  1.48013014,  1.41398252,  1.72725194,
        1.76144991, -1.80742402, -1.60080442, -1.65673694, -1.69843462,
       -2.1253949 , -1.33599062, -1.65624292, -0.64306785, -0.73680634,
       -1.06068182,  0.74088021,  0.40300889,  0.42439024,  0.90891841,
        1.4954823 ,  1.71881509,  1.730103  ,  1.80185317, -2.29498729,
       -2.10265283])}
Using saved exact energies
Data collected can be found at experiments/4x2_single_U_4_nocc_6_d_1-0916-003318/2x4
