{'theta': True, 'zeta': True, 'chi': False, 'gamma': True, 'phi': True, 'time': None}
{'theta': False, 'zeta': False, 'chi': False, 'gamma': False, 'phi': False, 'time': None}
                  (3, 2)
                  │
                  │
         (4, 1)───(4, 2)───(4, 3)
         │        │        │
         │        │        │
(5, 0)───(5, 1)───(5, 2)───(5, 3)───(5, 4)
         │        │        │        │
         │        │        │        │
         (6, 1)───(6, 2)───(6, 3)───(6, 4)───(6, 5)
                  │        │        │        │
                  │        │        │        │
                  (7, 2)───(7, 3)───(7, 4)───(7, 5)───(7, 6)
                           │        │        │
                           │        │        │
                           (8, 3)───(8, 4)───(8, 5)
                                    │
                                    │
                                    (9, 4)
Start at: (3, 2), with dr
Using qubits [cirq.GridQubit(3, 2), cirq.GridQubit(4, 2), cirq.GridQubit(4, 3), cirq.GridQubit(5, 3), cirq.GridQubit(5, 4), cirq.GridQubit(6, 4), cirq.GridQubit(6, 5), cirq.GridQubit(7, 5), cirq.GridQubit(4, 1), cirq.GridQubit(5, 1), cirq.GridQubit(5, 2), cirq.GridQubit(6, 2), cirq.GridQubit(6, 3), cirq.GridQubit(7, 3), cirq.GridQubit(7, 4), cirq.GridQubit(8, 4)]
Using qubits, JW:[cirq.GridQubit(3, 2), cirq.GridQubit(4, 2), cirq.GridQubit(4, 3), cirq.GridQubit(5, 3), cirq.GridQubit(5, 4), cirq.GridQubit(6, 4), cirq.GridQubit(6, 5), cirq.GridQubit(7, 5), cirq.GridQubit(4, 1), cirq.GridQubit(5, 1), cirq.GridQubit(5, 2), cirq.GridQubit(6, 2), cirq.GridQubit(6, 3), cirq.GridQubit(7, 3), cirq.GridQubit(7, 4), cirq.GridQubit(8, 4)]
                  [31m(3, 2)[0m
                  │
                  │
         [35m(4, 1)[0m───[31m(4, 2)[0m───[31m(4, 3)[0m
         │        │        │
         │        │        │
(5, 0)───[35m(5, 1)[0m───[35m(5, 2)[0m───[31m(5, 3)[0m───[31m(5, 4)[0m
         │        │        │        │
         │        │        │        │
         (6, 1)───[35m(6, 2)[0m───[35m(6, 3)[0m───[31m(6, 4)[0m───[31m(6, 5)[0m
                  │        │        │        │
                  │        │        │        │
                  (7, 2)───[35m(7, 3)[0m───[35m(7, 4)[0m───[31m(7, 5)[0m───(7, 6)
                           │        │        │
                           │        │        │
                           (8, 3)───[35m(8, 4)[0m───(8, 5)
                                    │
                                    │
                                    (9, 4)
None
Meas types ['onsite0', 'horiz0', 'vert02', 'vert12']
Prepped onsite, pairs=[(0, 8), (1, 9), (2, 10), (3, 11), (4, 12), (5, 13), (6, 14), (7, 15)]
Prepped horiz, pairs=[(0, 1), (2, 3), (4, 5), (6, 7), (8, 9), (10, 11), (12, 13), (14, 15)]
Prepped vert0, pairs=[(1, 2), (3, 4), (5, 6), (9, 10), (11, 12), (13, 14)]
Prepped vert1, pairs=[(1, 2), (3, 4), (5, 6), (9, 10), (11, 12), (13, 14)]
Set recompilation to False
Got pairs set [(3, 4), (4, 12), (12, 13), (5, 13), (8, 9), (0, 8), (1, 9), (13, 14), (6, 14), (4, 5), (5, 6), (14, 15), (0, 1), (9, 10), (10, 11), (1, 2), (2, 10), (6, 7), (7, 15), (3, 11), (2, 3), (11, 12)]
---Starting to do calibration: delta 2.1713913769999635
---Starting to set up measurements: delta 0.4967730180014769
opt deets: [1]
---Starting to run VQE: delta 0.03943967499981227
---Preparing executables
---Running executables, 24 in batch, delta=6.4853664620004565
---Extracting values delta=2.5068415780006035
---Extracted values delta=31.890971233000528
Measured energies [-2.25639877 -3.17297008]
0 : current:  -2.714684425144457  params:  [[0.41548839 0.41548839 0.41548839 0.41548839]]  grad:  [[4.43591487 4.43591487 4.43591487 4.43591487]]  ak:  0.131767995173414
---Preparing executables
---Running executables, 24 in batch, delta=6.649136601999999
---Extracting values delta=2.417330148999099
---Extracted values delta=38.32136635700044
Measured energies [-4.31213881 -4.45858764]
1 : current:  -4.385363221117503  params:  [[0.48931431 0.48931431 0.48931431 0.48931431]]  grad:  [[-0.71516432 -0.71516432 -0.71516432 -0.71516432]]  ak:  0.1032293042623224
---Preparing executables
---Running executables, 24 in batch, delta=6.656155327000306
---Extracting values delta=2.0244411830008175
---Extracted values delta=35.863737712999864
Measured energies [-4.1542267  -4.42526435]
2 : current:  -4.289745525339341  params:  [[0.48545856 0.48545856 0.49317005 0.49317005]]  grad:  [[ 0.0444138  0.0444138 -0.0444138 -0.0444138]]  ak:  0.08681402276010429
---Preparing executables
---Running executables, 24 in batch, delta=6.663399267999921
---Extracting values delta=2.37389100800101
---Extracted values delta=30.198523037000996
Measured energies [-4.08745677 -4.57134652]
3 : current:  -4.329401644677002  params:  [[0.48666853 0.4842486  0.49196008 0.49196008]]  grad:  [[-0.01594122  0.01594122  0.01594122  0.01594122]]  ak:  0.07590144658134437
---Preparing executables
---Running executables, 24 in batch, delta=6.703587457001049
---Extracting values delta=2.065521874001206
---Extracted values delta=30.304173802998775
Measured energies [-4.04775938 -4.47556876]
4 : current:  -4.261664070253426  params:  [[0.52190774 0.51948782 0.45672087 0.45672087]]  grad:  [[-0.51813547 -0.51813547  0.51813547  0.51813547]]  ak:  0.06801159232896291
---Preparing executables
---Running executables, 24 in batch, delta=6.715598144999603
---Extracting values delta=1.6746209009997983
---Extracted values delta=30.528568536999956
Measured energies [-4.00749282 -4.43727219]
5 : current:  -4.222382504794942  params:  [[0.52110829 0.52028727 0.45752032 0.45752032]]  grad:  [[ 0.01289766 -0.01289766 -0.01289766 -0.01289766]]  ak:  0.06198419646431135
---Preparing executables
---Running executables, 24 in batch, delta=6.786555909000526
---Extracting values delta=1.7112031359993125
---Extracted values delta=30.431763680000586
Measured energies [-4.02053739 -4.44328707]
6 : current:  -4.231912233881439  params:  [[0.51034397 0.50952295 0.46828464 0.46828464]]  grad:  [[ 0.18819882  0.18819882 -0.18819882 -0.18819882]]  ak:  0.05719654866019038
---Preparing executables
---Running executables, 24 in batch, delta=6.698932850000347
---Extracting values delta=1.8948442840010102
---Extracted values delta=33.034373000000414
Measured energies [-3.97333127 -4.38052806]
7 : current:  -4.176929667157548  params:  [[0.4960043  0.49518328 0.45394497 0.48262431]]  grad:  [[ 0.26913065  0.26913065  0.26913065 -0.26913065]]  ak:  0.05328144629241565
---Preparing executables
---Running executables, 24 in batch, delta=6.608441100001073
---Extracting values delta=1.5943177320004907
---Extracted values delta=28.962473510000564
Measured energies [-4.06477683 -4.32366429]
8 : current:  -4.194220558608752  params:  [[0.53107838 0.53025735 0.48901905 0.44755024]]  grad:  [[-0.70138462 -0.70138462 -0.70138462  0.70138462]]  ak:  0.05000690723392863
---Preparing executables
---Running executables, 24 in batch, delta=6.560179651998624
---Extracting values delta=1.6448781389990472
---Extracted values delta=31.67647420999856
Measured energies [-4.10665652 -4.45026249]
9 : current:  -4.278459504927914  params:  [[0.51743456 0.54390117 0.47537523 0.43390642]]  grad:  [[ 0.2889511 -0.2889511  0.2889511  0.2889511]]  ak:  0.04721843613094821
---Preparing executables
---Running executables, 24 in batch, delta=6.616703497000344
---Extracting values delta=1.8474729099998513
---Extracted values delta=30.481570994999856
Measured energies [-3.7819202  -4.23734686]
10 : current:  -4.009633530819805  params:  [[0.50882534 0.53529195 0.46676601 0.44251564]]  grad:  [[ 0.19213252  0.19213252  0.19213252 -0.19213252]]  ak:  0.044808755848694926
---Preparing executables
---Running executables, 24 in batch, delta=6.718990098999711
---Extracting values delta=2.1166595089998737
---Extracted values delta=37.33887286099889
Measured energies [-3.99628083 -4.24928689]
11 : current:  -4.122783858211415  params:  [[0.49640756 0.54770974 0.47918379 0.43009785]]  grad:  [[ 0.29080906 -0.29080906 -0.29080906  0.29080906]]  ak:  0.0427008084519461
---Preparing executables
---Running executables, 24 in batch, delta=6.613832319000721
---Extracting values delta=1.8174955949998548
---Extracted values delta=29.72994764500072
Measured energies [-4.07456173 -4.33025068]
12 : current:  -4.202406208754619  params:  [[0.47636239 0.52766457 0.49922896 0.45014302]]  grad:  [[ 0.49084994  0.49084994 -0.49084994 -0.49084994]]  ak:  0.04083766650268662
---Preparing executables
---Running executables, 24 in batch, delta=6.522602007999012
---Extracting values delta=2.144429661999311
---Extracted values delta=30.4542769159998
Measured energies [-4.02329728 -4.27120242]
13 : current:  -4.1472498519412  params:  [[0.46027751 0.51157969 0.48314408 0.4662279 ]]  grad:  [[ 0.41057705  0.41057705  0.41057705 -0.41057705]]  ak:  0.03917626761548003
---Preparing executables
---Running executables, 24 in batch, delta=6.752363599000091
---Extracting values delta=1.673253516000841
---Extracted values delta=29.167959111000528
Measured energies [-3.86734654 -4.06027899]
14 : current:  -3.9638127631823705  params:  [[0.43947572 0.4907779  0.50394587 0.4454261 ]]  grad:  [[ 0.55201518  0.55201518 -0.55201518  0.55201518]]  ak:  0.03768337273895953
---Preparing executables
---Running executables, 24 in batch, delta=6.4721221790005075
---Extracting values delta=2.3780227689985622
---Extracted values delta=31.180245560999538
Measured energies [-3.8754127  -4.26754063]
15 : current:  -4.071476661156793  params:  [[0.4532538  0.50455598 0.51772395 0.43164802]]  grad:  [[-0.37921797 -0.37921797 -0.37921797  0.37921797]]  ak:  0.0363328733513459
---Preparing executables
---Running executables, 24 in batch, delta=6.608768693999082
---Extracting values delta=1.728192066999327
---Extracted values delta=29.337698448000083
Measured energies [-4.03697448 -4.26723392]
16 : current:  -4.152104203095052  params:  [[0.44608624 0.51172354 0.51055639 0.42448046]]  grad:  [[ 0.20418107 -0.20418107  0.20418107  0.20418107]]  ak:  0.03510394678945771
---Preparing executables
---Running executables, 24 in batch, delta=6.515177590999883
---Extracting values delta=1.9942978609997226
---Extracted values delta=30.72250328500013
Measured energies [-4.06135524 -4.29553737]
17 : current:  -4.1784463065761885  params:  [[0.42398522 0.48962253 0.48845538 0.44658147]]  grad:  [[ 0.65041692  0.65041692  0.65041692 -0.65041692]]  ak:  0.03397976162590502
---Preparing executables
---Running executables, 24 in batch, delta=6.708618074000697
---Extracting values delta=1.7048434330008604
---Extracted values delta=29.09634253799959
Measured energies [-4.01621841 -4.24745303]
18 : current:  -4.131835717429116  params:  [[0.42682091 0.49245822 0.49129107 0.44374579]]  grad:  [[-0.08606934 -0.08606934 -0.08606934  0.08606934]]  ak:  0.032946549555188345
---Preparing executables
---Running executables, 24 in batch, delta=6.6781228810014
---Extracting values delta=1.7271474539993505
---Extracted values delta=30.396614765000777
Measured energies [-4.09704829 -4.321569  ]
19 : current:  -4.209308645545791  params:  [[0.42820042 0.49107871 0.48991156 0.44512529]]  grad:  [[-0.04311911  0.04311911  0.04311911 -0.04311911]]  ak:  0.03199292738134982
---Preparing executables
---Running executables, 24 in batch, delta=6.541040151998459
---Extracting values delta=1.9719236389992147
---Extracted values delta=29.108354952999434
Measured energies [-4.13461314 -4.32624299]
20 : current:  -4.2304280670276455  params:  [[0.42726562 0.49014391 0.49084636 0.44606009]]  grad:  [[ 0.03004887  0.03004887 -0.03004887 -0.03004887]]  ak:  0.03110939332099471
---Preparing executables
---Running executables, 24 in batch, delta=6.67892335400029
---Extracting values delta=1.7927159480004775
---Extracted values delta=30.197695406999628
Measured energies [-3.88114052 -4.36556749]
21 : current:  -4.123354006486414  params:  [[0.43530075 0.49817904 0.4988815  0.43802496]]  grad:  [[-0.26529152 -0.26529152 -0.26529152  0.26529152]]  ak:  0.03028794711997623
---Preparing executables
---Running executables, 24 in batch, delta=6.604236900000615
---Extracting values delta=1.595201359001294
---Extracted values delta=31.57416654000008
Measured energies [-3.98525557 -4.18684128]
22 : current:  -4.086048423521675  params:  [[0.43296426 0.50051554 0.496545   0.44036145]]  grad:  [[ 0.07914472 -0.07914472  0.07914472 -0.07914472]]  ak:  0.0295217996219876
---Preparing executables
---Running executables, 24 in batch, delta=6.817622250999193
---Extracting values delta=1.7477805919988896
---Extracted values delta=30.257632288999957
Measured energies [-4.19832664 -4.29301605]
23 : current:  -4.245671346415294  params:  [[0.42673019 0.50674961 0.50277907 0.43412738]]  grad:  [[ 0.21642207 -0.21642207 -0.21642207  0.21642207]]  ak:  0.028805147965703368
---Preparing executables
---Running executables, 24 in batch, delta=6.657285901999785
---Extracting values delta=1.9796475620005367
---Extracted values delta=30.48052898700007
Measured energies [-4.0845439  -4.32868952]
24 : current:  -4.206616711560606  params:  [[0.43281827 0.51283769 0.49669099 0.4280393 ]]  grad:  [[-0.21640368 -0.21640368  0.21640368  0.21640368]]  ak:  0.02813299960998455
---Preparing executables
---Running executables, 24 in batch, delta=6.867232104999857
---Extracting values delta=2.099647189999814
---Extracted values delta=30.550520034999863
Measured energies [-4.1680426  -4.33727086]
25 : current:  -4.252656730027431  params:  [[0.43523841 0.51041756 0.49911112 0.43045943]]  grad:  [[-0.0880015  0.0880015 -0.0880015 -0.0880015]]  ak:  0.027501033154281818
---Preparing executables
---Running executables, 24 in batch, delta=6.617281506001746
---Extracting values delta=1.7300348639982985
---Extracted values delta=30.86364362399945
Measured energies [-4.00538456 -4.29932679]
26 : current:  -4.152355677415489  params:  [[0.42625329 0.50143244 0.50809624 0.43944455]]  grad:  [[ 0.33395121  0.33395121 -0.33395121 -0.33395121]]  ak:  0.02690548721309751
---Preparing executables
---Running executables, 24 in batch, delta=6.598919246998776
---Extracting values delta=1.9656500240016612
---Extracted values delta=29.699207682000633
Measured energies [-4.24616789 -4.27871914]
27 : current:  -4.262443511580475  params:  [[0.43108373 0.50626288 0.51292669 0.444275  ]]  grad:  [[-0.18336683 -0.18336683 -0.18336683 -0.18336683]]  ak:  0.026343070911505555
---Preparing executables
---Running executables, 24 in batch, delta=6.632880594999733
---Extracting values delta=1.755911483998716
---Extracted values delta=29.639325182999528
Measured energies [-4.10282798 -4.29600133]
28 : current:  -4.1994146548571845  params:  [[0.43237352 0.50497309 0.51163689 0.44556479]]  grad:  [[-0.04997089  0.04997089  0.04997089 -0.04997089]]  ak:  0.025810891210344744
---Preparing executables
---Running executables, 24 in batch, delta=6.5973018770000635
---Extracting values delta=1.7477573029991618
---Extracted values delta=29.773617586999535
Measured energies [-4.18263333 -4.33892252]
29 : current:  -4.2607779252201645  params:  [[0.45020944 0.52280901 0.52947281 0.42772887]]  grad:  [[-0.7047989 -0.7047989 -0.7047989  0.7047989]]  ak:  0.025306393452671657
---Preparing executables
---Running executables, 24 in batch, delta=6.648366583000097
---Extracting values delta=1.8841572159999487
---Extracted values delta=29.616899993001425
Measured energies [-4.36983517 -4.41842674]
30 : current:  -4.394130951981328  params:  [[0.45475773 0.51826072 0.5340211  0.42318059]]  grad:  [[-0.18319688  0.18319688 -0.18319688  0.18319688]]  ak:  0.024827312385925903
---Preparing executables
---Running executables, 24 in batch, delta=6.611858387999746
---Extracting values delta=1.750878147999174
---Extracted values delta=30.99363372100015
Measured energies [-4.24348754 -4.38145533]
31 : current:  -4.312471432310884  params:  [[0.45565895 0.5173595  0.53311987 0.42227936]]  grad:  [[-0.0369784  0.0369784  0.0369784  0.0369784]]  ak:  0.024371631550763447
---Preparing executables
---Running executables, 24 in batch, delta=6.646987815000102
---Extracting values delta=1.9663499219986988
---Extracted values delta=29.841614430000845
Measured energies [-4.21519278 -4.38138274]
32 : current:  -4.298287758987567  params:  [[0.45402427 0.51572482 0.53148519 0.42064468]]  grad:  [[0.06828937 0.06828937 0.06828937 0.06828937]]  ak:  0.023937549401982044
---Preparing executables
---Running executables, 24 in batch, delta=6.586174885998844
---Extracting values delta=1.7839634350002598
---Extracted values delta=29.8918353500012
Measured energies [-4.26939819 -4.34435446]
33 : current:  -4.306876326925401  params:  [[0.45302435 0.51672474 0.53248511 0.41964476]]  grad:  [[ 0.04250744 -0.04250744 -0.04250744  0.04250744]]  ak:  0.023523450884117416
---Preparing executables
---Running executables, 24 in batch, delta=6.673998926999047
---Extracting values delta=1.8316887870005303
---Extracted values delta=29.090223237000828
Measured energies [-4.21259945 -4.51381381]
34 : current:  -4.3632066293710405  params:  [[0.43459045 0.49829085 0.51405122 0.40121086]]  grad:  [[0.79704206 0.79704206 0.79704206 0.79704206]]  ak:  0.023127883455605232
---Preparing executables
---Running executables, 24 in batch, delta=6.6531931050012645
---Extracting values delta=1.6324807009987126
---Extracted values delta=29.151225309999063
Measured energies [-4.31736458 -4.38878505]
35 : current:  -4.353074815705883  params:  [[0.43188967 0.49559006 0.51135044 0.39851008]]  grad:  [[0.1187181 0.1187181 0.1187181 0.1187181]]  ak:  0.022749536763284325
---Preparing executables
---Running executables, 24 in batch, delta=6.977272436999556
---Extracting values delta=1.579391751998628
---Extracted values delta=29.70203497700095
Measured energies [-4.18969245 -4.45142566]
36 : current:  -4.320559053212895  params:  [[0.43361359 0.49731398 0.50962652 0.39678616]]  grad:  [[-0.07700464 -0.07700464  0.07700464  0.07700464]]  ak:  0.022387225329580054
---Preparing executables
---Running executables, 24 in batch, delta=7.023425067000062
---Extracting values delta=1.7494861139985005
---Extracted values delta=29.887768192000294
Measured energies [-4.26121158 -4.45927945]
37 : current:  -4.3602455124718364  params:  [[0.43717725 0.49375032 0.51319018 0.40034982]]  grad:  [[-0.16169154  0.16169154 -0.16169154 -0.16169154]]  ak:  0.02203987373966546
---Preparing executables
---Running executables, 24 in batch, delta=6.90915229500024
---Extracting values delta=1.803532306001216
---Extracted values delta=29.604374984999595
Measured energies [-4.22481853 -4.2750687 ]
38 : current:  -4.249943615085282  params:  [[0.42162753 0.4782006  0.49764046 0.41589954]]  grad:  [[ 0.71636221  0.71636221  0.71636221 -0.71636221]]  ak:  0.02170650391384352
---Preparing executables
---Running executables, 24 in batch, delta=6.784001207000983
---Extracting values delta=1.8064594099996611
---Extracted values delta=29.76501868500054
Measured energies [-4.37085104 -4.27839192]
39 : current:  -4.32462148118207  params:  [[0.42608023 0.4826533  0.49318776 0.41144685]]  grad:  [[-0.20820399 -0.20820399  0.20820399  0.20820399]]  ak:  0.021386224127685812
---Preparing executables
---Running executables, 24 in batch, delta=6.997221263998654
---Extracting values delta=2.5558192480002617
---Extracted values delta=29.599268895999558
Measured energies [-4.29504513 -4.47567347]
40 : current:  -4.385359301941884  params:  [[0.43896005 0.46977349 0.50606758 0.42432666]]  grad:  [[-0.61104847  0.61104847 -0.61104847 -0.61104847]]  ak:  0.02107821950384544
---Preparing executables
---Running executables, 24 in batch, delta=6.718715478000377
---Extracting values delta=1.6706971610001347
---Extracted values delta=29.211126176998732
Measured energies [-4.3671439  -4.36062126]
41 : current:  -4.363882582241713  params:  [[0.44008747 0.47090091 0.50494016 0.42319924]]  grad:  [[-0.05425051 -0.05425051  0.05425051  0.05425051]]  ak:  0.020781743748506592
---Preparing executables
---Running executables, 24 in batch, delta=7.490917926999828
---Extracting values delta=1.5842851830002473
---Extracted values delta=29.56173879400012
Measured energies [-4.38203681 -4.42134054]
42 : current:  -4.401688672489858  params:  [[0.44988082 0.46110755 0.4951468  0.43299259]]  grad:  [[-0.4778152  0.4778152  0.4778152 -0.4778152]]  ak:  0.020496111944843343
---Preparing executables
---Running executables, 24 in batch, delta=6.846475788999669
---Extracting values delta=1.6838919269994221
---Extracted values delta=29.912060642000142
Measured energies [-4.23712382 -4.51803519]
43 : current:  -4.377579505873058  params:  [[0.44800291 0.45922965 0.49702471 0.43111469]]  grad:  [[ 0.09287046  0.09287046 -0.09287046  0.09287046]]  ak:  0.02022069424770278
---Preparing executables
---Running executables, 24 in batch, delta=7.403622814999835
---Extracting values delta=1.6748535380011162
---Extracted values delta=30.384052981000423
Measured energies [-4.21812329 -4.40502685]
44 : current:  -4.311575068002602  params:  [[0.45051324 0.45671933 0.49451438 0.43362501]]  grad:  [[-0.12579975  0.12579975  0.12579975 -0.12579975]]  ak:  0.01995491034958823
***-4.311575068002602 1632139045.424161
---VQE complete: delta 1764.314715904
Data collected can be found at experiments/4x2_spsa_zz_x_U_4_nocc_4_d_1-0920-122758/2x4
