{'theta': True, 'zeta': True, 'chi': False, 'gamma': True, 'phi': True, 'time': None}
{'theta': False, 'zeta': False, 'chi': False, 'gamma': False, 'phi': False, 'time': None}
                  (3, 2)
                  │
                  │
         (4, 1)───(4, 2)───(4, 3)
         │        │        │
         │        │        │
(5, 0)───(5, 1)───(5, 2)───(5, 3)───(5, 4)
         │        │        │        │
         │        │        │        │
         (6, 1)───(6, 2)───(6, 3)───(6, 4)───(6, 5)
                  │        │        │        │
                  │        │        │        │
                  (7, 2)───(7, 3)───(7, 4)───(7, 5)───(7, 6)
                           │        │        │
                           │        │        │
                           (8, 3)───(8, 4)───(8, 5)
                                    │
                                    │
                                    (9, 4)
Start at: (3, 2), with dr
Using qubits [cirq.GridQubit(3, 2), cirq.GridQubit(4, 2), cirq.GridQubit(4, 3), cirq.GridQubit(5, 3), cirq.GridQubit(5, 4), cirq.GridQubit(6, 4), cirq.GridQubit(6, 5), cirq.GridQubit(7, 5), cirq.GridQubit(4, 1), cirq.GridQubit(5, 1), cirq.GridQubit(5, 2), cirq.GridQubit(6, 2), cirq.GridQubit(6, 3), cirq.GridQubit(7, 3), cirq.GridQubit(7, 4), cirq.GridQubit(8, 4)]
Using qubits, JW:[cirq.GridQubit(3, 2), cirq.GridQubit(4, 2), cirq.GridQubit(4, 3), cirq.GridQubit(5, 3), cirq.GridQubit(5, 4), cirq.GridQubit(6, 4), cirq.GridQubit(6, 5), cirq.GridQubit(7, 5), cirq.GridQubit(4, 1), cirq.GridQubit(5, 1), cirq.GridQubit(5, 2), cirq.GridQubit(6, 2), cirq.GridQubit(6, 3), cirq.GridQubit(7, 3), cirq.GridQubit(7, 4), cirq.GridQubit(8, 4)]
                  [31m(3, 2)[0m
                  │
                  │
         [35m(4, 1)[0m───[31m(4, 2)[0m───[31m(4, 3)[0m
         │        │        │
         │        │        │
(5, 0)───[35m(5, 1)[0m───[35m(5, 2)[0m───[31m(5, 3)[0m───[31m(5, 4)[0m
         │        │        │        │
         │        │        │        │
         (6, 1)───[35m(6, 2)[0m───[35m(6, 3)[0m───[31m(6, 4)[0m───[31m(6, 5)[0m
                  │        │        │        │
                  │        │        │        │
                  (7, 2)───[35m(7, 3)[0m───[35m(7, 4)[0m───[31m(7, 5)[0m───(7, 6)
                           │        │        │
                           │        │        │
                           (8, 3)───[35m(8, 4)[0m───(8, 5)
                                    │
                                    │
                                    (9, 4)
None
Meas types ['onsite0', 'horiz0', 'vert02', 'vert12']
Prepped onsite, pairs=[(0, 8), (1, 9), (2, 10), (3, 11), (4, 12), (5, 13), (6, 14), (7, 15)]
Prepped horiz, pairs=[(0, 1), (2, 3), (4, 5), (6, 7), (8, 9), (10, 11), (12, 13), (14, 15)]
Prepped vert0, pairs=[(1, 2), (3, 4), (5, 6), (9, 10), (11, 12), (13, 14)]
Prepped vert1, pairs=[(1, 2), (3, 4), (5, 6), (9, 10), (11, 12), (13, 14)]
Set recompilation to False
Got pairs set [(10, 11), (5, 6), (3, 11), (5, 13), (8, 9), (4, 12), (6, 14), (1, 2), (6, 7), (7, 15), (12, 13), (4, 5), (2, 10), (9, 10), (2, 3), (1, 9), (14, 15), (0, 8), (11, 12), (0, 1), (13, 14), (3, 4)]
---Starting to do calibration: delta 2.572177206
---Starting to set up measurements: delta 0.8368677509999998
---Starting to run VQE: delta 2.1280548700000006
No optimisation, save file is experiments/4x2_single_U_8_nocc_3_d_1-0919-213623/2x4/processed/processed.json
Given params: [[[[[0.639, 0.462, 0.421, 0.482]]], [[[-0.639, -0.462, -0.421, -0.482]]], [[[0, 0.462, 0.421, 0.482]]], [[[0, -0.462, -0.421, -0.482]]]]]
---Preparing executables
---Running executables, 16 in batch, delta=8.428077333
---Extracting values delta=2.5379386539999977
---Extracted values delta=68.317581635
===-3.4651863476770783 -3.8244067404220976 -3.0612704716343995 -2.91277285944278 1632083868.377054
Computed energies [-3.644796544049588], params [[[[0.639, 0.462, 0.421, 0.482]]], [[[-0.639, -0.462, -0.421, -0.482]]], [[[0, 0.462, 0.421, 0.482]]], [[[0, -0.462, -0.421, -0.482]]]]
***-3.644796544049588 1632083868.3788118
---VQE complete: delta 79.29050317000001
---Starting TFLO
Using saved points
Using params [[[0, 1.5708, 0, 0]], [[0, 0, 0, 1.5708]], [[0, 2.35619, 4.71239, 0.785398]], [[0, 0, 0.785398, 3.14159]], [[0, 3.14159, 3.14159, 1.5708]], [[0, 0.785398, 0, 3.92699]], [[0, 3.92699, 0, 4.71239]], [[0, 0, 5.49779, 3.92699]], [[0, 0, 4.71239, 3.14159]], [[0, 0, 1.5708, 4.71239]], [[0, 4.71239, 4.71239, 3.92699]], [[0, 3.92699, 1.5708, 5.49779]], [[0, 0.785398, 3.14159, 3.92699]], [[0, 0, 2.35619, 4.71239]], [[0, 3.14159, 3.92699, 4.71239]], [[0, 0, 3.92699, 5.49779]], [[0, 0.462, 0.421, 0.482]], [[0.639, 0.462, 0.421, 0.482]], [[0, -1.5708, 0, 0]], [[0, 0, 0, -1.5708]], [[0, -2.35619, -4.71239, -0.785398]], [[0, 0, -0.785398, -3.14159]], [[0, -3.14159, -3.14159, -1.5708]], [[0, -0.785398, 0, -3.92699]], [[0, -3.92699, 0, -4.71239]], [[0, 0, -5.49779, -3.92699]], [[0, 0, -4.71239, -3.14159]], [[0, 0, -1.5708, -4.71239]], [[0, -4.71239, -4.71239, -3.92699]], [[0, -3.92699, -1.5708, -5.49779]], [[0, -0.785398, -3.14159, -3.92699]], [[0, 0, -2.35619, -4.71239]], [[0, -3.14159, -3.92699, -4.71239]], [[0, 0, -3.92699, -5.49779]], [[0, -0.462, -0.421, -0.482]], [[-0.639, -0.462, -0.421, -0.482]]]
---Preparing executables
---Running executables, 144 in batch, delta=72.486842649
---Extracting values delta=8.139590988999998
---Extracted values delta=146.29261317600003
---Time for noisy calculation: 226.94611862700003
***TFLON: -2.8334599073039977,-2.61013572325911,-1.8656855634848715,-1.65339183212577,-0.6258850360185099,-0.6368898280706928,-0.2863555962743299,0.7640913403866127,1.2046954803906242,1.4016493710431215,2.2343387988614003,2.534925783442019,3.18096141156136,3.415292838957833,4.378825657765052,5.339868226597622,-2.8961151096689495,-3.3819306286478605,-2.8781294817252006,-2.2784985845515724,-1.6876367077044463,-1.0225319580184267,-0.7152593379619757,0.03287122406620524,0.5012654565273879,1.073916096962554,1.634501722133322,2.3689031686113724,2.649131656382983,2.742395719457192,4.245027192467907,4.08495292098533,4.795621690137713,5.405303861691159,-2.7492889929620965,-3.5841549780660884 1632084098.143309
Noisy energies by type: {'onsite0': array([2.07509711, 1.91104998, 2.1484034 , 1.90660537, 2.118     ,
       1.82579338, 1.80052038, 2.0683112 , 2.09046168, 1.92506083,
       2.05005537, 1.83819379, 1.69597687, 1.98270324, 2.00092123,
       1.98982706, 1.88550799, 1.00814664, 2.05361803, 2.08227087,
       1.87925556, 1.9673913 , 1.88993783, 2.16498625, 2.25809313,
       2.08924122, 2.01158129, 1.94288325, 1.8535698 , 2.07330297,
       2.21343146, 1.85272525, 2.01254355, 2.09715536, 2.12221962,
       1.19531437]), 'horiz0': array([-2.1955567 , -2.18247395, -2.10949272, -2.00318933, -1.42224205,
       -2.17601647, -2.21451991, -1.69256669, -1.18761244, -0.52640449,
       -0.67171717, -0.16298685,  0.77021041,  0.88548387,  0.88187579,
        1.46838156, -2.08913468, -1.87806411, -2.20150457, -2.1946976 ,
       -1.99664862, -1.85491013, -1.38663239, -2.13689218, -2.25017819,
       -1.67848586, -0.96387283, -0.06900878, -0.47959932, -0.25525947,
        1.07596717,  1.25281174,  1.03759398,  1.4613927 , -2.19013304,
       -2.18706574]), 'vert02': array([-1.516399  , -1.37456522, -1.09774266, -0.59790376, -0.62879884,
       -0.14228457,  0.13773748, -0.21594005, -0.42709966,  0.32125291,
        0.00357542,  0.55745665,  0.26948449,  0.49046748,  0.41283124,
        0.81355517, -1.54550196, -1.46319426, -1.27301433, -1.09468134,
       -0.77658832, -0.19935912, -0.47759104,  0.19453772,  0.18489641,
        0.05620198, -0.14816524,  0.62241888,  0.13307727,  0.57996446,
        0.3934692 ,  0.68983473,  0.52401331,  0.73662921, -1.28521455,
       -1.23845624]), 'vert12': array([-1.19660131, -0.96414653, -0.80685358, -0.95890411, -0.69284415,
       -0.14438217, -0.01009355,  0.60428689,  0.7289459 , -0.31825987,
        0.85242518,  0.3022622 ,  0.44528964,  0.05663825,  1.08319739,
        1.06810443, -1.14698647, -1.0488189 , -1.45722861, -1.07139052,
       -0.79365533, -0.93565401, -0.74097374, -0.18976057,  0.30845411,
        0.60695876,  0.73495851, -0.12739018,  1.1420839 ,  0.34438776,
        0.56215936,  0.28958121,  1.22147084,  1.11012658, -1.39616102,
       -1.35394737])}
Using saved exact energies
Data collected can be found at experiments/4x2_single_U_8_nocc_3_d_1-0919-213623/2x4
