{'theta': True, 'zeta': True, 'chi': False, 'gamma': True, 'phi': True, 'time': None}
{'theta': False, 'zeta': False, 'chi': False, 'gamma': False, 'phi': False, 'time': None}
                  (3, 2)
                  │
                  │
         (4, 1)───(4, 2)───(4, 3)
         │        │        │
         │        │        │
(5, 0)───(5, 1)───(5, 2)───(5, 3)───(5, 4)
         │        │        │        │
         │        │        │        │
         (6, 1)───(6, 2)───(6, 3)───(6, 4)───(6, 5)
                  │        │        │        │
                  │        │        │        │
                  (7, 2)───(7, 3)───(7, 4)───(7, 5)───(7, 6)
                           │        │        │
                           │        │        │
                           (8, 3)───(8, 4)───(8, 5)
                                    │
                                    │
                                    (9, 4)
Start at: (3, 2), with dr
Using qubits [cirq.GridQubit(3, 2), cirq.GridQubit(4, 2), cirq.GridQubit(4, 3), cirq.GridQubit(5, 3), cirq.GridQubit(5, 4), cirq.GridQubit(6, 4), cirq.GridQubit(6, 5), cirq.GridQubit(7, 5), cirq.GridQubit(4, 1), cirq.GridQubit(5, 1), cirq.GridQubit(5, 2), cirq.GridQubit(6, 2), cirq.GridQubit(6, 3), cirq.GridQubit(7, 3), cirq.GridQubit(7, 4), cirq.GridQubit(8, 4)]
Using qubits, JW:[cirq.GridQubit(3, 2), cirq.GridQubit(4, 2), cirq.GridQubit(4, 3), cirq.GridQubit(5, 3), cirq.GridQubit(5, 4), cirq.GridQubit(6, 4), cirq.GridQubit(6, 5), cirq.GridQubit(7, 5), cirq.GridQubit(4, 1), cirq.GridQubit(5, 1), cirq.GridQubit(5, 2), cirq.GridQubit(6, 2), cirq.GridQubit(6, 3), cirq.GridQubit(7, 3), cirq.GridQubit(7, 4), cirq.GridQubit(8, 4)]
                  [31m(3, 2)[0m
                  │
                  │
         [35m(4, 1)[0m───[31m(4, 2)[0m───[31m(4, 3)[0m
         │        │        │
         │        │        │
(5, 0)───[35m(5, 1)[0m───[35m(5, 2)[0m───[31m(5, 3)[0m───[31m(5, 4)[0m
         │        │        │        │
         │        │        │        │
         (6, 1)───[35m(6, 2)[0m───[35m(6, 3)[0m───[31m(6, 4)[0m───[31m(6, 5)[0m
                  │        │        │        │
                  │        │        │        │
                  (7, 2)───[35m(7, 3)[0m───[35m(7, 4)[0m───[31m(7, 5)[0m───(7, 6)
                           │        │        │
                           │        │        │
                           (8, 3)───[35m(8, 4)[0m───(8, 5)
                                    │
                                    │
                                    (9, 4)
None
Meas types ['onsite0', 'horiz0', 'horiz1']
Prepped onsite, pairs=[(0, 8), (1, 9), (2, 10), (3, 11), (4, 12), (5, 13), (6, 14), (7, 15)]
Prepped horiz, pairs=[(0, 1), (2, 3), (4, 5), (6, 7), (8, 9), (10, 11), (12, 13), (14, 15)]
Prepped horiz, pairs=[(1, 2), (3, 4), (5, 6), (9, 10), (11, 12), (13, 14)]
Set recompilation to False
Got pairs set [(10, 11), (5, 6), (3, 11), (5, 13), (8, 9), (4, 12), (6, 14), (1, 2), (6, 7), (7, 15), (12, 13), (4, 5), (2, 10), (9, 10), (2, 3), (1, 9), (14, 15), (0, 8), (11, 12), (0, 1), (13, 14), (3, 4)]
---Starting to do calibration: delta 3.7603520769999994
---Starting to set up measurements: delta 0.8030487270000002
---Starting to run VQE: delta 1.5455505439999992
No optimisation, save file is experiments/8x1_single_zz_x_U_8_nocc_5_d_1-0916-235014/8x1/processed/processed.json
Given params: [[[[[0.823, 0.551, 0.642]]], [[[-0.823, -0.551, -0.642]]], [[[0, 0.551, 0.642]]], [[[0, -0.551, -0.642]]]]]
---Preparing executables
---Running executables, 12 in batch, delta=5.825440815999999
---Extracting values delta=1.9449723839999997
---Extracted values delta=52.278556818999995
===-1.2207480954531575 -1.3080299964719093 0.7188318285717936 1.0487929133931293 1631832680.247068
Computed energies [-1.2643890459625333], params [[[[0.823, 0.551, 0.642]]], [[[-0.823, -0.551, -0.642]]], [[[0, 0.551, 0.642]]], [[[0, -0.551, -0.642]]]]
***-1.2643890459625333 1631832680.249799
---VQE complete: delta 60.055427849999994
---Starting TFLO
Using saved points
Using params [[[0, 0, 0]], [[0, 0, 0.785398]], [[0, 0.785398, 1.5708]], [[0, 5.49779, 0.785398]], [[0, 2.35619, 0.785398]], [[0, 3.92699, 0]], [[0, 2.35619, 1.5708]], [[0, 3.14159, 0.785398]], [[0, 3.92699, 0.785398]], [[0, 5.49779, 5.49779]], [[0, 0.785398, 5.49779]], [[0, 3.92699, 1.5708]], [[0, 1.5708, 5.49779]], [[0, 3.14159, 2.35619]], [[0, 3.92699, 4.71239]], [[0, 3.14159, 5.49779]], [[0, 0.551, 0.642]], [[0.823, 0.551, 0.642]], [[0, 0, 0]], [[0, 0, -0.785398]], [[0, -0.785398, -1.5708]], [[0, -5.49779, -0.785398]], [[0, -2.35619, -0.785398]], [[0, -3.92699, 0]], [[0, -2.35619, -1.5708]], [[0, -3.14159, -0.785398]], [[0, -3.92699, -0.785398]], [[0, -5.49779, -5.49779]], [[0, -0.785398, -5.49779]], [[0, -3.92699, -1.5708]], [[0, -1.5708, -5.49779]], [[0, -3.14159, -2.35619]], [[0, -3.92699, -4.71239]], [[0, -3.14159, -5.49779]], [[0, -0.551, -0.642]], [[-0.823, -0.551, -0.642]]]
---Preparing executables
---Running executables, 108 in batch, delta=48.429764905
---Extracting values delta=6.67951914999999
---Extracted values delta=112.467942636
---Time for noisy calculation: 167.596514228
***TFLON: 0.9093227653739064,1.3392359667773999,1.047122305203759,2.561517176033778,2.8759618693896876,1.973362410052019,3.1467062472394494,3.2329212411516637,3.21101412229668,4.500938317050807,4.249742396673168,4.357289068020018,5.526618938435824,5.2042406972027155,5.443968433096707,6.376494040557672,0.6958902198289776,-1.1782502013987552,0.9941871786796419,1.160707950619106,1.4445610395426027,1.864361477581837,1.6549781882529238,3.2597739807642894,2.4018559115456966,3.2257922174615543,4.030000535525407,4.475912490133118,5.29935376005183,5.049798602057452,5.8001114854237965,5.377397324538194,6.299637647940638,6.244075961764938,0.97187781808866,-1.3662411471437892 1631832850.003684
Noisy energies by type: {'onsite0': array([6.13430266, 6.38100538, 6.14302281, 6.71395528, 6.67275495,
       5.5       , 6.41409692, 5.99882652, 5.71782946, 6.22685185,
       5.56621441, 5.50395183, 5.99210111, 5.93160055, 5.38076114,
       5.98117647, 6.02234856, 3.02711017, 6.14086687, 5.99725974,
       6.2573799 , 5.61067079, 5.3258216 , 6.64218141, 5.52599891,
       5.95246245, 6.39393939, 6.2649889 , 6.58262875, 6.23826715,
       6.20250723, 6.04078521, 6.28991517, 5.93302892, 6.19198791,
       3.24255952]), 'horiz0': array([-2.74695183, -2.59423233, -3.00043187, -2.00084746, -3.29331683,
       -3.00040185, -2.80647893, -2.63789907, -2.02527076,  0.43287839,
        0.7795852 , -0.73325287,  0.81712219, -0.62497474,  0.5209293 ,
        0.49219739, -3.07565932, -2.3566463 , -2.69408946, -2.38492063,
       -2.6519797 , -1.60816498, -3.23323492, -2.92423253, -2.66371681,
       -2.62980359, -1.91837165,  0.38150861,  0.83677729, -0.69094285,
        0.87143151, -0.56817716,  0.47274929,  0.46892195, -2.90327288,
       -2.67510204]), 'horiz1': array([-2.47802806, -2.44753708, -2.09546863, -2.15159065, -0.50347625,
       -0.52623574, -0.46091174, -0.12800621, -0.48154458, -2.15879192,
       -2.09605721, -0.41340989, -1.28260435, -0.10238511, -0.45772201,
       -0.09687982, -2.25079902, -1.84871407, -2.45259024, -2.45163115,
       -2.16083916, -2.13814433, -0.43760849, -0.4581749 , -0.46042618,
       -0.09686664, -0.44556721, -2.17058502, -2.12005228, -0.49752569,
       -1.27382725, -0.09521073, -0.46302682, -0.15787491, -2.31683721,
       -1.93369863])}
Using saved exact energies
Data collected can be found at experiments/8x1_single_zz_x_U_8_nocc_5_d_1-0916-235014/8x1
