{'theta': True, 'zeta': True, 'chi': False, 'gamma': True, 'phi': True, 'time': None}
{'theta': False, 'zeta': False, 'chi': False, 'gamma': False, 'phi': False, 'time': None}
                  (3, 2)
                  │
                  │
         (4, 1)───(4, 2)───(4, 3)
         │        │        │
         │        │        │
(5, 0)───(5, 1)───(5, 2)───(5, 3)───(5, 4)
         │        │        │        │
         │        │        │        │
         (6, 1)───(6, 2)───(6, 3)───(6, 4)───(6, 5)
                  │        │        │        │
                  │        │        │        │
                  (7, 2)───(7, 3)───(7, 4)───(7, 5)───(7, 6)
                           │        │        │
                           │        │        │
                           (8, 3)───(8, 4)───(8, 5)
                                    │
                                    │
                                    (9, 4)
Start at: (3, 2), with dr
Using qubits [cirq.GridQubit(3, 2), cirq.GridQubit(4, 2), cirq.GridQubit(4, 3), cirq.GridQubit(5, 3), cirq.GridQubit(5, 4), cirq.GridQubit(6, 4), cirq.GridQubit(6, 5), cirq.GridQubit(7, 5), cirq.GridQubit(4, 1), cirq.GridQubit(5, 1), cirq.GridQubit(5, 2), cirq.GridQubit(6, 2), cirq.GridQubit(6, 3), cirq.GridQubit(7, 3), cirq.GridQubit(7, 4), cirq.GridQubit(8, 4)]
Using qubits, JW:[cirq.GridQubit(3, 2), cirq.GridQubit(4, 2), cirq.GridQubit(4, 3), cirq.GridQubit(5, 3), cirq.GridQubit(5, 4), cirq.GridQubit(6, 4), cirq.GridQubit(6, 5), cirq.GridQubit(7, 5), cirq.GridQubit(4, 1), cirq.GridQubit(5, 1), cirq.GridQubit(5, 2), cirq.GridQubit(6, 2), cirq.GridQubit(6, 3), cirq.GridQubit(7, 3), cirq.GridQubit(7, 4), cirq.GridQubit(8, 4)]
                  [31m(3, 2)[0m
                  │
                  │
         [35m(4, 1)[0m───[31m(4, 2)[0m───[31m(4, 3)[0m
         │        │        │
         │        │        │
(5, 0)───[35m(5, 1)[0m───[35m(5, 2)[0m───[31m(5, 3)[0m───[31m(5, 4)[0m
         │        │        │        │
         │        │        │        │
         (6, 1)───[35m(6, 2)[0m───[35m(6, 3)[0m───[31m(6, 4)[0m───[31m(6, 5)[0m
                  │        │        │        │
                  │        │        │        │
                  (7, 2)───[35m(7, 3)[0m───[35m(7, 4)[0m───[31m(7, 5)[0m───(7, 6)
                           │        │        │
                           │        │        │
                           (8, 3)───[35m(8, 4)[0m───(8, 5)
                                    │
                                    │
                                    (9, 4)
None
Meas types ['onsite0', 'horiz0', 'vert02', 'vert12']
Prepped onsite, pairs=[(0, 8), (1, 9), (2, 10), (3, 11), (4, 12), (5, 13), (6, 14), (7, 15)]
Prepped horiz, pairs=[(0, 1), (2, 3), (4, 5), (6, 7), (8, 9), (10, 11), (12, 13), (14, 15)]
Prepped vert0, pairs=[(1, 2), (3, 4), (5, 6), (9, 10), (11, 12), (13, 14)]
Prepped vert1, pairs=[(1, 2), (3, 4), (5, 6), (9, 10), (11, 12), (13, 14)]
Set recompilation to False
Got pairs set [(10, 11), (5, 6), (3, 11), (5, 13), (8, 9), (4, 12), (6, 14), (1, 2), (6, 7), (7, 15), (12, 13), (4, 5), (2, 10), (9, 10), (2, 3), (1, 9), (14, 15), (0, 8), (11, 12), (0, 1), (13, 14), (3, 4)]
---Starting to do calibration: delta 4.2846464730000005
---Starting to set up measurements: delta 1.0086184290000002
---Starting to run VQE: delta 2.1844571870000014
Running BayesMGD: n_evals 23, nshots 1000, max_iter 50, max_evals 600
---Preparing executables
---Running executables, 4 in batch, delta=2.0028430320000012
---Extracting values delta=2.547136933000001
---Extracted values delta=8.147223974000003
Running block of size 20...
---Preparing executables
---Running executables, 80 in batch, delta=51.598232783
---Extracting values delta=5.845393516999991
---Extracted values delta=60.746988646999995
Running block of size 20...
---Preparing executables
---Running executables, 80 in batch, delta=48.943810711
---Extracting values delta=5.607406015000009
---Extracted values delta=63.123433731000006
Running block of size 6...
---Preparing executables
---Running executables, 24 in batch, delta=12.950769573000002
---Extracting values delta=2.8504355149999583
---Extracted values delta=25.062198257000034
[26.21410329855876, 26.329581099655602]
2  :--------------------------------
fit_params:  [-0.134 -0.037 -0.033  0.119  0.173  0.208  0.114  0.203 -0.082 -0.005
 -0.898 -0.262 -0.587 -0.207 27.151]
current: 26.330+/-0.186  params:  [0.999 0.977 1.007 0.919]  grad:  [ 0.002  0.073 -0.022  0.262]  gamma_k: 0.3097  delta_k: 0.6000
Running block of size 20...
---Preparing executables
---Running executables, 80 in batch, delta=42.521987658
---Extracting values delta=9.599294982000004
---Extracted values delta=58.98728030400002
Running block of size 20...
---Preparing executables
---Running executables, 80 in batch, delta=55.00323541199998
---Extracting values delta=5.955752734999976
---Extracted values delta=63.542950974000064
Running block of size 6...
---Preparing executables
---Running executables, 24 in batch, delta=14.56814348699993
---Extracting values delta=2.449237261999997
---Extracted values delta=25.56822691100001
[26.21410329855876, 26.329581099655602, 26.329581099655602, 26.373818630545777]
3  :--------------------------------
fit_params:  [-0.267 -0.256 -0.215 -0.285  0.121  0.125  0.089  0.021  0.049 -0.126
 -0.061  0.067  0.507  0.753 25.566]
current: 26.374+/-0.141  params:  [1.017 0.957 0.937 0.889]  grad:  [-0.067  0.079  0.268  0.114]  gamma_k: 0.2604  delta_k: 0.5594
Running block of size 20...
---Preparing executables
---Running executables, 80 in batch, delta=40.90049455500002
---Extracting values delta=5.97924366999996
---Extracted values delta=59.06731861500009
Running block of size 20...
---Preparing executables
---Running executables, 80 in batch, delta=40.013866482000026
---Extracting values delta=5.833228435000024
---Extracted values delta=61.87796975699996
Running block of size 6...
---Preparing executables
---Running executables, 24 in batch, delta=12.527068646999965
---Extracting values delta=2.9312866430000213
---Extracted values delta=24.59226443800003
[26.21410329855876, 26.329581099655602, 26.329581099655602, 26.373818630545777, 26.373818630545777, 26.42783703760285]
4  :--------------------------------
fit_params:  [-0.013  0.036 -0.076 -0.305 -0.213  0.022  0.183  0.193  0.159 -0.361
  0.043 -0.206  0.571  0.532 25.841]
current: 26.428+/-0.120  params:  [1.018 0.944 0.895 0.887]  grad:  [-0.006  0.057  0.182  0.01 ]  gamma_k: 0.2277  delta_k: 0.5370
Running block of size 20...
---Preparing executables
---Running executables, 80 in batch, delta=42.58718475699993
---Extracting values delta=6.556697342999996
---Extracted values delta=58.55438985799992
Running block of size 20...
---Preparing executables
---Running executables, 80 in batch, delta=39.269961219999914
---Extracting values delta=8.42881760299997
---Extracted values delta=61.32973898099988
Running block of size 6...
---Preparing executables
---Running executables, 24 in batch, delta=11.686132834999853
---Extracting values delta=2.6989862240000093
---Extracted values delta=25.774911114000133
[26.21410329855876, 26.329581099655602, 26.329581099655602, 26.373818630545777, 26.373818630545777, 26.42783703760285, 26.42783703760285, 26.287413163183707]
5  :--------------------------------
fit_params:  [-0.03   0.036  0.163 -0.055 -0.161 -0.05   0.166 -0.149  0.191  0.057
  0.825 -0.279 -0.806 -0.103 26.48 ]
current: 26.287+/-0.102  params:  [0.997 0.924 0.937 0.896]  grad:  [ 0.104  0.096 -0.203 -0.044]  gamma_k: 0.2040  delta_k: 0.5216
Running block of size 20...
---Preparing executables
---Running executables, 80 in batch, delta=38.584865762999925
---Extracting values delta=8.746369456000139
---Extracted values delta=59.12428612200006
Running block of size 20...
---Preparing executables
---Running executables, 80 in batch, delta=38.19206737400009
---Extracting values delta=4.7880251859999134
---Extracted values delta=58.932126915000026
Running block of size 6...
---Preparing executables
---Running executables, 24 in batch, delta=12.958330129999922
---Extracting values delta=3.5855784549999044
---Extracted values delta=26.44124865599997
[26.21410329855876, 26.329581099655602, 26.329581099655602, 26.373818630545777, 26.373818630545777, 26.42783703760285, 26.42783703760285, 26.287413163183707, 26.287413163183707, 26.374500984723692]
6  :--------------------------------
fit_params:  [ 0.023 -0.056  0.001 -0.006 -0.318  0.007  0.208 -0.008  0.133  0.094
  0.687  0.118 -0.535 -0.351 26.295]
current: 26.375+/-0.102  params:  [0.97  0.922 0.931 0.888]  grad:  [0.144 0.01  0.033 0.045]  gamma_k: 0.1860  delta_k: 0.5100
Running block of size 20...
---Preparing executables
---Running executables, 80 in batch, delta=38.362873689000025
---Extracting values delta=5.622019629000079
---Extracted values delta=59.609045409000146
Running block of size 20...
---Preparing executables
---Running executables, 80 in batch, delta=38.08916748399997
---Extracting values delta=4.686972141000069
---Extracted values delta=58.290510235000056
Running block of size 6...
---Preparing executables
---Running executables, 24 in batch, delta=11.570768149999822
---Extracting values delta=3.242500691999794
---Extracted values delta=28.37158858199996
[26.21410329855876, 26.329581099655602, 26.329581099655602, 26.373818630545777, 26.373818630545777, 26.42783703760285, 26.42783703760285, 26.287413163183707, 26.287413163183707, 26.374500984723692, 26.374500984723692, 26.36502710312992]
7  :--------------------------------
fit_params:  [ 0.038 -0.345  0.162  0.205  0.025  0.033  0.162 -0.103  0.111 -0.263
  0.124  0.017 -0.178  0.208 26.243]
current: 26.365+/-0.098  params:  [0.949 0.935 0.928 0.873]  grad:  [ 0.124 -0.073  0.019  0.087]  gamma_k: 0.1716  delta_k: 0.5007
Running block of size 20...
---Preparing executables
---Running executables, 80 in batch, delta=39.65259544299988
---Extracting values delta=5.0769718439999
---Extracted values delta=62.10035808899988
Running block of size 20...
---Preparing executables
---Running executables, 80 in batch, delta=38.910381774999905
---Extracting values delta=4.9628026769999
---Extracted values delta=64.42388845400001
Running block of size 6...
---Preparing executables
---Running executables, 24 in batch, delta=11.589063044000113
---Extracting values delta=2.620822925000084
---Extracted values delta=30.691450012999894
[26.21410329855876, 26.329581099655602, 26.329581099655602, 26.373818630545777, 26.373818630545777, 26.42783703760285, 26.42783703760285, 26.287413163183707, 26.287413163183707, 26.374500984723692, 26.374500984723692, 26.36502710312992, 26.36502710312992, 26.36474953009357]
8  :--------------------------------
fit_params:  [-0.049 -0.208  0.077  0.153  0.083  0.02   0.004 -0.086  0.015 -0.054
  0.13   0.134 -0.153  0.048 26.295]
current: 26.365+/-0.090  params:  [0.936 0.945 0.937 0.86 ]  grad:  [ 0.08  -0.063 -0.058  0.081]  gamma_k: 0.1598  delta_k: 0.4929
Running block of size 20...
---Preparing executables
---Running executables, 80 in batch, delta=38.02579028700006
---Extracting values delta=5.089805062000096
---Extracted values delta=63.62226629100019
Running block of size 20...
---Preparing executables
---Running executables, 80 in batch, delta=37.995629753
---Extracting values delta=5.083772919000012
---Extracted values delta=62.06480031299998
Running block of size 6...
---Preparing executables
---Running executables, 24 in batch, delta=11.736866910000117
---Extracting values delta=2.2020781850001185
---Extracted values delta=28.435922262000076
[26.21410329855876, 26.329581099655602, 26.329581099655602, 26.373818630545777, 26.373818630545777, 26.42783703760285, 26.42783703760285, 26.287413163183707, 26.287413163183707, 26.374500984723692, 26.374500984723692, 26.36502710312992, 26.36502710312992, 26.36474953009357, 26.36474953009357, 26.34084049118892]
9  :--------------------------------
fit_params:  [ 0.159  0.012  0.396 -0.004 -0.091  0.001 -0.166 -0.089  0.198 -0.106
 -0.049  0.114 -0.16  -0.003 26.385]
current: 26.341+/-0.096  params:  [0.947 0.945 0.923 0.86 ]  grad:  [-0.075 -0.003  0.09  -0.   ]  gamma_k: 0.1500  delta_k: 0.4863
Running block of size 20...
---Preparing executables
---Running executables, 80 in batch, delta=38.40581382099981
---Extracting values delta=5.099445681999896
---Extracted values delta=62.6948771579996
Running block of size 20...
---Preparing executables
---Running executables, 80 in batch, delta=37.91130801999998
---Extracting values delta=5.573721539999951
---Extracted values delta=63.411281981999764
Running block of size 6...
---Preparing executables
---Running executables, 24 in batch, delta=11.526977547000115
---Extracting values delta=2.8257896410000285
---Extracted values delta=30.40116309799987
[26.21410329855876, 26.329581099655602, 26.329581099655602, 26.373818630545777, 26.373818630545777, 26.42783703760285, 26.42783703760285, 26.287413163183707, 26.287413163183707, 26.374500984723692, 26.374500984723692, 26.36502710312992, 26.36502710312992, 26.36474953009357, 26.36474953009357, 26.34084049118892, 26.34084049118892, 26.23294818645415]
10  :--------------------------------
fit_params:  [ 0.072  0.268  0.433  0.239 -0.028  0.021 -0.306  0.01   0.05  -0.043
 -0.187 -0.064 -0.197 -0.303 26.597]
current: 26.233+/-0.083  params:  [0.954 0.958 0.925 0.84 ]  grad:  [-0.046 -0.089 -0.011  0.141]  gamma_k: 0.1417  delta_k: 0.4806
Running block of size 20...
---Preparing executables
---Running executables, 80 in batch, delta=38.80572463499993
---Extracting values delta=5.172621837000406
---Extracted values delta=61.164330858000085
Running block of size 20...
---Preparing executables
---Running executables, 80 in batch, delta=38.13783706100003
---Extracting values delta=5.676378593000209
---Extracted values delta=62.10298165699987
Running block of size 6...
---Preparing executables
---Running executables, 24 in batch, delta=11.42122566199987
---Extracting values delta=4.340984073000072
---Extracted values delta=26.281033109999953
[26.21410329855876, 26.329581099655602, 26.329581099655602, 26.373818630545777, 26.373818630545777, 26.42783703760285, 26.42783703760285, 26.287413163183707, 26.287413163183707, 26.374500984723692, 26.374500984723692, 26.36502710312992, 26.36502710312992, 26.36474953009357, 26.36474953009357, 26.34084049118892, 26.34084049118892, 26.23294818645415, 26.23294818645415, 26.28422248962109]
11  :--------------------------------
fit_params:  [ 0.081  0.291  0.276  0.08  -0.115  0.042 -0.125  0.014  0.121 -0.067
 -0.083 -0.041 -0.27  -0.491 26.688]
current: 26.284+/-0.081  params:  [0.96  0.922 0.929 0.87 ]  grad:  [-0.046  0.27  -0.03  -0.221]  gamma_k: 0.1344  delta_k: 0.4755
Running block of size 20...
---Preparing executables
---Running executables, 80 in batch, delta=38.13283099699993
---Extracting values delta=5.284319529000186
---Extracted values delta=62.24682320099964
Running block of size 20...
---Preparing executables
---Running executables, 80 in batch, delta=38.0838819569999
---Extracting values delta=5.074738954000168
---Extracted values delta=62.53110066199997
Running block of size 6...
---Preparing executables
---Running executables, 24 in batch, delta=11.63944532100004
---Extracting values delta=9.685470944999906
---Extracted values delta=25.23217628700013
[26.21410329855876, 26.329581099655602, 26.329581099655602, 26.373818630545777, 26.373818630545777, 26.42783703760285, 26.42783703760285, 26.287413163183707, 26.287413163183707, 26.374500984723692, 26.374500984723692, 26.36502710312992, 26.36502710312992, 26.36474953009357, 26.36474953009357, 26.34084049118892, 26.34084049118892, 26.23294818645415, 26.23294818645415, 26.28422248962109, 26.28422248962109, 26.295664728662008]
12  :--------------------------------
fit_params:  [ 0.03   0.288  0.365  0.365 -0.113  0.073 -0.167  0.182  0.223 -0.201
 -0.307 -0.291 -0.091 -0.67  26.654]
current: 26.296+/-0.081  params:  [0.961 0.909 0.92  0.824]  grad:  [-0.005  0.1    0.07   0.353]  gamma_k: 0.1281  delta_k: 0.4709
Running block of size 20...
---Preparing executables
---Running executables, 80 in batch, delta=37.865629033000005
---Extracting values delta=4.971396378999998
---Extracted values delta=63.30655788800004
Running block of size 20...
---Preparing executables
---Running executables, 80 in batch, delta=38.14459454200005
---Extracting values delta=4.569918530999985
---Extracted values delta=63.164784908
Running block of size 6...
---Preparing executables
---Running executables, 24 in batch, delta=11.762563841999963
---Extracting values delta=2.5455216280001878
---Extracted values delta=29.22472808900011
[26.21410329855876, 26.329581099655602, 26.329581099655602, 26.373818630545777, 26.373818630545777, 26.42783703760285, 26.42783703760285, 26.287413163183707, 26.287413163183707, 26.374500984723692, 26.374500984723692, 26.36502710312992, 26.36502710312992, 26.36474953009357, 26.36474953009357, 26.34084049118892, 26.34084049118892, 26.23294818645415, 26.23294818645415, 26.28422248962109, 26.28422248962109, 26.295664728662008, 26.295664728662008, 26.24905621074901]
13  :--------------------------------
fit_params:  [ 0.171  0.431  0.324  0.42  -0.15   0.048 -0.17   0.147  0.051 -0.201
 -0.277 -0.327 -0.134 -0.696 26.893]
current: 26.249+/-0.084  params:  [0.947 0.916 0.93  0.824]  grad:  [ 0.11  -0.059 -0.085  0.003]  gamma_k: 0.1225  delta_k: 0.4668
Running block of size 20...
---Preparing executables
---Running executables, 80 in batch, delta=38.00337296199996
---Extracting values delta=4.748328291999769
---Extracted values delta=61.156811989999824
Running block of size 20...
---Preparing executables
---Running executables, 80 in batch, delta=37.87894621100031
---Extracting values delta=4.479740192999998
---Extracted values delta=59.206437994000225
Running block of size 6...
---Preparing executables
---Running executables, 24 in batch, delta=11.564625748000253
---Extracting values delta=2.3329834249998385
---Extracted values delta=25.1373991520004
[26.21410329855876, 26.329581099655602, 26.329581099655602, 26.373818630545777, 26.373818630545777, 26.42783703760285, 26.42783703760285, 26.287413163183707, 26.287413163183707, 26.374500984723692, 26.374500984723692, 26.36502710312992, 26.36502710312992, 26.36474953009357, 26.36474953009357, 26.34084049118892, 26.34084049118892, 26.23294818645415, 26.23294818645415, 26.28422248962109, 26.28422248962109, 26.295664728662008, 26.295664728662008, 26.24905621074901, 26.24905621074901, 26.207644942495193]
14  :--------------------------------
fit_params:  [ 0.241  0.408  0.429  0.401 -0.173  0.06  -0.13   0.139 -0.044 -0.077
 -0.388 -0.346 -0.445 -0.704 27.069]
current: 26.208+/-0.082  params:  [0.936 0.944 0.918 0.825]  grad:  [ 0.095 -0.24   0.104 -0.004]  gamma_k: 0.1175  delta_k: 0.4631
Running block of size 20...
---Preparing executables
---Running executables, 80 in batch, delta=38.28826925099975
---Extracting values delta=4.555565306000062
---Extracted values delta=58.081975907000015
Running block of size 20...
---Preparing executables
---Running executables, 80 in batch, delta=37.97242810899979
---Extracting values delta=4.798835213000075
---Extracted values delta=61.25729114600017
Running block of size 6...
---Preparing executables
---Running executables, 24 in batch, delta=11.4273057649998
---Extracting values delta=2.466356363000159
---Extracted values delta=25.462751083999592
[26.21410329855876, 26.329581099655602, 26.329581099655602, 26.373818630545777, 26.373818630545777, 26.42783703760285, 26.42783703760285, 26.287413163183707, 26.287413163183707, 26.374500984723692, 26.374500984723692, 26.36502710312992, 26.36502710312992, 26.36474953009357, 26.36474953009357, 26.34084049118892, 26.34084049118892, 26.23294818645415, 26.23294818645415, 26.28422248962109, 26.28422248962109, 26.295664728662008, 26.295664728662008, 26.24905621074901, 26.24905621074901, 26.207644942495193, 26.207644942495193, 26.215813488659556]
15  :--------------------------------
fit_params:  [ 0.321  0.44   0.491  0.514 -0.179  0.06  -0.13   0.01   0.04  -0.167
 -0.283 -0.288 -0.565 -0.705 27.05 ]
current: 26.216+/-0.084  params:  [0.924 0.94  0.926 0.832]  grad:  [ 0.106  0.035 -0.071 -0.069]  gamma_k: 0.1131  delta_k: 0.4596
***26.22+/-0.08 1631717751.0249531
---VQE complete: delta 3605.490535938
Data collected can be found at experiments/4x2_bayesmgd_zz_x_U_4_nocc_15_d_1-0915-145537/2x4
