{'theta': True, 'zeta': True, 'chi': False, 'gamma': True, 'phi': True, 'time': None}
{'theta': False, 'zeta': False, 'chi': False, 'gamma': False, 'phi': False, 'time': None}
(cirq.GridQubit(3, 2), cirq.GridQubit(4, 2)) = [0.005653352934596179]
(cirq.GridQubit(4, 1), cirq.GridQubit(5, 1)) = [0.007375015732618062]
(cirq.GridQubit(4, 2), cirq.GridQubit(5, 2)) = [0.00700440704363417]
(cirq.GridQubit(4, 3), cirq.GridQubit(5, 3)) = [0.00842885403620891]
(cirq.GridQubit(5, 0), cirq.GridQubit(5, 1)) = [0.007143743381215151]
(cirq.GridQubit(5, 1), cirq.GridQubit(5, 2)) = [0.007232199681100754]
(cirq.GridQubit(5, 1), cirq.GridQubit(6, 1)) = [0.006847979209530453]
(cirq.GridQubit(5, 2), cirq.GridQubit(5, 3)) = [0.005365521924709626]
(cirq.GridQubit(5, 2), cirq.GridQubit(6, 2)) = [0.009054877847637977]
(cirq.GridQubit(5, 3), cirq.GridQubit(5, 4)) = [0.004709536197255504]
(cirq.GridQubit(5, 3), cirq.GridQubit(6, 3)) = [0.0059856756579679815]
(cirq.GridQubit(5, 4), cirq.GridQubit(6, 4)) = [0.004651029460094991]
(cirq.GridQubit(6, 1), cirq.GridQubit(6, 2)) = [0.00792094837289739]
(cirq.GridQubit(6, 2), cirq.GridQubit(6, 3)) = [0.007011248412327475]
(cirq.GridQubit(6, 3), cirq.GridQubit(6, 4)) = [0.008591080011911889]
(cirq.GridQubit(6, 3), cirq.GridQubit(7, 3)) = [0.007132916363217168]
(cirq.GridQubit(6, 4), cirq.GridQubit(6, 5)) = [0.006546439558907491]
(cirq.GridQubit(6, 5), cirq.GridQubit(7, 5)) = [0.005374354358644029]
(cirq.GridQubit(7, 2), cirq.GridQubit(7, 3)) = [0.005801452337931445]
(cirq.GridQubit(7, 3), cirq.GridQubit(7, 4)) = [0.007189246112731862]
(cirq.GridQubit(7, 3), cirq.GridQubit(8, 3)) = [0.007149153734468561]
(cirq.GridQubit(7, 4), cirq.GridQubit(7, 5)) = [0.007115721498997363]
(cirq.GridQubit(7, 4), cirq.GridQubit(8, 4)) = [0.008183566995623004]
(cirq.GridQubit(7, 5), cirq.GridQubit(7, 6)) = [0.007730965482185048]
(cirq.GridQubit(7, 5), cirq.GridQubit(8, 5)) = [0.007667429199111786]
(cirq.GridQubit(8, 3), cirq.GridQubit(8, 4)) = [0.009143646022778867]
(cirq.GridQubit(8, 4), cirq.GridQubit(9, 4)) = [0.006191280976748176]
                  (3, 2)
                  │
                  │
         (4, 1)───(4, 2)───(4, 3)
         │        │        │
         │        │        │
(5, 0)───(5, 1)───(5, 2)───(5, 3)───(5, 4)
         │        │        │        │
         │        │        │        │
         (6, 1)───(6, 2)───(6, 3)───(6, 4)───(6, 5)
                  │        │        │        │
                  │        │        │        │
                  (7, 2)───(7, 3)───(7, 4)───(7, 5)───(7, 6)
                           │        │        │
                           │        │        │
                           (8, 3)───(8, 4)───(8, 5)
                                    │
                                    │
                                    (9, 4)
Start at: (3, 2), with dr
Using qubits [cirq.GridQubit(3, 2), cirq.GridQubit(4, 2), cirq.GridQubit(4, 3), cirq.GridQubit(5, 3), cirq.GridQubit(5, 4), cirq.GridQubit(6, 4), cirq.GridQubit(6, 5), cirq.GridQubit(7, 5), cirq.GridQubit(4, 1), cirq.GridQubit(5, 1), cirq.GridQubit(5, 2), cirq.GridQubit(6, 2), cirq.GridQubit(6, 3), cirq.GridQubit(7, 3), cirq.GridQubit(7, 4), cirq.GridQubit(8, 4)]
Using qubits, JW:[cirq.GridQubit(3, 2), cirq.GridQubit(4, 2), cirq.GridQubit(4, 3), cirq.GridQubit(5, 3), cirq.GridQubit(5, 4), cirq.GridQubit(6, 4), cirq.GridQubit(6, 5), cirq.GridQubit(7, 5), cirq.GridQubit(4, 1), cirq.GridQubit(5, 1), cirq.GridQubit(5, 2), cirq.GridQubit(6, 2), cirq.GridQubit(6, 3), cirq.GridQubit(7, 3), cirq.GridQubit(7, 4), cirq.GridQubit(8, 4)]
                  [31m(3, 2)[0m
                  │
                  │
         [35m(4, 1)[0m───[31m(4, 2)[0m───[31m(4, 3)[0m
         │        │        │
         │        │        │
(5, 0)───[35m(5, 1)[0m───[35m(5, 2)[0m───[31m(5, 3)[0m───[31m(5, 4)[0m
         │        │        │        │
         │        │        │        │
         (6, 1)───[35m(6, 2)[0m───[35m(6, 3)[0m───[31m(6, 4)[0m───[31m(6, 5)[0m
                  │        │        │        │
                  │        │        │        │
                  (7, 2)───[35m(7, 3)[0m───[35m(7, 4)[0m───[31m(7, 5)[0m───(7, 6)
                           │        │        │
                           │        │        │
                           (8, 3)───[35m(8, 4)[0m───(8, 5)
                                    │
                                    │
                                    (9, 4)
None
Set recompilation to False
Got pairs set [(10, 11), (5, 6), (3, 11), (5, 13), (8, 9), (4, 12), (6, 14), (1, 2), (6, 7), (7, 15), (12, 13), (4, 5), (2, 10), (9, 10), (2, 3), (1, 9), (14, 15), (0, 8), (11, 12), (0, 1), (13, 14), (3, 4)]
---Starting to do calibration: delta 3.938583706000001
---Starting to set up measurements: delta 1.186462593
---Starting to run VQE: delta 2.130077911999999
Running BayesMGD: n_evals 15, nshots 1000, max_iter 50, max_evals 300
---Preparing executables
---Running executables delta=2.5195132660000006
---Extracting values delta=1.7495293590000003
---Extracted values delta=43.029075538
---Preparing executables
---Running executables delta=80.09257606599999
---Extracting values delta=11.965853788000004
---Extracted values delta=123.57704205099998
[2.5782276560460113, 1.658829814219136]
2  :--------------------------------
fit_params:  [ 3.548  4.169  0.797 -0.458 -0.043  2.244 -4.028 -9.655 -4.197  8.215]
current: 1.659+/-0.539  params:  [0.592 0.554 0.644]  grad:  [2.066 2.255 1.801]  gamma_k: 0.1977  delta_k: 0.6000
---Preparing executables
---Running executables delta=70.84292856799999
---Extracting values delta=12.978013934999979
---Extracted values delta=76.594548503
[2.5782276560460113, 1.658829814219136, 1.658829814219136, 1.3646802350256735]
3  :--------------------------------
fit_params:  [ 2.375  2.648  0.032 -0.046 -0.036 -0.008 -3.306 -3.419  0.724  3.306]
current: 1.365+/-0.174  params:  [0.684 0.639 0.534]  grad:  [-0.593 -0.548  0.713]  gamma_k: 0.1548  delta_k: 0.5594
---Preparing executables
---Running executables delta=73.55817968300005
---Extracting values delta=12.712539061999905
---Extracted values delta=70.68079646000001
[2.5782276560460113, 1.658829814219136, 1.658829814219136, 1.3646802350256735, 1.3646802350256735, 1.0730756043520229]
4  :--------------------------------
fit_params:  [ 3.127  4.2    0.492 -0.57   0.179 -0.462 -3.276 -3.909 -0.269  3.369]
current: 1.073+/-0.158  params:  [0.623 0.615 0.545]  grad:  [ 0.462  0.188 -0.089]  gamma_k: 0.1302  delta_k: 0.5370
---Preparing executables
---Running executables delta=72.93751528899998
---Extracting values delta=12.551874462
---Extracted values delta=76.09596097300005
[2.5782276560460113, 1.658829814219136, 1.658829814219136, 1.3646802350256735, 1.3646802350256735, 1.0730756043520229, 1.0730756043520229, 0.7607845941207085]
5  :--------------------------------
fit_params:  [ 3.709  3.784  0.551 -0.855 -0.363  0.087 -3.777 -3.623 -1.063  3.958]
current: 0.761+/-0.161  params:  [0.692 0.608 0.637]  grad:  [-0.6    0.057 -0.808]  gamma_k: 0.1139  delta_k: 0.5216
---Preparing executables
---Running executables delta=74.52088435799999
---Extracting values delta=12.29915711600006
---Extracted values delta=67.546253277
[2.5782276560460113, 1.658829814219136, 1.658829814219136, 1.3646802350256735, 1.3646802350256735, 1.0730756043520229, 1.0730756043520229, 0.7607845941207085, 0.7607845941207085, 1.2329846084430318]
6  :--------------------------------
fit_params:  [ 3.383  4.273  0.4   -1.261  0.634  0.138 -3.764 -4.151 -1.084  4.057]
current: 1.233+/-0.114  params:  [0.672 0.661 0.589]  grad:  [ 0.189 -0.521  0.47 ]  gamma_k: 0.1020  delta_k: 0.5100
---Preparing executables
---Running executables delta=71.63584381800001
---Extracting values delta=12.501518574000102
---Extracted values delta=71.66454859499993
[2.5782276560460113, 1.658829814219136, 1.658829814219136, 1.3646802350256735, 1.3646802350256735, 1.0730756043520229, 1.0730756043520229, 0.7607845941207085, 0.7607845941207085, 1.2329846084430318, 1.2329846084430318, 1.524651197945172]
7  :--------------------------------
fit_params:  [ 3.091  4.237  0.681 -0.728  0.706  0.496 -3.807 -5.307 -1.634  4.582]
current: 1.525+/-0.119  params:  [0.652 0.67  0.517]  grad:  [ 0.219 -0.097  0.775]  gamma_k: 0.0930  delta_k: 0.5007
---Preparing executables
---Running executables delta=72.47114517900013
---Extracting values delta=12.72031863999996
---Extracted values delta=72.82813210099994
[2.5782276560460113, 1.658829814219136, 1.658829814219136, 1.3646802350256735, 1.3646802350256735, 1.0730756043520229, 1.0730756043520229, 0.7607845941207085, 0.7607845941207085, 1.2329846084430318, 1.2329846084430318, 1.524651197945172, 1.524651197945172, 1.2307158608488524]
8  :--------------------------------
fit_params:  [ 3.321  3.859  0.467 -0.104  0.303  0.209 -4.547 -5.617 -1.187  4.939]
current: 1.231+/-0.121  params:  [0.656 0.701 0.52 ]  grad:  [-0.042 -0.362 -0.029]  gamma_k: 0.0858  delta_k: 0.4929
---Preparing executables
---Running executables delta=74.06527994500016
---Extracting values delta=12.395749457999955
---Extracted values delta=71.06189987500011
[2.5782276560460113, 1.658829814219136, 1.658829814219136, 1.3646802350256735, 1.3646802350256735, 1.0730756043520229, 1.0730756043520229, 0.7607845941207085, 0.7607845941207085, 1.2329846084430318, 1.2329846084430318, 1.524651197945172, 1.524651197945172, 1.2307158608488524, 1.2307158608488524, 1.1648532616492453]
9  :--------------------------------
fit_params:  [ 3.138  4.029  1.597 -0.027  0.191  0.059 -4.169 -5.578 -1.37   4.576]
current: 1.165+/-0.130  params:  [0.647 0.693 0.47 ]  grad:  [0.106 0.1   0.624]  gamma_k: 0.0799  delta_k: 0.4863
---Preparing executables
---Running executables delta=73.85599536200016
---Extracting values delta=12.676487380000026
---Extracted values delta=78.49792987399996
[2.5782276560460113, 1.658829814219136, 1.658829814219136, 1.3646802350256735, 1.3646802350256735, 1.0730756043520229, 1.0730756043520229, 0.7607845941207085, 0.7607845941207085, 1.2329846084430318, 1.2329846084430318, 1.524651197945172, 1.524651197945172, 1.2307158608488524, 1.2307158608488524, 1.1648532616492453, 1.1648532616492453, 1.1774117825838557]
10  :--------------------------------
fit_params:  [ 3.023  4.258  1.394 -0.061 -0.074  0.181 -4.066 -6.123 -1.259  4.971]
current: 1.177+/-0.125  params:  [0.67  0.703 0.454]  grad:  [-0.308 -0.127  0.207]  gamma_k: 0.0750  delta_k: 0.4806
---Preparing executables
---Running executables delta=75.11918764300003
---Extracting values delta=12.86294324000005
---Extracted values delta=69.810188208
[2.5782276560460113, 1.658829814219136, 1.658829814219136, 1.3646802350256735, 1.3646802350256735, 1.0730756043520229, 1.0730756043520229, 0.7607845941207085, 0.7607845941207085, 1.2329846084430318, 1.2329846084430318, 1.524651197945172, 1.524651197945172, 1.2307158608488524, 1.2307158608488524, 1.1648532616492453, 1.1648532616492453, 1.1774117825838557, 1.1774117825838557, 0.8606882176533371]
11  :--------------------------------
fit_params:  [ 2.464  3.929  1.075 -0.037 -0.394  0.129 -3.634 -5.918 -0.953  4.949]
current: 0.861+/-0.108  params:  [0.723 0.726 0.477]  grad:  [-0.74  -0.326 -0.323]  gamma_k: 0.0708  delta_k: 0.4755
***0.86+/-0.11 1630455837.945914
---VQE complete: delta 1690.6746994100001
Data collected can be found at experiments/8x1_bayesmgd_zz_x_U_4_nocc_8_d_1-0901/8x1
