{'theta': True, 'zeta': True, 'chi': False, 'gamma': True, 'phi': True, 'time': None}
{'theta': False, 'zeta': False, 'chi': False, 'gamma': False, 'phi': False, 'time': None}
                  (3, 2)
                  │
                  │
         (4, 1)───(4, 2)───(4, 3)
         │        │        │
         │        │        │
(5, 0)───(5, 1)───(5, 2)───(5, 3)───(5, 4)
         │        │        │        │
         │        │        │        │
         (6, 1)───(6, 2)───(6, 3)───(6, 4)───(6, 5)
                  │        │        │        │
                  │        │        │        │
                  (7, 2)───(7, 3)───(7, 4)───(7, 5)───(7, 6)
                           │        │        │
                           │        │        │
                           (8, 3)───(8, 4)───(8, 5)
                                    │
                                    │
                                    (9, 4)
Start at: (3, 2), with dr
Using qubits [cirq.GridQubit(3, 2), cirq.GridQubit(4, 2), cirq.GridQubit(4, 3), cirq.GridQubit(5, 3), cirq.GridQubit(5, 4), cirq.GridQubit(6, 4), cirq.GridQubit(6, 5), cirq.GridQubit(7, 5), cirq.GridQubit(4, 1), cirq.GridQubit(5, 1), cirq.GridQubit(5, 2), cirq.GridQubit(6, 2), cirq.GridQubit(6, 3), cirq.GridQubit(7, 3), cirq.GridQubit(7, 4), cirq.GridQubit(8, 4)]
Using qubits, JW:[cirq.GridQubit(3, 2), cirq.GridQubit(4, 2), cirq.GridQubit(4, 3), cirq.GridQubit(5, 3), cirq.GridQubit(5, 4), cirq.GridQubit(6, 4), cirq.GridQubit(6, 5), cirq.GridQubit(7, 5), cirq.GridQubit(4, 1), cirq.GridQubit(5, 1), cirq.GridQubit(5, 2), cirq.GridQubit(6, 2), cirq.GridQubit(6, 3), cirq.GridQubit(7, 3), cirq.GridQubit(7, 4), cirq.GridQubit(8, 4)]
                  [31m(3, 2)[0m
                  │
                  │
         [35m(4, 1)[0m───[31m(4, 2)[0m───[31m(4, 3)[0m
         │        │        │
         │        │        │
(5, 0)───[35m(5, 1)[0m───[35m(5, 2)[0m───[31m(5, 3)[0m───[31m(5, 4)[0m
         │        │        │        │
         │        │        │        │
         (6, 1)───[35m(6, 2)[0m───[35m(6, 3)[0m───[31m(6, 4)[0m───[31m(6, 5)[0m
                  │        │        │        │
                  │        │        │        │
                  (7, 2)───[35m(7, 3)[0m───[35m(7, 4)[0m───[31m(7, 5)[0m───(7, 6)
                           │        │        │
                           │        │        │
                           (8, 3)───[35m(8, 4)[0m───(8, 5)
                                    │
                                    │
                                    (9, 4)
None
Meas types ['onsite0', 'horiz0', 'horiz1']
Prepped onsite, pairs=[(0, 8), (1, 9), (2, 10), (3, 11), (4, 12), (5, 13), (6, 14), (7, 15)]
Prepped horiz, pairs=[(0, 1), (2, 3), (4, 5), (6, 7), (8, 9), (10, 11), (12, 13), (14, 15)]
Prepped horiz, pairs=[(1, 2), (3, 4), (5, 6), (9, 10), (11, 12), (13, 14)]
Set recompilation to False
Got pairs set [(10, 11), (5, 6), (3, 11), (5, 13), (8, 9), (4, 12), (6, 14), (1, 2), (6, 7), (7, 15), (12, 13), (4, 5), (2, 10), (9, 10), (2, 3), (1, 9), (14, 15), (0, 8), (11, 12), (0, 1), (13, 14), (3, 4)]
---Starting to do calibration: delta 2.803355798
---Starting to set up measurements: delta 0.6900918810000007
---Starting to run VQE: delta 1.2299705960000011
No optimisation, save file is experiments/8x1_single_zz_x_U_8_nocc_7_d_1-0915-000603/8x1/processed/processed.json
Given params: [[[[[1.003, 0.689, 0.493]]], [[[-1.003, -0.689, -0.493]]], [[[0, 0.689, 0.493]]], [[[0, -0.689, -0.493]]]]]
---Preparing executables
---Running executables, 12 in batch, delta=5.1547810269999985
---Extracting values delta=3.4452587930000007
---Extracted values delta=51.86528278499999
===2.4321594013295007 2.1534660889524435 5.008062000167668 6.721332088059258 1631660828.892579
Computed energies [2.292812745140972], params [[[[1.003, 0.689, 0.493]]], [[[-1.003, -0.689, -0.493]]], [[[0, 0.689, 0.493]]], [[[0, -0.689, -0.493]]]]
***2.292812745140972 1631660828.894814
---VQE complete: delta 60.470784997
---Starting TFLO
Using saved points
Using params [[[0, 0, 0]], [[0, 0, 0.785398]], [[0, 1.5708, 0.785398]], [[0, 1.5708, 1.5708]], [[0, 5.49779, 0.785398]], [[0, 2.35619, 0.785398]], [[0, 2.35619, 1.5708]], [[0, 5.49779, 1.5708]], [[0, 0.785398, 3.14159]], [[0, 0, 3.14159]], [[0, 5.49779, 2.35619]], [[0, 5.49779, 3.92699]], [[0, 2.35619, 3.14159]], [[0, 4.71239, 2.35619]], [[0, 3.92699, 2.35619]], [[0, 3.92699, 3.92699]], [[0, 0.689, 0.493]], [[1.003, 0.689, 0.493]], [[0, 0, 0]], [[0, 0, -0.785398]], [[0, -1.5708, -0.785398]], [[0, -1.5708, -1.5708]], [[0, -5.49779, -0.785398]], [[0, -2.35619, -0.785398]], [[0, -2.35619, -1.5708]], [[0, -5.49779, -1.5708]], [[0, -0.785398, -3.14159]], [[0, 0, -3.14159]], [[0, -5.49779, -2.35619]], [[0, -5.49779, -3.92699]], [[0, -2.35619, -3.14159]], [[0, -4.71239, -2.35619]], [[0, -3.92699, -2.35619]], [[0, -3.92699, -3.92699]], [[0, -0.689, -0.493]], [[-1.003, -0.689, -0.493]]]
---Preparing executables
---Running executables, 108 in batch, delta=47.32864049
---Extracting values delta=6.39457985899999
---Extracted values delta=110.01970068
---Time for noisy calculation: 163.76092615599998
***TFLON: 5.704849662765085,6.143658607113579,6.557962683293386,6.881513204514796,8.211114417188222,8.641614353860364,8.974629137658098,9.917577271509344,8.081721663770184,9.404440538883698,11.332481074399748,12.495649818069577,12.488498710836195,11.882861583849973,11.24786779943468,12.289914448537838,5.0748669259389665,2.349451989602332,5.590364843245062,6.129660661729016,6.505478361253918,6.927734097035902,6.2721302810885575,6.678403243475722,7.656733761873193,8.433013277929941,10.642250845945755,9.42216386842774,9.553230974188779,9.596717705813328,10.382251297371889,12.004210041262125,13.117608523069446,13.547120582696852,6.479722044007023,2.2921955332752892 1631660994.691783
Noisy energies by type: {'onsite0': array([11.83632568, 12.06607177, 12.34091359, 12.17295163, 12.94362902,
       12.96683979, 12.64944945, 12.90333692, 10.76015936, 11.62139284,
       12.92385573, 13.08525864, 12.96152321, 12.00504414, 10.96871089,
       10.99723648, 11.27984344,  5.97896347, 11.75066859, 11.81231672,
       12.0724849 , 11.90386266, 10.81268943, 10.9081761 , 11.1950052 ,
       11.46408726, 13.1037851 , 11.66781726, 11.332098  , 10.86475575,
       10.88848114, 12.27647534, 12.83568652, 12.51020408, 12.65604821,
        6.84579439]), 'horiz0': array([-3.76013099, -3.48042199, -4.81278128, -4.29282511, -2.86501055,
       -4.52033785, -3.8551285 , -1.23882682, -0.61783164,  0.18242123,
        0.19853781,  1.12614532, -0.72441118,  0.50261186, -0.15909091,
        0.87523709, -4.06726257, -2.1185397 , -3.77408841, -3.27461684,
       -4.84149674, -4.31866307, -2.53017062, -4.6262648 , -3.92490289,
       -1.01134931, -0.63616699,  0.13551816,  0.28367129,  0.78198237,
       -0.88694368,  0.69878997,  0.10672757,  0.85133055, -4.1886196 ,
       -3.18633301]), 'horiz1': array([-2.37134503, -2.44199117, -0.97016962, -0.99861331, -1.86750405,
        0.19511241,  0.18030818, -1.74693283, -2.06060606, -2.39937353,
       -1.78991246, -1.71575414,  0.25138669, -0.62479441,  0.43824782,
        0.41744088, -2.13771395, -1.51097179, -2.38621533, -2.40803922,
       -0.7255098 , -0.6574655 , -2.01038853,  0.39649194,  0.38663145,
       -2.01972468, -1.82536727, -2.38117155, -2.06253832, -2.05002042,
        0.38071384, -0.97105528,  0.17519443,  0.18558595, -1.98770657,
       -1.36726585])}
Using saved exact energies
Data collected can be found at experiments/8x1_single_zz_x_U_8_nocc_7_d_1-0915-000603/8x1
