{'theta': True, 'zeta': True, 'chi': False, 'gamma': True, 'phi': True, 'time': None}
{'theta': False, 'zeta': False, 'chi': False, 'gamma': False, 'phi': False, 'time': None}
                  (3, 2)
                  │
                  │
         (4, 1)───(4, 2)───(4, 3)
         │        │        │
         │        │        │
(5, 0)───(5, 1)───(5, 2)───(5, 3)───(5, 4)
         │        │        │        │
         │        │        │        │
         (6, 1)───(6, 2)───(6, 3)───(6, 4)───(6, 5)
                  │        │        │        │
                  │        │        │        │
                  (7, 2)───(7, 3)───(7, 4)───(7, 5)───(7, 6)
                           │        │        │
                           │        │        │
                           (8, 3)───(8, 4)───(8, 5)
                                    │
                                    │
                                    (9, 4)
Start at: (3, 2), with dr
Using qubits [cirq.GridQubit(3, 2), cirq.GridQubit(4, 2), cirq.GridQubit(4, 3), cirq.GridQubit(5, 3), cirq.GridQubit(5, 4), cirq.GridQubit(6, 4), cirq.GridQubit(6, 5), cirq.GridQubit(7, 5), cirq.GridQubit(4, 1), cirq.GridQubit(5, 1), cirq.GridQubit(5, 2), cirq.GridQubit(6, 2), cirq.GridQubit(6, 3), cirq.GridQubit(7, 3), cirq.GridQubit(7, 4), cirq.GridQubit(8, 4)]
Using qubits, JW:[cirq.GridQubit(3, 2), cirq.GridQubit(4, 2), cirq.GridQubit(4, 3), cirq.GridQubit(5, 3), cirq.GridQubit(5, 4), cirq.GridQubit(6, 4), cirq.GridQubit(6, 5), cirq.GridQubit(7, 5), cirq.GridQubit(4, 1), cirq.GridQubit(5, 1), cirq.GridQubit(5, 2), cirq.GridQubit(6, 2), cirq.GridQubit(6, 3), cirq.GridQubit(7, 3), cirq.GridQubit(7, 4), cirq.GridQubit(8, 4)]
                  [31m(3, 2)[0m
                  │
                  │
         [35m(4, 1)[0m───[31m(4, 2)[0m───[31m(4, 3)[0m
         │        │        │
         │        │        │
(5, 0)───[35m(5, 1)[0m───[35m(5, 2)[0m───[31m(5, 3)[0m───[31m(5, 4)[0m
         │        │        │        │
         │        │        │        │
         (6, 1)───[35m(6, 2)[0m───[35m(6, 3)[0m───[31m(6, 4)[0m───[31m(6, 5)[0m
                  │        │        │        │
                  │        │        │        │
                  (7, 2)───[35m(7, 3)[0m───[35m(7, 4)[0m───[31m(7, 5)[0m───(7, 6)
                           │        │        │
                           │        │        │
                           (8, 3)───[35m(8, 4)[0m───(8, 5)
                                    │
                                    │
                                    (9, 4)
None
Meas types ['onsite0', 'horiz0', 'vert02', 'vert12']
Prepped onsite, pairs=[(0, 8), (1, 9), (2, 10), (3, 11), (4, 12), (5, 13), (6, 14), (7, 15)]
Prepped horiz, pairs=[(0, 1), (2, 3), (4, 5), (6, 7), (8, 9), (10, 11), (12, 13), (14, 15)]
Prepped vert0, pairs=[(1, 2), (3, 4), (5, 6), (9, 10), (11, 12), (13, 14)]
Prepped vert1, pairs=[(1, 2), (3, 4), (5, 6), (9, 10), (11, 12), (13, 14)]
Set recompilation to False
Got pairs set [(10, 11), (5, 6), (3, 11), (5, 13), (8, 9), (4, 12), (6, 14), (1, 2), (6, 7), (7, 15), (12, 13), (4, 5), (2, 10), (9, 10), (2, 3), (1, 9), (14, 15), (0, 8), (11, 12), (0, 1), (13, 14), (3, 4)]
---Starting to do calibration: delta 3.4492943039999995
---Starting to set up measurements: delta 1.3856805780000006
---Starting to run VQE: delta 2.722579114
No optimisation, save file is experiments/4x2_single_U_4_nocc_12_d_1-0915-211025/2x4/processed/processed.json
Given params: [[[[[0.439, 0.373, 0.576, 0.473]]], [[[-0.439, -0.373, -0.576, -0.473]]], [[[0, 0.373, 0.576, 0.473]]], [[[0, -0.373, -0.576, -0.473]]]]]
---Preparing executables
---Running executables, 16 in batch, delta=9.755368885000001
---Extracting values delta=2.535344460000001
---Extracted values delta=71.534095683
===12.174021869294325 11.605276723076262 12.163783097623941 12.327432828338138 1631736716.906
Computed energies [11.889649296185294], params [[[[0.439, 0.373, 0.576, 0.473]]], [[[-0.439, -0.373, -0.576, -0.473]]], [[[0, 0.373, 0.576, 0.473]]], [[[0, -0.373, -0.576, -0.473]]]]
***11.889649296185294 1631736716.907753
---VQE complete: delta 83.83160652100001
---Starting TFLO
Using saved points
Using params [[[0, 4.71239, 0, 0]], [[0, 0, 0, 1.5708]], [[0, 3.14159, 4.71239, 0.785398]], [[0, 1.5708, 0.785398, 3.14159]], [[0, 3.14159, 3.14159, 1.5708]], [[0, 3.14159, 0, 3.92699]], [[0, 1.5708, 0, 4.71239]], [[0, 3.92699, 5.49779, 3.92699]], [[0, 1.5708, 4.71239, 3.14159]], [[0, 3.14159, 1.5708, 4.71239]], [[0, 4.71239, 4.71239, 3.92699]], [[0, 3.14159, 1.5708, 5.49779]], [[0, 3.14159, 3.14159, 3.92699]], [[0, 5.49779, 2.35619, 4.71239]], [[0, 3.14159, 3.92699, 4.71239]], [[0, 0, 3.92699, 5.49779]], [[0, 0.373, 0.576, 0.473]], [[0.439, 0.373, 0.576, 0.473]], [[0, -4.71239, 0, 0]], [[0, 0, 0, -1.5708]], [[0, -3.14159, -4.71239, -0.785398]], [[0, -1.5708, -0.785398, -3.14159]], [[0, -3.14159, -3.14159, -1.5708]], [[0, -3.14159, 0, -3.92699]], [[0, -1.5708, 0, -4.71239]], [[0, -3.92699, -5.49779, -3.92699]], [[0, -1.5708, -4.71239, -3.14159]], [[0, -3.14159, -1.5708, -4.71239]], [[0, -4.71239, -4.71239, -3.92699]], [[0, -3.14159, -1.5708, -5.49779]], [[0, -3.14159, -3.14159, -3.92699]], [[0, -5.49779, -2.35619, -4.71239]], [[0, -3.14159, -3.92699, -4.71239]], [[0, 0, -3.92699, -5.49779]], [[0, -0.373, -0.576, -0.473]], [[-0.439, -0.373, -0.576, -0.473]]]
---Preparing executables
---Running executables, 144 in batch, delta=82.53741863599998
---Extracting values delta=9.01475401099998
---Extracted values delta=141.394513914
---Time for noisy calculation: 232.97185145999998
***TFLON: 12.297408450651268,12.946783202154913,13.313521502889529,14.648522910030277,14.644965856085829,15.151938286166338,16.285717736948374,16.785025427109414,17.49846665880326,18.48262684527,18.878004123971245,19.414007934551492,20.47592717653143,20.434427842703872,21.76668569629455,22.349970015265427,12.214302255956566,12.2420621998201,12.505977565194359,12.796412121832523,13.846489434227491,15.071557317251127,15.480087240299108,15.546502651435041,16.534140154360266,17.081272783874674,18.20697463399488,18.918217618259177,19.140643526197763,19.737604191466378,20.255031101236696,20.306722822571118,21.2336645386658,23.168310181901738,12.418788753670004,11.761294729969965 1631736953.0851982
Noisy energies by type: {'onsite0': array([18.0519133 , 17.95545531, 17.96866989, 18.30932704, 17.912     ,
       17.84861878, 18.13597734, 17.83190962, 17.97430168, 18.07373272,
       18.00772627, 18.05625718, 18.0475927 , 18.28679654, 18.07094595,
       17.90642955, 17.84782609, 17.35222151, 18.13507625, 17.98171429,
       18.02440318, 17.94083495, 18.08581206, 18.01085187, 18.05808219,
       18.24017467, 18.11721029, 17.98659158, 17.94482759, 17.92353258,
       17.9279661 , 17.91355705, 17.9195279 , 17.93171265, 18.04056682,
       17.43873947]), 'horiz0': array([-2.94104308, -2.83190709, -2.81676647, -2.40986231, -1.96754808,
       -2.84596577, -2.82476706, -2.08826074, -1.48103552, -0.56152405,
       -0.88032931, -0.39181847,  0.88576555,  0.91101574,  1.22419725,
        1.54548113, -2.8630491 , -2.45948718, -2.88986062, -2.87356322,
       -2.55354201, -2.15613826, -1.69158361, -2.84912476, -2.80644234,
       -2.48540355, -1.20338983, -0.20081254, -0.82479627,  0.06601607,
        0.98333333,  0.96971462,  0.97085714,  2.14478312, -2.8823702 ,
       -2.92677279]), 'vert02': array([-1.56761853, -1.40188787, -1.01684752, -0.11459266, -0.6113384 ,
        0.1598338 ,  0.41216027,  0.38417773,  0.13415978,  0.70833333,
        0.48406593,  0.80659971,  0.68851154,  0.87112561,  0.96154895,
        1.58958904, -1.46530736, -1.3981089 , -1.16504854, -1.17589105,
       -0.90092041,  0.08816457, -0.39390642,  0.1718241 ,  0.74634794,
        0.37382676,  0.15180266,  0.707137  ,  0.56354603,  0.87925357,
        0.6772655 ,  1.0751261 ,  0.91100026,  1.55702918, -1.42373389,
       -1.45446784]), 'vert12': array([-1.24584323, -0.77487715, -0.82153441, -1.13634916, -0.68814767,
       -0.01054852,  0.56234719,  0.65719882,  0.87104072,  0.26208484,
        1.26654124,  0.94296952,  0.85405739,  0.36548996,  1.50999355,
        1.30847029, -1.30516737, -1.25256323, -1.57418953, -1.1358479 ,
       -0.72345133, -0.80130394, -0.52023479,  0.21295143,  0.53615236,
        0.9526749 ,  1.14135152,  0.42530158,  1.45706619,  0.86880197,
        0.66646617,  0.34832506,  1.43227924,  1.53478524, -1.31567398,
       -1.29620411])}
Using saved exact energies
Data collected can be found at experiments/4x2_single_U_4_nocc_12_d_1-0915-211025/2x4
