{'theta': True, 'zeta': True, 'chi': False, 'gamma': True, 'phi': True, 'time': None}
{'theta': False, 'zeta': False, 'chi': False, 'gamma': False, 'phi': False, 'time': None}
                  (3, 2)
                  │
                  │
         (4, 1)───(4, 2)───(4, 3)
         │        │        │
         │        │        │
(5, 0)───(5, 1)───(5, 2)───(5, 3)───(5, 4)
         │        │        │        │
         │        │        │        │
         (6, 1)───(6, 2)───(6, 3)───(6, 4)───(6, 5)
                  │        │        │        │
                  │        │        │        │
                  (7, 2)───(7, 3)───(7, 4)───(7, 5)───(7, 6)
                           │        │        │
                           │        │        │
                           (8, 3)───(8, 4)───(8, 5)
                                    │
                                    │
                                    (9, 4)
Start at: (3, 2), with dr
Using qubits [cirq.GridQubit(3, 2), cirq.GridQubit(4, 2), cirq.GridQubit(4, 3), cirq.GridQubit(5, 3), cirq.GridQubit(5, 4), cirq.GridQubit(6, 4), cirq.GridQubit(6, 5), cirq.GridQubit(7, 5), cirq.GridQubit(4, 1), cirq.GridQubit(5, 1), cirq.GridQubit(5, 2), cirq.GridQubit(6, 2), cirq.GridQubit(6, 3), cirq.GridQubit(7, 3), cirq.GridQubit(7, 4), cirq.GridQubit(8, 4)]
Using qubits, JW:[cirq.GridQubit(3, 2), cirq.GridQubit(4, 2), cirq.GridQubit(4, 3), cirq.GridQubit(5, 3), cirq.GridQubit(5, 4), cirq.GridQubit(6, 4), cirq.GridQubit(6, 5), cirq.GridQubit(7, 5), cirq.GridQubit(4, 1), cirq.GridQubit(5, 1), cirq.GridQubit(5, 2), cirq.GridQubit(6, 2), cirq.GridQubit(6, 3), cirq.GridQubit(7, 3), cirq.GridQubit(7, 4), cirq.GridQubit(8, 4)]
                  [31m(3, 2)[0m
                  │
                  │
         [35m(4, 1)[0m───[31m(4, 2)[0m───[31m(4, 3)[0m
         │        │        │
         │        │        │
(5, 0)───[35m(5, 1)[0m───[35m(5, 2)[0m───[31m(5, 3)[0m───[31m(5, 4)[0m
         │        │        │        │
         │        │        │        │
         (6, 1)───[35m(6, 2)[0m───[35m(6, 3)[0m───[31m(6, 4)[0m───[31m(6, 5)[0m
                  │        │        │        │
                  │        │        │        │
                  (7, 2)───[35m(7, 3)[0m───[35m(7, 4)[0m───[31m(7, 5)[0m───(7, 6)
                           │        │        │
                           │        │        │
                           (8, 3)───[35m(8, 4)[0m───(8, 5)
                                    │
                                    │
                                    (9, 4)
None
Meas types ['onsite0', 'horiz0', 'vert02', 'vert12']
Prepped onsite, pairs=[(0, 8), (1, 9), (2, 10), (3, 11), (4, 12), (5, 13), (6, 14), (7, 15)]
Prepped horiz, pairs=[(0, 1), (2, 3), (4, 5), (6, 7), (8, 9), (10, 11), (12, 13), (14, 15)]
Prepped vert0, pairs=[(1, 2), (3, 4), (5, 6), (9, 10), (11, 12), (13, 14)]
Prepped vert1, pairs=[(1, 2), (3, 4), (5, 6), (9, 10), (11, 12), (13, 14)]
Set recompilation to False
Got pairs set [(10, 11), (5, 6), (3, 11), (5, 13), (8, 9), (4, 12), (6, 14), (1, 2), (6, 7), (7, 15), (12, 13), (4, 5), (2, 10), (9, 10), (2, 3), (1, 9), (14, 15), (0, 8), (11, 12), (0, 1), (13, 14), (3, 4)]
---Starting to do calibration: delta 3.324486483000001
---Starting to set up measurements: delta 0.8559797979999999
---Starting to run VQE: delta 2.171085039000001
No optimisation, save file is experiments/4x2_single_U_8_nocc_13_d_1-0919-210822/2x4/processed/processed.json
Given params: [[[[[0.694, 0.352, 0.592, 0.48]]], [[[-0.694, -0.352, -0.592, -0.48]]], [[[0, 0.352, 0.592, 0.48]]], [[[0, -0.352, -0.592, -0.48]]]]]
---Preparing executables
---Running executables, 16 in batch, delta=8.446643429
---Extracting values delta=2.933705777
---Extracted values delta=69.53615513599999
===36.62773058557909 36.35321299930256 37.14095405086772 37.13173740034597 1632082189.282913
Computed energies [36.49047179244083], params [[[[0.694, 0.352, 0.592, 0.48]]], [[[-0.694, -0.352, -0.592, -0.48]]], [[[0, 0.352, 0.592, 0.48]]], [[[0, -0.352, -0.592, -0.48]]]]
***36.49047179244083 1632082189.285481
---VQE complete: delta 80.926731185
---Starting TFLO
Using saved points
Using params [[[0, 0, 0, 0]], [[0, 0, 0, 1.5708]], [[0, 3.14159, 4.71239, 0.785398]], [[0, 0, 0.785398, 3.14159]], [[0, 2.35619, 3.14159, 1.5708]], [[0, 0.785398, 0, 3.92699]], [[0, 0, 0, 4.71239]], [[0, 0, 5.49779, 3.92699]], [[0, 2.35619, 4.71239, 3.14159]], [[0, 2.35619, 1.5708, 4.71239]], [[0, 4.71239, 4.71239, 3.92699]], [[0, 5.49779, 1.5708, 5.49779]], [[0, 0.785398, 3.14159, 3.92699]], [[0, 2.35619, 2.35619, 4.71239]], [[0, 2.35619, 3.92699, 4.71239]], [[0, 4.71239, 3.92699, 5.49779]], [[0, 0.352, 0.592, 0.48]], [[0.694, 0.352, 0.592, 0.48]], [[0, 0, 0, 0]], [[0, 0, 0, -1.5708]], [[0, -3.14159, -4.71239, -0.785398]], [[0, 0, -0.785398, -3.14159]], [[0, -2.35619, -3.14159, -1.5708]], [[0, -0.785398, 0, -3.92699]], [[0, 0, 0, -4.71239]], [[0, 0, -5.49779, -3.92699]], [[0, -2.35619, -4.71239, -3.14159]], [[0, -2.35619, -1.5708, -4.71239]], [[0, -4.71239, -4.71239, -3.92699]], [[0, -5.49779, -1.5708, -5.49779]], [[0, -0.785398, -3.14159, -3.92699]], [[0, -2.35619, -2.35619, -4.71239]], [[0, -2.35619, -3.92699, -4.71239]], [[0, -4.71239, -3.92699, -5.49779]], [[0, -0.352, -0.592, -0.48]], [[-0.694, -0.352, -0.592, -0.48]]]
---Preparing executables
---Running executables, 144 in batch, delta=153.75659730799998
---Extracting values delta=10.897427942000036
---Extracted values delta=143.65764905700001
---Time for noisy calculation: 308.380794563
***TFLON: 37.226341478241295,37.71823864983392,37.859524937204185,38.57553057827258,39.18676696457535,39.53714182912339,40.40682190097489,41.154586689082144,41.4716155635953,42.29650137660741,42.47745583656584,42.901667586773385,43.450822520506875,43.90549774445629,44.75937533407529,44.98338520432676,37.066106642778315,36.53019568914543,37.064288201870156,37.638800045258606,38.51557394026868,39.27971100541544,39.84588286615058,40.27609950087883,40.562862615860965,41.17735255345347,41.951142446586076,42.4502256783848,42.50520024386285,43.31360175540772,44.194125336699244,43.9997805948683,44.82786749055749,45.678211715327365,37.2228131502775,36.369953328940305 1632082503.567772
Noisy energies by type: {'onsite0': array([42.05265109, 42.11878969, 41.91666667, 42.03806735, 42.21238938,
       41.90857524, 41.99119539, 42.05135228, 42.0966443 , 42.11911813,
       42.14398898, 41.93970168, 41.80459376, 41.98124798, 42.17685217,
       41.91226252, 41.91898556, 40.96499133, 41.95941218, 41.89779006,
       42.14012739, 42.01464129, 41.85428571, 42.17191977, 42.01212986,
       41.93226138, 42.10483871, 41.84883721, 41.88142292, 41.98068255,
       42.18056986, 41.8531856 , 41.91683708, 42.17521902, 41.96432319,
       41.03416436]), 'horiz0': array([-2.23256663, -2.2159877 , -2.17752326, -1.96505576, -1.68773109,
       -2.26376615, -2.22118826, -1.65556712, -1.15368711, -0.33029453,
       -0.91660727, -0.12776243,  0.69845268,  0.94221283,  0.79322389,
        1.05092761, -2.27994012, -2.02521008, -2.25027809, -2.21978022,
       -2.07179487, -1.77134373, -1.18532246, -2.08745813, -2.22802102,
       -1.77742279, -0.93646311, -0.28900642, -0.79289544, -0.00435803,
        1.03203495,  1.01402415,  1.15711712,  1.38488453, -2.1996997 ,
       -2.18295418]), 'vert02': array([-1.275     , -1.14538645, -1.05249081, -0.44771612, -0.71871937,
       -0.06808943,  0.2525485 ,  0.03577289, -0.12867899,  0.63806452,
        0.27199721,  0.67034991,  0.45602814,  0.80115459,  0.78042239,
        0.94453454, -1.23110756, -1.21481481, -1.29903418, -1.00036364,
       -1.00446927, -0.21054519, -0.42914099,  0.03861004,  0.25484859,
        0.15125765,  0.10098361,  0.74742268,  0.4266876 ,  0.79157831,
        0.56105721,  0.85206307,  0.80511811,  1.06715731, -1.15973666,
       -1.22427361]), 'vert12': array([-1.31874299, -1.03917689, -0.82712766, -1.04976489, -0.61917195,
       -0.03957784,  0.38426626,  0.72302864,  0.65733737, -0.13038674,
        0.97807692,  0.41937843,  0.49174794,  0.18088235,  1.00887688,
        1.07566053, -1.34183124, -1.19477075, -1.34581171, -1.03884615,
       -0.5482893 , -0.75304136, -0.39393939,  0.15302782,  0.52390518,
        0.87125632,  0.68178324,  0.14297221,  0.98998516,  0.54569892,
        0.42046332,  0.28050778,  0.94879518,  1.05095084, -1.38207368,
       -1.25698324])}
Using saved exact energies
Data collected can be found at experiments/4x2_single_U_8_nocc_13_d_1-0919-210822/2x4
