{'theta': True, 'zeta': True, 'chi': False, 'gamma': True, 'phi': True, 'time': None}
{'theta': False, 'zeta': False, 'chi': False, 'gamma': False, 'phi': False, 'time': None}
                  (3, 2)
                  │
                  │
         (4, 1)───(4, 2)───(4, 3)
         │        │        │
         │        │        │
(5, 0)───(5, 1)───(5, 2)───(5, 3)───(5, 4)
         │        │        │        │
         │        │        │        │
         (6, 1)───(6, 2)───(6, 3)───(6, 4)───(6, 5)
                  │        │        │        │
                  │        │        │        │
                  (7, 2)───(7, 3)───(7, 4)───(7, 5)───(7, 6)
                           │        │        │
                           │        │        │
                           (8, 3)───(8, 4)───(8, 5)
                                    │
                                    │
                                    (9, 4)
Qubits: 4 2 5 3
Using qubits [cirq.GridQubit(5, 3), cirq.GridQubit(6, 3), cirq.GridQubit(7, 3), cirq.GridQubit(8, 3), cirq.GridQubit(5, 4), cirq.GridQubit(6, 4), cirq.GridQubit(7, 4), cirq.GridQubit(8, 4)]
Using qubits, JW:[cirq.GridQubit(5, 3), cirq.GridQubit(6, 3), cirq.GridQubit(7, 3), cirq.GridQubit(8, 3), cirq.GridQubit(5, 4), cirq.GridQubit(6, 4), cirq.GridQubit(7, 4), cirq.GridQubit(8, 4)]
                  (3, 2)
                  │
                  │
         (4, 1)───(4, 2)───(4, 3)
         │        │        │
         │        │        │
(5, 0)───(5, 1)───(5, 2)───[31m(5, 3)[0m───[35m(5, 4)[0m
         │        │        │        │
         │        │        │        │
         (6, 1)───(6, 2)───[31m(6, 3)[0m───[35m(6, 4)[0m───(6, 5)
                  │        │        │        │
                  │        │        │        │
                  (7, 2)───[31m(7, 3)[0m───[35m(7, 4)[0m───(7, 5)───(7, 6)
                           │        │        │
                           │        │        │
                           [31m(8, 3)[0m───[35m(8, 4)[0m───(8, 5)
                                    │
                                    │
                                    (9, 4)
None
Meas types ['onsite0', 'horiz0', 'horiz1']
Prepped onsite, pairs=[(0, 4), (1, 5), (2, 6), (3, 7)]
Prepped horiz, pairs=[(0, 1), (2, 3), (4, 5), (6, 7)]
Prepped horiz, pairs=[(1, 2), (5, 6)]
Set recompilation to False
Got pairs set [(0, 1), (1, 2), (2, 6), (6, 7), (4, 5), (5, 6), (1, 5), (2, 3), (0, 4), (3, 7)]
---Starting to do calibration: delta 3.7187875209999994
---Starting to set up measurements: delta 0.2015807719999998
---Starting to run VQE: delta 0.3624013030000004
No optimisation, save file is experiments/4x1_single_d2-0914-070303/4x1/processed/processed.json
Given params: [[[[[0.296, 0.719, 0.843], [0.73, 0.598, 0.206]]], [[[-0.296, -0.719, -0.843], [-0.73, -0.598, -0.206]]], [[[0, 0.719, 0.843], [0, 0.598, 0.206]]], [[[0, -0.719, -0.843], [0, -0.598, -0.206]]]]]
---Preparing executables
---Running executables, 12 in batch, delta=1.8180287760000002
---Extracting values delta=2.3268875949999988
---Extracted values delta=38.467484928
===2.2032440212922246 2.173160482531064 2.8430299517199438 2.9018772535455892 1631599430.384465
Computed energies [2.1882022519116444], params [[[[0.296, 0.719, 0.843], [0.73, 0.598, 0.206]]], [[[-0.296, -0.719, -0.843], [-0.73, -0.598, -0.206]]], [[[0, 0.719, 0.843], [0, 0.598, 0.206]]], [[[0, -0.719, -0.843], [0, -0.598, -0.206]]]]
***2.1882022519116444 1631599430.3859231
---VQE complete: delta 42.615365373
---Starting TFLO
Using saved points
Using params [[[0, 3.18362, 6.2764], [0, 3.8246, 5.84549]], [[0, 2.6901, 2.99716], [0, 3.34154, 1.63886]], [[0, 0.841172, 0.857071], [0, 2.83507, 0.132099]], [[0, 0.919596, 3.58906], [0, 2.34207, 4.81843]], [[0, 2.02167, 0.711094], [0, 2.87848, 1.92383]], [[0, 3.07888, 1.31344], [0, 4.01245, 3.64854]], [[0, 5.49346, 5.73656], [0, 1.32223, 3.05705]], [[0, 5.44561, 1.68616], [0, 5.99541, 0.440987]], [[0, 5.75192, 6.00118], [0, 4.30115, 3.98124]], [[0, 3.7131, 0.592184], [0, 4.51095, 4.07368]], [[0, 2.7152, 1.86577], [0, 0.588014, 2.06039]], [[0, 2.57569, 4.7256], [0, 3.85901, 0.371302]], [[0, 4.65032, 0.953688], [0, 4.94274, 3.13591]], [[0, 0.299448, 3.22459], [0, 4.5425, 2.32293]], [[0, 5.54704, 4.13572], [0, 4.5425, 2.32293]], [[0, 4.016, 5.5268], [0, 4.80713, 0.271348]], [[0, 0.719, 0.843], [0, 0.598, 0.206]], [[0.296, 0.719, 0.843], [0.73, 0.598, 0.206]], [[0, -3.18362, -6.2764], [0, -3.8246, -5.84549]], [[0, -2.6901, -2.99716], [0, -3.34154, -1.63886]], [[0, -0.841172, -0.857071], [0, -2.83507, -0.132099]], [[0, -0.919596, -3.58906], [0, -2.34207, -4.81843]], [[0, -2.02167, -0.711094], [0, -2.87848, -1.92383]], [[0, -3.07888, -1.31344], [0, -4.01245, -3.64854]], [[0, -5.49346, -5.73656], [0, -1.32223, -3.05705]], [[0, -5.44561, -1.68616], [0, -5.99541, -0.440987]], [[0, -5.75192, -6.00118], [0, -4.30115, -3.98124]], [[0, -3.7131, -0.592184], [0, -4.51095, -4.07368]], [[0, -2.7152, -1.86577], [0, -0.588014, -2.06039]], [[0, -2.57569, -4.7256], [0, -3.85901, -0.371302]], [[0, -4.65032, -0.953688], [0, -4.94274, -3.13591]], [[0, -0.299448, -3.22459], [0, -4.5425, -2.32293]], [[0, -5.54704, -4.13572], [0, -4.5425, -2.32293]], [[0, -4.016, -5.5268], [0, -4.80713, -0.271348]], [[0, -0.719, -0.843], [0, -0.598, -0.206]], [[-0.296, -0.719, -0.843], [-0.73, -0.598, -0.206]]]
---Preparing executables
---Running executables, 108 in batch, delta=11.113232735000004
---Extracting values delta=5.580479365000002
---Extracted values delta=68.65865832300001
---Time for noisy calculation: 85.36136420399998
***TFLON: 2.905774946857121,3.233045464093573,3.425771375638252,3.667047776139716,4.381141047870024,4.432712425496047,5.5272157279394545,5.106953400970418,5.247789354015354,5.549712698996011,5.979071288734937,6.825651170798817,6.317778470151283,7.487072758490957,7.778614551499424,8.32608126472802,2.8363701997981225,2.250355625310741,2.857980717876901,3.3762621319617585,3.3223879706998094,3.7491399684928814,3.906534483164709,4.897222755002523,4.565112077638405,5.185995440714916,5.251995398672585,6.610204461079084,6.537797585443414,6.753682245006586,7.435193418842968,7.250573886914175,7.382850314492975,8.063214058460844,2.856277672202246,2.1252494547037744 1631599515.7531798
Noisy energies by type: {'onsite0': array([6.03305597, 6.13303715, 6.01021879, 6.15104998, 6.12743549,
       6.00627589, 6.03666667, 6.05854701, 6.00926152, 5.8973393 ,
       6.06573006, 5.94541813, 5.90349792, 6.08440827, 6.1221374 ,
       5.96499309, 6.08944358, 5.0171383 , 6.02008542, 6.10238394,
       6.04956598, 5.96982036, 6.02676489, 5.95798319, 5.9704579 ,
       6.00951854, 5.98684047, 5.92933443, 5.96211266, 6.05385068,
       6.09172662, 5.98113208, 5.84562607, 5.96072126, 6.05715681,
       4.88796006]), 'horiz0': array([-2.54059586, -2.30258255, -2.47499338, -1.51197336, -1.35051265,
       -1.18793352, -0.12844861, -0.61772915, -0.35205408, -0.35535584,
        0.28140636,  0.62269327, -0.09491323,  0.57752396,  1.15101693,
        2.39451372, -2.42872762, -1.9815562 , -2.30759981, -2.1669636 ,
       -2.5650432 , -1.09234706, -1.42898333, -1.19515847, -0.86918715,
       -0.2077001 , -0.61598108,  0.26119312,  1.08853066,  0.90210807,
        0.86188579,  0.49009146,  0.97630679,  2.43376289, -2.57276639,
       -2.1686265 ]), 'horiz1': array([-0.58668516, -0.59740913, -0.10945403, -0.97202884, -0.3957818 ,
       -0.38562995, -0.38100233, -0.33386446, -0.40941808,  0.00772924,
       -0.36806512,  0.25753978,  0.50919378,  0.82514053,  0.50546022,
       -0.03342554, -0.82434576, -0.78522648, -0.8545049 , -0.5591582 ,
       -0.16213482, -1.12833333, -0.69124708,  0.13439803, -0.53615868,
       -0.615823  , -0.118864  ,  0.41967691, -0.51284573, -0.2022765 ,
        0.48158101,  0.77935035,  0.56091745, -0.33127009, -0.62811275,
       -0.59408411])}
Using saved exact energies
Data collected can be found at experiments/4x1_single_d2-0914-070303/4x1
