{'theta': True, 'zeta': True, 'chi': False, 'gamma': True, 'phi': True, 'time': None}
{'theta': False, 'zeta': False, 'chi': False, 'gamma': False, 'phi': False, 'time': None}
(cirq.GridQubit(3, 2), cirq.GridQubit(4, 2)) = [0.005653352934596179]
(cirq.GridQubit(4, 1), cirq.GridQubit(5, 1)) = [0.007375015732618062]
(cirq.GridQubit(4, 2), cirq.GridQubit(5, 2)) = [0.00700440704363417]
(cirq.GridQubit(4, 3), cirq.GridQubit(5, 3)) = [0.00842885403620891]
(cirq.GridQubit(5, 0), cirq.GridQubit(5, 1)) = [0.007143743381215151]
(cirq.GridQubit(5, 1), cirq.GridQubit(5, 2)) = [0.007232199681100754]
(cirq.GridQubit(5, 1), cirq.GridQubit(6, 1)) = [0.006847979209530453]
(cirq.GridQubit(5, 2), cirq.GridQubit(5, 3)) = [0.005365521924709626]
(cirq.GridQubit(5, 2), cirq.GridQubit(6, 2)) = [0.009054877847637977]
(cirq.GridQubit(5, 3), cirq.GridQubit(5, 4)) = [0.004709536197255504]
(cirq.GridQubit(5, 3), cirq.GridQubit(6, 3)) = [0.0059856756579679815]
(cirq.GridQubit(5, 4), cirq.GridQubit(6, 4)) = [0.004651029460094991]
(cirq.GridQubit(6, 1), cirq.GridQubit(6, 2)) = [0.00792094837289739]
(cirq.GridQubit(6, 2), cirq.GridQubit(6, 3)) = [0.007011248412327475]
(cirq.GridQubit(6, 3), cirq.GridQubit(6, 4)) = [0.008591080011911889]
(cirq.GridQubit(6, 3), cirq.GridQubit(7, 3)) = [0.007132916363217168]
(cirq.GridQubit(6, 4), cirq.GridQubit(6, 5)) = [0.006546439558907491]
(cirq.GridQubit(6, 5), cirq.GridQubit(7, 5)) = [0.005374354358644029]
(cirq.GridQubit(7, 2), cirq.GridQubit(7, 3)) = [0.005801452337931445]
(cirq.GridQubit(7, 3), cirq.GridQubit(7, 4)) = [0.007189246112731862]
(cirq.GridQubit(7, 3), cirq.GridQubit(8, 3)) = [0.007149153734468561]
(cirq.GridQubit(7, 4), cirq.GridQubit(7, 5)) = [0.007115721498997363]
(cirq.GridQubit(7, 4), cirq.GridQubit(8, 4)) = [0.008183566995623004]
(cirq.GridQubit(7, 5), cirq.GridQubit(7, 6)) = [0.007730965482185048]
(cirq.GridQubit(7, 5), cirq.GridQubit(8, 5)) = [0.007667429199111786]
(cirq.GridQubit(8, 3), cirq.GridQubit(8, 4)) = [0.009143646022778867]
(cirq.GridQubit(8, 4), cirq.GridQubit(9, 4)) = [0.006191280976748176]
                  (3, 2)
                  │
                  │
         (4, 1)───(4, 2)───(4, 3)
         │        │        │
         │        │        │
(5, 0)───(5, 1)───(5, 2)───(5, 3)───(5, 4)
         │        │        │        │
         │        │        │        │
         (6, 1)───(6, 2)───(6, 3)───(6, 4)───(6, 5)
                  │        │        │        │
                  │        │        │        │
                  (7, 2)───(7, 3)───(7, 4)───(7, 5)───(7, 6)
                           │        │        │
                           │        │        │
                           (8, 3)───(8, 4)───(8, 5)
                                    │
                                    │
                                    (9, 4)
Start at: (3, 2), with dr
Using qubits [cirq.GridQubit(3, 2), cirq.GridQubit(4, 2), cirq.GridQubit(4, 3), cirq.GridQubit(5, 3), cirq.GridQubit(5, 4), cirq.GridQubit(6, 4), cirq.GridQubit(6, 5), cirq.GridQubit(7, 5), cirq.GridQubit(4, 1), cirq.GridQubit(5, 1), cirq.GridQubit(5, 2), cirq.GridQubit(6, 2), cirq.GridQubit(6, 3), cirq.GridQubit(7, 3), cirq.GridQubit(7, 4), cirq.GridQubit(8, 4)]
Using qubits, JW:[cirq.GridQubit(3, 2), cirq.GridQubit(4, 2), cirq.GridQubit(4, 3), cirq.GridQubit(5, 3), cirq.GridQubit(5, 4), cirq.GridQubit(6, 4), cirq.GridQubit(6, 5), cirq.GridQubit(7, 5), cirq.GridQubit(4, 1), cirq.GridQubit(5, 1), cirq.GridQubit(5, 2), cirq.GridQubit(6, 2), cirq.GridQubit(6, 3), cirq.GridQubit(7, 3), cirq.GridQubit(7, 4), cirq.GridQubit(8, 4)]
                  [31m(3, 2)[0m
                  │
                  │
         [35m(4, 1)[0m───[31m(4, 2)[0m───[31m(4, 3)[0m
         │        │        │
         │        │        │
(5, 0)───[35m(5, 1)[0m───[35m(5, 2)[0m───[31m(5, 3)[0m───[31m(5, 4)[0m
         │        │        │        │
         │        │        │        │
         (6, 1)───[35m(6, 2)[0m───[35m(6, 3)[0m───[31m(6, 4)[0m───[31m(6, 5)[0m
                  │        │        │        │
                  │        │        │        │
                  (7, 2)───[35m(7, 3)[0m───[35m(7, 4)[0m───[31m(7, 5)[0m───(7, 6)
                           │        │        │
                           │        │        │
                           (8, 3)───[35m(8, 4)[0m───(8, 5)
                                    │
                                    │
                                    (9, 4)
None
Set recompilation to False
Got pairs set [(10, 11), (5, 6), (3, 11), (5, 13), (8, 9), (4, 12), (6, 14), (1, 2), (6, 7), (7, 15), (12, 13), (4, 5), (2, 10), (9, 10), (2, 3), (1, 9), (14, 15), (0, 8), (11, 12), (0, 1), (13, 14), (3, 4)]
---Starting to do calibration: delta 3.3748784049999996
---Starting to set up measurements: delta 1.3219403150000009
---Starting to run VQE: delta 2.352849578999999
Running BayesMGD: n_evals 15, nshots 1000, max_iter 50, max_evals 300
---Preparing executables
---Running executables delta=2.480662164
---Extracting values delta=2.881761512999999
---Extracted values delta=7.946311810000001
---Preparing executables
---Running executables delta=62.792401534999996
---Extracting values delta=12.29143006000001
---Extracted values delta=66.020754398
[22.78243325456178, 22.302574724492718]
2  :--------------------------------
fit_params:  [-4.424 -0.435 -0.507  0.635  0.224 -0.268  7.772  0.615  1.557 16.821]
current: 22.303+/-0.246  params:  [0.873 0.905 0.91 ]  grad:  [0.641 0.48  0.455]  gamma_k: 0.1977  delta_k: 0.6000
---Preparing executables
---Running executables delta=63.28027185899998
---Extracting values delta=12.561797345999992
---Extracted values delta=66.101398789
[22.78243325456178, 22.302574724492718, 22.302574724492718, 22.26780846341107]
3  :--------------------------------
fit_params:  [-1.665 -0.217 -0.183 -0.042  0.522 -0.381  2.219  1.64   0.369 20.026]
current: 22.268+/-0.205  params:  [0.844 0.831 0.87 ]  grad:  [0.187 0.481 0.259]  gamma_k: 0.1548  delta_k: 0.5594
---Preparing executables
---Running executables delta=65.01217467699996
---Extracting values delta=12.90337452
---Extracted values delta=77.005781614
[22.78243325456178, 22.302574724492718, 22.302574724492718, 22.26780846341107, 22.26780846341107, 22.104252125549316]
4  :--------------------------------
fit_params:  [ 0.207 -0.31  -0.138  0.051  0.222 -0.123 -0.287  0.931  0.586 21.104]
current: 22.104+/-0.194  params:  [0.775 0.793 0.803]  grad:  [0.532 0.288 0.517]  gamma_k: 0.1302  delta_k: 0.5370
---Preparing executables
---Running executables delta=64.93909709599995
---Extracting values delta=11.922025018999989
---Extracted values delta=80.00680347700006
[22.78243325456178, 22.302574724492718, 22.302574724492718, 22.26780846341107, 22.26780846341107, 22.104252125549316, 22.104252125549316, 22.046187182798445]
5  :--------------------------------
fit_params:  [ 0.454 -0.08   0.257  0.118  0.024  0.005 -0.773  0.343 -0.084 21.906]
current: 22.046+/-0.126  params:  [0.757 0.747 0.76 ]  grad:  [0.158 0.407 0.374]  gamma_k: 0.1139  delta_k: 0.5216
---Preparing executables
---Running executables delta=64.59322092000002
---Extracting values delta=11.326854894000007
---Extracted values delta=79.79918668200003
[22.78243325456178, 22.302574724492718, 22.302574724492718, 22.26780846341107, 22.26780846341107, 22.104252125549316, 22.104252125549316, 22.046187182798445, 22.046187182798445, 21.976980110984794]
6  :--------------------------------
fit_params:  [ 0.21   0.126  0.037  0.14  -0.052 -0.149 -0.263 -0.122  0.508 21.753]
current: 21.977+/-0.132  params:  [0.738 0.741 0.733]  grad:  [0.186 0.052 0.262]  gamma_k: 0.1020  delta_k: 0.5100
---Preparing executables
---Running executables delta=71.94804102300009
---Extracting values delta=11.76103461599996
---Extracted values delta=66.74127482899996
[22.78243325456178, 22.302574724492718, 22.302574724492718, 22.26780846341107, 22.26780846341107, 22.104252125549316, 22.104252125549316, 22.046187182798445, 22.046187182798445, 21.976980110984794, 21.976980110984794, 21.943416625900646]
7  :--------------------------------
fit_params:  [ 0.36   0.104 -0.022  0.35  -0.106 -0.194 -0.432 -0.232  0.604 21.727]
current: 21.943+/-0.122  params:  [0.695 0.727 0.721]  grad:  [0.465 0.156 0.128]  gamma_k: 0.0930  delta_k: 0.5007
---Preparing executables
---Running executables delta=62.966431414
---Extracting values delta=11.476699741999937
---Extracted values delta=64.2495640940001
[22.78243325456178, 22.302574724492718, 22.302574724492718, 22.26780846341107, 22.26780846341107, 22.104252125549316, 22.104252125549316, 22.046187182798445, 22.046187182798445, 21.976980110984794, 21.976980110984794, 21.943416625900646, 21.943416625900646, 21.93583683056078]
8  :--------------------------------
fit_params:  [ 0.357  0.297 -0.093  0.446  0.017 -0.261 -0.936 -0.408  0.451 22.104]
current: 21.936+/-0.149  params:  [0.675 0.704 0.725]  grad:  [ 0.233  0.267 -0.039]  gamma_k: 0.0858  delta_k: 0.4929
---Preparing executables
---Running executables delta=63.694020835999936
---Extracting values delta=11.226329007999993
---Extracted values delta=77.09322971300003
[22.78243325456178, 22.302574724492718, 22.302574724492718, 22.26780846341107, 22.26780846341107, 22.104252125549316, 22.104252125549316, 22.046187182798445, 22.046187182798445, 21.976980110984794, 21.976980110984794, 21.943416625900646, 21.943416625900646, 21.93583683056078, 21.93583683056078, 21.91502577705984]
9  :--------------------------------
fit_params:  [ 0.362  0.659  0.008  0.366 -0.006 -0.128 -0.978 -0.878  0.323 22.257]
current: 21.915+/-0.128  params:  [0.674 0.675 0.713]  grad:  [0.018 0.359 0.146]  gamma_k: 0.0799  delta_k: 0.4863
---Preparing executables
---Running executables delta=64.65157691099989
---Extracting values delta=11.084879975999911
---Extracted values delta=77.4535978020001
[22.78243325456178, 22.302574724492718, 22.302574724492718, 22.26780846341107, 22.26780846341107, 22.104252125549316, 22.104252125549316, 22.046187182798445, 22.046187182798445, 21.976980110984794, 21.976980110984794, 21.943416625900646, 21.943416625900646, 21.93583683056078, 21.93583683056078, 21.91502577705984, 21.91502577705984, 21.883225241823034]
10  :--------------------------------
fit_params:  [ 0.784  0.662  0.386  0.478 -0.096 -0.312 -1.014 -0.771  0.128 22.111]
current: 21.883+/-0.114  params:  [0.632 0.651 0.703]  grad:  [0.55  0.322 0.127]  gamma_k: 0.0750  delta_k: 0.4806
---Preparing executables
---Running executables delta=64.9136933740001
---Extracting values delta=11.506307967999874
---Extracted values delta=86.31886529899998
[22.78243325456178, 22.302574724492718, 22.302574724492718, 22.26780846341107, 22.26780846341107, 22.104252125549316, 22.104252125549316, 22.046187182798445, 22.046187182798445, 21.976980110984794, 21.976980110984794, 21.943416625900646, 21.943416625900646, 21.93583683056078, 21.93583683056078, 21.91502577705984, 21.91502577705984, 21.883225241823034, 21.883225241823034, 21.841420227379647]
11  :--------------------------------
fit_params:  [ 0.439  0.788  0.517  0.09  -0.001 -0.05  -0.584 -0.733 -0.396 22.183]
current: 21.841+/-0.106  params:  [0.626 0.627 0.685]  grad:  [0.088 0.338 0.264]  gamma_k: 0.0708  delta_k: 0.4755
***21.84+/-0.11 1630454949.1496809
---VQE complete: delta 1521.242121952
Data collected can be found at experiments/8x1_bayesmgd_zz_x_U_4_nocc_14_d_1-0901/8x1
