{'theta': True, 'zeta': True, 'chi': False, 'gamma': True, 'phi': True, 'time': None}
{'theta': False, 'zeta': False, 'chi': False, 'gamma': False, 'phi': False, 'time': None}
                  (3, 2)
                  │
                  │
         (4, 1)───(4, 2)───(4, 3)
         │        │        │
         │        │        │
(5, 0)───(5, 1)───(5, 2)───(5, 3)───(5, 4)
         │        │        │        │
         │        │        │        │
         (6, 1)───(6, 2)───(6, 3)───(6, 4)───(6, 5)
                  │        │        │        │
                  │        │        │        │
                  (7, 2)───(7, 3)───(7, 4)───(7, 5)───(7, 6)
                           │        │        │
                           │        │        │
                           (8, 3)───(8, 4)───(8, 5)
                                    │
                                    │
                                    (9, 4)
Start at: (3, 2), with dr
Using qubits [cirq.GridQubit(3, 2), cirq.GridQubit(4, 2), cirq.GridQubit(4, 3), cirq.GridQubit(5, 3), cirq.GridQubit(5, 4), cirq.GridQubit(6, 4), cirq.GridQubit(6, 5), cirq.GridQubit(7, 5), cirq.GridQubit(4, 1), cirq.GridQubit(5, 1), cirq.GridQubit(5, 2), cirq.GridQubit(6, 2), cirq.GridQubit(6, 3), cirq.GridQubit(7, 3), cirq.GridQubit(7, 4), cirq.GridQubit(8, 4)]
Using qubits, JW:[cirq.GridQubit(3, 2), cirq.GridQubit(4, 2), cirq.GridQubit(4, 3), cirq.GridQubit(5, 3), cirq.GridQubit(5, 4), cirq.GridQubit(6, 4), cirq.GridQubit(6, 5), cirq.GridQubit(7, 5), cirq.GridQubit(4, 1), cirq.GridQubit(5, 1), cirq.GridQubit(5, 2), cirq.GridQubit(6, 2), cirq.GridQubit(6, 3), cirq.GridQubit(7, 3), cirq.GridQubit(7, 4), cirq.GridQubit(8, 4)]
                  [31m(3, 2)[0m
                  │
                  │
         [35m(4, 1)[0m───[31m(4, 2)[0m───[31m(4, 3)[0m
         │        │        │
         │        │        │
(5, 0)───[35m(5, 1)[0m───[35m(5, 2)[0m───[31m(5, 3)[0m───[31m(5, 4)[0m
         │        │        │        │
         │        │        │        │
         (6, 1)───[35m(6, 2)[0m───[35m(6, 3)[0m───[31m(6, 4)[0m───[31m(6, 5)[0m
                  │        │        │        │
                  │        │        │        │
                  (7, 2)───[35m(7, 3)[0m───[35m(7, 4)[0m───[31m(7, 5)[0m───(7, 6)
                           │        │        │
                           │        │        │
                           (8, 3)───[35m(8, 4)[0m───(8, 5)
                                    │
                                    │
                                    (9, 4)
None
Meas types ['onsite0', 'horiz0', 'vert02', 'vert12']
Prepped onsite, pairs=[(0, 8), (1, 9), (2, 10), (3, 11), (4, 12), (5, 13), (6, 14), (7, 15)]
Prepped horiz, pairs=[(0, 1), (2, 3), (4, 5), (6, 7), (8, 9), (10, 11), (12, 13), (14, 15)]
Prepped vert0, pairs=[(1, 2), (3, 4), (5, 6), (9, 10), (11, 12), (13, 14)]
Prepped vert1, pairs=[(1, 2), (3, 4), (5, 6), (9, 10), (11, 12), (13, 14)]
Set recompilation to False
Got pairs set [(10, 11), (5, 6), (3, 11), (5, 13), (8, 9), (4, 12), (6, 14), (1, 2), (6, 7), (7, 15), (12, 13), (4, 5), (2, 10), (9, 10), (2, 3), (1, 9), (14, 15), (0, 8), (11, 12), (0, 1), (13, 14), (3, 4)]
---Starting to do calibration: delta 3.665874486
---Starting to set up measurements: delta 0.8755859299999997
---Starting to run VQE: delta 2.306161649
No optimisation, save file is experiments/4x2_single_U_4_nocc_11_d_1-0915-210433/2x4/processed/processed.json
Given params: [[[[[0.526, 0.297, 0.641, 0.423]]], [[[-0.526, -0.297, -0.641, -0.423]]], [[[0, 0.297, 0.641, 0.423]]], [[[0, -0.297, -0.641, -0.423]]]]]
---Preparing executables
---Running executables, 16 in batch, delta=11.48676865
---Extracting values delta=2.5294490100000004
---Extracted values delta=73.18055652000001
===9.323063581532914 8.592443577312835 9.40739602997365 9.283718222435938 1631736367.391051
Computed energies [8.957753579422874], params [[[[0.526, 0.297, 0.641, 0.423]]], [[[-0.526, -0.297, -0.641, -0.423]]], [[[0, 0.297, 0.641, 0.423]]], [[[0, -0.297, -0.641, -0.423]]]]
***8.957753579422874 1631736367.3937302
---VQE complete: delta 87.206357365
---Starting TFLO
Using saved points
Using params [[[0, 0, 0, 0]], [[0, 1.5708, 4.71239, 0]], [[0, 3.14159, 3.14159, 0]], [[0, 3.14159, 3.92699, 0.785398]], [[0, 1.5708, 3.14159, 1.5708]], [[0, 3.92699, 3.92699, 1.5708]], [[0, 5.49779, 0, 3.92699]], [[0, 0, 1.5708, 3.92699]], [[0, 3.92699, 5.49779, 3.92699]], [[0, 0, 4.71239, 3.14159]], [[0, 3.92699, 5.49779, 5.49779]], [[0, 5.49779, 4.71239, 3.92699]], [[0, 0.785398, 3.14159, 3.92699]], [[0, 0.785398, 4.71239, 5.49779]], [[0, 1.5708, 2.35619, 5.49779]], [[0, 0, 3.92699, 5.49779]], [[0, 0.297, 0.641, 0.423]], [[0.526, 0.297, 0.641, 0.423]], [[0, 0, 0, 0]], [[0, -1.5708, -4.71239, 0]], [[0, -3.14159, -3.14159, 0]], [[0, -3.14159, -3.92699, -0.785398]], [[0, -1.5708, -3.14159, -1.5708]], [[0, -3.92699, -3.92699, -1.5708]], [[0, -5.49779, 0, -3.92699]], [[0, 0, -1.5708, -3.92699]], [[0, -3.92699, -5.49779, -3.92699]], [[0, 0, -4.71239, -3.14159]], [[0, -3.92699, -5.49779, -5.49779]], [[0, -5.49779, -4.71239, -3.92699]], [[0, -0.785398, -3.14159, -3.92699]], [[0, -0.785398, -4.71239, -5.49779]], [[0, -1.5708, -2.35619, -5.49779]], [[0, 0, -3.92699, -5.49779]], [[0, -0.297, -0.641, -0.423]], [[-0.526, -0.297, -0.641, -0.423]]]
---Preparing executables
---Running executables, 144 in batch, delta=90.61777248300001
---Extracting values delta=9.277553645000012
---Extracted values delta=146.762860549
---Time for noisy calculation: 246.849181376
***TFLON: 9.402809877229014,9.908073999866172,10.158097973483592,10.8515695513515,12.079085560380676,11.825650847730877,13.108434795688197,13.711300373432397,14.135832551187026,15.261250435912297,15.600539208959908,16.390700660706905,17.23222944771397,17.91070971431139,19.214312383289702,19.533672482596387,9.455327988454194,9.15988645787481,9.461183412136409,10.539054477400565,10.767798808154712,11.239700898596253,12.352392800164246,12.204190951157445,12.741424655819383,14.235754520929852,14.673227741197291,15.329076432910444,15.836824896115154,16.894960556365763,17.818497138882453,17.316916779429775,19.229811487428552,19.771262281019894,9.299282966807136,8.540637965886074 1631736617.223895
Noisy energies by type: {'onsite0': array([15.04805492, 15.10514541, 14.90081301, 15.13984462, 15.03247111,
       15.072     , 15.19093672, 15.11776115, 14.88513701, 14.99169895,
       14.98676957, 14.9848181 , 14.80240832, 15.11313185, 14.97444353,
       14.88598131, 15.10932106, 14.21173763, 15.03475118, 15.15813296,
       15.02395041, 15.00798238, 15.08882834, 15.08589778, 14.79590738,
       15.13432032, 15.11123348, 15.00353934, 15.09813734, 15.06561394,
       15.23965142, 14.9575561 , 15.0828305 , 15.02617801, 15.00373456,
       14.09943564]), 'horiz0': array([-2.18154403, -2.12511039, -2.15910396, -2.0320494 , -1.17579842,
       -1.72374892, -2.16      , -0.81660174, -1.567363  , -0.77361854,
       -1.29848131, -0.46140351,  0.97885714, -0.13232352,  1.59907834,
        1.35846373, -2.12403341, -1.78490809, -2.1744907 , -1.73119469,
       -1.86772793, -1.74658132, -1.29403369, -1.62204943, -2.11973918,
       -0.68334281, -1.73293345, -0.88073136, -1.60174011, -0.44416027,
        0.92342598, -0.28658876,  1.54750493,  1.49017933, -2.21836374,
       -2.2212932 ]), 'vert02': array([-1.96459387, -1.56935346, -1.2723487 , -1.24148607, -0.77603143,
       -0.99007991, -0.09874826,  0.30507529,  0.14062927, -0.08120341,
        0.9585177 ,  0.52789934,  0.88649232,  1.50442478,  1.51818182,
        1.73828631, -1.95640648, -1.76938956, -1.94543366, -1.71031969,
       -1.138501  , -1.14793228, -0.90178059, -0.8344463 ,  0.05782041,
        0.62226958,  0.19805556, -0.02954607,  0.99372955,  0.58486985,
        0.88227297,  1.3231888 ,  1.46588486,  1.68972533, -1.76885938,
       -1.67947647]), 'vert12': array([-1.49910714, -1.50260756, -1.31126238, -1.0147396 , -1.00155569,
       -0.53252033,  0.17624633, -0.89493433,  0.67742927,  1.12437343,
        0.95373325,  1.33938672,  0.56447167,  1.4254766 ,  1.1226087 ,
        1.55094114, -1.57355318, -1.49755352, -1.45364341, -1.1775641 ,
       -1.24992267, -0.87376789, -0.54062127, -0.4252111 ,  0.00743605,
       -0.83749257,  1.09687215,  1.23581452,  1.34669811,  1.68863704,
        0.77314677,  1.32276065,  1.13359119,  1.56517961, -1.71722846,
       -1.658028  ])}
Using saved exact energies
Data collected can be found at experiments/4x2_single_U_4_nocc_11_d_1-0915-210433/2x4
