{'theta': True, 'zeta': True, 'chi': False, 'gamma': True, 'phi': True, 'time': None}
{'theta': False, 'zeta': False, 'chi': False, 'gamma': False, 'phi': False, 'time': None}
                  (3, 2)
                  │
                  │
         (4, 1)───(4, 2)───(4, 3)
         │        │        │
         │        │        │
(5, 0)───(5, 1)───(5, 2)───(5, 3)───(5, 4)
         │        │        │        │
         │        │        │        │
         (6, 1)───(6, 2)───(6, 3)───(6, 4)───(6, 5)
                  │        │        │        │
                  │        │        │        │
                  (7, 2)───(7, 3)───(7, 4)───(7, 5)───(7, 6)
                           │        │        │
                           │        │        │
                           (8, 3)───(8, 4)───(8, 5)
                                    │
                                    │
                                    (9, 4)
Start at: (3, 2), with dr
Using qubits [cirq.GridQubit(3, 2), cirq.GridQubit(4, 2), cirq.GridQubit(4, 3), cirq.GridQubit(5, 3), cirq.GridQubit(5, 4), cirq.GridQubit(6, 4), cirq.GridQubit(6, 5), cirq.GridQubit(7, 5), cirq.GridQubit(4, 1), cirq.GridQubit(5, 1), cirq.GridQubit(5, 2), cirq.GridQubit(6, 2), cirq.GridQubit(6, 3), cirq.GridQubit(7, 3), cirq.GridQubit(7, 4), cirq.GridQubit(8, 4)]
Using qubits, JW:[cirq.GridQubit(3, 2), cirq.GridQubit(4, 2), cirq.GridQubit(4, 3), cirq.GridQubit(5, 3), cirq.GridQubit(5, 4), cirq.GridQubit(6, 4), cirq.GridQubit(6, 5), cirq.GridQubit(7, 5), cirq.GridQubit(4, 1), cirq.GridQubit(5, 1), cirq.GridQubit(5, 2), cirq.GridQubit(6, 2), cirq.GridQubit(6, 3), cirq.GridQubit(7, 3), cirq.GridQubit(7, 4), cirq.GridQubit(8, 4)]
                  [31m(3, 2)[0m
                  │
                  │
         [35m(4, 1)[0m───[31m(4, 2)[0m───[31m(4, 3)[0m
         │        │        │
         │        │        │
(5, 0)───[35m(5, 1)[0m───[35m(5, 2)[0m───[31m(5, 3)[0m───[31m(5, 4)[0m
         │        │        │        │
         │        │        │        │
         (6, 1)───[35m(6, 2)[0m───[35m(6, 3)[0m───[31m(6, 4)[0m───[31m(6, 5)[0m
                  │        │        │        │
                  │        │        │        │
                  (7, 2)───[35m(7, 3)[0m───[35m(7, 4)[0m───[31m(7, 5)[0m───(7, 6)
                           │        │        │
                           │        │        │
                           (8, 3)───[35m(8, 4)[0m───(8, 5)
                                    │
                                    │
                                    (9, 4)
None
Meas types ['onsite0', 'horiz0', 'horiz1']
Prepped onsite, pairs=[(0, 8), (1, 9), (2, 10), (3, 11), (4, 12), (5, 13), (6, 14), (7, 15)]
Prepped horiz, pairs=[(0, 1), (2, 3), (4, 5), (6, 7), (8, 9), (10, 11), (12, 13), (14, 15)]
Prepped horiz, pairs=[(1, 2), (3, 4), (5, 6), (9, 10), (11, 12), (13, 14)]
Set recompilation to False
Got pairs set [(10, 11), (5, 6), (3, 11), (5, 13), (8, 9), (4, 12), (6, 14), (1, 2), (6, 7), (7, 15), (12, 13), (4, 5), (2, 10), (9, 10), (2, 3), (1, 9), (14, 15), (0, 8), (11, 12), (0, 1), (13, 14), (3, 4)]
---Starting to do calibration: delta 3.640708375000001
---Starting to set up measurements: delta 1.950669876000001
---Starting to run VQE: delta 2.971553375000001
Running BayesMGD: n_evals 15, nshots 1000, max_iter 50, max_evals 300
---Preparing executables
---Running executables, 3 in batch, delta=2.5770849800000004
---Extracting values delta=1.9230394710000027
---Extracted values delta=5.679048073000001
---Preparing executables
---Running executables, 90 in batch, delta=69.847779851
---Extracting values delta=19.955980908
---Extracted values delta=65.062069422
[-1.317096828609986, -1.8004786962958015]
2  :--------------------------------
fit_params:  [ 0.226 -0.384  1.649 -0.067 -0.296 -0.556  1.264  2.903 -0.881 -4.33 ]
current: -1.800+/-0.138  params:  [0.805 0.824 0.859]  grad:  [0.989 0.888 0.713]  gamma_k: 0.1977  delta_k: 0.6000
---Preparing executables
---Running executables, 90 in batch, delta=83.13552116700001
---Extracting values delta=12.62977208999996
---Extracted values delta=66.84628254399996
[-1.317096828609986, -1.8004786962958015, -1.8004786962958015, -2.2536557034950864]
3  :--------------------------------
fit_params:  [ 0.965  0.426  1.287 -0.329 -0.174 -0.423 -0.112  1.658 -0.226 -3.535]
current: -2.254+/-0.128  params:  [0.712 0.653 0.703]  grad:  [0.6   1.104 1.008]  gamma_k: 0.1548  delta_k: 0.5594
---Preparing executables
---Running executables, 90 in batch, delta=67.438649011
---Extracting values delta=12.83941756500002
---Extracted values delta=67.32924861599997
[-1.317096828609986, -1.8004786962958015, -1.8004786962958015, -2.2536557034950864, -2.2536557034950864, -2.005055673538143]
4  :--------------------------------
fit_params:  [ 1.557  0.391  1.759  0.014  0.255 -0.915 -2.734  1.119 -1.701 -0.955]
current: -2.005+/-0.101  params:  [0.73  0.606 0.711]  grad:  [-0.142  0.363 -0.061]  gamma_k: 0.1302  delta_k: 0.5370
---Preparing executables
---Running executables, 90 in batch, delta=81.29838402899998
---Extracting values delta=12.206476677999945
---Extracted values delta=82.20040162599992
[-1.317096828609986, -1.8004786962958015, -1.8004786962958015, -2.2536557034950864, -2.2536557034950864, -2.005055673538143, -2.005055673538143, -2.075913430083493]
5  :--------------------------------
fit_params:  [ 1.741  0.122  1.889  0.31  -0.285 -0.228 -2.661  0.176 -1.893 -0.683]
current: -2.076+/-0.080  params:  [0.747 0.555 0.699]  grad:  [-0.148  0.452  0.1  ]  gamma_k: 0.1139  delta_k: 0.5216
---Preparing executables
---Running executables, 90 in batch, delta=78.05333978700003
---Extracting values delta=11.906967740000027
---Extracted values delta=135.43906040900004
[-1.317096828609986, -1.8004786962958015, -1.8004786962958015, -2.2536557034950864, -2.2536557034950864, -2.005055673538143, -2.005055673538143, -2.075913430083493, -2.075913430083493, -2.2174277399733855]
6  :--------------------------------
fit_params:  [ 1.218  1.028  1.984 -0.043 -0.167 -0.013 -1.612 -0.904 -2.129 -0.718]
current: -2.217+/-0.100  params:  [0.755 0.539 0.66 ]  grad:  [-0.075  0.154  0.382]  gamma_k: 0.1020  delta_k: 0.5100
---Preparing executables
---Running executables, 90 in batch, delta=73.643601225
---Extracting values delta=11.825128089000032
---Extracted values delta=75.30422814399992
[-1.317096828609986, -1.8004786962958015, -1.8004786962958015, -2.2536557034950864, -2.2536557034950864, -2.005055673538143, -2.005055673538143, -2.075913430083493, -2.075913430083493, -2.2174277399733855, -2.2174277399733855, -2.201910118518255]
7  :--------------------------------
fit_params:  [ 1.015  1.355  2.108 -0.219 -0.209 -0.044 -1.502 -0.86  -1.897 -0.626]
current: -2.202+/-0.080  params:  [0.799 0.519 0.612]  grad:  [-0.482  0.212  0.524]  gamma_k: 0.0930  delta_k: 0.5007
---Preparing executables
---Running executables, 90 in batch, delta=71.83979430599993
---Extracting values delta=12.475345067000035
---Extracted values delta=73.35776274599993
[-1.317096828609986, -1.8004786962958015, -1.8004786962958015, -2.2536557034950864, -2.2536557034950864, -2.005055673538143, -2.005055673538143, -2.075913430083493, -2.075913430083493, -2.2174277399733855, -2.2174277399733855, -2.201910118518255, -2.201910118518255, -2.392883676517118]
8  :--------------------------------
fit_params:  [ 1.073  1.387  2.103 -0.502 -0.443  0.267 -0.735 -1.081 -2.174 -0.693]
current: -2.393+/-0.085  params:  [0.807 0.529 0.615]  grad:  [-0.083 -0.117 -0.033]  gamma_k: 0.0858  delta_k: 0.4929
---Preparing executables
---Running executables, 90 in batch, delta=73.70853442400016
---Extracting values delta=19.47085390699999
---Extracted values delta=67.75644419000014
[-1.317096828609986, -1.8004786962958015, -1.8004786962958015, -2.2536557034950864, -2.2536557034950864, -2.005055673538143, -2.005055673538143, -2.075913430083493, -2.075913430083493, -2.2174277399733855, -2.2174277399733855, -2.201910118518255, -2.201910118518255, -2.392883676517118, -2.392883676517118, -1.9430030972344952]
9  :--------------------------------
fit_params:  [ 0.977  1.129  2.126 -0.251 -0.031  0.112 -0.835 -1.537 -2.301 -0.489]
current: -1.943+/-0.077  params:  [0.772 0.578 0.584]  grad:  [ 0.437 -0.609  0.381]  gamma_k: 0.0799  delta_k: 0.4863
---Preparing executables
---Running executables, 90 in batch, delta=72.22484021700006
---Extracting values delta=12.688858943000014
---Extracted values delta=80.08729534000008
[-1.317096828609986, -1.8004786962958015, -1.8004786962958015, -2.2536557034950864, -2.2536557034950864, -2.005055673538143, -2.005055673538143, -2.075913430083493, -2.075913430083493, -2.2174277399733855, -2.2174277399733855, -2.201910118518255, -2.201910118518255, -2.392883676517118, -2.392883676517118, -1.9430030972344952, -1.9430030972344952, -1.5919048635268025]
10  :--------------------------------
fit_params:  [ 0.565  1.538  1.809 -0.052  0.153  0.009 -1.016 -1.17  -1.825 -0.628]
current: -1.592+/-0.082  params:  [0.774 0.538 0.544]  grad:  [-0.026  0.538  0.535]  gamma_k: 0.0750  delta_k: 0.4806
---Preparing executables
---Running executables, 90 in batch, delta=73.50463757299985
---Extracting values delta=12.206274243000053
---Extracted values delta=74.01995091000003
[-1.317096828609986, -1.8004786962958015, -1.8004786962958015, -2.2536557034950864, -2.2536557034950864, -2.005055673538143, -2.005055673538143, -2.075913430083493, -2.075913430083493, -2.2174277399733855, -2.2174277399733855, -2.201910118518255, -2.201910118518255, -2.392883676517118, -2.392883676517118, -1.9430030972344952, -1.9430030972344952, -1.5919048635268025, -1.5919048635268025, -1.4351682800123207]
11  :--------------------------------
fit_params:  [ 0.468  1.026  1.643 -0.005  0.029 -0.286 -0.682 -0.903 -1.552 -0.501]
current: -1.435+/-0.090  params:  [0.769 0.546 0.546]  grad:  [ 0.069 -0.118 -0.028]  gamma_k: 0.0708  delta_k: 0.4755
***-1.44+/-0.09 1630621065.241766
---VQE complete: delta 1680.814757986
Data collected can be found at experiments/8x1_bayesmgd_zz_x_U_8_nocc_3_d_1-0902-224935/8x1
