{'theta': True, 'zeta': True, 'chi': False, 'gamma': True, 'phi': True, 'time': None}
{'theta': False, 'zeta': False, 'chi': False, 'gamma': False, 'phi': False, 'time': None}
                  (3, 2)
                  │
                  │
         (4, 1)───(4, 2)───(4, 3)
         │        │        │
         │        │        │
(5, 0)───(5, 1)───(5, 2)───(5, 3)───(5, 4)
         │        │        │        │
         │        │        │        │
         (6, 1)───(6, 2)───(6, 3)───(6, 4)───(6, 5)
                  │        │        │        │
                  │        │        │        │
                  (7, 2)───(7, 3)───(7, 4)───(7, 5)───(7, 6)
                           │        │        │
                           │        │        │
                           (8, 3)───(8, 4)───(8, 5)
                                    │
                                    │
                                    (9, 4)
Start at: (3, 2), with dr
Using qubits [cirq.GridQubit(3, 2), cirq.GridQubit(4, 2), cirq.GridQubit(4, 3), cirq.GridQubit(5, 3), cirq.GridQubit(5, 4), cirq.GridQubit(6, 4), cirq.GridQubit(6, 5), cirq.GridQubit(7, 5), cirq.GridQubit(4, 1), cirq.GridQubit(5, 1), cirq.GridQubit(5, 2), cirq.GridQubit(6, 2), cirq.GridQubit(6, 3), cirq.GridQubit(7, 3), cirq.GridQubit(7, 4), cirq.GridQubit(8, 4)]
Using qubits, JW:[cirq.GridQubit(3, 2), cirq.GridQubit(4, 2), cirq.GridQubit(4, 3), cirq.GridQubit(5, 3), cirq.GridQubit(5, 4), cirq.GridQubit(6, 4), cirq.GridQubit(6, 5), cirq.GridQubit(7, 5), cirq.GridQubit(4, 1), cirq.GridQubit(5, 1), cirq.GridQubit(5, 2), cirq.GridQubit(6, 2), cirq.GridQubit(6, 3), cirq.GridQubit(7, 3), cirq.GridQubit(7, 4), cirq.GridQubit(8, 4)]
                  [31m(3, 2)[0m
                  │
                  │
         [35m(4, 1)[0m───[31m(4, 2)[0m───[31m(4, 3)[0m
         │        │        │
         │        │        │
(5, 0)───[35m(5, 1)[0m───[35m(5, 2)[0m───[31m(5, 3)[0m───[31m(5, 4)[0m
         │        │        │        │
         │        │        │        │
         (6, 1)───[35m(6, 2)[0m───[35m(6, 3)[0m───[31m(6, 4)[0m───[31m(6, 5)[0m
                  │        │        │        │
                  │        │        │        │
                  (7, 2)───[35m(7, 3)[0m───[35m(7, 4)[0m───[31m(7, 5)[0m───(7, 6)
                           │        │        │
                           │        │        │
                           (8, 3)───[35m(8, 4)[0m───(8, 5)
                                    │
                                    │
                                    (9, 4)
None
Meas types ['onsite0', 'horiz0', 'horiz1']
Prepped onsite, pairs=[(0, 8), (1, 9), (2, 10), (3, 11), (4, 12), (5, 13), (6, 14), (7, 15)]
Prepped horiz, pairs=[(0, 1), (2, 3), (4, 5), (6, 7), (8, 9), (10, 11), (12, 13), (14, 15)]
Prepped horiz, pairs=[(1, 2), (3, 4), (5, 6), (9, 10), (11, 12), (13, 14)]
Set recompilation to False
Got pairs set [(10, 11), (5, 6), (3, 11), (5, 13), (8, 9), (4, 12), (6, 14), (1, 2), (6, 7), (7, 15), (12, 13), (4, 5), (2, 10), (9, 10), (2, 3), (1, 9), (14, 15), (0, 8), (11, 12), (0, 1), (13, 14), (3, 4)]
---Starting to do calibration: delta 3.5882315900000004
---Starting to set up measurements: delta 0.6378747179999991
---Starting to run VQE: delta 1.152670122
No optimisation, save file is experiments/8x1_single_zz_x_U_8_nocc_12_d_1-0915-002619/8x1/processed/processed.json
Given params: [[[[[0.797, 0.556, 0.527]]], [[[-0.797, -0.556, -0.527]]], [[[0, 0.556, 0.527]]], [[[0, -0.556, -0.527]]]]]
---Preparing executables
---Running executables, 12 in batch, delta=4.882207924000001
---Extracting values delta=2.399425794999999
---Extracted values delta=50.88126425200001
===30.322323604869553 29.96017117375752 31.367492635081785 31.52198899504879 1631662042.815743
Computed energies [30.141247389313534], params [[[[0.797, 0.556, 0.527]]], [[[-0.797, -0.556, -0.527]]], [[[0, 0.556, 0.527]]], [[[0, -0.556, -0.527]]]]
***30.141247389313534 1631662042.818075
---VQE complete: delta 58.168316604
---Starting TFLO
Using saved points
Using params [[[0, 0.785398, 0.785398]], [[0, 0, 0.785398]], [[0, 1.5708, 0]], [[0, 0, 1.5708]], [[0, 2.35619, 0.785398]], [[0, 4.71239, 0.785398]], [[0, 2.35619, 1.5708]], [[0, 0.785398, 3.14159]], [[0, 5.49779, 5.49779]], [[0, 0.785398, 3.92699]], [[0, 4.71239, 4.71239]], [[0, 1.5708, 3.92699]], [[0, 3.92699, 5.49779]], [[0, 3.92699, 4.71239]], [[0, 2.35619, 4.71239]], [[0, 3.14159, 4.71239]], [[0, 0.556, 0.527]], [[0.797, 0.556, 0.527]], [[0, -0.785398, -0.785398]], [[0, 0, -0.785398]], [[0, -1.5708, 0]], [[0, 0, -1.5708]], [[0, -2.35619, -0.785398]], [[0, -4.71239, -0.785398]], [[0, -2.35619, -1.5708]], [[0, -0.785398, -3.14159]], [[0, -5.49779, -5.49779]], [[0, -0.785398, -3.92699]], [[0, -4.71239, -4.71239]], [[0, -1.5708, -3.92699]], [[0, -3.92699, -5.49779]], [[0, -3.92699, -4.71239]], [[0, -2.35619, -4.71239]], [[0, -3.14159, -4.71239]], [[0, -0.556, -0.527]], [[-0.797, -0.556, -0.527]]]
---Preparing executables
---Running executables, 108 in batch, delta=44.784339261
---Extracting values delta=6.128415888999996
---Extracted values delta=104.938954133
---Time for noisy calculation: 155.86848752600002
***TFLON: 31.566744432266557,31.629558379577468,32.452634953816336,32.24120145625734,33.159223781024316,32.82459258879904,33.342733361635666,32.63495109835885,33.88679821128347,33.852653698638825,34.226417738156776,35.15320856235927,34.42169269371523,34.97118792959899,35.571383734191045,35.75071860199249,31.33106804841173,30.261960627212602,31.309454936286436,31.677730268958378,31.85283807330043,32.614706809974344,31.724033838021967,33.00468483167841,32.58511579432541,33.80760819814027,33.414041797367666,33.98052640766806,34.18375025914885,34.347200788420494,35.279390288801146,35.249237210331714,35.06078380858322,35.547279443846854,31.394013662949586,29.84710316304967 1631662200.813083
Noisy energies by type: {'onsite0': array([36.41127039, 36.51159455, 36.26855124, 36.77407233, 36.65702479,
       36.34155204, 36.31098649, 35.83275261, 36.45868294, 36.30709427,
       35.95197957, 36.72985302, 35.56977044, 35.81965552, 36.19791931,
       36.13186813, 36.18782609, 33.85812808, 36.25359089, 36.21640843,
       36.26069652, 36.56695992, 35.54824667, 35.82095626, 35.82942215,
       36.73820582, 36.21880514, 36.31502188, 36.23134149, 35.89319221,
       36.70213824, 36.38161838, 35.75399516, 36.13186813, 36.38454106,
       34.33160877]), 'horiz0': array([-2.78283262, -2.44023853, -2.43664921, -2.0672751 , -2.74002157,
       -1.89591494, -2.20421113, -1.11684546, -0.29931615, -0.38802835,
       -0.05872483, -0.19409938, -0.23806999,  0.11855396,  0.16729223,
        0.18095238, -2.67769538, -2.00332686, -2.6953748 , -2.09722589,
       -2.71215352, -1.47875945, -2.86890003, -1.47835498, -2.26784756,
       -0.63773689, -0.76541908, -0.08981196, -0.67726899,  0.10575858,
       -0.62520194, -0.36193531,  0.23068553,  0.02110961, -2.63025641,
       -2.50434783]), 'horiz1': array([-2.06169334, -2.44179764, -1.37926707, -2.46559578, -0.75777944,
       -1.62104451, -0.76404199, -2.08095605, -2.27256858, -2.06641221,
       -1.666837  , -1.38254507, -0.91000776, -0.96702155, -0.7938278 ,
       -0.56210191, -2.17906266, -1.59284059, -2.24876115, -2.44145227,
       -1.69570493, -2.47349366, -0.95531281, -1.33791645, -0.9764588 ,
       -2.29286073, -2.03934426, -2.24468351, -1.37032225, -1.65175   ,
       -0.79754601, -0.77044586, -0.92389688, -0.6056983 , -2.36027099,
       -1.98015778])}
Using saved exact energies
Data collected can be found at experiments/8x1_single_zz_x_U_8_nocc_12_d_1-0915-002619/8x1
