{'theta': True, 'zeta': True, 'chi': False, 'gamma': True, 'phi': True, 'time': None}
{'theta': False, 'zeta': False, 'chi': False, 'gamma': False, 'phi': False, 'time': None}
                  (3, 2)
                  │
                  │
         (4, 1)───(4, 2)───(4, 3)
         │        │        │
         │        │        │
(5, 0)───(5, 1)───(5, 2)───(5, 3)───(5, 4)
         │        │        │        │
         │        │        │        │
         (6, 1)───(6, 2)───(6, 3)───(6, 4)───(6, 5)
                  │        │        │        │
                  │        │        │        │
                  (7, 2)───(7, 3)───(7, 4)───(7, 5)───(7, 6)
                           │        │        │
                           │        │        │
                           (8, 3)───(8, 4)───(8, 5)
                                    │
                                    │
                                    (9, 4)
Start at: (3, 2), with dr
Using qubits [cirq.GridQubit(3, 2), cirq.GridQubit(4, 2), cirq.GridQubit(4, 3), cirq.GridQubit(5, 3), cirq.GridQubit(5, 4), cirq.GridQubit(6, 4), cirq.GridQubit(6, 5), cirq.GridQubit(7, 5), cirq.GridQubit(4, 1), cirq.GridQubit(5, 1), cirq.GridQubit(5, 2), cirq.GridQubit(6, 2), cirq.GridQubit(6, 3), cirq.GridQubit(7, 3), cirq.GridQubit(7, 4), cirq.GridQubit(8, 4)]
Using qubits, JW:[cirq.GridQubit(3, 2), cirq.GridQubit(4, 2), cirq.GridQubit(4, 3), cirq.GridQubit(5, 3), cirq.GridQubit(5, 4), cirq.GridQubit(6, 4), cirq.GridQubit(6, 5), cirq.GridQubit(7, 5), cirq.GridQubit(4, 1), cirq.GridQubit(5, 1), cirq.GridQubit(5, 2), cirq.GridQubit(6, 2), cirq.GridQubit(6, 3), cirq.GridQubit(7, 3), cirq.GridQubit(7, 4), cirq.GridQubit(8, 4)]
                  [31m(3, 2)[0m
                  │
                  │
         [35m(4, 1)[0m───[31m(4, 2)[0m───[31m(4, 3)[0m
         │        │        │
         │        │        │
(5, 0)───[35m(5, 1)[0m───[35m(5, 2)[0m───[31m(5, 3)[0m───[31m(5, 4)[0m
         │        │        │        │
         │        │        │        │
         (6, 1)───[35m(6, 2)[0m───[35m(6, 3)[0m───[31m(6, 4)[0m───[31m(6, 5)[0m
                  │        │        │        │
                  │        │        │        │
                  (7, 2)───[35m(7, 3)[0m───[35m(7, 4)[0m───[31m(7, 5)[0m───(7, 6)
                           │        │        │
                           │        │        │
                           (8, 3)───[35m(8, 4)[0m───(8, 5)
                                    │
                                    │
                                    (9, 4)
None
Meas types ['onsite0', 'horiz0', 'horiz1']
Prepped onsite, pairs=[(0, 8), (1, 9), (2, 10), (3, 11), (4, 12), (5, 13), (6, 14), (7, 15)]
Prepped horiz, pairs=[(0, 1), (2, 3), (4, 5), (6, 7), (8, 9), (10, 11), (12, 13), (14, 15)]
Prepped horiz, pairs=[(1, 2), (3, 4), (5, 6), (9, 10), (11, 12), (13, 14)]
Set recompilation to False
Got pairs set [(10, 11), (5, 6), (3, 11), (5, 13), (8, 9), (4, 12), (6, 14), (1, 2), (6, 7), (7, 15), (12, 13), (4, 5), (2, 10), (9, 10), (2, 3), (1, 9), (14, 15), (0, 8), (11, 12), (0, 1), (13, 14), (3, 4)]
---Starting to do calibration: delta 3.703693824
---Starting to set up measurements: delta 0.6431068759999992
---Starting to run VQE: delta 1.1750172449999994
No optimisation, save file is experiments/8x1_single_zz_x_U_8_nocc_12_d_1-0914-233112/8x1/processed/processed.json
Given params: [[[[[0.797, 0.556, 0.527]]], [[[-0.797, -0.556, -0.527]]], [[[0, 0.556, 0.527]]], [[[0, -0.556, -0.527]]]]]
---Preparing executables
---Running executables, 12 in batch, delta=4.885885422000001
---Extracting values delta=2.4130974039999984
---Extracted values delta=51.15874186699999
===30.117060430288014 29.71175997217156 31.24673739782376 31.3810872922409 1631658736.238871
Computed energies [29.914410201229785], params [[[[0.797, 0.556, 0.527]]], [[[-0.797, -0.556, -0.527]]], [[[0, 0.556, 0.527]]], [[[0, -0.556, -0.527]]]]
***29.914410201229785 1631658736.242378
---VQE complete: delta 58.46564910400001
---Starting TFLO
Using saved points
Using params [[[0, 0.785398, 0.785398]], [[0, 0, 0.785398]], [[0, 1.5708, 0]], [[0, 0, 1.5708]], [[0, 2.35619, 0.785398]], [[0, 4.71239, 0.785398]], [[0, 2.35619, 1.5708]], [[0, 0.785398, 3.14159]], [[0, 5.49779, 5.49779]], [[0, 0.785398, 3.92699]], [[0, 4.71239, 4.71239]], [[0, 1.5708, 3.92699]], [[0, 3.92699, 5.49779]], [[0, 3.92699, 4.71239]], [[0, 2.35619, 4.71239]], [[0, 3.14159, 4.71239]], [[0, 0.556, 0.527]], [[0.797, 0.556, 0.527]], [[0, -0.785398, -0.785398]], [[0, 0, -0.785398]], [[0, -1.5708, 0]], [[0, 0, -1.5708]], [[0, -2.35619, -0.785398]], [[0, -4.71239, -0.785398]], [[0, -2.35619, -1.5708]], [[0, -0.785398, -3.14159]], [[0, -5.49779, -5.49779]], [[0, -0.785398, -3.92699]], [[0, -4.71239, -4.71239]], [[0, -1.5708, -3.92699]], [[0, -3.92699, -5.49779]], [[0, -3.92699, -4.71239]], [[0, -2.35619, -4.71239]], [[0, -3.14159, -4.71239]], [[0, -0.556, -0.527]], [[-0.797, -0.556, -0.527]]]
---Preparing executables
---Running executables, 108 in batch, delta=48.615363297
---Extracting values delta=8.409908333999994
---Extracted values delta=101.37938096799999
---Time for noisy calculation: 158.42459633599998
***TFLON: 31.45796351620787,31.635665128850196,32.141130428607845,32.207046931743506,33.101829112848705,32.74307018063399,33.23499270954858,32.821295783966654,33.727180528242094,33.77347629399079,34.13665278480095,34.925504780360974,34.32045110418713,34.86431720971468,35.594223590368,35.68519784226184,31.271409862598194,30.093534517952047,31.360678953162918,31.511691845026636,31.605361482893677,32.52272730945081,31.66637073109836,32.7586464209038,32.54006764501934,33.960126302419305,33.62838045827424,34.08021960526795,34.30872867727561,34.260818905859125,35.407416812665986,35.134399895510896,35.0844538453003,35.54286470274254,31.386358303875916,29.76652610083734 1631658896.793053
Noisy energies by type: {'onsite0': array([36.34285714, 36.57483839, 36.05447878, 36.72465923, 36.63834197,
       36.28571429, 36.25937835, 35.88375032, 36.26533166, 36.27305145,
       35.8399163 , 36.51015912, 35.54422636, 35.71644042, 36.25796584,
       36.10995851, 36.15605336, 33.71055276, 36.40989399, 36.17477166,
       36.05731225, 36.44421434, 35.52141189, 35.64338782, 35.7955175 ,
       36.81408805, 36.34399009, 36.39120546, 36.21526909, 35.78936553,
       36.72826899, 36.21954742, 35.81421039, 36.08175625, 36.44714829,
       34.28001993]), 'horiz0': array([-2.83575292, -2.50892619, -2.50553008, -2.05545287, -2.73951049,
       -1.87579434, -2.23953148, -0.95218539, -0.30201518, -0.42076651,
       -0.02115283, -0.16128171, -0.22826667,  0.16341128,  0.15204054,
        0.20737573, -2.65866209, -2.00786517, -2.74163522, -2.20015396,
       -2.79177378, -1.47155105, -2.82380703, -1.48316452, -2.20743959,
       -0.57673403, -0.61381476, -0.01835373, -0.4361186 ,  0.13019391,
       -0.51816494, -0.2268838 ,  0.3005387 ,  0.13216109, -2.70989583,
       -2.50089813]), 'horiz1': array([-2.04914071, -2.43024707, -1.40781828, -2.46215943, -0.79700237,
       -1.66684977, -0.78485416, -2.11026914, -2.23613596, -2.07880865,
       -1.68211068, -1.42337263, -0.99550859, -1.01553449, -0.8157828 ,
       -0.6321364 , -2.2259814 , -1.60915308, -2.30757982, -2.46292585,
       -1.66017699, -2.44993598, -1.03123413, -1.40157687, -1.04801027,
       -2.27722772, -2.10179487, -2.29263213, -1.47042181, -1.65874053,
       -0.80268724, -0.85826373, -1.03029525, -0.67105263, -2.35089415,
       -2.0125957 ])}
Using saved exact energies
Data collected can be found at experiments/8x1_single_zz_x_U_8_nocc_12_d_1-0914-233112/8x1
