{'theta': True, 'zeta': True, 'chi': False, 'gamma': True, 'phi': True, 'time': None}
{'theta': False, 'zeta': False, 'chi': False, 'gamma': False, 'phi': False, 'time': None}
                  (3, 2)
                  │
                  │
         (4, 1)───(4, 2)───(4, 3)
         │        │        │
         │        │        │
(5, 0)───(5, 1)───(5, 2)───(5, 3)───(5, 4)
         │        │        │        │
         │        │        │        │
         (6, 1)───(6, 2)───(6, 3)───(6, 4)───(6, 5)
                  │        │        │        │
                  │        │        │        │
                  (7, 2)───(7, 3)───(7, 4)───(7, 5)───(7, 6)
                           │        │        │
                           │        │        │
                           (8, 3)───(8, 4)───(8, 5)
                                    │
                                    │
                                    (9, 4)
Start at: (3, 2), with dr
Using qubits [cirq.GridQubit(3, 2), cirq.GridQubit(4, 2), cirq.GridQubit(4, 3), cirq.GridQubit(5, 3), cirq.GridQubit(5, 4), cirq.GridQubit(6, 4), cirq.GridQubit(6, 5), cirq.GridQubit(7, 5), cirq.GridQubit(4, 1), cirq.GridQubit(5, 1), cirq.GridQubit(5, 2), cirq.GridQubit(6, 2), cirq.GridQubit(6, 3), cirq.GridQubit(7, 3), cirq.GridQubit(7, 4), cirq.GridQubit(8, 4)]
Using qubits, JW:[cirq.GridQubit(3, 2), cirq.GridQubit(4, 2), cirq.GridQubit(4, 3), cirq.GridQubit(5, 3), cirq.GridQubit(5, 4), cirq.GridQubit(6, 4), cirq.GridQubit(6, 5), cirq.GridQubit(7, 5), cirq.GridQubit(4, 1), cirq.GridQubit(5, 1), cirq.GridQubit(5, 2), cirq.GridQubit(6, 2), cirq.GridQubit(6, 3), cirq.GridQubit(7, 3), cirq.GridQubit(7, 4), cirq.GridQubit(8, 4)]
                  [31m(3, 2)[0m
                  │
                  │
         [35m(4, 1)[0m───[31m(4, 2)[0m───[31m(4, 3)[0m
         │        │        │
         │        │        │
(5, 0)───[35m(5, 1)[0m───[35m(5, 2)[0m───[31m(5, 3)[0m───[31m(5, 4)[0m
         │        │        │        │
         │        │        │        │
         (6, 1)───[35m(6, 2)[0m───[35m(6, 3)[0m───[31m(6, 4)[0m───[31m(6, 5)[0m
                  │        │        │        │
                  │        │        │        │
                  (7, 2)───[35m(7, 3)[0m───[35m(7, 4)[0m───[31m(7, 5)[0m───(7, 6)
                           │        │        │
                           │        │        │
                           (8, 3)───[35m(8, 4)[0m───(8, 5)
                                    │
                                    │
                                    (9, 4)
None
Meas types ['onsite0', 'horiz0', 'horiz1']
Prepped onsite, pairs=[(0, 8), (1, 9), (2, 10), (3, 11), (4, 12), (5, 13), (6, 14), (7, 15)]
Prepped horiz, pairs=[(0, 1), (2, 3), (4, 5), (6, 7), (8, 9), (10, 11), (12, 13), (14, 15)]
Prepped horiz, pairs=[(1, 2), (3, 4), (5, 6), (9, 10), (11, 12), (13, 14)]
Set recompilation to False
Got pairs set [(10, 11), (5, 6), (3, 11), (5, 13), (8, 9), (4, 12), (6, 14), (1, 2), (6, 7), (7, 15), (12, 13), (4, 5), (2, 10), (9, 10), (2, 3), (1, 9), (14, 15), (0, 8), (11, 12), (0, 1), (13, 14), (3, 4)]
---Starting to do calibration: delta 3.39394636
---Starting to set up measurements: delta 0.6627513149999995
---Starting to run VQE: delta 1.4054062569999992
No optimisation, save file is experiments/8x1_single_zz_x_U_4_nocc_8_d_1-0914-011241/8x1/processed/processed.json
Given params: [[[[[0.723, 0.726, 0.477]]], [[[-0.723, -0.726, -0.477]]], [[[0, 0.726, 0.477]]], [[[0, -0.726, -0.477]]]]]
---Preparing executables
---Running executables, 12 in batch, delta=5.2294580769999985
---Extracting values delta=3.2103627180000025
---Extracted values delta=52.90339283899999
===0.4243384424427443 0.36372749342468524 1.0210854923250352 2.448081203661085 1631578428.6349509
Computed energies [0.3940329679337148], params [[[[0.723, 0.726, 0.477]]], [[[-0.723, -0.726, -0.477]]], [[[0, 0.726, 0.477]]], [[[0, -0.726, -0.477]]]]
***0.3940329679337148 1631578428.637001
---VQE complete: delta 61.348471704
---Starting TFLO
Using saved points
Using params [[[0, 0, 0]], [[0, 5.49779, 0]], [[0, 1.5708, 0.785398]], [[0, 1.5708, 1.5708]], [[0, 5.49779, 0.785398]], [[0, 2.35619, 0.785398]], [[0, 2.35619, 1.5708]], [[0, 3.14159, 0]], [[0, 0.785398, 3.14159]], [[0, 0, 3.14159]], [[0, 0, 4.71239]], [[0, 0.785398, 5.49779]], [[0, 4.71239, 5.49779]], [[0, 4.71239, 2.35619]], [[0, 3.14159, 3.14159]], [[0, 3.92699, 3.92699]], [[0, 0.726, 0.477]], [[0.723, 0.726, 0.477]], [[0, 0, 0]], [[0, -5.49779, 0]], [[0, -1.5708, -0.785398]], [[0, -1.5708, -1.5708]], [[0, -5.49779, -0.785398]], [[0, -2.35619, -0.785398]], [[0, -2.35619, -1.5708]], [[0, -3.14159, 0]], [[0, -0.785398, -3.14159]], [[0, 0, -3.14159]], [[0, 0, -4.71239]], [[0, -0.785398, -5.49779]], [[0, -4.71239, -5.49779]], [[0, -4.71239, -2.35619]], [[0, -3.14159, -3.14159]], [[0, -3.92699, -3.92699]], [[0, -0.726, -0.477]], [[-0.723, -0.726, -0.477]]]
---Preparing executables
---Running executables, 108 in batch, delta=47.20212548799999
---Extracting values delta=13.692545827999993
---Extracted values delta=114.22877107899998
---Time for noisy calculation: 175.14157711800001
***TFLON: 1.6919027083319809,2.9600338716603387,2.291623416491052,2.4776180777147605,4.0199925799900385,4.072066247405615,4.483374467334626,4.483932280725375,4.94556250982691,6.180635995272492,7.212365588813878,6.702886701364379,8.719885411455916,8.524306976925471,8.76926684399983,9.248291675208929,1.162257444826968,0.40999653005270464,1.5847027507474851,1.265372170937801,2.6637567945606264,3.13099620795479,2.6772937213419015,3.3578901793433125,4.338586865202525,4.462196176874133,6.50472542377158,5.690530219780163,6.881780866068192,8.321154987885851,7.558374765266048,7.839053970709266,8.87607560005776,9.47291213683448,2.5165301699231044,0.45714409741647266 1631578605.8305962
Noisy energies by type: {'onsite0': array([8.04916667, 8.80993151, 8.38006363, 8.10594876, 8.47419564,
       8.80498282, 8.61371997, 8.03314002, 7.37331595, 7.96473242,
       8.13285314, 7.46317907, 8.30930868, 8.2276071 , 7.94931271,
       7.53842823, 7.5747964 , 4.99774913, 8.004095  , 7.45117845,
       8.23442623, 8.05861999, 7.46917808, 7.47033463, 7.59933775,
       7.97865073, 8.78539188, 7.96454948, 8.08567829, 8.52409129,
       8.24783252, 8.25778358, 7.93423517, 8.49895529, 8.83085809,
       6.2273709 ]), 'horiz0': array([-4.33856317, -4.62730627, -5.31487084, -4.81874405, -3.16201384,
       -5.2420756 , -4.6252863 , -4.80862647, -0.6393753 ,  0.23818941,
        1.13467794,  1.06354075,  0.44672131,  0.23846154, -0.540209  ,
        0.57583203, -4.55224946, -3.10244941, -4.35644372, -4.3549627 ,
       -5.57881773, -4.98533605, -3.01915709, -5.10042373, -4.32087358,
       -4.78516568, -0.9997835 , -0.22039547,  0.86111745,  1.03637644,
        0.01948327,  0.38350056, -0.35640519,  0.44070877, -4.93185619,
       -4.54179041]), 'horiz1': array([-2.01870079, -1.22259136, -0.77356937, -0.80958663, -1.29218922,
        0.50915903,  0.4949408 ,  1.25941873, -1.78837814, -2.02228583,
       -2.0551655 , -1.82383313, -0.03614458,  0.05823834,  1.36016313,
        1.13403141, -1.86028949, -1.48530319, -2.06294853, -1.83084359,
        0.0081483 ,  0.05771227, -1.77272727,  0.98797927,  1.0601227 ,
        1.26871113, -1.28088295, -2.0536238 , -2.06501487, -1.23931274,
       -0.70894103, -0.80223017,  1.29824561,  0.53324808, -1.38247173,
       -1.22843639])}
Using saved exact energies
Data collected can be found at experiments/8x1_single_zz_x_U_4_nocc_8_d_1-0914-011241/8x1
