{'theta': True, 'zeta': True, 'chi': False, 'gamma': True, 'phi': True, 'time': None}
{'theta': False, 'zeta': False, 'chi': False, 'gamma': False, 'phi': False, 'time': None}
                  (3, 2)
                  │
                  │
         (4, 1)───(4, 2)───(4, 3)
         │        │        │
         │        │        │
(5, 0)───(5, 1)───(5, 2)───(5, 3)───(5, 4)
         │        │        │        │
         │        │        │        │
         (6, 1)───(6, 2)───(6, 3)───(6, 4)───(6, 5)
                  │        │        │        │
                  │        │        │        │
                  (7, 2)───(7, 3)───(7, 4)───(7, 5)───(7, 6)
                           │        │        │
                           │        │        │
                           (8, 3)───(8, 4)───(8, 5)
                                    │
                                    │
                                    (9, 4)
Start at: (3, 2), with dr
Using qubits [cirq.GridQubit(3, 2), cirq.GridQubit(4, 2), cirq.GridQubit(4, 3), cirq.GridQubit(5, 3), cirq.GridQubit(5, 4), cirq.GridQubit(6, 4), cirq.GridQubit(6, 5), cirq.GridQubit(7, 5), cirq.GridQubit(4, 1), cirq.GridQubit(5, 1), cirq.GridQubit(5, 2), cirq.GridQubit(6, 2), cirq.GridQubit(6, 3), cirq.GridQubit(7, 3), cirq.GridQubit(7, 4), cirq.GridQubit(8, 4)]
Using qubits, JW:[cirq.GridQubit(3, 2), cirq.GridQubit(4, 2), cirq.GridQubit(4, 3), cirq.GridQubit(5, 3), cirq.GridQubit(5, 4), cirq.GridQubit(6, 4), cirq.GridQubit(6, 5), cirq.GridQubit(7, 5), cirq.GridQubit(4, 1), cirq.GridQubit(5, 1), cirq.GridQubit(5, 2), cirq.GridQubit(6, 2), cirq.GridQubit(6, 3), cirq.GridQubit(7, 3), cirq.GridQubit(7, 4), cirq.GridQubit(8, 4)]
                  [31m(3, 2)[0m
                  │
                  │
         [35m(4, 1)[0m───[31m(4, 2)[0m───[31m(4, 3)[0m
         │        │        │
         │        │        │
(5, 0)───[35m(5, 1)[0m───[35m(5, 2)[0m───[31m(5, 3)[0m───[31m(5, 4)[0m
         │        │        │        │
         │        │        │        │
         (6, 1)───[35m(6, 2)[0m───[35m(6, 3)[0m───[31m(6, 4)[0m───[31m(6, 5)[0m
                  │        │        │        │
                  │        │        │        │
                  (7, 2)───[35m(7, 3)[0m───[35m(7, 4)[0m───[31m(7, 5)[0m───(7, 6)
                           │        │        │
                           │        │        │
                           (8, 3)───[35m(8, 4)[0m───(8, 5)
                                    │
                                    │
                                    (9, 4)
None
Meas types ['onsite0', 'horiz0', 'vert02', 'vert12']
Prepped onsite, pairs=[(0, 8), (1, 9), (2, 10), (3, 11), (4, 12), (5, 13), (6, 14), (7, 15)]
Prepped horiz, pairs=[(0, 1), (2, 3), (4, 5), (6, 7), (8, 9), (10, 11), (12, 13), (14, 15)]
Prepped vert0, pairs=[(1, 2), (3, 4), (5, 6), (9, 10), (11, 12), (13, 14)]
Prepped vert1, pairs=[(1, 2), (3, 4), (5, 6), (9, 10), (11, 12), (13, 14)]
Set recompilation to False
Got pairs set [(10, 11), (5, 6), (3, 11), (5, 13), (8, 9), (4, 12), (6, 14), (1, 2), (6, 7), (7, 15), (12, 13), (4, 5), (2, 10), (9, 10), (2, 3), (1, 9), (14, 15), (0, 8), (11, 12), (0, 1), (13, 14), (3, 4)]
---Starting to do calibration: delta 3.478000829
---Starting to set up measurements: delta 0.8880040430000005
---Starting to run VQE: delta 2.2439570389999997
Running BayesMGD: n_evals 23, nshots 1000, max_iter 50, max_evals 600
---Preparing executables
---Running executables, 4 in batch, delta=2.07185123
---Extracting values delta=2.472005705999999
---Extracted values delta=10.298199128
Running block of size 20...
---Preparing executables
---Running executables, 80 in batch, delta=40.398866139
---Extracting values delta=6.023994947999995
---Extracted values delta=61.446756414000006
Running block of size 20...
---Preparing executables
---Running executables, 80 in batch, delta=40.27260516200002
---Extracting values delta=6.022657054000007
---Extracted values delta=65.699738398
Running block of size 6...
---Preparing executables
---Running executables, 24 in batch, delta=12.017812555000006
---Extracting values delta=2.422393974999977
---Extracted values delta=25.584395236000034
[-0.6003952926761817, -7.156676637201654]
2  :--------------------------------
fit_params:  [ -0.008  -2.313  -0.968   1.767  -0.135   0.273  -3.071   1.152  -1.738
  -2.758  -1.091  16.636  15.414   2.696 -20.677]
current: -7.157+/-3.068  params:  [0.543 0.343 0.268 1.142]  grad:  [ 1.475  2.121  2.364 -0.459]  gamma_k: 0.3097  delta_k: 0.6000
Running block of size 20...
---Preparing executables
---Running executables, 80 in batch, delta=40.03461875900001
---Extracting values delta=5.324792807999984
---Extracted values delta=63.43026060599999
Running block of size 20...
---Preparing executables
---Running executables, 80 in batch, delta=40.12014736699996
---Extracting values delta=5.707862237000029
---Extracted values delta=63.68824814999999
Running block of size 6...
---Preparing executables
---Running executables, 24 in batch, delta=12.174904544000015
---Extracting values delta=2.6256769990000066
---Extracted values delta=26.335231445999966
[-0.6003952926761817, -7.156676637201654, -7.156676637201654, -2.2688875413369374]
3  :--------------------------------
fit_params:  [ 0.819  0.397  0.145  0.662 -0.718 -0.093  1.283  0.611 -0.795 -0.422
 -2.119  0.578 -0.223 -0.546 -1.858]
current: -2.269+/-0.184  params:  [0.641 0.619 0.353 0.919]  grad:  [-0.376 -1.059 -0.328  0.858]  gamma_k: 0.2604  delta_k: 0.5594
Running block of size 20...
---Preparing executables
---Running executables, 80 in batch, delta=40.125367306000044
---Extracting values delta=5.4048638799999935
---Extracted values delta=62.81820196600006
Running block of size 20...
---Preparing executables
---Running executables, 80 in batch, delta=40.16432654999994
---Extracting values delta=5.898801315000014
---Extracted values delta=65.36895697800003
Running block of size 6...
---Preparing executables
---Running executables, 24 in batch, delta=12.200498573999994
---Extracting values delta=3.4350890739999613
---Extracted values delta=25.465260768000007
[-0.6003952926761817, -7.156676637201654, -7.156676637201654, -2.2688875413369374, -2.2688875413369374, -3.434312103988992]
4  :--------------------------------
fit_params:  [ 1.201  1.831  0.18   1.111 -0.102 -0.417  0.662  0.701 -0.855 -0.077
 -2.603 -0.41  -0.448 -0.344 -2.522]
current: -3.434+/-0.142  params:  [0.686 0.477 0.394 0.581]  grad:  [-0.195  0.623 -0.177  1.484]  gamma_k: 0.2277  delta_k: 0.5370
Running block of size 20...
---Preparing executables
---Running executables, 80 in batch, delta=40.240124466
---Extracting values delta=7.088519179000059
---Extracted values delta=64.17093509799997
Running block of size 20...
---Preparing executables
---Running executables, 80 in batch, delta=40.22257212399995
---Extracting values delta=5.321738836000009
---Extracted values delta=63.95439375400008
Running block of size 6...
---Preparing executables
---Running executables, 24 in batch, delta=12.12430904200005
---Extracting values delta=2.682711407999932
---Extracted values delta=27.92575544600004
[-0.6003952926761817, -7.156676637201654, -7.156676637201654, -2.2688875413369374, -2.2688875413369374, -3.434312103988992, -3.434312103988992, -3.1290720048624427]
5  :--------------------------------
fit_params:  [ 1.398  1.326  1.49   0.461 -0.351 -1.171  1.808  1.073 -0.593 -0.511
 -1.947 -1.834 -0.407 -0.444 -1.937]
current: -3.129+/-0.114  params:  [0.694 0.542 0.334 0.46 ]  grad:  [-0.04  -0.317  0.291  0.594]  gamma_k: 0.2040  delta_k: 0.5216
Running block of size 20...
---Preparing executables
---Running executables, 80 in batch, delta=40.33329697199997
---Extracting values delta=6.787179078000008
---Extracted values delta=62.6590748550002
Running block of size 20...
---Preparing executables
---Running executables, 80 in batch, delta=39.98108507500001
---Extracting values delta=6.310397992999924
---Extracted values delta=64.14920121499995
Running block of size 6...
---Preparing executables
---Running executables, 24 in batch, delta=12.12795919999985
---Extracting values delta=1.9470874510000158
---Extracted values delta=25.88289893299998
[-0.6003952926761817, -7.156676637201654, -7.156676637201654, -2.2688875413369374, -2.2688875413369374, -3.434312103988992, -3.434312103988992, -3.1290720048624427, -3.1290720048624427, -3.0561853181240792]
6  :--------------------------------
fit_params:  [ 1.739  3.369  1.685  0.237 -1.135 -0.846  1.901  0.869 -0.445 -0.575
 -1.67  -3.213 -1.927 -0.161 -1.119]
current: -3.056+/-0.105  params:  [0.741 0.593 0.417 0.386]  grad:  [-0.254 -0.275 -0.443  0.396]  gamma_k: 0.1860  delta_k: 0.5100
Running block of size 20...
---Preparing executables
---Running executables, 80 in batch, delta=40.165641710000045
---Extracting values delta=5.2991395889998785
---Extracted values delta=63.6346919770001
Running block of size 20...
---Preparing executables
---Running executables, 80 in batch, delta=40.252025355000114
---Extracting values delta=5.642805875000022
---Extracted values delta=65.3885718229999
Running block of size 6...
---Preparing executables
---Running executables, 24 in batch, delta=12.10526655800004
---Extracting values delta=1.9857857570000306
---Extracted values delta=26.701109940999913
[-0.6003952926761817, -7.156676637201654, -7.156676637201654, -2.2688875413369374, -2.2688875413369374, -3.434312103988992, -3.434312103988992, -3.1290720048624427, -3.1290720048624427, -3.0561853181240792, -3.0561853181240792, -2.8610900350555353]
7  :--------------------------------
fit_params:  [ 0.854  2.7    2.415  1.143  0.133  0.117  0.933  0.414 -0.712 -0.314
 -2.082 -3.043 -2.955 -0.264 -0.989]
current: -2.861+/-0.109  params:  [0.783 0.493 0.4   0.364]  grad:  [-0.243  0.583  0.095  0.126]  gamma_k: 0.1716  delta_k: 0.5007
Running block of size 20...
---Preparing executables
---Running executables, 80 in batch, delta=40.01691119700013
---Extracting values delta=6.190004542999986
---Extracted values delta=64.53727972399997
Running block of size 20...
---Preparing executables
---Running executables, 80 in batch, delta=40.28430041700017
---Extracting values delta=5.435638571000027
---Extracted values delta=67.05590632400003
Running block of size 6...
---Preparing executables
---Running executables, 24 in batch, delta=12.132442690000062
---Extracting values delta=2.1966361259999303
---Extracted values delta=25.48065162099988
[-0.6003952926761817, -7.156676637201654, -7.156676637201654, -2.2688875413369374, -2.2688875413369374, -3.434312103988992, -3.434312103988992, -3.1290720048624427, -3.1290720048624427, -3.0561853181240792, -3.0561853181240792, -2.8610900350555353, -2.8610900350555353, -3.2650669924897935]
8  :--------------------------------
fit_params:  [ 2.042  2.209  2.567  1.331 -0.132  0.224  2.188 -0.381 -0.444 -0.778
 -2.706 -3.764 -3.947  0.731 -0.757]
current: -3.265+/-0.107  params:  [0.741 0.551 0.393 0.357]  grad:  [ 0.262 -0.364  0.049  0.043]  gamma_k: 0.1598  delta_k: 0.4929
Running block of size 20...
---Preparing executables
---Running executables, 80 in batch, delta=40.53447658499999
---Extracting values delta=5.7770249530001365
---Extracted values delta=63.484066503999884
Running block of size 20...
---Preparing executables
---Running executables, 80 in batch, delta=40.187400729000046
---Extracting values delta=5.460876042000109
---Extracted values delta=64.7365553090001
Running block of size 6...
---Preparing executables
---Running executables, 24 in batch, delta=12.082068774999698
---Extracting values delta=2.120683325999835
---Extracted values delta=25.874447461000273
[-0.6003952926761817, -7.156676637201654, -7.156676637201654, -2.2688875413369374, -2.2688875413369374, -3.434312103988992, -3.434312103988992, -3.1290720048624427, -3.1290720048624427, -3.0561853181240792, -3.0561853181240792, -2.8610900350555353, -2.8610900350555353, -3.2650669924897935, -3.2650669924897935, -3.379595133834816]
9  :--------------------------------
fit_params:  [ 1.723  1.836  2.318  1.535 -0.293  0.065  1.99  -0.179 -0.2   -0.269
 -2.395 -3.234 -4.404 -0.285 -0.444]
current: -3.380+/-0.090  params:  [0.777 0.585 0.465 0.34 ]  grad:  [-0.243 -0.226 -0.486  0.115]  gamma_k: 0.1500  delta_k: 0.4863
Running block of size 20...
---Preparing executables
---Running executables, 80 in batch, delta=40.25622624699963
---Extracting values delta=5.454010759000084
---Extracted values delta=63.142183390000355
Running block of size 20...
---Preparing executables
---Running executables, 80 in batch, delta=40.275576457999705
---Extracting values delta=6.219262049000008
---Extracted values delta=65.09333667400006
Running block of size 6...
---Preparing executables
---Running executables, 24 in batch, delta=12.066318420999778
---Extracting values delta=2.40874087300017
---Extracted values delta=25.683332794999842
[-0.6003952926761817, -7.156676637201654, -7.156676637201654, -2.2688875413369374, -2.2688875413369374, -3.434312103988992, -3.434312103988992, -3.1290720048624427, -3.1290720048624427, -3.0561853181240792, -3.0561853181240792, -2.8610900350555353, -2.8610900350555353, -3.2650669924897935, -3.2650669924897935, -3.379595133834816, -3.379595133834816, -3.491279581519214]
10  :--------------------------------
fit_params:  [ 2.186  2.227  2.595  1.85  -0.402  0.331  1.648 -0.283 -0.643  0.552
 -2.755 -2.607 -4.777 -0.643 -0.732]
current: -3.491+/-0.093  params:  [0.736 0.518 0.401 0.349]  grad:  [ 0.289  0.472  0.457 -0.064]  gamma_k: 0.1417  delta_k: 0.4806
Running block of size 20...
---Preparing executables
---Running executables, 80 in batch, delta=40.14434217999997
---Extracting values delta=5.295129293000173
---Extracted values delta=62.183027735999985
Running block of size 20...
---Preparing executables
---Running executables, 80 in batch, delta=40.3118557140001
---Extracting values delta=5.303146163000292
---Extracted values delta=64.78853951599967
Running block of size 6...
---Preparing executables
---Running executables, 24 in batch, delta=12.143896557000062
---Extracting values delta=2.2431964570000673
---Extracted values delta=25.76589512999999
[-0.6003952926761817, -7.156676637201654, -7.156676637201654, -2.2688875413369374, -2.2688875413369374, -3.434312103988992, -3.434312103988992, -3.1290720048624427, -3.1290720048624427, -3.0561853181240792, -3.0561853181240792, -2.8610900350555353, -2.8610900350555353, -3.2650669924897935, -3.2650669924897935, -3.379595133834816, -3.379595133834816, -3.491279581519214, -3.491279581519214, -3.0145742568905987]
11  :--------------------------------
fit_params:  [ 2.324  2.837  1.937  1.505 -0.61   0.368  2.1    0.118  0.1    0.341
 -3.12  -4.02  -4.59  -1.137 -0.167]
current: -3.015+/-0.094  params:  [0.73  0.549 0.412 0.287]  grad:  [ 0.047 -0.226 -0.081  0.465]  gamma_k: 0.1344  delta_k: 0.4755
Running block of size 20...
---Preparing executables
---Running executables, 80 in batch, delta=40.39720555399981
---Extracting values delta=9.583588326000154
---Extracted values delta=63.618684285999734
Running block of size 20...
---Preparing executables
---Running executables, 80 in batch, delta=40.134153335000065
---Extracting values delta=5.387666127000102
---Extracted values delta=66.62204086700012
Running block of size 6...
---Preparing executables
---Running executables, 24 in batch, delta=12.044675664999886
---Extracting values delta=2.0639808630003245
---Extracted values delta=25.302673970999876
[-0.6003952926761817, -7.156676637201654, -7.156676637201654, -2.2688875413369374, -2.2688875413369374, -3.434312103988992, -3.434312103988992, -3.1290720048624427, -3.1290720048624427, -3.0561853181240792, -3.0561853181240792, -2.8610900350555353, -2.8610900350555353, -3.2650669924897935, -3.2650669924897935, -3.379595133834816, -3.379595133834816, -3.491279581519214, -3.491279581519214, -3.0145742568905987, -3.0145742568905987, -3.1369620633827995]
12  :--------------------------------
fit_params:  [ 2.052  2.358  2.057  1.766 -0.142  0.548  1.846 -0.08   0.108  0.38
 -2.97  -4.045 -4.988 -1.207 -0.219]
current: -3.137+/-0.102  params:  [0.695 0.559 0.444 0.271]  grad:  [ 0.275 -0.084 -0.252  0.119]  gamma_k: 0.1281  delta_k: 0.4709
Running block of size 20...
---Preparing executables
---Running executables, 80 in batch, delta=40.4543196249997
---Extracting values delta=5.335237968000001
---Extracted values delta=62.326285220000045
Running block of size 20...
---Preparing executables
---Running executables, 80 in batch, delta=40.09079763
---Extracting values delta=5.427232931999697
---Extracted values delta=65.46015994599975
Running block of size 6...
---Preparing executables
---Running executables, 24 in batch, delta=12.246509782999965
---Extracting values delta=2.8454979220000496
---Extracted values delta=25.089824794999913
[-0.6003952926761817, -7.156676637201654, -7.156676637201654, -2.2688875413369374, -2.2688875413369374, -3.434312103988992, -3.434312103988992, -3.1290720048624427, -3.1290720048624427, -3.0561853181240792, -3.0561853181240792, -2.8610900350555353, -2.8610900350555353, -3.2650669924897935, -3.2650669924897935, -3.379595133834816, -3.379595133834816, -3.491279581519214, -3.491279581519214, -3.0145742568905987, -3.0145742568905987, -3.1369620633827995, -3.1369620633827995, -2.9338227910180574]
13  :--------------------------------
fit_params:  [ 1.747  1.681  1.966  1.419  0.06   0.306  1.971  0.105  0.22   0.341
 -3.281 -3.52  -4.539 -1.284 -0.078]
current: -2.934+/-0.096  params:  [0.751 0.521 0.441 0.249]  grad:  [-0.458  0.313  0.02   0.18 ]  gamma_k: 0.1225  delta_k: 0.4668
Running block of size 20...
---Preparing executables
---Running executables, 80 in batch, delta=39.96027414199989
---Extracting values delta=5.512955764000253
---Extracted values delta=63.53893114099992
Running block of size 20...
---Preparing executables
---Running executables, 80 in batch, delta=40.18083152300005
---Extracting values delta=6.551664077000169
---Extracted values delta=64.20028660100024
Running block of size 6...
---Preparing executables
---Running executables, 24 in batch, delta=12.176622284000132
---Extracting values delta=2.256144372000108
---Extracted values delta=27.120563986000434
[-0.6003952926761817, -7.156676637201654, -7.156676637201654, -2.2688875413369374, -2.2688875413369374, -3.434312103988992, -3.434312103988992, -3.1290720048624427, -3.1290720048624427, -3.0561853181240792, -3.0561853181240792, -2.8610900350555353, -2.8610900350555353, -3.2650669924897935, -3.2650669924897935, -3.379595133834816, -3.379595133834816, -3.491279581519214, -3.491279581519214, -3.0145742568905987, -3.0145742568905987, -3.1369620633827995, -3.1369620633827995, -2.9338227910180574, -2.9338227910180574, -2.4970551708844844]
14  :--------------------------------
fit_params:  [ 1.533  1.76   2.329  1.442  0.096  0.23   1.494  0.604  0.263  0.124
 -2.807 -3.896 -4.186 -1.58  -0.143]
current: -2.497+/-0.092  params:  [0.739 0.576 0.461 0.199]  grad:  [ 0.099 -0.469 -0.166  0.43 ]  gamma_k: 0.1175  delta_k: 0.4631
Running block of size 20...
---Preparing executables
---Running executables, 80 in batch, delta=39.994285854999816
---Extracting values delta=5.256179538000197
---Extracted values delta=63.65526755999963
Running block of size 20...
---Preparing executables
---Running executables, 80 in batch, delta=42.079303930999686
---Extracting values delta=6.5847981130000335
---Extracted values delta=65.61127302299974
Running block of size 6...
---Preparing executables
---Running executables, 24 in batch, delta=24.5585638069997
---Extracting values delta=5.059292898999956
---Extracted values delta=26.455236452999998
[-0.6003952926761817, -7.156676637201654, -7.156676637201654, -2.2688875413369374, -2.2688875413369374, -3.434312103988992, -3.434312103988992, -3.1290720048624427, -3.1290720048624427, -3.0561853181240792, -3.0561853181240792, -2.8610900350555353, -2.8610900350555353, -3.2650669924897935, -3.2650669924897935, -3.379595133834816, -3.379595133834816, -3.491279581519214, -3.491279581519214, -3.0145742568905987, -3.0145742568905987, -3.1369620633827995, -3.1369620633827995, -2.9338227910180574, -2.9338227910180574, -2.4970551708844844, -2.4970551708844844, -2.589896695092561]
15  :--------------------------------
fit_params:  [ 1.902  1.819  2.074  1.217  0.307  0.356  1.789  0.272  0.408 -0.428
 -3.401 -3.951 -3.958 -1.295 -0.058]
current: -2.590+/-0.121  params:  [0.717 0.53  0.419 0.236]  grad:  [ 0.202  0.411  0.372 -0.333]  gamma_k: 0.1131  delta_k: 0.4596
***-2.59+/-0.12 1632060405.8511019
---VQE complete: delta 3688.3887759609997
Data collected can be found at experiments/4x2_bayesmgd_zz_x_U_8_nocc_4_d_1-0919-140510/2x4
