{'theta': True, 'zeta': True, 'chi': False, 'gamma': True, 'phi': True, 'time': None}
{'theta': False, 'zeta': False, 'chi': False, 'gamma': False, 'phi': False, 'time': None}
                  (3, 2)
                  │
                  │
         (4, 1)───(4, 2)───(4, 3)
         │        │        │
         │        │        │
(5, 0)───(5, 1)───(5, 2)───(5, 3)───(5, 4)
         │        │        │        │
         │        │        │        │
         (6, 1)───(6, 2)───(6, 3)───(6, 4)───(6, 5)
                  │        │        │        │
                  │        │        │        │
                  (7, 2)───(7, 3)───(7, 4)───(7, 5)───(7, 6)
                           │        │        │
                           │        │        │
                           (8, 3)───(8, 4)───(8, 5)
                                    │
                                    │
                                    (9, 4)
Start at: (3, 2), with dr
Using qubits [cirq.GridQubit(3, 2), cirq.GridQubit(4, 2), cirq.GridQubit(4, 3), cirq.GridQubit(5, 3), cirq.GridQubit(5, 4), cirq.GridQubit(6, 4), cirq.GridQubit(6, 5), cirq.GridQubit(7, 5), cirq.GridQubit(4, 1), cirq.GridQubit(5, 1), cirq.GridQubit(5, 2), cirq.GridQubit(6, 2), cirq.GridQubit(6, 3), cirq.GridQubit(7, 3), cirq.GridQubit(7, 4), cirq.GridQubit(8, 4)]
Using qubits, JW:[cirq.GridQubit(3, 2), cirq.GridQubit(4, 2), cirq.GridQubit(4, 3), cirq.GridQubit(5, 3), cirq.GridQubit(5, 4), cirq.GridQubit(6, 4), cirq.GridQubit(6, 5), cirq.GridQubit(7, 5), cirq.GridQubit(4, 1), cirq.GridQubit(5, 1), cirq.GridQubit(5, 2), cirq.GridQubit(6, 2), cirq.GridQubit(6, 3), cirq.GridQubit(7, 3), cirq.GridQubit(7, 4), cirq.GridQubit(8, 4)]
                  [31m(3, 2)[0m
                  │
                  │
         [35m(4, 1)[0m───[31m(4, 2)[0m───[31m(4, 3)[0m
         │        │        │
         │        │        │
(5, 0)───[35m(5, 1)[0m───[35m(5, 2)[0m───[31m(5, 3)[0m───[31m(5, 4)[0m
         │        │        │        │
         │        │        │        │
         (6, 1)───[35m(6, 2)[0m───[35m(6, 3)[0m───[31m(6, 4)[0m───[31m(6, 5)[0m
                  │        │        │        │
                  │        │        │        │
                  (7, 2)───[35m(7, 3)[0m───[35m(7, 4)[0m───[31m(7, 5)[0m───(7, 6)
                           │        │        │
                           │        │        │
                           (8, 3)───[35m(8, 4)[0m───(8, 5)
                                    │
                                    │
                                    (9, 4)
None
Meas types ['onsite0', 'horiz0', 'vert02', 'vert12']
Prepped onsite, pairs=[(0, 8), (1, 9), (2, 10), (3, 11), (4, 12), (5, 13), (6, 14), (7, 15)]
Prepped horiz, pairs=[(0, 1), (2, 3), (4, 5), (6, 7), (8, 9), (10, 11), (12, 13), (14, 15)]
Prepped vert0, pairs=[(1, 2), (3, 4), (5, 6), (9, 10), (11, 12), (13, 14)]
Prepped vert1, pairs=[(1, 2), (3, 4), (5, 6), (9, 10), (11, 12), (13, 14)]
Set recompilation to False
Got pairs set [(10, 11), (5, 6), (3, 11), (5, 13), (8, 9), (4, 12), (6, 14), (1, 2), (6, 7), (7, 15), (12, 13), (4, 5), (2, 10), (9, 10), (2, 3), (1, 9), (14, 15), (0, 8), (11, 12), (0, 1), (13, 14), (3, 4)]
---Starting to do calibration: delta 4.596867668
---Starting to set up measurements: delta 1.9916639150000002
---Starting to run VQE: delta 5.043224957999998
Running BayesMGD: n_evals 23, nshots 1000, max_iter 50, max_evals 600
---Preparing executables
---Running executables, 4 in batch, delta=4.676378282999998
---Extracting values delta=2.4715862540000018
---Extracted values delta=7.680194791000002
Running block of size 20...
---Preparing executables
---Running executables, 80 in batch, delta=89.112474509
---Extracting values delta=9.591337685999989
---Extracted values delta=67.665637906
Running block of size 20...
---Preparing executables
---Running executables, 80 in batch, delta=97.29732981599997
---Extracting values delta=8.737236252999992
---Extracted values delta=69.23581627799996
Running block of size 6...
---Preparing executables
---Running executables, 24 in batch, delta=22.758457589999978
---Extracting values delta=4.54348995600003
---Extracted values delta=26.914174177999996
[1.1381077688193513, 0.9634256374813033]
2  :--------------------------------
fit_params:  [ 0.715  1.212  2.838 -0.884  0.642  1.889  0.183  0.149  0.017  0.274
 -4.917 -2.928 -8.106  2.405  4.259]
current: 0.963+/-4.093  params:  [0.421 0.634 0.299 0.53 ]  grad:  [1.871 1.182 2.264 1.518]  gamma_k: 0.3097  delta_k: 0.6000
Running block of size 20...
---Preparing executables
---Running executables, 80 in batch, delta=77.69951956300002
---Extracting values delta=9.905983881999987
---Extracted values delta=66.6329240419999
Running block of size 20...
---Preparing executables
---Running executables, 80 in batch, delta=73.76321858899996
---Extracting values delta=7.983587999000065
---Extracted values delta=69.88950536799996
Running block of size 6...
---Preparing executables
---Running executables, 24 in batch, delta=22.51456002100008
---Extracting values delta=3.0784904610000012
---Extracted values delta=27.602639314000044
[1.1381077688193513, 0.9634256374813033, 0.9634256374813033, -0.052094828087288214]
3  :--------------------------------
fit_params:  [ 2.999  0.376  2.285 -2.34   1.6    0.183  1.28  -0.684 -0.141 -0.809
 -5.279 -2.262 -2.9    3.49   1.289]
current: -0.052+/-0.262  params:  [0.77  0.588 0.459 0.589]  grad:  [-1.343  0.176 -0.614 -0.227]  gamma_k: 0.2604  delta_k: 0.5594
Running block of size 20...
---Preparing executables
---Running executables, 80 in batch, delta=73.74341233999996
---Extracting values delta=8.391383911000048
---Extracted values delta=65.96549607899999
Running block of size 20...
---Preparing executables
---Running executables, 80 in batch, delta=74.72360991599999
---Extracting values delta=8.558505051999987
---Extracted values delta=69.18736183199997
Running block of size 6...
---Preparing executables
---Running executables, 24 in batch, delta=22.455884305999916
---Extracting values delta=3.5313418769999316
---Extracted values delta=29.52415512199991
[1.1381077688193513, 0.9634256374813033, 0.9634256374813033, -0.052094828087288214, -0.052094828087288214, -2.2762310465701914]
4  :--------------------------------
fit_params:  [ 2.549  1.755  3.277  0.601  0.738 -0.536  1.378 -1.44   1.116 -0.194
 -3.33  -5.378 -3.779  0.23   2.577]
current: -2.276+/-0.163  params:  [0.935 0.496 0.506 0.622]  grad:  [-0.723  0.403 -0.206 -0.145]  gamma_k: 0.2277  delta_k: 0.5370
Running block of size 20...
---Preparing executables
---Running executables, 80 in batch, delta=84.01448022699992
---Extracting values delta=7.4488343939999595
---Extracted values delta=67.08140285500008
Running block of size 20...
---Preparing executables
---Running executables, 80 in batch, delta=82.27420830100004
---Extracting values delta=8.567540991999977
---Extracted values delta=70.17534109300004
Running block of size 6...
---Preparing executables
---Running executables, 24 in batch, delta=22.34646080000016
---Extracting values delta=4.88731778500005
---Extracted values delta=26.894468318999998
[1.1381077688193513, 0.9634256374813033, 0.9634256374813033, -0.052094828087288214, -0.052094828087288214, -2.2762310465701914, -2.2762310465701914, -1.2662667731703778]
5  :--------------------------------
fit_params:  [ 2.059  1.374  2.807  2.41   0.277  0.037  0.602 -0.25   0.148 -1.063
 -3.311 -2.585 -2.501 -1.24   1.718]
current: -1.266+/-0.123  params:  [0.825 0.478 0.571 0.548]  grad:  [ 0.54   0.09  -0.319  0.362]  gamma_k: 0.2040  delta_k: 0.5216
Running block of size 20...
---Preparing executables
---Running executables, 80 in batch, delta=75.56267883400005
---Extracting values delta=8.183365358999936
---Extracted values delta=66.46973607099994
Running block of size 20...
---Preparing executables
---Running executables, 80 in batch, delta=101.01884427000005
---Extracting values delta=8.751166558000023
---Extracted values delta=68.98993352599996
Running block of size 6...
---Preparing executables
---Running executables, 24 in batch, delta=29.283337412000037
---Extracting values delta=3.438350483000022
---Extracted values delta=26.524041042000135
[1.1381077688193513, 0.9634256374813033, 0.9634256374813033, -0.052094828087288214, -0.052094828087288214, -2.2762310465701914, -2.2762310465701914, -1.2662667731703778, -1.2662667731703778, -1.8060015963592226]
6  :--------------------------------
fit_params:  [ 1.662  1.532  2.924  1.454 -0.191  0.125  0.988 -0.385  0.535 -1.045
 -2.82  -2.716 -3.473 -0.151  1.896]
current: -1.806+/-0.124  params:  [0.925 0.45  0.595 0.524]  grad:  [-0.541  0.15  -0.129  0.127]  gamma_k: 0.1860  delta_k: 0.5100
Running block of size 20...
---Preparing executables
---Running executables, 80 in batch, delta=46.973837199999934
---Extracting values delta=6.213616294000076
---Extracted values delta=66.4849087670002
Running block of size 20...
---Preparing executables
---Running executables, 80 in batch, delta=45.44838117899985
---Extracting values delta=5.951165522999872
---Extracted values delta=69.3086166979997
Running block of size 6...
---Preparing executables
---Running executables, 24 in batch, delta=12.705314611000176
---Extracting values delta=2.484619715000008
---Extracted values delta=28.384789327999897
[1.1381077688193513, 0.9634256374813033, 0.9634256374813033, -0.052094828087288214, -0.052094828087288214, -2.2762310465701914, -2.2762310465701914, -1.2662667731703778, -1.2662667731703778, -1.8060015963592226, -1.8060015963592226, -1.819232150619674]
7  :--------------------------------
fit_params:  [ 1.661  1.25   2.635  0.884 -0.197 -0.032  1.508 -0.001  0.596 -0.677
 -2.518 -2.408 -3.991 -0.537  1.753]
current: -1.819+/-0.124  params:  [0.867 0.318 0.641 0.504]  grad:  [ 0.339  0.773 -0.269  0.12 ]  gamma_k: 0.1716  delta_k: 0.5007
Running block of size 20...
---Preparing executables
---Running executables, 80 in batch, delta=42.71273805100009
---Extracting values delta=5.611673928000073
---Extracted values delta=65.60204006100003
Running block of size 20...
---Preparing executables
---Running executables, 80 in batch, delta=42.45121630699987
---Extracting values delta=5.877548860999923
---Extracted values delta=69.19060553700001
Running block of size 6...
---Preparing executables
---Running executables, 24 in batch, delta=12.64490479999995
---Extracting values delta=2.3229784939999263
---Extracted values delta=27.593475018999925
[1.1381077688193513, 0.9634256374813033, 0.9634256374813033, -0.052094828087288214, -0.052094828087288214, -2.2762310465701914, -2.2762310465701914, -1.2662667731703778, -1.2662667731703778, -1.8060015963592226, -1.8060015963592226, -1.819232150619674, -1.819232150619674, -1.6414880054894696]
8  :--------------------------------
fit_params:  [ 1.461  1.163  2.801  1.13  -0.638  0.51   1.279 -0.082  0.738 -0.481
 -2.402 -2.249 -4.318 -0.444  1.597]
current: -1.641+/-0.125  params:  [0.819 0.355 0.563 0.439]  grad:  [ 0.298 -0.234  0.484  0.404]  gamma_k: 0.1598  delta_k: 0.4929
Running block of size 20...
---Preparing executables
---Running executables, 80 in batch, delta=42.54500922999978
---Extracting values delta=7.386441823000041
---Extracted values delta=65.87400480100041
Running block of size 20...
---Preparing executables
---Running executables, 80 in batch, delta=42.329448418000084
---Extracting values delta=5.826443944999937
---Extracted values delta=69.08454091300018
Running block of size 6...
---Preparing executables
---Running executables, 24 in batch, delta=12.660384073999921
---Extracting values delta=2.7925302849998843
---Extracted values delta=25.515205703999982
[1.1381077688193513, 0.9634256374813033, 0.9634256374813033, -0.052094828087288214, -0.052094828087288214, -2.2762310465701914, -2.2762310465701914, -1.2662667731703778, -1.2662667731703778, -1.8060015963592226, -1.8060015963592226, -1.819232150619674, -1.819232150619674, -1.6414880054894696, -1.6414880054894696, -2.078548535637277]
9  :--------------------------------
fit_params:  [ 2.287  1.854  2.061  0.663 -0.814  0.128  1.472 -0.619  0.702  0.292
 -2.638 -2.673 -4.4   -0.388  2.055]
current: -2.079+/-0.112  params:  [0.799 0.417 0.648 0.438]  grad:  [ 0.133 -0.415 -0.566  0.008]  gamma_k: 0.1500  delta_k: 0.4863
Running block of size 20...
---Preparing executables
---Running executables, 80 in batch, delta=42.40304521000007
---Extracting values delta=6.861167768000087
---Extracted values delta=66.25200924199999
Running block of size 20...
---Preparing executables
---Running executables, 80 in batch, delta=43.707454389000304
---Extracting values delta=8.046570252000038
---Extracted values delta=68.25485735699976
Running block of size 6...
---Preparing executables
---Running executables, 24 in batch, delta=12.906021430000237
---Extracting values delta=3.870788824000101
---Extracted values delta=27.3260362850001
[1.1381077688193513, 0.9634256374813033, 0.9634256374813033, -0.052094828087288214, -0.052094828087288214, -2.2762310465701914, -2.2762310465701914, -1.2662667731703778, -1.2662667731703778, -1.8060015963592226, -1.8060015963592226, -1.819232150619674, -1.819232150619674, -1.6414880054894696, -1.6414880054894696, -2.078548535637277, -2.078548535637277, -1.8202337174043168]
10  :--------------------------------
fit_params:  [ 1.796  2.146  2.264  0.387 -0.644  0.222  1.98  -0.139 -0.247  0.229
 -2.812 -3.281 -4.522 -0.189  2.115]
current: -1.820+/-0.106  params:  [0.844 0.441 0.56  0.436]  grad:  [-0.312 -0.167  0.623  0.018]  gamma_k: 0.1417  delta_k: 0.4806
Running block of size 20...
---Preparing executables
---Running executables, 80 in batch, delta=42.51881358899982
---Extracting values delta=5.678316892000112
---Extracted values delta=66.638009969
Running block of size 20...
---Preparing executables
---Running executables, 80 in batch, delta=42.593999133000125
---Extracting values delta=5.954879435999828
---Extracted values delta=68.62015481499975
Running block of size 6...
---Preparing executables
---Running executables, 24 in batch, delta=12.76165149999997
---Extracting values delta=3.1115412539998033
---Extracted values delta=27.02656819599997
[1.1381077688193513, 0.9634256374813033, 0.9634256374813033, -0.052094828087288214, -0.052094828087288214, -2.2762310465701914, -2.2762310465701914, -1.2662667731703778, -1.2662667731703778, -1.8060015963592226, -1.8060015963592226, -1.819232150619674, -1.819232150619674, -1.6414880054894696, -1.6414880054894696, -2.078548535637277, -2.078548535637277, -1.8202337174043168, -1.8202337174043168, -1.4107385747817387]
11  :--------------------------------
fit_params:  [ 1.485  2.317  1.83   0.353 -0.499  0.175  2.141  0.26  -0.084  0.059
 -2.737 -3.461 -4.366 -0.528  2.254]
current: -1.411+/-0.111  params:  [0.877 0.432 0.571 0.407]  grad:  [-0.247  0.066 -0.081  0.21 ]  gamma_k: 0.1344  delta_k: 0.4755
Running block of size 20...
---Preparing executables
---Running executables, 80 in batch, delta=42.26179670500005
---Extracting values delta=5.863437748999786
---Extracted values delta=66.76893626200035
Running block of size 20...
---Preparing executables
---Running executables, 80 in batch, delta=42.514703912000186
---Extracting values delta=6.413101513000129
---Extracted values delta=67.13291621999997
Running block of size 6...
---Preparing executables
---Running executables, 24 in batch, delta=12.726317632000246
---Extracting values delta=2.283071361000111
---Extracted values delta=25.723946233000333
[1.1381077688193513, 0.9634256374813033, 0.9634256374813033, -0.052094828087288214, -0.052094828087288214, -2.2762310465701914, -2.2762310465701914, -1.2662667731703778, -1.2662667731703778, -1.8060015963592226, -1.8060015963592226, -1.819232150619674, -1.819232150619674, -1.6414880054894696, -1.6414880054894696, -2.078548535637277, -2.078548535637277, -1.8202337174043168, -1.8202337174043168, -1.4107385747817387, -1.4107385747817387, -1.9256953137579234]
12  :--------------------------------
fit_params:  [ 1.656  0.967  2.359  1.021  0.23  -0.31   1.818 -0.711  1.161  0.972
 -2.51  -4.094 -4.856 -1.625  2.68 ]
current: -1.926+/-0.120  params:  [0.92  0.411 0.615 0.398]  grad:  [-0.341  0.168 -0.342  0.073]  gamma_k: 0.1281  delta_k: 0.4709
Running block of size 20...
---Preparing executables
---Running executables, 80 in batch, delta=42.407514011999865
---Extracting values delta=6.2719095610000295
---Extracted values delta=67.27183242199999
Running block of size 20...
---Preparing executables
---Running executables, 80 in batch, delta=47.40863378699987
---Extracting values delta=6.115521373999854
---Extracted values delta=66.88891271900002
Running block of size 6...
---Preparing executables
---Running executables, 24 in batch, delta=14.148756203000175
---Extracting values delta=3.0401333600002545
---Extracted values delta=26.637345023999842
[1.1381077688193513, 0.9634256374813033, 0.9634256374813033, -0.052094828087288214, -0.052094828087288214, -2.2762310465701914, -2.2762310465701914, -1.2662667731703778, -1.2662667731703778, -1.8060015963592226, -1.8060015963592226, -1.819232150619674, -1.819232150619674, -1.6414880054894696, -1.6414880054894696, -2.078548535637277, -2.078548535637277, -1.8202337174043168, -1.8202337174043168, -1.4107385747817387, -1.4107385747817387, -1.9256953137579234, -1.9256953137579234, -0.9916228589388306]
13  :--------------------------------
fit_params:  [ 1.599  1.248  3.15   1.745  0.705  0.321  1.523 -0.385  0.549  0.225
 -3.011 -4.485 -5.424 -1.396  2.605]
current: -0.992+/-0.114  params:  [0.847 0.392 0.557 0.397]  grad:  [0.6   0.149 0.47  0.012]  gamma_k: 0.1225  delta_k: 0.4668
Running block of size 20...
---Preparing executables
---Running executables, 80 in batch, delta=46.986446804000025
---Extracting values delta=8.388485254999978
---Extracted values delta=66.16862419599966
Running block of size 20...
---Preparing executables
---Running executables, 80 in batch, delta=42.79231423500005
---Extracting values delta=5.916070535000017
---Extracted values delta=69.31182892100014
Running block of size 6...
---Preparing executables
---Running executables, 24 in batch, delta=12.769718248999652
---Extracting values delta=4.435759117999623
---Extracted values delta=26.95479500700003
[1.1381077688193513, 0.9634256374813033, 0.9634256374813033, -0.052094828087288214, -0.052094828087288214, -2.2762310465701914, -2.2762310465701914, -1.2662667731703778, -1.2662667731703778, -1.8060015963592226, -1.8060015963592226, -1.819232150619674, -1.819232150619674, -1.6414880054894696, -1.6414880054894696, -2.078548535637277, -2.078548535637277, -1.8202337174043168, -1.8202337174043168, -1.4107385747817387, -1.4107385747817387, -1.9256953137579234, -1.9256953137579234, -0.9916228589388306, -0.9916228589388306, -1.1470793347347585]
14  :--------------------------------
fit_params:  [ 1.436  1.469  3.515  1.622  0.375  0.065  1.769  0.162  0.169 -0.068
 -2.993 -4.181 -6.11  -1.705  3.253]
current: -1.147+/-0.106  params:  [0.855 0.426 0.645 0.407]  grad:  [-0.065 -0.287 -0.747 -0.087]  gamma_k: 0.1175  delta_k: 0.4631
Running block of size 20...
---Preparing executables
---Running executables, 80 in batch, delta=42.34005089300081
---Extracting values delta=5.72231917299996
---Extracted values delta=68.15766506100044
Running block of size 20...
---Preparing executables
---Running executables, 80 in batch, delta=42.593665305000286
---Extracting values delta=6.098745195999982
---Extracted values delta=68.71355696799947
Running block of size 6...
---Preparing executables
---Running executables, 24 in batch, delta=12.701510853999935
---Extracting values delta=2.6473613999996815
---Extracted values delta=26.49258939399988
[1.1381077688193513, 0.9634256374813033, 0.9634256374813033, -0.052094828087288214, -0.052094828087288214, -2.2762310465701914, -2.2762310465701914, -1.2662667731703778, -1.2662667731703778, -1.8060015963592226, -1.8060015963592226, -1.819232150619674, -1.819232150619674, -1.6414880054894696, -1.6414880054894696, -2.078548535637277, -2.078548535637277, -1.8202337174043168, -1.8202337174043168, -1.4107385747817387, -1.4107385747817387, -1.9256953137579234, -1.9256953137579234, -0.9916228589388306, -0.9916228589388306, -1.1470793347347585, -1.1470793347347585, -1.160040675022355]
15  :--------------------------------
fit_params:  [ 1.785  2.049  3.622  1.287  0.196  0.05   0.912 -0.007  0.65  -0.073
 -2.642 -3.973 -5.287 -1.328  2.529]
current: -1.160+/-0.098  params:  [0.783 0.447 0.624 0.388]  grad:  [ 0.636 -0.187  0.19   0.167]  gamma_k: 0.1131  delta_k: 0.4596
***-1.16+/-0.10 1632064812.857803
---VQE complete: delta 4386.038606247001
Data collected can be found at experiments/4x2_bayesmgd_zz_x_U_8_nocc_5_d_1-0919-150655/2x4
