{'theta': True, 'zeta': True, 'chi': False, 'gamma': True, 'phi': True, 'time': None}
{'theta': False, 'zeta': False, 'chi': False, 'gamma': False, 'phi': False, 'time': None}
                  (3, 2)
                  │
                  │
         (4, 1)───(4, 2)───(4, 3)
         │        │        │
         │        │        │
(5, 0)───(5, 1)───(5, 2)───(5, 3)───(5, 4)
         │        │        │        │
         │        │        │        │
         (6, 1)───(6, 2)───(6, 3)───(6, 4)───(6, 5)
                  │        │        │        │
                  │        │        │        │
                  (7, 2)───(7, 3)───(7, 4)───(7, 5)───(7, 6)
                           │        │        │
                           │        │        │
                           (8, 3)───(8, 4)───(8, 5)
                                    │
                                    │
                                    (9, 4)
Qubits: 4 2 5 3
Using qubits [cirq.GridQubit(5, 3), cirq.GridQubit(6, 3), cirq.GridQubit(7, 3), cirq.GridQubit(8, 3), cirq.GridQubit(5, 4), cirq.GridQubit(6, 4), cirq.GridQubit(7, 4), cirq.GridQubit(8, 4)]
Using qubits, JW:[cirq.GridQubit(5, 3), cirq.GridQubit(6, 3), cirq.GridQubit(7, 3), cirq.GridQubit(8, 3), cirq.GridQubit(5, 4), cirq.GridQubit(6, 4), cirq.GridQubit(7, 4), cirq.GridQubit(8, 4)]
                  (3, 2)
                  │
                  │
         (4, 1)───(4, 2)───(4, 3)
         │        │        │
         │        │        │
(5, 0)───(5, 1)───(5, 2)───[31m(5, 3)[0m───[35m(5, 4)[0m
         │        │        │        │
         │        │        │        │
         (6, 1)───(6, 2)───[31m(6, 3)[0m───[35m(6, 4)[0m───(6, 5)
                  │        │        │        │
                  │        │        │        │
                  (7, 2)───[31m(7, 3)[0m───[35m(7, 4)[0m───(7, 5)───(7, 6)
                           │        │        │
                           │        │        │
                           [31m(8, 3)[0m───[35m(8, 4)[0m───(8, 5)
                                    │
                                    │
                                    (9, 4)
None
Meas types ['onsite0', 'horiz0', 'horiz1']
Prepped onsite, pairs=[(0, 4), (1, 5), (2, 6), (3, 7)]
Prepped horiz, pairs=[(0, 1), (2, 3), (4, 5), (6, 7)]
Prepped horiz, pairs=[(1, 2), (5, 6)]
Set recompilation to False
Got pairs set [(0, 1), (1, 2), (2, 6), (6, 7), (4, 5), (5, 6), (1, 5), (2, 3), (0, 4), (3, 7)]
---Starting to do calibration: delta 3.6425312219999997
---Starting to set up measurements: delta 0.23640187900000065
---Starting to run VQE: delta 0.3620087279999993
Running BayesMGD: n_evals 42, nshots 1000, max_iter 50, max_evals 2520
---Preparing executables
---Running executables, 3 in batch, delta=0.33060092899999916
---Extracting values delta=1.5785804520000006
---Extracted values delta=5.806367947
Running block of size 20...
---Preparing executables
---Running executables, 60 in batch, delta=5.991662928
---Extracting values delta=2.5905812330000018
---Extracted values delta=23.961833518
Running block of size 20...
---Preparing executables
---Running executables, 60 in batch, delta=6.001299529999997
---Extracting values delta=2.5908656580000056
---Extracted values delta=24.060643307999996
Running block of size 20...
---Preparing executables
---Running executables, 60 in batch, delta=5.9479581920000015
---Extracting values delta=2.580196798000003
---Extracted values delta=22.196513767
Running block of size 20...
---Preparing executables
---Running executables, 60 in batch, delta=5.972014251999994
---Extracting values delta=2.219730251999991
---Extracted values delta=26.114003030000006
Running block of size 4...
---Preparing executables
---Running executables, 12 in batch, delta=1.185506920999984
---Extracting values delta=1.4803960459999814
---Extracted values delta=11.372393862999985
[-1.3425685889337589, -1.3599950001055219]
2  :--------------------------------
fit_params:  [ 0.658 -0.072  0.099  0.181  0.116  0.298  0.005  0.046 -0.442 -0.172
  0.136  0.117 -0.137  0.029 -0.219  0.004  0.095  0.106  0.143 -0.205
 -0.041 -0.503  0.244  0.229  0.018  0.212 -0.377 -1.331]
current: -1.360+/-0.024  params:  [0.502 0.499 0.506 0.485 0.507 0.496]  grad:  [-0.008  0.006 -0.028  0.078 -0.037  0.019]  gamma_k: 0.1977  delta_k: 0.6000
Running block of size 20...
---Preparing executables
---Running executables, 60 in batch, delta=5.936065317000015
---Extracting values delta=2.2476952430000097
---Extracted values delta=22.931039099000003
Running block of size 20...
---Preparing executables
---Running executables, 60 in batch, delta=6.01982150500001
---Extracting values delta=2.152020725
---Extracted values delta=22.751152957000016
Running block of size 20...
---Preparing executables
---Running executables, 60 in batch, delta=5.935412501000002
---Extracting values delta=2.0831689950000225
---Extracted values delta=22.679147184999977
Running block of size 20...
---Preparing executables
---Running executables, 60 in batch, delta=6.153667624999969
---Extracting values delta=2.2484586990000253
---Extracted values delta=23.172111411000003
Running block of size 4...
---Preparing executables
---Running executables, 12 in batch, delta=1.3021152219999976
---Extracting values delta=1.4321669290000045
---Extracted values delta=6.569460714000002
[-1.3425685889337589, -1.3599950001055219, -1.3599950001055219, -1.3358791642500791]
3  :--------------------------------
fit_params:  [ 0.325  0.185  0.499  0.004  0.145  0.005 -0.026 -0.164 -0.109 -0.106
  0.165 -0.035  0.017  0.049 -0.129  0.036 -0.008 -0.113  0.083  0.014
 -0.025 -0.077 -0.13  -0.121 -0.012 -0.11   0.024 -1.234]
current: -1.336+/-0.018  params:  [0.507 0.496 0.501 0.475 0.51  0.499]  grad:  [-0.037  0.016  0.027  0.064 -0.017 -0.018]  gamma_k: 0.1548  delta_k: 0.5594
Running block of size 20...
---Preparing executables
---Running executables, 60 in batch, delta=5.976254358999995
---Extracting values delta=1.6582261559999552
---Extracted values delta=29.878137495000033
Running block of size 20...
---Preparing executables
---Running executables, 60 in batch, delta=5.996761558000003
---Extracting values delta=1.7312174919999848
---Extracted values delta=22.176459065000017
Running block of size 20...
---Preparing executables
---Running executables, 60 in batch, delta=5.960037831000022
---Extracting values delta=2.3056577559999596
---Extracted values delta=22.60198235500002
Running block of size 20...
---Preparing executables
---Running executables, 60 in batch, delta=5.993924040000024
---Extracting values delta=2.1933817650000265
---Extracted values delta=22.85626060300001
Running block of size 4...
---Preparing executables
---Running executables, 12 in batch, delta=1.188291229000015
---Extracting values delta=1.5279247510000005
---Extracted values delta=7.295079532999978
[-1.3425685889337589, -1.3599950001055219, -1.3599950001055219, -1.3358791642500791, -1.3358791642500791, -1.3307870152551196]
4  :--------------------------------
fit_params:  [ 0.084  0.21   0.42   0.141 -0.16   0.042  0.098 -0.14  -0.057 -0.022
  0.103 -0.053 -0.001  0.104  0.07   0.123 -0.049 -0.052 -0.019  0.136
 -0.102 -0.026 -0.358 -0.236 -0.37  -0.001  0.115 -1.132]
current: -1.331+/-0.016  params:  [0.514 0.491 0.503 0.468 0.507 0.491]  grad:  [-0.055  0.045 -0.011  0.052  0.023  0.061]  gamma_k: 0.1302  delta_k: 0.5370
Running block of size 20...
---Preparing executables
---Running executables, 60 in batch, delta=6.088675900999988
---Extracting values delta=2.170297336000033
---Extracted values delta=22.977952501000004
Running block of size 20...
---Preparing executables
---Running executables, 60 in batch, delta=5.993780960000038
---Extracting values delta=2.052132541999981
---Extracted values delta=22.97561147199997
Running block of size 20...
---Preparing executables
---Running executables, 60 in batch, delta=5.954394002999948
---Extracting values delta=2.3040463499999646
---Extracted values delta=22.37364946200006
Running block of size 20...
---Preparing executables
---Running executables, 60 in batch, delta=6.000510856999995
---Extracting values delta=1.7231420030000208
---Extracted values delta=21.17613268299999
Running block of size 4...
---Preparing executables
---Running executables, 12 in batch, delta=1.1906199069999275
---Extracting values delta=2.1156153980000454
---Extracted values delta=9.045191607999982
[-1.3425685889337589, -1.3599950001055219, -1.3599950001055219, -1.3358791642500791, -1.3358791642500791, -1.3307870152551196, -1.3307870152551196, -1.3034440037276125]
5  :--------------------------------
fit_params:  [-0.009  0.124  0.261  0.16   0.149 -0.098  0.047  0.137 -0.105 -0.135
  0.139  0.127 -0.03  -0.01  -0.019 -0.16   0.096  0.034 -0.097  0.206
  0.059 -0.132 -0.23  -0.261 -0.269  0.024 -0.142 -1.097]
current: -1.303+/-0.016  params:  [0.517 0.492 0.498 0.463 0.504 0.485]  grad:  [-0.02  -0.012  0.044  0.046  0.024  0.049]  gamma_k: 0.1139  delta_k: 0.5216
Running block of size 20...
---Preparing executables
---Running executables, 60 in batch, delta=6.629327627000066
---Extracting values delta=2.7341418199999907
---Extracted values delta=22.575998318000075
Running block of size 20...
---Preparing executables
---Running executables, 60 in batch, delta=6.005773891999979
---Extracting values delta=2.0756899989999056
---Extracted values delta=21.27411152400009
Running block of size 20...
---Preparing executables
---Running executables, 60 in batch, delta=5.93477377499994
---Extracting values delta=1.8246154380000235
---Extracted values delta=22.129970845999992
Running block of size 20...
---Preparing executables
---Running executables, 60 in batch, delta=6.0074511089999305
---Extracting values delta=1.6292076110000835
---Extracted values delta=22.10383800799991
Running block of size 4...
---Preparing executables
---Running executables, 12 in batch, delta=1.1873172880000311
---Extracting values delta=1.0024707810000564
---Extracted values delta=9.155808199000035
[-1.3425685889337589, -1.3599950001055219, -1.3599950001055219, -1.3358791642500791, -1.3358791642500791, -1.3307870152551196, -1.3307870152551196, -1.3034440037276125, -1.3034440037276125, -1.311171646230267]
6  :--------------------------------
fit_params:  [-0.061 -0.023  0.31  -0.033  0.097  0.147  0.263 -0.002 -0.04   0.078
  0.066  0.101 -0.066  0.119 -0.107 -0.025 -0.119 -0.089  0.082  0.026
  0.027 -0.101 -0.347 -0.281 -0.257 -0.088 -0.066 -1.018]
current: -1.311+/-0.016  params:  [0.518 0.496 0.492 0.467 0.509 0.486]  grad:  [-0.018 -0.044  0.052 -0.043 -0.044 -0.002]  gamma_k: 0.1020  delta_k: 0.5100
Running block of size 20...
---Preparing executables
---Running executables, 60 in batch, delta=5.924442344999989
---Extracting values delta=2.5220961930000385
---Extracted values delta=21.351481593000017
Running block of size 20...
---Preparing executables
---Running executables, 60 in batch, delta=6.161799342999984
---Extracting values delta=1.6096354520000205
---Extracted values delta=22.141748749000044
Running block of size 20...
---Preparing executables
---Running executables, 60 in batch, delta=5.915417947000037
---Extracting values delta=1.898132483999916
---Extracted values delta=21.862655534000055
Running block of size 20...
---Preparing executables
---Running executables, 60 in batch, delta=6.006123157999923
---Extracting values delta=2.0270882989999564
---Extracted values delta=24.01190696399999
Running block of size 4...
---Preparing executables
---Running executables, 12 in batch, delta=1.180871596999964
---Extracting values delta=1.0452611000000616
---Extracted values delta=8.006930428000032
[-1.3425685889337589, -1.3599950001055219, -1.3599950001055219, -1.3358791642500791, -1.3358791642500791, -1.3307870152551196, -1.3307870152551196, -1.3034440037276125, -1.3034440037276125, -1.311171646230267, -1.311171646230267, -1.3323278974952029]
7  :--------------------------------
fit_params:  [-0.081 -0.014  0.384 -0.023 -0.     0.184 -0.043  0.117  0.103  0.09
 -0.002  0.053  0.063  0.032 -0.106 -0.001  0.034  0.035  0.002 -0.022
  0.047 -0.152 -0.044 -0.544 -0.117 -0.061 -0.271 -1.064]
current: -1.332+/-0.015  params:  [0.517 0.49  0.492 0.469 0.511 0.485]  grad:  [ 0.019  0.064  0.001 -0.017 -0.024  0.007]  gamma_k: 0.0930  delta_k: 0.5007
Running block of size 20...
---Preparing executables
---Running executables, 60 in batch, delta=5.924363408999966
---Extracting values delta=2.733471072000043
---Extracted values delta=21.421895210000002
Running block of size 20...
---Preparing executables
---Running executables, 60 in batch, delta=6.031452247999937
---Extracting values delta=2.417817652999929
---Extracted values delta=23.21411411400004
Running block of size 20...
---Preparing executables
---Running executables, 60 in batch, delta=5.9737839769999255
---Extracting values delta=3.158414756999946
---Extracted values delta=22.69724702299993
Running block of size 20...
---Preparing executables
---Running executables, 60 in batch, delta=5.939381693999962
---Extracting values delta=1.8992982859999756
---Extracted values delta=22.159357414000056
Running block of size 4...
---Preparing executables
---Running executables, 12 in batch, delta=1.362607910999941
---Extracting values delta=1.143651886999919
---Extracted values delta=8.956906047000075
[-1.3425685889337589, -1.3599950001055219, -1.3599950001055219, -1.3358791642500791, -1.3358791642500791, -1.3307870152551196, -1.3307870152551196, -1.3034440037276125, -1.3034440037276125, -1.311171646230267, -1.311171646230267, -1.3323278974952029, -1.3323278974952029, -1.3661082179475355]
8  :--------------------------------
fit_params:  [-0.066 -0.036  0.509 -0.035 -0.027  0.141 -0.077  0.1    0.071  0.007
  0.005 -0.128  0.056  0.077  0.017 -0.005  0.014  0.057  0.118 -0.021
 -0.02  -0.03  -0.042 -0.683  0.133 -0.076 -0.303 -1.121]
current: -1.366+/-0.013  params:  [0.516 0.486 0.492 0.472 0.509 0.487]  grad:  [ 0.003  0.051  0.004 -0.04   0.023 -0.02 ]  gamma_k: 0.0858  delta_k: 0.4929
Running block of size 20...
---Preparing executables
---Running executables, 60 in batch, delta=5.939393163999966
---Extracting values delta=2.101519148999955
---Extracted values delta=21.612063294999984
Running block of size 20...
---Preparing executables
---Running executables, 60 in batch, delta=5.928189654999983
---Extracting values delta=2.2155411239999694
---Extracted values delta=21.448442825999905
Running block of size 20...
---Preparing executables
---Running executables, 60 in batch, delta=6.032752868999978
---Extracting values delta=2.5944334159999016
---Extracted values delta=21.710033121999913
Running block of size 20...
---Preparing executables
---Running executables, 60 in batch, delta=5.940304370999911
---Extracting values delta=2.4154975880001075
---Extracted values delta=21.851977548999912
Running block of size 4...
---Preparing executables
---Running executables, 12 in batch, delta=1.2633914139998978
---Extracting values delta=1.509257289000061
---Extracted values delta=7.816431963000014
[-1.3425685889337589, -1.3599950001055219, -1.3599950001055219, -1.3358791642500791, -1.3358791642500791, -1.3307870152551196, -1.3307870152551196, -1.3034440037276125, -1.3034440037276125, -1.311171646230267, -1.311171646230267, -1.3323278974952029, -1.3323278974952029, -1.3661082179475355, -1.3661082179475355, -1.3398555506051193]
9  :--------------------------------
fit_params:  [-0.238  0.219  0.489 -0.095 -0.035  0.126 -0.027  0.146  0.005  0.084
  0.023 -0.014 -0.035 -0.054 -0.054 -0.025 -0.037  0.031  0.089  0.108
 -0.012  0.13  -0.135 -0.679 -0.05   0.207 -0.282 -1.17 ]
current: -1.340+/-0.013  params:  [0.516 0.482 0.494 0.469 0.509 0.486]  grad:  [ 0.009  0.051 -0.023  0.036 -0.006  0.01 ]  gamma_k: 0.0799  delta_k: 0.4863
Running block of size 20...
---Preparing executables
---Running executables, 60 in batch, delta=6.009367859999884
---Extracting values delta=1.879472276999877
---Extracted values delta=22.696406633999914
Running block of size 20...
---Preparing executables
---Running executables, 60 in batch, delta=6.11531920099992
---Extracting values delta=1.8011109449998912
---Extracted values delta=22.981239821000145
Running block of size 20...
---Preparing executables
---Running executables, 60 in batch, delta=6.06654623899999
---Extracting values delta=1.8701303469999857
---Extracted values delta=22.94045833700011
Running block of size 20...
---Preparing executables
---Running executables, 60 in batch, delta=6.160803177999924
---Extracting values delta=1.7212320529999943
---Extracted values delta=22.467888607000077
Running block of size 4...
---Preparing executables
---Running executables, 12 in batch, delta=1.392979379000053
---Extracting values delta=1.1208109659999081
---Extracted values delta=7.73220470199999
[-1.3425685889337589, -1.3599950001055219, -1.3599950001055219, -1.3358791642500791, -1.3358791642500791, -1.3307870152551196, -1.3307870152551196, -1.3034440037276125, -1.3034440037276125, -1.311171646230267, -1.311171646230267, -1.3323278974952029, -1.3323278974952029, -1.3661082179475355, -1.3661082179475355, -1.3398555506051193, -1.3398555506051193, -1.3503348152440424]
10  :--------------------------------
fit_params:  [-0.243  0.192  0.417 -0.054  0.1    0.25   0.037  0.068 -0.084 -0.003
  0.009  0.094  0.083  0.072 -0.119 -0.189 -0.004 -0.047  0.162 -0.093
 -0.078  0.061 -0.159 -0.492  0.128  0.09  -0.163 -1.215]
current: -1.350+/-0.013  params:  [0.516 0.481 0.491 0.477 0.511 0.484]  grad:  [-0.008  0.017  0.033 -0.107 -0.024  0.025]  gamma_k: 0.0750  delta_k: 0.4806
Running block of size 20...
---Preparing executables
---Running executables, 60 in batch, delta=6.026940707999984
---Extracting values delta=2.404134512999917
---Extracted values delta=21.09887458100002
Running block of size 20...
---Preparing executables
---Running executables, 60 in batch, delta=7.102983214000005
---Extracting values delta=1.9143977720000294
---Extracted values delta=21.910374437999963
Running block of size 20...
---Preparing executables
---Running executables, 60 in batch, delta=6.096495943000036
---Extracting values delta=3.6184317810000266
---Extracted values delta=21.664070106000054
Running block of size 20...
---Preparing executables
---Running executables, 60 in batch, delta=5.945721806999927
---Extracting values delta=1.8097519840000587
---Extracted values delta=22.914957853000033
Running block of size 4...
---Preparing executables
---Running executables, 12 in batch, delta=1.1941474609998295
---Extracting values delta=1.1657324569998764
---Extracted values delta=11.802991466000094
[-1.3425685889337589, -1.3599950001055219, -1.3599950001055219, -1.3358791642500791, -1.3358791642500791, -1.3307870152551196, -1.3307870152551196, -1.3034440037276125, -1.3034440037276125, -1.311171646230267, -1.311171646230267, -1.3323278974952029, -1.3323278974952029, -1.3661082179475355, -1.3661082179475355, -1.3398555506051193, -1.3398555506051193, -1.3503348152440424, -1.3503348152440424, -1.3539786766414865]
11  :--------------------------------
fit_params:  [-0.213  0.309  0.324 -0.002  0.028  0.362  0.074  0.114 -0.198 -0.053
 -0.067  0.015  0.008  0.142  0.014  0.019 -0.089 -0.171  0.342 -0.1
 -0.097  0.152 -0.03  -0.612  0.1   -0.105 -0.226 -1.172]
current: -1.354+/-0.013  params:  [0.517 0.476 0.492 0.483 0.511 0.483]  grad:  [-0.013  0.064 -0.007 -0.083  0.006  0.01 ]  gamma_k: 0.0708  delta_k: 0.4755
Running block of size 20...
---Preparing executables
---Running executables, 60 in batch, delta=6.012349680999932
---Extracting values delta=2.223220956999967
---Extracted values delta=22.679350805000013
Running block of size 20...
---Preparing executables
---Running executables, 60 in batch, delta=5.982223844000146
---Extracting values delta=1.8480708479999066
---Extracted values delta=22.62478764299999
Running block of size 20...
---Preparing executables
---Running executables, 60 in batch, delta=6.0022221340000215
---Extracting values delta=2.198995515999968
---Extracted values delta=21.51976513900013
Running block of size 20...
---Preparing executables
---Running executables, 60 in batch, delta=6.522367669000005
---Extracting values delta=1.9739159340001606
---Extracted values delta=22.40398525599994
Running block of size 4...
---Preparing executables
---Running executables, 12 in batch, delta=1.2024482929998612
---Extracting values delta=1.5966261359999407
---Extracted values delta=7.913851574000091
[-1.3425685889337589, -1.3599950001055219, -1.3599950001055219, -1.3358791642500791, -1.3358791642500791, -1.3307870152551196, -1.3307870152551196, -1.3034440037276125, -1.3034440037276125, -1.311171646230267, -1.311171646230267, -1.3323278974952029, -1.3323278974952029, -1.3661082179475355, -1.3661082179475355, -1.3398555506051193, -1.3398555506051193, -1.3503348152440424, -1.3503348152440424, -1.3539786766414865, -1.3539786766414865, -1.356576953513522]
12  :--------------------------------
fit_params:  [-0.096  0.158  0.434 -0.004  0.084  0.318 -0.086  0.119 -0.13  -0.092
  0.01  -0.105 -0.044  0.091 -0.202  0.069 -0.022 -0.03   0.289 -0.042
 -0.122  0.175  0.055 -0.333  0.105  0.104 -0.368 -1.292]
current: -1.357+/-0.013  params:  [0.52  0.472 0.487 0.487 0.512 0.483]  grad:  [-0.045  0.063  0.065 -0.058 -0.02   0.008]  gamma_k: 0.0672  delta_k: 0.4709
Running block of size 20...
---Preparing executables
---Running executables, 60 in batch, delta=6.061947911000061
---Extracting values delta=1.8462217479998344
---Extracted values delta=22.350393850000046
Running block of size 20...
---Preparing executables
---Running executables, 60 in batch, delta=5.945740709999882
---Extracting values delta=1.8048998459998984
---Extracted values delta=21.57626970199999
Running block of size 20...
---Preparing executables
---Running executables, 60 in batch, delta=6.101245227999925
---Extracting values delta=1.8096790689999125
---Extracted values delta=22.080913154999962
Running block of size 20...
---Preparing executables
---Running executables, 60 in batch, delta=6.036800502999995
---Extracting values delta=1.7747145470000305
---Extracted values delta=22.599359835000087
Running block of size 4...
---Preparing executables
---Running executables, 12 in batch, delta=1.2141038119998484
---Extracting values delta=1.0465190879999682
---Extracted values delta=12.60044161399992
[-1.3425685889337589, -1.3599950001055219, -1.3599950001055219, -1.3358791642500791, -1.3358791642500791, -1.3307870152551196, -1.3307870152551196, -1.3034440037276125, -1.3034440037276125, -1.311171646230267, -1.311171646230267, -1.3323278974952029, -1.3323278974952029, -1.3661082179475355, -1.3661082179475355, -1.3398555506051193, -1.3398555506051193, -1.3503348152440424, -1.3503348152440424, -1.3539786766414865, -1.3539786766414865, -1.356576953513522, -1.356576953513522, -1.3668655735385866]
13  :--------------------------------
fit_params:  [ 0.1    0.211  0.521  0.042  0.046  0.384 -0.049 -0.059 -0.198 -0.082
  0.08  -0.12  -0.124  0.036 -0.243  0.001  0.086  0.045  0.324 -0.057
 -0.139  0.096 -0.15  -0.126  0.109  0.415 -0.577 -1.322]
current: -1.367+/-0.015  params:  [0.522 0.474 0.482 0.489 0.512 0.48 ]  grad:  [-0.027 -0.037  0.081 -0.03  -0.003  0.044]  gamma_k: 0.0641  delta_k: 0.4668
Running block of size 20...
---Preparing executables
---Running executables, 60 in batch, delta=6.2892671530000825
---Extracting values delta=1.7626812099999825
---Extracted values delta=21.36783741699992
Running block of size 20...
---Preparing executables
---Running executables, 60 in batch, delta=6.056428276999895
---Extracting values delta=2.1267371980000007
---Extracted values delta=23.258002287999943
Running block of size 20...
---Preparing executables
---Running executables, 60 in batch, delta=6.057209968000052
---Extracting values delta=1.7205582120000145
---Extracted values delta=23.133986347000018
Running block of size 20...
---Preparing executables
---Running executables, 60 in batch, delta=6.108489642999984
---Extracting values delta=2.557781112999919
---Extracted values delta=24.809505900999966
Running block of size 4...
---Preparing executables
---Running executables, 12 in batch, delta=1.2232699930000308
---Extracting values delta=1.434278962999997
---Extracted values delta=7.986290659999895
[-1.3425685889337589, -1.3599950001055219, -1.3599950001055219, -1.3358791642500791, -1.3358791642500791, -1.3307870152551196, -1.3307870152551196, -1.3034440037276125, -1.3034440037276125, -1.311171646230267, -1.311171646230267, -1.3323278974952029, -1.3323278974952029, -1.3661082179475355, -1.3661082179475355, -1.3398555506051193, -1.3398555506051193, -1.3503348152440424, -1.3503348152440424, -1.3539786766414865, -1.3539786766414865, -1.356576953513522, -1.356576953513522, -1.3668655735385866, -1.3668655735385866, -1.3833351306996824]
14  :--------------------------------
fit_params:  [ 0.127  0.113  0.607  0.017  0.118  0.199 -0.008  0.023 -0.2   -0.071
 -0.042  0.02   0.068  0.032 -0.398 -0.017 -0.012  0.154  0.124 -0.054
  0.131 -0.141 -0.035 -0.078  0.164  0.125 -0.539 -1.312]
current: -1.383+/-0.013  params:  [0.522 0.474 0.478 0.488 0.508 0.481]  grad:  [-0.006  0.011  0.073  0.017  0.073 -0.013]  gamma_k: 0.0613  delta_k: 0.4631
Running block of size 20...
---Preparing executables
---Running executables, 60 in batch, delta=5.974668839999822
---Extracting values delta=1.8720510499999818
---Extracted values delta=21.091870399000072
Running block of size 20...
---Preparing executables
---Running executables, 60 in batch, delta=5.9993087330001345
---Extracting values delta=2.079493785000068
---Extracted values delta=22.16097657599994
Running block of size 20...
---Preparing executables
---Running executables, 60 in batch, delta=6.038847624000027
---Extracting values delta=1.8093457740001213
---Extracted values delta=22.00037147000012
Running block of size 20...
---Preparing executables
---Running executables, 60 in batch, delta=5.9545511559999795
---Extracting values delta=2.3311486019999847
---Extracted values delta=21.87678025399987
Running block of size 4...
---Preparing executables
---Running executables, 12 in batch, delta=1.2017164409999168
---Extracting values delta=1.1092796259999886
---Extracted values delta=6.850012548999985
[-1.3425685889337589, -1.3599950001055219, -1.3599950001055219, -1.3358791642500791, -1.3358791642500791, -1.3307870152551196, -1.3307870152551196, -1.3034440037276125, -1.3034440037276125, -1.311171646230267, -1.311171646230267, -1.3323278974952029, -1.3323278974952029, -1.3661082179475355, -1.3661082179475355, -1.3398555506051193, -1.3398555506051193, -1.3503348152440424, -1.3503348152440424, -1.3539786766414865, -1.3539786766414865, -1.356576953513522, -1.356576953513522, -1.3668655735385866, -1.3668655735385866, -1.3833351306996824, -1.3833351306996824, -1.3653575972959662]
15  :--------------------------------
fit_params:  [ 0.159 -0.057  0.623  0.038  0.056  0.156 -0.211  0.043 -0.091 -0.166
 -0.041 -0.111  0.113  0.137 -0.138  0.05   0.119  0.054 -0.04   0.183
  0.043 -0.04   0.164 -0.221 -0.057 -0.228 -0.496 -1.144]
current: -1.365+/-0.014  params:  [0.52  0.476 0.475 0.495 0.506 0.48 ]  grad:  [ 0.035 -0.046  0.047 -0.112  0.035  0.014]  gamma_k: 0.0588  delta_k: 0.4596
Running block of size 20...
---Preparing executables
---Running executables, 60 in batch, delta=6.0447912279998945
---Extracting values delta=1.9459410730000855
---Extracted values delta=22.415750289000016
Running block of size 20...
---Preparing executables
---Running executables, 60 in batch, delta=5.979166352999982
---Extracting values delta=2.137244027999941
---Extracted values delta=22.693590775000075
Running block of size 20...
---Preparing executables
---Running executables, 60 in batch, delta=5.971046982999951
---Extracting values delta=2.5323538919999464
---Extracted values delta=21.67771959100014
Running block of size 20...
---Preparing executables
---Running executables, 60 in batch, delta=6.045868328000097
---Extracting values delta=2.893472817999964
---Extracted values delta=22.635238340999877
Running block of size 4...
---Preparing executables
---Running executables, 12 in batch, delta=1.1925671620001594
---Extracting values delta=1.0921212879998166
---Extracted values delta=8.152319156999965
[-1.3425685889337589, -1.3599950001055219, -1.3599950001055219, -1.3358791642500791, -1.3358791642500791, -1.3307870152551196, -1.3307870152551196, -1.3034440037276125, -1.3034440037276125, -1.311171646230267, -1.311171646230267, -1.3323278974952029, -1.3323278974952029, -1.3661082179475355, -1.3661082179475355, -1.3398555506051193, -1.3398555506051193, -1.3503348152440424, -1.3503348152440424, -1.3539786766414865, -1.3539786766414865, -1.356576953513522, -1.356576953513522, -1.3668655735385866, -1.3668655735385866, -1.3833351306996824, -1.3833351306996824, -1.3653575972959662, -1.3653575972959662, -1.3479263347688715]
16  :--------------------------------
fit_params:  [-0.025 -0.196  0.639 -0.098  0.271 -0.05   0.078 -0.016 -0.121 -0.127
  0.04  -0.055  0.018  0.167 -0.237  0.004 -0.029 -0.022  0.214  0.147
 -0.134  0.096  0.092 -0.4    0.107 -0.162 -0.103 -1.257]
current: -1.348+/-0.013  params:  [0.521 0.473 0.476 0.494 0.509 0.479]  grad:  [-0.006  0.06  -0.014  0.007 -0.06   0.01 ]  gamma_k: 0.0565  delta_k: 0.4564
Running block of size 20...
---Preparing executables
---Running executables, 60 in batch, delta=5.986214748000066
---Extracting values delta=1.6562830569998823
---Extracted values delta=22.63270207100004
Running block of size 20...
---Preparing executables
---Running executables, 60 in batch, delta=6.103001926000161
---Extracting values delta=2.0869289299998854
---Extracted values delta=25.33357211700013
Running block of size 20...
---Preparing executables
---Running executables, 60 in batch, delta=5.965418767999836
---Extracting values delta=1.779173892000017
---Extracted values delta=22.015553243999875
Running block of size 20...
---Preparing executables
---Running executables, 60 in batch, delta=6.026492163000057
---Extracting values delta=1.7631535919999806
---Extracted values delta=21.552129199999854
Running block of size 4...
---Preparing executables
---Running executables, 12 in batch, delta=1.3229892270001073
---Extracting values delta=2.386915836999833
---Extracted values delta=6.4398744749996695
[-1.3425685889337589, -1.3599950001055219, -1.3599950001055219, -1.3358791642500791, -1.3358791642500791, -1.3307870152551196, -1.3307870152551196, -1.3034440037276125, -1.3034440037276125, -1.311171646230267, -1.311171646230267, -1.3323278974952029, -1.3323278974952029, -1.3661082179475355, -1.3661082179475355, -1.3398555506051193, -1.3398555506051193, -1.3503348152440424, -1.3503348152440424, -1.3539786766414865, -1.3539786766414865, -1.356576953513522, -1.356576953513522, -1.3668655735385866, -1.3668655735385866, -1.3833351306996824, -1.3833351306996824, -1.3653575972959662, -1.3653575972959662, -1.3479263347688715, -1.3479263347688715, -1.3591157241559864]
17  :--------------------------------
fit_params:  [ 0.104 -0.01   0.377  0.087  0.082 -0.035 -0.016  0.032 -0.206 -0.067
  0.037  0.017 -0.111  0.092 -0.047  0.011  0.03  -0.011  0.189  0.029
  0.022 -0.008  0.185 -0.336 -0.033 -0.066 -0.209 -1.269]
current: -1.359+/-0.016  params:  [0.523 0.468 0.475 0.49  0.51  0.479]  grad:  [-0.035  0.084  0.011  0.074 -0.024  0.008]  gamma_k: 0.0545  delta_k: 0.4535
Running block of size 20...
---Preparing executables
---Running executables, 60 in batch, delta=5.984698545000356
---Extracting values delta=1.7220932519999224
---Extracted values delta=21.86598924100008
Running block of size 20...
---Preparing executables
---Running executables, 60 in batch, delta=5.977710897999714
---Extracting values delta=1.6239784680001321
---Extracted values delta=27.158698278999964
Running block of size 20...
---Preparing executables
---Running executables, 60 in batch, delta=6.21699618599996
---Extracting values delta=1.771074174000205
---Extracted values delta=22.98378024900012
Running block of size 20...
---Preparing executables
---Running executables, 60 in batch, delta=5.985986690999653
---Extracting values delta=1.9492613239999628
---Extracted values delta=21.60021361400004
Running block of size 4...
---Preparing executables
---Running executables, 12 in batch, delta=1.186864850999882
---Extracting values delta=3.004698773999735
---Extracted values delta=8.626684180000211
[-1.3425685889337589, -1.3599950001055219, -1.3599950001055219, -1.3358791642500791, -1.3358791642500791, -1.3307870152551196, -1.3307870152551196, -1.3034440037276125, -1.3034440037276125, -1.311171646230267, -1.311171646230267, -1.3323278974952029, -1.3323278974952029, -1.3661082179475355, -1.3661082179475355, -1.3398555506051193, -1.3398555506051193, -1.3503348152440424, -1.3503348152440424, -1.3539786766414865, -1.3539786766414865, -1.356576953513522, -1.356576953513522, -1.3668655735385866, -1.3668655735385866, -1.3833351306996824, -1.3833351306996824, -1.3653575972959662, -1.3653575972959662, -1.3479263347688715, -1.3479263347688715, -1.3591157241559864, -1.3591157241559864, -1.3942177539546117]
18  :--------------------------------
fit_params:  [ 0.087  0.167  0.539  0.039  0.161  0.347 -0.003 -0.038 -0.155 -0.071
 -0.046 -0.016 -0.003  0.091 -0.058 -0.073  0.051 -0.1    0.07  -0.002
 -0.114 -0.022  0.106 -0.28   0.101 -0.013 -0.216 -1.327]
current: -1.394+/-0.012  params:  [0.522 0.465 0.473 0.494 0.511 0.478]  grad:  [ 0.006  0.064  0.039 -0.07  -0.002  0.025]  gamma_k: 0.0527  delta_k: 0.4507
Running block of size 20...
---Preparing executables
---Running executables, 60 in batch, delta=6.03258915799961
---Extracting values delta=2.631397800999821
---Extracted values delta=20.933450720999645
Running block of size 20...
---Preparing executables
---Running executables, 60 in batch, delta=6.320564383999681
---Extracting values delta=1.8636316790002638
---Extracted values delta=22.440180495000277
Running block of size 20...
---Preparing executables
---Running executables, 60 in batch, delta=5.9828014750000875
---Extracting values delta=1.686809830999664
---Extracted values delta=21.594615497000177
Running block of size 20...
---Preparing executables
---Running executables, 60 in batch, delta=6.035620088000087
---Extracting values delta=2.0605261460000293
---Extracted values delta=22.155158342999584
Running block of size 4...
---Preparing executables
---Running executables, 12 in batch, delta=1.2062399330002336
---Extracting values delta=1.1003757779999432
---Extracted values delta=7.3053784769999766
[-1.3425685889337589, -1.3599950001055219, -1.3599950001055219, -1.3358791642500791, -1.3358791642500791, -1.3307870152551196, -1.3307870152551196, -1.3034440037276125, -1.3034440037276125, -1.311171646230267, -1.311171646230267, -1.3323278974952029, -1.3323278974952029, -1.3661082179475355, -1.3661082179475355, -1.3398555506051193, -1.3398555506051193, -1.3503348152440424, -1.3503348152440424, -1.3539786766414865, -1.3539786766414865, -1.356576953513522, -1.356576953513522, -1.3668655735385866, -1.3668655735385866, -1.3833351306996824, -1.3833351306996824, -1.3653575972959662, -1.3653575972959662, -1.3479263347688715, -1.3479263347688715, -1.3591157241559864, -1.3591157241559864, -1.3942177539546117, -1.3942177539546117, -1.3859655278399652]
19  :--------------------------------
fit_params:  [-0.067  0.048  0.611  0.109  0.24   0.432 -0.045 -0.126 -0.055  0.071
 -0.027  0.024  0.033  0.118 -0.083 -0.041  0.015 -0.152 -0.001  0.006
 -0.035  0.061  0.132 -0.393 -0.166 -0.256 -0.285 -1.121]
current: -1.386+/-0.012  params:  [0.525 0.464 0.476 0.495 0.512 0.479]  grad:  [-0.051  0.026 -0.059 -0.023 -0.019 -0.028]  gamma_k: 0.0510  delta_k: 0.4481
Running block of size 20...
---Preparing executables
---Running executables, 60 in batch, delta=6.16761676599981
---Extracting values delta=1.777784294000412
---Extracted values delta=21.80200730200022
Running block of size 20...
---Preparing executables
---Running executables, 60 in batch, delta=6.108124926000073
---Extracting values delta=1.8412600110000312
---Extracted values delta=21.767052257999694
Running block of size 20...
---Preparing executables
---Running executables, 60 in batch, delta=5.973967505000019
---Extracting values delta=1.839777149999918
---Extracted values delta=22.768085320999944
Running block of size 20...
---Preparing executables
---Running executables, 60 in batch, delta=5.963107131000015
---Extracting values delta=1.8088999149999836
---Extracted values delta=21.850256069999887
Running block of size 4...
---Preparing executables
---Running executables, 12 in batch, delta=1.2100155019998056
---Extracting values delta=1.0833662820000427
---Extracted values delta=6.7111478399997395
[-1.3425685889337589, -1.3599950001055219, -1.3599950001055219, -1.3358791642500791, -1.3358791642500791, -1.3307870152551196, -1.3307870152551196, -1.3034440037276125, -1.3034440037276125, -1.311171646230267, -1.311171646230267, -1.3323278974952029, -1.3323278974952029, -1.3661082179475355, -1.3661082179475355, -1.3398555506051193, -1.3398555506051193, -1.3503348152440424, -1.3503348152440424, -1.3539786766414865, -1.3539786766414865, -1.356576953513522, -1.356576953513522, -1.3668655735385866, -1.3668655735385866, -1.3833351306996824, -1.3833351306996824, -1.3653575972959662, -1.3653575972959662, -1.3479263347688715, -1.3479263347688715, -1.3591157241559864, -1.3591157241559864, -1.3942177539546117, -1.3942177539546117, -1.3859655278399652, -1.3859655278399652, -1.3994582415677024]
20  :--------------------------------
fit_params:  [ 0.033  0.04   0.751  0.213  0.384  0.464 -0.134 -0.252  0.134  0.055
 -0.037 -0.017  0.113 -0.239  0.086 -0.162  0.035 -0.082  0.05   0.081
 -0.011  0.165  0.324 -0.664  0.002 -0.18  -0.502 -1.246]
current: -1.399+/-0.013  params:  [0.523 0.464 0.475 0.488 0.511 0.478]  grad:  [ 0.039 -0.011  0.03   0.132  0.021  0.019]  gamma_k: 0.0494  delta_k: 0.4457
Running block of size 20...
---Preparing executables
---Running executables, 60 in batch, delta=6.041533872999935
---Extracting values delta=2.3910843970002134
---Extracted values delta=22.38963325299983
Running block of size 20...
---Preparing executables
---Running executables, 60 in batch, delta=5.986128960999849
---Extracting values delta=4.344445773000189
---Extracted values delta=22.71193933299992
Running block of size 20...
---Preparing executables
---Running executables, 60 in batch, delta=6.027618034999705
---Extracting values delta=1.918019243999879
---Extracted values delta=23.13648991400032
Running block of size 20...
---Preparing executables
---Running executables, 60 in batch, delta=6.0399723129999074
---Extracting values delta=5.66830157000004
---Extracted values delta=21.312416628999927
Running block of size 4...
---Preparing executables
---Running executables, 12 in batch, delta=1.1889014569997016
---Extracting values delta=1.1918139989998053
---Extracted values delta=7.999271434000093
[-1.3425685889337589, -1.3599950001055219, -1.3599950001055219, -1.3358791642500791, -1.3358791642500791, -1.3307870152551196, -1.3307870152551196, -1.3034440037276125, -1.3034440037276125, -1.311171646230267, -1.311171646230267, -1.3323278974952029, -1.3323278974952029, -1.3661082179475355, -1.3661082179475355, -1.3398555506051193, -1.3398555506051193, -1.3503348152440424, -1.3503348152440424, -1.3539786766414865, -1.3539786766414865, -1.356576953513522, -1.356576953513522, -1.3668655735385866, -1.3668655735385866, -1.3833351306996824, -1.3833351306996824, -1.3653575972959662, -1.3653575972959662, -1.3479263347688715, -1.3479263347688715, -1.3591157241559864, -1.3591157241559864, -1.3942177539546117, -1.3942177539546117, -1.3859655278399652, -1.3859655278399652, -1.3994582415677024, -1.3994582415677024, -1.3368137357486203]
21  :--------------------------------
fit_params:  [-0.166  0.275  0.52   0.058 -0.023  0.264 -0.172  0.169 -0.058 -0.123
  0.008 -0.04   0.132 -0.079 -0.09  -0.016  0.009 -0.127  0.247  0.007
 -0.108  0.157  0.179 -0.675  0.069  0.143 -0.284 -1.241]
current: -1.337+/-0.015  params:  [0.523 0.464 0.473 0.49  0.512 0.479]  grad:  [ 0.006  0.004  0.046 -0.043 -0.021 -0.009]  gamma_k: 0.0480  delta_k: 0.4434
Running block of size 20...
---Preparing executables
---Running executables, 60 in batch, delta=5.98392891200001
---Extracting values delta=1.8588575140001922
---Extracted values delta=22.68955341100036
Running block of size 20...
---Preparing executables
---Running executables, 60 in batch, delta=6.031420316000094
---Extracting values delta=2.2218213890000698
---Extracted values delta=21.499354146000314
Running block of size 20...
---Preparing executables
---Running executables, 60 in batch, delta=6.099057557999913
---Extracting values delta=2.116307230000075
---Extracted values delta=21.3708781739997
Running block of size 20...
---Preparing executables
---Running executables, 60 in batch, delta=6.193744696000067
---Extracting values delta=1.7256225779997294
---Extracted values delta=22.08153529500032
Running block of size 4...
---Preparing executables
---Running executables, 12 in batch, delta=1.2781160460003775
---Extracting values delta=0.9977487400001337
---Extracted values delta=8.626697241999864
[-1.3425685889337589, -1.3599950001055219, -1.3599950001055219, -1.3358791642500791, -1.3358791642500791, -1.3307870152551196, -1.3307870152551196, -1.3034440037276125, -1.3034440037276125, -1.311171646230267, -1.311171646230267, -1.3323278974952029, -1.3323278974952029, -1.3661082179475355, -1.3661082179475355, -1.3398555506051193, -1.3398555506051193, -1.3503348152440424, -1.3503348152440424, -1.3539786766414865, -1.3539786766414865, -1.356576953513522, -1.356576953513522, -1.3668655735385866, -1.3668655735385866, -1.3833351306996824, -1.3833351306996824, -1.3653575972959662, -1.3653575972959662, -1.3479263347688715, -1.3479263347688715, -1.3591157241559864, -1.3591157241559864, -1.3942177539546117, -1.3942177539546117, -1.3859655278399652, -1.3859655278399652, -1.3994582415677024, -1.3994582415677024, -1.3368137357486203, -1.3368137357486203, -1.3044022787070784]
22  :--------------------------------
fit_params:  [-0.142  0.318  0.411  0.037 -0.175  0.274 -0.101  0.04  -0.015 -0.049
 -0.13  -0.038  0.122 -0.054 -0.122  0.046 -0.069 -0.15   0.196  0.041
 -0.119  0.254  0.141 -0.473  0.113  0.252 -0.156 -1.35 ]
current: -1.304+/-0.012  params:  [0.52  0.464 0.474 0.489 0.513 0.479]  grad:  [ 0.06  -0.01  -0.031  0.027 -0.032 -0.001]  gamma_k: 0.0467  delta_k: 0.4412
Running block of size 20...
---Preparing executables
---Running executables, 60 in batch, delta=6.061411470999701
---Extracting values delta=2.0928942579998875
---Extracted values delta=21.289139076000083
Running block of size 20...
---Preparing executables
---Running executables, 60 in batch, delta=5.976035206999768
---Extracting values delta=1.8758025580000321
---Extracted values delta=22.549761955000122
Running block of size 20...
---Preparing executables
---Running executables, 60 in batch, delta=6.923605929000132
---Extracting values delta=1.7650680760002615
---Extracted values delta=22.639103279999745
Running block of size 20...
---Preparing executables
---Running executables, 60 in batch, delta=6.885902785000326
---Extracting values delta=1.6853366780001124
---Extracted values delta=21.88613781899994
Running block of size 4...
---Preparing executables
---Running executables, 12 in batch, delta=1.2629314290002185
---Extracting values delta=1.0139817509998466
---Extracted values delta=7.706482796999808
[-1.3425685889337589, -1.3599950001055219, -1.3599950001055219, -1.3358791642500791, -1.3358791642500791, -1.3307870152551196, -1.3307870152551196, -1.3034440037276125, -1.3034440037276125, -1.311171646230267, -1.311171646230267, -1.3323278974952029, -1.3323278974952029, -1.3661082179475355, -1.3661082179475355, -1.3398555506051193, -1.3398555506051193, -1.3503348152440424, -1.3503348152440424, -1.3539786766414865, -1.3539786766414865, -1.356576953513522, -1.356576953513522, -1.3668655735385866, -1.3668655735385866, -1.3833351306996824, -1.3833351306996824, -1.3653575972959662, -1.3653575972959662, -1.3479263347688715, -1.3479263347688715, -1.3591157241559864, -1.3591157241559864, -1.3942177539546117, -1.3942177539546117, -1.3859655278399652, -1.3859655278399652, -1.3994582415677024, -1.3994582415677024, -1.3368137357486203, -1.3368137357486203, -1.3044022787070784, -1.3044022787070784, -1.3188045214681348]
23  :--------------------------------
fit_params:  [-0.126  0.158  0.442  0.114 -0.17   0.188 -0.114 -0.083 -0.075  0.026
 -0.157 -0.065  0.021  0.067  0.003  0.081  0.016 -0.03   0.169 -0.119
 -0.174  0.239  0.199 -0.437  0.056  0.243 -0.084 -1.349]
current: -1.319+/-0.013  params:  [0.52  0.462 0.477 0.491 0.51  0.481]  grad:  [-0.015  0.044 -0.072 -0.043  0.067 -0.049]  gamma_k: 0.0454  delta_k: 0.4391
Running block of size 20...
---Preparing executables
---Running executables, 60 in batch, delta=7.477364798000053
---Extracting values delta=1.86204663000035
---Extracted values delta=21.7701013650003
Running block of size 20...
---Preparing executables
---Running executables, 60 in batch, delta=9.078512422999665
---Extracting values delta=2.922246747000372
---Extracted values delta=22.334977957999854
Running block of size 20...
---Preparing executables
---Running executables, 60 in batch, delta=7.444169542000054
---Extracting values delta=2.1026909699999123
---Extracted values delta=26.545508851999784
Running block of size 20...
---Preparing executables
---Running executables, 60 in batch, delta=6.115102205000312
---Extracting values delta=1.664395849000357
---Extracted values delta=21.496593041000324
Running block of size 4...
---Preparing executables
---Running executables, 12 in batch, delta=1.212697455000125
---Extracting values delta=1.490039582999998
---Extracted values delta=7.770423979000043
[-1.3425685889337589, -1.3599950001055219, -1.3599950001055219, -1.3358791642500791, -1.3358791642500791, -1.3307870152551196, -1.3307870152551196, -1.3034440037276125, -1.3034440037276125, -1.311171646230267, -1.311171646230267, -1.3323278974952029, -1.3323278974952029, -1.3661082179475355, -1.3661082179475355, -1.3398555506051193, -1.3398555506051193, -1.3503348152440424, -1.3503348152440424, -1.3539786766414865, -1.3539786766414865, -1.356576953513522, -1.356576953513522, -1.3668655735385866, -1.3668655735385866, -1.3833351306996824, -1.3833351306996824, -1.3653575972959662, -1.3653575972959662, -1.3479263347688715, -1.3479263347688715, -1.3591157241559864, -1.3591157241559864, -1.3942177539546117, -1.3942177539546117, -1.3859655278399652, -1.3859655278399652, -1.3994582415677024, -1.3994582415677024, -1.3368137357486203, -1.3368137357486203, -1.3044022787070784, -1.3044022787070784, -1.3188045214681348, -1.3188045214681348, -1.2684221147194017]
24  :--------------------------------
fit_params:  [-0.248  0.002  0.377  0.005  0.096  0.048 -0.028  0.034  0.004  0.087
 -0.105 -0.18   0.039 -0.046 -0.047 -0.012 -0.045 -0.124  0.145  0.062
 -0.013  0.211  0.335 -0.265  0.129 -0.001 -0.031 -1.423]
current: -1.268+/-0.014  params:  [0.519 0.46  0.475 0.491 0.509 0.479]  grad:  [0.042 0.043 0.048 0.004 0.026 0.039]  gamma_k: 0.0443  delta_k: 0.4371
Running block of size 20...
---Preparing executables
---Running executables, 60 in batch, delta=6.011683290000292
---Extracting values delta=1.7223511189999954
---Extracted values delta=22.873869988000024
Running block of size 20...
---Preparing executables
---Running executables, 60 in batch, delta=6.115989810000428
---Extracting values delta=2.193794956000147
---Extracted values delta=22.085937604000264
Running block of size 20...
---Preparing executables
---Running executables, 60 in batch, delta=6.080875614999968
---Extracting values delta=1.6500856410002598
---Extracted values delta=21.72091397799977
Running block of size 20...
---Preparing executables
---Running executables, 60 in batch, delta=6.055487288000222
---Extracting values delta=1.8760674430000108
---Extracted values delta=22.44851137800015
Running block of size 4...
---Preparing executables
---Running executables, 12 in batch, delta=1.2062969280000289
---Extracting values delta=1.0449957119999453
---Extracted values delta=7.819645006999963
[-1.3425685889337589, -1.3599950001055219, -1.3599950001055219, -1.3358791642500791, -1.3358791642500791, -1.3307870152551196, -1.3307870152551196, -1.3034440037276125, -1.3034440037276125, -1.311171646230267, -1.311171646230267, -1.3323278974952029, -1.3323278974952029, -1.3661082179475355, -1.3661082179475355, -1.3398555506051193, -1.3398555506051193, -1.3503348152440424, -1.3503348152440424, -1.3539786766414865, -1.3539786766414865, -1.356576953513522, -1.356576953513522, -1.3668655735385866, -1.3668655735385866, -1.3833351306996824, -1.3833351306996824, -1.3653575972959662, -1.3653575972959662, -1.3479263347688715, -1.3479263347688715, -1.3591157241559864, -1.3591157241559864, -1.3942177539546117, -1.3942177539546117, -1.3859655278399652, -1.3859655278399652, -1.3994582415677024, -1.3994582415677024, -1.3368137357486203, -1.3368137357486203, -1.3044022787070784, -1.3044022787070784, -1.3188045214681348, -1.3188045214681348, -1.2684221147194017, -1.2684221147194017, -1.314101971408065]
25  :--------------------------------
fit_params:  [-0.2    0.073  0.471 -0.134  0.248  0.109  0.093  0.019 -0.237  0.069
 -0.029 -0.125 -0.102  0.01  -0.071  0.088  0.036 -0.19   0.068  0.104
 -0.188  0.113  0.267 -0.141  0.067 -0.022  0.036 -1.402]
current: -1.314+/-0.014  params:  [0.518 0.46  0.476 0.489 0.51  0.48 ]  grad:  [ 0.008  0.006 -0.022  0.05  -0.027 -0.022]  gamma_k: 0.0432  delta_k: 0.4353
Running block of size 20...
---Preparing executables
---Running executables, 60 in batch, delta=6.365117361000102
---Extracting values delta=1.8633930519999922
---Extracted values delta=22.302781473999858
Running block of size 20...
---Preparing executables
---Running executables, 60 in batch, delta=6.485821422999834
---Extracting values delta=2.337990358999832
---Extracted values delta=22.327246107000065
Running block of size 20...
---Preparing executables
---Running executables, 60 in batch, delta=6.003243840999858
---Extracting values delta=1.704546790999757
---Extracted values delta=22.47692482100001
Running block of size 20...
---Preparing executables
---Running executables, 60 in batch, delta=6.83804204199987
---Extracting values delta=1.7808636710001338
---Extracted values delta=23.07262739199996
Running block of size 4...
---Preparing executables
---Running executables, 12 in batch, delta=1.2778408699996362
---Extracting values delta=1.0519611169997916
---Extracted values delta=7.969850512999983
[-1.3425685889337589, -1.3599950001055219, -1.3599950001055219, -1.3358791642500791, -1.3358791642500791, -1.3307870152551196, -1.3307870152551196, -1.3034440037276125, -1.3034440037276125, -1.311171646230267, -1.311171646230267, -1.3323278974952029, -1.3323278974952029, -1.3661082179475355, -1.3661082179475355, -1.3398555506051193, -1.3398555506051193, -1.3503348152440424, -1.3503348152440424, -1.3539786766414865, -1.3539786766414865, -1.356576953513522, -1.356576953513522, -1.3668655735385866, -1.3668655735385866, -1.3833351306996824, -1.3833351306996824, -1.3653575972959662, -1.3653575972959662, -1.3479263347688715, -1.3479263347688715, -1.3591157241559864, -1.3591157241559864, -1.3942177539546117, -1.3942177539546117, -1.3859655278399652, -1.3859655278399652, -1.3994582415677024, -1.3994582415677024, -1.3368137357486203, -1.3368137357486203, -1.3044022787070784, -1.3044022787070784, -1.3188045214681348, -1.3188045214681348, -1.2684221147194017, -1.2684221147194017, -1.314101971408065, -1.314101971408065, -1.292894116421231]
26  :--------------------------------
fit_params:  [-0.147  0.005  0.37  -0.128  0.326  0.054  0.021  0.085 -0.141  0.076
  0.022 -0.146 -0.136  0.094  0.003 -0.06   0.024 -0.127  0.08   0.098
 -0.218  0.087  0.19  -0.251  0.102  0.011  0.149 -1.395]
current: -1.293+/-0.013  params:  [0.519 0.457 0.476 0.49  0.509 0.478]  grad:  [-0.006  0.078 -0.003 -0.03   0.024  0.058]  gamma_k: 0.0422  delta_k: 0.4335
Running block of size 20...
---Preparing executables
---Running executables, 60 in batch, delta=6.070913197000209
---Extracting values delta=1.724538931999632
---Extracted values delta=21.502027053999882
Running block of size 20...
---Preparing executables
---Running executables, 60 in batch, delta=5.961380922999979
---Extracting values delta=1.7439250340003127
---Extracted values delta=22.14678081000011
Running block of size 20...
---Preparing executables
---Running executables, 60 in batch, delta=5.963262800000393
---Extracting values delta=1.8277580459998717
---Extracted values delta=21.83631401399998
Running block of size 20...
---Preparing executables
---Running executables, 60 in batch, delta=6.0663660909999635
---Extracting values delta=1.994222235000052
---Extracted values delta=22.263687234999907
Running block of size 4...
---Preparing executables
---Running executables, 12 in batch, delta=1.2055546950000462
---Extracting values delta=1.1402141439998559
---Extracted values delta=6.365311727000062
[-1.3425685889337589, -1.3599950001055219, -1.3599950001055219, -1.3358791642500791, -1.3358791642500791, -1.3307870152551196, -1.3307870152551196, -1.3034440037276125, -1.3034440037276125, -1.311171646230267, -1.311171646230267, -1.3323278974952029, -1.3323278974952029, -1.3661082179475355, -1.3661082179475355, -1.3398555506051193, -1.3398555506051193, -1.3503348152440424, -1.3503348152440424, -1.3539786766414865, -1.3539786766414865, -1.356576953513522, -1.356576953513522, -1.3668655735385866, -1.3668655735385866, -1.3833351306996824, -1.3833351306996824, -1.3653575972959662, -1.3653575972959662, -1.3479263347688715, -1.3479263347688715, -1.3591157241559864, -1.3591157241559864, -1.3942177539546117, -1.3942177539546117, -1.3859655278399652, -1.3859655278399652, -1.3994582415677024, -1.3994582415677024, -1.3368137357486203, -1.3368137357486203, -1.3044022787070784, -1.3044022787070784, -1.3188045214681348, -1.3188045214681348, -1.2684221147194017, -1.2684221147194017, -1.314101971408065, -1.314101971408065, -1.292894116421231, -1.292894116421231, -1.3010074577754]
27  :--------------------------------
fit_params:  [-0.159  0.043  0.478 -0.185  0.07   0.197 -0.079  0.128 -0.126  0.006
  0.074  0.038  0.036  0.113 -0.122  0.004 -0.04  -0.132  0.125 -0.102
 -0.266  0.069  0.128 -0.461  0.183  0.06   0.278 -1.351]
current: -1.301+/-0.013  params:  [0.52  0.456 0.474 0.489 0.513 0.475]  grad:  [-0.041  0.027  0.044  0.017 -0.093  0.052]  gamma_k: 0.0413  delta_k: 0.4318
Running block of size 20...
---Preparing executables
---Running executables, 60 in batch, delta=6.030515153999659
---Extracting values delta=1.8298794910001561
---Extracted values delta=22.18603866500007
Running block of size 20...
---Preparing executables
---Running executables, 60 in batch, delta=5.9648218679999445
---Extracting values delta=2.3186431240001184
---Extracted values delta=21.923310938000213
Running block of size 20...
---Preparing executables
---Running executables, 60 in batch, delta=6.007119588000023
---Extracting values delta=1.8632305870000891
---Extracted values delta=22.156182085999717
Running block of size 20...
---Preparing executables
---Running executables, 60 in batch, delta=5.9638746229998105
---Extracting values delta=2.9101141369997094
---Extracted values delta=21.847130222000033
Running block of size 4...
---Preparing executables
---Running executables, 12 in batch, delta=1.1856148729998495
---Extracting values delta=1.0186378809999042
---Extracted values delta=8.10619249399997
[-1.3425685889337589, -1.3599950001055219, -1.3599950001055219, -1.3358791642500791, -1.3358791642500791, -1.3307870152551196, -1.3307870152551196, -1.3034440037276125, -1.3034440037276125, -1.311171646230267, -1.311171646230267, -1.3323278974952029, -1.3323278974952029, -1.3661082179475355, -1.3661082179475355, -1.3398555506051193, -1.3398555506051193, -1.3503348152440424, -1.3503348152440424, -1.3539786766414865, -1.3539786766414865, -1.356576953513522, -1.356576953513522, -1.3668655735385866, -1.3668655735385866, -1.3833351306996824, -1.3833351306996824, -1.3653575972959662, -1.3653575972959662, -1.3479263347688715, -1.3479263347688715, -1.3591157241559864, -1.3591157241559864, -1.3942177539546117, -1.3942177539546117, -1.3859655278399652, -1.3859655278399652, -1.3994582415677024, -1.3994582415677024, -1.3368137357486203, -1.3368137357486203, -1.3044022787070784, -1.3044022787070784, -1.3188045214681348, -1.3188045214681348, -1.2684221147194017, -1.2684221147194017, -1.314101971408065, -1.314101971408065, -1.292894116421231, -1.292894116421231, -1.3010074577754, -1.3010074577754, -1.302746205221942]
28  :--------------------------------
fit_params:  [ 0.076  0.325  0.534 -0.139  0.142  0.373  0.04   0.032 -0.165 -0.035
  0.059 -0.058 -0.047  0.076 -0.04   0.019 -0.167 -0.28   0.116 -0.014
 -0.181  0.079 -0.075 -0.427  0.225  0.047  0.213 -1.328]
current: -1.303+/-0.012  params:  [0.521 0.457 0.475 0.487 0.512 0.473]  grad:  [-0.017 -0.024 -0.026  0.057  0.021  0.052]  gamma_k: 0.0404  delta_k: 0.4301
Running block of size 20...
---Preparing executables
---Running executables, 60 in batch, delta=6.072990149000361
---Extracting values delta=2.604386632999649
---Extracted values delta=21.77961318200005
Running block of size 20...
---Preparing executables
---Running executables, 60 in batch, delta=5.995481903000382
---Extracting values delta=3.1659310139998524
---Extracted values delta=21.877888444999826
Running block of size 20...
---Preparing executables
---Running executables, 60 in batch, delta=5.9724320149998675
---Extracting values delta=1.6444883740000478
---Extracted values delta=23.359041376999812
Running block of size 20...
---Preparing executables
---Running executables, 60 in batch, delta=6.07124024399991
---Extracting values delta=2.556535396000072
---Extracted values delta=24.546918796000227
Running block of size 4...
---Preparing executables
---Running executables, 12 in batch, delta=1.223981848999756
---Extracting values delta=1.3917973969996638
---Extracted values delta=7.563107338999998
[-1.3425685889337589, -1.3599950001055219, -1.3599950001055219, -1.3358791642500791, -1.3358791642500791, -1.3307870152551196, -1.3307870152551196, -1.3034440037276125, -1.3034440037276125, -1.311171646230267, -1.311171646230267, -1.3323278974952029, -1.3323278974952029, -1.3661082179475355, -1.3661082179475355, -1.3398555506051193, -1.3398555506051193, -1.3503348152440424, -1.3503348152440424, -1.3539786766414865, -1.3539786766414865, -1.356576953513522, -1.356576953513522, -1.3668655735385866, -1.3668655735385866, -1.3833351306996824, -1.3833351306996824, -1.3653575972959662, -1.3653575972959662, -1.3479263347688715, -1.3479263347688715, -1.3591157241559864, -1.3591157241559864, -1.3942177539546117, -1.3942177539546117, -1.3859655278399652, -1.3859655278399652, -1.3994582415677024, -1.3994582415677024, -1.3368137357486203, -1.3368137357486203, -1.3044022787070784, -1.3044022787070784, -1.3188045214681348, -1.3188045214681348, -1.2684221147194017, -1.2684221147194017, -1.314101971408065, -1.314101971408065, -1.292894116421231, -1.292894116421231, -1.3010074577754, -1.3010074577754, -1.302746205221942, -1.302746205221942, -1.3091387426843082]
29  :--------------------------------
fit_params:  [-0.158  0.3    0.46   0.103  0.079  0.292  0.179  0.109 -0.064 -0.106
 -0.007 -0.053 -0.084  0.08  -0.049 -0.084 -0.046 -0.315  0.18   0.054
 -0.083  0.158 -0.045 -0.454  0.065  0.167 -0.065 -1.355]
current: -1.309+/-0.011  params:  [0.52  0.452 0.471 0.489 0.511 0.473]  grad:  [ 0.027  0.132  0.108 -0.036  0.026  0.015]  gamma_k: 0.0395  delta_k: 0.4285
Running block of size 20...
---Preparing executables
---Running executables, 60 in batch, delta=6.148023291999834
---Extracting values delta=1.839495708999948
---Extracted values delta=21.654802717000166
Running block of size 20...
---Preparing executables
---Running executables, 60 in batch, delta=6.067798421000134
---Extracting values delta=1.8810861280003337
---Extracted values delta=21.182300678000047
Running block of size 20...
---Preparing executables
---Running executables, 60 in batch, delta=6.131576965000022
---Extracting values delta=1.6593268510000598
---Extracted values delta=23.228154466999968
Running block of size 20...
---Preparing executables
---Running executables, 60 in batch, delta=6.09905007999987
---Extracting values delta=1.6742187180002475
---Extracted values delta=22.29167620399994
Running block of size 4...
---Preparing executables
---Running executables, 12 in batch, delta=1.291155579000133
---Extracting values delta=0.9584141079999426
---Extracted values delta=8.01170821400001
[-1.3425685889337589, -1.3599950001055219, -1.3599950001055219, -1.3358791642500791, -1.3358791642500791, -1.3307870152551196, -1.3307870152551196, -1.3034440037276125, -1.3034440037276125, -1.311171646230267, -1.311171646230267, -1.3323278974952029, -1.3323278974952029, -1.3661082179475355, -1.3661082179475355, -1.3398555506051193, -1.3398555506051193, -1.3503348152440424, -1.3503348152440424, -1.3539786766414865, -1.3539786766414865, -1.356576953513522, -1.356576953513522, -1.3668655735385866, -1.3668655735385866, -1.3833351306996824, -1.3833351306996824, -1.3653575972959662, -1.3653575972959662, -1.3479263347688715, -1.3479263347688715, -1.3591157241559864, -1.3591157241559864, -1.3942177539546117, -1.3942177539546117, -1.3859655278399652, -1.3859655278399652, -1.3994582415677024, -1.3994582415677024, -1.3368137357486203, -1.3368137357486203, -1.3044022787070784, -1.3044022787070784, -1.3188045214681348, -1.3188045214681348, -1.2684221147194017, -1.2684221147194017, -1.314101971408065, -1.314101971408065, -1.292894116421231, -1.292894116421231, -1.3010074577754, -1.3010074577754, -1.302746205221942, -1.302746205221942, -1.3091387426843082, -1.3091387426843082, -1.3437318784232188]
30  :--------------------------------
fit_params:  [-0.104  0.051  0.392  0.107  0.111  0.377  0.016  0.109 -0.271 -0.039
  0.179  0.033  0.099  0.203 -0.119 -0.007  0.007 -0.123  0.132  0.039
 -0.162 -0.081 -0.079 -0.251 -0.269 -0.147 -0.163 -1.121]
current: -1.344+/-0.011  params:  [0.52  0.452 0.47  0.488 0.512 0.47 ]  grad:  [-0.003 -0.005  0.022  0.017 -0.019  0.086]  gamma_k: 0.0387  delta_k: 0.4270
Running block of size 20...
---Preparing executables
---Running executables, 60 in batch, delta=5.989406966999923
---Extracting values delta=3.4265369849999843
---Extracted values delta=21.465321612000025
Running block of size 20...
---Preparing executables
---Running executables, 60 in batch, delta=6.185911652999948
---Extracting values delta=1.8414520520000224
---Extracted values delta=21.341853876000187
Running block of size 20...
---Preparing executables
---Running executables, 60 in batch, delta=6.357756460000019
---Extracting values delta=2.8579307510003673
---Extracted values delta=21.54198528500001
Running block of size 20...
---Preparing executables
---Running executables, 60 in batch, delta=6.018820362999577
---Extracting values delta=1.7785938739998528
---Extracted values delta=23.596234130000084
Running block of size 4...
---Preparing executables
---Running executables, 12 in batch, delta=1.208918994999749
---Extracting values delta=1.0027103300003546
---Extracted values delta=7.712199675000193
[-1.3425685889337589, -1.3599950001055219, -1.3599950001055219, -1.3358791642500791, -1.3358791642500791, -1.3307870152551196, -1.3307870152551196, -1.3034440037276125, -1.3034440037276125, -1.311171646230267, -1.311171646230267, -1.3323278974952029, -1.3323278974952029, -1.3661082179475355, -1.3661082179475355, -1.3398555506051193, -1.3398555506051193, -1.3503348152440424, -1.3503348152440424, -1.3539786766414865, -1.3539786766414865, -1.356576953513522, -1.356576953513522, -1.3668655735385866, -1.3668655735385866, -1.3833351306996824, -1.3833351306996824, -1.3653575972959662, -1.3653575972959662, -1.3479263347688715, -1.3479263347688715, -1.3591157241559864, -1.3591157241559864, -1.3942177539546117, -1.3942177539546117, -1.3859655278399652, -1.3859655278399652, -1.3994582415677024, -1.3994582415677024, -1.3368137357486203, -1.3368137357486203, -1.3044022787070784, -1.3044022787070784, -1.3188045214681348, -1.3188045214681348, -1.2684221147194017, -1.2684221147194017, -1.314101971408065, -1.314101971408065, -1.292894116421231, -1.292894116421231, -1.3010074577754, -1.3010074577754, -1.302746205221942, -1.302746205221942, -1.3091387426843082, -1.3091387426843082, -1.3437318784232188, -1.3437318784232188, -1.3244373695053724]
31  :--------------------------------
fit_params:  [-0.12  -0.11   0.301 -0.04   0.187  0.178  0.079  0.116 -0.116 -0.007
  0.049  0.157  0.067  0.066 -0.082  0.121 -0.143 -0.026  0.174 -0.082
 -0.082  0.014  0.063 -0.544 -0.212 -0.255 -0.01  -1.092]
current: -1.324+/-0.011  params:  [0.52  0.451 0.471 0.489 0.511 0.47 ]  grad:  [-0.001  0.028 -0.013 -0.022  0.03  -0.016]  gamma_k: 0.0380  delta_k: 0.4256
***-1.324+/-0.011 1631760487.97897
---VQE complete: delta 4017.379660885
Data collected can be found at experiments/4x1_d2_bayes_mgd_U_4_nocc_1_d_2-0916-024106/4x1
