{'theta': True, 'zeta': True, 'chi': False, 'gamma': True, 'phi': True, 'time': None}
{'theta': False, 'zeta': False, 'chi': False, 'gamma': False, 'phi': False, 'time': None}
Start at: (3, 2), with dr
Using qubits [cirq.GridQubit(3, 2), cirq.GridQubit(4, 2), cirq.GridQubit(4, 3), cirq.GridQubit(5, 3), cirq.GridQubit(5, 4), cirq.GridQubit(6, 4), cirq.GridQubit(6, 5), cirq.GridQubit(7, 5), cirq.GridQubit(4, 1), cirq.GridQubit(5, 1), cirq.GridQubit(5, 2), cirq.GridQubit(6, 2), cirq.GridQubit(6, 3), cirq.GridQubit(7, 3), cirq.GridQubit(7, 4), cirq.GridQubit(8, 4)]
Using qubits, JW:[cirq.GridQubit(3, 2), cirq.GridQubit(4, 2), cirq.GridQubit(4, 3), cirq.GridQubit(5, 3), cirq.GridQubit(5, 4), cirq.GridQubit(6, 4), cirq.GridQubit(6, 5), cirq.GridQubit(7, 5), cirq.GridQubit(4, 1), cirq.GridQubit(5, 1), cirq.GridQubit(5, 2), cirq.GridQubit(6, 2), cirq.GridQubit(6, 3), cirq.GridQubit(7, 3), cirq.GridQubit(7, 4), cirq.GridQubit(8, 4)]
Meas types ['onsite0', 'horiz0', 'vert02', 'vert12']
Prepped onsite, pairs=[(0, 8), (1, 9), (2, 10), (3, 11), (4, 12), (5, 13), (6, 14), (7, 15)]
Prepped horiz, pairs=[(0, 1), (2, 3), (4, 5), (6, 7), (8, 9), (10, 11), (12, 13), (14, 15)]
Prepped vert0, pairs=[(1, 2), (3, 4), (5, 6), (9, 10), (11, 12), (13, 14)]
Prepped vert1, pairs=[(1, 2), (3, 4), (5, 6), (9, 10), (11, 12), (13, 14)]
Set recompilation to False
Got pairs set [(3, 4), (4, 12), (12, 13), (5, 13), (8, 9), (0, 8), (1, 9), (13, 14), (6, 14), (4, 5), (5, 6), (14, 15), (0, 1), (9, 10), (10, 11), (1, 2), (2, 10), (6, 7), (7, 15), (3, 11), (2, 3), (11, 12)]
---Starting to do calibration: delta 0.13822053500007314
---Starting to set up measurements: delta 0.8992127779997645
---Starting to run VQE: delta 2.22999457800006
No optimisation, save file is experiments/78740e371d004606b44acce4d8f96cf9-1211-221231/2x4/processed/processed.json
parameters.json
Given params: [[[[[0.575, 0.521, 0.611, 0.654]]], [[[-0.575, -0.521, -0.611, -0.654]]], [[[0, 0.521, 0.611, 0.654]]], [[[0, -0.521, -0.611, -0.654]]]]]
---Preparing executables
---Running executables, 16 in batch, delta=7.741336366000269
---Extracting values delta=34.92538783300006
---Extracted values delta=5.74368963400002
===-1.1619600000000005 -1.1344699999999985 -0.051000000000001044 -0.047459999999999614 1639260803.262521
Computed energies [-1.1482149999999995], params [[[[0.575, 0.521, 0.611, 0.654]]], [[[-0.575, -0.521, -0.611, -0.654]]], [[[0, 0.521, 0.611, 0.654]]], [[[0, -0.521, -0.611, -0.654]]]]
***-1.1482149999999995 1639260803.263937
---VQE complete: delta 48.42034698799989
---Starting TFLO
Using saved points
Using params [[[0, 5.49779, 0, 0]], [[0, 1.5708, 4.71239, 0]], [[0, 1.5708, 3.14159, 0]], [[0, 4.71239, 3.92699, 0.785398]], [[0, 0.785398, 3.14159, 1.5708]], [[0, 3.14159, 3.92699, 1.5708]], [[0, 4.71239, 0, 3.92699]], [[0, 2.35619, 1.5708, 3.92699]], [[0, 0.785398, 5.49779, 3.92699]], [[0, 0, 4.71239, 3.14159]], [[0, 1.5708, 5.49779, 5.49779]], [[0, 0, 4.71239, 3.92699]], [[0, 0, 3.14159, 3.92699]], [[0, 3.92699, 4.71239, 5.49779]], [[0, 0.785398, 2.35619, 5.49779]], [[0, 4.71239, 3.92699, 5.49779]], [[0, 0.521, 0.611, 0.654]], [[0.575, 0.521, 0.611, 0.654]], [[0, -5.49779, 0, 0]], [[0, -1.5708, -4.71239, 0]], [[0, -1.5708, -3.14159, 0]], [[0, -4.71239, -3.92699, -0.785398]], [[0, -0.785398, -3.14159, -1.5708]], [[0, -3.14159, -3.92699, -1.5708]], [[0, -4.71239, 0, -3.92699]], [[0, -2.35619, -1.5708, -3.92699]], [[0, -0.785398, -5.49779, -3.92699]], [[0, 0, -4.71239, -3.14159]], [[0, -1.5708, -5.49779, -5.49779]], [[0, 0, -4.71239, -3.92699]], [[0, 0, -3.14159, -3.92699]], [[0, -3.92699, -4.71239, -5.49779]], [[0, -0.785398, -2.35619, -5.49779]], [[0, -4.71239, -3.92699, -5.49779]], [[0, -0.521, -0.611, -0.654]], [[-0.575, -0.521, -0.611, -0.654]]]
---Preparing executables
---Running executables, 144 in batch, delta=67.80572878300018
---Extracting values delta=167.13746330599997
---Extracted values delta=10.599210356000185
---Time for noisy calculation: 245.574232165
***TFLON: -0.12260000000000071,1.0110499999999991,2.1023,2.984799999999999,4.307849999999999,5.028949999999998,6.098600000000002,7.170099999999999,8.4819,9.275549999999999,10.259100000000002,11.391050000000003,12.48445,13.388499999999997,14.76295,15.9443,-0.009550000000000836,-1.1407499999999988,-0.09059999999999802,1.0530000000000008,2.1285500000000015,2.9525499999999987,4.361,4.92355,6.099849999999999,7.2238,8.46645,9.200949999999999,10.349299999999998,11.36645,12.546300000000002,13.366699999999998,14.719000000000001,15.990549999999999,-0.08779999999999877,-1.1528000000000005 1639261052.1508548
Noisy energies by type: {'onsite0': array([ 9.9774,  9.988 ,  9.9764,  9.9976, 10.0008, 10.0082,  9.9928,
        9.9818,  9.9944, 10.022 ,  9.9886, 10.0314,  9.997 , 10.0256,
       10.0232, 10.0164, 10.0348,  7.8828, 10.0314, 10.0346, 10.004 ,
       10.0064, 10.0178,  9.9462, 10.0164,  9.989 ,  9.9648,  9.9912,
       10.0424, 10.0232, 10.0418, 10.018 ,  9.9866, 10.0378,  9.972 ,
        7.8718]), 'horiz0': array([-3.    , -3.    , -3.    , -2.8099, -2.1347, -2.2503, -3.    ,
       -0.9427, -2.3961, -1.4934, -2.1632, -0.9256,  1.148 , -0.1132,
        1.9299,  1.9211, -2.9867, -2.6932, -3.    , -3.    , -3.    ,
       -2.8054, -2.1186, -2.2515, -3.    , -0.918 , -2.389 , -1.507 ,
       -2.1454, -0.927 ,  1.1742, -0.1278,  1.9315,  1.9259, -2.9805,
       -2.7164]), 'vert02': array([-3.553  , -2.98285, -2.4458 , -2.40655, -1.76485, -1.93205,
       -0.44045,  0.1093 , -0.30475, -0.7515 ,  0.92825,  0.11555,
        0.66905,  1.312  ,  1.6871 ,  1.70265, -3.3234 , -2.9777 ,
       -3.55505, -2.98405, -2.4133 , -2.41005, -1.75495, -1.94145,
       -0.4524 ,  0.0945 , -0.27585, -0.76945,  0.91695,  0.10185,
        0.6842 ,  1.3008 ,  1.7122 ,  1.71495, -3.3557 , -2.9751 ]), 'vert12': array([-3.547  , -2.9941 , -2.4283 , -1.79635, -1.7934 , -0.7969 ,
       -0.45375, -1.9783 ,  1.18835,  1.49845,  1.50545,  2.1697 ,
        0.6704 ,  2.1641 ,  1.12275,  2.30415, -3.73425, -3.35265,
       -3.56695, -2.99755, -2.46215, -1.8384 , -1.78325, -0.8297 ,
       -0.46415, -1.9417 ,  1.1665 ,  1.4862 ,  1.53535,  2.1684 ,
        0.6461 ,  2.1757 ,  1.0887 ,  2.3119 , -3.7236 , -3.3331 ])}
Using saved exact energies
Data collected can be found at experiments/78740e371d004606b44acce4d8f96cf9-1211-221231/2x4
Getting settings from paper_data/4x2_U4_d1/single/4x2_single_U_4_nocc_10_d_1-0915-233805/2x4/settings.json
{'theta': True, 'zeta': True, 'chi': False, 'gamma': True, 'phi': True, 'time': None}
{'theta': False, 'zeta': False, 'chi': False, 'gamma': False, 'phi': False, 'time': None}
Start at: (3, 2), with dr
Using qubits [cirq.GridQubit(3, 2), cirq.GridQubit(4, 2), cirq.GridQubit(4, 3), cirq.GridQubit(5, 3), cirq.GridQubit(5, 4), cirq.GridQubit(6, 4), cirq.GridQubit(6, 5), cirq.GridQubit(7, 5), cirq.GridQubit(4, 1), cirq.GridQubit(5, 1), cirq.GridQubit(5, 2), cirq.GridQubit(6, 2), cirq.GridQubit(6, 3), cirq.GridQubit(7, 3), cirq.GridQubit(7, 4), cirq.GridQubit(8, 4)]
Using qubits, JW:[cirq.GridQubit(3, 2), cirq.GridQubit(4, 2), cirq.GridQubit(4, 3), cirq.GridQubit(5, 3), cirq.GridQubit(5, 4), cirq.GridQubit(6, 4), cirq.GridQubit(6, 5), cirq.GridQubit(7, 5), cirq.GridQubit(4, 1), cirq.GridQubit(5, 1), cirq.GridQubit(5, 2), cirq.GridQubit(6, 2), cirq.GridQubit(6, 3), cirq.GridQubit(7, 3), cirq.GridQubit(7, 4), cirq.GridQubit(8, 4)]
Meas types ['onsite0', 'horiz0', 'vert02', 'vert12']
Prepped onsite, pairs=[(0, 8), (1, 9), (2, 10), (3, 11), (4, 12), (5, 13), (6, 14), (7, 15)]
Prepped horiz, pairs=[(0, 1), (2, 3), (4, 5), (6, 7), (8, 9), (10, 11), (12, 13), (14, 15)]
Prepped vert0, pairs=[(1, 2), (3, 4), (5, 6), (9, 10), (11, 12), (13, 14)]
Prepped vert1, pairs=[(1, 2), (3, 4), (5, 6), (9, 10), (11, 12), (13, 14)]
Set recompilation to False
Got pairs set [(3, 4), (4, 12), (12, 13), (5, 13), (8, 9), (0, 8), (1, 9), (13, 14), (6, 14), (4, 5), (5, 6), (14, 15), (0, 1), (9, 10), (10, 11), (1, 2), (2, 10), (6, 7), (7, 15), (3, 11), (2, 3), (11, 12)]
---Starting to do calibration: delta 0.1561274810001123
---Starting to set up measurements: delta 0.8805717890004416
---Starting to run VQE: delta 2.272982207000041
No optimisation, save file is experiments/8086da1a3f0546f1bbfd909ed8507c9b-1211-221732/2x4/processed/processed.json
parameters.json
Given params: [[[[[0.527, 0.279, 0.628, 0.618]]], [[[-0.527, -0.279, -0.628, -0.618]]], [[[0, 0.279, 0.628, 0.618]]], [[[0, -0.279, -0.628, -0.618]]]]]
---Preparing executables
---Running executables, 16 in batch, delta=7.895828135000102
---Extracting values delta=34.538129346999995
---Extracted values delta=5.61675147599999
===1.712930000000001 1.721900000000002 2.926230000000004 2.9248200000000004 1639261103.60247
Computed energies [1.7174150000000015], params [[[[0.527, 0.279, 0.628, 0.618]]], [[[-0.527, -0.279, -0.628, -0.618]]], [[[0, 0.279, 0.628, 0.618]]], [[[0, -0.279, -0.628, -0.618]]]]
***1.7174150000000015 1639261103.6040268
---VQE complete: delta 48.063932358999864
---Starting TFLO
Using saved points
Using params [[[0, 1.5708, 0, 0]], [[0, 1.5708, 4.71239, 0]], [[0, 1.5708, 2.35619, 0.785398]], [[0, 1.5708, 3.14159, 0.785398]], [[0, 1.5708, 0.785398, 3.14159]], [[0, 1.5708, 0, 3.14159]], [[0, 2.35619, 0.785398, 3.92699]], [[0, 2.35619, 2.35619, 3.14159]], [[0, 4.71239, 3.92699, 2.35619]], [[0, 0, 0, 4.71239]], [[0, 4.71239, 0.785398, 5.49779]], [[0, 1.5708, 3.92699, 3.14159]], [[0, 3.92699, 4.71239, 3.92699]], [[0, 3.14159, 3.92699, 3.92699]], [[0, 1.5708, 4.71239, 5.49779]], [[0, 3.14159, 3.92699, 4.71239]], [[0, 0.279, 0.628, 0.618]], [[0.527, 0.279, 0.628, 0.618]], [[0, -1.5708, 0, 0]], [[0, -1.5708, -4.71239, 0]], [[0, -1.5708, -2.35619, -0.785398]], [[0, -1.5708, -3.14159, -0.785398]], [[0, -1.5708, -0.785398, -3.14159]], [[0, -1.5708, 0, -3.14159]], [[0, -2.35619, -0.785398, -3.92699]], [[0, -2.35619, -2.35619, -3.14159]], [[0, -4.71239, -3.92699, -2.35619]], [[0, 0, 0, -4.71239]], [[0, -4.71239, -0.785398, -5.49779]], [[0, -1.5708, -3.92699, -3.14159]], [[0, -3.92699, -4.71239, -3.92699]], [[0, -3.14159, -3.92699, -3.92699]], [[0, -1.5708, -4.71239, -5.49779]], [[0, -3.14159, -3.92699, -4.71239]], [[0, -0.279, -0.628, -0.618]], [[-0.527, -0.279, -0.628, -0.618]]]
---Preparing executables
---Running executables, 144 in batch, delta=67.57101619800005
---Extracting values delta=167.64830389999997
---Extracted values delta=10.280009147999863
---Time for noisy calculation: 245.5294460350001
***TFLON: 2.9259000000000004,4.1453,4.934800000000001,6.1429,7.175099999999999,8.29685,9.47265,10.355799999999999,11.435699999999997,12.067649999999997,13.4803,14.327399999999999,15.548900000000001,16.87435,17.447400000000002,18.7223,2.9576499999999992,1.7313000000000018,2.9142,4.159549999999999,4.9229499999999975,6.122950000000001,7.255149999999999,8.25135,9.503549999999999,10.351999999999999,11.40635,12.07615,13.39325,14.303650000000001,15.620099999999999,16.84335,17.48565,18.659200000000002,2.955899999999999,1.7116999999999996 1639261352.3847811
Noisy energies by type: {'onsite0': array([12.629 , 12.5168, 12.516 , 12.6006, 12.7344, 12.5914, 12.7136,
       12.5718, 12.7858, 12.593 , 12.6022, 12.782 , 12.6528, 12.7386,
       12.5196, 12.7048, 12.6372, 10.5528, 12.6248, 12.5146, 12.4996,
       12.5844, 12.789 , 12.5768, 12.7624, 12.5694, 12.721 , 12.6122,
       12.5606, 12.7538, 12.6674, 12.7044, 12.5546, 12.6562, 12.6258,
       10.5464]), 'horiz0': array([-2.    , -2.    , -1.855 , -1.8499, -1.7086, -2.    , -1.5802,
       -0.3062, -0.9807, -2.    , -1.4417, -0.2924, -0.6156,  0.3877,
       -0.0711,  0.915 , -1.9902, -1.8494, -2.    , -2.    , -1.8754,
       -1.8484, -1.7138, -2.    , -1.6079, -0.2854, -0.9427, -2.    ,
       -1.4462, -0.292 , -0.6122,  0.3674, -0.0691,  0.9202, -1.9882,
       -1.8496]), 'vert02': array([-3.8488 , -3.2011 , -2.4969 , -2.30415, -0.97425, -1.13655,
        0.0566 , -0.006  , -1.07605,  0.75395,  1.51835, -0.03115,
        0.5127 ,  1.0067 ,  1.9916 ,  1.87815, -3.6054 , -3.2783 ,
       -3.85495, -3.1682 , -2.47845, -2.28935, -0.96915, -1.17465,
        0.0617 , -0.0206 , -1.0655 ,  0.7449 ,  1.49335, -0.0246 ,
        0.548  ,  1.00805,  2.0002 ,  1.87425, -3.60065, -3.26395]), 'vert12': array([-3.8543 , -3.1704 , -3.2293 , -2.30365, -2.87645, -1.158  ,
       -1.71735, -1.9038 ,  0.70665,  0.7207 ,  0.80145,  1.86895,
        2.999  ,  2.74135,  3.0073 ,  3.22435, -4.08395, -3.6938 ,
       -3.85565, -3.18685, -3.2228 , -2.3237 , -2.8509 , -1.1508 ,
       -1.71265, -1.9114 ,  0.69355,  0.71905,  0.7855 ,  1.86645,
        3.0169 ,  2.7635 ,  2.99995,  3.20855, -4.08105, -3.72115])}
Using saved exact energies
Data collected can be found at experiments/8086da1a3f0546f1bbfd909ed8507c9b-1211-221732/2x4
Getting settings from paper_data/4x2_U4_d1/single/4x2_single_U_4_nocc_11_d_1-0915-234353/2x4/settings.json
{'theta': True, 'zeta': True, 'chi': False, 'gamma': True, 'phi': True, 'time': None}
{'theta': False, 'zeta': False, 'chi': False, 'gamma': False, 'phi': False, 'time': None}
Start at: (3, 2), with dr
Using qubits [cirq.GridQubit(3, 2), cirq.GridQubit(4, 2), cirq.GridQubit(4, 3), cirq.GridQubit(5, 3), cirq.GridQubit(5, 4), cirq.GridQubit(6, 4), cirq.GridQubit(6, 5), cirq.GridQubit(7, 5), cirq.GridQubit(4, 1), cirq.GridQubit(5, 1), cirq.GridQubit(5, 2), cirq.GridQubit(6, 2), cirq.GridQubit(6, 3), cirq.GridQubit(7, 3), cirq.GridQubit(7, 4), cirq.GridQubit(8, 4)]
Using qubits, JW:[cirq.GridQubit(3, 2), cirq.GridQubit(4, 2), cirq.GridQubit(4, 3), cirq.GridQubit(5, 3), cirq.GridQubit(5, 4), cirq.GridQubit(6, 4), cirq.GridQubit(6, 5), cirq.GridQubit(7, 5), cirq.GridQubit(4, 1), cirq.GridQubit(5, 1), cirq.GridQubit(5, 2), cirq.GridQubit(6, 2), cirq.GridQubit(6, 3), cirq.GridQubit(7, 3), cirq.GridQubit(7, 4), cirq.GridQubit(8, 4)]
Meas types ['onsite0', 'horiz0', 'vert02', 'vert12']
Prepped onsite, pairs=[(0, 8), (1, 9), (2, 10), (3, 11), (4, 12), (5, 13), (6, 14), (7, 15)]
Prepped horiz, pairs=[(0, 1), (2, 3), (4, 5), (6, 7), (8, 9), (10, 11), (12, 13), (14, 15)]
Prepped vert0, pairs=[(1, 2), (3, 4), (5, 6), (9, 10), (11, 12), (13, 14)]
Prepped vert1, pairs=[(1, 2), (3, 4), (5, 6), (9, 10), (11, 12), (13, 14)]
Set recompilation to False
Got pairs set [(3, 4), (4, 12), (12, 13), (5, 13), (8, 9), (0, 8), (1, 9), (13, 14), (6, 14), (4, 5), (5, 6), (14, 15), (0, 1), (9, 10), (10, 11), (1, 2), (2, 10), (6, 7), (7, 15), (3, 11), (2, 3), (11, 12)]
---Starting to do calibration: delta 0.1694512880003458
---Starting to set up measurements: delta 0.8423914539998805
---Starting to run VQE: delta 2.2261518700001943
No optimisation, save file is experiments/1e083aa930164021901dc579379bb730-1211-222232/2x4/processed/processed.json
parameters.json
Given params: [[[[[0.526, 0.297, 0.641, 0.423]]], [[[-0.526, -0.297, -0.641, -0.423]]], [[[0, 0.297, 0.641, 0.423]]], [[[0, -0.297, -0.641, -0.423]]]]]
---Preparing executables
---Running executables, 16 in batch, delta=7.6434123470003215
---Extracting values delta=33.99764847100005
---Extracted values delta=5.57693322599971
===5.158999999999999 5.163909999999999 5.969189999999999 5.95204 1639261402.892122
Computed energies [5.161454999999998], params [[[[0.526, 0.297, 0.641, 0.423]]], [[[-0.526, -0.297, -0.641, -0.423]]], [[[0, 0.297, 0.641, 0.423]]], [[[0, -0.297, -0.641, -0.423]]]]
***5.161454999999998 1639261402.8946502
---VQE complete: delta 47.228898986999866
---Starting TFLO
Using saved points
Using params [[[0, 0, 0, 0]], [[0, 1.5708, 4.71239, 0]], [[0, 3.14159, 3.14159, 0]], [[0, 3.14159, 3.92699, 0.785398]], [[0, 1.5708, 3.14159, 1.5708]], [[0, 3.92699, 3.92699, 1.5708]], [[0, 5.49779, 0, 3.92699]], [[0, 0, 1.5708, 3.92699]], [[0, 3.92699, 5.49779, 3.92699]], [[0, 0, 4.71239, 3.14159]], [[0, 3.92699, 5.49779, 5.49779]], [[0, 5.49779, 4.71239, 3.92699]], [[0, 0.785398, 3.14159, 3.92699]], [[0, 0.785398, 4.71239, 5.49779]], [[0, 1.5708, 2.35619, 5.49779]], [[0, 0, 3.92699, 5.49779]], [[0, 0.297, 0.641, 0.423]], [[0.526, 0.297, 0.641, 0.423]], [[0, 0, 0, 0]], [[0, -1.5708, -4.71239, 0]], [[0, -3.14159, -3.14159, 0]], [[0, -3.14159, -3.92699, -0.785398]], [[0, -1.5708, -3.14159, -1.5708]], [[0, -3.92699, -3.92699, -1.5708]], [[0, -5.49779, 0, -3.92699]], [[0, 0, -1.5708, -3.92699]], [[0, -3.92699, -5.49779, -3.92699]], [[0, 0, -4.71239, -3.14159]], [[0, -3.92699, -5.49779, -5.49779]], [[0, -5.49779, -4.71239, -3.92699]], [[0, -0.785398, -3.14159, -3.92699]], [[0, -0.785398, -4.71239, -5.49779]], [[0, -1.5708, -2.35619, -5.49779]], [[0, 0, -3.92699, -5.49779]], [[0, -0.297, -0.641, -0.423]], [[-0.526, -0.297, -0.641, -0.423]]]
---Preparing executables
---Running executables, 144 in batch, delta=65.64132634200041
---Extracting values delta=163.1298499190002
---Extracted values delta=10.261566424999728
---Time for noisy calculation: 239.07062940900005
***TFLON: 5.898399999999999,7.05475,8.208549999999999,8.95195,10.307849999999998,10.951699999999997,12.045800000000002,13.18085,14.45775,15.253699999999998,16.26555,17.3244,18.49205,19.378349999999998,20.7339,21.91395,5.992050000000002,5.176899999999998,5.8991999999999996,7.0687,8.169349999999998,8.935449999999996,10.332,10.9871,12.074049999999998,13.2039,14.46435,15.2048,16.30415,17.400299999999998,18.5025,19.371500000000005,20.772149999999996,21.98945,5.960349999999997,5.157249999999999 1639261645.212621
Noisy energies by type: {'onsite0': array([14.975 , 15.0136, 15.04  , 14.9954, 14.9868, 14.9648, 14.9812,
       14.9848, 15.0024, 15.0118, 14.98  , 14.9812, 15.0212, 15.0056,
       14.986 , 14.9696, 15.0158, 13.5452, 15.0078, 15.0336, 15.0114,
       14.9686, 14.9956, 14.9902, 14.9808, 14.999 , 15.0018, 15.003 ,
       15.011 , 15.0082, 14.995 , 15.0064, 15.0218, 15.0366, 14.996 ,
       13.5418]), 'horiz0': array([-3.    , -3.    , -3.    , -2.8052, -2.1317, -2.2466, -3.    ,
       -0.948 , -2.3956, -1.5059, -2.1546, -0.9243,  1.1376, -0.1212,
        1.924 ,  1.9274, -2.995 , -2.7927, -3.    , -3.    , -3.    ,
       -2.8096, -2.1303, -2.2571, -3.    , -0.9336, -2.3958, -1.5132,
       -2.1427, -0.9053,  1.1634, -0.1   ,  1.9383,  1.9323, -2.9903,
       -2.7862]), 'vert02': array([-3.0455 , -2.48315, -1.91095, -1.9209 , -1.2759 , -1.4521 ,
        0.03635,  0.58095,  0.1781 , -0.24825,  1.4213 ,  0.61265,
        1.16485,  1.8172 ,  2.2258 ,  2.19245, -2.8744 , -2.6475 ,
       -3.04935, -2.48345, -1.91985, -1.91435, -1.27315, -1.438  ,
        0.0558 ,  0.6034 ,  0.19975, -0.2591 ,  1.42605,  0.6225 ,
        1.1754 ,  1.8073 ,  2.22315,  2.1964 , -2.8773 , -2.671  ]), 'vert12': array([-3.0311 , -2.4757 , -1.9205 , -1.31735, -1.27135, -0.3144 ,
        0.02825, -1.4369 ,  1.67285,  1.99605,  2.01885,  2.65485,
        1.1684 ,  2.67675,  1.5981 ,  2.8245 , -3.15435, -2.9281 ,
       -3.05925, -2.48145, -1.9222 , -1.3092 , -1.26015, -0.308  ,
        0.03745, -1.4649 ,  1.6586 ,  1.9741 ,  2.0098 ,  2.6749 ,
        1.1687 ,  2.6578 ,  1.5889 ,  2.82415, -3.16805, -2.92735])}
Using saved exact energies
Data collected can be found at experiments/1e083aa930164021901dc579379bb730-1211-222232/2x4
Getting settings from paper_data/4x2_U4_d1/single/4x2_single_U_4_nocc_12_d_1-0915-211025/2x4/settings.json
{'theta': True, 'zeta': True, 'chi': False, 'gamma': True, 'phi': True, 'time': None}
{'theta': False, 'zeta': False, 'chi': False, 'gamma': False, 'phi': False, 'time': None}
Start at: (3, 2), with dr
Using qubits [cirq.GridQubit(3, 2), cirq.GridQubit(4, 2), cirq.GridQubit(4, 3), cirq.GridQubit(5, 3), cirq.GridQubit(5, 4), cirq.GridQubit(6, 4), cirq.GridQubit(6, 5), cirq.GridQubit(7, 5), cirq.GridQubit(4, 1), cirq.GridQubit(5, 1), cirq.GridQubit(5, 2), cirq.GridQubit(6, 2), cirq.GridQubit(6, 3), cirq.GridQubit(7, 3), cirq.GridQubit(7, 4), cirq.GridQubit(8, 4)]
Using qubits, JW:[cirq.GridQubit(3, 2), cirq.GridQubit(4, 2), cirq.GridQubit(4, 3), cirq.GridQubit(5, 3), cirq.GridQubit(5, 4), cirq.GridQubit(6, 4), cirq.GridQubit(6, 5), cirq.GridQubit(7, 5), cirq.GridQubit(4, 1), cirq.GridQubit(5, 1), cirq.GridQubit(5, 2), cirq.GridQubit(6, 2), cirq.GridQubit(6, 3), cirq.GridQubit(7, 3), cirq.GridQubit(7, 4), cirq.GridQubit(8, 4)]
Meas types ['onsite0', 'horiz0', 'vert02', 'vert12']
Prepped onsite, pairs=[(0, 8), (1, 9), (2, 10), (3, 11), (4, 12), (5, 13), (6, 14), (7, 15)]
Prepped horiz, pairs=[(0, 1), (2, 3), (4, 5), (6, 7), (8, 9), (10, 11), (12, 13), (14, 15)]
Prepped vert0, pairs=[(1, 2), (3, 4), (5, 6), (9, 10), (11, 12), (13, 14)]
Prepped vert1, pairs=[(1, 2), (3, 4), (5, 6), (9, 10), (11, 12), (13, 14)]
Set recompilation to False
Got pairs set [(3, 4), (4, 12), (12, 13), (5, 13), (8, 9), (0, 8), (1, 9), (13, 14), (6, 14), (4, 5), (5, 6), (14, 15), (0, 1), (9, 10), (10, 11), (1, 2), (2, 10), (6, 7), (7, 15), (3, 11), (2, 3), (11, 12)]
---Starting to do calibration: delta 0.19883235700035584
---Starting to set up measurements: delta 0.84687661199996
---Starting to run VQE: delta 2.156433849000223
No optimisation, save file is experiments/67301ad007bd4506aa25804a71eee3e8-1211-222725/2x4/processed/processed.json
parameters.json
Given params: [[[[[0.439, 0.373, 0.576, 0.473]]], [[[-0.439, -0.373, -0.576, -0.473]]], [[[0, 0.373, 0.576, 0.473]]], [[[0, -0.373, -0.576, -0.473]]]]]
---Preparing executables
---Running executables, 16 in batch, delta=7.194670773000325
---Extracting values delta=33.57703268199975
---Extracted values delta=5.723308724000162
===8.98569 8.990869999999997 9.569439999999998 9.55918 1639261694.966304
Computed energies [8.98828], params [[[[0.439, 0.373, 0.576, 0.473]]], [[[-0.439, -0.373, -0.576, -0.473]]], [[[0, 0.373, 0.576, 0.473]]], [[[0, -0.373, -0.576, -0.473]]]]
***8.98828 1639261694.967756
---VQE complete: delta 46.50503429899982
---Starting TFLO
Using saved points
Using params [[[0, 4.71239, 0, 0]], [[0, 0, 0, 1.5708]], [[0, 3.14159, 4.71239, 0.785398]], [[0, 1.5708, 0.785398, 3.14159]], [[0, 3.14159, 3.14159, 1.5708]], [[0, 3.14159, 0, 3.92699]], [[0, 1.5708, 0, 4.71239]], [[0, 3.92699, 5.49779, 3.92699]], [[0, 1.5708, 4.71239, 3.14159]], [[0, 3.14159, 1.5708, 4.71239]], [[0, 4.71239, 4.71239, 3.92699]], [[0, 3.14159, 1.5708, 5.49779]], [[0, 3.14159, 3.14159, 3.92699]], [[0, 5.49779, 2.35619, 4.71239]], [[0, 3.14159, 3.92699, 4.71239]], [[0, 0, 3.92699, 5.49779]], [[0, 0.373, 0.576, 0.473]], [[0.439, 0.373, 0.576, 0.473]], [[0, -4.71239, 0, 0]], [[0, 0, 0, -1.5708]], [[0, -3.14159, -4.71239, -0.785398]], [[0, -1.5708, -0.785398, -3.14159]], [[0, -3.14159, -3.14159, -1.5708]], [[0, -3.14159, 0, -3.92699]], [[0, -1.5708, 0, -4.71239]], [[0, -3.92699, -5.49779, -3.92699]], [[0, -1.5708, -4.71239, -3.14159]], [[0, -3.14159, -1.5708, -4.71239]], [[0, -4.71239, -4.71239, -3.92699]], [[0, -3.14159, -1.5708, -5.49779]], [[0, -3.14159, -3.14159, -3.92699]], [[0, -5.49779, -2.35619, -4.71239]], [[0, -3.14159, -3.92699, -4.71239]], [[0, 0, -3.92699, -5.49779]], [[0, -0.373, -0.576, -0.473]], [[-0.439, -0.373, -0.576, -0.473]]]
---Preparing executables
---Running executables, 144 in batch, delta=62.44622403299991
---Extracting values delta=157.87589187100002
---Extracted values delta=10.191842738000105
---Time for noisy calculation: 230.54587887699972
***TFLON: 9.551549999999999,10.562900000000003,11.519350000000001,12.6894,13.496949999999998,14.52375,15.6514,16.716549999999998,17.7679,18.6343,19.83595,20.463599999999996,21.8388,22.118000000000002,23.838449999999998,25.002899999999997,9.574600000000002,9.008799999999999,9.527849999999997,10.5537,11.500549999999999,12.657,13.5222,14.489999999999997,15.6506,16.68245,17.719549999999998,18.69935,19.797999999999995,20.474800000000002,21.807599999999997,22.0797,23.90925,25.01295,9.577049999999998,8.982600000000001 1639261928.652558
Noisy energies by type: {'onsite0': array([18.0078, 18.0054, 17.998 , 17.9986, 17.9794, 18.0186, 18.0002,
       18.0016, 18.0118, 17.9892, 18.0322, 17.9862, 18.0358, 18.0112,
       17.9858, 18.001 , 18.0224, 17.0596, 18.0002, 17.9892, 17.9804,
       17.9716, 17.9866, 17.9998, 18.0134, 17.991 , 17.9528, 18.009 ,
       18.001 , 18.0138, 17.998 , 18.0186, 18.0278, 18.0268, 18.0162,
       17.062 ]), 'horiz0': array([-4.    , -4.    , -3.8536, -3.4208, -2.8357, -4.    , -4.    ,
       -3.19  , -1.9991, -0.6094, -1.2292, -0.1445,  1.5304,  1.845 ,
        1.8145,  2.5661, -3.9899, -3.7957, -4.    , -4.    , -3.8471,
       -3.4131, -2.8143, -4.    , -4.    , -3.2   , -2.0076, -0.564 ,
       -1.2258, -0.1701,  1.5302,  1.8078,  1.8246,  2.5764, -3.9909,
       -3.8032]), 'vert02': array([-2.22645e+00, -1.70530e+00, -1.65010e+00, -3.10800e-01,
       -8.35350e-01,  2.58850e-01,  8.32050e-01,  3.73000e-01,
       -8.40000e-03,  1.25835e+00,  6.90550e-01,  1.64025e+00,
        1.13995e+00,  1.57575e+00,  1.56910e+00,  1.98290e+00,
       -2.11860e+00, -2.01750e+00, -2.23580e+00, -1.72090e+00,
       -1.65470e+00, -3.19550e-01, -8.39150e-01,  2.45450e-01,
        8.11550e-01,  3.58600e-01,  7.00000e-04,  1.25875e+00,
        6.84350e-01,  1.66250e+00,  1.13685e+00,  1.57395e+00,
        1.59115e+00,  1.97170e+00, -2.11730e+00, -2.02585e+00]), 'vert12': array([-2.2298 , -1.7372 , -0.97495, -1.5776 , -0.8114 ,  0.2463 ,
        0.81915,  1.53195,  1.7636 , -0.00385,  2.3424 ,  0.98165,
        1.13265,  0.68605,  2.46905,  2.4529 , -2.3393 , -2.2376 ,
       -2.23655, -1.7146 , -0.97805, -1.58195, -0.81095,  0.24475,
        0.82565,  1.53285,  1.77365, -0.0044 ,  2.33845,  0.9686 ,
        1.14255,  0.67935,  2.4657 ,  2.43805, -2.33095, -2.25035])}
Using saved exact energies
Data collected can be found at experiments/67301ad007bd4506aa25804a71eee3e8-1211-222725/2x4
Getting settings from paper_data/4x2_U4_d1/single/4x2_single_U_4_nocc_13_d_1-0915-211601/2x4/settings.json
{'theta': True, 'zeta': True, 'chi': False, 'gamma': True, 'phi': True, 'time': None}
{'theta': False, 'zeta': False, 'chi': False, 'gamma': False, 'phi': False, 'time': None}
Start at: (3, 2), with dr
Using qubits [cirq.GridQubit(3, 2), cirq.GridQubit(4, 2), cirq.GridQubit(4, 3), cirq.GridQubit(5, 3), cirq.GridQubit(5, 4), cirq.GridQubit(6, 4), cirq.GridQubit(6, 5), cirq.GridQubit(7, 5), cirq.GridQubit(4, 1), cirq.GridQubit(5, 1), cirq.GridQubit(5, 2), cirq.GridQubit(6, 2), cirq.GridQubit(6, 3), cirq.GridQubit(7, 3), cirq.GridQubit(7, 4), cirq.GridQubit(8, 4)]
Using qubits, JW:[cirq.GridQubit(3, 2), cirq.GridQubit(4, 2), cirq.GridQubit(4, 3), cirq.GridQubit(5, 3), cirq.GridQubit(5, 4), cirq.GridQubit(6, 4), cirq.GridQubit(6, 5), cirq.GridQubit(7, 5), cirq.GridQubit(4, 1), cirq.GridQubit(5, 1), cirq.GridQubit(5, 2), cirq.GridQubit(6, 2), cirq.GridQubit(6, 3), cirq.GridQubit(7, 3), cirq.GridQubit(7, 4), cirq.GridQubit(8, 4)]
Meas types ['onsite0', 'horiz0', 'vert02', 'vert12']
Prepped onsite, pairs=[(0, 8), (1, 9), (2, 10), (3, 11), (4, 12), (5, 13), (6, 14), (7, 15)]
Prepped horiz, pairs=[(0, 1), (2, 3), (4, 5), (6, 7), (8, 9), (10, 11), (12, 13), (14, 15)]
Prepped vert0, pairs=[(1, 2), (3, 4), (5, 6), (9, 10), (11, 12), (13, 14)]
Prepped vert1, pairs=[(1, 2), (3, 4), (5, 6), (9, 10), (11, 12), (13, 14)]
Set recompilation to False
Got pairs set [(3, 4), (4, 12), (12, 13), (5, 13), (8, 9), (0, 8), (1, 9), (13, 14), (6, 14), (4, 5), (5, 6), (14, 15), (0, 1), (9, 10), (10, 11), (1, 2), (2, 10), (6, 7), (7, 15), (3, 11), (2, 3), (11, 12)]
---Starting to do calibration: delta 0.09203008300028159
---Starting to set up measurements: delta 0.8630122589997882
---Starting to run VQE: delta 2.123398072999862
No optimisation, save file is experiments/54a7fac9e2d54c4f81e46f8a6e9f8fcc-1211-223208/2x4/processed/processed.json
parameters.json
Given params: [[[[[0.381, 0.481, 0.588, 0.423]]], [[[-0.381, -0.481, -0.588, -0.423]]], [[[0, 0.481, 0.588, 0.423]]], [[[0, -0.481, -0.588, -0.423]]]]]
---Preparing executables
---Running executables, 16 in batch, delta=7.292406147999827
---Extracting values delta=32.984380523000254
---Extracted values delta=5.746318022999731
===13.888229999999997 13.899599999999998 14.17919 14.161990000000001 1639261977.837645
Computed energies [13.893914999999996], params [[[[0.381, 0.481, 0.588, 0.423]]], [[[-0.381, -0.481, -0.588, -0.423]]], [[[0, 0.481, 0.588, 0.423]]], [[[0, -0.481, -0.588, -0.423]]]]
***13.893914999999996 1639261977.838967
---VQE complete: delta 46.03210146699985
---Starting TFLO
Using saved points
Using params [[[0, 2.35619, 0, 0]], [[0, 3.14159, 0, 1.5708]], [[0, 0, 4.71239, 0.785398]], [[0, 0, 0.785398, 3.14159]], [[0, 3.14159, 3.14159, 1.5708]], [[0, 1.5708, 0, 3.92699]], [[0, 1.5708, 0, 4.71239]], [[0, 2.35619, 5.49779, 3.92699]], [[0, 2.35619, 4.71239, 3.14159]], [[0, 2.35619, 1.5708, 4.71239]], [[0, 4.71239, 4.71239, 3.92699]], [[0, 3.92699, 1.5708, 5.49779]], [[0, 0.785398, 3.14159, 3.92699]], [[0, 2.35619, 2.35619, 4.71239]], [[0, 2.35619, 3.92699, 4.71239]], [[0, 0, 3.92699, 5.49779]], [[0, 0.481, 0.588, 0.423]], [[0.381, 0.481, 0.588, 0.423]], [[0, -2.35619, 0, 0]], [[0, -3.14159, 0, -1.5708]], [[0, 0, -4.71239, -0.785398]], [[0, 0, -0.785398, -3.14159]], [[0, -3.14159, -3.14159, -1.5708]], [[0, -1.5708, 0, -3.92699]], [[0, -1.5708, 0, -4.71239]], [[0, -2.35619, -5.49779, -3.92699]], [[0, -2.35619, -4.71239, -3.14159]], [[0, -2.35619, -1.5708, -4.71239]], [[0, -4.71239, -4.71239, -3.92699]], [[0, -3.92699, -1.5708, -5.49779]], [[0, -0.785398, -3.14159, -3.92699]], [[0, -2.35619, -2.35619, -4.71239]], [[0, -2.35619, -3.92699, -4.71239]], [[0, 0, -3.92699, -5.49779]], [[0, -0.481, -0.588, -0.423]], [[-0.381, -0.481, -0.588, -0.423]]]
---Preparing executables
---Running executables, 144 in batch, delta=62.316278511999826
---Extracting values delta=155.19662128799973
---Extracted values delta=10.25189479699975
---Time for noisy calculation: 227.79946592199985
***TFLON: 14.15005,14.94455,15.634,16.4818,17.1828,17.872700000000002,18.705000000000002,19.5266,20.34775,21.011699999999998,21.8148,22.35555,23.356949999999998,23.607499999999995,24.950999999999997,25.790000000000003,14.147450000000005,13.913149999999998,14.169350000000001,14.954650000000006,15.626599999999994,16.520400000000002,17.1613,17.823849999999997,18.72615,19.539050000000003,20.316300000000002,21.04255,21.799200000000003,22.36935,23.334300000000002,23.5817,24.892200000000003,25.718450000000004,14.184650000000001,13.897749999999998 1639262208.765446
Noisy energies by type: {'onsite0': array([20.9998, 21.0002, 21.0084, 20.9832, 21.0098, 21.0076, 20.9854,
       21.0112, 21.0144, 20.99  , 21.0088, 20.9914, 21.017 , 21.0282,
       21.016 , 21.0092, 20.9958, 20.5722, 21.0152, 21.0076, 20.978 ,
       21.0024, 20.997 , 20.9954, 21.0056, 20.989 , 20.9812, 21.0128,
       20.9746, 20.9966, 20.9904, 21.0004, 20.994 , 20.984 , 20.999 ,
       20.5524]), 'horiz0': array([-3.    , -3.    , -2.8869, -2.5445, -2.1071, -3.    , -3.    ,
       -2.4025, -1.5029, -0.4499, -0.938 , -0.0968,  1.1484,  1.3773,
        1.3931,  1.9384, -2.9945, -2.9241, -3.    , -3.    , -2.8882,
       -2.5615, -2.1087, -3.    , -3.    , -2.3937, -1.5088, -0.4265,
       -0.936 , -0.099 ,  1.1518,  1.356 ,  1.3614,  1.9177, -2.9937,
       -2.9187]), 'vert02': array([-1.92135, -1.52855, -1.5101 , -0.51025, -0.85535, -0.075  ,
        0.3658 ,  0.01445, -0.2551 ,  0.71615,  0.24535,  0.98195,
        0.59345,  0.9365 ,  0.93   ,  1.24455, -1.8568 , -1.797  ,
       -1.924  , -1.53055, -1.5069 , -0.48935, -0.87005, -0.08975,
        0.36675,  0.0374 , -0.243  ,  0.70855,  0.25845,  0.993  ,
        0.6007 ,  0.95355,  0.9216 ,  1.23025, -1.83325, -1.7897 ]), 'vert12': array([-1.9284 , -1.5271 , -0.9774 , -1.44665, -0.86455, -0.0599 ,
        0.3538 ,  0.90345,  1.09135, -0.24455,  1.49865,  0.479  ,
        0.5981 ,  0.2655 ,  1.6119 ,  1.59785, -1.99705, -1.93795,
       -1.92185, -1.5224 , -0.9563 , -1.43115, -0.85695, -0.0818 ,
        0.3538 ,  0.90635,  1.0869 , -0.2523 ,  1.50215,  0.47875,
        0.5914 ,  0.27175,  1.6152 ,  1.5865 , -1.9874 , -1.94625])}
Using saved exact energies
Data collected can be found at experiments/54a7fac9e2d54c4f81e46f8a6e9f8fcc-1211-223208/2x4
Getting settings from paper_data/4x2_U4_d1/single/4x2_single_U_4_nocc_14_d_1-0915-224220/2x4/settings.json
{'theta': True, 'zeta': True, 'chi': False, 'gamma': True, 'phi': True, 'time': None}
{'theta': False, 'zeta': False, 'chi': False, 'gamma': False, 'phi': False, 'time': None}
Start at: (3, 2), with dr
Using qubits [cirq.GridQubit(3, 2), cirq.GridQubit(4, 2), cirq.GridQubit(4, 3), cirq.GridQubit(5, 3), cirq.GridQubit(5, 4), cirq.GridQubit(6, 4), cirq.GridQubit(6, 5), cirq.GridQubit(7, 5), cirq.GridQubit(4, 1), cirq.GridQubit(5, 1), cirq.GridQubit(5, 2), cirq.GridQubit(6, 2), cirq.GridQubit(6, 3), cirq.GridQubit(7, 3), cirq.GridQubit(7, 4), cirq.GridQubit(8, 4)]
Using qubits, JW:[cirq.GridQubit(3, 2), cirq.GridQubit(4, 2), cirq.GridQubit(4, 3), cirq.GridQubit(5, 3), cirq.GridQubit(5, 4), cirq.GridQubit(6, 4), cirq.GridQubit(6, 5), cirq.GridQubit(7, 5), cirq.GridQubit(4, 1), cirq.GridQubit(5, 1), cirq.GridQubit(5, 2), cirq.GridQubit(6, 2), cirq.GridQubit(6, 3), cirq.GridQubit(7, 3), cirq.GridQubit(7, 4), cirq.GridQubit(8, 4)]
Meas types ['onsite0', 'horiz0', 'vert02', 'vert12']
Prepped onsite, pairs=[(0, 8), (1, 9), (2, 10), (3, 11), (4, 12), (5, 13), (6, 14), (7, 15)]
Prepped horiz, pairs=[(0, 1), (2, 3), (4, 5), (6, 7), (8, 9), (10, 11), (12, 13), (14, 15)]
Prepped vert0, pairs=[(1, 2), (3, 4), (5, 6), (9, 10), (11, 12), (13, 14)]
Prepped vert1, pairs=[(1, 2), (3, 4), (5, 6), (9, 10), (11, 12), (13, 14)]
Set recompilation to False
Got pairs set [(3, 4), (4, 12), (12, 13), (5, 13), (8, 9), (0, 8), (1, 9), (13, 14), (6, 14), (4, 5), (5, 6), (14, 15), (0, 1), (9, 10), (10, 11), (1, 2), (2, 10), (6, 7), (7, 15), (3, 11), (2, 3), (11, 12)]
---Starting to do calibration: delta 0.11011107399963294
---Starting to set up measurements: delta 0.8461686529999497
---Starting to run VQE: delta 2.1700308220001716
No optimisation, save file is experiments/47f12620faef4159878680ca015925fa-1211-223648/2x4/processed/processed.json
parameters.json
Given params: [[[[[0.325, 0.536, 0.575, 0.566]]], [[[-0.325, -0.536, -0.575, -0.566]]], [[[0, 0.536, 0.575, 0.566]]], [[[0, -0.536, -0.575, -0.566]]]]]
---Preparing executables
---Running executables, 16 in batch, delta=7.15374012600023
---Extracting values delta=32.39488693600015
---Extracted values delta=5.6607616879996385
===19.24298 19.233600000000003 19.375600000000002 19.37947 1639262257.174562
Computed energies [19.23829], params [[[[0.325, 0.536, 0.575, 0.566]]], [[[-0.325, -0.536, -0.575, -0.566]]], [[[0, 0.536, 0.575, 0.566]]], [[[0, -0.536, -0.575, -0.566]]]]
***19.23829 1639262257.1759171
---VQE complete: delta 45.21857643900012
---Starting TFLO
Using saved points
Using params [[[0, 1.5708, 0, 0]], [[0, 4.71239, 0, 1.5708]], [[0, 5.49779, 0.785398, 2.35619]], [[0, 3.92699, 1.5708, 2.35619]], [[0, 2.35619, 3.14159, 1.5708]], [[0, 2.35619, 0.785398, 3.92699]], [[0, 0, 4.71239, 2.35619]], [[0, 2.35619, 2.35619, 3.14159]], [[0, 5.49779, 5.49779, 4.71239]], [[0, 0, 1.5708, 4.71239]], [[0, 1.5708, 3.92699, 3.14159]], [[0, 1.5708, 4.71239, 4.71239]], [[0, 0, 3.14159, 3.92699]], [[0, 5.49779, 3.92699, 3.92699]], [[0, 3.92699, 2.35619, 5.49779]], [[0, 0, 3.92699, 5.49779]], [[0, 0.536, 0.575, 0.566]], [[0.325, 0.536, 0.575, 0.566]], [[0, -1.5708, 0, 0]], [[0, -4.71239, 0, -1.5708]], [[0, -5.49779, -0.785398, -2.35619]], [[0, -3.92699, -1.5708, -2.35619]], [[0, -2.35619, -3.14159, -1.5708]], [[0, -2.35619, -0.785398, -3.92699]], [[0, 0, -4.71239, -2.35619]], [[0, -2.35619, -2.35619, -3.14159]], [[0, -5.49779, -5.49779, -4.71239]], [[0, 0, -1.5708, -4.71239]], [[0, -1.5708, -3.92699, -3.14159]], [[0, -1.5708, -4.71239, -4.71239]], [[0, 0, -3.14159, -3.92699]], [[0, -5.49779, -3.92699, -3.92699]], [[0, -3.92699, -2.35619, -5.49779]], [[0, 0, -3.92699, -5.49779]], [[0, -0.536, -0.575, -0.566]], [[-0.325, -0.536, -0.575, -0.566]]]
---Preparing executables
---Running executables, 144 in batch, delta=61.21874745499963
---Extracting values delta=148.61811802600005
---Extracted values delta=10.25977608300036
---Time for noisy calculation: 220.1226365990001
***TFLON: 19.3506,19.8716,20.335350000000005,20.744549999999997,21.37495,21.911999999999995,22.448549999999997,22.964850000000002,23.461499999999997,23.941099999999995,24.4348,25.216300000000004,25.495399999999997,25.6722,26.55085,27.1213,19.387199999999996,19.235199999999995,19.358949999999997,19.917900000000003,20.3243,20.773600000000005,21.36525,21.932199999999998,22.43765,22.95365,23.4213,23.942849999999996,24.40285,25.2148,25.5287,25.6983,26.534299999999998,27.1228,19.36245,19.254299999999997 1639262480.457016
Noisy energies by type: {'onsite0': array([24.5884, 24.594 , 24.7316, 24.668 , 24.5968, 24.725 , 24.6814,
       24.55  , 24.5536, 24.6016, 24.769 , 24.6142, 24.6052, 24.725 ,
       24.5278, 24.6052, 24.6018, 24.3726, 24.6016, 24.6118, 24.7266,
       24.6816, 24.5908, 24.7252, 24.6724, 24.5428, 24.5216, 24.6256,
       24.745 , 24.6042, 24.6244, 24.7342, 24.5172, 24.6134, 24.5848,
       24.3996]), 'horiz0': array([-2.    , -2.    , -1.8163, -1.4009, -1.3981, -1.5988, -1.3796,
       -0.281 , -1.4999, -0.3002, -0.2792, -0.3098,  0.7689,  0.3526,
        1.2846,  1.2998, -1.9949, -1.9586, -2.    , -2.    , -1.825 ,
       -1.3923, -1.4118, -1.5849, -1.3716, -0.2881, -1.5008, -0.3013,
       -0.2987, -0.2892,  0.7662,  0.3722,  1.2857,  1.274 , -1.9935,
       -1.9633]), 'vert02': array([-1.61615e+00, -1.36240e+00, -9.96950e-01, -8.47950e-01,
       -9.12550e-01, -3.05550e-01, -8.33950e-01, -3.31150e-01,
        1.15000e-03,  1.27850e-01, -3.47650e-01,  1.32100e-01,
        5.75500e-02,  4.55000e-03,  4.91350e-01,  4.80750e-01,
       -1.54160e+00, -1.52305e+00, -1.62075e+00, -1.34235e+00,
       -9.92350e-01, -8.40450e-01, -9.07000e-01, -3.05750e-01,
       -8.53250e-01, -3.29750e-01, -2.61500e-02,  1.32450e-01,
       -3.37750e-01,  1.31050e-01,  6.71000e-02,  4.60000e-03,
        4.79850e-01,  5.02650e-01, -1.55185e+00, -1.51995e+00]), 'vert12': array([-1.62165, -1.36   , -1.583  , -1.6746 , -0.9112 , -0.90865,
       -0.0193 , -0.973  ,  0.40665, -0.48815,  0.29265,  0.7798 ,
        0.06375,  0.59005,  0.2471 ,  0.73555, -1.6781 , -1.65575,
       -1.6219 , -1.35155, -1.58495, -1.67525, -0.90675, -0.90235,
       -0.0099 , -0.9713 ,  0.42665, -0.5139 ,  0.2943 ,  0.76875,
        0.071  ,  0.5873 ,  0.25155,  0.73275, -1.677  , -1.66205])}
Using saved exact energies
Data collected can be found at experiments/47f12620faef4159878680ca015925fa-1211-223648/2x4
Getting settings from paper_data/4x2_U4_d1/single/4x2_single_U_4_nocc_15_d_1-0915-224739/2x4/settings.json
{'theta': True, 'zeta': True, 'chi': False, 'gamma': True, 'phi': True, 'time': None}
{'theta': False, 'zeta': False, 'chi': False, 'gamma': False, 'phi': False, 'time': None}
Start at: (3, 2), with dr
Using qubits [cirq.GridQubit(3, 2), cirq.GridQubit(4, 2), cirq.GridQubit(4, 3), cirq.GridQubit(5, 3), cirq.GridQubit(5, 4), cirq.GridQubit(6, 4), cirq.GridQubit(6, 5), cirq.GridQubit(7, 5), cirq.GridQubit(4, 1), cirq.GridQubit(5, 1), cirq.GridQubit(5, 2), cirq.GridQubit(6, 2), cirq.GridQubit(6, 3), cirq.GridQubit(7, 3), cirq.GridQubit(7, 4), cirq.GridQubit(8, 4)]
Using qubits, JW:[cirq.GridQubit(3, 2), cirq.GridQubit(4, 2), cirq.GridQubit(4, 3), cirq.GridQubit(5, 3), cirq.GridQubit(5, 4), cirq.GridQubit(6, 4), cirq.GridQubit(6, 5), cirq.GridQubit(7, 5), cirq.GridQubit(4, 1), cirq.GridQubit(5, 1), cirq.GridQubit(5, 2), cirq.GridQubit(6, 2), cirq.GridQubit(6, 3), cirq.GridQubit(7, 3), cirq.GridQubit(7, 4), cirq.GridQubit(8, 4)]
Meas types ['onsite0', 'horiz0', 'vert02', 'vert12']
Prepped onsite, pairs=[(0, 8), (1, 9), (2, 10), (3, 11), (4, 12), (5, 13), (6, 14), (7, 15)]
Prepped horiz, pairs=[(0, 1), (2, 3), (4, 5), (6, 7), (8, 9), (10, 11), (12, 13), (14, 15)]
Prepped vert0, pairs=[(1, 2), (3, 4), (5, 6), (9, 10), (11, 12), (13, 14)]
Prepped vert1, pairs=[(1, 2), (3, 4), (5, 6), (9, 10), (11, 12), (13, 14)]
Set recompilation to False
Got pairs set [(3, 4), (4, 12), (12, 13), (5, 13), (8, 9), (0, 8), (1, 9), (13, 14), (6, 14), (4, 5), (5, 6), (14, 15), (0, 1), (9, 10), (10, 11), (1, 2), (2, 10), (6, 7), (7, 15), (3, 11), (2, 3), (11, 12)]
---Starting to do calibration: delta 0.09318427700009124
---Starting to set up measurements: delta 0.8444365149998703
---Starting to run VQE: delta 2.016830857000059
No optimisation, save file is experiments/86b66cb854574e64b99de65b4503234c-1211-224120/2x4/processed/processed.json
parameters.json
Given params: [[[[[0.924, 0.94, 0.926, 0.832]]], [[[-0.924, -0.94, -0.926, -0.832]]], [[[0, 0.94, 0.926, 0.832]]], [[[0, -0.94, -0.926, -0.832]]]]]
---Preparing executables
---Running executables, 16 in batch, delta=6.953461215000061
---Extracting values delta=31.111222377000104
---Extracted values delta=5.563704038000196
===25.419580000000003 25.420990000000003 25.41966 25.419079999999997 1639262527.111684
Computed energies [25.420285000000003], params [[[[0.924, 0.94, 0.926, 0.832]]], [[[-0.924, -0.94, -0.926, -0.832]]], [[[0, 0.94, 0.926, 0.832]]], [[[0, -0.94, -0.926, -0.832]]]]
***25.420285000000003 1639262527.1132789
---VQE complete: delta 43.63713010499987
---Starting TFLO
Using saved points
Using params [[[0, 0.785398, 0, 0]], [[0, 0.785398, 0, 1.5708]], [[0, 5.49779, 4.71239, 0.785398]], [[0, 0.785398, 0.785398, 3.14159]], [[0, 5.49779, 3.14159, 1.5708]], [[0, 2.35619, 0, 3.92699]], [[0, 5.49779, 0, 4.71239]], [[0, 1.5708, 5.49779, 3.92699]], [[0, 3.92699, 4.71239, 3.14159]], [[0, 2.35619, 1.5708, 4.71239]], [[0, 3.92699, 4.71239, 3.92699]], [[0, 5.49779, 1.5708, 5.49779]], [[0, 5.49779, 3.14159, 3.92699]], [[0, 2.35619, 2.35619, 4.71239]], [[0, 3.92699, 3.92699, 4.71239]], [[0, 3.14159, 3.92699, 5.49779]], [[0, 0.94, 0.926, 0.832]], [[0.924, 0.94, 0.926, 0.832]], [[0, -0.785398, 0, 0]], [[0, -0.785398, 0, -1.5708]], [[0, -5.49779, -4.71239, -0.785398]], [[0, -0.785398, -0.785398, -3.14159]], [[0, -5.49779, -3.14159, -1.5708]], [[0, -2.35619, 0, -3.92699]], [[0, -5.49779, 0, -4.71239]], [[0, -1.5708, -5.49779, -3.92699]], [[0, -3.92699, -4.71239, -3.14159]], [[0, -2.35619, -1.5708, -4.71239]], [[0, -3.92699, -4.71239, -3.92699]], [[0, -5.49779, -1.5708, -5.49779]], [[0, -5.49779, -3.14159, -3.92699]], [[0, -2.35619, -2.35619, -4.71239]], [[0, -3.92699, -3.92699, -4.71239]], [[0, -3.14159, -3.92699, -5.49779]], [[0, -0.94, -0.926, -0.832]], [[-0.924, -0.94, -0.926, -0.832]]]
---Preparing executables
---Running executables, 144 in batch, delta=57.84672766099993
---Extracting values delta=137.43468997299988
---Extracted values delta=10.224282719000257
---Time for noisy calculation: 205.53184942400003
***TFLON: 25.3802,25.6432,25.885949999999998,26.165149999999997,26.386699999999998,26.60865,26.900949999999998,27.173949999999998,27.43875,27.67655,27.93855,28.10655,28.443150000000003,28.5287,28.95825,29.25135,25.42315,25.4171,25.383250000000004,25.645749999999996,25.8834,26.175699999999996,26.395149999999997,26.61665,26.921950000000002,27.182550000000003,27.4355,27.676950000000005,27.930649999999996,28.101599999999998,28.44915,28.49105,28.972550000000005,29.246149999999997,25.42165,25.41965 1639262735.8334742
Noisy energies by type: {'onsite0': array([28., 28., 28., 28., 28., 28., 28., 28., 28., 28., 28., 28., 28.,
       28., 28., 28., 28., 28., 28., 28., 28., 28., 28., 28., 28., 28.,
       28., 28., 28., 28., 28., 28., 28., 28., 28., 28.]), 'horiz0': array([-1.    , -1.    , -0.961 , -0.8488, -0.7047, -1.    , -1.    ,
       -0.7896, -0.5045, -0.1382, -0.3129, -0.0378,  0.3826,  0.4595,
        0.4635,  0.6484, -0.9815, -0.9824, -1.    , -1.    , -0.9617,
       -0.8551, -0.7081, -1.    , -1.    , -0.7945, -0.5037, -0.1604,
       -0.3124, -0.0422,  0.3786,  0.443 ,  0.4613,  0.639 , -0.9838,
       -0.9852]), 'vert02': array([-0.8133 , -0.67765, -0.6643 , -0.338  , -0.44665, -0.1935 ,
       -0.05355, -0.1705 , -0.2485 ,  0.06985, -0.0773 ,  0.162  ,
        0.03365,  0.14645,  0.13585,  0.24715, -0.72525, -0.72965,
       -0.8056 , -0.6766 , -0.65665, -0.33485, -0.45295, -0.1982 ,
       -0.03455, -0.1547 , -0.2545 ,  0.0793 , -0.09085,  0.15895,
        0.03515,  0.1361 ,  0.14465,  0.242  , -0.7282 , -0.72435]), 'vert12': array([-0.8065 , -0.67915, -0.48875, -0.64805, -0.46195, -0.19785,
       -0.0455 ,  0.13405,  0.19175, -0.2551 ,  0.32875, -0.01765,
        0.0269 , -0.07725,  0.3589 ,  0.3558 , -0.8701 , -0.87085,
       -0.81115, -0.67765, -0.49825, -0.63435, -0.4438 , -0.18515,
       -0.0435 ,  0.13175,  0.1937 , -0.24195,  0.3339 , -0.01515,
        0.0354 , -0.08805,  0.3666 ,  0.36515, -0.86635, -0.8708 ])}
Using saved exact energies
Data collected can be found at experiments/86b66cb854574e64b99de65b4503234c-1211-224120/2x4
