2021-09-14 07:21:53,863 - fhvqe.experiment:553 - DEBUG - number of moments preoptimization: 38
2021-09-14 07:21:53,871 - fhvqe.experiment:554 - DEBUG - depth preoptimization: 38
2021-09-14 07:21:53,938 - fhvqe.experiment:595 - DEBUG - number of moments post-optimization and calibration: 25
2021-09-14 07:21:53,943 - fhvqe.experiment:596 - DEBUG - depth post-optimization and calibration: 25
2021-09-14 07:21:53,952 - fhvqe.experiment:553 - DEBUG - number of moments preoptimization: 51
2021-09-14 07:21:53,960 - fhvqe.experiment:554 - DEBUG - depth preoptimization: 51
2021-09-14 07:21:54,031 - fhvqe.experiment:595 - DEBUG - number of moments post-optimization and calibration: 37
2021-09-14 07:21:54,038 - fhvqe.experiment:596 - DEBUG - depth post-optimization and calibration: 37
2021-09-14 07:21:54,048 - fhvqe.experiment:82 - DEBUG - Preparing analysis function for onsite
2021-09-14 07:21:54,048 - fhvqe.vqe_experiment:947 - DEBUG - Executables, measurement onsite0:
2021-09-14 07:21:54,069 - fhvqe.experiment:553 - DEBUG - number of moments preoptimization: 51
2021-09-14 07:21:54,077 - fhvqe.experiment:554 - DEBUG - depth preoptimization: 51
2021-09-14 07:21:54,148 - fhvqe.experiment:595 - DEBUG - number of moments post-optimization and calibration: 37
2021-09-14 07:21:54,154 - fhvqe.experiment:596 - DEBUG - depth post-optimization and calibration: 37
2021-09-14 07:21:54,206 - fhvqe.vqe_experiment:958 - DEBUG - Moment 0:
  ╷ 3 4
╶─┼─────
5 │ X X
  │
6 │ X X
  │
7 │ X X
  │
8 │ X
  │
Moment 1:
  ╷ 4
╶─┼───────────
7 │ iSwap^0.5
  │ │
8 │ iSwap
  │
Moment 2:
  ╷ 4
╶─┼────────────────────────
7 │ Rz(4.331497687171457)
  │
8 │ Rz(-1.189905033581664)
  │
Moment 3:
  ╷ 4
╶─┼───────────
7 │ iSwap^0.5
  │ │
8 │ iSwap
  │
Moment 4:
  ╷ 4
╶─┼───────────────────
7 │ Z
  │
8 │ PhXZ(a=0,x=0,z=0)
  │
Moment 5:
  ╷ 4
╶─┼───────────
6 │ iSwap^0.5
  │ │
7 │ iSwap
  │
Moment 6:
  ╷ 4
╶─┼─────────────────────────
6 │ Rz(4.007517209681659)
  │
7 │ Rz(-0.8659245560918661)
  │
Moment 7:
  ╷ 4
╶─┼───────────
6 │ iSwap^0.5
  │ │
7 │ iSwap
  │
Moment 8:
  ╷ 4
╶─┼───────────────────
6 │ Z
  │
7 │ PhXZ(a=0,x=0,z=0)
  │
Moment 9:
  ╷ 4
╶─┼───────────
5 │ iSwap^0.5
  │ │
6 │ iSwap
  │
Moment 10:
  ╷ 4
╶─┼─────────────────────────
5 │ Rz(3.695167012486838)
  │
6 │ Rz(-0.5535743588970453)
  │
Moment 11:
  ╷ 4
╶─┼───────────
5 │ iSwap^0.5
  │ │
6 │ iSwap
  │
Moment 12:
  ╷ 3                                                                      4
╶─┼──────────────────────────────────────────────────────────────────────────────────────────────────────────────────────────────────
5 │ PhXZ(a=0.07957747154594767,x=0.04010328141741558,z=0.9204225284540524) PhXZ(a=0.07957747154594763,x=0.5,z=0.9204225284540524)
  │
6 │ PhXZ(a=0.07957747154594767,x=0.04010328141741558,z=0.9204225284540524) PhXZ(a=-0.9204225284540524,x=0.5,z=-0.07957747154594763)
  │
7 │ PhXZ(a=0.07957747154594767,x=0.04010328141741558,z=0.9204225284540524) PhXZ(a=0.07957747154594767,x=-0.5,z=-0.07957747154594767)
  │
8 │ PhXZ(a=0.07957747154594767,x=0.04010328141741558,z=0.9204225284540524) PhXZ(a=0.07957747154594767,x=-0.5,z=-0.07957747154594767)
  │
Moment 13:
  ╷ 3         4
╶─┼─────────────────
5 │ iSwap^0.5─iSwap
  │
6 │ iSwap^0.5─iSwap
  │
7 │ iSwap^0.5─iSwap
  │
8 │ iSwap^0.5─iSwap
  │
Moment 14:
  ╷ 3
╶─┼───────────────────────────────────────
5 │ PhXZ(a=1,x=-0.11283656610933077,z=-1)
  │
6 │ PhXZ(a=1,x=-0.11283656610933077,z=-1)
  │
7 │ PhXZ(a=1,x=-0.11283656610933077,z=-1)
  │
8 │ PhXZ(a=1,x=-0.11283656610933077,z=-1)
  │
Moment 15:
  ╷ 3         4
╶─┼─────────────────
5 │ iSwap^0.5─iSwap
  │
6 │ iSwap^0.5─iSwap
  │
7 │ iSwap^0.5─iSwap
  │
8 │ iSwap^0.5─iSwap
  │
Moment 16:
  ╷ 3                                       4
╶─┼──────────────────────────────────────────────────────────────────────────────────────
5 │ PhXZ(a=0,x=0.04010328141741559,z=-0.25) PhXZ(a=0,x=0.5,z=-0.25)
  │
6 │ PhXZ(a=0,x=0.04010328141741559,z=0.25)  PhXZ(a=-1.1102230246251565e-16,x=0.5,z=0.25)
  │
7 │ PhXZ(a=0,x=0.04010328141741559,z=-0.25) PhXZ(a=0,x=0.5,z=-0.25)
  │
8 │ PhXZ(a=0,x=0.04010328141741559,z=0.25)  PhXZ(a=-1.1102230246251565e-16,x=0.5,z=0.25)
  │
Moment 17:
  ╷ 3         4
╶─┼─────────────────────
5 │ iSwap^0.5 iSwap^0.5
  │ │         │
6 │ iSwap     iSwap
  │
7 │ iSwap^0.5 iSwap^0.5
  │ │         │
8 │ iSwap     iSwap
  │
Moment 18:
  ╷ 3                                                     4
╶─┼─────────────────────────────────────────────────────────────────────────────────────────────────────────────
5 │ PhXZ(a=-0.5795774715459476,x=0,z=-0.9204225284540524) PhXZ(a=-0.5795774715459476,x=0,z=-0.9204225284540524)
  │
6 │ Rz(-0.25)                                             Rz(-0.25)
  │
7 │ PhXZ(a=-0.5795774715459476,x=0,z=-0.9204225284540524) PhXZ(a=-0.5795774715459476,x=0,z=-0.9204225284540524)
  │
8 │ Rz(-0.25)                                             Rz(-0.25)
  │
Moment 19:
  ╷ 3         4
╶─┼─────────────────────
5 │ iSwap^0.5 iSwap^0.5
  │ │         │
6 │ iSwap     iSwap
  │
7 │ iSwap^0.5 iSwap^0.5
  │ │         │
8 │ iSwap     iSwap
  │
Moment 20:
  ╷ 3                                      4
╶─┼───────────────────────────────────────────────────────────────────────────────
5 │ PhXZ(a=-0.75,x=0,z=-0.75)              PhXZ(a=-0.75,x=0,z=-0.75)
  │
6 │ PhXZ(a=-1,x=0,z=-0.5)                  PhXZ(a=-1,x=0,z=-0.5)
  │
7 │ PhXZ(a=-1,x=0,z=-0.5)                  PhXZ(a=-1,x=0,z=-0.5)
  │
8 │ PhXZ(a=0.7499999999999998,x=0,z=-0.25) PhXZ(a=0.7499999999999998,x=0,z=-0.25)
  │
Moment 21:
  ╷ 3         4
╶─┼─────────────────────
6 │ iSwap^0.5 iSwap^0.5
  │ │         │
7 │ iSwap     iSwap
  │
Moment 22:
  ╷ 3                                                     4
╶─┼─────────────────────────────────────────────────────────────────────────────────────────────────────────────
6 │ PhXZ(a=-0.5795774715459476,x=0,z=-0.9204225284540524) PhXZ(a=-0.5795774715459476,x=0,z=-0.9204225284540524)
  │
7 │ Rz(-0.25)                                             Rz(-0.25)
  │
Moment 23:
  ╷ 3         4
╶─┼─────────────────────
6 │ iSwap^0.5 iSwap^0.5
  │ │         │
7 │ iSwap     iSwap
  │
Moment 24:
  ╷ 3                                                                      4
╶─┼──────────────────────────────────────────────────────────────────────────────────────────────────────────────────────────────────
5 │ PhXZ(a=0.07957747154594767,x=0.04010328141741558,z=0.9204225284540524) PhXZ(a=0.07957747154594767,x=-0.5,z=-0.07957747154594767)
  │
6 │ PhXZ(a=0.8295774715459476,x=0.04010328141741559,z=0.17042252845405237) PhXZ(a=-0.17042252845405237,x=0.5,z=-0.8295774715459476)
  │
7 │ PhXZ(a=0.32957747154594763,x=0.04010328141741559,z=0.6704225284540524) PhXZ(a=-0.6704225284540524,x=0.5,z=-0.32957747154594763)
  │
8 │ PhXZ(a=0.07957747154594767,x=0.04010328141741558,z=0.9204225284540524) PhXZ(a=0.07957747154594767,x=-0.5,z=-0.07957747154594767)
  │
Moment 25:
  ╷ 3         4
╶─┼─────────────────
5 │ iSwap^0.5─iSwap
  │
6 │ iSwap^0.5─iSwap
  │
7 │ iSwap^0.5─iSwap
  │
8 │ iSwap^0.5─iSwap
  │
Moment 26:
  ╷ 3
╶─┼───────────────────────────────────────
5 │ PhXZ(a=1,x=-0.11283656610933077,z=-1)
  │
6 │ PhXZ(a=1,x=-0.11283656610933077,z=-1)
  │
7 │ PhXZ(a=1,x=-0.11283656610933077,z=-1)
  │
8 │ PhXZ(a=1,x=-0.11283656610933077,z=-1)
  │
Moment 27:
  ╷ 3         4
╶─┼─────────────────
5 │ iSwap^0.5─iSwap
  │
6 │ iSwap^0.5─iSwap
  │
7 │ iSwap^0.5─iSwap
  │
8 │ iSwap^0.5─iSwap
  │
Moment 28:
  ╷ 3                                       4
╶─┼──────────────────────────────────────────────────────────────────────────────────────
5 │ PhXZ(a=0,x=0.04010328141741559,z=-0.25) PhXZ(a=0,x=0.5,z=-0.25)
  │
6 │ PhXZ(a=0,x=0.04010328141741559,z=0.25)  PhXZ(a=-1.1102230246251565e-16,x=0.5,z=0.25)
  │
7 │ PhXZ(a=0,x=0.04010328141741559,z=-0.25) PhXZ(a=0,x=0.5,z=-0.25)
  │
8 │ PhXZ(a=0,x=0.04010328141741559,z=0.25)  PhXZ(a=-1.1102230246251565e-16,x=0.5,z=0.25)
  │
Moment 29:
  ╷ 3         4
╶─┼─────────────────────
5 │ iSwap^0.5 iSwap^0.5
  │ │         │
6 │ iSwap     iSwap
  │
7 │ iSwap^0.5 iSwap^0.5
  │ │         │
8 │ iSwap     iSwap
  │
Moment 30:
  ╷ 3                                                     4
╶─┼─────────────────────────────────────────────────────────────────────────────────────────────────────────────
5 │ PhXZ(a=-0.5795774715459476,x=0,z=-0.9204225284540524) PhXZ(a=-0.5795774715459476,x=0,z=-0.9204225284540524)
  │
6 │ Rz(-0.25)                                             Rz(-0.25)
  │
7 │ PhXZ(a=-0.5795774715459476,x=0,z=-0.9204225284540524) PhXZ(a=-0.5795774715459476,x=0,z=-0.9204225284540524)
  │
8 │ Rz(-0.25)                                             Rz(-0.25)
  │
Moment 31:
  ╷ 3         4
╶─┼─────────────────────
5 │ iSwap^0.5 iSwap^0.5
  │ │         │
6 │ iSwap     iSwap
  │
7 │ iSwap^0.5 iSwap^0.5
  │ │         │
8 │ iSwap     iSwap
  │
Moment 32:
  ╷ 3                                      4
╶─┼───────────────────────────────────────────────────────────────────────────────
5 │ PhXZ(a=-0.75,x=0,z=-0.75)              PhXZ(a=-0.75,x=0,z=-0.75)
  │
6 │ PhXZ(a=-1,x=0,z=-0.5)                  PhXZ(a=-1,x=0,z=-0.5)
  │
7 │ PhXZ(a=-1,x=0,z=-0.5)                  PhXZ(a=-1,x=0,z=-0.5)
  │
8 │ PhXZ(a=0.7499999999999998,x=0,z=-0.25) PhXZ(a=0.7499999999999998,x=0,z=-0.25)
  │
Moment 33:
  ╷ 3         4
╶─┼─────────────────────
6 │ iSwap^0.5 iSwap^0.5
  │ │         │
7 │ iSwap     iSwap
  │
Moment 34:
  ╷ 3                                                     4
╶─┼─────────────────────────────────────────────────────────────────────────────────────────────────────────────
6 │ PhXZ(a=-0.5795774715459476,x=0,z=-0.9204225284540524) PhXZ(a=-0.5795774715459476,x=0,z=-0.9204225284540524)
  │
7 │ Rz(-0.25)                                             Rz(-0.25)
  │
Moment 35:
  ╷ 3         4
╶─┼─────────────────────
6 │ iSwap^0.5 iSwap^0.5
  │ │         │
7 │ iSwap     iSwap
  │
Moment 36:
  ╷ 3                                      4
╶─┼───────────────────────────────────────────────────────────────────────────────
6 │ PhXZ(a=-0.75,x=0,z=-0.75)              PhXZ(a=-0.75,x=0,z=-0.75)
  │
7 │ PhXZ(a=0.7499999999999998,x=0,z=-0.25) PhXZ(a=0.7499999999999998,x=0,z=-0.25)
  │
Moment 37:
  ╷ 3      4
╶─┼──────────
5 │ M('x')─M
  │ │      │
6 │ M      M
  │ │      │
7 │ M      M
  │ │      │
8 │ M      M
  │

2021-09-14 07:21:54,208 - fhvqe.experiment:82 - DEBUG - Preparing analysis function for horiz
2021-09-14 07:21:54,218 - fhvqe.vqe_experiment:940 - DEBUG - horiz0:
           ┌──────────────────┐                ┌──────────────────┐
(5, 3): ────iSwap─────────────────Rz(1.25π)─────iSwap─────────────────Z───────────────────
            │                                   │
(5, 4): ────┼────────iSwap────────Rz(1.25π)─────┼────────iSwap────────Z───────────────────
            │        │                          │        │
(6, 3): ────iSwap^0.5┼────────────Rz(-0.25π)────iSwap^0.5┼────────────PhXZ(a=0,x=0,z=0)───
                     │                                   │
(6, 4): ─────────────iSwap^0.5────Rz(-0.25π)─────────────iSwap^0.5────PhXZ(a=0,x=0,z=0)───

(7, 3): ────iSwap─────────────────Rz(1.25π)─────iSwap─────────────────Z───────────────────
            │                                   │
(7, 4): ────┼────────iSwap────────Rz(1.25π)─────┼────────iSwap────────Z───────────────────
            │        │                          │        │
(8, 3): ────iSwap^0.5┼────────────Rz(-0.25π)────iSwap^0.5┼────────────PhXZ(a=0,x=0,z=0)───
                     │                                   │
(8, 4): ─────────────iSwap^0.5────Rz(-0.25π)─────────────iSwap^0.5────PhXZ(a=0,x=0,z=0)───
           └──────────────────┘                └──────────────────┘
2021-09-14 07:21:54,228 - fhvqe.vqe_experiment:947 - DEBUG - Executables, measurement horiz0:
2021-09-14 07:21:54,248 - fhvqe.experiment:553 - DEBUG - number of moments preoptimization: 55
2021-09-14 07:21:54,257 - fhvqe.experiment:554 - DEBUG - depth preoptimization: 55
2021-09-14 07:21:54,328 - fhvqe.experiment:595 - DEBUG - number of moments post-optimization and calibration: 41
2021-09-14 07:21:54,336 - fhvqe.experiment:596 - DEBUG - depth post-optimization and calibration: 41
2021-09-14 07:21:54,395 - fhvqe.vqe_experiment:958 - DEBUG - Moment 0:
  ╷ 3 4
╶─┼─────
5 │ X X
  │
6 │ X X
  │
7 │ X X
  │
8 │ X
  │
Moment 1:
  ╷ 4
╶─┼───────────
7 │ iSwap^0.5
  │ │
8 │ iSwap
  │
Moment 2:
  ╷ 4
╶─┼────────────────────────
7 │ Rz(4.331497687171457)
  │
8 │ Rz(-1.189905033581664)
  │
Moment 3:
  ╷ 4
╶─┼───────────
7 │ iSwap^0.5
  │ │
8 │ iSwap
  │
Moment 4:
  ╷ 4
╶─┼───────────────────
7 │ Z
  │
8 │ PhXZ(a=0,x=0,z=0)
  │
Moment 5:
  ╷ 4
╶─┼───────────
6 │ iSwap^0.5
  │ │
7 │ iSwap
  │
Moment 6:
  ╷ 4
╶─┼─────────────────────────
6 │ Rz(4.007517209681659)
  │
7 │ Rz(-0.8659245560918661)
  │
Moment 7:
  ╷ 4
╶─┼───────────
6 │ iSwap^0.5
  │ │
7 │ iSwap
  │
Moment 8:
  ╷ 4
╶─┼───────────────────
6 │ Z
  │
7 │ PhXZ(a=0,x=0,z=0)
  │
Moment 9:
  ╷ 4
╶─┼───────────
5 │ iSwap^0.5
  │ │
6 │ iSwap
  │
Moment 10:
  ╷ 4
╶─┼─────────────────────────
5 │ Rz(3.695167012486838)
  │
6 │ Rz(-0.5535743588970453)
  │
Moment 11:
  ╷ 4
╶─┼───────────
5 │ iSwap^0.5
  │ │
6 │ iSwap
  │
Moment 12:
  ╷ 3                                                                      4
╶─┼──────────────────────────────────────────────────────────────────────────────────────────────────────────────────────────────────
5 │ PhXZ(a=0.07957747154594767,x=0.04010328141741558,z=0.9204225284540524) PhXZ(a=0.07957747154594763,x=0.5,z=0.9204225284540524)
  │
6 │ PhXZ(a=0.07957747154594767,x=0.04010328141741558,z=0.9204225284540524) PhXZ(a=-0.9204225284540524,x=0.5,z=-0.07957747154594763)
  │
7 │ PhXZ(a=0.07957747154594767,x=0.04010328141741558,z=0.9204225284540524) PhXZ(a=0.07957747154594767,x=-0.5,z=-0.07957747154594767)
  │
8 │ PhXZ(a=0.07957747154594767,x=0.04010328141741558,z=0.9204225284540524) PhXZ(a=0.07957747154594767,x=-0.5,z=-0.07957747154594767)
  │
Moment 13:
  ╷ 3         4
╶─┼─────────────────
5 │ iSwap^0.5─iSwap
  │
6 │ iSwap^0.5─iSwap
  │
7 │ iSwap^0.5─iSwap
  │
8 │ iSwap^0.5─iSwap
  │
Moment 14:
  ╷ 3
╶─┼───────────────────────────────────────
5 │ PhXZ(a=1,x=-0.11283656610933077,z=-1)
  │
6 │ PhXZ(a=1,x=-0.11283656610933077,z=-1)
  │
7 │ PhXZ(a=1,x=-0.11283656610933077,z=-1)
  │
8 │ PhXZ(a=1,x=-0.11283656610933077,z=-1)
  │
Moment 15:
  ╷ 3         4
╶─┼─────────────────
5 │ iSwap^0.5─iSwap
  │
6 │ iSwap^0.5─iSwap
  │
7 │ iSwap^0.5─iSwap
  │
8 │ iSwap^0.5─iSwap
  │
Moment 16:
  ╷ 3                                       4
╶─┼──────────────────────────────────────────────────────────────────────────────────────
5 │ PhXZ(a=0,x=0.04010328141741559,z=-0.25) PhXZ(a=0,x=0.5,z=-0.25)
  │
6 │ PhXZ(a=0,x=0.04010328141741559,z=0.25)  PhXZ(a=-1.1102230246251565e-16,x=0.5,z=0.25)
  │
7 │ PhXZ(a=0,x=0.04010328141741559,z=-0.25) PhXZ(a=0,x=0.5,z=-0.25)
  │
8 │ PhXZ(a=0,x=0.04010328141741559,z=0.25)  PhXZ(a=-1.1102230246251565e-16,x=0.5,z=0.25)
  │
Moment 17:
  ╷ 3         4
╶─┼─────────────────────
5 │ iSwap^0.5 iSwap^0.5
  │ │         │
6 │ iSwap     iSwap
  │
7 │ iSwap^0.5 iSwap^0.5
  │ │         │
8 │ iSwap     iSwap
  │
Moment 18:
  ╷ 3                                                     4
╶─┼─────────────────────────────────────────────────────────────────────────────────────────────────────────────
5 │ PhXZ(a=-0.5795774715459476,x=0,z=-0.9204225284540524) PhXZ(a=-0.5795774715459476,x=0,z=-0.9204225284540524)
  │
6 │ Rz(-0.25)                                             Rz(-0.25)
  │
7 │ PhXZ(a=-0.5795774715459476,x=0,z=-0.9204225284540524) PhXZ(a=-0.5795774715459476,x=0,z=-0.9204225284540524)
  │
8 │ Rz(-0.25)                                             Rz(-0.25)
  │
Moment 19:
  ╷ 3         4
╶─┼─────────────────────
5 │ iSwap^0.5 iSwap^0.5
  │ │         │
6 │ iSwap     iSwap
  │
7 │ iSwap^0.5 iSwap^0.5
  │ │         │
8 │ iSwap     iSwap
  │
Moment 20:
  ╷ 3                                      4
╶─┼───────────────────────────────────────────────────────────────────────────────
5 │ PhXZ(a=-0.75,x=0,z=-0.75)              PhXZ(a=-0.75,x=0,z=-0.75)
  │
6 │ PhXZ(a=-1,x=0,z=-0.5)                  PhXZ(a=-1,x=0,z=-0.5)
  │
7 │ PhXZ(a=-1,x=0,z=-0.5)                  PhXZ(a=-1,x=0,z=-0.5)
  │
8 │ PhXZ(a=0.7499999999999998,x=0,z=-0.25) PhXZ(a=0.7499999999999998,x=0,z=-0.25)
  │
Moment 21:
  ╷ 3         4
╶─┼─────────────────────
6 │ iSwap^0.5 iSwap^0.5
  │ │         │
7 │ iSwap     iSwap
  │
Moment 22:
  ╷ 3                                                     4
╶─┼─────────────────────────────────────────────────────────────────────────────────────────────────────────────
6 │ PhXZ(a=-0.5795774715459476,x=0,z=-0.9204225284540524) PhXZ(a=-0.5795774715459476,x=0,z=-0.9204225284540524)
  │
7 │ Rz(-0.25)                                             Rz(-0.25)
  │
Moment 23:
  ╷ 3         4
╶─┼─────────────────────
6 │ iSwap^0.5 iSwap^0.5
  │ │         │
7 │ iSwap     iSwap
  │
Moment 24:
  ╷ 3                                                                      4
╶─┼──────────────────────────────────────────────────────────────────────────────────────────────────────────────────────────────────
5 │ PhXZ(a=0.07957747154594767,x=0.04010328141741558,z=0.9204225284540524) PhXZ(a=0.07957747154594767,x=-0.5,z=-0.07957747154594767)
  │
6 │ PhXZ(a=0.8295774715459476,x=0.04010328141741559,z=0.17042252845405237) PhXZ(a=-0.17042252845405237,x=0.5,z=-0.8295774715459476)
  │
7 │ PhXZ(a=0.32957747154594763,x=0.04010328141741559,z=0.6704225284540524) PhXZ(a=-0.6704225284540524,x=0.5,z=-0.32957747154594763)
  │
8 │ PhXZ(a=0.07957747154594767,x=0.04010328141741558,z=0.9204225284540524) PhXZ(a=0.07957747154594767,x=-0.5,z=-0.07957747154594767)
  │
Moment 25:
  ╷ 3         4
╶─┼─────────────────
5 │ iSwap^0.5─iSwap
  │
6 │ iSwap^0.5─iSwap
  │
7 │ iSwap^0.5─iSwap
  │
8 │ iSwap^0.5─iSwap
  │
Moment 26:
  ╷ 3
╶─┼───────────────────────────────────────
5 │ PhXZ(a=1,x=-0.11283656610933077,z=-1)
  │
6 │ PhXZ(a=1,x=-0.11283656610933077,z=-1)
  │
7 │ PhXZ(a=1,x=-0.11283656610933077,z=-1)
  │
8 │ PhXZ(a=1,x=-0.11283656610933077,z=-1)
  │
Moment 27:
  ╷ 3         4
╶─┼─────────────────
5 │ iSwap^0.5─iSwap
  │
6 │ iSwap^0.5─iSwap
  │
7 │ iSwap^0.5─iSwap
  │
8 │ iSwap^0.5─iSwap
  │
Moment 28:
  ╷ 3                                       4
╶─┼──────────────────────────────────────────────────────────────────────────────────────
5 │ PhXZ(a=0,x=0.04010328141741559,z=-0.25) PhXZ(a=0,x=0.5,z=-0.25)
  │
6 │ PhXZ(a=0,x=0.04010328141741559,z=0.25)  PhXZ(a=-1.1102230246251565e-16,x=0.5,z=0.25)
  │
7 │ PhXZ(a=0,x=0.04010328141741559,z=-0.25) PhXZ(a=0,x=0.5,z=-0.25)
  │
8 │ PhXZ(a=0,x=0.04010328141741559,z=0.25)  PhXZ(a=-1.1102230246251565e-16,x=0.5,z=0.25)
  │
Moment 29:
  ╷ 3         4
╶─┼─────────────────────
5 │ iSwap^0.5 iSwap^0.5
  │ │         │
6 │ iSwap     iSwap
  │
7 │ iSwap^0.5 iSwap^0.5
  │ │         │
8 │ iSwap     iSwap
  │
Moment 30:
  ╷ 3                                                     4
╶─┼─────────────────────────────────────────────────────────────────────────────────────────────────────────────
5 │ PhXZ(a=-0.5795774715459476,x=0,z=-0.9204225284540524) PhXZ(a=-0.5795774715459476,x=0,z=-0.9204225284540524)
  │
6 │ Rz(-0.25)                                             Rz(-0.25)
  │
7 │ PhXZ(a=-0.5795774715459476,x=0,z=-0.9204225284540524) PhXZ(a=-0.5795774715459476,x=0,z=-0.9204225284540524)
  │
8 │ Rz(-0.25)                                             Rz(-0.25)
  │
Moment 31:
  ╷ 3         4
╶─┼─────────────────────
5 │ iSwap^0.5 iSwap^0.5
  │ │         │
6 │ iSwap     iSwap
  │
7 │ iSwap^0.5 iSwap^0.5
  │ │         │
8 │ iSwap     iSwap
  │
Moment 32:
  ╷ 3                                      4
╶─┼───────────────────────────────────────────────────────────────────────────────
5 │ PhXZ(a=-0.75,x=0,z=-0.75)              PhXZ(a=-0.75,x=0,z=-0.75)
  │
6 │ PhXZ(a=-1,x=0,z=-0.5)                  PhXZ(a=-1,x=0,z=-0.5)
  │
7 │ PhXZ(a=-1,x=0,z=-0.5)                  PhXZ(a=-1,x=0,z=-0.5)
  │
8 │ PhXZ(a=0.7499999999999998,x=0,z=-0.25) PhXZ(a=0.7499999999999998,x=0,z=-0.25)
  │
Moment 33:
  ╷ 3         4
╶─┼─────────────────────
6 │ iSwap^0.5 iSwap^0.5
  │ │         │
7 │ iSwap     iSwap
  │
Moment 34:
  ╷ 3                                                     4
╶─┼─────────────────────────────────────────────────────────────────────────────────────────────────────────────
6 │ PhXZ(a=-0.5795774715459476,x=0,z=-0.9204225284540524) PhXZ(a=-0.5795774715459476,x=0,z=-0.9204225284540524)
  │
7 │ Rz(-0.25)                                             Rz(-0.25)
  │
Moment 35:
  ╷ 3         4
╶─┼─────────────────────
6 │ iSwap^0.5 iSwap^0.5
  │ │         │
7 │ iSwap     iSwap
  │
Moment 36:
  ╷ 3                                      4
╶─┼───────────────────────────────────────────────────────────────────────────────
6 │ PhXZ(a=-0.75,x=0,z=-0.75)              PhXZ(a=-0.75,x=0,z=-0.75)
  │
7 │ PhXZ(a=0.7499999999999998,x=0,z=-0.25) PhXZ(a=0.7499999999999998,x=0,z=-0.25)
  │
Moment 37:
  ╷ 3         4
╶─┼─────────────────────
5 │ iSwap^0.5 iSwap^0.5
  │ │         │
6 │ iSwap     iSwap
  │
7 │ iSwap^0.5 iSwap^0.5
  │ │         │
8 │ iSwap     iSwap
  │
Moment 38:
  ╷ 3                       4
╶─┼─────────────────────────────────────────────────
5 │ Rz(3.9269908169872414)  Rz(3.9269908169872414)
  │
6 │ Rz(-0.7853981633974483) Rz(-0.7853981633974483)
  │
7 │ Rz(3.9269908169872414)  Rz(3.9269908169872414)
  │
8 │ Rz(-0.7853981633974483) Rz(-0.7853981633974483)
  │
Moment 39:
  ╷ 3         4
╶─┼─────────────────────
5 │ iSwap^0.5 iSwap^0.5
  │ │         │
6 │ iSwap     iSwap
  │
7 │ iSwap^0.5 iSwap^0.5
  │ │         │
8 │ iSwap     iSwap
  │
Moment 40:
  ╷ 3                 4
╶─┼─────────────────────────────────────
5 │ Z                 Z
  │
6 │ PhXZ(a=0,x=0,z=0) PhXZ(a=0,x=0,z=0)
  │
7 │ Z                 Z
  │
8 │ PhXZ(a=0,x=0,z=0) PhXZ(a=0,x=0,z=0)
  │
Moment 41:
  ╷ 3      4
╶─┼──────────
5 │ M('x')─M
  │ │      │
6 │ M      M
  │ │      │
7 │ M      M
  │ │      │
8 │ M      M
  │

2021-09-14 07:21:54,395 - fhvqe.experiment:82 - DEBUG - Preparing analysis function for horiz
2021-09-14 07:21:54,396 - fhvqe.vqe_experiment:940 - DEBUG - horiz1:

2021-09-14 07:21:54,396 - fhvqe.experiment:658 - INFO - Preparing executables.
2021-09-14 07:21:54,397 - fhvqe.experiment:662 - DEBUG - ansatz with params: [[0.511 0.433 0.576]
 [0.487 0.535 0.468]]
2021-09-14 07:21:54,417 - fhvqe.experiment:553 - DEBUG - number of moments preoptimization: 51
2021-09-14 07:21:54,425 - fhvqe.experiment:554 - DEBUG - depth preoptimization: 51
2021-09-14 07:21:54,496 - fhvqe.experiment:595 - DEBUG - number of moments post-optimization and calibration: 37
2021-09-14 07:21:54,503 - fhvqe.experiment:596 - DEBUG - depth post-optimization and calibration: 37
2021-09-14 07:21:54,514 - fhvqe.experiment:553 - DEBUG - number of moments preoptimization: 55
2021-09-14 07:21:54,523 - fhvqe.experiment:554 - DEBUG - depth preoptimization: 55
2021-09-14 07:21:54,594 - fhvqe.experiment:595 - DEBUG - number of moments post-optimization and calibration: 41
2021-09-14 07:21:54,600 - fhvqe.experiment:596 - DEBUG - depth post-optimization and calibration: 41
2021-09-14 07:21:54,613 - fhvqe.experiment:553 - DEBUG - number of moments preoptimization: 49
2021-09-14 07:21:54,621 - fhvqe.experiment:554 - DEBUG - depth preoptimization: 49
2021-09-14 07:21:54,686 - fhvqe.experiment:595 - DEBUG - number of moments post-optimization and calibration: 37
2021-09-14 07:21:54,691 - fhvqe.experiment:596 - DEBUG - depth post-optimization and calibration: 37
2021-09-14 07:21:54,699 - fhvqe.experiment:662 - DEBUG - ansatz with params: [[-0.511 -0.433 -0.576]
 [-0.487 -0.535 -0.468]]
2021-09-14 07:21:54,718 - fhvqe.experiment:553 - DEBUG - number of moments preoptimization: 51
2021-09-14 07:21:54,727 - fhvqe.experiment:554 - DEBUG - depth preoptimization: 51
2021-09-14 07:21:54,799 - fhvqe.experiment:595 - DEBUG - number of moments post-optimization and calibration: 37
2021-09-14 07:21:54,805 - fhvqe.experiment:596 - DEBUG - depth post-optimization and calibration: 37
2021-09-14 07:21:54,816 - fhvqe.experiment:553 - DEBUG - number of moments preoptimization: 55
2021-09-14 07:21:54,825 - fhvqe.experiment:554 - DEBUG - depth preoptimization: 55
2021-09-14 07:21:54,896 - fhvqe.experiment:595 - DEBUG - number of moments post-optimization and calibration: 41
2021-09-14 07:21:54,903 - fhvqe.experiment:596 - DEBUG - depth post-optimization and calibration: 41
2021-09-14 07:21:54,916 - fhvqe.experiment:553 - DEBUG - number of moments preoptimization: 49
2021-09-14 07:21:54,924 - fhvqe.experiment:554 - DEBUG - depth preoptimization: 49
2021-09-14 07:21:54,991 - fhvqe.experiment:595 - DEBUG - number of moments post-optimization and calibration: 37
2021-09-14 07:21:54,996 - fhvqe.experiment:596 - DEBUG - depth post-optimization and calibration: 37
2021-09-14 07:21:55,006 - fhvqe.experiment:662 - DEBUG - ansatz with params: [[0.    0.433 0.576]
 [0.    0.535 0.468]]
2021-09-14 07:21:55,025 - fhvqe.experiment:553 - DEBUG - number of moments preoptimization: 51
2021-09-14 07:21:55,034 - fhvqe.experiment:554 - DEBUG - depth preoptimization: 51
2021-09-14 07:21:55,109 - fhvqe.experiment:595 - DEBUG - number of moments post-optimization and calibration: 37
2021-09-14 07:21:55,115 - fhvqe.experiment:596 - DEBUG - depth post-optimization and calibration: 37
2021-09-14 07:21:55,126 - fhvqe.experiment:553 - DEBUG - number of moments preoptimization: 55
2021-09-14 07:21:55,136 - fhvqe.experiment:554 - DEBUG - depth preoptimization: 55
2021-09-14 07:21:55,211 - fhvqe.experiment:595 - DEBUG - number of moments post-optimization and calibration: 41
2021-09-14 07:21:55,218 - fhvqe.experiment:596 - DEBUG - depth post-optimization and calibration: 41
2021-09-14 07:21:55,230 - fhvqe.experiment:553 - DEBUG - number of moments preoptimization: 49
2021-09-14 07:21:55,240 - fhvqe.experiment:554 - DEBUG - depth preoptimization: 49
2021-09-14 07:21:55,303 - fhvqe.experiment:595 - DEBUG - number of moments post-optimization and calibration: 37
2021-09-14 07:21:55,309 - fhvqe.experiment:596 - DEBUG - depth post-optimization and calibration: 37
2021-09-14 07:21:55,317 - fhvqe.experiment:662 - DEBUG - ansatz with params: [[ 0.    -0.433 -0.576]
 [ 0.    -0.535 -0.468]]
2021-09-14 07:21:55,336 - fhvqe.experiment:553 - DEBUG - number of moments preoptimization: 51
2021-09-14 07:21:55,345 - fhvqe.experiment:554 - DEBUG - depth preoptimization: 51
2021-09-14 07:21:55,420 - fhvqe.experiment:595 - DEBUG - number of moments post-optimization and calibration: 37
2021-09-14 07:21:55,426 - fhvqe.experiment:596 - DEBUG - depth post-optimization and calibration: 37
2021-09-14 07:21:55,436 - fhvqe.experiment:553 - DEBUG - number of moments preoptimization: 55
2021-09-14 07:21:55,446 - fhvqe.experiment:554 - DEBUG - depth preoptimization: 55
2021-09-14 07:21:55,520 - fhvqe.experiment:595 - DEBUG - number of moments post-optimization and calibration: 41
2021-09-14 07:21:55,527 - fhvqe.experiment:596 - DEBUG - depth post-optimization and calibration: 41
2021-09-14 07:21:55,539 - fhvqe.experiment:553 - DEBUG - number of moments preoptimization: 49
2021-09-14 07:21:55,547 - fhvqe.experiment:554 - DEBUG - depth preoptimization: 49
2021-09-14 07:21:55,620 - fhvqe.experiment:595 - DEBUG - number of moments post-optimization and calibration: 37
2021-09-14 07:21:55,626 - fhvqe.experiment:596 - DEBUG - depth post-optimization and calibration: 37
2021-09-14 07:22:33,836 - fhvqe.experiment:151 - DEBUG - Preparing exact analysis function for onsite
2021-09-14 07:22:33,839 - fhvqe.experiment:151 - DEBUG - Preparing exact analysis function for horiz
2021-09-14 07:22:33,841 - fhvqe.experiment:151 - DEBUG - Preparing exact analysis function for horiz
2021-09-14 07:22:33,842 - fhvqe.error_mitigation:1235 - INFO - About to mitigate, theta=[[0.511, 0.433, 0.576], [0.487, 0.535, 0.468]]
2021-09-14 07:22:33,842 - fhvqe.error_mitigation:1298 - DEBUG - About to run TFLO, params=[[[0, 3.18362, 6.2764], [0, 3.8246, 5.84549]], [[0, 2.6901, 2.99716], [0, 3.34154, 1.63886]], [[0, 0.841172, 0.857071], [0, 2.83507, 0.132099]], [[0, 0.919596, 3.58906], [0, 2.34207, 4.81843]], [[0, 2.02167, 0.711094], [0, 2.87848, 1.92383]], [[0, 3.07888, 1.31344], [0, 4.01245, 3.64854]], [[0, 5.49346, 5.73656], [0, 1.32223, 3.05705]], [[0, 5.44561, 1.68616], [0, 5.99541, 0.440987]], [[0, 5.75192, 6.00118], [0, 4.30115, 3.98124]], [[0, 3.7131, 0.592184], [0, 4.51095, 4.07368]], [[0, 2.7152, 1.86577], [0, 0.588014, 2.06039]], [[0, 2.57569, 4.7256], [0, 3.85901, 0.371302]], [[0, 4.65032, 0.953688], [0, 4.94274, 3.13591]], [[0, 0.299448, 3.22459], [0, 4.5425, 2.32293]], [[0, 5.54704, 4.13572], [0, 4.5425, 2.32293]], [[0, 4.016, 5.5268], [0, 4.80713, 0.271348]], [[0, 0.433, 0.576], [0, 0.535, 0.468]], [[0.511, 0.433, 0.576], [0.487, 0.535, 0.468]], [[0, -3.18362, -6.2764], [0, -3.8246, -5.84549]], [[0, -2.6901, -2.99716], [0, -3.34154, -1.63886]], [[0, -0.841172, -0.857071], [0, -2.83507, -0.132099]], [[0, -0.919596, -3.58906], [0, -2.34207, -4.81843]], [[0, -2.02167, -0.711094], [0, -2.87848, -1.92383]], [[0, -3.07888, -1.31344], [0, -4.01245, -3.64854]], [[0, -5.49346, -5.73656], [0, -1.32223, -3.05705]], [[0, -5.44561, -1.68616], [0, -5.99541, -0.440987]], [[0, -5.75192, -6.00118], [0, -4.30115, -3.98124]], [[0, -3.7131, -0.592184], [0, -4.51095, -4.07368]], [[0, -2.7152, -1.86577], [0, -0.588014, -2.06039]], [[0, -2.57569, -4.7256], [0, -3.85901, -0.371302]], [[0, -4.65032, -0.953688], [0, -4.94274, -3.13591]], [[0, -0.299448, -3.22459], [0, -4.5425, -2.32293]], [[0, -5.54704, -4.13572], [0, -4.5425, -2.32293]], [[0, -4.016, -5.5268], [0, -4.80713, -0.271348]], [[0, -0.433, -0.576], [0, -0.535, -0.468]], [[-0.511, -0.433, -0.576], [-0.487, -0.535, -0.468]]]
2021-09-14 07:22:33,842 - fhvqe.experiment:658 - INFO - Preparing executables.
2021-09-14 07:22:33,843 - fhvqe.experiment:662 - DEBUG - ansatz with params: [[0.      3.18362 6.2764 ]
 [0.      3.8246  5.84549]]
2021-09-14 07:22:33,861 - fhvqe.experiment:553 - DEBUG - number of moments preoptimization: 51
2021-09-14 07:22:33,870 - fhvqe.experiment:554 - DEBUG - depth preoptimization: 51
2021-09-14 07:22:33,946 - fhvqe.experiment:595 - DEBUG - number of moments post-optimization and calibration: 37
2021-09-14 07:22:33,952 - fhvqe.experiment:596 - DEBUG - depth post-optimization and calibration: 37
2021-09-14 07:22:33,963 - fhvqe.experiment:553 - DEBUG - number of moments preoptimization: 55
2021-09-14 07:22:33,972 - fhvqe.experiment:554 - DEBUG - depth preoptimization: 55
2021-09-14 07:22:34,044 - fhvqe.experiment:595 - DEBUG - number of moments post-optimization and calibration: 41
2021-09-14 07:22:34,050 - fhvqe.experiment:596 - DEBUG - depth post-optimization and calibration: 41
2021-09-14 07:22:34,062 - fhvqe.experiment:553 - DEBUG - number of moments preoptimization: 49
2021-09-14 07:22:34,070 - fhvqe.experiment:554 - DEBUG - depth preoptimization: 49
2021-09-14 07:22:34,135 - fhvqe.experiment:595 - DEBUG - number of moments post-optimization and calibration: 37
2021-09-14 07:22:34,141 - fhvqe.experiment:596 - DEBUG - depth post-optimization and calibration: 37
2021-09-14 07:22:34,150 - fhvqe.experiment:662 - DEBUG - ansatz with params: [[0.      2.6901  2.99716]
 [0.      3.34154 1.63886]]
2021-09-14 07:22:34,168 - fhvqe.experiment:553 - DEBUG - number of moments preoptimization: 51
2021-09-14 07:22:34,177 - fhvqe.experiment:554 - DEBUG - depth preoptimization: 51
2021-09-14 07:22:34,248 - fhvqe.experiment:595 - DEBUG - number of moments post-optimization and calibration: 37
2021-09-14 07:22:34,254 - fhvqe.experiment:596 - DEBUG - depth post-optimization and calibration: 37
2021-09-14 07:22:34,264 - fhvqe.experiment:553 - DEBUG - number of moments preoptimization: 55
2021-09-14 07:22:34,273 - fhvqe.experiment:554 - DEBUG - depth preoptimization: 55
2021-09-14 07:22:34,346 - fhvqe.experiment:595 - DEBUG - number of moments post-optimization and calibration: 41
2021-09-14 07:22:34,353 - fhvqe.experiment:596 - DEBUG - depth post-optimization and calibration: 41
2021-09-14 07:22:34,365 - fhvqe.experiment:553 - DEBUG - number of moments preoptimization: 49
2021-09-14 07:22:34,374 - fhvqe.experiment:554 - DEBUG - depth preoptimization: 49
2021-09-14 07:22:34,442 - fhvqe.experiment:595 - DEBUG - number of moments post-optimization and calibration: 37
2021-09-14 07:22:34,448 - fhvqe.experiment:596 - DEBUG - depth post-optimization and calibration: 37
2021-09-14 07:22:34,456 - fhvqe.experiment:662 - DEBUG - ansatz with params: [[0.       0.841172 0.857071]
 [0.       2.83507  0.132099]]
2021-09-14 07:22:34,477 - fhvqe.experiment:553 - DEBUG - number of moments preoptimization: 51
2021-09-14 07:22:34,485 - fhvqe.experiment:554 - DEBUG - depth preoptimization: 51
2021-09-14 07:22:34,560 - fhvqe.experiment:595 - DEBUG - number of moments post-optimization and calibration: 37
2021-09-14 07:22:34,565 - fhvqe.experiment:596 - DEBUG - depth post-optimization and calibration: 37
2021-09-14 07:22:34,576 - fhvqe.experiment:553 - DEBUG - number of moments preoptimization: 55
2021-09-14 07:22:34,586 - fhvqe.experiment:554 - DEBUG - depth preoptimization: 55
2021-09-14 07:22:34,659 - fhvqe.experiment:595 - DEBUG - number of moments post-optimization and calibration: 41
2021-09-14 07:22:34,667 - fhvqe.experiment:596 - DEBUG - depth post-optimization and calibration: 41
2021-09-14 07:22:34,680 - fhvqe.experiment:553 - DEBUG - number of moments preoptimization: 49
2021-09-14 07:22:34,688 - fhvqe.experiment:554 - DEBUG - depth preoptimization: 49
2021-09-14 07:22:34,753 - fhvqe.experiment:595 - DEBUG - number of moments post-optimization and calibration: 37
2021-09-14 07:22:34,759 - fhvqe.experiment:596 - DEBUG - depth post-optimization and calibration: 37
2021-09-14 07:22:34,768 - fhvqe.experiment:662 - DEBUG - ansatz with params: [[0.       0.919596 3.58906 ]
 [0.       2.34207  4.81843 ]]
2021-09-14 07:22:34,787 - fhvqe.experiment:553 - DEBUG - number of moments preoptimization: 51
2021-09-14 07:22:34,796 - fhvqe.experiment:554 - DEBUG - depth preoptimization: 51
2021-09-14 07:22:34,868 - fhvqe.experiment:595 - DEBUG - number of moments post-optimization and calibration: 37
2021-09-14 07:22:34,874 - fhvqe.experiment:596 - DEBUG - depth post-optimization and calibration: 37
2021-09-14 07:22:34,886 - fhvqe.experiment:553 - DEBUG - number of moments preoptimization: 55
2021-09-14 07:22:34,895 - fhvqe.experiment:554 - DEBUG - depth preoptimization: 55
2021-09-14 07:22:34,966 - fhvqe.experiment:595 - DEBUG - number of moments post-optimization and calibration: 41
2021-09-14 07:22:34,972 - fhvqe.experiment:596 - DEBUG - depth post-optimization and calibration: 41
2021-09-14 07:22:34,985 - fhvqe.experiment:553 - DEBUG - number of moments preoptimization: 49
2021-09-14 07:22:34,993 - fhvqe.experiment:554 - DEBUG - depth preoptimization: 49
2021-09-14 07:22:35,061 - fhvqe.experiment:595 - DEBUG - number of moments post-optimization and calibration: 37
2021-09-14 07:22:35,067 - fhvqe.experiment:596 - DEBUG - depth post-optimization and calibration: 37
2021-09-14 07:22:35,075 - fhvqe.experiment:662 - DEBUG - ansatz with params: [[0.       2.02167  0.711094]
 [0.       2.87848  1.92383 ]]
2021-09-14 07:22:35,096 - fhvqe.experiment:553 - DEBUG - number of moments preoptimization: 51
2021-09-14 07:22:35,104 - fhvqe.experiment:554 - DEBUG - depth preoptimization: 51
2021-09-14 07:22:35,175 - fhvqe.experiment:595 - DEBUG - number of moments post-optimization and calibration: 37
2021-09-14 07:22:35,181 - fhvqe.experiment:596 - DEBUG - depth post-optimization and calibration: 37
2021-09-14 07:22:35,192 - fhvqe.experiment:553 - DEBUG - number of moments preoptimization: 55
2021-09-14 07:22:35,201 - fhvqe.experiment:554 - DEBUG - depth preoptimization: 55
2021-09-14 07:22:35,273 - fhvqe.experiment:595 - DEBUG - number of moments post-optimization and calibration: 41
2021-09-14 07:22:35,280 - fhvqe.experiment:596 - DEBUG - depth post-optimization and calibration: 41
2021-09-14 07:22:35,292 - fhvqe.experiment:553 - DEBUG - number of moments preoptimization: 49
2021-09-14 07:22:35,300 - fhvqe.experiment:554 - DEBUG - depth preoptimization: 49
2021-09-14 07:22:35,365 - fhvqe.experiment:595 - DEBUG - number of moments post-optimization and calibration: 37
2021-09-14 07:22:35,371 - fhvqe.experiment:596 - DEBUG - depth post-optimization and calibration: 37
2021-09-14 07:22:35,379 - fhvqe.experiment:662 - DEBUG - ansatz with params: [[0.      3.07888 1.31344]
 [0.      4.01245 3.64854]]
2021-09-14 07:22:35,398 - fhvqe.experiment:553 - DEBUG - number of moments preoptimization: 51
2021-09-14 07:22:35,406 - fhvqe.experiment:554 - DEBUG - depth preoptimization: 51
2021-09-14 07:22:35,477 - fhvqe.experiment:595 - DEBUG - number of moments post-optimization and calibration: 37
2021-09-14 07:22:35,483 - fhvqe.experiment:596 - DEBUG - depth post-optimization and calibration: 37
2021-09-14 07:22:35,493 - fhvqe.experiment:553 - DEBUG - number of moments preoptimization: 55
2021-09-14 07:22:35,502 - fhvqe.experiment:554 - DEBUG - depth preoptimization: 55
2021-09-14 07:22:35,573 - fhvqe.experiment:595 - DEBUG - number of moments post-optimization and calibration: 41
2021-09-14 07:22:35,580 - fhvqe.experiment:596 - DEBUG - depth post-optimization and calibration: 41
2021-09-14 07:22:35,592 - fhvqe.experiment:553 - DEBUG - number of moments preoptimization: 49
2021-09-14 07:22:35,600 - fhvqe.experiment:554 - DEBUG - depth preoptimization: 49
2021-09-14 07:22:35,665 - fhvqe.experiment:595 - DEBUG - number of moments post-optimization and calibration: 37
2021-09-14 07:22:35,671 - fhvqe.experiment:596 - DEBUG - depth post-optimization and calibration: 37
2021-09-14 07:22:35,680 - fhvqe.experiment:662 - DEBUG - ansatz with params: [[0.      5.49346 5.73656]
 [0.      1.32223 3.05705]]
2021-09-14 07:22:35,699 - fhvqe.experiment:553 - DEBUG - number of moments preoptimization: 51
2021-09-14 07:22:35,707 - fhvqe.experiment:554 - DEBUG - depth preoptimization: 51
2021-09-14 07:22:35,777 - fhvqe.experiment:595 - DEBUG - number of moments post-optimization and calibration: 37
2021-09-14 07:22:35,783 - fhvqe.experiment:596 - DEBUG - depth post-optimization and calibration: 37
2021-09-14 07:22:35,793 - fhvqe.experiment:553 - DEBUG - number of moments preoptimization: 55
2021-09-14 07:22:35,803 - fhvqe.experiment:554 - DEBUG - depth preoptimization: 55
2021-09-14 07:22:35,874 - fhvqe.experiment:595 - DEBUG - number of moments post-optimization and calibration: 41
2021-09-14 07:22:35,881 - fhvqe.experiment:596 - DEBUG - depth post-optimization and calibration: 41
2021-09-14 07:22:35,893 - fhvqe.experiment:553 - DEBUG - number of moments preoptimization: 49
2021-09-14 07:22:35,901 - fhvqe.experiment:554 - DEBUG - depth preoptimization: 49
2021-09-14 07:22:35,965 - fhvqe.experiment:595 - DEBUG - number of moments post-optimization and calibration: 37
2021-09-14 07:22:35,971 - fhvqe.experiment:596 - DEBUG - depth post-optimization and calibration: 37
2021-09-14 07:22:35,979 - fhvqe.experiment:662 - DEBUG - ansatz with params: [[0.       5.44561  1.68616 ]
 [0.       5.99541  0.440987]]
2021-09-14 07:22:35,998 - fhvqe.experiment:553 - DEBUG - number of moments preoptimization: 51
2021-09-14 07:22:36,006 - fhvqe.experiment:554 - DEBUG - depth preoptimization: 51
2021-09-14 07:22:36,077 - fhvqe.experiment:595 - DEBUG - number of moments post-optimization and calibration: 37
2021-09-14 07:22:36,083 - fhvqe.experiment:596 - DEBUG - depth post-optimization and calibration: 37
2021-09-14 07:22:36,093 - fhvqe.experiment:553 - DEBUG - number of moments preoptimization: 55
2021-09-14 07:22:36,102 - fhvqe.experiment:554 - DEBUG - depth preoptimization: 55
2021-09-14 07:22:36,173 - fhvqe.experiment:595 - DEBUG - number of moments post-optimization and calibration: 41
2021-09-14 07:22:36,180 - fhvqe.experiment:596 - DEBUG - depth post-optimization and calibration: 41
2021-09-14 07:22:36,193 - fhvqe.experiment:553 - DEBUG - number of moments preoptimization: 49
2021-09-14 07:22:36,202 - fhvqe.experiment:554 - DEBUG - depth preoptimization: 49
2021-09-14 07:22:36,267 - fhvqe.experiment:595 - DEBUG - number of moments post-optimization and calibration: 37
2021-09-14 07:22:36,273 - fhvqe.experiment:596 - DEBUG - depth post-optimization and calibration: 37
2021-09-14 07:22:36,281 - fhvqe.experiment:662 - DEBUG - ansatz with params: [[0.      5.75192 6.00118]
 [0.      4.30115 3.98124]]
2021-09-14 07:22:36,300 - fhvqe.experiment:553 - DEBUG - number of moments preoptimization: 51
2021-09-14 07:22:36,309 - fhvqe.experiment:554 - DEBUG - depth preoptimization: 51
2021-09-14 07:22:36,378 - fhvqe.experiment:595 - DEBUG - number of moments post-optimization and calibration: 37
2021-09-14 07:22:36,384 - fhvqe.experiment:596 - DEBUG - depth post-optimization and calibration: 37
2021-09-14 07:22:36,394 - fhvqe.experiment:553 - DEBUG - number of moments preoptimization: 55
2021-09-14 07:22:36,404 - fhvqe.experiment:554 - DEBUG - depth preoptimization: 55
2021-09-14 07:22:36,475 - fhvqe.experiment:595 - DEBUG - number of moments post-optimization and calibration: 41
2021-09-14 07:22:36,481 - fhvqe.experiment:596 - DEBUG - depth post-optimization and calibration: 41
2021-09-14 07:22:36,494 - fhvqe.experiment:553 - DEBUG - number of moments preoptimization: 49
2021-09-14 07:22:36,502 - fhvqe.experiment:554 - DEBUG - depth preoptimization: 49
2021-09-14 07:22:36,567 - fhvqe.experiment:595 - DEBUG - number of moments post-optimization and calibration: 37
2021-09-14 07:22:36,572 - fhvqe.experiment:596 - DEBUG - depth post-optimization and calibration: 37
2021-09-14 07:22:36,581 - fhvqe.experiment:662 - DEBUG - ansatz with params: [[0.       3.7131   0.592184]
 [0.       4.51095  4.07368 ]]
2021-09-14 07:22:36,599 - fhvqe.experiment:553 - DEBUG - number of moments preoptimization: 51
2021-09-14 07:22:36,608 - fhvqe.experiment:554 - DEBUG - depth preoptimization: 51
2021-09-14 07:22:36,679 - fhvqe.experiment:595 - DEBUG - number of moments post-optimization and calibration: 37
2021-09-14 07:22:36,686 - fhvqe.experiment:596 - DEBUG - depth post-optimization and calibration: 37
2021-09-14 07:22:36,696 - fhvqe.experiment:553 - DEBUG - number of moments preoptimization: 55
2021-09-14 07:22:36,705 - fhvqe.experiment:554 - DEBUG - depth preoptimization: 55
2021-09-14 07:22:36,776 - fhvqe.experiment:595 - DEBUG - number of moments post-optimization and calibration: 41
2021-09-14 07:22:36,783 - fhvqe.experiment:596 - DEBUG - depth post-optimization and calibration: 41
2021-09-14 07:22:36,795 - fhvqe.experiment:553 - DEBUG - number of moments preoptimization: 49
2021-09-14 07:22:36,804 - fhvqe.experiment:554 - DEBUG - depth preoptimization: 49
2021-09-14 07:22:36,868 - fhvqe.experiment:595 - DEBUG - number of moments post-optimization and calibration: 37
2021-09-14 07:22:36,874 - fhvqe.experiment:596 - DEBUG - depth post-optimization and calibration: 37
2021-09-14 07:22:36,883 - fhvqe.experiment:662 - DEBUG - ansatz with params: [[0.       2.7152   1.86577 ]
 [0.       0.588014 2.06039 ]]
2021-09-14 07:22:36,903 - fhvqe.experiment:553 - DEBUG - number of moments preoptimization: 51
2021-09-14 07:22:36,911 - fhvqe.experiment:554 - DEBUG - depth preoptimization: 51
2021-09-14 07:22:36,981 - fhvqe.experiment:595 - DEBUG - number of moments post-optimization and calibration: 37
2021-09-14 07:22:36,987 - fhvqe.experiment:596 - DEBUG - depth post-optimization and calibration: 37
2021-09-14 07:22:36,997 - fhvqe.experiment:553 - DEBUG - number of moments preoptimization: 55
2021-09-14 07:22:37,007 - fhvqe.experiment:554 - DEBUG - depth preoptimization: 55
2021-09-14 07:22:37,079 - fhvqe.experiment:595 - DEBUG - number of moments post-optimization and calibration: 41
2021-09-14 07:22:37,086 - fhvqe.experiment:596 - DEBUG - depth post-optimization and calibration: 41
2021-09-14 07:22:37,098 - fhvqe.experiment:553 - DEBUG - number of moments preoptimization: 49
2021-09-14 07:22:37,106 - fhvqe.experiment:554 - DEBUG - depth preoptimization: 49
2021-09-14 07:22:37,172 - fhvqe.experiment:595 - DEBUG - number of moments post-optimization and calibration: 37
2021-09-14 07:22:37,177 - fhvqe.experiment:596 - DEBUG - depth post-optimization and calibration: 37
2021-09-14 07:22:37,186 - fhvqe.experiment:662 - DEBUG - ansatz with params: [[0.       2.57569  4.7256  ]
 [0.       3.85901  0.371302]]
2021-09-14 07:22:37,205 - fhvqe.experiment:553 - DEBUG - number of moments preoptimization: 51
2021-09-14 07:22:37,213 - fhvqe.experiment:554 - DEBUG - depth preoptimization: 51
2021-09-14 07:22:37,285 - fhvqe.experiment:595 - DEBUG - number of moments post-optimization and calibration: 37
2021-09-14 07:22:37,291 - fhvqe.experiment:596 - DEBUG - depth post-optimization and calibration: 37
2021-09-14 07:22:37,304 - fhvqe.experiment:553 - DEBUG - number of moments preoptimization: 55
2021-09-14 07:22:37,313 - fhvqe.experiment:554 - DEBUG - depth preoptimization: 55
2021-09-14 07:22:37,383 - fhvqe.experiment:595 - DEBUG - number of moments post-optimization and calibration: 41
2021-09-14 07:22:37,390 - fhvqe.experiment:596 - DEBUG - depth post-optimization and calibration: 41
2021-09-14 07:22:37,403 - fhvqe.experiment:553 - DEBUG - number of moments preoptimization: 49
2021-09-14 07:22:37,411 - fhvqe.experiment:554 - DEBUG - depth preoptimization: 49
2021-09-14 07:22:37,475 - fhvqe.experiment:595 - DEBUG - number of moments post-optimization and calibration: 37
2021-09-14 07:22:37,480 - fhvqe.experiment:596 - DEBUG - depth post-optimization and calibration: 37
2021-09-14 07:22:37,489 - fhvqe.experiment:662 - DEBUG - ansatz with params: [[0.       4.65032  0.953688]
 [0.       4.94274  3.13591 ]]
2021-09-14 07:22:37,508 - fhvqe.experiment:553 - DEBUG - number of moments preoptimization: 51
2021-09-14 07:22:37,516 - fhvqe.experiment:554 - DEBUG - depth preoptimization: 51
2021-09-14 07:22:37,587 - fhvqe.experiment:595 - DEBUG - number of moments post-optimization and calibration: 37
2021-09-14 07:22:37,592 - fhvqe.experiment:596 - DEBUG - depth post-optimization and calibration: 37
2021-09-14 07:22:37,603 - fhvqe.experiment:553 - DEBUG - number of moments preoptimization: 55
2021-09-14 07:22:37,612 - fhvqe.experiment:554 - DEBUG - depth preoptimization: 55
2021-09-14 07:22:37,684 - fhvqe.experiment:595 - DEBUG - number of moments post-optimization and calibration: 41
2021-09-14 07:22:37,690 - fhvqe.experiment:596 - DEBUG - depth post-optimization and calibration: 41
2021-09-14 07:22:37,703 - fhvqe.experiment:553 - DEBUG - number of moments preoptimization: 49
2021-09-14 07:22:37,711 - fhvqe.experiment:554 - DEBUG - depth preoptimization: 49
2021-09-14 07:22:37,777 - fhvqe.experiment:595 - DEBUG - number of moments post-optimization and calibration: 37
2021-09-14 07:22:37,783 - fhvqe.experiment:596 - DEBUG - depth post-optimization and calibration: 37
2021-09-14 07:22:37,791 - fhvqe.experiment:662 - DEBUG - ansatz with params: [[0.       0.299448 3.22459 ]
 [0.       4.5425   2.32293 ]]
2021-09-14 07:22:37,812 - fhvqe.experiment:553 - DEBUG - number of moments preoptimization: 51
2021-09-14 07:22:37,821 - fhvqe.experiment:554 - DEBUG - depth preoptimization: 51
2021-09-14 07:22:37,891 - fhvqe.experiment:595 - DEBUG - number of moments post-optimization and calibration: 37
2021-09-14 07:22:37,897 - fhvqe.experiment:596 - DEBUG - depth post-optimization and calibration: 37
2021-09-14 07:22:37,908 - fhvqe.experiment:553 - DEBUG - number of moments preoptimization: 55
2021-09-14 07:22:37,918 - fhvqe.experiment:554 - DEBUG - depth preoptimization: 55
2021-09-14 07:22:37,988 - fhvqe.experiment:595 - DEBUG - number of moments post-optimization and calibration: 41
2021-09-14 07:22:37,995 - fhvqe.experiment:596 - DEBUG - depth post-optimization and calibration: 41
2021-09-14 07:22:38,008 - fhvqe.experiment:553 - DEBUG - number of moments preoptimization: 49
2021-09-14 07:22:38,016 - fhvqe.experiment:554 - DEBUG - depth preoptimization: 49
2021-09-14 07:22:38,080 - fhvqe.experiment:595 - DEBUG - number of moments post-optimization and calibration: 37
2021-09-14 07:22:38,086 - fhvqe.experiment:596 - DEBUG - depth post-optimization and calibration: 37
2021-09-14 07:22:38,094 - fhvqe.experiment:662 - DEBUG - ansatz with params: [[0.      5.54704 4.13572]
 [0.      4.5425  2.32293]]
2021-09-14 07:22:38,114 - fhvqe.experiment:553 - DEBUG - number of moments preoptimization: 51
2021-09-14 07:22:38,122 - fhvqe.experiment:554 - DEBUG - depth preoptimization: 51
2021-09-14 07:22:38,193 - fhvqe.experiment:595 - DEBUG - number of moments post-optimization and calibration: 37
2021-09-14 07:22:38,199 - fhvqe.experiment:596 - DEBUG - depth post-optimization and calibration: 37
2021-09-14 07:22:38,210 - fhvqe.experiment:553 - DEBUG - number of moments preoptimization: 55
2021-09-14 07:22:38,220 - fhvqe.experiment:554 - DEBUG - depth preoptimization: 55
2021-09-14 07:22:38,291 - fhvqe.experiment:595 - DEBUG - number of moments post-optimization and calibration: 41
2021-09-14 07:22:38,297 - fhvqe.experiment:596 - DEBUG - depth post-optimization and calibration: 41
2021-09-14 07:22:38,310 - fhvqe.experiment:553 - DEBUG - number of moments preoptimization: 49
2021-09-14 07:22:38,319 - fhvqe.experiment:554 - DEBUG - depth preoptimization: 49
2021-09-14 07:22:38,382 - fhvqe.experiment:595 - DEBUG - number of moments post-optimization and calibration: 37
2021-09-14 07:22:38,388 - fhvqe.experiment:596 - DEBUG - depth post-optimization and calibration: 37
2021-09-14 07:22:38,396 - fhvqe.experiment:662 - DEBUG - ansatz with params: [[0.       4.016    5.5268  ]
 [0.       4.80713  0.271348]]
2021-09-14 07:22:38,416 - fhvqe.experiment:553 - DEBUG - number of moments preoptimization: 51
2021-09-14 07:22:38,424 - fhvqe.experiment:554 - DEBUG - depth preoptimization: 51
2021-09-14 07:22:38,495 - fhvqe.experiment:595 - DEBUG - number of moments post-optimization and calibration: 37
2021-09-14 07:22:38,500 - fhvqe.experiment:596 - DEBUG - depth post-optimization and calibration: 37
2021-09-14 07:22:38,511 - fhvqe.experiment:553 - DEBUG - number of moments preoptimization: 55
2021-09-14 07:22:38,520 - fhvqe.experiment:554 - DEBUG - depth preoptimization: 55
2021-09-14 07:22:38,592 - fhvqe.experiment:595 - DEBUG - number of moments post-optimization and calibration: 41
2021-09-14 07:22:38,598 - fhvqe.experiment:596 - DEBUG - depth post-optimization and calibration: 41
2021-09-14 07:22:38,611 - fhvqe.experiment:553 - DEBUG - number of moments preoptimization: 49
2021-09-14 07:22:38,619 - fhvqe.experiment:554 - DEBUG - depth preoptimization: 49
2021-09-14 07:22:38,684 - fhvqe.experiment:595 - DEBUG - number of moments post-optimization and calibration: 37
2021-09-14 07:22:38,690 - fhvqe.experiment:596 - DEBUG - depth post-optimization and calibration: 37
2021-09-14 07:22:38,698 - fhvqe.experiment:662 - DEBUG - ansatz with params: [[0.    0.433 0.576]
 [0.    0.535 0.468]]
2021-09-14 07:22:38,717 - fhvqe.experiment:553 - DEBUG - number of moments preoptimization: 51
2021-09-14 07:22:38,726 - fhvqe.experiment:554 - DEBUG - depth preoptimization: 51
2021-09-14 07:22:38,798 - fhvqe.experiment:595 - DEBUG - number of moments post-optimization and calibration: 37
2021-09-14 07:22:38,803 - fhvqe.experiment:596 - DEBUG - depth post-optimization and calibration: 37
2021-09-14 07:22:38,814 - fhvqe.experiment:553 - DEBUG - number of moments preoptimization: 55
2021-09-14 07:22:38,824 - fhvqe.experiment:554 - DEBUG - depth preoptimization: 55
2021-09-14 07:22:38,895 - fhvqe.experiment:595 - DEBUG - number of moments post-optimization and calibration: 41
2021-09-14 07:22:38,902 - fhvqe.experiment:596 - DEBUG - depth post-optimization and calibration: 41
2021-09-14 07:22:38,915 - fhvqe.experiment:553 - DEBUG - number of moments preoptimization: 49
2021-09-14 07:22:38,923 - fhvqe.experiment:554 - DEBUG - depth preoptimization: 49
2021-09-14 07:22:38,988 - fhvqe.experiment:595 - DEBUG - number of moments post-optimization and calibration: 37
2021-09-14 07:22:38,993 - fhvqe.experiment:596 - DEBUG - depth post-optimization and calibration: 37
2021-09-14 07:22:39,001 - fhvqe.experiment:662 - DEBUG - ansatz with params: [[0.511 0.433 0.576]
 [0.487 0.535 0.468]]
2021-09-14 07:22:39,021 - fhvqe.experiment:553 - DEBUG - number of moments preoptimization: 51
2021-09-14 07:22:39,029 - fhvqe.experiment:554 - DEBUG - depth preoptimization: 51
2021-09-14 07:22:39,100 - fhvqe.experiment:595 - DEBUG - number of moments post-optimization and calibration: 37
2021-09-14 07:22:39,106 - fhvqe.experiment:596 - DEBUG - depth post-optimization and calibration: 37
2021-09-14 07:22:39,116 - fhvqe.experiment:553 - DEBUG - number of moments preoptimization: 55
2021-09-14 07:22:39,125 - fhvqe.experiment:554 - DEBUG - depth preoptimization: 55
2021-09-14 07:22:39,196 - fhvqe.experiment:595 - DEBUG - number of moments post-optimization and calibration: 41
2021-09-14 07:22:39,202 - fhvqe.experiment:596 - DEBUG - depth post-optimization and calibration: 41
2021-09-14 07:22:39,215 - fhvqe.experiment:553 - DEBUG - number of moments preoptimization: 49
2021-09-14 07:22:39,223 - fhvqe.experiment:554 - DEBUG - depth preoptimization: 49
2021-09-14 07:22:39,288 - fhvqe.experiment:595 - DEBUG - number of moments post-optimization and calibration: 37
2021-09-14 07:22:39,293 - fhvqe.experiment:596 - DEBUG - depth post-optimization and calibration: 37
2021-09-14 07:22:39,301 - fhvqe.experiment:662 - DEBUG - ansatz with params: [[ 0.      -3.18362 -6.2764 ]
 [ 0.      -3.8246  -5.84549]]
2021-09-14 07:22:39,321 - fhvqe.experiment:553 - DEBUG - number of moments preoptimization: 51
2021-09-14 07:22:39,329 - fhvqe.experiment:554 - DEBUG - depth preoptimization: 51
2021-09-14 07:22:39,399 - fhvqe.experiment:595 - DEBUG - number of moments post-optimization and calibration: 37
2021-09-14 07:22:39,407 - fhvqe.experiment:596 - DEBUG - depth post-optimization and calibration: 37
2021-09-14 07:22:39,419 - fhvqe.experiment:553 - DEBUG - number of moments preoptimization: 55
2021-09-14 07:22:39,428 - fhvqe.experiment:554 - DEBUG - depth preoptimization: 55
2021-09-14 07:22:39,498 - fhvqe.experiment:595 - DEBUG - number of moments post-optimization and calibration: 41
2021-09-14 07:22:39,505 - fhvqe.experiment:596 - DEBUG - depth post-optimization and calibration: 41
2021-09-14 07:22:39,518 - fhvqe.experiment:553 - DEBUG - number of moments preoptimization: 49
2021-09-14 07:22:39,526 - fhvqe.experiment:554 - DEBUG - depth preoptimization: 49
2021-09-14 07:22:39,590 - fhvqe.experiment:595 - DEBUG - number of moments post-optimization and calibration: 37
2021-09-14 07:22:39,595 - fhvqe.experiment:596 - DEBUG - depth post-optimization and calibration: 37
2021-09-14 07:22:39,603 - fhvqe.experiment:662 - DEBUG - ansatz with params: [[ 0.      -2.6901  -2.99716]
 [ 0.      -3.34154 -1.63886]]
2021-09-14 07:22:39,623 - fhvqe.experiment:553 - DEBUG - number of moments preoptimization: 51
2021-09-14 07:22:39,631 - fhvqe.experiment:554 - DEBUG - depth preoptimization: 51
2021-09-14 07:22:39,701 - fhvqe.experiment:595 - DEBUG - number of moments post-optimization and calibration: 37
2021-09-14 07:22:39,707 - fhvqe.experiment:596 - DEBUG - depth post-optimization and calibration: 37
2021-09-14 07:22:39,718 - fhvqe.experiment:553 - DEBUG - number of moments preoptimization: 55
2021-09-14 07:22:39,727 - fhvqe.experiment:554 - DEBUG - depth preoptimization: 55
2021-09-14 07:22:39,797 - fhvqe.experiment:595 - DEBUG - number of moments post-optimization and calibration: 41
2021-09-14 07:22:39,804 - fhvqe.experiment:596 - DEBUG - depth post-optimization and calibration: 41
2021-09-14 07:22:39,817 - fhvqe.experiment:553 - DEBUG - number of moments preoptimization: 49
2021-09-14 07:22:39,825 - fhvqe.experiment:554 - DEBUG - depth preoptimization: 49
2021-09-14 07:22:39,889 - fhvqe.experiment:595 - DEBUG - number of moments post-optimization and calibration: 37
2021-09-14 07:22:39,894 - fhvqe.experiment:596 - DEBUG - depth post-optimization and calibration: 37
2021-09-14 07:22:39,903 - fhvqe.experiment:662 - DEBUG - ansatz with params: [[ 0.       -0.841172 -0.857071]
 [ 0.       -2.83507  -0.132099]]
2021-09-14 07:22:39,922 - fhvqe.experiment:553 - DEBUG - number of moments preoptimization: 51
2021-09-14 07:22:39,930 - fhvqe.experiment:554 - DEBUG - depth preoptimization: 51
2021-09-14 07:22:40,000 - fhvqe.experiment:595 - DEBUG - number of moments post-optimization and calibration: 37
2021-09-14 07:22:40,006 - fhvqe.experiment:596 - DEBUG - depth post-optimization and calibration: 37
2021-09-14 07:22:40,016 - fhvqe.experiment:553 - DEBUG - number of moments preoptimization: 55
2021-09-14 07:22:40,026 - fhvqe.experiment:554 - DEBUG - depth preoptimization: 55
2021-09-14 07:22:40,096 - fhvqe.experiment:595 - DEBUG - number of moments post-optimization and calibration: 41
2021-09-14 07:22:40,103 - fhvqe.experiment:596 - DEBUG - depth post-optimization and calibration: 41
2021-09-14 07:22:40,115 - fhvqe.experiment:553 - DEBUG - number of moments preoptimization: 49
2021-09-14 07:22:40,124 - fhvqe.experiment:554 - DEBUG - depth preoptimization: 49
2021-09-14 07:22:40,188 - fhvqe.experiment:595 - DEBUG - number of moments post-optimization and calibration: 37
2021-09-14 07:22:40,194 - fhvqe.experiment:596 - DEBUG - depth post-optimization and calibration: 37
2021-09-14 07:22:40,202 - fhvqe.experiment:662 - DEBUG - ansatz with params: [[ 0.       -0.919596 -3.58906 ]
 [ 0.       -2.34207  -4.81843 ]]
2021-09-14 07:22:40,221 - fhvqe.experiment:553 - DEBUG - number of moments preoptimization: 51
2021-09-14 07:22:40,229 - fhvqe.experiment:554 - DEBUG - depth preoptimization: 51
2021-09-14 07:22:40,300 - fhvqe.experiment:595 - DEBUG - number of moments post-optimization and calibration: 37
2021-09-14 07:22:40,306 - fhvqe.experiment:596 - DEBUG - depth post-optimization and calibration: 37
2021-09-14 07:22:40,317 - fhvqe.experiment:553 - DEBUG - number of moments preoptimization: 55
2021-09-14 07:22:40,326 - fhvqe.experiment:554 - DEBUG - depth preoptimization: 55
2021-09-14 07:22:40,396 - fhvqe.experiment:595 - DEBUG - number of moments post-optimization and calibration: 41
2021-09-14 07:22:40,403 - fhvqe.experiment:596 - DEBUG - depth post-optimization and calibration: 41
2021-09-14 07:22:40,416 - fhvqe.experiment:553 - DEBUG - number of moments preoptimization: 49
2021-09-14 07:22:40,424 - fhvqe.experiment:554 - DEBUG - depth preoptimization: 49
2021-09-14 07:22:40,488 - fhvqe.experiment:595 - DEBUG - number of moments post-optimization and calibration: 37
2021-09-14 07:22:40,494 - fhvqe.experiment:596 - DEBUG - depth post-optimization and calibration: 37
2021-09-14 07:22:40,502 - fhvqe.experiment:662 - DEBUG - ansatz with params: [[ 0.       -2.02167  -0.711094]
 [ 0.       -2.87848  -1.92383 ]]
2021-09-14 07:22:40,522 - fhvqe.experiment:553 - DEBUG - number of moments preoptimization: 51
2021-09-14 07:22:40,530 - fhvqe.experiment:554 - DEBUG - depth preoptimization: 51
2021-09-14 07:22:40,600 - fhvqe.experiment:595 - DEBUG - number of moments post-optimization and calibration: 37
2021-09-14 07:22:40,606 - fhvqe.experiment:596 - DEBUG - depth post-optimization and calibration: 37
2021-09-14 07:22:40,617 - fhvqe.experiment:553 - DEBUG - number of moments preoptimization: 55
2021-09-14 07:22:40,627 - fhvqe.experiment:554 - DEBUG - depth preoptimization: 55
2021-09-14 07:22:40,698 - fhvqe.experiment:595 - DEBUG - number of moments post-optimization and calibration: 41
2021-09-14 07:22:40,704 - fhvqe.experiment:596 - DEBUG - depth post-optimization and calibration: 41
2021-09-14 07:22:40,717 - fhvqe.experiment:553 - DEBUG - number of moments preoptimization: 49
2021-09-14 07:22:40,725 - fhvqe.experiment:554 - DEBUG - depth preoptimization: 49
2021-09-14 07:22:40,790 - fhvqe.experiment:595 - DEBUG - number of moments post-optimization and calibration: 37
2021-09-14 07:22:40,796 - fhvqe.experiment:596 - DEBUG - depth post-optimization and calibration: 37
2021-09-14 07:22:40,804 - fhvqe.experiment:662 - DEBUG - ansatz with params: [[ 0.      -3.07888 -1.31344]
 [ 0.      -4.01245 -3.64854]]
2021-09-14 07:22:40,823 - fhvqe.experiment:553 - DEBUG - number of moments preoptimization: 51
2021-09-14 07:22:40,832 - fhvqe.experiment:554 - DEBUG - depth preoptimization: 51
2021-09-14 07:22:40,902 - fhvqe.experiment:595 - DEBUG - number of moments post-optimization and calibration: 37
2021-09-14 07:22:40,908 - fhvqe.experiment:596 - DEBUG - depth post-optimization and calibration: 37
2021-09-14 07:22:40,919 - fhvqe.experiment:553 - DEBUG - number of moments preoptimization: 55
2021-09-14 07:22:40,928 - fhvqe.experiment:554 - DEBUG - depth preoptimization: 55
2021-09-14 07:22:40,998 - fhvqe.experiment:595 - DEBUG - number of moments post-optimization and calibration: 41
2021-09-14 07:22:41,005 - fhvqe.experiment:596 - DEBUG - depth post-optimization and calibration: 41
2021-09-14 07:22:41,018 - fhvqe.experiment:553 - DEBUG - number of moments preoptimization: 49
2021-09-14 07:22:41,026 - fhvqe.experiment:554 - DEBUG - depth preoptimization: 49
2021-09-14 07:22:41,089 - fhvqe.experiment:595 - DEBUG - number of moments post-optimization and calibration: 37
2021-09-14 07:22:41,095 - fhvqe.experiment:596 - DEBUG - depth post-optimization and calibration: 37
2021-09-14 07:22:41,103 - fhvqe.experiment:662 - DEBUG - ansatz with params: [[ 0.      -5.49346 -5.73656]
 [ 0.      -1.32223 -3.05705]]
2021-09-14 07:22:41,122 - fhvqe.experiment:553 - DEBUG - number of moments preoptimization: 51
2021-09-14 07:22:41,131 - fhvqe.experiment:554 - DEBUG - depth preoptimization: 51
2021-09-14 07:22:41,202 - fhvqe.experiment:595 - DEBUG - number of moments post-optimization and calibration: 37
2021-09-14 07:22:41,208 - fhvqe.experiment:596 - DEBUG - depth post-optimization and calibration: 37
2021-09-14 07:22:41,219 - fhvqe.experiment:553 - DEBUG - number of moments preoptimization: 55
2021-09-14 07:22:41,228 - fhvqe.experiment:554 - DEBUG - depth preoptimization: 55
2021-09-14 07:22:41,299 - fhvqe.experiment:595 - DEBUG - number of moments post-optimization and calibration: 41
2021-09-14 07:22:41,305 - fhvqe.experiment:596 - DEBUG - depth post-optimization and calibration: 41
2021-09-14 07:22:41,322 - fhvqe.experiment:553 - DEBUG - number of moments preoptimization: 49
2021-09-14 07:22:41,330 - fhvqe.experiment:554 - DEBUG - depth preoptimization: 49
2021-09-14 07:22:41,399 - fhvqe.experiment:595 - DEBUG - number of moments post-optimization and calibration: 37
2021-09-14 07:22:41,404 - fhvqe.experiment:596 - DEBUG - depth post-optimization and calibration: 37
2021-09-14 07:22:41,414 - fhvqe.experiment:662 - DEBUG - ansatz with params: [[ 0.       -5.44561  -1.68616 ]
 [ 0.       -5.99541  -0.440987]]
2021-09-14 07:22:41,432 - fhvqe.experiment:553 - DEBUG - number of moments preoptimization: 51
2021-09-14 07:22:41,441 - fhvqe.experiment:554 - DEBUG - depth preoptimization: 51
2021-09-14 07:22:41,511 - fhvqe.experiment:595 - DEBUG - number of moments post-optimization and calibration: 37
2021-09-14 07:22:41,517 - fhvqe.experiment:596 - DEBUG - depth post-optimization and calibration: 37
2021-09-14 07:22:41,527 - fhvqe.experiment:553 - DEBUG - number of moments preoptimization: 55
2021-09-14 07:22:41,536 - fhvqe.experiment:554 - DEBUG - depth preoptimization: 55
2021-09-14 07:22:41,608 - fhvqe.experiment:595 - DEBUG - number of moments post-optimization and calibration: 41
2021-09-14 07:22:41,615 - fhvqe.experiment:596 - DEBUG - depth post-optimization and calibration: 41
2021-09-14 07:22:41,627 - fhvqe.experiment:553 - DEBUG - number of moments preoptimization: 49
2021-09-14 07:22:41,636 - fhvqe.experiment:554 - DEBUG - depth preoptimization: 49
2021-09-14 07:22:41,712 - fhvqe.experiment:595 - DEBUG - number of moments post-optimization and calibration: 37
2021-09-14 07:22:41,728 - fhvqe.experiment:596 - DEBUG - depth post-optimization and calibration: 37
2021-09-14 07:22:41,746 - fhvqe.experiment:662 - DEBUG - ansatz with params: [[ 0.      -5.75192 -6.00118]
 [ 0.      -4.30115 -3.98124]]
2021-09-14 07:22:41,850 - fhvqe.experiment:553 - DEBUG - number of moments preoptimization: 51
2021-09-14 07:22:41,860 - fhvqe.experiment:554 - DEBUG - depth preoptimization: 51
2021-09-14 07:22:41,938 - fhvqe.experiment:595 - DEBUG - number of moments post-optimization and calibration: 37
2021-09-14 07:22:41,943 - fhvqe.experiment:596 - DEBUG - depth post-optimization and calibration: 37
2021-09-14 07:22:41,954 - fhvqe.experiment:553 - DEBUG - number of moments preoptimization: 55
2021-09-14 07:22:41,964 - fhvqe.experiment:554 - DEBUG - depth preoptimization: 55
2021-09-14 07:22:42,037 - fhvqe.experiment:595 - DEBUG - number of moments post-optimization and calibration: 41
2021-09-14 07:22:42,044 - fhvqe.experiment:596 - DEBUG - depth post-optimization and calibration: 41
2021-09-14 07:22:42,057 - fhvqe.experiment:553 - DEBUG - number of moments preoptimization: 49
2021-09-14 07:22:42,066 - fhvqe.experiment:554 - DEBUG - depth preoptimization: 49
2021-09-14 07:22:42,134 - fhvqe.experiment:595 - DEBUG - number of moments post-optimization and calibration: 37
2021-09-14 07:22:42,140 - fhvqe.experiment:596 - DEBUG - depth post-optimization and calibration: 37
2021-09-14 07:22:42,148 - fhvqe.experiment:662 - DEBUG - ansatz with params: [[ 0.       -3.7131   -0.592184]
 [ 0.       -4.51095  -4.07368 ]]
2021-09-14 07:22:42,168 - fhvqe.experiment:553 - DEBUG - number of moments preoptimization: 51
2021-09-14 07:22:42,177 - fhvqe.experiment:554 - DEBUG - depth preoptimization: 51
2021-09-14 07:22:42,251 - fhvqe.experiment:595 - DEBUG - number of moments post-optimization and calibration: 37
2021-09-14 07:22:42,257 - fhvqe.experiment:596 - DEBUG - depth post-optimization and calibration: 37
2021-09-14 07:22:42,268 - fhvqe.experiment:553 - DEBUG - number of moments preoptimization: 55
2021-09-14 07:22:42,277 - fhvqe.experiment:554 - DEBUG - depth preoptimization: 55
2021-09-14 07:22:42,353 - fhvqe.experiment:595 - DEBUG - number of moments post-optimization and calibration: 41
2021-09-14 07:22:42,360 - fhvqe.experiment:596 - DEBUG - depth post-optimization and calibration: 41
2021-09-14 07:22:42,373 - fhvqe.experiment:553 - DEBUG - number of moments preoptimization: 49
2021-09-14 07:22:42,382 - fhvqe.experiment:554 - DEBUG - depth preoptimization: 49
2021-09-14 07:22:42,449 - fhvqe.experiment:595 - DEBUG - number of moments post-optimization and calibration: 37
2021-09-14 07:22:42,455 - fhvqe.experiment:596 - DEBUG - depth post-optimization and calibration: 37
2021-09-14 07:22:42,463 - fhvqe.experiment:662 - DEBUG - ansatz with params: [[ 0.       -2.7152   -1.86577 ]
 [ 0.       -0.588014 -2.06039 ]]
2021-09-14 07:22:42,483 - fhvqe.experiment:553 - DEBUG - number of moments preoptimization: 51
2021-09-14 07:22:42,492 - fhvqe.experiment:554 - DEBUG - depth preoptimization: 51
2021-09-14 07:22:42,567 - fhvqe.experiment:595 - DEBUG - number of moments post-optimization and calibration: 37
2021-09-14 07:22:42,573 - fhvqe.experiment:596 - DEBUG - depth post-optimization and calibration: 37
2021-09-14 07:22:42,584 - fhvqe.experiment:553 - DEBUG - number of moments preoptimization: 55
2021-09-14 07:22:42,593 - fhvqe.experiment:554 - DEBUG - depth preoptimization: 55
2021-09-14 07:22:42,667 - fhvqe.experiment:595 - DEBUG - number of moments post-optimization and calibration: 41
2021-09-14 07:22:42,674 - fhvqe.experiment:596 - DEBUG - depth post-optimization and calibration: 41
2021-09-14 07:22:42,687 - fhvqe.experiment:553 - DEBUG - number of moments preoptimization: 49
2021-09-14 07:22:42,696 - fhvqe.experiment:554 - DEBUG - depth preoptimization: 49
2021-09-14 07:22:42,764 - fhvqe.experiment:595 - DEBUG - number of moments post-optimization and calibration: 37
2021-09-14 07:22:42,770 - fhvqe.experiment:596 - DEBUG - depth post-optimization and calibration: 37
2021-09-14 07:22:42,778 - fhvqe.experiment:662 - DEBUG - ansatz with params: [[ 0.       -2.57569  -4.7256  ]
 [ 0.       -3.85901  -0.371302]]
2021-09-14 07:22:42,797 - fhvqe.experiment:553 - DEBUG - number of moments preoptimization: 51
2021-09-14 07:22:42,807 - fhvqe.experiment:554 - DEBUG - depth preoptimization: 51
2021-09-14 07:22:42,881 - fhvqe.experiment:595 - DEBUG - number of moments post-optimization and calibration: 37
2021-09-14 07:22:42,886 - fhvqe.experiment:596 - DEBUG - depth post-optimization and calibration: 37
2021-09-14 07:22:42,897 - fhvqe.experiment:553 - DEBUG - number of moments preoptimization: 55
2021-09-14 07:22:42,907 - fhvqe.experiment:554 - DEBUG - depth preoptimization: 55
2021-09-14 07:22:42,982 - fhvqe.experiment:595 - DEBUG - number of moments post-optimization and calibration: 41
2021-09-14 07:22:42,989 - fhvqe.experiment:596 - DEBUG - depth post-optimization and calibration: 41
2021-09-14 07:22:43,002 - fhvqe.experiment:553 - DEBUG - number of moments preoptimization: 49
2021-09-14 07:22:43,010 - fhvqe.experiment:554 - DEBUG - depth preoptimization: 49
2021-09-14 07:22:43,077 - fhvqe.experiment:595 - DEBUG - number of moments post-optimization and calibration: 37
2021-09-14 07:22:43,084 - fhvqe.experiment:596 - DEBUG - depth post-optimization and calibration: 37
2021-09-14 07:22:43,092 - fhvqe.experiment:662 - DEBUG - ansatz with params: [[ 0.       -4.65032  -0.953688]
 [ 0.       -4.94274  -3.13591 ]]
2021-09-14 07:22:43,111 - fhvqe.experiment:553 - DEBUG - number of moments preoptimization: 51
2021-09-14 07:22:43,120 - fhvqe.experiment:554 - DEBUG - depth preoptimization: 51
2021-09-14 07:22:43,195 - fhvqe.experiment:595 - DEBUG - number of moments post-optimization and calibration: 37
2021-09-14 07:22:43,204 - fhvqe.experiment:596 - DEBUG - depth post-optimization and calibration: 37
2021-09-14 07:22:43,215 - fhvqe.experiment:553 - DEBUG - number of moments preoptimization: 55
2021-09-14 07:22:43,225 - fhvqe.experiment:554 - DEBUG - depth preoptimization: 55
2021-09-14 07:22:43,300 - fhvqe.experiment:595 - DEBUG - number of moments post-optimization and calibration: 41
2021-09-14 07:22:43,309 - fhvqe.experiment:596 - DEBUG - depth post-optimization and calibration: 41
2021-09-14 07:22:43,322 - fhvqe.experiment:553 - DEBUG - number of moments preoptimization: 49
2021-09-14 07:22:43,331 - fhvqe.experiment:554 - DEBUG - depth preoptimization: 49
2021-09-14 07:22:43,409 - fhvqe.experiment:595 - DEBUG - number of moments post-optimization and calibration: 37
2021-09-14 07:22:43,415 - fhvqe.experiment:596 - DEBUG - depth post-optimization and calibration: 37
2021-09-14 07:22:43,424 - fhvqe.experiment:662 - DEBUG - ansatz with params: [[ 0.       -0.299448 -3.22459 ]
 [ 0.       -4.5425   -2.32293 ]]
2021-09-14 07:22:43,445 - fhvqe.experiment:553 - DEBUG - number of moments preoptimization: 51
2021-09-14 07:22:43,454 - fhvqe.experiment:554 - DEBUG - depth preoptimization: 51
2021-09-14 07:22:43,532 - fhvqe.experiment:595 - DEBUG - number of moments post-optimization and calibration: 37
2021-09-14 07:22:43,539 - fhvqe.experiment:596 - DEBUG - depth post-optimization and calibration: 37
2021-09-14 07:22:43,550 - fhvqe.experiment:553 - DEBUG - number of moments preoptimization: 55
2021-09-14 07:22:43,559 - fhvqe.experiment:554 - DEBUG - depth preoptimization: 55
2021-09-14 07:22:43,635 - fhvqe.experiment:595 - DEBUG - number of moments post-optimization and calibration: 41
2021-09-14 07:22:43,642 - fhvqe.experiment:596 - DEBUG - depth post-optimization and calibration: 41
2021-09-14 07:22:43,655 - fhvqe.experiment:553 - DEBUG - number of moments preoptimization: 49
2021-09-14 07:22:43,663 - fhvqe.experiment:554 - DEBUG - depth preoptimization: 49
2021-09-14 07:22:43,732 - fhvqe.experiment:595 - DEBUG - number of moments post-optimization and calibration: 37
2021-09-14 07:22:43,739 - fhvqe.experiment:596 - DEBUG - depth post-optimization and calibration: 37
2021-09-14 07:22:43,748 - fhvqe.experiment:662 - DEBUG - ansatz with params: [[ 0.      -5.54704 -4.13572]
 [ 0.      -4.5425  -2.32293]]
2021-09-14 07:22:43,769 - fhvqe.experiment:553 - DEBUG - number of moments preoptimization: 51
2021-09-14 07:22:43,777 - fhvqe.experiment:554 - DEBUG - depth preoptimization: 51
2021-09-14 07:22:43,855 - fhvqe.experiment:595 - DEBUG - number of moments post-optimization and calibration: 37
2021-09-14 07:22:43,860 - fhvqe.experiment:596 - DEBUG - depth post-optimization and calibration: 37
2021-09-14 07:22:43,872 - fhvqe.experiment:553 - DEBUG - number of moments preoptimization: 55
2021-09-14 07:22:43,881 - fhvqe.experiment:554 - DEBUG - depth preoptimization: 55
2021-09-14 07:22:43,984 - fhvqe.experiment:595 - DEBUG - number of moments post-optimization and calibration: 41
2021-09-14 07:22:43,991 - fhvqe.experiment:596 - DEBUG - depth post-optimization and calibration: 41
2021-09-14 07:22:44,008 - fhvqe.experiment:553 - DEBUG - number of moments preoptimization: 49
2021-09-14 07:22:44,017 - fhvqe.experiment:554 - DEBUG - depth preoptimization: 49
2021-09-14 07:22:44,104 - fhvqe.experiment:595 - DEBUG - number of moments post-optimization and calibration: 37
2021-09-14 07:22:44,111 - fhvqe.experiment:596 - DEBUG - depth post-optimization and calibration: 37
2021-09-14 07:22:44,121 - fhvqe.experiment:662 - DEBUG - ansatz with params: [[ 0.       -4.016    -5.5268  ]
 [ 0.       -4.80713  -0.271348]]
2021-09-14 07:22:44,145 - fhvqe.experiment:553 - DEBUG - number of moments preoptimization: 51
2021-09-14 07:22:44,155 - fhvqe.experiment:554 - DEBUG - depth preoptimization: 51
2021-09-14 07:22:44,254 - fhvqe.experiment:595 - DEBUG - number of moments post-optimization and calibration: 37
2021-09-14 07:22:44,260 - fhvqe.experiment:596 - DEBUG - depth post-optimization and calibration: 37
2021-09-14 07:22:44,274 - fhvqe.experiment:553 - DEBUG - number of moments preoptimization: 55
2021-09-14 07:22:44,285 - fhvqe.experiment:554 - DEBUG - depth preoptimization: 55
2021-09-14 07:22:44,382 - fhvqe.experiment:595 - DEBUG - number of moments post-optimization and calibration: 41
2021-09-14 07:22:44,391 - fhvqe.experiment:596 - DEBUG - depth post-optimization and calibration: 41
2021-09-14 07:22:44,407 - fhvqe.experiment:553 - DEBUG - number of moments preoptimization: 49
2021-09-14 07:22:44,416 - fhvqe.experiment:554 - DEBUG - depth preoptimization: 49
2021-09-14 07:22:44,506 - fhvqe.experiment:595 - DEBUG - number of moments post-optimization and calibration: 37
2021-09-14 07:22:44,513 - fhvqe.experiment:596 - DEBUG - depth post-optimization and calibration: 37
2021-09-14 07:22:44,524 - fhvqe.experiment:662 - DEBUG - ansatz with params: [[ 0.    -0.433 -0.576]
 [ 0.    -0.535 -0.468]]
2021-09-14 07:22:44,548 - fhvqe.experiment:553 - DEBUG - number of moments preoptimization: 51
2021-09-14 07:22:44,559 - fhvqe.experiment:554 - DEBUG - depth preoptimization: 51
2021-09-14 07:22:44,646 - fhvqe.experiment:595 - DEBUG - number of moments post-optimization and calibration: 37
2021-09-14 07:22:44,652 - fhvqe.experiment:596 - DEBUG - depth post-optimization and calibration: 37
2021-09-14 07:22:44,663 - fhvqe.experiment:553 - DEBUG - number of moments preoptimization: 55
2021-09-14 07:22:44,673 - fhvqe.experiment:554 - DEBUG - depth preoptimization: 55
2021-09-14 07:22:44,755 - fhvqe.experiment:595 - DEBUG - number of moments post-optimization and calibration: 41
2021-09-14 07:22:44,762 - fhvqe.experiment:596 - DEBUG - depth post-optimization and calibration: 41
2021-09-14 07:22:44,776 - fhvqe.experiment:553 - DEBUG - number of moments preoptimization: 49
2021-09-14 07:22:44,784 - fhvqe.experiment:554 - DEBUG - depth preoptimization: 49
2021-09-14 07:22:44,849 - fhvqe.experiment:595 - DEBUG - number of moments post-optimization and calibration: 37
2021-09-14 07:22:44,854 - fhvqe.experiment:596 - DEBUG - depth post-optimization and calibration: 37
2021-09-14 07:22:44,863 - fhvqe.experiment:662 - DEBUG - ansatz with params: [[-0.511 -0.433 -0.576]
 [-0.487 -0.535 -0.468]]
2021-09-14 07:22:44,882 - fhvqe.experiment:553 - DEBUG - number of moments preoptimization: 51
2021-09-14 07:22:44,890 - fhvqe.experiment:554 - DEBUG - depth preoptimization: 51
2021-09-14 07:22:44,960 - fhvqe.experiment:595 - DEBUG - number of moments post-optimization and calibration: 37
2021-09-14 07:22:44,966 - fhvqe.experiment:596 - DEBUG - depth post-optimization and calibration: 37
2021-09-14 07:22:44,977 - fhvqe.experiment:553 - DEBUG - number of moments preoptimization: 55
2021-09-14 07:22:44,986 - fhvqe.experiment:554 - DEBUG - depth preoptimization: 55
2021-09-14 07:22:45,057 - fhvqe.experiment:595 - DEBUG - number of moments post-optimization and calibration: 41
2021-09-14 07:22:45,063 - fhvqe.experiment:596 - DEBUG - depth post-optimization and calibration: 41
2021-09-14 07:22:45,076 - fhvqe.experiment:553 - DEBUG - number of moments preoptimization: 49
2021-09-14 07:22:45,084 - fhvqe.experiment:554 - DEBUG - depth preoptimization: 49
2021-09-14 07:22:45,148 - fhvqe.experiment:595 - DEBUG - number of moments post-optimization and calibration: 37
2021-09-14 07:22:45,154 - fhvqe.experiment:596 - DEBUG - depth post-optimization and calibration: 37
