{'theta': True, 'zeta': True, 'chi': False, 'gamma': True, 'phi': True, 'time': None}
{'theta': False, 'zeta': False, 'chi': False, 'gamma': False, 'phi': False, 'time': None}
                  (3, 2)
                  │
                  │
         (4, 1)───(4, 2)───(4, 3)
         │        │        │
         │        │        │
(5, 0)───(5, 1)───(5, 2)───(5, 3)───(5, 4)
         │        │        │        │
         │        │        │        │
         (6, 1)───(6, 2)───(6, 3)───(6, 4)───(6, 5)
                  │        │        │        │
                  │        │        │        │
                  (7, 2)───(7, 3)───(7, 4)───(7, 5)───(7, 6)
                           │        │        │
                           │        │        │
                           (8, 3)───(8, 4)───(8, 5)
                                    │
                                    │
                                    (9, 4)
Qubits: 4 2 5 3
Using qubits [cirq.GridQubit(5, 3), cirq.GridQubit(6, 3), cirq.GridQubit(7, 3), cirq.GridQubit(8, 3), cirq.GridQubit(5, 4), cirq.GridQubit(6, 4), cirq.GridQubit(7, 4), cirq.GridQubit(8, 4)]
Using qubits, JW:[cirq.GridQubit(5, 3), cirq.GridQubit(6, 3), cirq.GridQubit(7, 3), cirq.GridQubit(8, 3), cirq.GridQubit(5, 4), cirq.GridQubit(6, 4), cirq.GridQubit(7, 4), cirq.GridQubit(8, 4)]
                  (3, 2)
                  │
                  │
         (4, 1)───(4, 2)───(4, 3)
         │        │        │
         │        │        │
(5, 0)───(5, 1)───(5, 2)───[31m(5, 3)[0m───[35m(5, 4)[0m
         │        │        │        │
         │        │        │        │
         (6, 1)───(6, 2)───[31m(6, 3)[0m───[35m(6, 4)[0m───(6, 5)
                  │        │        │        │
                  │        │        │        │
                  (7, 2)───[31m(7, 3)[0m───[35m(7, 4)[0m───(7, 5)───(7, 6)
                           │        │        │
                           │        │        │
                           [31m(8, 3)[0m───[35m(8, 4)[0m───(8, 5)
                                    │
                                    │
                                    (9, 4)
None
Meas types ['onsite0', 'horiz0', 'horiz1']
Prepped onsite, pairs=[(0, 4), (1, 5), (2, 6), (3, 7)]
Prepped horiz, pairs=[(0, 1), (2, 3), (4, 5), (6, 7)]
Prepped horiz, pairs=[(1, 2), (5, 6)]
Set recompilation to False
Got pairs set [(0, 1), (1, 2), (2, 6), (6, 7), (4, 5), (5, 6), (1, 5), (2, 3), (0, 4), (3, 7)]
---Starting to do calibration: delta 3.6765614529999997
---Starting to set up measurements: delta 0.20246415799999973
---Starting to run VQE: delta 0.3504760529999995
No optimisation, save file is experiments/4x1_single_d2-0914-072150/4x1/processed/processed.json
Given params: [[[[[0.511, 0.433, 0.576], [0.487, 0.535, 0.468]]], [[[-0.511, -0.433, -0.576], [-0.487, -0.535, -0.468]]], [[[0, 0.433, 0.576], [0, 0.535, 0.468]]], [[[0, -0.433, -0.576], [0, -0.535, -0.468]]]]]
---Preparing executables
---Running executables, 12 in batch, delta=1.2375644940000008
---Extracting values delta=1.8251620280000012
---Extracted values delta=36.373262879
===10.602503085582958 10.577613915228241 10.594035020070615 10.567563561180348 1631600553.835478
Computed energies [10.5900585004056], params [[[[0.511, 0.433, 0.576], [0.487, 0.535, 0.468]]], [[[-0.511, -0.433, -0.576], [-0.487, -0.535, -0.468]]], [[[0, 0.433, 0.576], [0, 0.535, 0.468]]], [[[0, -0.433, -0.576], [0, -0.535, -0.468]]]]
***10.5900585004056 1631600553.836791
---VQE complete: delta 39.43902631899999
---Starting TFLO
Using saved points
Using params [[[0, 3.18362, 6.2764], [0, 3.8246, 5.84549]], [[0, 2.6901, 2.99716], [0, 3.34154, 1.63886]], [[0, 0.841172, 0.857071], [0, 2.83507, 0.132099]], [[0, 0.919596, 3.58906], [0, 2.34207, 4.81843]], [[0, 2.02167, 0.711094], [0, 2.87848, 1.92383]], [[0, 3.07888, 1.31344], [0, 4.01245, 3.64854]], [[0, 5.49346, 5.73656], [0, 1.32223, 3.05705]], [[0, 5.44561, 1.68616], [0, 5.99541, 0.440987]], [[0, 5.75192, 6.00118], [0, 4.30115, 3.98124]], [[0, 3.7131, 0.592184], [0, 4.51095, 4.07368]], [[0, 2.7152, 1.86577], [0, 0.588014, 2.06039]], [[0, 2.57569, 4.7256], [0, 3.85901, 0.371302]], [[0, 4.65032, 0.953688], [0, 4.94274, 3.13591]], [[0, 0.299448, 3.22459], [0, 4.5425, 2.32293]], [[0, 5.54704, 4.13572], [0, 4.5425, 2.32293]], [[0, 4.016, 5.5268], [0, 4.80713, 0.271348]], [[0, 0.433, 0.576], [0, 0.535, 0.468]], [[0.511, 0.433, 0.576], [0.487, 0.535, 0.468]], [[0, -3.18362, -6.2764], [0, -3.8246, -5.84549]], [[0, -2.6901, -2.99716], [0, -3.34154, -1.63886]], [[0, -0.841172, -0.857071], [0, -2.83507, -0.132099]], [[0, -0.919596, -3.58906], [0, -2.34207, -4.81843]], [[0, -2.02167, -0.711094], [0, -2.87848, -1.92383]], [[0, -3.07888, -1.31344], [0, -4.01245, -3.64854]], [[0, -5.49346, -5.73656], [0, -1.32223, -3.05705]], [[0, -5.44561, -1.68616], [0, -5.99541, -0.440987]], [[0, -5.75192, -6.00118], [0, -4.30115, -3.98124]], [[0, -3.7131, -0.592184], [0, -4.51095, -4.07368]], [[0, -2.7152, -1.86577], [0, -0.588014, -2.06039]], [[0, -2.57569, -4.7256], [0, -3.85901, -0.371302]], [[0, -4.65032, -0.953688], [0, -4.94274, -3.13591]], [[0, -0.299448, -3.22459], [0, -4.5425, -2.32293]], [[0, -5.54704, -4.13572], [0, -4.5425, -2.32293]], [[0, -4.016, -5.5268], [0, -4.80713, -0.271348]], [[0, -0.433, -0.576], [0, -0.535, -0.468]], [[-0.511, -0.433, -0.576], [-0.487, -0.535, -0.468]]]
---Preparing executables
---Running executables, 108 in batch, delta=11.319196187000003
---Extracting values delta=6.404493257999995
---Extracted values delta=67.47410448300002
---Time for noisy calculation: 85.20652466499999
***TFLON: 10.526705730671367,10.672321196155387,10.845773767261774,11.010487613656837,11.044120479814856,10.993528697947202,11.282802453717611,10.905701278354393,11.900894353681142,11.59990740232122,11.597326094062117,11.931378003311648,11.910778439317625,11.979714482208472,12.442039821744302,12.533688027340883,10.590276450267812,10.600874818945911,10.498155413532496,10.627518148341823,10.82998175337957,10.812662155005045,11.121023745197009,11.301514799856662,11.23068573426999,11.877109734485188,11.372300908042785,11.78684675691975,11.932673582037268,11.876989384326654,12.194979615187206,12.42604422796953,12.116776518228864,12.103413517389352,10.556171222829711,10.555091088792238 1631600639.0514581
Noisy energies by type: {'onsite0': array([12., 12., 12., 12., 12., 12., 12., 12., 12., 12., 12., 12., 12.,
       12., 12., 12., 12., 12., 12., 12., 12., 12., 12., 12., 12., 12.,
       12., 12., 12., 12., 12., 12., 12., 12., 12., 12.]), 'horiz0': array([-0.88933574, -0.77781022, -0.85592115, -0.35625654, -0.42233594,
       -0.58769671, -0.1551991 , -0.55474155,  0.18262129, -0.12917847,
       -0.02287226,  0.26938355,  0.04940034,  0.02827164,  0.50274487,
        0.89564203, -0.85449886, -0.85214348, -0.85563751, -0.84613113,
       -0.8535227 , -0.54691652, -0.3779504 , -0.34122402, -0.46399671,
        0.36685019, -0.09272977,  0.01082621,  0.45151658,  0.21821577,
        0.21743037,  0.46036949,  0.39260538,  0.62206608, -0.728     ,
       -0.71849382]), 'horiz1': array([-0.58395853, -0.54986858, -0.29830508, -0.63325585, -0.53354358,
       -0.41877459, -0.56199845, -0.53955717, -0.28172694, -0.27091413,
       -0.37980165, -0.33800555, -0.1386219 , -0.04855716, -0.06070505,
       -0.36195401, -0.55522469, -0.5469817 , -0.64620707, -0.52635072,
       -0.31649555, -0.64042133, -0.50102585, -0.35726118, -0.30531756,
       -0.48974045, -0.53496933, -0.22397945, -0.518843  , -0.34122639,
       -0.02245075, -0.03432526, -0.27582886, -0.51865256, -0.71582878,
       -0.72641509])}
Using saved exact energies
Data collected can be found at experiments/4x1_single_d2-0914-072150/4x1
