{'theta': True, 'zeta': True, 'chi': False, 'gamma': True, 'phi': True, 'time': None}
{'theta': False, 'zeta': False, 'chi': False, 'gamma': False, 'phi': False, 'time': None}
                  (3, 2)
                  │
                  │
         (4, 1)───(4, 2)───(4, 3)
         │        │        │
         │        │        │
(5, 0)───(5, 1)───(5, 2)───(5, 3)───(5, 4)
         │        │        │        │
         │        │        │        │
         (6, 1)───(6, 2)───(6, 3)───(6, 4)───(6, 5)
                  │        │        │        │
                  │        │        │        │
                  (7, 2)───(7, 3)───(7, 4)───(7, 5)───(7, 6)
                           │        │        │
                           │        │        │
                           (8, 3)───(8, 4)───(8, 5)
                                    │
                                    │
                                    (9, 4)
Start at: (3, 2), with dr
Using qubits [cirq.GridQubit(3, 2), cirq.GridQubit(4, 2), cirq.GridQubit(4, 3), cirq.GridQubit(5, 3), cirq.GridQubit(5, 4), cirq.GridQubit(6, 4), cirq.GridQubit(6, 5), cirq.GridQubit(7, 5), cirq.GridQubit(4, 1), cirq.GridQubit(5, 1), cirq.GridQubit(5, 2), cirq.GridQubit(6, 2), cirq.GridQubit(6, 3), cirq.GridQubit(7, 3), cirq.GridQubit(7, 4), cirq.GridQubit(8, 4)]
Using qubits, JW:[cirq.GridQubit(3, 2), cirq.GridQubit(4, 2), cirq.GridQubit(4, 3), cirq.GridQubit(5, 3), cirq.GridQubit(5, 4), cirq.GridQubit(6, 4), cirq.GridQubit(6, 5), cirq.GridQubit(7, 5), cirq.GridQubit(4, 1), cirq.GridQubit(5, 1), cirq.GridQubit(5, 2), cirq.GridQubit(6, 2), cirq.GridQubit(6, 3), cirq.GridQubit(7, 3), cirq.GridQubit(7, 4), cirq.GridQubit(8, 4)]
                  [31m(3, 2)[0m
                  │
                  │
         [35m(4, 1)[0m───[31m(4, 2)[0m───[31m(4, 3)[0m
         │        │        │
         │        │        │
(5, 0)───[35m(5, 1)[0m───[35m(5, 2)[0m───[31m(5, 3)[0m───[31m(5, 4)[0m
         │        │        │        │
         │        │        │        │
         (6, 1)───[35m(6, 2)[0m───[35m(6, 3)[0m───[31m(6, 4)[0m───[31m(6, 5)[0m
                  │        │        │        │
                  │        │        │        │
                  (7, 2)───[35m(7, 3)[0m───[35m(7, 4)[0m───[31m(7, 5)[0m───(7, 6)
                           │        │        │
                           │        │        │
                           (8, 3)───[35m(8, 4)[0m───(8, 5)
                                    │
                                    │
                                    (9, 4)
None
Meas types ['onsite0', 'horiz0', 'vert02', 'vert12']
Prepped onsite, pairs=[(0, 8), (1, 9), (2, 10), (3, 11), (4, 12), (5, 13), (6, 14), (7, 15)]
Prepped horiz, pairs=[(0, 1), (2, 3), (4, 5), (6, 7), (8, 9), (10, 11), (12, 13), (14, 15)]
Prepped vert0, pairs=[(1, 2), (3, 4), (5, 6), (9, 10), (11, 12), (13, 14)]
Prepped vert1, pairs=[(1, 2), (3, 4), (5, 6), (9, 10), (11, 12), (13, 14)]
Set recompilation to False
Got pairs set [(10, 11), (5, 6), (3, 11), (5, 13), (8, 9), (4, 12), (6, 14), (1, 2), (6, 7), (7, 15), (12, 13), (4, 5), (2, 10), (9, 10), (2, 3), (1, 9), (14, 15), (0, 8), (11, 12), (0, 1), (13, 14), (3, 4)]
---Starting to do calibration: delta 3.395038832999999
---Starting to set up measurements: delta 0.8428316960000011
---Starting to run VQE: delta 2.200675682
No optimisation, save file is experiments/4x2_single_U_8_nocc_8_d_1-0919-232810/2x4/processed/processed.json
Given params: [[[[[1.057, 0.594, 0.49, 0.484]]], [[[-1.057, -0.594, -0.49, -0.484]]], [[[0, 0.594, 0.49, 0.484]]], [[[0, -0.594, -0.49, -0.484]]]]]
---Preparing executables
---Running executables, 16 in batch, delta=8.283171314
---Extracting values delta=2.842262981000001
---Extracted values delta=73.04365666
===7.693914595094283 6.182652869287619 9.296336541901637 10.535866637511248 1632090580.695911
Computed energies [6.938283732190951], params [[[[1.057, 0.594, 0.49, 0.484]]], [[[-1.057, -0.594, -0.49, -0.484]]], [[[0, 0.594, 0.49, 0.484]]], [[[0, -0.594, -0.49, -0.484]]]]
***6.938283732190951 1632090580.697823
---VQE complete: delta 84.176233241
---Starting TFLO
Using saved points
Using params [[[0, 1.5708, 0, 0]], [[0, 3.92699, 0, 1.5708]], [[0, 3.92699, 4.71239, 0.785398]], [[0, 2.35619, 0.785398, 3.14159]], [[0, 5.49779, 3.14159, 1.5708]], [[0, 0.785398, 0, 3.92699]], [[0, 0, 0, 4.71239]], [[0, 2.35619, 5.49779, 3.92699]], [[0, 1.5708, 4.71239, 3.14159]], [[0, 0.785398, 1.5708, 4.71239]], [[0, 0, 4.71239, 3.92699]], [[0, 2.35619, 1.5708, 5.49779]], [[0, 3.14159, 3.14159, 3.92699]], [[0, 0.785398, 2.35619, 4.71239]], [[0, 1.5708, 3.92699, 4.71239]], [[0, 3.14159, 3.92699, 5.49779]], [[0, 0.594, 0.49, 0.484]], [[1.057, 0.594, 0.49, 0.484]], [[0, -1.5708, 0, 0]], [[0, -3.92699, 0, -1.5708]], [[0, -3.92699, -4.71239, -0.785398]], [[0, -2.35619, -0.785398, -3.14159]], [[0, -5.49779, -3.14159, -1.5708]], [[0, -0.785398, 0, -3.92699]], [[0, 0, 0, -4.71239]], [[0, -2.35619, -5.49779, -3.92699]], [[0, -1.5708, -4.71239, -3.14159]], [[0, -0.785398, -1.5708, -4.71239]], [[0, 0, -4.71239, -3.92699]], [[0, -2.35619, -1.5708, -5.49779]], [[0, -3.14159, -3.14159, -3.92699]], [[0, -0.785398, -2.35619, -4.71239]], [[0, -1.5708, -3.92699, -4.71239]], [[0, -3.14159, -3.92699, -5.49779]], [[0, -0.594, -0.49, -0.484]], [[-1.057, -0.594, -0.49, -0.484]]]
---Preparing executables
---Running executables, 144 in batch, delta=75.288461019
---Extracting values delta=10.918560611999993
---Extracted values delta=157.39086191299998
---Time for noisy calculation: 243.626176446
***TFLON: 9.660230133700484,8.670036266405797,10.160334797478598,10.844874906745016,12.42873147643018,10.623308973865047,12.021363720124764,13.486121910917912,14.097420820631147,14.562311541899255,15.27011963036893,16.573477544156834,17.502320034803965,17.37383228702038,19.179773631021124,19.58169083219186,9.322618206842927,7.526569792783313,9.614626593030499,11.472395545991237,11.354997648678324,11.280410675995437,11.397354776483638,13.629729933107956,13.448540764444196,13.570582568008074,14.991016176349394,16.21423729238601,16.48725699441833,16.793751567985172,17.81825543449172,18.500626514918267,19.015953126381383,19.770711397359705,10.506922323158246,5.9606710555947 1632090827.1752582
Noisy energies by type: {'onsite0': array([15.98317914, 15.37093188, 16.12305099, 16.63121784, 16.89039071,
       15.59110742, 16.1707772 , 16.60479932, 16.09250535, 15.93264249,
       15.90373872, 16.62725576, 16.22357638, 15.6873407 , 16.36183395,
       16.32308014, 15.78852353, 11.33847472, 15.88770736, 16.79288026,
       16.55551004, 15.27399956, 15.62632006, 16.92631579, 16.34323432,
       15.49486301, 15.94125052, 16.62783974, 16.16967661, 15.99159487,
       16.20224719, 16.56023343, 16.1022632 , 16.35209479, 17.02098792,
       11.0305002 ]), 'horiz0': array([-2.95741935, -2.95745118, -2.8627451 , -2.66497929, -2.31525502,
       -2.94858118, -2.92544328, -2.22686305, -1.37091723, -0.54700855,
       -0.92479109, -0.21014979,  0.97006527,  1.34515312,  1.54812257,
        1.84598604, -2.92516037, -1.47613449, -2.98786517, -2.91538799,
       -2.90590526, -2.39211342, -2.19142919, -2.91100179, -3.02747134,
       -2.28731183, -1.35290223, -0.18461538, -0.90314136,  0.03675482,
        1.15113407,  1.62683252,  1.46296296,  1.76522507, -3.05108841,
       -2.51744938]), 'vert02': array([-1.89889315, -1.93488187, -1.68599133, -1.25106564, -1.12133979,
       -1.10245399, -0.59113505, -0.97053976, -1.10362258,  0.14237431,
       -0.59706191,  0.41116221, -0.16026851,  0.4666946 ,  0.15354331,
        0.33098733, -1.96689174, -1.31152513, -1.79343129, -1.11961625,
       -1.38324979, -0.51500306, -0.85762847, -0.24848729,  0.04617575,
        0.05180921, -0.15309377,  0.21731047,  0.25964116,  0.41351972,
        0.43141779,  0.60546875,  0.69683729,  0.83911869, -1.69669543,
       -1.21963563]), 'vert12': array([-1.46663651, -1.80856256, -1.41397976, -1.870298  , -1.02506442,
       -0.91676327, -0.63283516,  0.0787254 ,  0.47945527, -0.96569671,
        0.88823391, -0.25479063,  0.46894689, -0.12535613,  1.1162738 ,
        1.08163732, -1.57385321, -1.02424531, -1.49178431, -1.28548048,
       -0.91135734, -1.0864724 , -1.17990762, -0.13709677,  0.08660203,
        0.31122217,  0.55576165, -0.44629753,  0.96108059,  0.35188216,
        0.03345639, -0.29190818,  0.75388967,  0.81427285, -1.76628176,
       -1.33274414])}
Using saved exact energies
Data collected can be found at experiments/4x2_single_U_8_nocc_8_d_1-0919-232810/2x4
