{'theta': True, 'zeta': True, 'chi': False, 'gamma': True, 'phi': True, 'time': None}
{'theta': False, 'zeta': False, 'chi': False, 'gamma': False, 'phi': False, 'time': None}
                  (3, 2)
                  │
                  │
         (4, 1)───(4, 2)───(4, 3)
         │        │        │
         │        │        │
(5, 0)───(5, 1)───(5, 2)───(5, 3)───(5, 4)
         │        │        │        │
         │        │        │        │
         (6, 1)───(6, 2)───(6, 3)───(6, 4)───(6, 5)
                  │        │        │        │
                  │        │        │        │
                  (7, 2)───(7, 3)───(7, 4)───(7, 5)───(7, 6)
                           │        │        │
                           │        │        │
                           (8, 3)───(8, 4)───(8, 5)
                                    │
                                    │
                                    (9, 4)
Start at: (3, 2), with dr
Using qubits [cirq.GridQubit(3, 2), cirq.GridQubit(4, 2), cirq.GridQubit(4, 3), cirq.GridQubit(5, 3), cirq.GridQubit(5, 4), cirq.GridQubit(6, 4), cirq.GridQubit(6, 5), cirq.GridQubit(7, 5), cirq.GridQubit(4, 1), cirq.GridQubit(5, 1), cirq.GridQubit(5, 2), cirq.GridQubit(6, 2), cirq.GridQubit(6, 3), cirq.GridQubit(7, 3), cirq.GridQubit(7, 4), cirq.GridQubit(8, 4)]
Using qubits, JW:[cirq.GridQubit(3, 2), cirq.GridQubit(4, 2), cirq.GridQubit(4, 3), cirq.GridQubit(5, 3), cirq.GridQubit(5, 4), cirq.GridQubit(6, 4), cirq.GridQubit(6, 5), cirq.GridQubit(7, 5), cirq.GridQubit(4, 1), cirq.GridQubit(5, 1), cirq.GridQubit(5, 2), cirq.GridQubit(6, 2), cirq.GridQubit(6, 3), cirq.GridQubit(7, 3), cirq.GridQubit(7, 4), cirq.GridQubit(8, 4)]
                  [31m(3, 2)[0m
                  │
                  │
         [35m(4, 1)[0m───[31m(4, 2)[0m───[31m(4, 3)[0m
         │        │        │
         │        │        │
(5, 0)───[35m(5, 1)[0m───[35m(5, 2)[0m───[31m(5, 3)[0m───[31m(5, 4)[0m
         │        │        │        │
         │        │        │        │
         (6, 1)───[35m(6, 2)[0m───[35m(6, 3)[0m───[31m(6, 4)[0m───[31m(6, 5)[0m
                  │        │        │        │
                  │        │        │        │
                  (7, 2)───[35m(7, 3)[0m───[35m(7, 4)[0m───[31m(7, 5)[0m───(7, 6)
                           │        │        │
                           │        │        │
                           (8, 3)───[35m(8, 4)[0m───(8, 5)
                                    │
                                    │
                                    (9, 4)
None
Meas types ['onsite0', 'horiz0', 'vert02', 'vert12']
Prepped onsite, pairs=[(0, 8), (1, 9), (2, 10), (3, 11), (4, 12), (5, 13), (6, 14), (7, 15)]
Prepped horiz, pairs=[(0, 1), (2, 3), (4, 5), (6, 7), (8, 9), (10, 11), (12, 13), (14, 15)]
Prepped vert0, pairs=[(1, 2), (3, 4), (5, 6), (9, 10), (11, 12), (13, 14)]
Prepped vert1, pairs=[(1, 2), (3, 4), (5, 6), (9, 10), (11, 12), (13, 14)]
Set recompilation to False
Got pairs set [(10, 11), (5, 6), (3, 11), (5, 13), (8, 9), (4, 12), (6, 14), (1, 2), (6, 7), (7, 15), (12, 13), (4, 5), (2, 10), (9, 10), (2, 3), (1, 9), (14, 15), (0, 8), (11, 12), (0, 1), (13, 14), (3, 4)]
---Starting to do calibration: delta 3.6113928689999995
---Starting to set up measurements: delta 0.7906227910000005
---Starting to run VQE: delta 1.9787596650000001
No optimisation, save file is experiments/4x2_single_U_8_nocc_1_d_1-0920-001220/2x4/processed/processed.json
Given params: [[[[[0.875, 0.778, 0.973, 0.89]]], [[[-0.875, -0.778, -0.973, -0.89]]], [[[0, 0.778, 0.973, 0.89]]], [[[0, -0.778, -0.973, -0.89]]]]]
---Preparing executables
---Running executables, 16 in batch, delta=7.388929235000001
---Extracting values delta=2.732263406999998
---Extracted values delta=69.937149742
===-1.5842067982045391 -1.9483001495316756 -1.7421100149361775 -1.8506748803908382 1632093227.078306
Computed energies [-1.7662534738681073], params [[[[0.875, 0.778, 0.973, 0.89]]], [[[-0.875, -0.778, -0.973, -0.89]]], [[[0, 0.778, 0.973, 0.89]]], [[[0, -0.778, -0.973, -0.89]]]]
***-1.7662534738681073 1632093227.080116
---VQE complete: delta 80.06626683200001
---Starting TFLO
Using saved points
Using params [[[0, 0, 0, 0]], [[0, 0, 0, 1.5708]], [[0, 0, 4.71239, 0.785398]], [[0, 5.49779, 0.785398, 3.14159]], [[0, 0.785398, 3.14159, 1.5708]], [[0, 0, 0, 3.92699]], [[0, 0, 0, 4.71239]], [[0, 0, 5.49779, 3.92699]], [[0, 3.14159, 4.71239, 3.14159]], [[0, 1.5708, 1.5708, 4.71239]], [[0, 2.35619, 4.71239, 3.92699]], [[0, 2.35619, 1.5708, 5.49779]], [[0, 2.35619, 3.14159, 3.92699]], [[0, 2.35619, 2.35619, 4.71239]], [[0, 3.92699, 3.92699, 4.71239]], [[0, 0, 3.92699, 5.49779]], [[0, 0.778, 0.973, 0.89]], [[0.875, 0.778, 0.973, 0.89]], [[0, 0, 0, 0]], [[0, 0, 0, -1.5708]], [[0, 0, -4.71239, -0.785398]], [[0, -5.49779, -0.785398, -3.14159]], [[0, -0.785398, -3.14159, -1.5708]], [[0, 0, 0, -3.92699]], [[0, 0, 0, -4.71239]], [[0, 0, -5.49779, -3.92699]], [[0, -3.14159, -4.71239, -3.14159]], [[0, -1.5708, -1.5708, -4.71239]], [[0, -2.35619, -4.71239, -3.92699]], [[0, -2.35619, -1.5708, -5.49779]], [[0, -2.35619, -3.14159, -3.92699]], [[0, -2.35619, -2.35619, -4.71239]], [[0, -3.92699, -3.92699, -4.71239]], [[0, 0, -3.92699, -5.49779]], [[0, -0.778, -0.973, -0.89]], [[-0.875, -0.778, -0.973, -0.89]]]
---Preparing executables
---Running executables, 144 in batch, delta=66.14560254
---Extracting values delta=9.36355603299998
---Extracted values delta=137.41711593300002
---Time for noisy calculation: 212.94836927699998
***TFLON: -1.8454072656059841,-1.6850828552430301,-1.466205497953872,-1.2866018963280532,-1.3590866635640424,-0.9129656131849407,-0.6448976096379997,-0.7457990157006887,-0.5558048150318118,-0.1549347490440014,-0.1464868108353345,0.15207549133241016,0.2983521790071214,0.42167754684020337,0.6050657636395512,0.9441836819870555,-1.766712669350513,-1.637277678778622,-1.8575674779945337,-1.6936105878450274,-1.523276730246439,-1.302958248106148,-1.0894532334914082,-1.0063779760784362,-0.7132792018722383,-0.5605557633766468,-0.5294770460161135,0.26588030423676123,-0.20843731564551815,0.3718253793491998,0.3086824761370902,0.5600871678721223,0.6286273008026024,0.8798803120755907,-1.891626623161184,-1.9535546769967291 1632093442.816205
Noisy energies by type: {'onsite0': array([0., 0., 0., 0., 0., 0., 0., 0., 0., 0., 0., 0., 0., 0., 0., 0., 0.,
       0., 0., 0., 0., 0., 0., 0., 0., 0., 0., 0., 0., 0., 0., 0., 0., 0.,
       0., 0.]), 'horiz0': array([-0.69815539, -0.71890054, -0.67084827, -0.63440233, -0.60320394,
       -0.72134831, -0.69049622, -0.64631957, -0.37517512, -0.07325157,
       -0.24431315, -0.03284553,  0.28138266,  0.32215788,  0.27006173,
        0.50768304, -0.68381344, -0.65574388, -0.68473728, -0.74137447,
       -0.68815592, -0.67080581, -0.46947048, -0.83274504, -0.79958246,
       -0.61819538, -0.45542688,  0.13803944, -0.34410256,  0.09070423,
        0.20707871,  0.3677383 ,  0.23402088,  0.43404569, -0.75967957,
       -0.76201145]), 'vert02': array([-0.61288023, -0.55440071, -0.41228992, -0.25315803, -0.37029654,
       -0.11875   ,  0.0178953 , -0.13358586, -0.14482407,  0.05952053,
       -0.04645227,  0.17591802,  0.03862434,  0.13957177,  0.08931903,
        0.23311081, -0.58759026, -0.51219512, -0.64532745, -0.50226244,
       -0.44292025, -0.18430526, -0.33648559, -0.04872931,  0.10300528,
       -0.08195576, -0.22657343,  0.13455227, -0.07432897,  0.15770436,
       -0.02827763,  0.06240858,  0.08588159,  0.1662356 , -0.4650135 ,
       -0.51891253]), 'vert12': array([-0.53437164, -0.41178161, -0.38306731, -0.39904153, -0.38558618,
       -0.0728673 ,  0.02770331,  0.03410641, -0.03580563, -0.1412037 ,
        0.14427861,  0.009003  , -0.02165482, -0.0400521 ,  0.24568501,
        0.20338983, -0.49530896, -0.46933868, -0.52750275, -0.44997367,
       -0.39220056, -0.44784718, -0.28349715, -0.12490362, -0.01670201,
        0.13959538,  0.15252326, -0.00671141,  0.20999422,  0.12341679,
        0.1298814 ,  0.12994029,  0.30872483,  0.27959902, -0.66693355,
       -0.6726307 ])}
Using saved exact energies
Data collected can be found at experiments/4x2_single_U_8_nocc_1_d_1-0920-001220/2x4
