{'theta': True, 'zeta': True, 'chi': False, 'gamma': True, 'phi': True, 'time': None}
{'theta': False, 'zeta': False, 'chi': False, 'gamma': False, 'phi': False, 'time': None}
                  (3, 2)
                  │
                  │
         (4, 1)───(4, 2)───(4, 3)
         │        │        │
         │        │        │
(5, 0)───(5, 1)───(5, 2)───(5, 3)───(5, 4)
         │        │        │        │
         │        │        │        │
         (6, 1)───(6, 2)───(6, 3)───(6, 4)───(6, 5)
                  │        │        │        │
                  │        │        │        │
                  (7, 2)───(7, 3)───(7, 4)───(7, 5)───(7, 6)
                           │        │        │
                           │        │        │
                           (8, 3)───(8, 4)───(8, 5)
                                    │
                                    │
                                    (9, 4)
Start at: (3, 2), with dr
Using qubits [cirq.GridQubit(3, 2), cirq.GridQubit(4, 2), cirq.GridQubit(4, 3), cirq.GridQubit(5, 3), cirq.GridQubit(5, 4), cirq.GridQubit(6, 4), cirq.GridQubit(6, 5), cirq.GridQubit(7, 5), cirq.GridQubit(4, 1), cirq.GridQubit(5, 1), cirq.GridQubit(5, 2), cirq.GridQubit(6, 2), cirq.GridQubit(6, 3), cirq.GridQubit(7, 3), cirq.GridQubit(7, 4), cirq.GridQubit(8, 4)]
Using qubits, JW:[cirq.GridQubit(3, 2), cirq.GridQubit(4, 2), cirq.GridQubit(4, 3), cirq.GridQubit(5, 3), cirq.GridQubit(5, 4), cirq.GridQubit(6, 4), cirq.GridQubit(6, 5), cirq.GridQubit(7, 5), cirq.GridQubit(4, 1), cirq.GridQubit(5, 1), cirq.GridQubit(5, 2), cirq.GridQubit(6, 2), cirq.GridQubit(6, 3), cirq.GridQubit(7, 3), cirq.GridQubit(7, 4), cirq.GridQubit(8, 4)]
                  [31m(3, 2)[0m
                  │
                  │
         [35m(4, 1)[0m───[31m(4, 2)[0m───[31m(4, 3)[0m
         │        │        │
         │        │        │
(5, 0)───[35m(5, 1)[0m───[35m(5, 2)[0m───[31m(5, 3)[0m───[31m(5, 4)[0m
         │        │        │        │
         │        │        │        │
         (6, 1)───[35m(6, 2)[0m───[35m(6, 3)[0m───[31m(6, 4)[0m───[31m(6, 5)[0m
                  │        │        │        │
                  │        │        │        │
                  (7, 2)───[35m(7, 3)[0m───[35m(7, 4)[0m───[31m(7, 5)[0m───(7, 6)
                           │        │        │
                           │        │        │
                           (8, 3)───[35m(8, 4)[0m───(8, 5)
                                    │
                                    │
                                    (9, 4)
None
Meas types ['onsite0', 'horiz0', 'horiz1']
Prepped onsite, pairs=[(0, 8), (1, 9), (2, 10), (3, 11), (4, 12), (5, 13), (6, 14), (7, 15)]
Prepped horiz, pairs=[(0, 1), (2, 3), (4, 5), (6, 7), (8, 9), (10, 11), (12, 13), (14, 15)]
Prepped horiz, pairs=[(1, 2), (3, 4), (5, 6), (9, 10), (11, 12), (13, 14)]
Set recompilation to False
Got pairs set [(10, 11), (5, 6), (3, 11), (5, 13), (8, 9), (4, 12), (6, 14), (1, 2), (6, 7), (7, 15), (12, 13), (4, 5), (2, 10), (9, 10), (2, 3), (1, 9), (14, 15), (0, 8), (11, 12), (0, 1), (13, 14), (3, 4)]
---Starting to do calibration: delta 3.5384539239999997
---Starting to set up measurements: delta 0.6247609979999993
---Starting to run VQE: delta 1.105277762
No optimisation, save file is experiments/8x1_single_zz_x_U_8_nocc_13_d_1-0915-003008/8x1/processed/processed.json
Given params: [[[[[0.743, 0.544, 0.564]]], [[[-0.743, -0.544, -0.564]]], [[[0, 0.544, 0.564]]], [[[0, -0.544, -0.564]]]]]
---Preparing executables
---Running executables, 12 in batch, delta=4.843799872
---Extracting values delta=3.501952195000001
---Extracted values delta=52.769455004
===37.606348427864205 37.37603175296317 38.331844890030325 38.29381294911317 1631662274.951108
Computed energies [37.49119009041369], params [[[[0.743, 0.544, 0.564]]], [[[-0.743, -0.544, -0.564]]], [[[0, 0.544, 0.564]]], [[[0, -0.544, -0.564]]]]
***37.49119009041369 1631662274.953333
---VQE complete: delta 61.120611073999996
---Starting TFLO
Using saved points
Using params [[[0, 0, 0]], [[0, 0, 0.785398]], [[0, 1.5708, 0.785398]], [[0, 5.49779, 0.785398]], [[0, 2.35619, 0.785398]], [[0, 4.71239, 0.785398]], [[0, 1.5708, 2.35619]], [[0, 0.785398, 3.14159]], [[0, 5.49779, 5.49779]], [[0, 0.785398, 3.92699]], [[0, 5.49779, 3.14159]], [[0, 1.5708, 5.49779]], [[0, 3.92699, 5.49779]], [[0, 3.92699, 4.71239]], [[0, 2.35619, 4.71239]], [[0, 3.92699, 3.92699]], [[0, 0.544, 0.564]], [[0.743, 0.544, 0.564]], [[0, 0, 0]], [[0, 0, -0.785398]], [[0, -1.5708, -0.785398]], [[0, -5.49779, -0.785398]], [[0, -2.35619, -0.785398]], [[0, -4.71239, -0.785398]], [[0, -1.5708, -2.35619]], [[0, -0.785398, -3.14159]], [[0, -5.49779, -5.49779]], [[0, -0.785398, -3.92699]], [[0, -5.49779, -3.14159]], [[0, -1.5708, -5.49779]], [[0, -3.92699, -5.49779]], [[0, -3.92699, -4.71239]], [[0, -2.35619, -4.71239]], [[0, -3.92699, -3.92699]], [[0, -0.544, -0.564]], [[-0.743, -0.544, -0.564]]]
---Preparing executables
---Running executables, 108 in batch, delta=42.664916887000004
---Extracting values delta=5.436810839000003
---Extracted values delta=104.56750090300001
---Time for noisy calculation: 152.68623373600002
***TFLON: 38.38319485947667,38.28479310609065,39.077416383925026,39.238484393977785,39.52766976179831,39.681298832484075,39.292948988570146,39.47413909591166,39.73233797152345,40.416030742324416,40.44973644686768,40.23220343071891,40.25897840523351,40.56614488532202,40.98982360750948,41.04991547353287,38.309278352666524,37.65966405983832,38.420862766515086,38.383252746695675,38.105417239988505,38.88803810626707,38.610901913530924,39.34011992024412,39.71120661132574,40.01059795472679,39.88434925589924,39.979142660858166,39.80686993137368,40.89755971959573,40.93513784847753,40.71791642431555,40.82029690926361,41.084795075681605,38.261299292967905,37.35121992942996 1631662429.7164211
Noisy energies by type: {'onsite0': array([42.30092341, 42.16697588, 42.54576176, 42.70037346, 42.48173516,
       42.70220162, 41.87776794, 41.99232812, 42.17232376, 42.38446814,
       42.47729919, 41.84563945, 41.86442577, 41.90316261, 41.93048433,
       42.08637128, 42.16478751, 40.98211382, 42.31794305, 42.0909589 ,
       41.88378528, 41.98121814, 41.83242655, 41.87424822, 42.52283985,
       42.59723352, 42.32532751, 42.2718282 , 41.9483871 , 42.68500688,
       42.49745649, 42.07675439, 41.9631636 , 42.07415485, 42.26273754,
       41.15721925]), 'horiz0': array([-2.03461863, -1.99396031, -2.21188239, -1.66109564, -2.04610592,
       -1.55934267, -1.30904359, -0.82741454, -0.59056494, -0.27267249,
       -0.27212323, -0.30784943, -0.56820132, -0.29181998, -0.05601365,
       -0.00887574, -2.08547823, -1.8041415 , -2.03189703, -1.81149223,
       -2.3432216 , -1.4045977 , -2.20256859, -1.28120433, -1.37152258,
       -0.79664122, -0.78892734, -0.48932276, -0.45979971, -0.33477455,
       -0.70046893, -0.49448636, -0.118345  , -0.14392523, -2.13427762,
       -2.09758043]), 'horiz1': array([-1.88310992, -1.88822246, -1.25646298, -1.80079343, -0.90795948,
       -1.46156012, -1.27577536, -1.69077449, -1.84942085, -1.69576491,
       -1.75543951, -1.30558659, -1.03724605, -1.04519774, -0.88464707,
       -1.02758007, -1.77003092, -1.51830826, -1.86518325, -1.89621393,
       -1.43514644, -1.68858233, -1.01895604, -1.25292398, -1.44011065,
       -1.78999435, -1.65205092, -1.80336278, -1.68171745, -1.45267261,
       -0.86184971, -0.8643516 , -1.02452169, -0.84543454, -1.86716062,
       -1.70841889])}
Using saved exact energies
Data collected can be found at experiments/8x1_single_zz_x_U_8_nocc_13_d_1-0915-003008/8x1
