{'theta': True, 'zeta': True, 'chi': False, 'gamma': True, 'phi': True, 'time': None}
{'theta': False, 'zeta': False, 'chi': False, 'gamma': False, 'phi': False, 'time': None}
                  (3, 2)
                  │
                  │
         (4, 1)───(4, 2)───(4, 3)
         │        │        │
         │        │        │
(5, 0)───(5, 1)───(5, 2)───(5, 3)───(5, 4)
         │        │        │        │
         │        │        │        │
         (6, 1)───(6, 2)───(6, 3)───(6, 4)───(6, 5)
                  │        │        │        │
                  │        │        │        │
                  (7, 2)───(7, 3)───(7, 4)───(7, 5)───(7, 6)
                           │        │        │
                           │        │        │
                           (8, 3)───(8, 4)───(8, 5)
                                    │
                                    │
                                    (9, 4)
Start at: (3, 2), with dr
Using qubits [cirq.GridQubit(3, 2), cirq.GridQubit(4, 2), cirq.GridQubit(4, 3), cirq.GridQubit(5, 3), cirq.GridQubit(5, 4), cirq.GridQubit(6, 4), cirq.GridQubit(6, 5), cirq.GridQubit(7, 5), cirq.GridQubit(4, 1), cirq.GridQubit(5, 1), cirq.GridQubit(5, 2), cirq.GridQubit(6, 2), cirq.GridQubit(6, 3), cirq.GridQubit(7, 3), cirq.GridQubit(7, 4), cirq.GridQubit(8, 4)]
Using qubits, JW:[cirq.GridQubit(3, 2), cirq.GridQubit(4, 2), cirq.GridQubit(4, 3), cirq.GridQubit(5, 3), cirq.GridQubit(5, 4), cirq.GridQubit(6, 4), cirq.GridQubit(6, 5), cirq.GridQubit(7, 5), cirq.GridQubit(4, 1), cirq.GridQubit(5, 1), cirq.GridQubit(5, 2), cirq.GridQubit(6, 2), cirq.GridQubit(6, 3), cirq.GridQubit(7, 3), cirq.GridQubit(7, 4), cirq.GridQubit(8, 4)]
                  [31m(3, 2)[0m
                  │
                  │
         [35m(4, 1)[0m───[31m(4, 2)[0m───[31m(4, 3)[0m
         │        │        │
         │        │        │
(5, 0)───[35m(5, 1)[0m───[35m(5, 2)[0m───[31m(5, 3)[0m───[31m(5, 4)[0m
         │        │        │        │
         │        │        │        │
         (6, 1)───[35m(6, 2)[0m───[35m(6, 3)[0m───[31m(6, 4)[0m───[31m(6, 5)[0m
                  │        │        │        │
                  │        │        │        │
                  (7, 2)───[35m(7, 3)[0m───[35m(7, 4)[0m───[31m(7, 5)[0m───(7, 6)
                           │        │        │
                           │        │        │
                           (8, 3)───[35m(8, 4)[0m───(8, 5)
                                    │
                                    │
                                    (9, 4)
None
Meas types ['onsite0', 'horiz0', 'vert02', 'vert12']
Prepped onsite, pairs=[(0, 8), (1, 9), (2, 10), (3, 11), (4, 12), (5, 13), (6, 14), (7, 15)]
Prepped horiz, pairs=[(0, 1), (2, 3), (4, 5), (6, 7), (8, 9), (10, 11), (12, 13), (14, 15)]
Prepped vert0, pairs=[(1, 2), (3, 4), (5, 6), (9, 10), (11, 12), (13, 14)]
Prepped vert1, pairs=[(1, 2), (3, 4), (5, 6), (9, 10), (11, 12), (13, 14)]
Set recompilation to False
Got pairs set [(3, 4), (4, 12), (12, 13), (5, 13), (8, 9), (0, 8), (1, 9), (13, 14), (6, 14), (4, 5), (5, 6), (14, 15), (0, 1), (9, 10), (10, 11), (1, 2), (2, 10), (6, 7), (7, 15), (3, 11), (2, 3), (11, 12)]
---Starting to do calibration: delta 2.238286693998816
---Starting to set up measurements: delta 0.5149565319989051
opt deets: [1]
---Starting to run VQE: delta 0.04054534199894988
---Preparing executables
---Running executables, 24 in batch, delta=6.78535979300068
---Extracting values delta=2.7902390109993576
---Extracted values delta=32.530790950000664
Measured energies [-2.47734903 -3.33000034]
0 : current:  -2.9036746895430734  params:  [[0.83128719 1.16871281 0.83128719 1.16871281]]  grad:  [[ 1.28037777 -1.28037777  1.28037777 -1.28037777]]  ak:  0.131767995173414
---Preparing executables
---Running executables, 24 in batch, delta=6.845194753999749
---Extracting values delta=3.528498768000645
---Extracted values delta=75.63931066900113
Measured energies [-2.55124548 -3.45455512]
1 : current:  -3.0029003011135975  params:  [[0.65216684 0.98959247 1.01040753 1.34783316]]  grad:  [[ 1.73516956  1.73516956 -1.73516956 -1.73516956]]  ak:  0.1032293042623224
---Preparing executables
---Running executables, 24 in batch, delta=6.596979465999539
---Extracting values delta=2.548589518000881
---Extracted values delta=38.4599577730005
Measured energies [-3.13205084 -3.6658778 ]
2 : current:  -3.3989643208447693  params:  [[0.75674886 0.88501045 0.90582552 1.24325114]]  grad:  [[-1.20466733  1.20466733  1.20466733  1.20466733]]  ak:  0.08681402276010429
---Preparing executables
---Running executables, 24 in batch, delta=6.750758621001296
---Extracting values delta=3.8368892729995423
---Extracted values delta=81.37870439799917
Measured energies [-3.17997572 -3.75069273]
3 : current:  -3.4653342243891148  params:  [[0.57895473 1.06280458 0.72803139 1.06545701]]  grad:  [[ 2.34243402 -2.34243402  2.34243402  2.34243402]]  ak:  0.07590144658134437
---Preparing executables
---Running executables, 24 in batch, delta=6.592506865999894
---Extracting values delta=1.9385087820010085
---Extracted values delta=88.8446140369997
Measured energies [-3.3078532 -4.1293499]
4 : current:  -3.7186015472841913  params:  [[0.455791   0.93964085 0.85119512 0.94229328]]  grad:  [[ 1.81092264  1.81092264 -1.81092264  1.81092264]]  ak:  0.06801159232896291
---Preparing executables
---Running executables, 24 in batch, delta=6.863136705000215
---Extracting values delta=1.86448526499953
---Extracted values delta=37.700781571000334
Measured energies [-3.70123817 -4.07380261]
5 : current:  -3.887520387564894  params:  [[0.35078385 0.8346337  0.95620227 0.83728613]]  grad:  [[ 1.69409554  1.69409554 -1.69409554  1.69409554]]  ak:  0.06198419646431135
---Preparing executables
---Running executables, 24 in batch, delta=7.110668763998547
---Extracting values delta=2.7183760450006957
---Extracted values delta=79.99469585900079
Measured energies [-3.94497462 -4.15287765]
6 : current:  -4.0489261352143595  params:  [[0.38769132 0.79772622 0.91929479 0.8741936 ]]  grad:  [[-0.64527455  0.64527455  0.64527455 -0.64527455]]  ak:  0.05719654866019038
---Preparing executables
---Running executables, 24 in batch, delta=6.748648093998781
---Extracting values delta=2.184028755998952
---Extracted values delta=87.07782503199996
Measured energies [-4.00067731 -4.17468109]
7 : current:  -4.0876791967053245  params:  [[0.36596908 0.77600398 0.94101703 0.85247136]]  grad:  [[ 0.40768862  0.40768862 -0.40768862  0.40768862]]  ak:  0.05328144629241565
---Preparing executables
---Running executables, 24 in batch, delta=6.820047027000328
---Extracting values delta=2.7765950049997628
---Extracted values delta=38.064374859000964
Measured energies [-3.97615654 -4.21052714]
8 : current:  -4.093341842880296  params:  [[0.37701486 0.78704976 0.92997125 0.84142558]]  grad:  [[-0.22088509 -0.22088509  0.22088509  0.22088509]]  ak:  0.05000690723392863
---Preparing executables
---Running executables, 24 in batch, delta=6.7657861539992155
---Extracting values delta=1.8875182930005394
---Extracted values delta=83.46411640699989
Measured energies [-4.15983598 -4.25392023]
9 : current:  -4.206878104516164  params:  [[0.41445659 0.74960803 0.89252952 0.87886731]]  grad:  [[-0.79294719  0.79294719  0.79294719 -0.79294719]]  ak:  0.04721843613094821
---Preparing executables
---Running executables, 24 in batch, delta=7.246049920999212
---Extracting values delta=3.415626814999996
---Extracted values delta=80.92431401799877
Measured energies [-4.06492354 -4.26768848]
10 : current:  -4.166306011964196  params:  [[0.36686129 0.70201273 0.84493422 0.92646261]]  grad:  [[ 1.06218754  1.06218754  1.06218754 -1.06218754]]  ak:  0.044808755848694926
---Preparing executables
---Running executables, 24 in batch, delta=6.8714305280009285
---Extracting values delta=3.125446521999038
---Extracted values delta=37.10879625300004
Measured energies [-4.05287325 -4.1531447 ]
11 : current:  -4.10300897753654  params:  [[0.30539268 0.64054413 0.78346562 0.98793122]]  grad:  [[ 1.43951849  1.43951849  1.43951849 -1.43951849]]  ak:  0.0427008084519461
---Preparing executables
---Running executables, 24 in batch, delta=6.943430045999776
---Extracting values delta=1.7729697579998174
---Extracted values delta=81.63926373700087
Measured energies [-4.05480291 -4.22399691]
12 : current:  -4.139399912091015  params:  [[0.33513454 0.67028598 0.75372377 0.95818936]]  grad:  [[-0.72829461 -0.72829461  0.72829461  0.72829461]]  ak:  0.04083766650268662
---Preparing executables
---Running executables, 24 in batch, delta=6.755678096998963
---Extracting values delta=1.8637565500011988
---Extracted values delta=82.60439529399991
Measured energies [-4.13105725 -4.42678189]
13 : current:  -4.278919574511255  params:  [[0.40627718 0.59914334 0.68258112 0.88704672]]  grad:  [[-1.81596275  1.81596275  1.81596275  1.81596275]]  ak:  0.03917626761548003
---Preparing executables
---Running executables, 24 in batch, delta=6.758952613001384
---Extracting values delta=1.82641788500041
---Extracted values delta=38.37006943000051
Measured energies [-4.13497462 -4.37875321]
14 : current:  -4.256863918964317  params:  [[0.34510946 0.53797562 0.62141341 0.82587901]]  grad:  [[1.6232017 1.6232017 1.6232017 1.6232017]]  ak:  0.03768337273895953
***-4.256863918964317 1631893106.4595335
---VQE complete: delta 1104.377147573001
Data collected can be found at experiments/4x2_spsa_zz_x_U_4_nocc_4_d_1-0917-161959/2x4
