{'theta': True, 'zeta': True, 'chi': False, 'gamma': True, 'phi': True, 'time': None}
{'theta': False, 'zeta': False, 'chi': False, 'gamma': False, 'phi': False, 'time': None}
                  (3, 2)
                  │
                  │
         (4, 1)───(4, 2)───(4, 3)
         │        │        │
         │        │        │
(5, 0)───(5, 1)───(5, 2)───(5, 3)───(5, 4)
         │        │        │        │
         │        │        │        │
         (6, 1)───(6, 2)───(6, 3)───(6, 4)───(6, 5)
                  │        │        │        │
                  │        │        │        │
                  (7, 2)───(7, 3)───(7, 4)───(7, 5)───(7, 6)
                           │        │        │
                           │        │        │
                           (8, 3)───(8, 4)───(8, 5)
                                    │
                                    │
                                    (9, 4)
Start at: (3, 2), with dr
Using qubits [cirq.GridQubit(3, 2), cirq.GridQubit(4, 2), cirq.GridQubit(4, 3), cirq.GridQubit(5, 3), cirq.GridQubit(5, 4), cirq.GridQubit(6, 4), cirq.GridQubit(6, 5), cirq.GridQubit(7, 5), cirq.GridQubit(4, 1), cirq.GridQubit(5, 1), cirq.GridQubit(5, 2), cirq.GridQubit(6, 2), cirq.GridQubit(6, 3), cirq.GridQubit(7, 3), cirq.GridQubit(7, 4), cirq.GridQubit(8, 4)]
Using qubits, JW:[cirq.GridQubit(3, 2), cirq.GridQubit(4, 2), cirq.GridQubit(4, 3), cirq.GridQubit(5, 3), cirq.GridQubit(5, 4), cirq.GridQubit(6, 4), cirq.GridQubit(6, 5), cirq.GridQubit(7, 5), cirq.GridQubit(4, 1), cirq.GridQubit(5, 1), cirq.GridQubit(5, 2), cirq.GridQubit(6, 2), cirq.GridQubit(6, 3), cirq.GridQubit(7, 3), cirq.GridQubit(7, 4), cirq.GridQubit(8, 4)]
                  [31m(3, 2)[0m
                  │
                  │
         [35m(4, 1)[0m───[31m(4, 2)[0m───[31m(4, 3)[0m
         │        │        │
         │        │        │
(5, 0)───[35m(5, 1)[0m───[35m(5, 2)[0m───[31m(5, 3)[0m───[31m(5, 4)[0m
         │        │        │        │
         │        │        │        │
         (6, 1)───[35m(6, 2)[0m───[35m(6, 3)[0m───[31m(6, 4)[0m───[31m(6, 5)[0m
                  │        │        │        │
                  │        │        │        │
                  (7, 2)───[35m(7, 3)[0m───[35m(7, 4)[0m───[31m(7, 5)[0m───(7, 6)
                           │        │        │
                           │        │        │
                           (8, 3)───[35m(8, 4)[0m───(8, 5)
                                    │
                                    │
                                    (9, 4)
None
Meas types ['onsite0', 'horiz0', 'horiz1']
Prepped onsite, pairs=[(0, 8), (1, 9), (2, 10), (3, 11), (4, 12), (5, 13), (6, 14), (7, 15)]
Prepped horiz, pairs=[(0, 1), (2, 3), (4, 5), (6, 7), (8, 9), (10, 11), (12, 13), (14, 15)]
Prepped horiz, pairs=[(1, 2), (3, 4), (5, 6), (9, 10), (11, 12), (13, 14)]
Set recompilation to False
Got pairs set [(10, 11), (5, 6), (3, 11), (5, 13), (8, 9), (4, 12), (6, 14), (1, 2), (6, 7), (7, 15), (12, 13), (4, 5), (2, 10), (9, 10), (2, 3), (1, 9), (14, 15), (0, 8), (11, 12), (0, 1), (13, 14), (3, 4)]
---Starting to do calibration: delta 3.441866817
---Starting to set up measurements: delta 0.7376703679999999
---Starting to run VQE: delta 1.2640698319999988
No optimisation, save file is experiments/8x1_single_zz_x_U_8_nocc_9_d_1-0915-001409/8x1/processed/processed.json
Given params: [[[[[1.053, 0.597, 0.467]]], [[[-1.053, -0.597, -0.467]]], [[[0, 0.597, 0.467]]], [[[0, -0.597, -0.467]]]]]
---Preparing executables
---Running executables, 12 in batch, delta=5.267030953999999
---Extracting values delta=2.4664690080000007
---Extracted values delta=54.139015936999996
===11.613425599802591 10.674904302044766 13.49649964454771 15.252861929371178 1631661316.560334
Computed energies [11.144164950923678], params [[[[1.053, 0.597, 0.467]]], [[[-1.053, -0.597, -0.467]]], [[[0, 0.597, 0.467]]], [[[0, -0.597, -0.467]]]]
***11.144164950923678 1631661316.563008
---VQE complete: delta 61.878759871
---Starting TFLO
Using saved points
Using params [[[0, 0, 0]], [[0, 0, 0.785398]], [[0, 1.5708, 0.785398]], [[0, 1.5708, 1.5708]], [[0, 5.49779, 0.785398]], [[0, 2.35619, 0.785398]], [[0, 2.35619, 1.5708]], [[0, 5.49779, 1.5708]], [[0, 0.785398, 3.14159]], [[0, 0, 3.14159]], [[0, 5.49779, 2.35619]], [[0, 5.49779, 3.92699]], [[0, 2.35619, 3.14159]], [[0, 4.71239, 2.35619]], [[0, 3.92699, 2.35619]], [[0, 3.92699, 3.92699]], [[0, 0.597, 0.467]], [[1.053, 0.597, 0.467]], [[0, 0, 0]], [[0, 0, -0.785398]], [[0, -1.5708, -0.785398]], [[0, -1.5708, -1.5708]], [[0, -5.49779, -0.785398]], [[0, -2.35619, -0.785398]], [[0, -2.35619, -1.5708]], [[0, -5.49779, -1.5708]], [[0, -0.785398, -3.14159]], [[0, 0, -3.14159]], [[0, -5.49779, -2.35619]], [[0, -5.49779, -3.92699]], [[0, -2.35619, -3.14159]], [[0, -4.71239, -2.35619]], [[0, -3.92699, -2.35619]], [[0, -3.92699, -3.92699]], [[0, -0.597, -0.467]], [[-1.053, -0.597, -0.467]]]
---Preparing executables
---Running executables, 108 in batch, delta=47.29642248900001
---Extracting values delta=5.959210855000009
---Extracted values delta=114.95819667500001
---Time for noisy calculation: 168.23603772799999
***TFLON: 14.234378864679096,14.614334469979468,15.242737454438059,15.239903773799481,16.844938202262274,16.935189801401734,17.019390340850766,18.58493141082508,16.6278532200806,18.17165251464953,20.053738111189592,20.819959450970174,20.536016037035846,20.064510183586847,19.291723400757505,20.452646661978193,13.669697528967601,11.755233799783955,14.308582110510045,14.810382470048385,14.910685101391284,15.324028666755215,14.896895303124289,14.908915021086052,15.814397147571661,16.89680090048345,19.07149407779131,17.53158515711568,17.474716133256347,17.721904758721948,18.68604076036802,20.206879201460048,21.263045851189617,21.326054546383368,15.185089523815178,10.878774735809456 1631661486.893732
Noisy energies by type: {'onsite0': array([20.08684547, 20.12000863, 20.73010626, 20.46633529, 21.09699299,
       21.24448706, 20.79963235, 21.2522905 , 19.21969006, 20.11877804,
       21.45983441, 21.3125    , 21.292891  , 20.08032129, 19.04668305,
       19.26959594, 19.4363551 , 14.80770955, 20.02277705, 20.32230855,
       20.17430571, 20.08261159, 19.21219118, 18.91476903, 19.13396601,
       19.79803396, 21.49067245, 20.01119483, 19.45381526, 19.3639576 ,
       19.03870545, 20.68891856, 21.17352415, 20.79365079, 21.07304348,
       15.42989279]), 'horiz0': array([-3.51033876, -3.15966571, -4.4559194 , -4.19021468, -2.57416378,
       -4.44033325, -3.95083579, -1.05112129, -0.61532756,  0.29979606,
        0.2298823 ,  1.22801788, -0.94658013,  0.4807283 , -0.28191617,
        0.67689447, -3.63428721, -1.73530817, -3.47058824, -3.16743169,
       -4.73612659, -4.24329241, -2.29925187, -4.44313548, -3.80166436,
       -0.87962742, -0.74519446, -0.14656772,  0.0629505 ,  0.39565319,
       -0.87948544,  0.4912154 , -0.06922311,  0.38158854, -3.97847792,
       -3.27233677]), 'horiz1': array([-2.34212784, -2.34600845, -1.03144941, -1.03621684, -1.67789101,
        0.131036  ,  0.17059378, -1.6162378 , -1.97650928, -2.24692158,
       -1.6359786 , -1.72055843,  0.18970517, -0.49653941,  0.52695652,
        0.50615626, -2.13237035, -1.31716758, -2.2436067 , -2.34449438,
       -0.52749402, -0.51529052, -2.01604401,  0.43728147,  0.48209549,
       -2.02160564, -1.67398392, -2.33304196, -2.04204963, -2.03770603,
        0.52682076, -0.97325476,  0.15874481,  0.15081522, -1.90947603,
       -1.27878128])}
Using saved exact energies
Data collected can be found at experiments/8x1_single_zz_x_U_8_nocc_9_d_1-0915-001409/8x1
