{'theta': True, 'zeta': True, 'chi': False, 'gamma': True, 'phi': True, 'time': None}
{'theta': False, 'zeta': False, 'chi': False, 'gamma': False, 'phi': False, 'time': None}
                  (3, 2)
                  │
                  │
         (4, 1)───(4, 2)───(4, 3)
         │        │        │
         │        │        │
(5, 0)───(5, 1)───(5, 2)───(5, 3)───(5, 4)
         │        │        │        │
         │        │        │        │
         (6, 1)───(6, 2)───(6, 3)───(6, 4)───(6, 5)
                  │        │        │        │
                  │        │        │        │
                  (7, 2)───(7, 3)───(7, 4)───(7, 5)───(7, 6)
                           │        │        │
                           │        │        │
                           (8, 3)───(8, 4)───(8, 5)
                                    │
                                    │
                                    (9, 4)
Start at: (3, 2), with dr
Using qubits [cirq.GridQubit(3, 2), cirq.GridQubit(4, 2), cirq.GridQubit(4, 3), cirq.GridQubit(5, 3), cirq.GridQubit(5, 4), cirq.GridQubit(6, 4), cirq.GridQubit(6, 5), cirq.GridQubit(7, 5), cirq.GridQubit(4, 1), cirq.GridQubit(5, 1), cirq.GridQubit(5, 2), cirq.GridQubit(6, 2), cirq.GridQubit(6, 3), cirq.GridQubit(7, 3), cirq.GridQubit(7, 4), cirq.GridQubit(8, 4)]
Using qubits, JW:[cirq.GridQubit(3, 2), cirq.GridQubit(4, 2), cirq.GridQubit(4, 3), cirq.GridQubit(5, 3), cirq.GridQubit(5, 4), cirq.GridQubit(6, 4), cirq.GridQubit(6, 5), cirq.GridQubit(7, 5), cirq.GridQubit(4, 1), cirq.GridQubit(5, 1), cirq.GridQubit(5, 2), cirq.GridQubit(6, 2), cirq.GridQubit(6, 3), cirq.GridQubit(7, 3), cirq.GridQubit(7, 4), cirq.GridQubit(8, 4)]
                  [31m(3, 2)[0m
                  │
                  │
         [35m(4, 1)[0m───[31m(4, 2)[0m───[31m(4, 3)[0m
         │        │        │
         │        │        │
(5, 0)───[35m(5, 1)[0m───[35m(5, 2)[0m───[31m(5, 3)[0m───[31m(5, 4)[0m
         │        │        │        │
         │        │        │        │
         (6, 1)───[35m(6, 2)[0m───[35m(6, 3)[0m───[31m(6, 4)[0m───[31m(6, 5)[0m
                  │        │        │        │
                  │        │        │        │
                  (7, 2)───[35m(7, 3)[0m───[35m(7, 4)[0m───[31m(7, 5)[0m───(7, 6)
                           │        │        │
                           │        │        │
                           (8, 3)───[35m(8, 4)[0m───(8, 5)
                                    │
                                    │
                                    (9, 4)
None
Meas types ['onsite0', 'horiz0', 'vert02', 'vert12']
Prepped onsite, pairs=[(0, 8), (1, 9), (2, 10), (3, 11), (4, 12), (5, 13), (6, 14), (7, 15)]
Prepped horiz, pairs=[(0, 1), (2, 3), (4, 5), (6, 7), (8, 9), (10, 11), (12, 13), (14, 15)]
Prepped vert0, pairs=[(1, 2), (3, 4), (5, 6), (9, 10), (11, 12), (13, 14)]
Prepped vert1, pairs=[(1, 2), (3, 4), (5, 6), (9, 10), (11, 12), (13, 14)]
Set recompilation to False
Got pairs set [(10, 11), (5, 6), (3, 11), (5, 13), (8, 9), (4, 12), (6, 14), (1, 2), (6, 7), (7, 15), (12, 13), (4, 5), (2, 10), (9, 10), (2, 3), (1, 9), (14, 15), (0, 8), (11, 12), (0, 1), (13, 14), (3, 4)]
---Starting to do calibration: delta 3.0141116949999995
---Starting to set up measurements: delta 0.9103683839999999
---Starting to run VQE: delta 2.2084582710000014
Running BayesMGD: n_evals 23, nshots 1000, max_iter 50, max_evals 600
---Preparing executables
---Running executables, 4 in batch, delta=2.0686217850000013
---Extracting values delta=2.9888025120000012
---Extracted values delta=7.395801199000001
Running block of size 20...
---Preparing executables
---Running executables, 80 in batch, delta=43.698864715999996
---Extracting values delta=6.244749765999998
---Extracted values delta=63.993265341
Running block of size 20...
---Preparing executables
---Running executables, 80 in batch, delta=39.89748921400002
---Extracting values delta=6.082449646000015
---Extracted values delta=64.80545085600002
Running block of size 6...
---Preparing executables
---Running executables, 24 in batch, delta=11.958734106999998
---Extracting values delta=2.1097563010000044
---Extracted values delta=26.326721376000023
[-2.1102289982834357, -3.9925470519099195]
2  :--------------------------------
fit_params:  [ -0.169  -1.293  -0.856   0.742  -1.281   0.066  -1.027  -0.304  -0.181
  -0.373   4.737   8.283   5.349   1.25  -14.019]
current: -3.993+/-1.022  params:  [0.578 0.777 0.7   0.684]  grad:  [1.363 0.721 0.969 1.019]  gamma_k: 0.3097  delta_k: 0.6000
Running block of size 20...
---Preparing executables
---Running executables, 80 in batch, delta=39.64548248700004
---Extracting values delta=5.260504647999994
---Extracted values delta=62.95257434499996
Running block of size 20...
---Preparing executables
---Running executables, 80 in batch, delta=39.657753042000024
---Extracting values delta=5.709381019000034
---Extracted values delta=63.63281582900004
Running block of size 6...
---Preparing executables
---Running executables, 24 in batch, delta=12.000401083999975
---Extracting values delta=2.2923690569999735
---Extracted values delta=27.67305932299996
[-2.1102289982834357, -3.9925470519099195, -3.9925470519099195, -3.4602441193856373]
3  :--------------------------------
fit_params:  [ 0.429 -1.285  0.476  0.522 -0.18   0.05  -1.177 -0.37  -0.038 -0.235
  0.363  4.056  1.635  0.339 -5.934]
current: -3.460+/-0.121  params:  [0.54  0.737 0.645 0.622]  grad:  [0.144 0.153 0.21  0.239]  gamma_k: 0.2604  delta_k: 0.5594
Running block of size 20...
---Preparing executables
---Running executables, 80 in batch, delta=39.65255722300003
---Extracting values delta=5.662729708000029
---Extracted values delta=63.15235751800003
Running block of size 20...
---Preparing executables
---Running executables, 80 in batch, delta=39.868107517
---Extracting values delta=5.39662010699999
---Extracted values delta=69.21652470100003
Running block of size 6...
---Preparing executables
---Running executables, 24 in batch, delta=12.178763221000054
---Extracting values delta=2.4681177129999696
---Extracted values delta=25.42699865899999
[-2.1102289982834357, -3.9925470519099195, -3.9925470519099195, -3.4602441193856373, -3.4602441193856373, -3.6826669299189736]
4  :--------------------------------
fit_params:  [ 0.916 -0.095 -0.712  1.24   0.211  0.239 -0.67   0.586 -0.847 -0.722
 -2.581  2.824  3.008  0.597 -5.412]
current: -3.683+/-0.100  params:  [0.596 0.511 0.54  0.487]  grad:  [-0.243  0.993  0.462  0.591]  gamma_k: 0.2277  delta_k: 0.5370
Running block of size 20...
---Preparing executables
---Running executables, 80 in batch, delta=39.811257857999976
---Extracting values delta=6.623255829999948
---Extracted values delta=64.25143847600009
Running block of size 20...
---Preparing executables
---Running executables, 80 in batch, delta=39.643116899000006
---Extracting values delta=5.564353438000012
---Extracted values delta=66.50210847599999
Running block of size 6...
---Preparing executables
---Running executables, 24 in batch, delta=12.028071877999992
---Extracting values delta=2.2937827860000652
---Extracted values delta=26.020813644999862
[-2.1102289982834357, -3.9925470519099195, -3.9925470519099195, -3.4602441193856373, -3.4602441193856373, -3.6826669299189736, -3.6826669299189736, -3.39664042147246]
5  :--------------------------------
fit_params:  [ 1.555 -0.03  -0.648 -0.054  0.32   0.376 -0.459  0.407  0.749 -0.537
 -3.1   -0.242  2.023 -0.301 -3.304]
current: -3.397+/-0.140  params:  [0.62  0.441 0.381 0.423]  grad:  [-0.117  0.343  0.778  0.315]  gamma_k: 0.2040  delta_k: 0.5216
Running block of size 20...
---Preparing executables
---Running executables, 80 in batch, delta=39.864995904000125
---Extracting values delta=5.400530501000048
---Extracted values delta=63.5340180459998
Running block of size 20...
---Preparing executables
---Running executables, 80 in batch, delta=39.62559225399991
---Extracting values delta=6.214242740999907
---Extracted values delta=66.60847203399999
Running block of size 6...
---Preparing executables
---Running executables, 24 in batch, delta=12.081992291000006
---Extracting values delta=3.636760521000042
---Extracted values delta=25.975829542000156
[-2.1102289982834357, -3.9925470519099195, -3.9925470519099195, -3.4602441193856373, -3.4602441193856373, -3.6826669299189736, -3.6826669299189736, -3.39664042147246, -3.39664042147246, -3.5721393381516333]
6  :--------------------------------
fit_params:  [ 1.644  0.258 -0.08   0.7    0.161 -0.274  0.128  0.283  0.441  0.002
 -2.474 -1.09   0.567 -1.501 -2.244]
current: -3.572+/-0.096  params:  [0.669 0.476 0.329 0.454]  grad:  [-0.264 -0.192  0.28  -0.168]  gamma_k: 0.1860  delta_k: 0.5100
Running block of size 20...
---Preparing executables
---Running executables, 80 in batch, delta=39.68103104499983
---Extracting values delta=5.517817902000161
---Extracted values delta=65.88851453100006
Running block of size 20...
---Preparing executables
---Running executables, 80 in batch, delta=39.81309427299993
---Extracting values delta=5.672975400000041
---Extracted values delta=65.40646729900004
Running block of size 6...
---Preparing executables
---Running executables, 24 in batch, delta=11.994666039000094
---Extracting values delta=3.2791106750000836
---Extracted values delta=32.78450362900003
[-2.1102289982834357, -3.9925470519099195, -3.9925470519099195, -3.4602441193856373, -3.4602441193856373, -3.6826669299189736, -3.6826669299189736, -3.39664042147246, -3.39664042147246, -3.5721393381516333, -3.5721393381516333, -3.4834004033858736]
7  :--------------------------------
fit_params:  [ 2.111 -0.163 -0.172  0.144 -0.229 -0.405 -0.096  0.36   1.235  0.088
 -2.494 -0.537  0.425 -1.593 -2.264]
current: -3.483+/-0.089  params:  [0.639 0.466 0.371 0.411]  grad:  [ 0.17   0.06  -0.242  0.253]  gamma_k: 0.1716  delta_k: 0.5007
Running block of size 20...
---Preparing executables
---Running executables, 80 in batch, delta=39.52921169399997
---Extracting values delta=7.059584717999996
---Extracted values delta=67.09400974800019
Running block of size 20...
---Preparing executables
---Running executables, 80 in batch, delta=39.79231955199998
---Extracting values delta=5.8652082059998065
---Extracted values delta=65.4355940989999
Running block of size 6...
---Preparing executables
---Running executables, 24 in batch, delta=12.089523697999994
---Extracting values delta=2.226422353000089
---Extracted values delta=26.14270915399993
[-2.1102289982834357, -3.9925470519099195, -3.9925470519099195, -3.4602441193856373, -3.4602441193856373, -3.6826669299189736, -3.6826669299189736, -3.39664042147246, -3.39664042147246, -3.5721393381516333, -3.5721393381516333, -3.4834004033858736, -3.4834004033858736, -3.5095705110043722]
8  :--------------------------------
fit_params:  [ 2.108  0.411 -0.239  1.    -0.127 -0.146 -0.159 -0.047  0.58   0.019
 -2.6   -0.657  0.409 -1.338 -2.146]
current: -3.510+/-0.088  params:  [0.667 0.478 0.385 0.414]  grad:  [-0.169 -0.077 -0.087 -0.023]  gamma_k: 0.1598  delta_k: 0.4929
Running block of size 20...
---Preparing executables
---Running executables, 80 in batch, delta=39.8546890250002
---Extracting values delta=5.3651951750000535
---Extracted values delta=66.11035462199993
Running block of size 20...
---Preparing executables
---Running executables, 80 in batch, delta=39.77471852000008
---Extracting values delta=5.795956785999806
---Extracted values delta=65.13859615299998
Running block of size 6...
---Preparing executables
---Running executables, 24 in batch, delta=12.081290566999996
---Extracting values delta=2.79507180399969
---Extracted values delta=30.32244403200002
[-2.1102289982834357, -3.9925470519099195, -3.9925470519099195, -3.4602441193856373, -3.4602441193856373, -3.6826669299189736, -3.6826669299189736, -3.39664042147246, -3.39664042147246, -3.5721393381516333, -3.5721393381516333, -3.4834004033858736, -3.4834004033858736, -3.5095705110043722, -3.5095705110043722, -3.413538935062404]
9  :--------------------------------
fit_params:  [ 2.071  0.351  0.558  0.666 -0.096 -0.283  0.174  0.018  0.84   0.111
 -2.512 -0.952 -0.092 -1.332 -2.048]
current: -3.414+/-0.083  params:  [0.674 0.466 0.352 0.394]  grad:  [-0.046  0.086  0.218  0.133]  gamma_k: 0.1500  delta_k: 0.4863
Running block of size 20...
---Preparing executables
---Running executables, 80 in batch, delta=39.74553319200004
---Extracting values delta=6.9343135429999165
---Extracted values delta=66.77733075799961
Running block of size 20...
---Preparing executables
---Running executables, 80 in batch, delta=40.2417682979999
---Extracting values delta=5.632998228999895
---Extracted values delta=67.05418743200016
Running block of size 6...
---Preparing executables
---Running executables, 24 in batch, delta=11.959979272000055
---Extracting values delta=2.245962612000312
---Extracted values delta=25.379162396000083
[-2.1102289982834357, -3.9925470519099195, -3.9925470519099195, -3.4602441193856373, -3.4602441193856373, -3.6826669299189736, -3.6826669299189736, -3.39664042147246, -3.39664042147246, -3.5721393381516333, -3.5721393381516333, -3.4834004033858736, -3.4834004033858736, -3.5095705110043722, -3.5095705110043722, -3.413538935062404, -3.413538935062404, -3.5527675138129453]
10  :--------------------------------
fit_params:  [ 1.856  0.677  0.238  0.525 -0.304 -0.165  0.232 -0.17   0.779  0.035
 -2.004 -0.995 -0.236 -1.029 -2.202]
current: -3.553+/-0.077  params:  [0.679 0.465 0.359 0.408]  grad:  [-0.038  0.003 -0.047 -0.094]  gamma_k: 0.1417  delta_k: 0.4806
Running block of size 20...
---Preparing executables
---Running executables, 80 in batch, delta=40.11707810200005
---Extracting values delta=6.0007971
---Extracted values delta=62.844244782999795
Running block of size 20...
---Preparing executables
---Running executables, 80 in batch, delta=39.604969959999835
---Extracting values delta=5.795637418999831
---Extracted values delta=64.71241045500028
Running block of size 6...
---Preparing executables
---Running executables, 24 in batch, delta=12.046870128000137
---Extracting values delta=3.214352453000174
---Extracted values delta=26.236323071000243
[-2.1102289982834357, -3.9925470519099195, -3.9925470519099195, -3.4602441193856373, -3.4602441193856373, -3.6826669299189736, -3.6826669299189736, -3.39664042147246, -3.39664042147246, -3.5721393381516333, -3.5721393381516333, -3.4834004033858736, -3.4834004033858736, -3.5095705110043722, -3.5095705110043722, -3.413538935062404, -3.413538935062404, -3.5527675138129453, -3.5527675138129453, -3.6586461239338353]
11  :--------------------------------
fit_params:  [ 2.183  1.366  0.378  0.831 -0.137 -0.228  0.048 -0.04   0.631 -0.24
 -2.596 -1.357 -0.057 -1.352 -1.973]
current: -3.659+/-0.067  params:  [0.673 0.428 0.392 0.45 ]  grad:  [ 0.044  0.277 -0.247 -0.313]  gamma_k: 0.1344  delta_k: 0.4755
Running block of size 20...
---Preparing executables
---Running executables, 80 in batch, delta=39.81583359900014
---Extracting values delta=5.477759526999762
---Extracted values delta=64.33368055399978
Running block of size 20...
---Preparing executables
---Running executables, 80 in batch, delta=39.87033257699977
---Extracting values delta=6.682217777999995
---Extracted values delta=66.30713110999977
Running block of size 6...
---Preparing executables
---Running executables, 24 in batch, delta=12.078492745999938
---Extracting values delta=2.199099165000007
---Extracted values delta=26.894319548999647
[-2.1102289982834357, -3.9925470519099195, -3.9925470519099195, -3.4602441193856373, -3.4602441193856373, -3.6826669299189736, -3.6826669299189736, -3.39664042147246, -3.39664042147246, -3.5721393381516333, -3.5721393381516333, -3.4834004033858736, -3.4834004033858736, -3.5095705110043722, -3.5095705110043722, -3.413538935062404, -3.413538935062404, -3.5527675138129453, -3.5527675138129453, -3.6586461239338353, -3.6586461239338353, -3.728745654397961]
12  :--------------------------------
fit_params:  [ 2.221  1.389  0.878  1.005 -0.57  -0.228  0.142  0.187  0.969 -0.613
 -2.361 -1.253 -0.073 -1.146 -2.315]
current: -3.729+/-0.074  params:  [0.656 0.408 0.407 0.404]  grad:  [ 0.131  0.152 -0.12   0.359]  gamma_k: 0.1281  delta_k: 0.4709
Running block of size 20...
---Preparing executables
---Running executables, 80 in batch, delta=39.6236037220001
---Extracting values delta=5.442359321999902
---Extracted values delta=62.91275054599964
Running block of size 20...
---Preparing executables
---Running executables, 80 in batch, delta=40.072740632000205
---Extracting values delta=5.751146842000253
---Extracted values delta=70.35631956299994
Running block of size 6...
---Preparing executables
---Running executables, 24 in batch, delta=12.029585206999855
---Extracting values delta=2.0507076039998537
---Extracted values delta=26.466347437999957
[-2.1102289982834357, -3.9925470519099195, -3.9925470519099195, -3.4602441193856373, -3.4602441193856373, -3.6826669299189736, -3.6826669299189736, -3.39664042147246, -3.39664042147246, -3.5721393381516333, -3.5721393381516333, -3.4834004033858736, -3.4834004033858736, -3.5095705110043722, -3.5095705110043722, -3.413538935062404, -3.413538935062404, -3.5527675138129453, -3.5527675138129453, -3.6586461239338353, -3.6586461239338353, -3.728745654397961, -3.728745654397961, -3.763449777216967]
13  :--------------------------------
fit_params:  [ 1.438  0.78   0.818  1.187 -0.671 -0.102  0.671  0.23   0.723 -1.051
 -1.393 -1.304 -0.583 -1.475 -2.209]
current: -3.763+/-0.072  params:  [0.65  0.46  0.45  0.463]  grad:  [ 0.049 -0.417 -0.351 -0.481]  gamma_k: 0.1225  delta_k: 0.4668
Running block of size 20...
---Preparing executables
---Running executables, 80 in batch, delta=39.785478540999975
---Extracting values delta=5.245152996999877
---Extracted values delta=65.1885552839999
Running block of size 20...
---Preparing executables
---Running executables, 80 in batch, delta=40.64144770299981
---Extracting values delta=5.479898444000355
---Extracted values delta=65.5468432130001
Running block of size 6...
---Preparing executables
---Running executables, 24 in batch, delta=11.97846671499974
---Extracting values delta=2.3183195460001116
---Extracted values delta=25.783281034000083
[-2.1102289982834357, -3.9925470519099195, -3.9925470519099195, -3.4602441193856373, -3.4602441193856373, -3.6826669299189736, -3.6826669299189736, -3.39664042147246, -3.39664042147246, -3.5721393381516333, -3.5721393381516333, -3.4834004033858736, -3.4834004033858736, -3.5095705110043722, -3.5095705110043722, -3.413538935062404, -3.413538935062404, -3.5527675138129453, -3.5527675138129453, -3.6586461239338353, -3.6586461239338353, -3.728745654397961, -3.728745654397961, -3.763449777216967, -3.763449777216967, -3.2684346076975714]
14  :--------------------------------
fit_params:  [ 0.651  0.678  0.631  1.011  0.167  0.166  0.205  0.395  0.704 -0.19
 -1.428 -1.661 -0.707 -1.679 -2.18 ]
current: -3.268+/-0.079  params:  [0.64  0.458 0.44  0.434]  grad:  [0.087 0.016 0.09  0.247]  gamma_k: 0.1175  delta_k: 0.4631
Running block of size 20...
---Preparing executables
---Running executables, 80 in batch, delta=39.775497805000214
---Extracting values delta=5.596167239999886
---Extracted values delta=63.66310017800015
Running block of size 20...
---Preparing executables
---Running executables, 80 in batch, delta=39.986730472999625
---Extracting values delta=6.007705358999829
---Extracted values delta=65.55277295799988
Running block of size 6...
---Preparing executables
---Running executables, 24 in batch, delta=12.162312701999781
---Extracting values delta=2.9353398089997427
---Extracted values delta=25.68192225599978
[-2.1102289982834357, -3.9925470519099195, -3.9925470519099195, -3.4602441193856373, -3.4602441193856373, -3.6826669299189736, -3.6826669299189736, -3.39664042147246, -3.39664042147246, -3.5721393381516333, -3.5721393381516333, -3.4834004033858736, -3.4834004033858736, -3.5095705110043722, -3.5095705110043722, -3.413538935062404, -3.413538935062404, -3.5527675138129453, -3.5527675138129453, -3.6586461239338353, -3.6586461239338353, -3.728745654397961, -3.728745654397961, -3.763449777216967, -3.763449777216967, -3.2684346076975714, -3.2684346076975714, -3.4453103172532966]
15  :--------------------------------
fit_params:  [ 0.306  0.852  0.58   0.701  0.437  0.154  0.326  0.178  0.014  0.138
 -1.072 -1.673 -0.961 -1.399 -2.303]
current: -3.445+/-0.070  params:  [0.639 0.462 0.421 0.482]  grad:  [ 0.009 -0.034  0.164 -0.429]  gamma_k: 0.1131  delta_k: 0.4596
***-3.45+/-0.07 1632034585.790237
---VQE complete: delta 3706.39704066
Data collected can be found at experiments/4x2_bayesmgd_zz_x_U_8_nocc_3_d_1-0919-065433/2x4
