{'theta': True, 'zeta': True, 'chi': False, 'gamma': True, 'phi': True, 'time': None}
{'theta': False, 'zeta': False, 'chi': False, 'gamma': False, 'phi': False, 'time': None}
                  (3, 2)
                  │
                  │
         (4, 1)───(4, 2)───(4, 3)
         │        │        │
         │        │        │
(5, 0)───(5, 1)───(5, 2)───(5, 3)───(5, 4)
         │        │        │        │
         │        │        │        │
         (6, 1)───(6, 2)───(6, 3)───(6, 4)───(6, 5)
                  │        │        │        │
                  │        │        │        │
                  (7, 2)───(7, 3)───(7, 4)───(7, 5)───(7, 6)
                           │        │        │
                           │        │        │
                           (8, 3)───(8, 4)───(8, 5)
                                    │
                                    │
                                    (9, 4)
Start at: (3, 2), with dr
Using qubits [cirq.GridQubit(3, 2), cirq.GridQubit(4, 2), cirq.GridQubit(4, 3), cirq.GridQubit(5, 3), cirq.GridQubit(5, 4), cirq.GridQubit(6, 4), cirq.GridQubit(6, 5), cirq.GridQubit(7, 5), cirq.GridQubit(4, 1), cirq.GridQubit(5, 1), cirq.GridQubit(5, 2), cirq.GridQubit(6, 2), cirq.GridQubit(6, 3), cirq.GridQubit(7, 3), cirq.GridQubit(7, 4), cirq.GridQubit(8, 4)]
Using qubits, JW:[cirq.GridQubit(3, 2), cirq.GridQubit(4, 2), cirq.GridQubit(4, 3), cirq.GridQubit(5, 3), cirq.GridQubit(5, 4), cirq.GridQubit(6, 4), cirq.GridQubit(6, 5), cirq.GridQubit(7, 5), cirq.GridQubit(4, 1), cirq.GridQubit(5, 1), cirq.GridQubit(5, 2), cirq.GridQubit(6, 2), cirq.GridQubit(6, 3), cirq.GridQubit(7, 3), cirq.GridQubit(7, 4), cirq.GridQubit(8, 4)]
                  [31m(3, 2)[0m
                  │
                  │
         [35m(4, 1)[0m───[31m(4, 2)[0m───[31m(4, 3)[0m
         │        │        │
         │        │        │
(5, 0)───[35m(5, 1)[0m───[35m(5, 2)[0m───[31m(5, 3)[0m───[31m(5, 4)[0m
         │        │        │        │
         │        │        │        │
         (6, 1)───[35m(6, 2)[0m───[35m(6, 3)[0m───[31m(6, 4)[0m───[31m(6, 5)[0m
                  │        │        │        │
                  │        │        │        │
                  (7, 2)───[35m(7, 3)[0m───[35m(7, 4)[0m───[31m(7, 5)[0m───(7, 6)
                           │        │        │
                           │        │        │
                           (8, 3)───[35m(8, 4)[0m───(8, 5)
                                    │
                                    │
                                    (9, 4)
None
Meas types ['onsite0', 'horiz0', 'horiz1']
Prepped onsite, pairs=[(0, 8), (1, 9), (2, 10), (3, 11), (4, 12), (5, 13), (6, 14), (7, 15)]
Prepped horiz, pairs=[(0, 1), (2, 3), (4, 5), (6, 7), (8, 9), (10, 11), (12, 13), (14, 15)]
Prepped horiz, pairs=[(1, 2), (3, 4), (5, 6), (9, 10), (11, 12), (13, 14)]
Set recompilation to False
Got pairs set [(10, 11), (5, 6), (3, 11), (5, 13), (8, 9), (4, 12), (6, 14), (1, 2), (6, 7), (7, 15), (12, 13), (4, 5), (2, 10), (9, 10), (2, 3), (1, 9), (14, 15), (0, 8), (11, 12), (0, 1), (13, 14), (3, 4)]
---Starting to do calibration: delta 2.7662264619999997
---Starting to set up measurements: delta 0.6560243109999995
---Starting to run VQE: delta 1.207425508
No optimisation, save file is experiments/8x1_single_zz_x_U_4_nocc_9_d_1-0914-011651/8x1/processed/processed.json
Given params: [[[[[0.605, 0.655, 0.466]]], [[[-0.605, -0.655, -0.466]]], [[[0, 0.655, 0.466]]], [[[0, -0.655, -0.466]]]]]
---Preparing executables
---Running executables, 12 in batch, delta=5.182053413
---Extracting values delta=2.890143232
---Extracted values delta=56.902560492999996
===3.1842264829308147 3.02479951544091 3.7563014074684693 4.578979295503963 1631578681.090358
Computed energies [3.1045129991858627], params [[[[0.605, 0.655, 0.466]]], [[[-0.605, -0.655, -0.466]]], [[[0, 0.655, 0.466]]], [[[0, -0.655, -0.466]]]]
***3.1045129991858627 1631578681.092892
---VQE complete: delta 64.980511689
---Starting TFLO
Using saved points
Using params [[[0, 0, 0]], [[0, 0, 0.785398]], [[0, 1.5708, 0.785398]], [[0, 1.5708, 1.5708]], [[0, 5.49779, 0.785398]], [[0, 2.35619, 0.785398]], [[0, 2.35619, 1.5708]], [[0, 5.49779, 1.5708]], [[0, 0.785398, 3.14159]], [[0, 0, 3.14159]], [[0, 5.49779, 2.35619]], [[0, 5.49779, 3.92699]], [[0, 2.35619, 3.14159]], [[0, 4.71239, 2.35619]], [[0, 3.92699, 2.35619]], [[0, 3.92699, 3.92699]], [[0, 0.655, 0.466]], [[0.605, 0.655, 0.466]], [[0, 0, 0]], [[0, 0, -0.785398]], [[0, -1.5708, -0.785398]], [[0, -1.5708, -1.5708]], [[0, -5.49779, -0.785398]], [[0, -2.35619, -0.785398]], [[0, -2.35619, -1.5708]], [[0, -5.49779, -1.5708]], [[0, -0.785398, -3.14159]], [[0, 0, -3.14159]], [[0, -5.49779, -2.35619]], [[0, -5.49779, -3.92699]], [[0, -2.35619, -3.14159]], [[0, -4.71239, -2.35619]], [[0, -3.92699, -2.35619]], [[0, -3.92699, -3.92699]], [[0, -0.655, -0.466]], [[-0.605, -0.655, -0.466]]]
---Preparing executables
---Running executables, 108 in batch, delta=46.40358835699999
---Extracting values delta=12.528999699999986
---Extracted values delta=104.24279287600001
---Time for noisy calculation: 163.192856719
***TFLON: 3.746339601272866,4.393135876269236,4.754450267196857,4.860067434937324,6.1567458454857995,6.303158495185914,6.557730874939565,7.775185693317735,6.903073478404288,8.012341904107672,9.390490991145196,10.054823588303845,9.828554928152839,9.942571797807554,9.721503829534262,10.749474206092627,3.614876700266971,3.322537619774439,3.9080689503949793,4.364778536408158,4.743554642476785,5.103893347284522,5.077314342133423,5.555641705451021,6.237675713565405,6.761512410229919,8.174244092113753,7.474246935778119,7.789649120744199,8.054824709651857,9.17396460067197,9.881931562243158,10.757872624689686,11.134413708851667,4.531580186028359,2.9547279200067313 1631578846.3497548
Noisy energies by type: {'onsite0': array([ 9.95150502, 10.0128866 , 10.33271202, 10.16530514, 10.59121695,
       10.65395349, 10.44418872, 10.58778626,  9.517812  , 10.01020842,
       10.7226452 , 10.57795699, 10.6585594 ,  9.95342764,  9.48108589,
        9.47940325,  9.59924564,  8.01605351,  9.93083211, 10.10669501,
       10.10092334,  9.95624088,  9.53446732,  9.517481  ,  9.55498502,
        9.86848472, 10.62455553,  9.93176972,  9.69803835,  9.65133779,
        9.4914683 , 10.31370011, 10.5714923 , 10.44968069, 10.63960692,
        8.77777778]), 'horiz0': array([-3.80059842, -3.22386438, -4.54116747, -4.2306143 , -2.69266161,
       -4.52033522, -4.02643934, -1.04500574, -0.59911352,  0.3435007 ,
        0.33027733,  1.1999535 , -0.96233994,  0.52252042, -0.27093832,
        0.78375891, -3.77377049, -2.84648597, -3.65701944, -3.30228392,
       -4.79338664, -4.3099598 , -2.39085337, -4.40951123, -3.78675497,
       -0.97511153, -0.72404494, -0.07312656,  0.15723851,  0.55643842,
       -0.81303371,  0.63408405,  0.0750242 ,  0.51850095, -4.21023846,
       -4.11496388]), 'horiz1': array([-2.404567  , -2.39588634, -1.03709428, -1.07462341, -1.7418095 ,
        0.16954023,  0.13998149, -1.76759483, -2.015625  , -2.34136722,
       -1.66243154, -1.7230869 ,  0.13233547, -0.53337626,  0.51135626,
        0.48631204, -2.21059845, -1.84702992, -2.36574372, -2.43963255,
       -0.56398206, -0.54238773, -2.06629961,  0.44767194,  0.46944566,
       -2.13186078, -1.7262665 , -2.38439623, -2.06562774, -2.1529515 ,
        0.49553001, -1.06585259,  0.11135612,  0.16623207, -1.89778828,
       -1.70808598])}
Using saved exact energies
Data collected can be found at experiments/8x1_single_zz_x_U_4_nocc_9_d_1-0914-011651/8x1
