{'theta': True, 'zeta': True, 'chi': False, 'gamma': True, 'phi': True, 'time': None}
{'theta': False, 'zeta': False, 'chi': False, 'gamma': False, 'phi': False, 'time': None}
                  (3, 2)
                  │
                  │
         (4, 1)───(4, 2)───(4, 3)
         │        │        │
         │        │        │
(5, 0)───(5, 1)───(5, 2)───(5, 3)───(5, 4)
         │        │        │        │
         │        │        │        │
         (6, 1)───(6, 2)───(6, 3)───(6, 4)───(6, 5)
                  │        │        │        │
                  │        │        │        │
                  (7, 2)───(7, 3)───(7, 4)───(7, 5)───(7, 6)
                           │        │        │
                           │        │        │
                           (8, 3)───(8, 4)───(8, 5)
                                    │
                                    │
                                    (9, 4)
Start at: (3, 2), with dr
Using qubits [cirq.GridQubit(3, 2), cirq.GridQubit(4, 2), cirq.GridQubit(4, 3), cirq.GridQubit(5, 3), cirq.GridQubit(5, 4), cirq.GridQubit(6, 4), cirq.GridQubit(6, 5), cirq.GridQubit(7, 5), cirq.GridQubit(4, 1), cirq.GridQubit(5, 1), cirq.GridQubit(5, 2), cirq.GridQubit(6, 2), cirq.GridQubit(6, 3), cirq.GridQubit(7, 3), cirq.GridQubit(7, 4), cirq.GridQubit(8, 4)]
Using qubits, JW:[cirq.GridQubit(3, 2), cirq.GridQubit(4, 2), cirq.GridQubit(4, 3), cirq.GridQubit(5, 3), cirq.GridQubit(5, 4), cirq.GridQubit(6, 4), cirq.GridQubit(6, 5), cirq.GridQubit(7, 5), cirq.GridQubit(4, 1), cirq.GridQubit(5, 1), cirq.GridQubit(5, 2), cirq.GridQubit(6, 2), cirq.GridQubit(6, 3), cirq.GridQubit(7, 3), cirq.GridQubit(7, 4), cirq.GridQubit(8, 4)]
                  [31m(3, 2)[0m
                  │
                  │
         [35m(4, 1)[0m───[31m(4, 2)[0m───[31m(4, 3)[0m
         │        │        │
         │        │        │
(5, 0)───[35m(5, 1)[0m───[35m(5, 2)[0m───[31m(5, 3)[0m───[31m(5, 4)[0m
         │        │        │        │
         │        │        │        │
         (6, 1)───[35m(6, 2)[0m───[35m(6, 3)[0m───[31m(6, 4)[0m───[31m(6, 5)[0m
                  │        │        │        │
                  │        │        │        │
                  (7, 2)───[35m(7, 3)[0m───[35m(7, 4)[0m───[31m(7, 5)[0m───(7, 6)
                           │        │        │
                           │        │        │
                           (8, 3)───[35m(8, 4)[0m───(8, 5)
                                    │
                                    │
                                    (9, 4)
None
Meas types ['onsite0', 'horiz0', 'horiz1']
Prepped onsite, pairs=[(0, 8), (1, 9), (2, 10), (3, 11), (4, 12), (5, 13), (6, 14), (7, 15)]
Prepped horiz, pairs=[(0, 1), (2, 3), (4, 5), (6, 7), (8, 9), (10, 11), (12, 13), (14, 15)]
Prepped horiz, pairs=[(1, 2), (3, 4), (5, 6), (9, 10), (11, 12), (13, 14)]
Set recompilation to False
Got pairs set [(10, 11), (5, 6), (3, 11), (5, 13), (8, 9), (4, 12), (6, 14), (1, 2), (6, 7), (7, 15), (12, 13), (4, 5), (2, 10), (9, 10), (2, 3), (1, 9), (14, 15), (0, 8), (11, 12), (0, 1), (13, 14), (3, 4)]
---Starting to do calibration: delta 3.5140973910000004
---Starting to set up measurements: delta 0.7546322679999999
---Starting to run VQE: delta 1.29307732
No optimisation, save file is experiments/8x1_single_zz_x_U_4_nocc_7_d_1-0914-031326/8x1/processed/processed.json
Given params: [[[[[0.603, 0.596, 0.472]]], [[[-0.603, -0.596, -0.472]]], [[[0, 0.596, 0.472]]], [[[0, -0.596, -0.472]]]]]
---Preparing executables
---Running executables, 12 in batch, delta=5.088241811000001
---Extracting values delta=2.810762460000001
---Extracted values delta=50.89876541700001
===-1.1137169403319767 -0.9173441800752145 -0.5370741241675892 0.3226452473610104 1631585670.994891
Computed energies [-1.0155305602035956], params [[[[0.603, 0.596, 0.472]]], [[[-0.603, -0.596, -0.472]]], [[[0, 0.596, 0.472]]], [[[0, -0.596, -0.472]]]]
***-1.0155305602035956 1631585670.996963
---VQE complete: delta 58.802967356
---Starting TFLO
Using saved points
Using params [[[0, 0, 0]], [[0, 0, 0.785398]], [[0, 1.5708, 0.785398]], [[0, 1.5708, 1.5708]], [[0, 5.49779, 0.785398]], [[0, 2.35619, 0.785398]], [[0, 2.35619, 1.5708]], [[0, 5.49779, 1.5708]], [[0, 0.785398, 3.14159]], [[0, 0, 3.14159]], [[0, 5.49779, 2.35619]], [[0, 5.49779, 3.92699]], [[0, 2.35619, 3.14159]], [[0, 4.71239, 2.35619]], [[0, 3.92699, 2.35619]], [[0, 3.92699, 3.92699]], [[0, 0.596, 0.472]], [[0.603, 0.596, 0.472]], [[0, 0, 0]], [[0, 0, -0.785398]], [[0, -1.5708, -0.785398]], [[0, -1.5708, -1.5708]], [[0, -5.49779, -0.785398]], [[0, -2.35619, -0.785398]], [[0, -2.35619, -1.5708]], [[0, -5.49779, -1.5708]], [[0, -0.785398, -3.14159]], [[0, 0, -3.14159]], [[0, -5.49779, -2.35619]], [[0, -5.49779, -3.92699]], [[0, -2.35619, -3.14159]], [[0, -4.71239, -2.35619]], [[0, -3.92699, -2.35619]], [[0, -3.92699, -3.92699]], [[0, -0.596, -0.472]], [[-0.603, -0.596, -0.472]]]
---Preparing executables
---Running executables, 108 in batch, delta=46.20290132400001
---Extracting values delta=12.905150278000008
---Extracted values delta=107.77918597500002
---Time for noisy calculation: 166.905010451
***TFLON: -0.20761687371249282,0.2075276309826628,0.656699301330292,1.0307391067351712,1.91859684474259,2.363169506472751,2.886310536785941,3.4344514690690753,2.7828067299167687,3.567413778842883,4.817554797496423,5.862558935916207,6.1013353713806735,5.915195185904216,5.94554257992495,6.841822918545219,-0.47912305558928603,-1.0801289896564708,-0.12312259375230816,0.3647596240108033,0.3539861247266254,1.0367844755831954,1.0212607435150745,1.3287068194170177,2.035481124867799,2.8770545407221313,4.041603406799621,3.5915187823430594,3.993955231896911,4.186457056206125,4.843408697102412,5.958467462922754,6.750546762772649,7.3219206030776975,0.360792934401017,-0.8974860900220187 1631585839.9183638
Noisy energies by type: {'onsite0': array([5.83619211, 6.06540043, 6.22204344, 6.16747573, 6.52171893,
       6.47646693, 6.33205568, 6.45712986, 5.46240133, 5.85217739,
       6.56296296, 6.49015501, 6.50854353, 6.02617329, 5.49989156,
       5.52921811, 5.61047463, 3.84196943, 5.86173913, 5.86578658,
       5.87584997, 6.03596966, 5.3762524 , 5.51095978, 5.49666308,
       5.75396993, 6.50828961, 5.86570946, 5.73196756, 5.38604651,
       5.39469178, 6.20260183, 6.45278923, 6.32761578, 6.32133213,
       4.60256942]), 'horiz0': array([-3.68067591e+00, -3.45961699e+00, -4.66161616e+00, -4.23164356e+00,
       -2.78463818e+00, -4.45127366e+00, -3.75390716e+00, -1.25218659e+00,
       -7.12707182e-01,  6.04171146e-02,  2.48803828e-02,  1.08933333e+00,
       -6.74262735e-01,  5.02450408e-01, -2.12314225e-03,  8.31036016e-01,
       -3.91916648e+00, -3.08388420e+00, -3.68429102e+00, -3.16893973e+00,
       -4.79325449e+00, -4.25132743e+00, -2.44270722e+00, -4.53880071e+00,
       -3.83103602e+00, -9.14359862e-01, -6.12628751e-01,  9.78586231e-02,
        2.28193833e-01,  7.46846647e-01, -9.28162186e-01,  6.39241918e-01,
       -3.92700393e-03,  6.98825697e-01, -3.88123104e+00, -3.69799789e+00]), 'horiz1': array([-2.36313307, -2.39825581, -0.90372798, -0.90509307, -1.8184839 ,
        0.33797624,  0.30816202, -1.7704918 , -1.96688742, -2.34518072,
       -1.77028855, -1.7169294 ,  0.26705457, -0.61342851,  0.44777416,
        0.4815688 , -2.17043121, -1.83821421, -2.3005707 , -2.33208723,
       -0.72860935, -0.74785775, -1.91228444,  0.35654775,  0.36985406,
       -1.96255553, -1.85405745, -2.3720493 , -1.96620616, -1.9464361 ,
        0.3768791 , -0.88337629,  0.30168453,  0.29547913, -2.07930816,
       -1.80205761])}
Using saved exact energies
Data collected can be found at experiments/8x1_single_zz_x_U_4_nocc_7_d_1-0914-031326/8x1
