{'theta': True, 'zeta': True, 'chi': False, 'gamma': True, 'phi': True, 'time': None}
{'theta': False, 'zeta': False, 'chi': False, 'gamma': False, 'phi': False, 'time': None}
(cirq.GridQubit(3, 2), cirq.GridQubit(4, 2)) = [0.005653352934596179]
(cirq.GridQubit(4, 1), cirq.GridQubit(5, 1)) = [0.007375015732618062]
(cirq.GridQubit(4, 2), cirq.GridQubit(5, 2)) = [0.00700440704363417]
(cirq.GridQubit(4, 3), cirq.GridQubit(5, 3)) = [0.00842885403620891]
(cirq.GridQubit(5, 0), cirq.GridQubit(5, 1)) = [0.007143743381215151]
(cirq.GridQubit(5, 1), cirq.GridQubit(5, 2)) = [0.007232199681100754]
(cirq.GridQubit(5, 1), cirq.GridQubit(6, 1)) = [0.006847979209530453]
(cirq.GridQubit(5, 2), cirq.GridQubit(5, 3)) = [0.005365521924709626]
(cirq.GridQubit(5, 2), cirq.GridQubit(6, 2)) = [0.009054877847637977]
(cirq.GridQubit(5, 3), cirq.GridQubit(5, 4)) = [0.004709536197255504]
(cirq.GridQubit(5, 3), cirq.GridQubit(6, 3)) = [0.0059856756579679815]
(cirq.GridQubit(5, 4), cirq.GridQubit(6, 4)) = [0.004651029460094991]
(cirq.GridQubit(6, 1), cirq.GridQubit(6, 2)) = [0.00792094837289739]
(cirq.GridQubit(6, 2), cirq.GridQubit(6, 3)) = [0.007011248412327475]
(cirq.GridQubit(6, 3), cirq.GridQubit(6, 4)) = [0.008591080011911889]
(cirq.GridQubit(6, 3), cirq.GridQubit(7, 3)) = [0.007132916363217168]
(cirq.GridQubit(6, 4), cirq.GridQubit(6, 5)) = [0.006546439558907491]
(cirq.GridQubit(6, 5), cirq.GridQubit(7, 5)) = [0.005374354358644029]
(cirq.GridQubit(7, 2), cirq.GridQubit(7, 3)) = [0.005801452337931445]
(cirq.GridQubit(7, 3), cirq.GridQubit(7, 4)) = [0.007189246112731862]
(cirq.GridQubit(7, 3), cirq.GridQubit(8, 3)) = [0.007149153734468561]
(cirq.GridQubit(7, 4), cirq.GridQubit(7, 5)) = [0.007115721498997363]
(cirq.GridQubit(7, 4), cirq.GridQubit(8, 4)) = [0.008183566995623004]
(cirq.GridQubit(7, 5), cirq.GridQubit(7, 6)) = [0.007730965482185048]
(cirq.GridQubit(7, 5), cirq.GridQubit(8, 5)) = [0.007667429199111786]
(cirq.GridQubit(8, 3), cirq.GridQubit(8, 4)) = [0.009143646022778867]
(cirq.GridQubit(8, 4), cirq.GridQubit(9, 4)) = [0.006191280976748176]
                  (3, 2)
                  │
                  │
         (4, 1)───(4, 2)───(4, 3)
         │        │        │
         │        │        │
(5, 0)───(5, 1)───(5, 2)───(5, 3)───(5, 4)
         │        │        │        │
         │        │        │        │
         (6, 1)───(6, 2)───(6, 3)───(6, 4)───(6, 5)
                  │        │        │        │
                  │        │        │        │
                  (7, 2)───(7, 3)───(7, 4)───(7, 5)───(7, 6)
                           │        │        │
                           │        │        │
                           (8, 3)───(8, 4)───(8, 5)
                                    │
                                    │
                                    (9, 4)
Start at: (3, 2), with dr
Using qubits [cirq.GridQubit(3, 2), cirq.GridQubit(4, 2), cirq.GridQubit(4, 3), cirq.GridQubit(5, 3), cirq.GridQubit(5, 4), cirq.GridQubit(6, 4), cirq.GridQubit(6, 5), cirq.GridQubit(7, 5), cirq.GridQubit(4, 1), cirq.GridQubit(5, 1), cirq.GridQubit(5, 2), cirq.GridQubit(6, 2), cirq.GridQubit(6, 3), cirq.GridQubit(7, 3), cirq.GridQubit(7, 4), cirq.GridQubit(8, 4)]
Using qubits, JW:[cirq.GridQubit(3, 2), cirq.GridQubit(4, 2), cirq.GridQubit(4, 3), cirq.GridQubit(5, 3), cirq.GridQubit(5, 4), cirq.GridQubit(6, 4), cirq.GridQubit(6, 5), cirq.GridQubit(7, 5), cirq.GridQubit(4, 1), cirq.GridQubit(5, 1), cirq.GridQubit(5, 2), cirq.GridQubit(6, 2), cirq.GridQubit(6, 3), cirq.GridQubit(7, 3), cirq.GridQubit(7, 4), cirq.GridQubit(8, 4)]
                  [31m(3, 2)[0m
                  │
                  │
         [35m(4, 1)[0m───[31m(4, 2)[0m───[31m(4, 3)[0m
         │        │        │
         │        │        │
(5, 0)───[35m(5, 1)[0m───[35m(5, 2)[0m───[31m(5, 3)[0m───[31m(5, 4)[0m
         │        │        │        │
         │        │        │        │
         (6, 1)───[35m(6, 2)[0m───[35m(6, 3)[0m───[31m(6, 4)[0m───[31m(6, 5)[0m
                  │        │        │        │
                  │        │        │        │
                  (7, 2)───[35m(7, 3)[0m───[35m(7, 4)[0m───[31m(7, 5)[0m───(7, 6)
                           │        │        │
                           │        │        │
                           (8, 3)───[35m(8, 4)[0m───(8, 5)
                                    │
                                    │
                                    (9, 4)
None
Set recompilation to False
Got pairs set [(10, 11), (5, 6), (3, 11), (5, 13), (8, 9), (4, 12), (6, 14), (1, 2), (6, 7), (7, 15), (12, 13), (4, 5), (2, 10), (9, 10), (2, 3), (1, 9), (14, 15), (0, 8), (11, 12), (0, 1), (13, 14), (3, 4)]
---Starting to do calibration: delta 3.873624519
---Starting to set up measurements: delta 1.1267444229999999
---Starting to run VQE: delta 2.2728720100000004
Running BayesMGD: n_evals 15, nshots 1000, max_iter 50, max_evals 300
---Preparing executables
---Running executables delta=2.4203790499999975
---Extracting values delta=1.9801115260000017
---Extracted values delta=64.58009324300001
---Preparing executables
---Running executables delta=80.47570375799998
---Extracting values delta=12.792676088000007
---Extracted values delta=126.50459345900003
[10.119686667775317, 9.85481819323015]
2  :--------------------------------
fit_params:  [-0.196  1.38   2.307 -0.042  1.309 -0.754 -0.816  0.41  -4.3   10.861]
current: 9.855+/-0.478  params:  [0.738 0.688 0.719]  grad:  [1.325 1.577 1.423]  gamma_k: 0.1977  delta_k: 0.6000
---Preparing executables
---Running executables delta=70.46759379500003
---Extracting values delta=12.120110673
---Extracted values delta=70.50064540400001
[10.119686667775317, 9.85481819323015, 9.85481819323015, 9.198440532153048]
3  :--------------------------------
fit_params:  [ 1.498  1.363  1.956 -0.117  0.848 -1.943 -2.072  0.642 -0.704 10.097]
current: 9.198+/-0.243  params:  [0.553 0.757 0.613]  grad:  [ 1.198 -0.447  0.685]  gamma_k: 0.1548  delta_k: 0.5594
---Preparing executables
---Running executables delta=69.25300210999995
---Extracting values delta=12.418198240000038
---Extracted values delta=68.439485988
[10.119686667775317, 9.85481819323015, 9.85481819323015, 9.198440532153048, 9.198440532153048, 9.882434323269724]
4  :--------------------------------
fit_params:  [ 0.935  0.441  1.01   0.095 -0.061 -0.844 -1.678  0.763 -0.188 10.304]
current: 9.882+/-0.173  params:  [0.628 0.692 0.651]  grad:  [-0.575  0.502 -0.297]  gamma_k: 0.1302  delta_k: 0.5370
---Preparing executables
---Running executables delta=69.53089768699999
---Extracting values delta=12.13533433400005
---Extracted values delta=71.08785210099995
[10.119686667775317, 9.85481819323015, 9.85481819323015, 9.198440532153048, 9.198440532153048, 9.882434323269724, 9.882434323269724, 10.284697228098699]
5  :--------------------------------
fit_params:  [ 0.846  0.019  1.119  0.299  0.237 -0.485 -1.58   0.866 -0.399 10.229]
current: 10.285+/-0.162  params:  [0.604 0.62  0.573]  grad:  [0.203 0.637 0.685]  gamma_k: 0.1139  delta_k: 0.5216
---Preparing executables
---Running executables delta=69.93034155999999
---Extracting values delta=11.91124685200009
---Extracted values delta=67.81284438500006
[10.119686667775317, 9.85481819323015, 9.85481819323015, 9.198440532153048, 9.198440532153048, 9.882434323269724, 9.882434323269724, 10.284697228098699, 10.284697228098699, 10.348687350565855]
6  :--------------------------------
fit_params:  [ 1.525  0.266  0.917  0.45  -0.044 -0.769 -1.858  0.141 -0.037 10.764]
current: 10.349+/-0.158  params:  [0.554 0.606 0.572]  grad:  [0.492 0.132 0.007]  gamma_k: 0.1020  delta_k: 0.5100
---Preparing executables
---Running executables delta=68.50000045900003
---Extracting values delta=11.63094559000001
---Extracted values delta=69.56131504100006
[10.119686667775317, 9.85481819323015, 9.85481819323015, 9.198440532153048, 9.198440532153048, 9.882434323269724, 9.882434323269724, 10.284697228098699, 10.284697228098699, 10.348687350565855, 10.348687350565855, 10.387363407476826]
7  :--------------------------------
fit_params:  [ 0.791 -0.014  0.899  0.564 -0.265 -0.012 -0.809 -0.033 -0.669 10.557]
current: 10.387+/-0.180  params:  [0.513 0.554 0.568]  grad:  [0.448 0.561 0.051]  gamma_k: 0.0930  delta_k: 0.5007
---Preparing executables
---Running executables delta=67.98431661600011
---Extracting values delta=12.85354218600014
---Extracted values delta=70.15094105400021
[10.119686667775317, 9.85481819323015, 9.85481819323015, 9.198440532153048, 9.198440532153048, 9.882434323269724, 9.882434323269724, 10.284697228098699, 10.284697228098699, 10.348687350565855, 10.348687350565855, 10.387363407476826, 10.387363407476826, 10.324880174908452]
8  :--------------------------------
fit_params:  [ 0.602  0.11   0.776  0.317 -0.269 -0.339 -0.479 -0.131 -0.745 10.807]
current: 10.325+/-0.143  params:  [0.497 0.56  0.612]  grad:  [ 0.185 -0.068 -0.515]  gamma_k: 0.0858  delta_k: 0.4929
---Preparing executables
---Running executables delta=69.81063490300016
---Extracting values delta=12.588651878000064
---Extracted values delta=70.76566107100007
[10.119686667775317, 9.85481819323015, 9.85481819323015, 9.198440532153048, 9.198440532153048, 9.882434323269724, 9.882434323269724, 10.284697228098699, 10.284697228098699, 10.348687350565855, 10.348687350565855, 10.387363407476826, 10.387363407476826, 10.324880174908452, 10.324880174908452, 10.285321277873999]
9  :--------------------------------
fit_params:  [ 0.493  0.182  0.904  0.139 -0.019 -0.254 -0.457  0.166 -0.942 10.577]
current: 10.285+/-0.145  params:  [0.484 0.544 0.623]  grad:  [ 0.165  0.197 -0.138]  gamma_k: 0.0799  delta_k: 0.4863
---Preparing executables
---Running executables delta=69.37152134200005
---Extracting values delta=12.661981093000122
---Extracted values delta=70.37050951300012
[10.119686667775317, 9.85481819323015, 9.85481819323015, 9.198440532153048, 9.198440532153048, 9.882434323269724, 9.882434323269724, 10.284697228098699, 10.284697228098699, 10.348687350565855, 10.348687350565855, 10.387363407476826, 10.387363407476826, 10.324880174908452, 10.324880174908452, 10.285321277873999, 10.285321277873999, 10.285978857038511]
10  :--------------------------------
fit_params:  [ 0.49   0.574  1.051  0.175 -0.161 -0.511 -0.666 -0.159 -0.738 10.754]
current: 10.286+/-0.171  params:  [0.499 0.544 0.634]  grad:  [-0.202 -0.002 -0.14 ]  gamma_k: 0.0750  delta_k: 0.4806
---Preparing executables
---Running executables delta=68.61041339899998
---Extracting values delta=11.790336965000051
---Extracted values delta=71.15300413199998
[10.119686667775317, 9.85481819323015, 9.85481819323015, 9.198440532153048, 9.198440532153048, 9.882434323269724, 9.882434323269724, 10.284697228098699, 10.284697228098699, 10.348687350565855, 10.348687350565855, 10.387363407476826, 10.387363407476826, 10.324880174908452, 10.324880174908452, 10.285321277873999, 10.285321277873999, 10.285978857038511, 10.285978857038511, 10.126286129872778]
11  :--------------------------------
fit_params:  [ 0.973  0.956  1.253 -0.227  0.073 -0.673 -0.976 -0.072 -1.04  10.762]
current: 10.126+/-0.137  params:  [0.51  0.552 0.642]  grad:  [-0.161 -0.111 -0.112]  gamma_k: 0.0708  delta_k: 0.4755
***10.13+/-0.14 1630450145.050379
---VQE complete: delta 1652.48507829
Data collected can be found at experiments/8x1_bayesmgd_zz_x_U_4_nocc_11_d_1-0831/8x1
