{'theta': True, 'zeta': True, 'chi': False, 'gamma': True, 'phi': True, 'time': None}
{'theta': False, 'zeta': False, 'chi': False, 'gamma': False, 'phi': False, 'time': None}
                  (3, 2)
                  │
                  │
         (4, 1)───(4, 2)───(4, 3)
         │        │        │
         │        │        │
(5, 0)───(5, 1)───(5, 2)───(5, 3)───(5, 4)
         │        │        │        │
         │        │        │        │
         (6, 1)───(6, 2)───(6, 3)───(6, 4)───(6, 5)
                  │        │        │        │
                  │        │        │        │
                  (7, 2)───(7, 3)───(7, 4)───(7, 5)───(7, 6)
                           │        │        │
                           │        │        │
                           (8, 3)───(8, 4)───(8, 5)
                                    │
                                    │
                                    (9, 4)
Start at: (3, 2), with dr
Using qubits [cirq.GridQubit(3, 2), cirq.GridQubit(4, 2), cirq.GridQubit(4, 3), cirq.GridQubit(5, 3), cirq.GridQubit(5, 4), cirq.GridQubit(6, 4), cirq.GridQubit(6, 5), cirq.GridQubit(7, 5), cirq.GridQubit(4, 1), cirq.GridQubit(5, 1), cirq.GridQubit(5, 2), cirq.GridQubit(6, 2), cirq.GridQubit(6, 3), cirq.GridQubit(7, 3), cirq.GridQubit(7, 4), cirq.GridQubit(8, 4)]
Using qubits, JW:[cirq.GridQubit(3, 2), cirq.GridQubit(4, 2), cirq.GridQubit(4, 3), cirq.GridQubit(5, 3), cirq.GridQubit(5, 4), cirq.GridQubit(6, 4), cirq.GridQubit(6, 5), cirq.GridQubit(7, 5), cirq.GridQubit(4, 1), cirq.GridQubit(5, 1), cirq.GridQubit(5, 2), cirq.GridQubit(6, 2), cirq.GridQubit(6, 3), cirq.GridQubit(7, 3), cirq.GridQubit(7, 4), cirq.GridQubit(8, 4)]
                  [31m(3, 2)[0m
                  │
                  │
         [35m(4, 1)[0m───[31m(4, 2)[0m───[31m(4, 3)[0m
         │        │        │
         │        │        │
(5, 0)───[35m(5, 1)[0m───[35m(5, 2)[0m───[31m(5, 3)[0m───[31m(5, 4)[0m
         │        │        │        │
         │        │        │        │
         (6, 1)───[35m(6, 2)[0m───[35m(6, 3)[0m───[31m(6, 4)[0m───[31m(6, 5)[0m
                  │        │        │        │
                  │        │        │        │
                  (7, 2)───[35m(7, 3)[0m───[35m(7, 4)[0m───[31m(7, 5)[0m───(7, 6)
                           │        │        │
                           │        │        │
                           (8, 3)───[35m(8, 4)[0m───(8, 5)
                                    │
                                    │
                                    (9, 4)
None
Meas types ['onsite0', 'horiz0', 'vert02', 'vert12']
Prepped onsite, pairs=[(0, 8), (1, 9), (2, 10), (3, 11), (4, 12), (5, 13), (6, 14), (7, 15)]
Prepped horiz, pairs=[(0, 1), (2, 3), (4, 5), (6, 7), (8, 9), (10, 11), (12, 13), (14, 15)]
Prepped vert0, pairs=[(1, 2), (3, 4), (5, 6), (9, 10), (11, 12), (13, 14)]
Prepped vert1, pairs=[(1, 2), (3, 4), (5, 6), (9, 10), (11, 12), (13, 14)]
Set recompilation to False
Got pairs set [(10, 11), (5, 6), (3, 11), (5, 13), (8, 9), (4, 12), (6, 14), (1, 2), (6, 7), (7, 15), (12, 13), (4, 5), (2, 10), (9, 10), (2, 3), (1, 9), (14, 15), (0, 8), (11, 12), (0, 1), (13, 14), (3, 4)]
---Starting to do calibration: delta 3.370793668
---Starting to set up measurements: delta 0.8282033240000004
---Starting to run VQE: delta 2.372814377000001
No optimisation, save file is experiments/4x2_single_U_8_nocc_15_d_1-0919-212040/2x4/processed/processed.json
Given params: [[[[[0.808, 0.762, 0.816, 0.95]]], [[[-0.808, -0.762, -0.816, -0.95]]], [[[0, 0.762, 0.816, 0.95]]], [[[0, -0.762, -0.816, -0.95]]]]]
---Preparing executables
---Running executables, 16 in batch, delta=8.004756409999999
---Extracting values delta=2.735887462000001
---Extracted values delta=67.047832346
===54.310191362348824 54.16559416849069 54.25425326642008 54.26728265788383 1632082925.078679
Computed energies [54.23789276541976], params [[[[0.808, 0.762, 0.816, 0.95]]], [[[-0.808, -0.762, -0.816, -0.95]]], [[[0, 0.762, 0.816, 0.95]]], [[[0, -0.762, -0.816, -0.95]]]]
***54.23789276541976 1632082925.08036
---VQE complete: delta 77.795090682
---Starting TFLO
Using saved points
Using params [[[0, 0.785398, 0, 0]], [[0, 0.785398, 0, 1.5708]], [[0, 5.49779, 4.71239, 0.785398]], [[0, 0.785398, 0.785398, 3.14159]], [[0, 5.49779, 3.14159, 1.5708]], [[0, 2.35619, 0, 3.92699]], [[0, 5.49779, 0, 4.71239]], [[0, 3.92699, 5.49779, 3.92699]], [[0, 3.92699, 4.71239, 3.14159]], [[0, 5.49779, 1.5708, 4.71239]], [[0, 3.92699, 4.71239, 3.92699]], [[0, 5.49779, 1.5708, 5.49779]], [[0, 5.49779, 3.14159, 3.92699]], [[0, 2.35619, 2.35619, 4.71239]], [[0, 3.92699, 3.92699, 4.71239]], [[0, 3.14159, 3.92699, 5.49779]], [[0, 0.762, 0.816, 0.95]], [[0.808, 0.762, 0.816, 0.95]], [[0, -0.785398, 0, 0]], [[0, -0.785398, 0, -1.5708]], [[0, -5.49779, -4.71239, -0.785398]], [[0, -0.785398, -0.785398, -3.14159]], [[0, -5.49779, -3.14159, -1.5708]], [[0, -2.35619, 0, -3.92699]], [[0, -5.49779, 0, -4.71239]], [[0, -3.92699, -5.49779, -3.92699]], [[0, -3.92699, -4.71239, -3.14159]], [[0, -5.49779, -1.5708, -4.71239]], [[0, -3.92699, -4.71239, -3.92699]], [[0, -5.49779, -1.5708, -5.49779]], [[0, -5.49779, -3.14159, -3.92699]], [[0, -2.35619, -2.35619, -4.71239]], [[0, -3.92699, -3.92699, -4.71239]], [[0, -3.14159, -3.92699, -5.49779]], [[0, -0.762, -0.816, -0.95]], [[-0.808, -0.762, -0.816, -0.95]]]
---Preparing executables
---Running executables, 144 in batch, delta=66.36692468800001
---Extracting values delta=8.363588710000016
---Extracted values delta=136.27351803000002
---Time for noisy calculation: 211.026404898
***TFLON: 54.18949876310463,54.34442206373244,54.46610919119828,54.774702828057755,54.7070958994863,54.94161127807094,55.15068171397101,55.393845156095736,55.410297168565315,55.523654991353595,55.75937955733747,55.95947679478375,56.10191068949241,56.21884854127263,56.51734390801623,56.77152116589217,54.26953350319934,54.31496553373911,54.19508689501584,54.653529738120646,54.548415684504164,54.8470661657007,54.79684694245125,55.20453568263858,55.51258333944425,55.4533290145069,55.58455747570132,55.80480572519495,55.998396175323876,56.12177731978958,56.149735726166575,56.47241324455151,56.734141210182194,57.03428694261489,54.2545793375347,54.135586468978595 1632083138.94555
Noisy energies by type: {'onsite0': array([56., 56., 56., 56., 56., 56., 56., 56., 56., 56., 56., 56., 56.,
       56., 56., 56., 56., 56., 56., 56., 56., 56., 56., 56., 56., 56.,
       56., 56., 56., 56., 56., 56., 56., 56., 56., 56.]), 'horiz0': array([-0.71851096, -0.69261084, -0.72195122, -0.59728287, -0.60441671,
       -0.7932526 , -0.74564797, -0.64046021, -0.50780533, -0.19784525,
       -0.4056299 , -0.09750353,  0.05865922,  0.17257463,  0.10882765,
        0.30171278, -0.70560503, -0.69667319, -0.73150106, -0.65374403,
       -0.74702108, -0.66263896, -0.60199456, -0.73921867, -0.72447013,
       -0.6629514 , -0.44676979, -0.18423645, -0.29717411, -0.05165193,
        0.08634079,  0.33885909,  0.28366248,  0.50194175, -0.7291441 ,
       -0.78741259]), 'vert02': array([-0.54363636, -0.41544435, -0.49370629, -0.1179159 , -0.31850854,
       -0.02760085, -0.10572687, -0.13390929, -0.1994874 , -0.00131752,
       -0.07264957,  0.10711225,  0.02559497,  0.1547572 ,  0.11885762,
        0.22664432, -0.37560038, -0.34301521, -0.62890625, -0.53775241,
       -0.43903528, -0.27593537, -0.33026371, -0.04813315,  0.01104728,
        0.03042434, -0.11779554,  0.00563747,  0.07473904,  0.06772101,
        0.00289855,  0.18816518,  0.18549451,  0.28792437, -0.57242063,
       -0.59493127]), 'vert12': array([-0.54835391, -0.54752275, -0.3182333 , -0.51009839, -0.36997886,
       -0.23753528,  0.00205656,  0.16821465,  0.11758989, -0.27718224,
        0.23765903, -0.05013193,  0.0176565 , -0.10848329,  0.28965863,
        0.24316406, -0.64926108, -0.64534606, -0.4445058 , -0.15497382,
       -0.26552795, -0.2143595 , -0.27089479, -0.00811249,  0.22600619,
        0.08585608,  0.14912281, -0.01659529,  0.22083125,  0.10570825,
        0.06049638, -0.05461103,  0.26498423,  0.24442083, -0.44385593,
       -0.48206967])}
Using saved exact energies
Data collected can be found at experiments/4x2_single_U_8_nocc_15_d_1-0919-212040/2x4
