{'theta': True, 'zeta': True, 'chi': False, 'gamma': True, 'phi': True, 'time': None}
{'theta': False, 'zeta': False, 'chi': False, 'gamma': False, 'phi': False, 'time': None}
                  (3, 2)
                  │
                  │
         (4, 1)───(4, 2)───(4, 3)
         │        │        │
         │        │        │
(5, 0)───(5, 1)───(5, 2)───(5, 3)───(5, 4)
         │        │        │        │
         │        │        │        │
         (6, 1)───(6, 2)───(6, 3)───(6, 4)───(6, 5)
                  │        │        │        │
                  │        │        │        │
                  (7, 2)───(7, 3)───(7, 4)───(7, 5)───(7, 6)
                           │        │        │
                           │        │        │
                           (8, 3)───(8, 4)───(8, 5)
                                    │
                                    │
                                    (9, 4)
Start at: (3, 2), with dr
Using qubits [cirq.GridQubit(3, 2), cirq.GridQubit(4, 2), cirq.GridQubit(4, 3), cirq.GridQubit(5, 3), cirq.GridQubit(5, 4), cirq.GridQubit(6, 4), cirq.GridQubit(6, 5), cirq.GridQubit(7, 5), cirq.GridQubit(4, 1), cirq.GridQubit(5, 1), cirq.GridQubit(5, 2), cirq.GridQubit(6, 2), cirq.GridQubit(6, 3), cirq.GridQubit(7, 3), cirq.GridQubit(7, 4), cirq.GridQubit(8, 4)]
Using qubits, JW:[cirq.GridQubit(3, 2), cirq.GridQubit(4, 2), cirq.GridQubit(4, 3), cirq.GridQubit(5, 3), cirq.GridQubit(5, 4), cirq.GridQubit(6, 4), cirq.GridQubit(6, 5), cirq.GridQubit(7, 5), cirq.GridQubit(4, 1), cirq.GridQubit(5, 1), cirq.GridQubit(5, 2), cirq.GridQubit(6, 2), cirq.GridQubit(6, 3), cirq.GridQubit(7, 3), cirq.GridQubit(7, 4), cirq.GridQubit(8, 4)]
                  [31m(3, 2)[0m
                  │
                  │
         [35m(4, 1)[0m───[31m(4, 2)[0m───[31m(4, 3)[0m
         │        │        │
         │        │        │
(5, 0)───[35m(5, 1)[0m───[35m(5, 2)[0m───[31m(5, 3)[0m───[31m(5, 4)[0m
         │        │        │        │
         │        │        │        │
         (6, 1)───[35m(6, 2)[0m───[35m(6, 3)[0m───[31m(6, 4)[0m───[31m(6, 5)[0m
                  │        │        │        │
                  │        │        │        │
                  (7, 2)───[35m(7, 3)[0m───[35m(7, 4)[0m───[31m(7, 5)[0m───(7, 6)
                           │        │        │
                           │        │        │
                           (8, 3)───[35m(8, 4)[0m───(8, 5)
                                    │
                                    │
                                    (9, 4)
None
Meas types ['onsite0', 'horiz0', 'horiz1']
Prepped onsite, pairs=[(0, 8), (1, 9), (2, 10), (3, 11), (4, 12), (5, 13), (6, 14), (7, 15)]
Prepped horiz, pairs=[(0, 1), (2, 3), (4, 5), (6, 7), (8, 9), (10, 11), (12, 13), (14, 15)]
Prepped horiz, pairs=[(1, 2), (3, 4), (5, 6), (9, 10), (11, 12), (13, 14)]
Set recompilation to False
Got pairs set [(10, 11), (5, 6), (3, 11), (5, 13), (8, 9), (4, 12), (6, 14), (1, 2), (6, 7), (7, 15), (12, 13), (4, 5), (2, 10), (9, 10), (2, 3), (1, 9), (14, 15), (0, 8), (11, 12), (0, 1), (13, 14), (3, 4)]
---Starting to do calibration: delta 3.3976601329999996
---Starting to set up measurements: delta 0.6634304639999993
---Starting to run VQE: delta 1.232804883
No optimisation, save file is experiments/8x1_single_zz_x_U_8_nocc_8_d_1-0915-010531/8x1/processed/processed.json
Given params: [[[[[1.087, 0.698, 0.407]]], [[[-1.087, -0.698, -0.407]]], [[[0, 0.698, 0.407]]], [[[0, -0.698, -0.407]]]]]
---Preparing executables
---Running executables, 12 in batch, delta=5.519248071999998
---Extracting values delta=2.208449433000002
---Extracted values delta=55.173292616999994
===5.856334196498817 5.4979538648910395 8.408598814316978 11.283517339619033 1631664399.748833
Computed energies [5.677144030694928], params [[[[1.087, 0.698, 0.407]]], [[[-1.087, -0.698, -0.407]]], [[[0, 0.698, 0.407]]], [[[0, -0.698, -0.407]]]]
***5.677144030694928 1631664399.751064
---VQE complete: delta 62.906357415
---Starting TFLO
Using saved points
Using params [[[0, 0, 0]], [[0, 0.785398, 0]], [[0, 1.5708, 0.785398]], [[0, 1.5708, 1.5708]], [[0, 5.49779, 0.785398]], [[0, 2.35619, 0.785398]], [[0, 2.35619, 1.5708]], [[0, 3.14159, 0]], [[0, 0.785398, 3.14159]], [[0, 0, 3.14159]], [[0, 0, 4.71239]], [[0, 0.785398, 5.49779]], [[0, 4.71239, 5.49779]], [[0, 4.71239, 2.35619]], [[0, 3.14159, 3.14159]], [[0, 3.92699, 3.92699]], [[0, 0.698, 0.407]], [[1.087, 0.698, 0.407]], [[0, 0, 0]], [[0, -0.785398, 0]], [[0, -1.5708, -0.785398]], [[0, -1.5708, -1.5708]], [[0, -5.49779, -0.785398]], [[0, -2.35619, -0.785398]], [[0, -2.35619, -1.5708]], [[0, -3.14159, 0]], [[0, -0.785398, -3.14159]], [[0, 0, -3.14159]], [[0, 0, -4.71239]], [[0, -0.785398, -5.49779]], [[0, -4.71239, -5.49779]], [[0, -4.71239, -2.35619]], [[0, -3.14159, -3.14159]], [[0, -3.92699, -3.92699]], [[0, -0.698, -0.407]], [[-1.087, -0.698, -0.407]]]
---Preparing executables
---Running executables, 108 in batch, delta=47.304739646
---Extracting values delta=5.568121985999994
---Extracted values delta=106.45291564799999
---Time for noisy calculation: 159.343529747
***TFLON: 9.35768648013923,8.694079576194472,10.343364655753366,10.454503689122136,12.777687659098618,12.608953640995137,12.898344432529507,12.298598016457358,12.359425178198421,14.235748405905007,15.321503643063943,14.175787042530816,16.83832341929264,16.96269896761424,16.24878122638427,16.696703029551305,8.738357489309525,5.791945470672744,9.616147863529566,11.518510401577453,10.759328205014578,11.18042706197735,10.231147005681802,11.197358045339358,12.134920886136806,12.258007253041797,15.439633760346183,13.658793748970353,15.065264107212252,16.713834150189903,15.842087872934583,16.031481836023353,16.700663867646412,18.04038355207422,11.098677816972446,5.504281463658052 1631664561.12451
Noisy energies by type: {'onsite0': array([15.82564962, 14.83774834, 16.47058824, 16.13033906, 17.19471044,
       17.43947655, 17.07052124, 15.89168606, 14.82897297, 16.        ,
       16.26431356, 15.09907692, 16.42853968, 16.655209  , 15.54389768,
       15.01176471, 15.16033484,  8.89345948, 16.02320282, 17.48542881,
       16.33104631, 16.1026936 , 15.03014417, 15.14789806, 15.35213675,
       15.82040105, 17.69116433, 15.88961892, 16.25883865, 17.01771058,
       16.53276231, 16.50115619, 15.83552353, 17.11014312, 17.55920775,
       10.2027555 ]), 'horiz0': array([-4.34975886, -4.32010189, -5.28997417, -4.86574183, -3.15690979,
       -5.28793419, -4.67515629, -4.81462585, -0.64960075,  0.21976034,
        1.06631417,  0.9506062 ,  0.40391035,  0.19176232, -0.50215208,
        0.56685714, -4.48957346, -1.88373531, -4.36608624, -4.63945578,
       -5.56518082, -4.89894169, -3.02881779, -5.00571671, -4.28718609,
       -4.79628401, -1.02189781, -0.27644444,  0.78489085,  0.98896882,
        0.04339881,  0.32826334, -0.39928778,  0.43673938, -5.0150074 ,
       -3.7009544 ]), 'horiz1': array([-2.11820428, -1.82356688, -0.83724941, -0.81009354, -1.26011299,
        0.45741127,  0.50297947,  1.22153781, -1.81994704, -1.98401194,
       -2.00912409, -1.87389608,  0.0058734 ,  0.11572765,  1.20703563,
        1.11808118, -1.93240389, -1.2177787 , -2.04096872, -1.32746263,
       -0.00653728, -0.02332485, -1.77017937,  1.05517669,  1.06997023,
        1.23389021, -1.22963276, -1.95438073, -1.9784654 , -1.29284526,
       -0.73407325, -0.79793769,  1.26442812,  0.49350105, -1.44552254,
       -0.99751964])}
Using saved exact energies
Data collected can be found at experiments/8x1_single_zz_x_U_8_nocc_8_d_1-0915-010531/8x1
