{'theta': True, 'zeta': True, 'chi': False, 'gamma': True, 'phi': True, 'time': None}
{'theta': False, 'zeta': False, 'chi': False, 'gamma': False, 'phi': False, 'time': None}
                  (3, 2)
                  │
                  │
         (4, 1)───(4, 2)───(4, 3)
         │        │        │
         │        │        │
(5, 0)───(5, 1)───(5, 2)───(5, 3)───(5, 4)
         │        │        │        │
         │        │        │        │
         (6, 1)───(6, 2)───(6, 3)───(6, 4)───(6, 5)
                  │        │        │        │
                  │        │        │        │
                  (7, 2)───(7, 3)───(7, 4)───(7, 5)───(7, 6)
                           │        │        │
                           │        │        │
                           (8, 3)───(8, 4)───(8, 5)
                                    │
                                    │
                                    (9, 4)
Start at: (3, 2), with dr
Using qubits [cirq.GridQubit(3, 2), cirq.GridQubit(4, 2), cirq.GridQubit(4, 3), cirq.GridQubit(5, 3), cirq.GridQubit(5, 4), cirq.GridQubit(6, 4), cirq.GridQubit(6, 5), cirq.GridQubit(7, 5), cirq.GridQubit(4, 1), cirq.GridQubit(5, 1), cirq.GridQubit(5, 2), cirq.GridQubit(6, 2), cirq.GridQubit(6, 3), cirq.GridQubit(7, 3), cirq.GridQubit(7, 4), cirq.GridQubit(8, 4)]
Using qubits, JW:[cirq.GridQubit(3, 2), cirq.GridQubit(4, 2), cirq.GridQubit(4, 3), cirq.GridQubit(5, 3), cirq.GridQubit(5, 4), cirq.GridQubit(6, 4), cirq.GridQubit(6, 5), cirq.GridQubit(7, 5), cirq.GridQubit(4, 1), cirq.GridQubit(5, 1), cirq.GridQubit(5, 2), cirq.GridQubit(6, 2), cirq.GridQubit(6, 3), cirq.GridQubit(7, 3), cirq.GridQubit(7, 4), cirq.GridQubit(8, 4)]
                  [31m(3, 2)[0m
                  │
                  │
         [35m(4, 1)[0m───[31m(4, 2)[0m───[31m(4, 3)[0m
         │        │        │
         │        │        │
(5, 0)───[35m(5, 1)[0m───[35m(5, 2)[0m───[31m(5, 3)[0m───[31m(5, 4)[0m
         │        │        │        │
         │        │        │        │
         (6, 1)───[35m(6, 2)[0m───[35m(6, 3)[0m───[31m(6, 4)[0m───[31m(6, 5)[0m
                  │        │        │        │
                  │        │        │        │
                  (7, 2)───[35m(7, 3)[0m───[35m(7, 4)[0m───[31m(7, 5)[0m───(7, 6)
                           │        │        │
                           │        │        │
                           (8, 3)───[35m(8, 4)[0m───(8, 5)
                                    │
                                    │
                                    (9, 4)
None
Meas types ['onsite0', 'horiz0', 'horiz1']
Prepped onsite, pairs=[(0, 8), (1, 9), (2, 10), (3, 11), (4, 12), (5, 13), (6, 14), (7, 15)]
Prepped horiz, pairs=[(0, 1), (2, 3), (4, 5), (6, 7), (8, 9), (10, 11), (12, 13), (14, 15)]
Prepped horiz, pairs=[(1, 2), (3, 4), (5, 6), (9, 10), (11, 12), (13, 14)]
Set recompilation to False
Got pairs set [(10, 11), (5, 6), (3, 11), (5, 13), (8, 9), (4, 12), (6, 14), (1, 2), (6, 7), (7, 15), (12, 13), (4, 5), (2, 10), (9, 10), (2, 3), (1, 9), (14, 15), (0, 8), (11, 12), (0, 1), (13, 14), (3, 4)]
---Starting to do calibration: delta 4.167547127
---Starting to set up measurements: delta 0.6639903619999998
---Starting to run VQE: delta 1.221553677000001
No optimisation, save file is experiments/8x1_single_zz_x_U_8_nocc_10_d_1-0914-232322/8x1/processed/processed.json
Given params: [[[[[0.886, 0.678, 0.565]]], [[[-0.886, -0.678, -0.565]]], [[[0, 0.678, 0.565]]], [[[0, -0.678, -0.565]]]]]
---Preparing executables
---Running executables, 12 in batch, delta=5.166477809000002
---Extracting values delta=2.4506806790000013
---Extracted values delta=50.186970472
===17.052255958572815 16.442462537645333 18.914905753236077 20.634256866707638 1631658266.60514
Computed energies [16.747359248109074], params [[[[0.886, 0.678, 0.565]]], [[[-0.886, -0.678, -0.565]]], [[[0, 0.678, 0.565]]], [[[0, -0.678, -0.565]]]]
***16.747359248109074 1631658266.60892
---VQE complete: delta 57.811157777
---Starting TFLO
Using saved points
Using params [[[0, 0, 0]], [[0, 0, 0.785398]], [[0, 0.785398, 1.5708]], [[0, 1.5708, 0]], [[0, 0.785398, 2.35619]], [[0, 3.92699, 0]], [[0, 2.35619, 1.5708]], [[0, 5.49779, 1.5708]], [[0, 0.785398, 3.14159]], [[0, 0, 5.49779]], [[0, 5.49779, 4.71239]], [[0, 5.49779, 3.14159]], [[0, 4.71239, 4.71239]], [[0, 4.71239, 3.92699]], [[0, 3.92699, 2.35619]], [[0, 3.14159, 3.14159]], [[0, 0.678, 0.565]], [[0.886, 0.678, 0.565]], [[0, 0, 0]], [[0, 0, -0.785398]], [[0, -0.785398, -1.5708]], [[0, -1.5708, 0]], [[0, -0.785398, -2.35619]], [[0, -3.92699, 0]], [[0, -2.35619, -1.5708]], [[0, -5.49779, -1.5708]], [[0, -0.785398, -3.14159]], [[0, 0, -5.49779]], [[0, -5.49779, -4.71239]], [[0, -5.49779, -3.14159]], [[0, -4.71239, -4.71239]], [[0, -4.71239, -3.92699]], [[0, -3.92699, -2.35619]], [[0, -3.14159, -3.14159]], [[0, -0.678, -0.565]], [[-0.886, -0.678, -0.565]]]
---Preparing executables
---Running executables, 108 in batch, delta=47.03491163599999
---Extracting values delta=7.499281949000007
---Extracted values delta=104.408031367
---Time for noisy calculation: 158.959932639
***TFLON: 19.688021667440445,19.9458736925815,19.537857510051012,20.67125674179769,20.18235607075861,20.318540773674805,22.261091320559093,23.246112410664633,21.613645185125964,24.213468774686003,25.143666064507634,25.387308636271484,25.019167044447155,25.59785955449695,24.560754129729148,25.684794067469827,19.122016027384277,17.081698447442097,19.51791611959523,20.54179949061203,21.148057674312874,20.446706196821356,22.314692910719238,22.571641688562096,21.05581378919492,22.15111877748091,23.817399359123637,23.660336700409317,23.042961580945487,22.48225785651836,24.001807713813797,24.107701739973034,26.07988827201681,25.63248130087329,20.424266706678264,16.394056223464194 1631658427.649545
Noisy energies by type: {'onsite0': array([25.42097164, 25.49386173, 25.03628766, 25.30432832, 24.44634421,
       24.19725071, 25.73429168, 26.3046595 , 24.37412032, 25.63033965,
       26.1964326 , 26.32976827, 25.27321912, 25.37742303, 24.34680515,
       25.15427509, 24.94150289, 20.78365494, 25.32344347, 25.78079096,
       26.22340899, 25.26222222, 26.26462086, 26.34731619, 24.52197802,
       24.96444059, 26.43128492, 25.54872695, 25.04139991, 24.14035088,
       25.1061599 , 24.81283422, 26.19300945, 25.20659291, 26.31664411,
       21.58011281]), 'horiz0': array([-3.13078115, -2.93250444, -3.255     , -3.41732283, -2.09135802,
       -3.7190866 , -3.29703213, -0.93520867, -0.51552163,  1.21233034,
        1.18834191,  1.22465687,  0.92592593,  1.44701119,  0.38448647,
        0.26959093, -3.475     , -2.10901369, -3.17791411, -2.65376057,
       -2.91129744, -3.67036523, -1.73531398, -3.59448343, -3.2903376 ,
       -0.61549101, -0.40456238,  0.70342772,  0.18560518,  0.56942496,
        0.12775951,  0.51363847,  0.11901375,  0.20480814, -3.60204082,
       -3.36465036]), 'horiz1': array([-2.60216883, -2.61548359, -2.24343015, -1.21574875, -2.17263011,
       -0.15962333, -0.17616822, -2.12333842, -2.2449535 , -2.62920122,
       -2.24110844, -2.16711651, -1.179978  , -1.22657467, -0.17053749,
        0.26092804, -2.34448686, -1.5929428 , -2.62761324, -2.5852309 ,
       -2.16405388, -1.14515079, -2.21461397, -0.18119108, -0.17582663,
       -2.1978308 , -2.20932317, -2.59181797, -2.18404352, -2.22751799,
       -1.23211169, -1.21877095, -0.23213493,  0.22108025, -2.29033659,
       -1.82140622])}
Using saved exact energies
Data collected can be found at experiments/8x1_single_zz_x_U_8_nocc_10_d_1-0914-232322/8x1
