{'theta': True, 'zeta': True, 'chi': False, 'gamma': True, 'phi': True, 'time': None}
{'theta': False, 'zeta': False, 'chi': False, 'gamma': False, 'phi': False, 'time': None}
                  (3, 2)
                  │
                  │
         (4, 1)───(4, 2)───(4, 3)
         │        │        │
         │        │        │
(5, 0)───(5, 1)───(5, 2)───(5, 3)───(5, 4)
         │        │        │        │
         │        │        │        │
         (6, 1)───(6, 2)───(6, 3)───(6, 4)───(6, 5)
                  │        │        │        │
                  │        │        │        │
                  (7, 2)───(7, 3)───(7, 4)───(7, 5)───(7, 6)
                           │        │        │
                           │        │        │
                           (8, 3)───(8, 4)───(8, 5)
                                    │
                                    │
                                    (9, 4)
Start at: (3, 2), with dr
Using qubits [cirq.GridQubit(3, 2), cirq.GridQubit(4, 2), cirq.GridQubit(4, 3), cirq.GridQubit(5, 3), cirq.GridQubit(5, 4), cirq.GridQubit(6, 4), cirq.GridQubit(6, 5), cirq.GridQubit(7, 5), cirq.GridQubit(4, 1), cirq.GridQubit(5, 1), cirq.GridQubit(5, 2), cirq.GridQubit(6, 2), cirq.GridQubit(6, 3), cirq.GridQubit(7, 3), cirq.GridQubit(7, 4), cirq.GridQubit(8, 4)]
Using qubits, JW:[cirq.GridQubit(3, 2), cirq.GridQubit(4, 2), cirq.GridQubit(4, 3), cirq.GridQubit(5, 3), cirq.GridQubit(5, 4), cirq.GridQubit(6, 4), cirq.GridQubit(6, 5), cirq.GridQubit(7, 5), cirq.GridQubit(4, 1), cirq.GridQubit(5, 1), cirq.GridQubit(5, 2), cirq.GridQubit(6, 2), cirq.GridQubit(6, 3), cirq.GridQubit(7, 3), cirq.GridQubit(7, 4), cirq.GridQubit(8, 4)]
                  [31m(3, 2)[0m
                  │
                  │
         [35m(4, 1)[0m───[31m(4, 2)[0m───[31m(4, 3)[0m
         │        │        │
         │        │        │
(5, 0)───[35m(5, 1)[0m───[35m(5, 2)[0m───[31m(5, 3)[0m───[31m(5, 4)[0m
         │        │        │        │
         │        │        │        │
         (6, 1)───[35m(6, 2)[0m───[35m(6, 3)[0m───[31m(6, 4)[0m───[31m(6, 5)[0m
                  │        │        │        │
                  │        │        │        │
                  (7, 2)───[35m(7, 3)[0m───[35m(7, 4)[0m───[31m(7, 5)[0m───(7, 6)
                           │        │        │
                           │        │        │
                           (8, 3)───[35m(8, 4)[0m───(8, 5)
                                    │
                                    │
                                    (9, 4)
None
Meas types ['onsite0', 'horiz0', 'vert02', 'vert12']
Prepped onsite, pairs=[(0, 8), (1, 9), (2, 10), (3, 11), (4, 12), (5, 13), (6, 14), (7, 15)]
Prepped horiz, pairs=[(0, 1), (2, 3), (4, 5), (6, 7), (8, 9), (10, 11), (12, 13), (14, 15)]
Prepped vert0, pairs=[(1, 2), (3, 4), (5, 6), (9, 10), (11, 12), (13, 14)]
Prepped vert1, pairs=[(1, 2), (3, 4), (5, 6), (9, 10), (11, 12), (13, 14)]
Set recompilation to False
Got pairs set [(10, 11), (5, 6), (3, 11), (5, 13), (8, 9), (4, 12), (6, 14), (1, 2), (6, 7), (7, 15), (12, 13), (4, 5), (2, 10), (9, 10), (2, 3), (1, 9), (14, 15), (0, 8), (11, 12), (0, 1), (13, 14), (3, 4)]
---Starting to do calibration: delta 3.159051122
---Starting to set up measurements: delta 0.8186477149999991
---Starting to run VQE: delta 2.1078385190000013
No optimisation, save file is experiments/4x2_single_U_4_nocc_4_d_1-0916-002206/2x4/processed/processed.json
Given params: [[[[[0.467, 0.481, 0.417, 0.389]]], [[[-0.467, -0.481, -0.417, -0.389]]], [[[0, 0.481, 0.417, 0.389]]], [[[0, -0.481, -0.417, -0.389]]]]]
---Preparing executables
---Running executables, 16 in batch, delta=9.029926342
---Extracting values delta=2.7811034570000004
---Extracted values delta=70.546554291
===-4.261134761329863 -4.601651330239478 -4.267272796561168 -4.130562572411901 1631748214.93842
Computed energies [-4.43139304578467], params [[[[0.467, 0.481, 0.417, 0.389]]], [[[-0.467, -0.481, -0.417, -0.389]]], [[[0, 0.481, 0.417, 0.389]]], [[[0, -0.481, -0.417, -0.389]]]]
***-4.43139304578467 1631748214.940144
---VQE complete: delta 82.364978843
---Starting TFLO
Using saved points
Using params [[[0, 0, 0, 0]], [[0, 0, 0, 1.5708]], [[0, 3.92699, 4.71239, 0.785398]], [[0, 3.92699, 0.785398, 3.14159]], [[0, 4.71239, 3.14159, 1.5708]], [[0, 0.785398, 0, 3.92699]], [[0, 0.785398, 0, 4.71239]], [[0, 0.785398, 5.49779, 3.92699]], [[0, 4.71239, 4.71239, 3.14159]], [[0, 3.14159, 1.5708, 4.71239]], [[0, 0, 4.71239, 3.92699]], [[0, 1.5708, 1.5708, 5.49779]], [[0, 0.785398, 3.14159, 3.92699]], [[0, 4.71239, 2.35619, 4.71239]], [[0, 1.5708, 3.92699, 4.71239]], [[0, 0, 3.92699, 5.49779]], [[0, 0.481, 0.417, 0.389]], [[0.467, 0.481, 0.417, 0.389]], [[0, 0, 0, 0]], [[0, 0, 0, -1.5708]], [[0, -3.92699, -4.71239, -0.785398]], [[0, -3.92699, -0.785398, -3.14159]], [[0, -4.71239, -3.14159, -1.5708]], [[0, -0.785398, 0, -3.92699]], [[0, -0.785398, 0, -4.71239]], [[0, -0.785398, -5.49779, -3.92699]], [[0, -4.71239, -4.71239, -3.14159]], [[0, -3.14159, -1.5708, -4.71239]], [[0, 0, -4.71239, -3.92699]], [[0, -1.5708, -1.5708, -5.49779]], [[0, -0.785398, -3.14159, -3.92699]], [[0, -4.71239, -2.35619, -4.71239]], [[0, -1.5708, -3.92699, -4.71239]], [[0, 0, -3.92699, -5.49779]], [[0, -0.481, -0.417, -0.389]], [[-0.467, -0.481, -0.417, -0.389]]]
---Preparing executables
---Running executables, 144 in batch, delta=71.76611521499999
---Extracting values delta=10.605092662999994
---Extracted values delta=149.79843795600001
---Time for noisy calculation: 232.194327842
***TFLON: -4.158766061582705,-3.4829348073290314,-2.653177002754192,-1.8438255008749587,-1.5329794117891158,-0.9198806989744898,-0.11915566554322476,0.5298535976107548,1.371335582444995,2.467032370085429,2.859801593171759,3.8483942104511324,4.34858741475359,4.682683447757818,6.112599383327637,6.722901089239569,-4.246819089727035,-4.185094369556366,-4.234701023033049,-3.616128028510313,-2.6900967098094903,-1.4275651500167827,-1.2896861664340549,-0.5017187682064677,0.3156447007216958,1.023402504777882,1.666531742426315,2.2836274967682697,2.935877149244019,3.7551014552592705,4.822264763542738,4.782422261573472,5.996091662273275,6.720110628819583,-4.1283017994181765,-4.588791215064323 1631748450.002032
Noisy energies by type: {'onsite0': array([2.03468697, 2.00506116, 1.98364677, 1.88670051, 2.1593483 ,
       1.79554823, 1.84671238, 1.82437423, 2.07223209, 1.86291158,
       1.96073569, 2.10327093, 1.79637378, 2.05295156, 2.19929563,
       1.89829095, 1.96876284, 1.29725194, 2.00129562, 1.98414023,
       2.12335693, 2.19685039, 2.02919708, 2.16259143, 2.26240262,
       2.27452564, 1.99196141, 2.04600484, 1.94566099, 2.099002  ,
       2.29442815, 2.0770006 , 1.99117175, 2.04331707, 2.0786802 ,
       1.40384615]), 'horiz0': array([-3.00297824, -3.01302785, -2.86172161, -2.37536232, -2.18365969,
       -2.94297396, -2.96029996, -2.28384687, -1.57666155, -0.19656134,
       -0.82027446,  0.0665773 ,  1.13939394,  1.27959053,  1.28274009,
        1.98972756, -3.03429724, -2.54112038, -2.99227884, -3.05149051,
       -2.7867678 , -2.47838126, -1.98861   , -2.96634615, -2.95802798,
       -2.255449  , -1.30485359, -0.63446762, -0.80408785, -0.11085353,
        1.27535616,  1.33619027,  1.47813288,  1.88902489, -3.00067159,
       -2.96679467]), 'vert02': array([-1.70603944, -1.50616793, -0.85851703, -0.24352651, -0.66044926,
        0.17509272,  0.63644104,  0.06127545, -0.09311981,  0.85251799,
        0.23530553,  1.15386171,  0.63304064,  0.89470505,  0.99561312,
        1.27546715, -1.80319034, -1.67591981, -1.7581778 , -1.25731707,
       -1.27366505, -0.21776968, -0.83906862,  0.26998051,  0.64881694,
        0.06195936, -0.25573642,  0.93881645,  0.21881268,  1.27104682,
        0.55218372,  1.00860383,  0.89321175,  1.11100099, -1.49190199,
       -1.38375125]), 'vert12': array([-1.48443536, -0.96880018, -0.91658513, -1.11163718, -0.84821877,
        0.05245232,  0.35799087,  0.92805079,  0.96888485, -0.05183585,
        1.48403483,  0.52468427,  0.77977906,  0.4554363 ,  1.63495054,
        1.55941543, -1.37809435, -1.26530612, -1.48553999, -1.29146067,
       -0.75302078, -0.9282646 , -0.49120463,  0.03205545,  0.36245312,
        0.9423665 ,  1.23516034, -0.06672618,  1.57549133,  0.49590617,
        0.70029674,  0.36062755,  1.63357528,  1.67676768, -1.71440842,
       -1.64209145])}
Using saved exact energies
Data collected can be found at experiments/4x2_single_U_4_nocc_4_d_1-0916-002206/2x4
