{'theta': True, 'zeta': True, 'chi': False, 'gamma': True, 'phi': True, 'time': None}
{'theta': False, 'zeta': False, 'chi': False, 'gamma': False, 'phi': False, 'time': None}
                  (3, 2)
                  │
                  │
         (4, 1)───(4, 2)───(4, 3)
         │        │        │
         │        │        │
(5, 0)───(5, 1)───(5, 2)───(5, 3)───(5, 4)
         │        │        │        │
         │        │        │        │
         (6, 1)───(6, 2)───(6, 3)───(6, 4)───(6, 5)
                  │        │        │        │
                  │        │        │        │
                  (7, 2)───(7, 3)───(7, 4)───(7, 5)───(7, 6)
                           │        │        │
                           │        │        │
                           (8, 3)───(8, 4)───(8, 5)
                                    │
                                    │
                                    (9, 4)
Start at: (3, 2), with dr
Using qubits [cirq.GridQubit(3, 2), cirq.GridQubit(4, 2), cirq.GridQubit(4, 3), cirq.GridQubit(5, 3), cirq.GridQubit(5, 4), cirq.GridQubit(6, 4), cirq.GridQubit(6, 5), cirq.GridQubit(7, 5), cirq.GridQubit(4, 1), cirq.GridQubit(5, 1), cirq.GridQubit(5, 2), cirq.GridQubit(6, 2), cirq.GridQubit(6, 3), cirq.GridQubit(7, 3), cirq.GridQubit(7, 4), cirq.GridQubit(8, 4)]
Using qubits, JW:[cirq.GridQubit(3, 2), cirq.GridQubit(4, 2), cirq.GridQubit(4, 3), cirq.GridQubit(5, 3), cirq.GridQubit(5, 4), cirq.GridQubit(6, 4), cirq.GridQubit(6, 5), cirq.GridQubit(7, 5), cirq.GridQubit(4, 1), cirq.GridQubit(5, 1), cirq.GridQubit(5, 2), cirq.GridQubit(6, 2), cirq.GridQubit(6, 3), cirq.GridQubit(7, 3), cirq.GridQubit(7, 4), cirq.GridQubit(8, 4)]
                  [31m(3, 2)[0m
                  │
                  │
         [35m(4, 1)[0m───[31m(4, 2)[0m───[31m(4, 3)[0m
         │        │        │
         │        │        │
(5, 0)───[35m(5, 1)[0m───[35m(5, 2)[0m───[31m(5, 3)[0m───[31m(5, 4)[0m
         │        │        │        │
         │        │        │        │
         (6, 1)───[35m(6, 2)[0m───[35m(6, 3)[0m───[31m(6, 4)[0m───[31m(6, 5)[0m
                  │        │        │        │
                  │        │        │        │
                  (7, 2)───[35m(7, 3)[0m───[35m(7, 4)[0m───[31m(7, 5)[0m───(7, 6)
                           │        │        │
                           │        │        │
                           (8, 3)───[35m(8, 4)[0m───(8, 5)
                                    │
                                    │
                                    (9, 4)
None
Meas types ['onsite0', 'horiz0', 'horiz1']
Prepped onsite, pairs=[(0, 8), (1, 9), (2, 10), (3, 11), (4, 12), (5, 13), (6, 14), (7, 15)]
Prepped horiz, pairs=[(0, 1), (2, 3), (4, 5), (6, 7), (8, 9), (10, 11), (12, 13), (14, 15)]
Prepped horiz, pairs=[(1, 2), (3, 4), (5, 6), (9, 10), (11, 12), (13, 14)]
Set recompilation to False
Got pairs set [(10, 11), (5, 6), (3, 11), (5, 13), (8, 9), (4, 12), (6, 14), (1, 2), (6, 7), (7, 15), (12, 13), (4, 5), (2, 10), (9, 10), (2, 3), (1, 9), (14, 15), (0, 8), (11, 12), (0, 1), (13, 14), (3, 4)]
---Starting to do calibration: delta 3.674384798
---Starting to set up measurements: delta 0.6608549960000012
---Starting to run VQE: delta 1.2361519609999991
No optimisation, save file is experiments/8x1_single_zz_x_U_8_nocc_8_d_1-0915-001002/8x1/processed/processed.json
Given params: [[[[[1.087, 0.698, 0.407]]], [[[-1.087, -0.698, -0.407]]], [[[0, 0.698, 0.407]]], [[[0, -0.698, -0.407]]]]]
---Preparing executables
---Running executables, 12 in batch, delta=5.267639472999999
---Extracting values delta=2.194092999000002
---Extracted values delta=55.077896222999996
===5.816525881186401 5.422547368930039 8.500987662066287 11.334210754702365 1631661070.861574
Computed energies [5.61953662505822], params [[[[1.087, 0.698, 0.407]]], [[[-1.087, -0.698, -0.407]]], [[[0, 0.698, 0.407]]], [[[0, -0.698, -0.407]]]]
***5.61953662505822 1631661070.863893
---VQE complete: delta 62.545091334
---Starting TFLO
Using saved points
Using params [[[0, 0, 0]], [[0, 0.785398, 0]], [[0, 1.5708, 0.785398]], [[0, 1.5708, 1.5708]], [[0, 5.49779, 0.785398]], [[0, 2.35619, 0.785398]], [[0, 2.35619, 1.5708]], [[0, 3.14159, 0]], [[0, 0.785398, 3.14159]], [[0, 0, 3.14159]], [[0, 0, 4.71239]], [[0, 0.785398, 5.49779]], [[0, 4.71239, 5.49779]], [[0, 4.71239, 2.35619]], [[0, 3.14159, 3.14159]], [[0, 3.92699, 3.92699]], [[0, 0.698, 0.407]], [[1.087, 0.698, 0.407]], [[0, 0, 0]], [[0, -0.785398, 0]], [[0, -1.5708, -0.785398]], [[0, -1.5708, -1.5708]], [[0, -5.49779, -0.785398]], [[0, -2.35619, -0.785398]], [[0, -2.35619, -1.5708]], [[0, -3.14159, 0]], [[0, -0.785398, -3.14159]], [[0, 0, -3.14159]], [[0, 0, -4.71239]], [[0, -0.785398, -5.49779]], [[0, -4.71239, -5.49779]], [[0, -4.71239, -2.35619]], [[0, -3.14159, -3.14159]], [[0, -3.92699, -3.92699]], [[0, -0.698, -0.407]], [[-1.087, -0.698, -0.407]]]
---Preparing executables
---Running executables, 108 in batch, delta=51.53712045900001
---Extracting values delta=6.2991251110000235
---Extracted values delta=110.68809692100001
---Time for noisy calculation: 168.54270548800002
***TFLON: 9.683644715346983,8.698878204202316,10.237172202959215,10.854704387354028,13.021628729001074,12.978377802417157,12.89574570311312,12.42370262681948,12.404511887603896,14.327570214969569,15.308332526216265,14.298405187949461,16.75746066163766,16.734272515779235,16.75255869481813,16.611812152435835,8.744596599614134,5.92406980522324,9.513431081427715,11.66695887146258,10.883072494751959,11.31495211803866,10.183945366344215,10.953571301430786,11.856655918523558,12.359668171799784,15.441156653821995,13.766342800443752,15.097143601946954,16.677627295136364,15.872661193816116,15.78655740845603,16.756067310481054,17.972254024568684,11.24341856804713,5.595801607301945 1631661241.452645
Noisy energies by type: {'onsite0': array([15.98530912, 14.83177189, 16.36100186, 16.4006734 , 17.33536985,
       17.6556462 , 17.02353445, 15.87091503, 14.84719864, 16.02281059,
       16.23709519, 14.97990849, 16.31166595, 16.40371622, 15.90751445,
       14.90631624, 15.04955527,  8.90808241, 15.87438017, 17.59648422,
       16.36544983, 16.18913314, 14.91560544, 14.9441201 , 15.13387466,
       15.87432752, 17.69897959, 15.99495586, 16.39185751, 16.97955707,
       16.54648956, 16.22470961, 15.9030303 , 17.0526776 , 17.47324415,
       10.29432765]), 'horiz0': array([-4.21202141, -4.25041946, -5.34919887, -4.79543868, -3.04975473,
       -5.17902351, -4.57945647, -4.73163726, -0.65441176,  0.29262032,
        1.14902808,  1.14500861,  0.47827046,  0.27096205, -0.47453022,
        0.59546355, -4.42137476, -1.80934101, -4.30078518, -4.5531401 ,
       -5.44695724, -4.86295908, -2.99401749, -5.01186944, -4.37041719,
       -4.75253069, -1.02628767, -0.2400714 ,  0.7522673 ,  0.99016854,
        0.03287311,  0.28815464, -0.43128687,  0.38253546, -4.79740943,
       -3.68105616]), 'horiz1': array([-2.089643  , -1.88247423, -0.77463079, -0.75053034, -1.26398639,
        0.50175511,  0.45166773,  1.28442485, -1.78827499, -1.9878607 ,
       -2.07779074, -1.82651191, -0.03247575,  0.05959425,  1.31957447,
        1.11003236, -1.88358391, -1.17467159, -2.0601639 , -1.37638525,
       -0.0354201 , -0.01122195, -1.73764259,  1.02132064,  1.09319845,
        1.23787134, -1.23153527, -1.98854167, -2.04698121, -1.29209831,
       -0.70670148, -0.72630684,  1.28432388,  0.53704097, -1.43241615,
       -1.01746988])}
Using saved exact energies
Data collected can be found at experiments/8x1_single_zz_x_U_8_nocc_8_d_1-0915-001002/8x1
