{'theta': True, 'zeta': True, 'chi': False, 'gamma': True, 'phi': True, 'time': None}
{'theta': False, 'zeta': False, 'chi': False, 'gamma': False, 'phi': False, 'time': None}
Qubits: 4 2 5 3
Using qubits [cirq.GridQubit(5, 3), cirq.GridQubit(6, 3), cirq.GridQubit(7, 3), cirq.GridQubit(8, 3), cirq.GridQubit(5, 4), cirq.GridQubit(6, 4), cirq.GridQubit(7, 4), cirq.GridQubit(8, 4)]
Using qubits, JW:[cirq.GridQubit(5, 3), cirq.GridQubit(6, 3), cirq.GridQubit(7, 3), cirq.GridQubit(8, 3), cirq.GridQubit(5, 4), cirq.GridQubit(6, 4), cirq.GridQubit(7, 4), cirq.GridQubit(8, 4)]
Meas types ['onsite0', 'horiz0', 'horiz1']
Prepped onsite, pairs=[(0, 4), (1, 5), (2, 6), (3, 7)]
Prepped horiz, pairs=[(0, 1), (2, 3), (4, 5), (6, 7)]
Prepped horiz, pairs=[(1, 2), (5, 6)]
Set recompilation to False
Got pairs set [(0, 1), (1, 2), (0, 4), (1, 5), (3, 7), (2, 3), (6, 7), (4, 5), (2, 6), (5, 6)]
---Starting to do calibration: delta 0.03604514800008474
---Starting to set up measurements: delta 0.28449116800004504
---Starting to run VQE: delta 0.3810249969999404
No optimisation, save file is experiments/4540087b6d3e41849058a843d94532f9-1014-104028/4x1/processed/processed.json
parameters.json
Given params: [[[[[0.296, 0.719, 0.843], [0.73, 0.598, 0.206]]], [[[-0.296, -0.719, -0.843], [-0.73, -0.598, -0.206]]], [[[0, 0.719, 0.843], [0, 0.598, 0.206]]], [[[0, -0.719, -0.843], [0, -0.598, -0.206]]]]]
---Preparing executables
---Running executables, 12 in batch, delta=1.3604957530000092
---Extracting values delta=12.58386265799993
---Extracted values delta=3.4180448050000223
===1.45701 1.4693599999999998 2.17199 2.1662100000000004 1634204446.275913
Computed energies [1.4631849999999997], params [[[[0.296, 0.719, 0.843], [0.73, 0.598, 0.206]]], [[[-0.296, -0.719, -0.843], [-0.73, -0.598, -0.206]]], [[[0, 0.719, 0.843], [0, 0.598, 0.206]]], [[[0, -0.719, -0.843], [0, -0.598, -0.206]]]]
***1.4631849999999997 1634204446.278038
---VQE complete: delta 17.36782498299999
---Starting TFLO
Using saved points
Using params [[[0, 3.18362, 6.2764], [0, 3.8246, 5.84549]], [[0, 2.6901, 2.99716], [0, 3.34154, 1.63886]], [[0, 0.841172, 0.857071], [0, 2.83507, 0.132099]], [[0, 0.919596, 3.58906], [0, 2.34207, 4.81843]], [[0, 2.02167, 0.711094], [0, 2.87848, 1.92383]], [[0, 3.07888, 1.31344], [0, 4.01245, 3.64854]], [[0, 5.49346, 5.73656], [0, 1.32223, 3.05705]], [[0, 5.44561, 1.68616], [0, 5.99541, 0.440987]], [[0, 5.75192, 6.00118], [0, 4.30115, 3.98124]], [[0, 3.7131, 0.592184], [0, 4.51095, 4.07368]], [[0, 2.7152, 1.86577], [0, 0.588014, 2.06039]], [[0, 2.57569, 4.7256], [0, 3.85901, 0.371302]], [[0, 4.65032, 0.953688], [0, 4.94274, 3.13591]], [[0, 0.299448, 3.22459], [0, 4.5425, 2.32293]], [[0, 5.54704, 4.13572], [0, 4.5425, 2.32293]], [[0, 4.016, 5.5268], [0, 4.80713, 0.271348]], [[0, 0.719, 0.843], [0, 0.598, 0.206]], [[0.296, 0.719, 0.843], [0.73, 0.598, 0.206]], [[0, -3.18362, -6.2764], [0, -3.8246, -5.84549]], [[0, -2.6901, -2.99716], [0, -3.34154, -1.63886]], [[0, -0.841172, -0.857071], [0, -2.83507, -0.132099]], [[0, -0.919596, -3.58906], [0, -2.34207, -4.81843]], [[0, -2.02167, -0.711094], [0, -2.87848, -1.92383]], [[0, -3.07888, -1.31344], [0, -4.01245, -3.64854]], [[0, -5.49346, -5.73656], [0, -1.32223, -3.05705]], [[0, -5.44561, -1.68616], [0, -5.99541, -0.440987]], [[0, -5.75192, -6.00118], [0, -4.30115, -3.98124]], [[0, -3.7131, -0.592184], [0, -4.51095, -4.07368]], [[0, -2.7152, -1.86577], [0, -0.588014, -2.06039]], [[0, -2.57569, -4.7256], [0, -3.85901, -0.371302]], [[0, -4.65032, -0.953688], [0, -4.94274, -3.13591]], [[0, -0.299448, -3.22459], [0, -4.5425, -2.32293]], [[0, -5.54704, -4.13572], [0, -4.5425, -2.32293]], [[0, -4.016, -5.5268], [0, -4.80713, -0.271348]], [[0, -0.719, -0.843], [0, -0.598, -0.206]], [[-0.296, -0.719, -0.843], [-0.73, -0.598, -0.206]]]
---Preparing executables
---Running executables, 108 in batch, delta=11.001792314
---Extracting values delta=31.310410534000084
---Extracted values delta=5.981335668999918
---Time for noisy calculation: 48.3044165770001
***TFLON: 2.1605499999999993,2.5801000000000007,3.0151000000000003,3.3648500000000006,3.8379,4.22875,4.61765,5.024449999999999,5.52125,5.934349999999999,6.3314,6.7841000000000005,7.150550000000001,7.5712,7.95125,8.280850000000001,2.1688,1.4727999999999994,2.1774,2.5793500000000007,3.0155000000000003,3.3813000000000004,3.8507999999999996,4.213150000000001,4.59985,5.049900000000001,5.564,5.9536,6.3354,6.775049999999999,7.139400000000001,7.5633,7.959049999999999,8.30175,2.15935,1.4718999999999998 1634204494.591423
Noisy energies by type: {'onsite0': array([5.9892, 6.0042, 5.9912, 5.9746, 5.9858, 5.9984, 5.9818, 5.9976,
       5.987 , 6.0034, 6.0098, 6.0076, 5.9926, 6.0012, 6.0102, 5.987 ,
       5.9904, 4.7632, 5.9928, 6.0222, 5.992 , 5.9924, 6.0028, 5.986 ,
       5.991 , 6.0016, 6.0168, 6.0252, 6.0024, 6.0088, 6.0014, 5.985 ,
       5.9858, 5.9988, 6.0024, 4.776 ]), 'horiz0': array([-2.7918, -2.5911, -2.8743, -1.3701, -1.3874, -1.4379, -0.8406,
       -0.4088, -0.0623, -0.1824,  0.8262,  0.9165,  0.4699,  0.6329,
        1.4068,  2.7277, -2.8196, -2.3708, -2.7893, -2.6009, -2.8846,
       -1.3732, -1.3993, -1.4252, -0.8654, -0.4025, -0.0477, -0.1853,
        0.8244,  0.9055,  0.4556,  0.6408,  1.4346,  2.7413, -2.8354,
       -2.3887]), 'horiz1': array([-1.03685, -0.833  , -0.1018 , -1.23965, -0.7605 , -0.33175,
       -0.52355, -0.56435, -0.40345,  0.11335, -0.5046 , -0.14   ,
        0.68805,  0.9371 ,  0.53425, -0.43385, -1.002  , -0.9196 ,
       -1.0261 , -0.84195, -0.0919 , -1.2379 , -0.7527 , -0.34765,
       -0.52575, -0.5492 , -0.4051 ,  0.1137 , -0.4914 , -0.13925,
        0.6824 ,  0.9375 ,  0.53865, -0.43835, -1.00765, -0.9154 ])}
Using saved exact energies
Data collected can be found at experiments/4540087b6d3e41849058a843d94532f9-1014-104028/4x1
Getting settings from experiments/4x1_single_d2-0914-070303/4x1/settings.json
{'theta': True, 'zeta': True, 'chi': False, 'gamma': True, 'phi': True, 'time': None}
{'theta': False, 'zeta': False, 'chi': False, 'gamma': False, 'phi': False, 'time': None}
Qubits: 4 2 5 3
Using qubits [cirq.GridQubit(5, 3), cirq.GridQubit(6, 3), cirq.GridQubit(7, 3), cirq.GridQubit(8, 3), cirq.GridQubit(5, 4), cirq.GridQubit(6, 4), cirq.GridQubit(7, 4), cirq.GridQubit(8, 4)]
Using qubits, JW:[cirq.GridQubit(5, 3), cirq.GridQubit(6, 3), cirq.GridQubit(7, 3), cirq.GridQubit(8, 3), cirq.GridQubit(5, 4), cirq.GridQubit(6, 4), cirq.GridQubit(7, 4), cirq.GridQubit(8, 4)]
Meas types ['onsite0', 'horiz0', 'horiz1']
Prepped onsite, pairs=[(0, 4), (1, 5), (2, 6), (3, 7)]
Prepped horiz, pairs=[(0, 1), (2, 3), (4, 5), (6, 7)]
Prepped horiz, pairs=[(1, 2), (5, 6)]
Set recompilation to False
Got pairs set [(0, 1), (1, 2), (0, 4), (1, 5), (3, 7), (2, 3), (6, 7), (4, 5), (2, 6), (5, 6)]
---Starting to do calibration: delta 0.0442084190000287
---Starting to set up measurements: delta 0.24863211000001684
---Starting to run VQE: delta 0.39298844999996163
No optimisation, save file is experiments/62bdac532e8f462487e6937300195f37-1014-104134/4x1/processed/processed.json
parameters.json
Given params: [[[[[0.296, 0.719, 0.843], [0.73, 0.598, 0.206]]], [[[-0.296, -0.719, -0.843], [-0.73, -0.598, -0.206]]], [[[0, 0.719, 0.843], [0, 0.598, 0.206]]], [[[0, -0.719, -0.843], [0, -0.598, -0.206]]]]]
---Preparing executables
---Running executables, 12 in batch, delta=1.1555869899999607
---Extracting values delta=11.471698035000031
---Extracted values delta=3.0914718259999745
===1.4754300000000002 1.4759899999999992 2.1693299999999995 2.1715300000000006 1634204511.0376441
Computed energies [1.4757099999999999], params [[[[0.296, 0.719, 0.843], [0.73, 0.598, 0.206]]], [[[-0.296, -0.719, -0.843], [-0.73, -0.598, -0.206]]], [[[0, 0.719, 0.843], [0, 0.598, 0.206]]], [[[0, -0.719, -0.843], [0, -0.598, -0.206]]]]
***1.4757099999999999 1634204511.039188
---VQE complete: delta 15.724136162999912
---Starting TFLO
Using saved points
Using params [[[0, 3.18362, 6.2764], [0, 3.8246, 5.84549]], [[0, 2.6901, 2.99716], [0, 3.34154, 1.63886]], [[0, 0.841172, 0.857071], [0, 2.83507, 0.132099]], [[0, 0.919596, 3.58906], [0, 2.34207, 4.81843]], [[0, 2.02167, 0.711094], [0, 2.87848, 1.92383]], [[0, 3.07888, 1.31344], [0, 4.01245, 3.64854]], [[0, 5.49346, 5.73656], [0, 1.32223, 3.05705]], [[0, 5.44561, 1.68616], [0, 5.99541, 0.440987]], [[0, 5.75192, 6.00118], [0, 4.30115, 3.98124]], [[0, 3.7131, 0.592184], [0, 4.51095, 4.07368]], [[0, 2.7152, 1.86577], [0, 0.588014, 2.06039]], [[0, 2.57569, 4.7256], [0, 3.85901, 0.371302]], [[0, 4.65032, 0.953688], [0, 4.94274, 3.13591]], [[0, 0.299448, 3.22459], [0, 4.5425, 2.32293]], [[0, 5.54704, 4.13572], [0, 4.5425, 2.32293]], [[0, 4.016, 5.5268], [0, 4.80713, 0.271348]], [[0, 0.719, 0.843], [0, 0.598, 0.206]], [[0.296, 0.719, 0.843], [0.73, 0.598, 0.206]], [[0, -3.18362, -6.2764], [0, -3.8246, -5.84549]], [[0, -2.6901, -2.99716], [0, -3.34154, -1.63886]], [[0, -0.841172, -0.857071], [0, -2.83507, -0.132099]], [[0, -0.919596, -3.58906], [0, -2.34207, -4.81843]], [[0, -2.02167, -0.711094], [0, -2.87848, -1.92383]], [[0, -3.07888, -1.31344], [0, -4.01245, -3.64854]], [[0, -5.49346, -5.73656], [0, -1.32223, -3.05705]], [[0, -5.44561, -1.68616], [0, -5.99541, -0.440987]], [[0, -5.75192, -6.00118], [0, -4.30115, -3.98124]], [[0, -3.7131, -0.592184], [0, -4.51095, -4.07368]], [[0, -2.7152, -1.86577], [0, -0.588014, -2.06039]], [[0, -2.57569, -4.7256], [0, -3.85901, -0.371302]], [[0, -4.65032, -0.953688], [0, -4.94274, -3.13591]], [[0, -0.299448, -3.22459], [0, -4.5425, -2.32293]], [[0, -5.54704, -4.13572], [0, -4.5425, -2.32293]], [[0, -4.016, -5.5268], [0, -4.80713, -0.271348]], [[0, -0.719, -0.843], [0, -0.598, -0.206]], [[-0.296, -0.719, -0.843], [-0.73, -0.598, -0.206]]]
---Preparing executables
---Running executables, 108 in batch, delta=10.244261341000083
---Extracting values delta=30.837765246000004
---Extracted values delta=6.377992569999947
---Time for noisy calculation: 47.474701870000104
***TFLON: 2.1491499999999997,2.5648999999999997,3.00715,3.390599999999999,3.8567499999999995,4.21905,4.6556999999999995,5.07265,5.56195,5.9066,6.3325499999999995,6.78555,7.1560500000000005,7.54955,7.94845,8.289700000000002,2.1700999999999997,1.4632000000000005,2.1923,2.5754999999999995,3.0048500000000002,3.3762499999999993,3.8546500000000004,4.24165,4.61885,5.037249999999999,5.518699999999999,5.9375,6.33185,6.761150000000001,7.176550000000001,7.55255,7.9815499999999995,8.2629,2.1695,1.4918 1634204558.526536
Noisy energies by type: {'onsite0': array([5.987 , 6.008 , 5.9892, 6.0022, 6.0014, 5.9908, 6.0168, 6.0134,
       6.0106, 5.9934, 5.9948, 6.    , 6.034 , 5.9834, 5.981 , 6.0136,
       5.996 , 4.7476, 6.0194, 6.0036, 5.9888, 5.9902, 6.0036, 6.0038,
       5.9896, 6.0056, 5.9844, 6.0172, 5.9974, 6.0038, 6.0102, 6.001 ,
       6.0078, 5.9788, 5.9968, 4.7774]), 'horiz0': array([-2.7964, -2.5993, -2.8797, -1.3788, -1.3921, -1.4252, -0.8428,
       -0.3835, -0.0415, -0.2018,  0.8286,  0.9212,  0.4391,  0.6294,
        1.4281,  2.7236, -2.8256, -2.3743, -2.8008, -2.5937, -2.8811,
       -1.3718, -1.3932, -1.4389, -0.8576, -0.4104, -0.0505, -0.1934,
        0.829 ,  0.897 ,  0.4703,  0.6163,  1.4361,  2.7309, -2.8315,
       -2.3813]), 'horiz1': array([-1.04145, -0.8438 , -0.10235, -1.2328 , -0.75255, -0.34655,
       -0.5183 , -0.55725, -0.40715,  0.115  , -0.49085, -0.13565,
        0.68295,  0.93675,  0.53935, -0.4475 , -1.0003 , -0.9101 ,
       -1.0263 , -0.8344 , -0.10285, -1.24215, -0.75575, -0.32325,
       -0.51315, -0.55795, -0.4152 ,  0.1137 , -0.49455, -0.13965,
        0.69605,  0.93525,  0.53765, -0.4468 , -0.9958 , -0.9043 ])}
Using saved exact energies
Data collected can be found at experiments/62bdac532e8f462487e6937300195f37-1014-104134/4x1
Getting settings from experiments/4x1_single_d2-0914-071708/4x1/settings.json
{'theta': True, 'zeta': True, 'chi': False, 'gamma': True, 'phi': True, 'time': None}
{'theta': False, 'zeta': False, 'chi': False, 'gamma': False, 'phi': False, 'time': None}
Qubits: 4 2 5 3
Using qubits [cirq.GridQubit(5, 3), cirq.GridQubit(6, 3), cirq.GridQubit(7, 3), cirq.GridQubit(8, 3), cirq.GridQubit(5, 4), cirq.GridQubit(6, 4), cirq.GridQubit(7, 4), cirq.GridQubit(8, 4)]
Using qubits, JW:[cirq.GridQubit(5, 3), cirq.GridQubit(6, 3), cirq.GridQubit(7, 3), cirq.GridQubit(8, 3), cirq.GridQubit(5, 4), cirq.GridQubit(6, 4), cirq.GridQubit(7, 4), cirq.GridQubit(8, 4)]
Meas types ['onsite0', 'horiz0', 'horiz1']
Prepped onsite, pairs=[(0, 4), (1, 5), (2, 6), (3, 7)]
Prepped horiz, pairs=[(0, 1), (2, 3), (4, 5), (6, 7)]
Prepped horiz, pairs=[(1, 2), (5, 6)]
Set recompilation to False
Got pairs set [(0, 1), (1, 2), (0, 4), (1, 5), (3, 7), (2, 3), (6, 7), (4, 5), (2, 6), (5, 6)]
---Starting to do calibration: delta 0.04154366799991749
---Starting to set up measurements: delta 0.3061644870000464
---Starting to run VQE: delta 0.45581322700002147
No optimisation, save file is experiments/b6f2944869e84f7186e1d3bc73059300-1014-104238/4x1/processed/processed.json
parameters.json
Given params: [[[[[0.296, 0.719, 0.843], [0.73, 0.598, 0.206]]], [[[-0.296, -0.719, -0.843], [-0.73, -0.598, -0.206]]], [[[0, 0.719, 0.843], [0, 0.598, 0.206]]], [[[0, -0.719, -0.843], [0, -0.598, -0.206]]]]]
---Preparing executables
---Running executables, 12 in batch, delta=1.381011515999944
---Extracting values delta=13.14845981399992
---Extracted values delta=3.435202956000012
===1.4684400000000009 1.4659300000000002 2.17206 2.1743699999999997 1634204577.349712
Computed energies [1.4671850000000006], params [[[[0.296, 0.719, 0.843], [0.73, 0.598, 0.206]]], [[[-0.296, -0.719, -0.843], [-0.73, -0.598, -0.206]]], [[[0, 0.719, 0.843], [0, 0.598, 0.206]]], [[[0, -0.719, -0.843], [0, -0.598, -0.206]]]]
***1.4671850000000006 1634204577.351773
---VQE complete: delta 17.970723965000047
---Starting TFLO
Using saved points
Using params [[[0, 3.18362, 6.2764], [0, 3.8246, 5.84549]], [[0, 2.6901, 2.99716], [0, 3.34154, 1.63886]], [[0, 0.841172, 0.857071], [0, 2.83507, 0.132099]], [[0, 0.919596, 3.58906], [0, 2.34207, 4.81843]], [[0, 2.02167, 0.711094], [0, 2.87848, 1.92383]], [[0, 3.07888, 1.31344], [0, 4.01245, 3.64854]], [[0, 5.49346, 5.73656], [0, 1.32223, 3.05705]], [[0, 5.44561, 1.68616], [0, 5.99541, 0.440987]], [[0, 5.75192, 6.00118], [0, 4.30115, 3.98124]], [[0, 3.7131, 0.592184], [0, 4.51095, 4.07368]], [[0, 2.7152, 1.86577], [0, 0.588014, 2.06039]], [[0, 2.57569, 4.7256], [0, 3.85901, 0.371302]], [[0, 4.65032, 0.953688], [0, 4.94274, 3.13591]], [[0, 0.299448, 3.22459], [0, 4.5425, 2.32293]], [[0, 5.54704, 4.13572], [0, 4.5425, 2.32293]], [[0, 4.016, 5.5268], [0, 4.80713, 0.271348]], [[0, 0.719, 0.843], [0, 0.598, 0.206]], [[0.296, 0.719, 0.843], [0.73, 0.598, 0.206]], [[0, -3.18362, -6.2764], [0, -3.8246, -5.84549]], [[0, -2.6901, -2.99716], [0, -3.34154, -1.63886]], [[0, -0.841172, -0.857071], [0, -2.83507, -0.132099]], [[0, -0.919596, -3.58906], [0, -2.34207, -4.81843]], [[0, -2.02167, -0.711094], [0, -2.87848, -1.92383]], [[0, -3.07888, -1.31344], [0, -4.01245, -3.64854]], [[0, -5.49346, -5.73656], [0, -1.32223, -3.05705]], [[0, -5.44561, -1.68616], [0, -5.99541, -0.440987]], [[0, -5.75192, -6.00118], [0, -4.30115, -3.98124]], [[0, -3.7131, -0.592184], [0, -4.51095, -4.07368]], [[0, -2.7152, -1.86577], [0, -0.588014, -2.06039]], [[0, -2.57569, -4.7256], [0, -3.85901, -0.371302]], [[0, -4.65032, -0.953688], [0, -4.94274, -3.13591]], [[0, -0.299448, -3.22459], [0, -4.5425, -2.32293]], [[0, -5.54704, -4.13572], [0, -4.5425, -2.32293]], [[0, -4.016, -5.5268], [0, -4.80713, -0.271348]], [[0, -0.719, -0.843], [0, -0.598, -0.206]], [[-0.296, -0.719, -0.843], [-0.73, -0.598, -0.206]]]
---Preparing executables
---Running executables, 108 in batch, delta=10.858359936999932
---Extracting values delta=30.89360525500001
---Extracted values delta=6.447559834999993
---Time for noisy calculation: 48.221324925999966
***TFLON: 2.14015,2.57895,3.0055499999999995,3.3655500000000003,3.846949999999999,4.247350000000001,4.6652499999999995,5.01525,5.560600000000001,5.9041500000000005,6.3252,6.7487,7.1224,7.579700000000001,7.944500000000001,8.29905,2.1795,1.4502000000000006,2.14575,2.5500500000000006,2.996750000000001,3.40285,3.8827500000000006,4.27105,4.60135,5.065,5.5765,5.887650000000001,6.309950000000001,6.769900000000001,7.1238,7.5572,7.9517,8.2638,2.1864,1.4692500000000002 1634204625.582807
Noisy energies by type: {'onsite0': array([5.9792, 6.0068, 5.9956, 5.9992, 5.9996, 5.9974, 6.018 , 6.0026,
       6.0014, 5.9954, 5.9836, 5.9934, 5.9866, 6.0064, 5.995 , 6.0106,
       6.0092, 4.7406, 5.9842, 5.973 , 5.9834, 6.0182, 6.0238, 6.0242,
       5.9906, 6.006 , 6.0156, 5.9998, 5.9998, 6.0192, 5.9854, 5.988 ,
       5.9994, 5.9756, 6.0224, 4.743 ]), 'horiz0': array([-2.7978, -2.5949, -2.8814, -1.3953, -1.3945, -1.4176, -0.8346,
       -0.4193, -0.0363, -0.1992,  0.8431,  0.8985,  0.454 ,  0.6363,
        1.4241,  2.7296, -2.8261, -2.3838, -2.7958, -2.5926, -2.8776,
       -1.3795, -1.3885, -1.4259, -0.8641, -0.3914, -0.0362, -0.2208,
        0.817 ,  0.8912,  0.4474,  0.6321,  1.4142,  2.7351, -2.8304,
       -2.3702]), 'horiz1': array([-1.04125, -0.83295, -0.10865, -1.23835, -0.75815, -0.33245,
       -0.51815, -0.56805, -0.4045 ,  0.10795, -0.5015 , -0.1432 ,
        0.6818 ,  0.937  ,  0.5254 , -0.44115, -1.0036 , -0.9066 ,
       -1.04265, -0.83035, -0.10905, -1.23585, -0.75255, -0.32725,
       -0.52515, -0.5496 , -0.4029 ,  0.10865, -0.50685, -0.1405 ,
        0.691  ,  0.9371 ,  0.5381 , -0.4469 , -1.0056 , -0.90355])}
Using saved exact energies
Data collected can be found at experiments/b6f2944869e84f7186e1d3bc73059300-1014-104238/4x1
Getting settings from experiments/4x1_single_d2-0914-065121/4x1/settings.json
{'theta': True, 'zeta': True, 'chi': False, 'gamma': True, 'phi': True, 'time': None}
{'theta': False, 'zeta': False, 'chi': False, 'gamma': False, 'phi': False, 'time': None}
Qubits: 4 2 5 3
Using qubits [cirq.GridQubit(5, 3), cirq.GridQubit(6, 3), cirq.GridQubit(7, 3), cirq.GridQubit(8, 3), cirq.GridQubit(5, 4), cirq.GridQubit(6, 4), cirq.GridQubit(7, 4), cirq.GridQubit(8, 4)]
Using qubits, JW:[cirq.GridQubit(5, 3), cirq.GridQubit(6, 3), cirq.GridQubit(7, 3), cirq.GridQubit(8, 3), cirq.GridQubit(5, 4), cirq.GridQubit(6, 4), cirq.GridQubit(7, 4), cirq.GridQubit(8, 4)]
Meas types ['onsite0', 'horiz0', 'horiz1']
Prepped onsite, pairs=[(0, 4), (1, 5), (2, 6), (3, 7)]
Prepped horiz, pairs=[(0, 1), (2, 3), (4, 5), (6, 7)]
Prepped horiz, pairs=[(1, 2), (5, 6)]
Set recompilation to False
Got pairs set [(0, 1), (1, 2), (0, 4), (1, 5), (3, 7), (2, 3), (6, 7), (4, 5), (2, 6), (5, 6)]
---Starting to do calibration: delta 0.03224492899994402
---Starting to set up measurements: delta 0.26533539700005804
---Starting to run VQE: delta 0.47601600699999835
No optimisation, save file is experiments/1ee43c33dfd748ed8e894169365970aa-1014-104345/4x1/processed/processed.json
parameters.json
Given params: [[[[[0.277, 0.563, 0.583], [0.492, 0.406, 0.316]]], [[[-0.277, -0.563, -0.583], [-0.492, -0.406, -0.316]]], [[[0, 0.563, 0.583], [0, 0.406, 0.316]]], [[[0, -0.563, -0.583], [0, -0.406, -0.316]]]]]
---Preparing executables
---Running executables, 12 in batch, delta=1.2653556960000287
---Extracting values delta=11.203288767999993
---Extracted values delta=3.105301741000062
===5.5168099999999995 5.5079899999999995 5.902059999999999 5.90302 1634204641.963454
Computed energies [5.5123999999999995], params [[[[0.277, 0.563, 0.583], [0.492, 0.406, 0.316]]], [[[-0.277, -0.563, -0.583], [-0.492, -0.406, -0.316]]], [[[0, 0.563, 0.583], [0, 0.406, 0.316]]], [[[0, -0.563, -0.583], [0, -0.406, -0.316]]]]
***5.5123999999999995 1634204641.9649842
---VQE complete: delta 15.578271813000015
---Starting TFLO
Using saved points
Using params [[[0, 0.841172, 0.857071], [0, 0, 0]], [[0, 4.40345, 2.22149], [0, 3.12223, 4.17927]], [[0, 3.04784, 5.70529], [0, 4.01245, 3.64854]], [[0, 0.919596, 3.58906], [0, 2.34207, 4.81843]], [[0, 1.15139, 0.356395], [0, 0.0881259, 2.82618]], [[0, 2.38498, 3.00926], [0, 2.39716, 3.9606]], [[0, 3.7131, 0.592184], [0, 0.635129, 1.45883]], [[0, 2.82444, 0.898211], [0, 3.66927, 4.15525]], [[0, 3.5479, 1.33981], [0, 1.71022, 2.84285]], [[0, 0.0714766, 0.898635], [0, 4.22934, 2.26966]], [[0, 3.07888, 1.31344], [0, 1.32223, 3.05705]], [[0, 0.0714766, 0.898635], [0, 3.10645, 4.57853]], [[0, 0.349024, 2.96318], [0, 4.46903, 0.142]], [[0, 0.349024, 2.96318], [0, 5.37895, 5.4726]], [[0, 2.38498, 3.00926], [0, 4.93441, 4.41509]], [[0, 0.299448, 3.22459], [0, 4.5425, 2.32293]], [[0, 0.563, 0.583], [0, 0.406, 0.316]], [[0.277, 0.563, 0.583], [0.492, 0.406, 0.316]], [[0, -0.841172, -0.857071], [0, 0, 0]], [[0, -4.40345, -2.22149], [0, -3.12223, -4.17927]], [[0, -3.04784, -5.70529], [0, -4.01245, -3.64854]], [[0, -0.919596, -3.58906], [0, -2.34207, -4.81843]], [[0, -1.15139, -0.356395], [0, -0.0881259, -2.82618]], [[0, -2.38498, -3.00926], [0, -2.39716, -3.9606]], [[0, -3.7131, -0.592184], [0, -0.635129, -1.45883]], [[0, -2.82444, -0.898211], [0, -3.66927, -4.15525]], [[0, -3.5479, -1.33981], [0, -1.71022, -2.84285]], [[0, -0.0714766, -0.898635], [0, -4.22934, -2.26966]], [[0, -3.07888, -1.31344], [0, -1.32223, -3.05705]], [[0, -0.0714766, -0.898635], [0, -3.10645, -4.57853]], [[0, -0.349024, -2.96318], [0, -4.46903, -0.142]], [[0, -0.349024, -2.96318], [0, -5.37895, -5.4726]], [[0, -2.38498, -3.00926], [0, -4.93441, -4.41509]], [[0, -0.299448, -3.22459], [0, -4.5425, -2.32293]], [[0, -0.563, -0.583], [0, -0.406, -0.316]], [[-0.277, -0.563, -0.583], [-0.492, -0.406, -0.316]]]
---Preparing executables
---Running executables, 108 in batch, delta=11.022622615999921
---Extracting values delta=33.40552533699997
---Extracted values delta=6.733590177999986
---Time for noisy calculation: 51.17160724200005
***TFLON: 5.903149999999998,6.1709000000000005,6.472050000000001,6.8221,7.03725,7.3944,7.659800000000001,7.864999999999999,8.25485,8.54915,8.8041,9.12085,9.435349999999998,9.7457,9.9917,10.29085,5.8732000000000015,5.504950000000001,5.8607499999999995,6.161249999999999,6.493200000000002,6.84955,7.074450000000001,7.377000000000001,7.653700000000001,7.897450000000001,8.242,8.520649999999998,8.8462,9.11495,9.413200000000002,9.690700000000001,10.00395,10.30205,5.890100000000001,5.532699999999998 1634204693.1506329
Noisy energies by type: {'onsite0': array([9.107 , 9.0258, 8.9828, 9.2352, 9.0116, 9.6968, 9.008 , 9.034 ,
       9.551 , 9.2876, 9.1472, 9.1762, 9.9206, 9.1946, 9.8386, 9.9106,
       9.0964, 8.4554, 9.067 , 9.0238, 9.0026, 9.2588, 9.0394, 9.6744,
       8.993 , 9.051 , 9.5568, 9.2868, 9.1736, 9.1758, 9.889 , 9.1566,
       9.8572, 9.9038, 9.1184, 8.4584]), 'horiz0': array([-1.9068, -1.6959, -1.4458, -0.9226, -0.8172, -0.4743, -0.3434,
        0.0668,  0.4467, -0.2691,  1.0615,  0.5158, -0.4373,  1.117 ,
        0.2311,  0.425 , -1.8679, -1.7851, -1.9062, -1.7049, -1.453 ,
       -0.9166, -0.8047, -0.4688, -0.3499,  0.0791,  0.428 , -0.2909,
        1.0704,  0.5037, -0.4302,  1.1041,  0.2227,  0.4384, -1.8651,
       -1.7735]), 'horiz1': array([-1.29705, -1.159  , -1.06495, -1.4905 , -1.15715, -1.8281 ,
       -1.0048 , -1.2358 , -1.74285, -0.46935, -1.4046 , -0.57115,
       -0.04795, -0.5659 , -0.078  , -0.04475, -1.3553 , -1.16535,
       -1.30005, -1.15765, -1.0564 , -1.49265, -1.16025, -1.8286 ,
       -0.9894 , -1.23265, -1.7428 , -0.47525, -1.3978 , -0.56455,
       -0.0456 , -0.57   , -0.07595, -0.04015, -1.3632 , -1.1522 ])}
Using saved exact energies
Data collected can be found at experiments/1ee43c33dfd748ed8e894169365970aa-1014-104345/4x1
Getting settings from experiments/4x1_single_d2-0914-070523/4x1/settings.json
{'theta': True, 'zeta': True, 'chi': False, 'gamma': True, 'phi': True, 'time': None}
{'theta': False, 'zeta': False, 'chi': False, 'gamma': False, 'phi': False, 'time': None}
Qubits: 4 2 5 3
Using qubits [cirq.GridQubit(5, 3), cirq.GridQubit(6, 3), cirq.GridQubit(7, 3), cirq.GridQubit(8, 3), cirq.GridQubit(5, 4), cirq.GridQubit(6, 4), cirq.GridQubit(7, 4), cirq.GridQubit(8, 4)]
Using qubits, JW:[cirq.GridQubit(5, 3), cirq.GridQubit(6, 3), cirq.GridQubit(7, 3), cirq.GridQubit(8, 3), cirq.GridQubit(5, 4), cirq.GridQubit(6, 4), cirq.GridQubit(7, 4), cirq.GridQubit(8, 4)]
Meas types ['onsite0', 'horiz0', 'horiz1']
Prepped onsite, pairs=[(0, 4), (1, 5), (2, 6), (3, 7)]
Prepped horiz, pairs=[(0, 1), (2, 3), (4, 5), (6, 7)]
Prepped horiz, pairs=[(1, 2), (5, 6)]
Set recompilation to False
Got pairs set [(0, 1), (1, 2), (0, 4), (1, 5), (3, 7), (2, 3), (6, 7), (4, 5), (2, 6), (5, 6)]
---Starting to do calibration: delta 0.05473102500002369
---Starting to set up measurements: delta 0.3950641949999181
---Starting to run VQE: delta 0.46260641300000316
No optimisation, save file is experiments/95808262bd9148d2a034e06f3c7f7c49-1014-104453/4x1/processed/processed.json
parameters.json
Given params: [[[[[0.277, 0.563, 0.583], [0.492, 0.406, 0.316]]], [[[-0.277, -0.563, -0.583], [-0.492, -0.406, -0.316]]], [[[0, 0.563, 0.583], [0, 0.406, 0.316]]], [[[0, -0.563, -0.583], [0, -0.406, -0.316]]]]]
---Preparing executables
---Running executables, 12 in batch, delta=1.402628820000018
---Extracting values delta=11.527092229999994
---Extracted values delta=3.5120478900000762
===5.513950000000001 5.51307 5.901660000000001 5.898810000000001 1634204710.533207
Computed energies [5.51351], params [[[[0.277, 0.563, 0.583], [0.492, 0.406, 0.316]]], [[[-0.277, -0.563, -0.583], [-0.492, -0.406, -0.316]]], [[[0, 0.563, 0.583], [0, 0.406, 0.316]]], [[[0, -0.563, -0.583], [0, -0.406, -0.316]]]]
***5.51351 1634204710.534723
---VQE complete: delta 16.44650116799994
---Starting TFLO
Using saved points
Using params [[[0, 0.841172, 0.857071], [0, 0, 0]], [[0, 4.40345, 2.22149], [0, 3.12223, 4.17927]], [[0, 3.04784, 5.70529], [0, 4.01245, 3.64854]], [[0, 0.919596, 3.58906], [0, 2.34207, 4.81843]], [[0, 1.15139, 0.356395], [0, 0.0881259, 2.82618]], [[0, 2.38498, 3.00926], [0, 2.39716, 3.9606]], [[0, 3.7131, 0.592184], [0, 0.635129, 1.45883]], [[0, 2.82444, 0.898211], [0, 3.66927, 4.15525]], [[0, 3.5479, 1.33981], [0, 1.71022, 2.84285]], [[0, 0.0714766, 0.898635], [0, 4.22934, 2.26966]], [[0, 3.07888, 1.31344], [0, 1.32223, 3.05705]], [[0, 0.0714766, 0.898635], [0, 3.10645, 4.57853]], [[0, 0.349024, 2.96318], [0, 4.46903, 0.142]], [[0, 0.349024, 2.96318], [0, 5.37895, 5.4726]], [[0, 2.38498, 3.00926], [0, 4.93441, 4.41509]], [[0, 0.299448, 3.22459], [0, 4.5425, 2.32293]], [[0, 0.563, 0.583], [0, 0.406, 0.316]], [[0.277, 0.563, 0.583], [0.492, 0.406, 0.316]], [[0, -0.841172, -0.857071], [0, 0, 0]], [[0, -4.40345, -2.22149], [0, -3.12223, -4.17927]], [[0, -3.04784, -5.70529], [0, -4.01245, -3.64854]], [[0, -0.919596, -3.58906], [0, -2.34207, -4.81843]], [[0, -1.15139, -0.356395], [0, -0.0881259, -2.82618]], [[0, -2.38498, -3.00926], [0, -2.39716, -3.9606]], [[0, -3.7131, -0.592184], [0, -0.635129, -1.45883]], [[0, -2.82444, -0.898211], [0, -3.66927, -4.15525]], [[0, -3.5479, -1.33981], [0, -1.71022, -2.84285]], [[0, -0.0714766, -0.898635], [0, -4.22934, -2.26966]], [[0, -3.07888, -1.31344], [0, -1.32223, -3.05705]], [[0, -0.0714766, -0.898635], [0, -3.10645, -4.57853]], [[0, -0.349024, -2.96318], [0, -4.46903, -0.142]], [[0, -0.349024, -2.96318], [0, -5.37895, -5.4726]], [[0, -2.38498, -3.00926], [0, -4.93441, -4.41509]], [[0, -0.299448, -3.22459], [0, -4.5425, -2.32293]], [[0, -0.563, -0.583], [0, -0.406, -0.316]], [[-0.277, -0.563, -0.583], [-0.492, -0.406, -0.316]]]
---Preparing executables
---Running executables, 108 in batch, delta=11.803431632999946
---Extracting values delta=30.9764771990001
---Extracted values delta=6.231479161999914
---Time for noisy calculation: 49.02772064200008
***TFLON: 5.881049999999998,6.185650000000001,6.4758,6.8374500000000005,7.053299999999999,7.4003000000000005,7.619150000000001,7.884849999999998,8.23605,8.547649999999997,8.836899999999998,9.11205,9.4342,9.716800000000001,10.0026,10.27095,5.891300000000001,5.5168,5.8748000000000005,6.1624500000000015,6.49385,6.81395,7.059400000000002,7.348750000000001,7.706899999999999,7.90735,8.23295,8.514750000000001,8.835949999999999,9.1571,9.4524,9.730400000000001,10.01375,10.29065,5.899250000000002,5.514099999999999 1634204759.573235
Noisy energies by type: {'onsite0': array([9.0812, 9.0228, 8.992 , 9.2426, 9.026 , 9.708 , 8.96  , 9.0628,
       9.5288, 9.2834, 9.1638, 9.1472, 9.9082, 9.1894, 9.8514, 9.8916,
       9.1078, 8.4498, 9.0816, 9.039 , 9.013 , 9.2516, 9.0148, 9.669 ,
       9.0244, 9.0716, 9.5332, 9.2918, 9.1694, 9.2092, 9.909 , 9.1902,
       9.8518, 9.908 , 9.1258, 8.453 ]), 'horiz0': array([-1.9012, -1.6945, -1.4539, -0.9127, -0.8207, -0.4796, -0.346 ,
        0.0551,  0.4536, -0.2574,  1.0715,  0.5269, -0.4253,  1.0962,
        0.228 ,  0.421 , -1.8642, -1.7783, -1.9056, -1.7037, -1.4439,
       -0.9474, -0.7998, -0.4895, -0.3289,  0.0701,  0.4373, -0.2937,
        1.066 ,  0.5138, -0.4061,  1.1126,  0.2427,  0.4244, -1.8682,
       -1.789 ]), 'horiz1': array([-1.29895, -1.14265, -1.0623 , -1.49245, -1.152  , -1.8281 ,
       -0.99485, -1.23305, -1.74635, -0.47835, -1.3984 , -0.56205,
       -0.0487 , -0.5688 , -0.0768 , -0.04165, -1.3523 , -1.1547 ,
       -1.3012 , -1.17285, -1.07525, -1.49025, -1.1556 , -1.83075,
       -0.9886 , -1.23435, -1.73755, -0.48335, -1.39945, -0.5659 ,
       -0.0505 , -0.5724 , -0.08075, -0.04175, -1.35835, -1.1499 ])}
Using saved exact energies
Data collected can be found at experiments/95808262bd9148d2a034e06f3c7f7c49-1014-104453/4x1
Getting settings from experiments/4x1_single_d2-0914-071929/4x1/settings.json
{'theta': True, 'zeta': True, 'chi': False, 'gamma': True, 'phi': True, 'time': None}
{'theta': False, 'zeta': False, 'chi': False, 'gamma': False, 'phi': False, 'time': None}
Qubits: 4 2 5 3
Using qubits [cirq.GridQubit(5, 3), cirq.GridQubit(6, 3), cirq.GridQubit(7, 3), cirq.GridQubit(8, 3), cirq.GridQubit(5, 4), cirq.GridQubit(6, 4), cirq.GridQubit(7, 4), cirq.GridQubit(8, 4)]
Using qubits, JW:[cirq.GridQubit(5, 3), cirq.GridQubit(6, 3), cirq.GridQubit(7, 3), cirq.GridQubit(8, 3), cirq.GridQubit(5, 4), cirq.GridQubit(6, 4), cirq.GridQubit(7, 4), cirq.GridQubit(8, 4)]
Meas types ['onsite0', 'horiz0', 'horiz1']
Prepped onsite, pairs=[(0, 4), (1, 5), (2, 6), (3, 7)]
Prepped horiz, pairs=[(0, 1), (2, 3), (4, 5), (6, 7)]
Prepped horiz, pairs=[(1, 2), (5, 6)]
Set recompilation to False
Got pairs set [(0, 1), (1, 2), (0, 4), (1, 5), (3, 7), (2, 3), (6, 7), (4, 5), (2, 6), (5, 6)]
---Starting to do calibration: delta 0.02996339700007411
---Starting to set up measurements: delta 0.2683775660000265
---Starting to run VQE: delta 0.5070565549999628
No optimisation, save file is experiments/319154ec6df748f8ba2b050717b257dc-1014-104559/4x1/processed/processed.json
parameters.json
Given params: [[[[[0.277, 0.563, 0.583], [0.492, 0.406, 0.316]]], [[[-0.277, -0.563, -0.583], [-0.492, -0.406, -0.316]]], [[[0, 0.563, 0.583], [0, 0.406, 0.316]]], [[[0, -0.563, -0.583], [0, -0.406, -0.316]]]]]
---Preparing executables
---Running executables, 12 in batch, delta=1.7172208759998284
---Extracting values delta=11.826866174000088
---Extracted values delta=4.275119894999989
===5.51435 5.513040000000001 5.907100000000002 5.895590000000001 1634204778.247672
Computed energies [5.513695], params [[[[0.277, 0.563, 0.583], [0.492, 0.406, 0.316]]], [[[-0.277, -0.563, -0.583], [-0.492, -0.406, -0.316]]], [[[0, 0.563, 0.583], [0, 0.406, 0.316]]], [[[0, -0.563, -0.583], [0, -0.406, -0.316]]]]
***5.513695 1634204778.2496378
---VQE complete: delta 17.824328616999992
---Starting TFLO
Using saved points
Using params [[[0, 0.841172, 0.857071], [0, 0, 0]], [[0, 4.40345, 2.22149], [0, 3.12223, 4.17927]], [[0, 3.04784, 5.70529], [0, 4.01245, 3.64854]], [[0, 0.919596, 3.58906], [0, 2.34207, 4.81843]], [[0, 1.15139, 0.356395], [0, 0.0881259, 2.82618]], [[0, 2.38498, 3.00926], [0, 2.39716, 3.9606]], [[0, 3.7131, 0.592184], [0, 0.635129, 1.45883]], [[0, 2.82444, 0.898211], [0, 3.66927, 4.15525]], [[0, 3.5479, 1.33981], [0, 1.71022, 2.84285]], [[0, 0.0714766, 0.898635], [0, 4.22934, 2.26966]], [[0, 3.07888, 1.31344], [0, 1.32223, 3.05705]], [[0, 0.0714766, 0.898635], [0, 3.10645, 4.57853]], [[0, 0.349024, 2.96318], [0, 4.46903, 0.142]], [[0, 0.349024, 2.96318], [0, 5.37895, 5.4726]], [[0, 2.38498, 3.00926], [0, 4.93441, 4.41509]], [[0, 0.299448, 3.22459], [0, 4.5425, 2.32293]], [[0, 0.563, 0.583], [0, 0.406, 0.316]], [[0.277, 0.563, 0.583], [0.492, 0.406, 0.316]], [[0, -0.841172, -0.857071], [0, 0, 0]], [[0, -4.40345, -2.22149], [0, -3.12223, -4.17927]], [[0, -3.04784, -5.70529], [0, -4.01245, -3.64854]], [[0, -0.919596, -3.58906], [0, -2.34207, -4.81843]], [[0, -1.15139, -0.356395], [0, -0.0881259, -2.82618]], [[0, -2.38498, -3.00926], [0, -2.39716, -3.9606]], [[0, -3.7131, -0.592184], [0, -0.635129, -1.45883]], [[0, -2.82444, -0.898211], [0, -3.66927, -4.15525]], [[0, -3.5479, -1.33981], [0, -1.71022, -2.84285]], [[0, -0.0714766, -0.898635], [0, -4.22934, -2.26966]], [[0, -3.07888, -1.31344], [0, -1.32223, -3.05705]], [[0, -0.0714766, -0.898635], [0, -3.10645, -4.57853]], [[0, -0.349024, -2.96318], [0, -4.46903, -0.142]], [[0, -0.349024, -2.96318], [0, -5.37895, -5.4726]], [[0, -2.38498, -3.00926], [0, -4.93441, -4.41509]], [[0, -0.299448, -3.22459], [0, -4.5425, -2.32293]], [[0, -0.563, -0.583], [0, -0.406, -0.316]], [[-0.277, -0.563, -0.583], [-0.492, -0.406, -0.316]]]
---Preparing executables
---Running executables, 108 in batch, delta=10.76152673799993
---Extracting values delta=32.76906786399991
---Extracted values delta=6.433781318000001
---Time for noisy calculation: 49.97507919099985
***TFLON: 5.861199999999999,6.172649999999998,6.5067,6.848650000000001,7.063249999999999,7.36695,7.652899999999999,7.880799999999999,8.24685,8.48615,8.810699999999999,9.1597,9.40695,9.754900000000001,9.991299999999999,10.3021,5.89195,5.504650000000001,5.912800000000001,6.167299999999999,6.483650000000001,6.81265,7.0579,7.361699999999999,7.670549999999999,7.8885000000000005,8.24275,8.507600000000002,8.805649999999998,9.13355,9.4498,9.749350000000002,10.007349999999999,10.287550000000001,5.9091000000000005,5.5379000000000005 1634204828.235924
Noisy energies by type: {'onsite0': array([9.068 , 9.0264, 9.0128, 9.2544, 9.0374, 9.6784, 8.9956, 9.0642,
       9.5518, 9.256 , 9.1588, 9.2122, 9.8946, 9.2146, 9.837 , 9.9178,
       9.1154, 8.4474, 9.1106, 9.03  , 8.993 , 9.2318, 9.0306, 9.6816,
       9.0012, 9.0692, 9.553 , 9.271 , 9.1392, 9.1952, 9.927 , 9.1972,
       9.8584, 9.9036, 9.1294, 8.464 ]), 'horiz0': array([-1.9035, -1.6964, -1.4462, -0.9119, -0.8138, -0.4811, -0.3505,
        0.0466,  0.4376, -0.2936,  1.0542,  0.5144, -0.4415,  1.1098,
        0.2311,  0.4217, -1.8659, -1.7898, -1.9073, -1.7008, -1.4464,
       -0.9259, -0.8034, -0.4945, -0.3428,  0.0618,  0.4367, -0.2913,
        1.065 ,  0.517 , -0.429 ,  1.1187,  0.2273,  0.426 , -1.8652,
       -1.775 ]), 'horiz1': array([-1.3033 , -1.15735, -1.0599 , -1.49385, -1.16035, -1.83035,
       -0.9922 , -1.23   , -1.74255, -0.47625, -1.4023 , -0.5669 ,
       -0.04615, -0.5695 , -0.0768 , -0.0374 , -1.35755, -1.15295,
       -1.2905 , -1.1619 , -1.06295, -1.49325, -1.1693 , -1.8254 ,
       -0.98785, -1.2425 , -1.74695, -0.4721 , -1.39855, -0.57865,
       -0.0482 , -0.56655, -0.07835, -0.04205, -1.3551 , -1.1511 ])}
Using saved exact energies
Data collected can be found at experiments/319154ec6df748f8ba2b050717b257dc-1014-104559/4x1
Getting settings from experiments/4x1_single_d2-0914-065342/4x1/settings.json
{'theta': True, 'zeta': True, 'chi': False, 'gamma': True, 'phi': True, 'time': None}
{'theta': False, 'zeta': False, 'chi': False, 'gamma': False, 'phi': False, 'time': None}
Qubits: 4 2 5 3
Using qubits [cirq.GridQubit(5, 3), cirq.GridQubit(6, 3), cirq.GridQubit(7, 3), cirq.GridQubit(8, 3), cirq.GridQubit(5, 4), cirq.GridQubit(6, 4), cirq.GridQubit(7, 4), cirq.GridQubit(8, 4)]
Using qubits, JW:[cirq.GridQubit(5, 3), cirq.GridQubit(6, 3), cirq.GridQubit(7, 3), cirq.GridQubit(8, 3), cirq.GridQubit(5, 4), cirq.GridQubit(6, 4), cirq.GridQubit(7, 4), cirq.GridQubit(8, 4)]
Meas types ['onsite0', 'horiz0', 'horiz1']
Prepped onsite, pairs=[(0, 4), (1, 5), (2, 6), (3, 7)]
Prepped horiz, pairs=[(0, 1), (2, 3), (4, 5), (6, 7)]
Prepped horiz, pairs=[(1, 2), (5, 6)]
Set recompilation to False
Got pairs set [(0, 1), (1, 2), (0, 4), (1, 5), (3, 7), (2, 3), (6, 7), (4, 5), (2, 6), (5, 6)]
---Starting to do calibration: delta 0.023420728000019153
---Starting to set up measurements: delta 0.26055886799986183
---Starting to run VQE: delta 0.44048752499998045
No optimisation, save file is experiments/1b0ebf90b6564663874242487121461e-1014-104708/4x1/processed/processed.json
parameters.json
Given params: [[[[[0.511, 0.433, 0.576], [0.487, 0.535, 0.468]]], [[[-0.511, -0.433, -0.576], [-0.487, -0.535, -0.468]]], [[[0, 0.433, 0.576], [0, 0.535, 0.468]]], [[[0, -0.433, -0.576], [0, -0.535, -0.468]]]]]
---Preparing executables
---Running executables, 12 in batch, delta=1.2557132260001254
---Extracting values delta=11.770332352999958
---Extracted values delta=3.1226510479998524
===10.385919999999999 10.38865 10.38484 10.387459999999999 1634204845.177613
Computed energies [10.387284999999999], params [[[[0.511, 0.433, 0.576], [0.487, 0.535, 0.468]]], [[[-0.511, -0.433, -0.576], [-0.487, -0.535, -0.468]]], [[[0, 0.433, 0.576], [0, 0.535, 0.468]]], [[[0, -0.433, -0.576], [0, -0.535, -0.468]]]]
***10.387284999999999 1634204845.179094
---VQE complete: delta 16.153536542999973
---Starting TFLO
Using saved points
Using params [[[0, 3.18362, 6.2764], [0, 3.8246, 5.84549]], [[0, 2.6901, 2.99716], [0, 3.34154, 1.63886]], [[0, 0.841172, 0.857071], [0, 2.83507, 0.132099]], [[0, 0.919596, 3.58906], [0, 2.34207, 4.81843]], [[0, 2.02167, 0.711094], [0, 2.87848, 1.92383]], [[0, 3.07888, 1.31344], [0, 4.01245, 3.64854]], [[0, 5.49346, 5.73656], [0, 1.32223, 3.05705]], [[0, 5.44561, 1.68616], [0, 5.99541, 0.440987]], [[0, 5.75192, 6.00118], [0, 4.30115, 3.98124]], [[0, 3.7131, 0.592184], [0, 4.51095, 4.07368]], [[0, 2.7152, 1.86577], [0, 0.588014, 2.06039]], [[0, 2.57569, 4.7256], [0, 3.85901, 0.371302]], [[0, 4.65032, 0.953688], [0, 4.94274, 3.13591]], [[0, 0.299448, 3.22459], [0, 4.5425, 2.32293]], [[0, 5.54704, 4.13572], [0, 4.5425, 2.32293]], [[0, 4.016, 5.5268], [0, 4.80713, 0.271348]], [[0, 0.433, 0.576], [0, 0.535, 0.468]], [[0.511, 0.433, 0.576], [0.487, 0.535, 0.468]], [[0, -3.18362, -6.2764], [0, -3.8246, -5.84549]], [[0, -2.6901, -2.99716], [0, -3.34154, -1.63886]], [[0, -0.841172, -0.857071], [0, -2.83507, -0.132099]], [[0, -0.919596, -3.58906], [0, -2.34207, -4.81843]], [[0, -2.02167, -0.711094], [0, -2.87848, -1.92383]], [[0, -3.07888, -1.31344], [0, -4.01245, -3.64854]], [[0, -5.49346, -5.73656], [0, -1.32223, -3.05705]], [[0, -5.44561, -1.68616], [0, -5.99541, -0.440987]], [[0, -5.75192, -6.00118], [0, -4.30115, -3.98124]], [[0, -3.7131, -0.592184], [0, -4.51095, -4.07368]], [[0, -2.7152, -1.86577], [0, -0.588014, -2.06039]], [[0, -2.57569, -4.7256], [0, -3.85901, -0.371302]], [[0, -4.65032, -0.953688], [0, -4.94274, -3.13591]], [[0, -0.299448, -3.22459], [0, -4.5425, -2.32293]], [[0, -5.54704, -4.13572], [0, -4.5425, -2.32293]], [[0, -4.016, -5.5268], [0, -4.80713, -0.271348]], [[0, -0.433, -0.576], [0, -0.535, -0.468]], [[-0.511, -0.433, -0.576], [-0.487, -0.535, -0.468]]]
---Preparing executables
---Running executables, 108 in batch, delta=9.70101544399995
---Extracting values delta=28.370551719999867
---Extracted values delta=6.160166385999901
---Time for noisy calculation: 44.258721802999844
***TFLON: 10.388449999999999,10.527099999999999,10.66555,10.80375,10.95515,11.080900000000002,11.2071,11.3613,11.52895,11.646,11.7854,11.9165,12.05975,12.200750000000001,12.324950000000001,12.4336,10.385250000000001,10.38635,10.3914,10.526800000000001,10.6781,10.7971,10.9574,11.082799999999999,11.1891,11.3384,11.51985,11.641950000000003,11.778300000000002,11.92935,12.05525,12.194799999999997,12.31565,12.42525,10.387149999999998,10.3804 1634204889.449592
Noisy energies by type: {'onsite0': array([12., 12., 12., 12., 12., 12., 12., 12., 12., 12., 12., 12., 12.,
       12., 12., 12., 12., 12., 12., 12., 12., 12., 12., 12., 12., 12.,
       12., 12., 12., 12., 12., 12., 12., 12., 12., 12.]), 'horiz0': array([-0.9365, -0.8625, -0.9595, -0.4544, -0.4602, -0.479 , -0.2895,
       -0.1205, -0.0024, -0.0628,  0.2831,  0.3041,  0.1623,  0.2207,
        0.4784,  0.9077, -0.9216, -0.9184, -0.9318, -0.8647, -0.9557,
       -0.4558, -0.4556, -0.47  , -0.3001, -0.1492, -0.0131, -0.059 ,
        0.2801,  0.3116,  0.1596,  0.216 ,  0.4736,  0.9066, -0.9181,
       -0.9253]), 'horiz1': array([-0.67505, -0.6104 , -0.37495, -0.74185, -0.58465, -0.4401 ,
       -0.5034 , -0.5182 , -0.46865, -0.2912 , -0.4977 , -0.3876 ,
       -0.10255, -0.01995, -0.15345, -0.4741 , -0.69315, -0.69525,
       -0.6768 , -0.6085 , -0.3662 , -0.7471 , -0.587  , -0.4472 ,
       -0.5108 , -0.5124 , -0.46705, -0.29905, -0.5018 , -0.38225,
       -0.10435, -0.0212 , -0.15795, -0.48135, -0.69475, -0.6943 ])}
Using saved exact energies
Data collected can be found at experiments/1b0ebf90b6564663874242487121461e-1014-104708/4x1
Getting settings from experiments/4x1_single_d2-0914-070741/4x1/settings.json
{'theta': True, 'zeta': True, 'chi': False, 'gamma': True, 'phi': True, 'time': None}
{'theta': False, 'zeta': False, 'chi': False, 'gamma': False, 'phi': False, 'time': None}
Qubits: 4 2 5 3
Using qubits [cirq.GridQubit(5, 3), cirq.GridQubit(6, 3), cirq.GridQubit(7, 3), cirq.GridQubit(8, 3), cirq.GridQubit(5, 4), cirq.GridQubit(6, 4), cirq.GridQubit(7, 4), cirq.GridQubit(8, 4)]
Using qubits, JW:[cirq.GridQubit(5, 3), cirq.GridQubit(6, 3), cirq.GridQubit(7, 3), cirq.GridQubit(8, 3), cirq.GridQubit(5, 4), cirq.GridQubit(6, 4), cirq.GridQubit(7, 4), cirq.GridQubit(8, 4)]
Meas types ['onsite0', 'horiz0', 'horiz1']
Prepped onsite, pairs=[(0, 4), (1, 5), (2, 6), (3, 7)]
Prepped horiz, pairs=[(0, 1), (2, 3), (4, 5), (6, 7)]
Prepped horiz, pairs=[(1, 2), (5, 6)]
Set recompilation to False
Got pairs set [(0, 1), (1, 2), (0, 4), (1, 5), (3, 7), (2, 3), (6, 7), (4, 5), (2, 6), (5, 6)]
---Starting to do calibration: delta 0.037525730999959706
---Starting to set up measurements: delta 0.28822074699996847
---Starting to run VQE: delta 0.4823305329998675
No optimisation, save file is experiments/6ff5088135da4dea8ce930bec16d8f60-1014-104809/4x1/processed/processed.json
parameters.json
Given params: [[[[[0.511, 0.433, 0.576], [0.487, 0.535, 0.468]]], [[[-0.511, -0.433, -0.576], [-0.487, -0.535, -0.468]]], [[[0, 0.433, 0.576], [0, 0.535, 0.468]]], [[[0, -0.433, -0.576], [0, -0.535, -0.468]]]]]
---Preparing executables
---Running executables, 12 in batch, delta=1.2366911459998846
---Extracting values delta=11.483150123000087
---Extracted values delta=3.288992315000087
===10.386090000000001 10.38913 10.389370000000001 10.383909999999998 1634204906.303304
Computed energies [10.38761], params [[[[0.511, 0.433, 0.576], [0.487, 0.535, 0.468]]], [[[-0.511, -0.433, -0.576], [-0.487, -0.535, -0.468]]], [[[0, 0.433, 0.576], [0, 0.535, 0.468]]], [[[0, -0.433, -0.576], [0, -0.535, -0.468]]]]
***10.38761 1634204906.304718
---VQE complete: delta 16.01340115800008
---Starting TFLO
Using saved points
Using params [[[0, 3.18362, 6.2764], [0, 3.8246, 5.84549]], [[0, 2.6901, 2.99716], [0, 3.34154, 1.63886]], [[0, 0.841172, 0.857071], [0, 2.83507, 0.132099]], [[0, 0.919596, 3.58906], [0, 2.34207, 4.81843]], [[0, 2.02167, 0.711094], [0, 2.87848, 1.92383]], [[0, 3.07888, 1.31344], [0, 4.01245, 3.64854]], [[0, 5.49346, 5.73656], [0, 1.32223, 3.05705]], [[0, 5.44561, 1.68616], [0, 5.99541, 0.440987]], [[0, 5.75192, 6.00118], [0, 4.30115, 3.98124]], [[0, 3.7131, 0.592184], [0, 4.51095, 4.07368]], [[0, 2.7152, 1.86577], [0, 0.588014, 2.06039]], [[0, 2.57569, 4.7256], [0, 3.85901, 0.371302]], [[0, 4.65032, 0.953688], [0, 4.94274, 3.13591]], [[0, 0.299448, 3.22459], [0, 4.5425, 2.32293]], [[0, 5.54704, 4.13572], [0, 4.5425, 2.32293]], [[0, 4.016, 5.5268], [0, 4.80713, 0.271348]], [[0, 0.433, 0.576], [0, 0.535, 0.468]], [[0.511, 0.433, 0.576], [0.487, 0.535, 0.468]], [[0, -3.18362, -6.2764], [0, -3.8246, -5.84549]], [[0, -2.6901, -2.99716], [0, -3.34154, -1.63886]], [[0, -0.841172, -0.857071], [0, -2.83507, -0.132099]], [[0, -0.919596, -3.58906], [0, -2.34207, -4.81843]], [[0, -2.02167, -0.711094], [0, -2.87848, -1.92383]], [[0, -3.07888, -1.31344], [0, -4.01245, -3.64854]], [[0, -5.49346, -5.73656], [0, -1.32223, -3.05705]], [[0, -5.44561, -1.68616], [0, -5.99541, -0.440987]], [[0, -5.75192, -6.00118], [0, -4.30115, -3.98124]], [[0, -3.7131, -0.592184], [0, -4.51095, -4.07368]], [[0, -2.7152, -1.86577], [0, -0.588014, -2.06039]], [[0, -2.57569, -4.7256], [0, -3.85901, -0.371302]], [[0, -4.65032, -0.953688], [0, -4.94274, -3.13591]], [[0, -0.299448, -3.22459], [0, -4.5425, -2.32293]], [[0, -5.54704, -4.13572], [0, -4.5425, -2.32293]], [[0, -4.016, -5.5268], [0, -4.80713, -0.271348]], [[0, -0.433, -0.576], [0, -0.535, -0.468]], [[-0.511, -0.433, -0.576], [-0.487, -0.535, -0.468]]]
---Preparing executables
---Running executables, 108 in batch, delta=11.085226350999847
---Extracting values delta=29.279556979000063
---Extracted values delta=6.280527442000221
---Time for noisy calculation: 46.65930528900003
***TFLON: 10.39145,10.52305,10.668099999999999,10.7857,10.945049999999998,11.07625,11.2197,11.3433,11.52455,11.6341,11.76615,11.91775,12.050500000000001,12.193950000000001,12.305350000000002,12.432450000000001,10.3833,10.38995,10.392949999999999,10.52445,10.66775,10.802,10.9487,11.08385,11.2157,11.343399999999999,11.52595,11.652350000000002,11.7693,11.924150000000001,12.06105,12.196200000000001,12.319,12.430449999999999,10.38625,10.3881 1634204952.974299
Noisy energies by type: {'onsite0': array([12., 12., 12., 12., 12., 12., 12., 12., 12., 12., 12., 12., 12.,
       12., 12., 12., 12., 12., 12., 12., 12., 12., 12., 12., 12., 12.,
       12., 12., 12., 12., 12., 12., 12., 12., 12., 12.]), 'horiz0': array([-0.9287, -0.8652, -0.961 , -0.4726, -0.4661, -0.4822, -0.278 ,
       -0.1415, -0.0132, -0.0695,  0.273 ,  0.2986,  0.1559,  0.2146,
        0.4604,  0.9107, -0.9237, -0.9195, -0.926 , -0.8676, -0.9636,
       -0.4511, -0.4645, -0.4785, -0.2781, -0.1401, -0.0073, -0.0499,
        0.2753,  0.304 ,  0.1642,  0.217 ,  0.4738,  0.9074, -0.9152,
       -0.9184]), 'horiz1': array([-0.67985, -0.61175, -0.3709 , -0.7417 , -0.58885, -0.44155,
       -0.5023 , -0.5152 , -0.46225, -0.2964 , -0.50685, -0.38085,
       -0.1054 , -0.02065, -0.15505, -0.47825, -0.693  , -0.69055,
       -0.68105, -0.60795, -0.36865, -0.7469 , -0.5868 , -0.43765,
       -0.5062 , -0.5165 , -0.46675, -0.29775, -0.506  , -0.37985,
       -0.10315, -0.0208 , -0.1548 , -0.47695, -0.69855, -0.6935 ])}
Using saved exact energies
Data collected can be found at experiments/6ff5088135da4dea8ce930bec16d8f60-1014-104809/4x1
Getting settings from experiments/4x1_single_d2-0914-072150/4x1/settings.json
{'theta': True, 'zeta': True, 'chi': False, 'gamma': True, 'phi': True, 'time': None}
{'theta': False, 'zeta': False, 'chi': False, 'gamma': False, 'phi': False, 'time': None}
Qubits: 4 2 5 3
Using qubits [cirq.GridQubit(5, 3), cirq.GridQubit(6, 3), cirq.GridQubit(7, 3), cirq.GridQubit(8, 3), cirq.GridQubit(5, 4), cirq.GridQubit(6, 4), cirq.GridQubit(7, 4), cirq.GridQubit(8, 4)]
Using qubits, JW:[cirq.GridQubit(5, 3), cirq.GridQubit(6, 3), cirq.GridQubit(7, 3), cirq.GridQubit(8, 3), cirq.GridQubit(5, 4), cirq.GridQubit(6, 4), cirq.GridQubit(7, 4), cirq.GridQubit(8, 4)]
Meas types ['onsite0', 'horiz0', 'horiz1']
Prepped onsite, pairs=[(0, 4), (1, 5), (2, 6), (3, 7)]
Prepped horiz, pairs=[(0, 1), (2, 3), (4, 5), (6, 7)]
Prepped horiz, pairs=[(1, 2), (5, 6)]
Set recompilation to False
Got pairs set [(0, 1), (1, 2), (0, 4), (1, 5), (3, 7), (2, 3), (6, 7), (4, 5), (2, 6), (5, 6)]
---Starting to do calibration: delta 0.05212589600000683
---Starting to set up measurements: delta 0.28521577800006526
---Starting to run VQE: delta 0.4215848179999284
No optimisation, save file is experiments/66d6f8fa0de44dc9a049ccc2db35ad92-1014-104913/4x1/processed/processed.json
parameters.json
Given params: [[[[[0.511, 0.433, 0.576], [0.487, 0.535, 0.468]]], [[[-0.511, -0.433, -0.576], [-0.487, -0.535, -0.468]]], [[[0, 0.433, 0.576], [0, 0.535, 0.468]]], [[[0, -0.433, -0.576], [0, -0.535, -0.468]]]]]
---Preparing executables
---Running executables, 12 in batch, delta=1.3628686929998821
---Extracting values delta=11.535080287000028
---Extracted values delta=3.1882870780000303
===10.38658 10.38621 10.387879999999997 10.38773 1634204969.880558
Computed energies [10.386395], params [[[[0.511, 0.433, 0.576], [0.487, 0.535, 0.468]]], [[[-0.511, -0.433, -0.576], [-0.487, -0.535, -0.468]]], [[[0, 0.433, 0.576], [0, 0.535, 0.468]]], [[[0, -0.433, -0.576], [0, -0.535, -0.468]]]]
***10.386395 1634204969.882168
---VQE complete: delta 16.09134511100001
---Starting TFLO
Using saved points
Using params [[[0, 3.18362, 6.2764], [0, 3.8246, 5.84549]], [[0, 2.6901, 2.99716], [0, 3.34154, 1.63886]], [[0, 0.841172, 0.857071], [0, 2.83507, 0.132099]], [[0, 0.919596, 3.58906], [0, 2.34207, 4.81843]], [[0, 2.02167, 0.711094], [0, 2.87848, 1.92383]], [[0, 3.07888, 1.31344], [0, 4.01245, 3.64854]], [[0, 5.49346, 5.73656], [0, 1.32223, 3.05705]], [[0, 5.44561, 1.68616], [0, 5.99541, 0.440987]], [[0, 5.75192, 6.00118], [0, 4.30115, 3.98124]], [[0, 3.7131, 0.592184], [0, 4.51095, 4.07368]], [[0, 2.7152, 1.86577], [0, 0.588014, 2.06039]], [[0, 2.57569, 4.7256], [0, 3.85901, 0.371302]], [[0, 4.65032, 0.953688], [0, 4.94274, 3.13591]], [[0, 0.299448, 3.22459], [0, 4.5425, 2.32293]], [[0, 5.54704, 4.13572], [0, 4.5425, 2.32293]], [[0, 4.016, 5.5268], [0, 4.80713, 0.271348]], [[0, 0.433, 0.576], [0, 0.535, 0.468]], [[0.511, 0.433, 0.576], [0.487, 0.535, 0.468]], [[0, -3.18362, -6.2764], [0, -3.8246, -5.84549]], [[0, -2.6901, -2.99716], [0, -3.34154, -1.63886]], [[0, -0.841172, -0.857071], [0, -2.83507, -0.132099]], [[0, -0.919596, -3.58906], [0, -2.34207, -4.81843]], [[0, -2.02167, -0.711094], [0, -2.87848, -1.92383]], [[0, -3.07888, -1.31344], [0, -4.01245, -3.64854]], [[0, -5.49346, -5.73656], [0, -1.32223, -3.05705]], [[0, -5.44561, -1.68616], [0, -5.99541, -0.440987]], [[0, -5.75192, -6.00118], [0, -4.30115, -3.98124]], [[0, -3.7131, -0.592184], [0, -4.51095, -4.07368]], [[0, -2.7152, -1.86577], [0, -0.588014, -2.06039]], [[0, -2.57569, -4.7256], [0, -3.85901, -0.371302]], [[0, -4.65032, -0.953688], [0, -4.94274, -3.13591]], [[0, -0.299448, -3.22459], [0, -4.5425, -2.32293]], [[0, -5.54704, -4.13572], [0, -4.5425, -2.32293]], [[0, -4.016, -5.5268], [0, -4.80713, -0.271348]], [[0, -0.433, -0.576], [0, -0.535, -0.468]], [[-0.511, -0.433, -0.576], [-0.487, -0.535, -0.468]]]
---Preparing executables
---Running executables, 108 in batch, delta=10.649285329999884
---Extracting values delta=29.129659055000047
---Extracted values delta=6.339267583000037
---Time for noisy calculation: 46.14450267899997
***TFLON: 10.386199999999999,10.523149999999998,10.671,10.78055,10.9493,11.0786,11.2124,11.346550000000002,11.519449999999997,11.62185,11.784949999999998,11.9395,12.0387,12.174249999999999,12.310649999999999,12.41775,10.386299999999999,10.389249999999999,10.3889,10.535350000000001,10.665949999999999,10.797799999999999,10.9532,11.0898,11.2042,11.3583,11.50675,11.634450000000001,11.782599999999999,11.9365,12.050500000000001,12.19135,12.3163,12.43435,10.38915,10.38335 1634205016.039423
Noisy energies by type: {'onsite0': array([12., 12., 12., 12., 12., 12., 12., 12., 12., 12., 12., 12., 12.,
       12., 12., 12., 12., 12., 12., 12., 12., 12., 12., 12., 12., 12.,
       12., 12., 12., 12., 12., 12., 12., 12., 12., 12.]), 'horiz0': array([-0.9385, -0.8644, -0.9631, -0.47  , -0.4623, -0.4711, -0.2775,
       -0.1344, -0.0195, -0.0772,  0.2808,  0.3171,  0.1446,  0.1968,
        0.465 ,  0.9033, -0.9166, -0.9197, -0.932 , -0.8592, -0.9632,
       -0.4547, -0.4634, -0.4698, -0.2863, -0.1283, -0.0254, -0.0673,
        0.2854,  0.3163,  0.1552,  0.2132,  0.4736,  0.9167, -0.92  ,
       -0.9255]), 'horiz1': array([-0.6753 , -0.61245, -0.3659 , -0.74945, -0.5884 , -0.4503 ,
       -0.5101 , -0.51905, -0.46105, -0.30095, -0.49585, -0.3776 ,
       -0.1059 , -0.02255, -0.15435, -0.48555, -0.6971 , -0.69105,
       -0.6791 , -0.60545, -0.37085, -0.7475 , -0.5834 , -0.4404 ,
       -0.5095 , -0.5134 , -0.46785, -0.29825, -0.5028 , -0.3798 ,
       -0.1047 , -0.02185, -0.1573 , -0.48235, -0.69085, -0.69115])}
Using saved exact energies
Data collected can be found at experiments/66d6f8fa0de44dc9a049ccc2db35ad92-1014-104913/4x1
