{'theta': True, 'zeta': True, 'chi': False, 'gamma': True, 'phi': True, 'time': None}
{'theta': False, 'zeta': False, 'chi': False, 'gamma': False, 'phi': False, 'time': None}
                  (3, 2)
                  │
                  │
         (4, 1)───(4, 2)───(4, 3)
         │        │        │
         │        │        │
(5, 0)───(5, 1)───(5, 2)───(5, 3)───(5, 4)
         │        │        │        │
         │        │        │        │
         (6, 1)───(6, 2)───(6, 3)───(6, 4)───(6, 5)
                  │        │        │        │
                  │        │        │        │
                  (7, 2)───(7, 3)───(7, 4)───(7, 5)───(7, 6)
                           │        │        │
                           │        │        │
                           (8, 3)───(8, 4)───(8, 5)
                                    │
                                    │
                                    (9, 4)
Start at: (3, 2), with dr
Using qubits [cirq.GridQubit(3, 2), cirq.GridQubit(4, 2), cirq.GridQubit(4, 3), cirq.GridQubit(5, 3), cirq.GridQubit(5, 4), cirq.GridQubit(6, 4), cirq.GridQubit(6, 5), cirq.GridQubit(7, 5), cirq.GridQubit(4, 1), cirq.GridQubit(5, 1), cirq.GridQubit(5, 2), cirq.GridQubit(6, 2), cirq.GridQubit(6, 3), cirq.GridQubit(7, 3), cirq.GridQubit(7, 4), cirq.GridQubit(8, 4)]
Using qubits, JW:[cirq.GridQubit(3, 2), cirq.GridQubit(4, 2), cirq.GridQubit(4, 3), cirq.GridQubit(5, 3), cirq.GridQubit(5, 4), cirq.GridQubit(6, 4), cirq.GridQubit(6, 5), cirq.GridQubit(7, 5), cirq.GridQubit(4, 1), cirq.GridQubit(5, 1), cirq.GridQubit(5, 2), cirq.GridQubit(6, 2), cirq.GridQubit(6, 3), cirq.GridQubit(7, 3), cirq.GridQubit(7, 4), cirq.GridQubit(8, 4)]
                  [31m(3, 2)[0m
                  │
                  │
         [35m(4, 1)[0m───[31m(4, 2)[0m───[31m(4, 3)[0m
         │        │        │
         │        │        │
(5, 0)───[35m(5, 1)[0m───[35m(5, 2)[0m───[31m(5, 3)[0m───[31m(5, 4)[0m
         │        │        │        │
         │        │        │        │
         (6, 1)───[35m(6, 2)[0m───[35m(6, 3)[0m───[31m(6, 4)[0m───[31m(6, 5)[0m
                  │        │        │        │
                  │        │        │        │
                  (7, 2)───[35m(7, 3)[0m───[35m(7, 4)[0m───[31m(7, 5)[0m───(7, 6)
                           │        │        │
                           │        │        │
                           (8, 3)───[35m(8, 4)[0m───(8, 5)
                                    │
                                    │
                                    (9, 4)
None
Meas types ['onsite0', 'horiz0', 'vert02', 'vert12']
Prepped onsite, pairs=[(0, 8), (1, 9), (2, 10), (3, 11), (4, 12), (5, 13), (6, 14), (7, 15)]
Prepped horiz, pairs=[(0, 1), (2, 3), (4, 5), (6, 7), (8, 9), (10, 11), (12, 13), (14, 15)]
Prepped vert0, pairs=[(1, 2), (3, 4), (5, 6), (9, 10), (11, 12), (13, 14)]
Prepped vert1, pairs=[(1, 2), (3, 4), (5, 6), (9, 10), (11, 12), (13, 14)]
Set recompilation to False
Got pairs set [(10, 11), (5, 6), (3, 11), (5, 13), (8, 9), (4, 12), (6, 14), (1, 2), (6, 7), (7, 15), (12, 13), (4, 5), (2, 10), (9, 10), (2, 3), (1, 9), (14, 15), (0, 8), (11, 12), (0, 1), (13, 14), (3, 4)]
---Starting to do calibration: delta 3.5165693739999995
---Starting to set up measurements: delta 0.9039212059999997
---Starting to run VQE: delta 2.212476304000001
Running BayesMGD: n_evals 23, nshots 1000, max_iter 50, max_evals 600
---Preparing executables
---Running executables, 4 in batch, delta=2.0897230229999995
---Extracting values delta=3.147162352999999
---Extracted values delta=7.992780534000001
Running block of size 20...
---Preparing executables
---Running executables, 80 in batch, delta=42.263566471000004
---Extracting values delta=6.959840157000002
---Extracted values delta=68.237997353
Running block of size 20...
---Preparing executables
---Running executables, 80 in batch, delta=42.54353195599998
---Extracting values delta=7.528987233999999
---Extracted values delta=70.478063601
Running block of size 6...
---Preparing executables
---Running executables, 24 in batch, delta=12.90096035700003
---Extracting values delta=7.489161835999994
---Extracted values delta=26.085742082000024
[10.404356519736773, 7.8419249713745245]
2  :--------------------------------
fit_params:  [ 2.61   1.372  0.607  0.389 -0.275  0.29  -1.486 -0.86  -0.797 -0.647
 -1.092  2.913  4.041  4.58   2.201]
current: 7.842+/-2.269  params:  [0.244 0.832 0.514 0.768]  grad:  [2.44  0.541 1.569 0.75 ]  gamma_k: 0.3097  delta_k: 0.6000
Running block of size 20...
---Preparing executables
---Running executables, 80 in batch, delta=43.38305819599998
---Extracting values delta=5.972841179
---Extracted values delta=68.81302293099998
Running block of size 20...
---Preparing executables
---Running executables, 80 in batch, delta=46.086272906999966
---Extracting values delta=5.652985436999984
---Extracted values delta=69.71110824100003
Running block of size 6...
---Preparing executables
---Running executables, 24 in batch, delta=12.844729222999945
---Extracting values delta=3.751889119999987
---Extracted values delta=26.867440868000017
[10.404356519736773, 7.8419249713745245, 7.8419249713745245, 8.675033179886016]
3  :--------------------------------
fit_params:  [ 1.032 -0.77  -0.568  0.452  0.34   0.47  -0.362 -0.076 -0.382  0.093
 -1.952  2.191  1.028  0.101  8.059]
current: 8.675+/-0.147  params:  [0.378 0.802 0.458 0.711]  grad:  [-0.514  0.117  0.214  0.217]  gamma_k: 0.2604  delta_k: 0.5594
Running block of size 20...
---Preparing executables
---Running executables, 80 in batch, delta=42.88277994199996
---Extracting values delta=5.996046105999994
---Extracted values delta=69.06109779600001
Running block of size 20...
---Preparing executables
---Running executables, 80 in batch, delta=42.65453334999995
---Extracting values delta=5.786179362999974
---Extracted values delta=67.509832706
Running block of size 6...
---Preparing executables
---Running executables, 24 in batch, delta=12.848229228000037
---Extracting values delta=2.617199645000028
---Extracted values delta=27.15190988900008
[10.404356519736773, 7.8419249713745245, 7.8419249713745245, 8.675033179886016, 8.675033179886016, 8.63415453921494]
4  :--------------------------------
fit_params:  [ 1.106 -0.247  0.075  0.882  1.271  0.447 -0.213  0.171 -0.312 -0.16
 -3.544  1.008 -0.043 -0.608  9.219]
current: 8.634+/-0.159  params:  [0.382 0.589 0.505 0.682]  grad:  [-0.014  0.935 -0.204  0.129]  gamma_k: 0.2277  delta_k: 0.5370
Running block of size 20...
---Preparing executables
---Running executables, 80 in batch, delta=42.903868701999954
---Extracting values delta=7.233622034000064
---Extracted values delta=66.31558341699997
Running block of size 20...
---Preparing executables
---Running executables, 80 in batch, delta=43.11786036500007
---Extracting values delta=5.857520020000038
---Extracted values delta=70.0068503
Running block of size 6...
---Preparing executables
---Running executables, 24 in batch, delta=12.979071064999971
---Extracting values delta=3.4156804740000553
---Extracted values delta=26.63523671600001
[10.404356519736773, 7.8419249713745245, 7.8419249713745245, 8.675033179886016, 8.675033179886016, 8.63415453921494, 8.63415453921494, 8.658049963436723]
5  :--------------------------------
fit_params:  [ 0.742  0.426  0.124  1.227  1.235  0.156  0.238  0.502 -0.731  0.151
 -2.972 -0.629 -0.558 -0.983  9.982]
current: 8.658+/-0.129  params:  [0.404 0.577 0.47  0.608]  grad:  [-0.11   0.058  0.173  0.364]  gamma_k: 0.2040  delta_k: 0.5216
Running block of size 20...
---Preparing executables
---Running executables, 80 in batch, delta=43.27196708300016
---Extracting values delta=5.5422076799998194
---Extracted values delta=66.46989806399984
Running block of size 20...
---Preparing executables
---Running executables, 80 in batch, delta=42.60059295300016
---Extracting values delta=5.930044545000101
---Extracted values delta=69.04120260200011
Running block of size 6...
---Preparing executables
---Running executables, 24 in batch, delta=12.757463335000011
---Extracting values delta=2.46551981000016
---Extracted values delta=28.974514634000116
[10.404356519736773, 7.8419249713745245, 7.8419249713745245, 8.675033179886016, 8.675033179886016, 8.63415453921494, 8.63415453921494, 8.658049963436723, 8.658049963436723, 8.734983599106593]
6  :--------------------------------
fit_params:  [ 1.306  0.335  0.53  -0.087  1.119 -0.11  -0.089  0.164  0.194 -0.177
 -2.631 -0.881 -0.402 -0.06   9.712]
current: 8.735+/-0.147  params:  [0.439 0.473 0.528 0.603]  grad:  [-0.188  0.562 -0.312  0.024]  gamma_k: 0.1860  delta_k: 0.5100
Running block of size 20...
---Preparing executables
---Running executables, 80 in batch, delta=42.58253554299995
---Extracting values delta=5.842646287999969
---Extracted values delta=67.00756014900003
Running block of size 20...
---Preparing executables
---Running executables, 80 in batch, delta=42.48661687899994
---Extracting values delta=7.698077305999959
---Extracted values delta=69.19022499399989
Running block of size 6...
---Preparing executables
---Running executables, 24 in batch, delta=12.825200531000064
---Extracting values delta=2.3404229279999527
---Extracted values delta=26.891247408000027
[10.404356519736773, 7.8419249713745245, 7.8419249713745245, 8.675033179886016, 8.675033179886016, 8.63415453921494, 8.63415453921494, 8.658049963436723, 8.658049963436723, 8.734983599106593, 8.734983599106593, 8.75268818388783]
7  :--------------------------------
fit_params:  [ 1.358 -0.129  0.709 -0.228  0.827 -0.437  0.344  0.457  0.138  0.075
 -2.355 -0.647 -1.325  0.105  9.8  ]
current: 8.753+/-0.149  params:  [0.489 0.389 0.621 0.527]  grad:  [-0.29   0.487 -0.545  0.442]  gamma_k: 0.1716  delta_k: 0.5007
Running block of size 20...
---Preparing executables
---Running executables, 80 in batch, delta=42.79724096599989
---Extracting values delta=5.821556766999947
---Extracted values delta=65.90891202800003
Running block of size 20...
---Preparing executables
---Running executables, 80 in batch, delta=42.68225996399997
---Extracting values delta=5.7791741690000435
---Extracted values delta=68.05812528299998
Running block of size 6...
---Preparing executables
---Running executables, 24 in batch, delta=12.85738784299997
---Extracting values delta=2.296783590999894
---Extracted values delta=29.11544926800002
[10.404356519736773, 7.8419249713745245, 7.8419249713745245, 8.675033179886016, 8.675033179886016, 8.63415453921494, 8.63415453921494, 8.658049963436723, 8.658049963436723, 8.734983599106593, 8.734983599106593, 8.75268818388783, 8.75268818388783, 8.931259703019974]
8  :--------------------------------
fit_params:  [ 1.435 -0.199  0.889  0.14   0.58  -0.154  0.371  0.687  0.078  0.033
 -2.156 -0.648 -1.105 -0.808  9.993]
current: 8.931+/-0.130  params:  [0.452 0.34  0.594 0.509]  grad:  [0.231 0.306 0.171 0.112]  gamma_k: 0.1598  delta_k: 0.4929
Running block of size 20...
---Preparing executables
---Running executables, 80 in batch, delta=42.59628798099993
---Extracting values delta=5.63703684699999
---Extracted values delta=67.44041338800002
Running block of size 20...
---Preparing executables
---Running executables, 80 in batch, delta=42.70874361899996
---Extracting values delta=6.036480193999978
---Extracted values delta=69.26219815199966
Running block of size 6...
---Preparing executables
---Running executables, 24 in batch, delta=12.840530940000008
---Extracting values delta=3.1925185619998047
---Extracted values delta=28.845813471999918
[10.404356519736773, 7.8419249713745245, 7.8419249713745245, 8.675033179886016, 8.675033179886016, 8.63415453921494, 8.63415453921494, 8.658049963436723, 8.658049963436723, 8.734983599106593, 8.734983599106593, 8.75268818388783, 8.75268818388783, 8.931259703019974, 8.931259703019974, 8.91711356778913]
9  :--------------------------------
fit_params:  [ 1.557 -0.041  0.975  0.008  0.368  0.101  0.289  0.484  0.188 -0.345
 -2.192 -0.739 -1.029 -0.065  9.889]
current: 8.917+/-0.133  params:  [0.44  0.325 0.584 0.495]  grad:  [0.078 0.101 0.065 0.099]  gamma_k: 0.1500  delta_k: 0.4863
Running block of size 20...
---Preparing executables
---Running executables, 80 in batch, delta=43.1703553389998
---Extracting values delta=5.906245095000031
---Extracted values delta=69.95571666299975
Running block of size 20...
---Preparing executables
---Running executables, 80 in batch, delta=43.13322953299985
---Extracting values delta=6.48499808500037
---Extracted values delta=68.81005501399977
Running block of size 6...
---Preparing executables
---Running executables, 24 in batch, delta=12.86436341100034
---Extracting values delta=2.990668385999925
---Extracted values delta=28.031387088999963
[10.404356519736773, 7.8419249713745245, 7.8419249713745245, 8.675033179886016, 8.675033179886016, 8.63415453921494, 8.63415453921494, 8.658049963436723, 8.658049963436723, 8.734983599106593, 8.734983599106593, 8.75268818388783, 8.75268818388783, 8.931259703019974, 8.931259703019974, 8.91711356778913, 8.91711356778913, 8.890545749738523]
10  :--------------------------------
fit_params:  [ 1.232 -0.184  0.695  0.168  0.497 -0.159 -0.03   0.579 -0.034 -0.487
 -2.054 -0.169 -0.581  0.471  9.521]
current: 8.891+/-0.118  params:  [0.477 0.314 0.642 0.416]  grad:  [-0.26   0.08  -0.411  0.556]  gamma_k: 0.1417  delta_k: 0.4806
Running block of size 20...
---Preparing executables
---Running executables, 80 in batch, delta=42.594642250000106
---Extracting values delta=5.864659805999963
---Extracted values delta=67.57472106999967
Running block of size 20...
---Preparing executables
---Running executables, 80 in batch, delta=42.89895623400025
---Extracting values delta=7.099532334000287
---Extracted values delta=69.3383226660003
Running block of size 6...
---Preparing executables
---Running executables, 24 in batch, delta=13.019713560000127
---Extracting values delta=2.2516579110001658
---Extracted values delta=26.623513539000214
[10.404356519736773, 7.8419249713745245, 7.8419249713745245, 8.675033179886016, 8.675033179886016, 8.63415453921494, 8.63415453921494, 8.658049963436723, 8.658049963436723, 8.734983599106593, 8.734983599106593, 8.75268818388783, 8.75268818388783, 8.931259703019974, 8.931259703019974, 8.91711356778913, 8.91711356778913, 8.890545749738523, 8.890545749738523, 8.899313964988089]
11  :--------------------------------
fit_params:  [ 1.045  0.006  0.486  0.834  0.471  0.32  -0.209  0.059  0.396 -0.38
 -1.976 -0.413 -0.212 -0.833  9.72 ]
current: 8.899+/-0.121  params:  [0.507 0.3   0.606 0.459]  grad:  [-0.223  0.101  0.271 -0.322]  gamma_k: 0.1344  delta_k: 0.4755
Running block of size 20...
---Preparing executables
---Running executables, 80 in batch, delta=42.791298219000055
---Extracting values delta=5.653996890999679
---Extracted values delta=66.12455418599984
Running block of size 20...
---Preparing executables
---Running executables, 80 in batch, delta=42.68162276199973
---Extracting values delta=5.614658152000175
---Extracted values delta=69.72848492799994
Running block of size 6...
---Preparing executables
---Running executables, 24 in batch, delta=12.882184939000126
---Extracting values delta=2.0531170610001936
---Extracted values delta=27.585820155999954
[10.404356519736773, 7.8419249713745245, 7.8419249713745245, 8.675033179886016, 8.675033179886016, 8.63415453921494, 8.63415453921494, 8.658049963436723, 8.658049963436723, 8.734983599106593, 8.734983599106593, 8.75268818388783, 8.75268818388783, 8.931259703019974, 8.931259703019974, 8.91711356778913, 8.91711356778913, 8.890545749738523, 8.890545749738523, 8.899313964988089, 8.899313964988089, 8.581027223983963]
12  :--------------------------------
fit_params:  [ 1.506 -0.062  0.812  1.214 -0.258  0.242  0.383 -0.028 -0.047 -0.335
 -1.868 -0.551 -1.195 -0.822 10.086]
current: 8.581+/-0.114  params:  [0.536 0.355 0.612 0.481]  grad:  [-0.229 -0.429 -0.045 -0.17 ]  gamma_k: 0.1281  delta_k: 0.4709
Running block of size 20...
---Preparing executables
---Running executables, 80 in batch, delta=42.536564356000326
---Extracting values delta=5.696221183000034
---Extracted values delta=66.95264837800005
Running block of size 20...
---Preparing executables
---Running executables, 80 in batch, delta=42.668755320999935
---Extracting values delta=5.703822748000221
---Extracted values delta=75.6836471659999
Running block of size 6...
---Preparing executables
---Running executables, 24 in batch, delta=12.932090898999832
---Extracting values delta=2.143231882999771
---Extracted values delta=28.157545230999858
[10.404356519736773, 7.8419249713745245, 7.8419249713745245, 8.675033179886016, 8.675033179886016, 8.63415453921494, 8.63415453921494, 8.658049963436723, 8.658049963436723, 8.734983599106593, 8.734983599106593, 8.75268818388783, 8.75268818388783, 8.931259703019974, 8.931259703019974, 8.91711356778913, 8.91711356778913, 8.890545749738523, 8.890545749738523, 8.899313964988089, 8.899313964988089, 8.581027223983963, 8.581027223983963, 8.698051238476417]
13  :--------------------------------
fit_params:  [ 1.299 -0.432  1.025  0.765 -0.09   0.164  0.404  0.13   0.045 -0.121
 -1.758 -0.054 -1.512 -0.673  9.885]
current: 8.698+/-0.128  params:  [0.549 0.345 0.601 0.47 ]  grad:  [-0.104  0.081  0.088  0.086]  gamma_k: 0.1225  delta_k: 0.4668
Running block of size 20...
---Preparing executables
---Running executables, 80 in batch, delta=42.821334405000016
---Extracting values delta=5.825308955999844
---Extracted values delta=68.04536339399965
Running block of size 20...
---Preparing executables
---Running executables, 80 in batch, delta=42.573230719000094
---Extracting values delta=5.797431280999717
---Extracted values delta=67.49269819399979
Running block of size 6...
---Preparing executables
---Running executables, 24 in batch, delta=13.024041059999945
---Extracting values delta=2.826475297000343
---Extracted values delta=28.038367404000383
[10.404356519736773, 7.8419249713745245, 7.8419249713745245, 8.675033179886016, 8.675033179886016, 8.63415453921494, 8.63415453921494, 8.658049963436723, 8.658049963436723, 8.734983599106593, 8.734983599106593, 8.75268818388783, 8.75268818388783, 8.931259703019974, 8.931259703019974, 8.91711356778913, 8.91711356778913, 8.890545749738523, 8.890545749738523, 8.899313964988089, 8.899313964988089, 8.581027223983963, 8.581027223983963, 8.698051238476417, 8.698051238476417, 8.752467295142052]
14  :--------------------------------
fit_params:  [ 1.328 -0.144  0.914  0.543  0.173  0.172  0.728  0.391 -0.026 -0.165
 -2.122 -0.353 -1.482 -0.533  9.873]
current: 8.752+/-0.112  params:  [0.545 0.276 0.583 0.448]  grad:  [0.03  0.588 0.153 0.192]  gamma_k: 0.1175  delta_k: 0.4631
Running block of size 20...
---Preparing executables
---Running executables, 80 in batch, delta=42.54427692299987
---Extracting values delta=6.1825345709999056
---Extracted values delta=65.74571725700025
Running block of size 20...
---Preparing executables
---Running executables, 80 in batch, delta=42.49430429899985
---Extracting values delta=5.851482411000234
---Extracted values delta=70.73289510199993
Running block of size 6...
---Preparing executables
---Running executables, 24 in batch, delta=13.032645181000134
---Extracting values delta=2.124655757000255
---Extracted values delta=26.30780983700015
[10.404356519736773, 7.8419249713745245, 7.8419249713745245, 8.675033179886016, 8.675033179886016, 8.63415453921494, 8.63415453921494, 8.658049963436723, 8.658049963436723, 8.734983599106593, 8.734983599106593, 8.75268818388783, 8.75268818388783, 8.931259703019974, 8.931259703019974, 8.91711356778913, 8.91711356778913, 8.890545749738523, 8.890545749738523, 8.899313964988089, 8.899313964988089, 8.581027223983963, 8.581027223983963, 8.698051238476417, 8.698051238476417, 8.752467295142052, 8.752467295142052, 8.77607494915045]
15  :--------------------------------
fit_params:  [ 1.325 -0.167  0.839  0.648  0.333  0.041  0.245  0.144  0.16  -0.276
 -1.632 -0.887 -1.427 -0.286  9.99 ]
current: 8.776+/-0.111  params:  [0.526 0.297 0.641 0.423]  grad:  [ 0.175 -0.187 -0.516  0.219]  gamma_k: 0.1131  delta_k: 0.4596
***8.78+/-0.11 1631680684.769832
---VQE complete: delta 3911.837841322
Data collected can be found at experiments/4x2_bayesmgd_zz_x_U_4_nocc_11_d_1-0915-043246/2x4
