{'theta': True, 'zeta': True, 'chi': False, 'gamma': True, 'phi': True, 'time': None}
{'theta': False, 'zeta': False, 'chi': False, 'gamma': False, 'phi': False, 'time': None}
Start at: (3, 2), with dr
Using qubits [cirq.GridQubit(3, 2), cirq.GridQubit(4, 2), cirq.GridQubit(4, 3), cirq.GridQubit(5, 3), cirq.GridQubit(5, 4), cirq.GridQubit(6, 4), cirq.GridQubit(6, 5), cirq.GridQubit(7, 5), cirq.GridQubit(4, 1), cirq.GridQubit(5, 1), cirq.GridQubit(5, 2), cirq.GridQubit(6, 2), cirq.GridQubit(6, 3), cirq.GridQubit(7, 3), cirq.GridQubit(7, 4), cirq.GridQubit(8, 4)]
Using qubits, JW:[cirq.GridQubit(3, 2), cirq.GridQubit(4, 2), cirq.GridQubit(4, 3), cirq.GridQubit(5, 3), cirq.GridQubit(5, 4), cirq.GridQubit(6, 4), cirq.GridQubit(6, 5), cirq.GridQubit(7, 5), cirq.GridQubit(4, 1), cirq.GridQubit(5, 1), cirq.GridQubit(5, 2), cirq.GridQubit(6, 2), cirq.GridQubit(6, 3), cirq.GridQubit(7, 3), cirq.GridQubit(7, 4), cirq.GridQubit(8, 4)]
Meas types ['onsite0', 'horiz0', 'vert02', 'vert12']
Prepped onsite, pairs=[(0, 8), (1, 9), (2, 10), (3, 11), (4, 12), (5, 13), (6, 14), (7, 15)]
Prepped horiz, pairs=[(0, 1), (2, 3), (4, 5), (6, 7), (8, 9), (10, 11), (12, 13), (14, 15)]
Prepped vert0, pairs=[(1, 2), (3, 4), (5, 6), (9, 10), (11, 12), (13, 14)]
Prepped vert1, pairs=[(1, 2), (3, 4), (5, 6), (9, 10), (11, 12), (13, 14)]
Set recompilation to False
Got pairs set [(3, 4), (4, 12), (12, 13), (5, 13), (8, 9), (0, 8), (1, 9), (13, 14), (6, 14), (4, 5), (5, 6), (14, 15), (0, 1), (9, 10), (10, 11), (1, 2), (2, 10), (6, 7), (7, 15), (3, 11), (2, 3), (11, 12)]
---Starting to do calibration: delta 0.0765916099999231
---Starting to set up measurements: delta 0.5080877079999482
---Starting to run VQE: delta 1.6993763219998073
No optimisation, save file is experiments/9eb66e6fd70e4770a874e80a9cbab5c8-0920-110314/2x4/processed/processed.json
parameters.json
---Preparing executables
---Running executables, 60 in batch, delta=17.229116377999617
---Extracting values delta=23.614945946999796
---Extracted values delta=0.5482906779998302
===-5.156678080558777 -5.484803080558777 -5.556284189224243 -6.037197709083557 -6.302040696144104 -6.408449649810791 -6.434470176696777 -6.446622848510742 -6.450981616973877 -6.477088451385498 -6.5507659912109375 -6.594611287117004 -6.624600172042847 -6.746664643287659 -6.823863863945007 1632132237.992717
Computed energies [-5.156678080558777, -5.484803080558777, -5.556284189224243, -6.037197709083557, -6.302040696144104, -6.408449649810791, -6.434470176696777, -6.446622848510742, -6.450981616973877, -6.477088451385498, -6.5507659912109375, -6.594611287117004, -6.624600172042847, -6.746664643287659, -6.823863863945007], params [[[[0.8312871881382002, 1.1687128118617998, 0.8312871881382002, 1.1687128118617998]]], [[[0.6521668421445757, 0.9895924658681752, 1.0104075341318248, 1.3478331578554243]]], [[[0.756748859529051, 0.8850104484836998, 0.9058255167473495, 1.243251140470949]]], [[[0.5789547286759542, 1.0628045793367966, 0.7280313858942526, 1.0654570096178522]]], [[[0.4557909961777886, 0.939640846838631, 0.8511951183924182, 0.9422932771196866]]], [[[0.35078384521062883, 0.8346336958714712, 0.9562022693595781, 0.8372861261525267]]], [[[0.387691322624682, 0.797726218457418, 0.9192947919455249, 0.8741936035665799]]], [[[0.36596908334242495, 0.776003979175161, 0.9410170312277819, 0.8524713642843229]]], [[[0.3770148636259442, 0.7870497594586802, 0.9299712509442627, 0.8414255840008037]]], [[[0.41445659003579294, 0.7496080330488314, 0.8925295245344139, 0.8788673104106525]]], [[[0.36686128767155374, 0.7020127306845921, 0.8449342221701747, 0.9264626127748917]]], [[[0.30539268415900866, 0.6405441271720471, 0.7834656186576296, 0.9879312162874367]]], [[[0.33513453666379694, 0.6702859796768355, 0.7537237661528413, 0.9581893637826484]]], [[[0.4062771793011849, 0.5991433370394476, 0.6825811235154534, 0.8870467211452605]]], [[[0.3451094644389563, 0.537975622177219, 0.6214134086532248, 0.8258790062830319]]]]
***[-5.15667808 -5.48480308 -5.55628419 -6.03719771 -6.3020407  -6.40844965
 -6.43447018 -6.44662285 -6.45098162 -6.47708845 -6.55076599 -6.59461129
 -6.62460017 -6.74666464 -6.82386386] 1632132237.9949439
---VQE complete: delta 41.399778136999885
Data collected can be found at experiments/9eb66e6fd70e4770a874e80a9cbab5c8-0920-110314/2x4
