{'theta': True, 'zeta': True, 'chi': False, 'gamma': True, 'phi': True, 'time': None}
{'theta': False, 'zeta': False, 'chi': False, 'gamma': False, 'phi': False, 'time': None}
Start at: (3, 2), with dr
Using qubits [cirq.GridQubit(3, 2), cirq.GridQubit(4, 2), cirq.GridQubit(4, 3), cirq.GridQubit(5, 3), cirq.GridQubit(5, 4), cirq.GridQubit(6, 4), cirq.GridQubit(6, 5), cirq.GridQubit(7, 5), cirq.GridQubit(4, 1), cirq.GridQubit(5, 1), cirq.GridQubit(5, 2), cirq.GridQubit(6, 2), cirq.GridQubit(6, 3), cirq.GridQubit(7, 3), cirq.GridQubit(7, 4), cirq.GridQubit(8, 4)]
Using qubits, JW:[cirq.GridQubit(3, 2), cirq.GridQubit(4, 2), cirq.GridQubit(4, 3), cirq.GridQubit(5, 3), cirq.GridQubit(5, 4), cirq.GridQubit(6, 4), cirq.GridQubit(6, 5), cirq.GridQubit(7, 5), cirq.GridQubit(4, 1), cirq.GridQubit(5, 1), cirq.GridQubit(5, 2), cirq.GridQubit(6, 2), cirq.GridQubit(6, 3), cirq.GridQubit(7, 3), cirq.GridQubit(7, 4), cirq.GridQubit(8, 4)]
Meas types ['onsite0', 'horiz0', 'vert02', 'vert12']
Prepped onsite, pairs=[(0, 8), (1, 9), (2, 10), (3, 11), (4, 12), (5, 13), (6, 14), (7, 15)]
Prepped horiz, pairs=[(0, 1), (2, 3), (4, 5), (6, 7), (8, 9), (10, 11), (12, 13), (14, 15)]
Prepped vert0, pairs=[(1, 2), (3, 4), (5, 6), (9, 10), (11, 12), (13, 14)]
Prepped vert1, pairs=[(1, 2), (3, 4), (5, 6), (9, 10), (11, 12), (13, 14)]
Set recompilation to False
Got pairs set [(3, 4), (4, 12), (12, 13), (5, 13), (8, 9), (0, 8), (1, 9), (13, 14), (6, 14), (4, 5), (5, 6), (14, 15), (0, 1), (9, 10), (10, 11), (1, 2), (2, 10), (6, 7), (7, 15), (3, 11), (2, 3), (11, 12)]
---Starting to do calibration: delta 0.06716910100294626
---Starting to set up measurements: delta 0.48782804000074975
---Starting to run VQE: delta 1.5860116000003472
No optimisation, save file is experiments/f93c6a24f4ef4c25a7cbbbf4a2964f63-0910-164702/2x4/processed/processed.json
parameters.json
---Preparing executables
---Running executables, 60 in batch, delta=15.908814499001892
---Extracting values delta=22.246158906000346
---Extracted values delta=0.5507792049975251
===-4.629558563232422 -5.5931984186172485 -5.840526044368744 -5.897730112075806 -5.965012311935425 -5.97841078042984 -5.998856544494629 -6.041401982307434 -6.0582045912742615 -6.063363552093506 -6.07331770658493 -6.084119439125061 -6.085568964481354 -6.089951574802399 -6.094762712717056 1631288863.5600219
Computed energies [-4.629558563232422, -5.5931984186172485, -5.840526044368744, -5.897730112075806, -5.965012311935425, -5.97841078042984, -5.998856544494629, -6.041401982307434, -6.0582045912742615, -6.063363552093506, -6.07331770658493, -6.084119439125061, -6.085568964481354, -6.089951574802399, -6.094762712717056], params [[[[1.0, 1.0, 1.0, 1.0]]], [[[0.4559316065153718, 0.888181857869527, 0.8644732192400216, 1.0346626756703008]]], [[[0.3514521152092308, 0.8511706039394082, 0.7601187689389969, 0.7775250812381566]]], [[[0.35753817321897985, 0.8157542056847099, 0.6893930436107742, 0.7378701243645307]]], [[[0.3221236961491457, 0.7622027158890704, 0.5590635152534332, 0.7327406825383356]]], [[[0.34227984251383486, 0.7544142588140572, 0.5583605140835418, 0.703330912134522]]], [[[0.3972865434943217, 0.7072099316526709, 0.5372162181557028, 0.6936183311410148]]], [[[0.37692841747237105, 0.6524790464754197, 0.4968590095929635, 0.6531036706404082]]], [[[0.3650924008706393, 0.6970476591634573, 0.45046461522052483, 0.582191123238574]]], [[[0.3832216363750963, 0.6570657277637434, 0.46353663710185194, 0.5996520242086937]]], [[[0.3973251975660983, 0.6529785862790228, 0.438833581153201, 0.581753092884139]]], [[[0.38453481635473996, 0.6539299731706659, 0.41683725405634614, 0.5497378177287945]]], [[[0.4410996577723361, 0.6221561406678882, 0.38898163010165787, 0.5725895919624637]]], [[[0.42980799485495264, 0.6054027265247133, 0.35521020988227614, 0.5703460964691469]]], [[[0.47060723474663224, 0.6101664350237925, 0.3443501218752911, 0.5405319227205406]]]]
***[-4.62955856 -5.59319842 -5.84052604 -5.89773011 -5.96501231 -5.97841078
 -5.99885654 -6.04140198 -6.05820459 -6.06336355 -6.07331771 -6.08411944
 -6.08556896 -6.08995157 -6.09476271] 1631288863.5622408
---VQE complete: delta 38.71318250100012
Data collected can be found at experiments/f93c6a24f4ef4c25a7cbbbf4a2964f63-0910-164702/2x4
