{'theta': True, 'zeta': True, 'chi': False, 'gamma': True, 'phi': True, 'time': None}
{'theta': False, 'zeta': False, 'chi': False, 'gamma': False, 'phi': False, 'time': None}
                  (3, 2)
                  │
                  │
         (4, 1)───(4, 2)───(4, 3)
         │        │        │
         │        │        │
(5, 0)───(5, 1)───(5, 2)───(5, 3)───(5, 4)
         │        │        │        │
         │        │        │        │
         (6, 1)───(6, 2)───(6, 3)───(6, 4)───(6, 5)
                  │        │        │        │
                  │        │        │        │
                  (7, 2)───(7, 3)───(7, 4)───(7, 5)───(7, 6)
                           │        │        │
                           │        │        │
                           (8, 3)───(8, 4)───(8, 5)
                                    │
                                    │
                                    (9, 4)
Start at: (3, 2), with dr
Using qubits [cirq.GridQubit(3, 2), cirq.GridQubit(4, 2), cirq.GridQubit(4, 3), cirq.GridQubit(5, 3), cirq.GridQubit(5, 4), cirq.GridQubit(6, 4), cirq.GridQubit(6, 5), cirq.GridQubit(7, 5), cirq.GridQubit(4, 1), cirq.GridQubit(5, 1), cirq.GridQubit(5, 2), cirq.GridQubit(6, 2), cirq.GridQubit(6, 3), cirq.GridQubit(7, 3), cirq.GridQubit(7, 4), cirq.GridQubit(8, 4)]
Using qubits, JW:[cirq.GridQubit(3, 2), cirq.GridQubit(4, 2), cirq.GridQubit(4, 3), cirq.GridQubit(5, 3), cirq.GridQubit(5, 4), cirq.GridQubit(6, 4), cirq.GridQubit(6, 5), cirq.GridQubit(7, 5), cirq.GridQubit(4, 1), cirq.GridQubit(5, 1), cirq.GridQubit(5, 2), cirq.GridQubit(6, 2), cirq.GridQubit(6, 3), cirq.GridQubit(7, 3), cirq.GridQubit(7, 4), cirq.GridQubit(8, 4)]
                  [31m(3, 2)[0m
                  │
                  │
         [35m(4, 1)[0m───[31m(4, 2)[0m───[31m(4, 3)[0m
         │        │        │
         │        │        │
(5, 0)───[35m(5, 1)[0m───[35m(5, 2)[0m───[31m(5, 3)[0m───[31m(5, 4)[0m
         │        │        │        │
         │        │        │        │
         (6, 1)───[35m(6, 2)[0m───[35m(6, 3)[0m───[31m(6, 4)[0m───[31m(6, 5)[0m
                  │        │        │        │
                  │        │        │        │
                  (7, 2)───[35m(7, 3)[0m───[35m(7, 4)[0m───[31m(7, 5)[0m───(7, 6)
                           │        │        │
                           │        │        │
                           (8, 3)───[35m(8, 4)[0m───(8, 5)
                                    │
                                    │
                                    (9, 4)
None
Meas types ['onsite0', 'horiz0', 'horiz1']
Prepped onsite, pairs=[(0, 8), (1, 9), (2, 10), (3, 11), (4, 12), (5, 13), (6, 14), (7, 15)]
Prepped horiz, pairs=[(0, 1), (2, 3), (4, 5), (6, 7), (8, 9), (10, 11), (12, 13), (14, 15)]
Prepped horiz, pairs=[(1, 2), (3, 4), (5, 6), (9, 10), (11, 12), (13, 14)]
Set recompilation to False
Got pairs set [(10, 11), (5, 6), (3, 11), (5, 13), (8, 9), (4, 12), (6, 14), (1, 2), (6, 7), (7, 15), (12, 13), (4, 5), (2, 10), (9, 10), (2, 3), (1, 9), (14, 15), (0, 8), (11, 12), (0, 1), (13, 14), (3, 4)]
---Starting to do calibration: delta 3.790351344000001
---Starting to set up measurements: delta 0.7905630510000012
---Starting to run VQE: delta 1.3943194119999998
No optimisation, save file is experiments/8x1_single_zz_x_U_4_nocc_11_d_1-0913-221105/8x1/processed/processed.json
Given params: [[[[[0.51, 0.552, 0.642]]], [[[-0.51, -0.552, -0.642]]], [[[0, 0.552, 0.642]]], [[[0, -0.552, -0.642]]]]]
---Preparing executables
---Running executables, 12 in batch, delta=6.392714971
---Extracting values delta=2.923512673000001
---Extracted values delta=64.345888501
===9.01285136481768 8.972250557254357 9.488751265348611 9.786636408835088 1631567545.040531
Computed energies [8.992550961036018], params [[[[0.51, 0.552, 0.642]]], [[[-0.51, -0.552, -0.642]]], [[[0, 0.552, 0.642]]], [[[0, -0.552, -0.642]]]]
***8.992550961036018 1631567545.049612
---VQE complete: delta 73.687317491
---Starting TFLO
Using saved points
Using params [[[0, 0, 0]], [[0, 0, 0.785398]], [[0, 0.785398, 1.5708]], [[0, 4.71239, 0]], [[0, 2.35619, 0.785398]], [[0, 3.92699, 0]], [[0, 1.5708, 2.35619]], [[0, 3.14159, 0.785398]], [[0, 3.92699, 0.785398]], [[0, 5.49779, 5.49779]], [[0, 0.785398, 5.49779]], [[0, 4.71239, 5.49779]], [[0, 1.5708, 3.92699]], [[0, 4.71239, 3.92699]], [[0, 3.92699, 2.35619]], [[0, 2.35619, 4.71239]], [[0, 0.552, 0.642]], [[0.51, 0.552, 0.642]], [[0, 0, 0]], [[0, 0, -0.785398]], [[0, -0.785398, -1.5708]], [[0, -4.71239, 0]], [[0, -2.35619, -0.785398]], [[0, -3.92699, 0]], [[0, -1.5708, -2.35619]], [[0, -3.14159, -0.785398]], [[0, -3.92699, -0.785398]], [[0, -5.49779, -5.49779]], [[0, -0.785398, -5.49779]], [[0, -4.71239, -5.49779]], [[0, -1.5708, -3.92699]], [[0, -4.71239, -3.92699]], [[0, -3.92699, -2.35619]], [[0, -2.35619, -4.71239]], [[0, -0.552, -0.642]], [[-0.51, -0.552, -0.642]]]
---Preparing executables
---Running executables, 108 in batch, delta=55.832835501999995
---Extracting values delta=12.719819239000003
---Extracted values delta=152.82022831899997
---Time for noisy calculation: 221.395474428
***TFLON: 9.584541288410342,9.877920417283788,10.009090209530587,10.329842523393944,11.331659246180758,10.93400324440773,11.265259233826189,12.01108888561088,11.977411433040654,13.534172380156702,13.080161595191106,13.745080953197432,14.087724231282554,14.790265263055625,14.355888213364912,15.282936385780447,9.47067395766633,9.01071142371164,9.48791579512586,9.948762362616673,10.360096525211539,10.66933124216542,10.706266662727147,11.60829875398164,11.878409755544308,12.057569009648025,12.482843719451727,12.597209229779855,13.685631814215585,13.634570596764462,14.033302018874034,13.763767963191711,14.895454091320671,15.040400466969523,9.755689390918036,9.025270250928674 1631567769.307882
Noisy energies by type: {'onsite0': array([15.08103131, 15.21574139, 15.10596026, 15.04233302, 15.31594784,
       14.76262503, 14.87948207, 15.09027431, 14.81705778, 15.37622578,
       14.76937143, 14.9245555 , 15.22598353, 15.20259921, 14.65506406,
       15.22716843, 15.02330005, 13.93027523, 15.08545455, 15.10417623,
       15.29739777, 15.0442559 , 14.65270019, 15.3175311 , 15.12359033,
       15.02439024, 15.19163763, 14.96169027, 15.41304853, 15.22670251,
       14.94348328, 14.87924866, 15.25063059, 14.78154999, 15.35398027,
       14.43029888]), 'horiz0': array([-2.91177164, -2.7458304 , -2.89853918, -3.28482676, -3.40597826,
       -3.30280019, -2.25463468, -2.86743215, -2.2843614 ,  0.3542193 ,
        0.60009985,  0.17007457,  0.2631842 ,  0.92486132,  0.23200428,
        0.65628892, -3.12978283, -2.73030303, -3.00450755, -2.59686347,
       -2.73691589, -2.97778314, -3.44940476, -3.12534609, -1.926168  ,
       -2.77828283, -2.10821643, -0.07685098,  0.46899923, -0.14837448,
        0.41016608,  0.36430678,  0.28133705,  0.79841392, -3.20627803,
       -3.15934195]), 'horiz1': array([-2.58471837, -2.59199058, -2.19833088, -1.42766373, -0.57831034,
       -0.5258216 , -1.35958816, -0.21175328, -0.55528495, -2.19627271,
       -2.28930968, -1.34954912, -1.4014435 , -1.33719527, -0.53118012,
       -0.60052096, -2.42284326, -2.18926078, -2.5930312 , -2.5585504 ,
       -2.20038536, -1.39714152, -0.49702876, -0.58388626, -1.31901258,
       -0.18853841, -0.60057748, -2.28763006, -2.19641594, -1.44375743,
       -1.32034734, -1.47978748, -0.63651355, -0.53956344, -2.39201285,
       -2.24568668])}
Using saved exact energies
Data collected can be found at experiments/8x1_single_zz_x_U_4_nocc_11_d_1-0913-221105/8x1
