{'theta': True, 'zeta': True, 'chi': False, 'gamma': True, 'phi': True, 'time': None}
{'theta': False, 'zeta': False, 'chi': False, 'gamma': False, 'phi': False, 'time': None}
                  (3, 2)
                  │
                  │
         (4, 1)───(4, 2)───(4, 3)
         │        │        │
         │        │        │
(5, 0)───(5, 1)───(5, 2)───(5, 3)───(5, 4)
         │        │        │        │
         │        │        │        │
         (6, 1)───(6, 2)───(6, 3)───(6, 4)───(6, 5)
                  │        │        │        │
                  │        │        │        │
                  (7, 2)───(7, 3)───(7, 4)───(7, 5)───(7, 6)
                           │        │        │
                           │        │        │
                           (8, 3)───(8, 4)───(8, 5)
                                    │
                                    │
                                    (9, 4)
Start at: (3, 2), with dr
Using qubits [cirq.GridQubit(3, 2), cirq.GridQubit(4, 2), cirq.GridQubit(4, 3), cirq.GridQubit(5, 3), cirq.GridQubit(5, 4), cirq.GridQubit(6, 4), cirq.GridQubit(6, 5), cirq.GridQubit(7, 5), cirq.GridQubit(4, 1), cirq.GridQubit(5, 1), cirq.GridQubit(5, 2), cirq.GridQubit(6, 2), cirq.GridQubit(6, 3), cirq.GridQubit(7, 3), cirq.GridQubit(7, 4), cirq.GridQubit(8, 4)]
Using qubits, JW:[cirq.GridQubit(3, 2), cirq.GridQubit(4, 2), cirq.GridQubit(4, 3), cirq.GridQubit(5, 3), cirq.GridQubit(5, 4), cirq.GridQubit(6, 4), cirq.GridQubit(6, 5), cirq.GridQubit(7, 5), cirq.GridQubit(4, 1), cirq.GridQubit(5, 1), cirq.GridQubit(5, 2), cirq.GridQubit(6, 2), cirq.GridQubit(6, 3), cirq.GridQubit(7, 3), cirq.GridQubit(7, 4), cirq.GridQubit(8, 4)]
                  [31m(3, 2)[0m
                  │
                  │
         [35m(4, 1)[0m───[31m(4, 2)[0m───[31m(4, 3)[0m
         │        │        │
         │        │        │
(5, 0)───[35m(5, 1)[0m───[35m(5, 2)[0m───[31m(5, 3)[0m───[31m(5, 4)[0m
         │        │        │        │
         │        │        │        │
         (6, 1)───[35m(6, 2)[0m───[35m(6, 3)[0m───[31m(6, 4)[0m───[31m(6, 5)[0m
                  │        │        │        │
                  │        │        │        │
                  (7, 2)───[35m(7, 3)[0m───[35m(7, 4)[0m───[31m(7, 5)[0m───(7, 6)
                           │        │        │
                           │        │        │
                           (8, 3)───[35m(8, 4)[0m───(8, 5)
                                    │
                                    │
                                    (9, 4)
None
Meas types ['onsite0', 'horiz0', 'vert02', 'vert12']
Prepped onsite, pairs=[(0, 8), (1, 9), (2, 10), (3, 11), (4, 12), (5, 13), (6, 14), (7, 15)]
Prepped horiz, pairs=[(0, 1), (2, 3), (4, 5), (6, 7), (8, 9), (10, 11), (12, 13), (14, 15)]
Prepped vert0, pairs=[(1, 2), (3, 4), (5, 6), (9, 10), (11, 12), (13, 14)]
Prepped vert1, pairs=[(1, 2), (3, 4), (5, 6), (9, 10), (11, 12), (13, 14)]
Set recompilation to False
Got pairs set [(10, 11), (5, 6), (3, 11), (5, 13), (8, 9), (4, 12), (6, 14), (1, 2), (6, 7), (7, 15), (12, 13), (4, 5), (2, 10), (9, 10), (2, 3), (1, 9), (14, 15), (0, 8), (11, 12), (0, 1), (13, 14), (3, 4)]
---Starting to do calibration: delta 3.2792332570000005
---Starting to set up measurements: delta 0.8150734770000003
---Starting to run VQE: delta 2.1151068889999998
No optimisation, save file is experiments/4x2_single_U_8_nocc_3_d_1-0920-002259/2x4/processed/processed.json
Given params: [[[[[0.639, 0.462, 0.421, 0.482]]], [[[-0.639, -0.462, -0.421, -0.482]]], [[[0, 0.462, 0.421, 0.482]]], [[[0, -0.462, -0.421, -0.482]]]]]
---Preparing executables
---Running executables, 16 in batch, delta=7.779852615000001
---Extracting values delta=3.697386138999999
---Extracted values delta=68.393612701
===-3.3834654853677866 -3.728568660444485 -3.0655650913476813 -2.8380367411108596 1632093865.345487
Computed energies [-3.556017072906136], params [[[[0.639, 0.462, 0.421, 0.482]]], [[[-0.639, -0.462, -0.421, -0.482]]], [[[0, 0.462, 0.421, 0.482]]], [[[0, -0.462, -0.421, -0.482]]]]
***-3.556017072906136 1632093865.34716
---VQE complete: delta 79.87779180999999
---Starting TFLO
Using saved points
Using params [[[0, 1.5708, 0, 0]], [[0, 0, 0, 1.5708]], [[0, 2.35619, 4.71239, 0.785398]], [[0, 0, 0.785398, 3.14159]], [[0, 3.14159, 3.14159, 1.5708]], [[0, 0.785398, 0, 3.92699]], [[0, 3.92699, 0, 4.71239]], [[0, 0, 5.49779, 3.92699]], [[0, 0, 4.71239, 3.14159]], [[0, 0, 1.5708, 4.71239]], [[0, 4.71239, 4.71239, 3.92699]], [[0, 3.92699, 1.5708, 5.49779]], [[0, 0.785398, 3.14159, 3.92699]], [[0, 0, 2.35619, 4.71239]], [[0, 3.14159, 3.92699, 4.71239]], [[0, 0, 3.92699, 5.49779]], [[0, 0.462, 0.421, 0.482]], [[0.639, 0.462, 0.421, 0.482]], [[0, -1.5708, 0, 0]], [[0, 0, 0, -1.5708]], [[0, -2.35619, -4.71239, -0.785398]], [[0, 0, -0.785398, -3.14159]], [[0, -3.14159, -3.14159, -1.5708]], [[0, -0.785398, 0, -3.92699]], [[0, -3.92699, 0, -4.71239]], [[0, 0, -5.49779, -3.92699]], [[0, 0, -4.71239, -3.14159]], [[0, 0, -1.5708, -4.71239]], [[0, -4.71239, -4.71239, -3.92699]], [[0, -3.92699, -1.5708, -5.49779]], [[0, -0.785398, -3.14159, -3.92699]], [[0, 0, -2.35619, -4.71239]], [[0, -3.14159, -3.92699, -4.71239]], [[0, 0, -3.92699, -5.49779]], [[0, -0.462, -0.421, -0.482]], [[-0.639, -0.462, -0.421, -0.482]]]
---Preparing executables
---Running executables, 144 in batch, delta=70.31962432400002
---Extracting values delta=8.420762633999999
---Extracted values delta=145.87941426199998
---Time for noisy calculation: 224.64520224199998
***TFLON: -2.8015392462923243,-2.4971817713923263,-2.0301255347333202,-1.6601257014138944,-0.759163046192674,-0.5513049175097324,-0.27426660939645914,0.683067211255184,1.1997593361108359,1.5253963736370373,2.326940912156777,2.481315566125954,3.3159928184573486,3.4610703276321875,4.558283989574748,5.413383760945411,-3.057097360127259,-3.36787079121382,-3.0767979869657576,-2.3961656643709395,-1.8005167509046136,-1.0768884391625975,-0.8343151561162482,-0.12812909346691326,0.32296152647673,0.9774371658322438,1.6583810491023578,2.2899163966148897,2.674700636583099,2.8370559639248047,4.2562832096595535,4.241193222574796,4.681568098679548,5.301886478571826,-2.870892168249509,-3.684531314952076 1632094092.7694788
Noisy energies by type: {'onsite0': array([2.1588181 , 2.00367647, 2.01609565, 1.87418655, 1.94545909,
       1.86181139, 1.82005141, 1.98224852, 2.03008248, 1.96605166,
       2.05642633, 1.83365201, 1.79535344, 2.015625  , 1.99670045,
       2.06339221, 1.89130435, 1.0168263 , 1.97484863, 1.98238515,
       1.89299611, 2.03107817, 1.90781174, 2.1358085 , 2.14361092,
       2.12203074, 1.96271032, 1.90246168, 1.94535017, 2.14203631,
       2.21691094, 2.        , 1.976088  , 1.97786631, 2.11924382,
       1.16732604]), 'horiz0': array([-2.22351695, -2.20821419, -2.12892687, -1.96458393, -1.41634124,
       -2.19003446, -2.19932757, -1.66344346, -1.1315519 , -0.48827902,
       -0.63241309, -0.19179123,  0.83133871,  0.84136601,  1.01832137,
        1.51666667, -2.14194983, -1.87088916, -2.25641704, -2.22870196,
       -2.05496886, -1.85505283, -1.48757017, -2.16991933, -2.23069233,
       -1.72567262, -1.00294262, -0.042     , -0.48693467, -0.22176801,
        1.05196078,  1.27827779,  0.99097744,  1.44821892, -2.18954945,
       -2.18506917]), 'vert02': array([-1.49224545, -1.34123017, -1.0539869 , -0.61414093, -0.61218027,
       -0.07776292,  0.17824124, -0.218107  , -0.39576695,  0.34791613,
        0.0208657 ,  0.58965999,  0.295     ,  0.4897855 ,  0.43125573,
        0.7749702 , -1.59433962, -1.47518642, -1.30720784, -1.07265587,
       -0.80903195, -0.24391907, -0.51532706,  0.13936782,  0.17129736,
        0.04736351, -0.08572731,  0.57855698,  0.11351103,  0.56863176,
        0.4032108 ,  0.69664943,  0.49787435,  0.77740716, -1.33696424,
       -1.26525501]), 'vert12': array([-1.24459495, -0.95141388, -0.86330742, -0.95558739, -0.67610063,
       -0.14531893, -0.07323169,  0.58236915,  0.69699571, -0.3002924 ,
        0.88206196,  0.2497948 ,  0.39430067,  0.11429382,  1.11200645,
        1.05835468, -1.21211226, -1.03862151, -1.48802173, -1.07719298,
       -0.82951205, -1.00899471, -0.73922967, -0.23338608,  0.23874557,
        0.53371553,  0.78434066, -0.14910226,  1.10277411,  0.3481559 ,
        0.58420069,  0.266266  ,  1.21662831,  1.09839409, -1.46362229,
       -1.40153317])}
Using saved exact energies
Data collected can be found at experiments/4x2_single_U_8_nocc_3_d_1-0920-002259/2x4
