{'theta': True, 'zeta': True, 'chi': False, 'gamma': True, 'phi': True, 'time': None}
{'theta': False, 'zeta': False, 'chi': False, 'gamma': False, 'phi': False, 'time': None}
                  (3, 2)
                  │
                  │
         (4, 1)───(4, 2)───(4, 3)
         │        │        │
         │        │        │
(5, 0)───(5, 1)───(5, 2)───(5, 3)───(5, 4)
         │        │        │        │
         │        │        │        │
         (6, 1)───(6, 2)───(6, 3)───(6, 4)───(6, 5)
                  │        │        │        │
                  │        │        │        │
                  (7, 2)───(7, 3)───(7, 4)───(7, 5)───(7, 6)
                           │        │        │
                           │        │        │
                           (8, 3)───(8, 4)───(8, 5)
                                    │
                                    │
                                    (9, 4)
Start at: (3, 2), with dr
Using qubits [cirq.GridQubit(3, 2), cirq.GridQubit(4, 2), cirq.GridQubit(4, 3), cirq.GridQubit(5, 3), cirq.GridQubit(5, 4), cirq.GridQubit(6, 4), cirq.GridQubit(6, 5), cirq.GridQubit(7, 5), cirq.GridQubit(4, 1), cirq.GridQubit(5, 1), cirq.GridQubit(5, 2), cirq.GridQubit(6, 2), cirq.GridQubit(6, 3), cirq.GridQubit(7, 3), cirq.GridQubit(7, 4), cirq.GridQubit(8, 4)]
Using qubits, JW:[cirq.GridQubit(3, 2), cirq.GridQubit(4, 2), cirq.GridQubit(4, 3), cirq.GridQubit(5, 3), cirq.GridQubit(5, 4), cirq.GridQubit(6, 4), cirq.GridQubit(6, 5), cirq.GridQubit(7, 5), cirq.GridQubit(4, 1), cirq.GridQubit(5, 1), cirq.GridQubit(5, 2), cirq.GridQubit(6, 2), cirq.GridQubit(6, 3), cirq.GridQubit(7, 3), cirq.GridQubit(7, 4), cirq.GridQubit(8, 4)]
                  [31m(3, 2)[0m
                  │
                  │
         [35m(4, 1)[0m───[31m(4, 2)[0m───[31m(4, 3)[0m
         │        │        │
         │        │        │
(5, 0)───[35m(5, 1)[0m───[35m(5, 2)[0m───[31m(5, 3)[0m───[31m(5, 4)[0m
         │        │        │        │
         │        │        │        │
         (6, 1)───[35m(6, 2)[0m───[35m(6, 3)[0m───[31m(6, 4)[0m───[31m(6, 5)[0m
                  │        │        │        │
                  │        │        │        │
                  (7, 2)───[35m(7, 3)[0m───[35m(7, 4)[0m───[31m(7, 5)[0m───(7, 6)
                           │        │        │
                           │        │        │
                           (8, 3)───[35m(8, 4)[0m───(8, 5)
                                    │
                                    │
                                    (9, 4)
None
Meas types ['onsite0', 'horiz0', 'vert02', 'vert12']
Prepped onsite, pairs=[(0, 8), (1, 9), (2, 10), (3, 11), (4, 12), (5, 13), (6, 14), (7, 15)]
Prepped horiz, pairs=[(0, 1), (2, 3), (4, 5), (6, 7), (8, 9), (10, 11), (12, 13), (14, 15)]
Prepped vert0, pairs=[(1, 2), (3, 4), (5, 6), (9, 10), (11, 12), (13, 14)]
Prepped vert1, pairs=[(1, 2), (3, 4), (5, 6), (9, 10), (11, 12), (13, 14)]
Set recompilation to False
Got pairs set [(10, 11), (5, 6), (3, 11), (5, 13), (8, 9), (4, 12), (6, 14), (1, 2), (6, 7), (7, 15), (12, 13), (4, 5), (2, 10), (9, 10), (2, 3), (1, 9), (14, 15), (0, 8), (11, 12), (0, 1), (13, 14), (3, 4)]
---Starting to do calibration: delta 3.637651538000001
---Starting to set up measurements: delta 0.8627638050000002
---Starting to run VQE: delta 2.2573861299999987
No optimisation, save file is experiments/4x2_single_U_8_nocc_6_d_1-0919-215240/2x4/processed/processed.json
Given params: [[[[[1, 0.338, 0.62, 0.421]]], [[[-1, -0.338, -0.62, -0.421]]], [[[0, 0.338, 0.62, 0.421]]], [[[0, -0.338, -0.62, -0.421]]]]]
---Preparing executables
---Running executables, 16 in batch, delta=8.52516023
---Extracting values delta=3.6707404230000016
---Extracted values delta=77.14173443099999
===1.6857511025645977 0.6527947657940041 4.028486887166526 3.426341702426885 1632084857.060021
Computed energies [1.169272934179301], params [[[[1, 0.338, 0.62, 0.421]]], [[[-1, -0.338, -0.62, -0.421]]], [[[0, 0.338, 0.62, 0.421]]], [[[0, -0.338, -0.62, -0.421]]]]
***1.169272934179301 1632084857.0627992
---VQE complete: delta 89.352381135
---Starting TFLO
Using saved points
Using params [[[0, 0.785398, 0, 0]], [[0, 0, 1.5708, 0]], [[0, 0.785398, 3.92699, 0]], [[0, 3.92699, 3.14159, 0.785398]], [[0, 2.35619, 0.785398, 3.14159]], [[0, 3.14159, 1.5708, 3.14159]], [[0, 1.5708, 0.785398, 3.92699]], [[0, 0, 2.35619, 3.14159]], [[0, 4.71239, 3.92699, 2.35619]], [[0, 1.5708, 0, 4.71239]], [[0, 3.92699, 0.785398, 5.49779]], [[0, 2.35619, 3.92699, 3.14159]], [[0, 0, 4.71239, 3.92699]], [[0, 5.49779, 3.92699, 3.92699]], [[0, 3.92699, 4.71239, 5.49779]], [[0, 1.5708, 3.92699, 4.71239]], [[0, 0.338, 0.62, 0.421]], [[1, 0.338, 0.62, 0.421]], [[0, -0.785398, 0, 0]], [[0, 0, -1.5708, 0]], [[0, -0.785398, -3.92699, 0]], [[0, -3.92699, -3.14159, -0.785398]], [[0, -2.35619, -0.785398, -3.14159]], [[0, -3.14159, -1.5708, -3.14159]], [[0, -1.5708, -0.785398, -3.92699]], [[0, 0, -2.35619, -3.14159]], [[0, -4.71239, -3.92699, -2.35619]], [[0, -1.5708, 0, -4.71239]], [[0, -3.92699, -0.785398, -5.49779]], [[0, -2.35619, -3.92699, -3.14159]], [[0, 0, -4.71239, -3.92699]], [[0, -5.49779, -3.92699, -3.92699]], [[0, -3.92699, -4.71239, -5.49779]], [[0, -1.5708, -3.92699, -4.71239]], [[0, -0.338, -0.62, -0.421]], [[-1, -0.338, -0.62, -0.421]]]
---Preparing executables
---Running executables, 144 in batch, delta=83.921174346
---Extracting values delta=9.407984894999998
---Extracted values delta=150.259629533
---Time for noisy calculation: 243.61540162699998
***TFLON: 3.5604677171166825,4.295486820365738,4.7189864232546075,4.7333196201725825,6.186847703971762,6.756292714188051,7.562258959682176,6.6816970439036165,8.308161804674823,8.318292225386624,9.242954946194365,10.46164398139439,10.993283675437697,12.23419643344211,12.02200995100905,12.98355618811536,4.160882395560274,1.6946901614381824,3.959401060232887,3.957266069083876,3.9660986640371627,5.000818923885504,6.299003047401625,7.044208304863774,7.796000210667906,8.439500488729182,7.797363970344385,8.973865514596683,9.699735070253885,9.69839296827939,11.049494545446358,11.461929583613388,12.278515436026582,12.47675896525952,3.7334380863857803,0.6610416146231386 1632085104.073858
Noisy energies by type: {'onsite0': array([ 9.01416049,  9.35262035,  9.583132  ,  9.24483516,  9.51543416,
        9.23587444,  9.6196868 ,  8.8839779 ,  9.89898114,  9.21671693,
        9.03639515,  9.77108434,  9.2963374 , 10.03330412,  9.32077165,
        9.42577778,  9.77939174,  5.68487585,  9.41660819,  9.36729806,
        8.76207355,  9.30035933,  8.90304709,  9.28430493,  8.87394958,
        9.55652174,  8.77379913,  9.20809643,  9.71428571,  8.92956483,
        9.11479647,  8.81352992,  9.14185177,  8.96304693,  9.25364706,
        5.12646121]), 'horiz0': array([-1.31051109, -1.35669271, -1.28050198, -1.2811124 , -1.04616896,
       -0.51106924, -0.90860215, -0.42846252, -0.83783784, -1.39589313,
       -1.04168575, -0.15398349, -0.29403606,  0.24081822, -0.05725191,
        0.5771719 , -1.36874838, -0.90147907, -1.39251391, -1.34990347,
       -1.36742686, -1.26462646, -0.74582924, -0.51837977, -0.54914122,
       -0.21894046, -0.76944444, -1.18015414, -1.31896129, -0.31779661,
       -0.44083527,  0.20823027,  0.18372464,  0.39154193, -1.37293567,
       -1.27033167]), 'vert02': array([-2.55550511, -2.22447013, -2.05678096, -1.44919903, -0.57831593,
       -0.3360787 , -0.06047132, -0.38784404, -0.82210819,  0.40107727,
        0.76158524, -0.24580645,  0.21156345,  0.46595933,  1.12001752,
        1.08651183, -2.49508747, -1.75637129, -2.24976054, -2.17137606,
       -1.82214765, -1.56776066, -0.42802519, -0.29587606,  0.30107527,
        0.22945055, -0.76072135,  0.5627907 ,  0.8191817 ,  0.15217391,
        0.50278334,  0.73630875,  1.2169045 ,  1.27776495, -2.10817139,
       -1.6123157 ]), 'vert12': array([-1.58767657, -1.47597068, -1.52686265, -1.78120411, -1.70410156,
       -1.63243378, -1.08835437, -1.3859743 ,  0.06912669,  0.09639115,
        0.48666031,  1.09034958,  1.77941889,  1.49411476,  1.63847269,
        1.89409468, -1.7546735 , -1.33233533, -1.81493268, -1.88875246,
       -1.60640037, -1.46715328, -1.43018961, -1.42584079, -0.82988342,
       -1.12753134,  0.55373064,  0.38313253,  0.48522895,  0.93445084,
        1.87275   ,  1.70386064,  1.73603452,  1.84440515, -2.03910192,
       -1.58277223])}
Using saved exact energies
Data collected can be found at experiments/4x2_single_U_8_nocc_6_d_1-0919-215240/2x4
