{'theta': True, 'zeta': True, 'chi': False, 'gamma': True, 'phi': True, 'time': None}
{'theta': False, 'zeta': False, 'chi': False, 'gamma': False, 'phi': False, 'time': None}
                  (3, 2)
                  │
                  │
         (4, 1)───(4, 2)───(4, 3)
         │        │        │
         │        │        │
(5, 0)───(5, 1)───(5, 2)───(5, 3)───(5, 4)
         │        │        │        │
         │        │        │        │
         (6, 1)───(6, 2)───(6, 3)───(6, 4)───(6, 5)
                  │        │        │        │
                  │        │        │        │
                  (7, 2)───(7, 3)───(7, 4)───(7, 5)───(7, 6)
                           │        │        │
                           │        │        │
                           (8, 3)───(8, 4)───(8, 5)
                                    │
                                    │
                                    (9, 4)
Start at: (3, 2), with dr
Using qubits [cirq.GridQubit(3, 2), cirq.GridQubit(4, 2), cirq.GridQubit(4, 3), cirq.GridQubit(5, 3), cirq.GridQubit(5, 4), cirq.GridQubit(6, 4), cirq.GridQubit(6, 5), cirq.GridQubit(7, 5), cirq.GridQubit(4, 1), cirq.GridQubit(5, 1), cirq.GridQubit(5, 2), cirq.GridQubit(6, 2), cirq.GridQubit(6, 3), cirq.GridQubit(7, 3), cirq.GridQubit(7, 4), cirq.GridQubit(8, 4)]
Using qubits, JW:[cirq.GridQubit(3, 2), cirq.GridQubit(4, 2), cirq.GridQubit(4, 3), cirq.GridQubit(5, 3), cirq.GridQubit(5, 4), cirq.GridQubit(6, 4), cirq.GridQubit(6, 5), cirq.GridQubit(7, 5), cirq.GridQubit(4, 1), cirq.GridQubit(5, 1), cirq.GridQubit(5, 2), cirq.GridQubit(6, 2), cirq.GridQubit(6, 3), cirq.GridQubit(7, 3), cirq.GridQubit(7, 4), cirq.GridQubit(8, 4)]
                  [31m(3, 2)[0m
                  │
                  │
         [35m(4, 1)[0m───[31m(4, 2)[0m───[31m(4, 3)[0m
         │        │        │
         │        │        │
(5, 0)───[35m(5, 1)[0m───[35m(5, 2)[0m───[31m(5, 3)[0m───[31m(5, 4)[0m
         │        │        │        │
         │        │        │        │
         (6, 1)───[35m(6, 2)[0m───[35m(6, 3)[0m───[31m(6, 4)[0m───[31m(6, 5)[0m
                  │        │        │        │
                  │        │        │        │
                  (7, 2)───[35m(7, 3)[0m───[35m(7, 4)[0m───[31m(7, 5)[0m───(7, 6)
                           │        │        │
                           │        │        │
                           (8, 3)───[35m(8, 4)[0m───(8, 5)
                                    │
                                    │
                                    (9, 4)
None
Meas types ['onsite0', 'horiz0', 'vert02', 'vert12']
Prepped onsite, pairs=[(0, 8), (1, 9), (2, 10), (3, 11), (4, 12), (5, 13), (6, 14), (7, 15)]
Prepped horiz, pairs=[(0, 1), (2, 3), (4, 5), (6, 7), (8, 9), (10, 11), (12, 13), (14, 15)]
Prepped vert0, pairs=[(1, 2), (3, 4), (5, 6), (9, 10), (11, 12), (13, 14)]
Prepped vert1, pairs=[(1, 2), (3, 4), (5, 6), (9, 10), (11, 12), (13, 14)]
Set recompilation to False
Got pairs set [(10, 11), (5, 6), (3, 11), (5, 13), (8, 9), (4, 12), (6, 14), (1, 2), (6, 7), (7, 15), (12, 13), (4, 5), (2, 10), (9, 10), (2, 3), (1, 9), (14, 15), (0, 8), (11, 12), (0, 1), (13, 14), (3, 4)]
---Starting to do calibration: delta 3.7720951289999993
---Starting to set up measurements: delta 0.9108720209999994
---Starting to run VQE: delta 2.3060659050000005
No optimisation, save file is experiments/4x2_single_U_8_nocc_6_d_1-0920-003927/2x4/processed/processed.json
Given params: [[[[[1, 0.338, 0.62, 0.421]]], [[[-1, -0.338, -0.62, -0.421]]], [[[0, 0.338, 0.62, 0.421]]], [[[0, -0.338, -0.62, -0.421]]]]]
---Preparing executables
---Running executables, 16 in batch, delta=8.681831531
---Extracting values delta=2.6782251330000015
---Extracted values delta=75.591065101
===1.538544858112111 0.5405153622926366 3.8501554809991188 3.3920910464986895 1632094861.940083
Computed energies [1.039530110202374], params [[[[1, 0.338, 0.62, 0.421]]], [[[-1, -0.338, -0.62, -0.421]]], [[[0, 0.338, 0.62, 0.421]]], [[[0, -0.338, -0.62, -0.421]]]]
***1.039530110202374 1632094861.941848
---VQE complete: delta 86.958138953
---Starting TFLO
Using saved points
Using params [[[0, 0.785398, 0, 0]], [[0, 0, 1.5708, 0]], [[0, 0.785398, 3.92699, 0]], [[0, 3.92699, 3.14159, 0.785398]], [[0, 2.35619, 0.785398, 3.14159]], [[0, 3.14159, 1.5708, 3.14159]], [[0, 1.5708, 0.785398, 3.92699]], [[0, 0, 2.35619, 3.14159]], [[0, 4.71239, 3.92699, 2.35619]], [[0, 1.5708, 0, 4.71239]], [[0, 3.92699, 0.785398, 5.49779]], [[0, 2.35619, 3.92699, 3.14159]], [[0, 0, 4.71239, 3.92699]], [[0, 5.49779, 3.92699, 3.92699]], [[0, 3.92699, 4.71239, 5.49779]], [[0, 1.5708, 3.92699, 4.71239]], [[0, 0.338, 0.62, 0.421]], [[1, 0.338, 0.62, 0.421]], [[0, -0.785398, 0, 0]], [[0, 0, -1.5708, 0]], [[0, -0.785398, -3.92699, 0]], [[0, -3.92699, -3.14159, -0.785398]], [[0, -2.35619, -0.785398, -3.14159]], [[0, -3.14159, -1.5708, -3.14159]], [[0, -1.5708, -0.785398, -3.92699]], [[0, 0, -2.35619, -3.14159]], [[0, -4.71239, -3.92699, -2.35619]], [[0, -1.5708, 0, -4.71239]], [[0, -3.92699, -0.785398, -5.49779]], [[0, -2.35619, -3.92699, -3.14159]], [[0, 0, -4.71239, -3.92699]], [[0, -5.49779, -3.92699, -3.92699]], [[0, -3.92699, -4.71239, -5.49779]], [[0, -1.5708, -3.92699, -4.71239]], [[0, -0.338, -0.62, -0.421]], [[-1, -0.338, -0.62, -0.421]]]
---Preparing executables
---Running executables, 144 in batch, delta=78.85449341300001
---Extracting values delta=9.068032777000013
---Extracted values delta=147.26169136899998
---Time for noisy calculation: 235.21058694200002
***TFLON: 3.1620137355472835,3.995819591475441,4.805102960525919,4.440140647988346,6.469274968597569,6.611957220297885,7.436546653648806,6.7958128796787705,8.172115777232088,8.590346059069827,9.416840489029308,10.52615826360337,11.214449186543552,12.230076936758572,12.004057764679438,13.256907885243859,3.9132429710582937,1.435706252543203,3.9739567579134976,4.074239556733638,3.7917362944651876,5.126257983777408,6.4546512156260745,6.792740111108861,7.596632942451244,8.401679673904487,7.872452195092901,8.83515591621114,9.496983715587364,9.675179926297178,10.932279932664523,11.484331059077372,12.543635888248158,12.490630054249168,3.3457515894555963,0.506008150557399 1632095100.0047622
Noisy energies by type: {'onsite0': array([8.76431967, 9.25688488, 9.61921708, 9.03171247, 9.77681285,
       9.19571734, 9.5534645 , 9.01731996, 9.74240479, 9.31943593,
       9.14237996, 9.88762146, 9.39518287, 9.92413506, 9.29658793,
       9.63272262, 9.59964649, 5.57055769, 9.53595658, 9.50658472,
       8.74494624, 9.33923677, 9.01614639, 9.17805248, 8.79509871,
       9.53998707, 8.86067601, 9.24632671, 9.56206897, 8.9529182 ,
       9.17830766, 8.79803761, 9.2716023 , 8.96148963, 9.07865169,
       5.05254482]), 'horiz0': array([-1.33212094, -1.34985134, -1.27638191, -1.32547388, -1.11647332,
       -0.55414013, -0.9887692 , -0.26986067, -0.85945073, -1.40888208,
       -1.0412034 , -0.11143303, -0.23144306,  0.2147651 , -0.02644779,
        0.6298066 , -1.3850561 , -0.87616708, -1.3748198 , -1.35222482,
       -1.36853983, -1.24243104, -0.68488593, -0.50196441, -0.54464075,
       -0.26532017, -0.79803166, -1.22968198, -1.39282429, -0.32958633,
       -0.53977798,  0.19330225,  0.2650656 ,  0.4206047 , -1.36976744,
       -1.27497828]), 'vert02': array([-2.6317432 , -2.35682614, -2.04479578, -1.45314153, -0.53931124,
       -0.3416162 , -0.06848168, -0.50763702, -0.80266497,  0.45948697,
        0.80113636, -0.23827957,  0.27081545,  0.5461155 ,  1.12912146,
        1.11688578, -2.53939667, -1.84860195, -2.32017544, -2.18741751,
       -1.91262957, -1.54031237, -0.46006045, -0.36662198,  0.22897094,
        0.21230967, -0.74266694,  0.47523456,  0.85858586,  0.10482819,
        0.39064763,  0.6961658 ,  1.24211424,  1.17740892, -2.23103448,
       -1.61746617]), 'vert12': array([-1.6384418 , -1.55438781, -1.49293643, -1.81295642, -1.65175333,
       -1.68800379, -1.05966698, -1.4440094 ,  0.09182669,  0.22030524,
        0.51452757,  0.9882494 ,  1.77989392,  1.54506128,  1.60479616,
        1.87749288, -1.76195075, -1.4100824 , -1.86700459, -1.89270283,
       -1.67204053, -1.43023538, -1.4165488 , -1.51672598, -0.88279595,
       -1.08529689,  0.55247479,  0.34327663,  0.46915318,  0.94701987,
        1.90310263,  1.7968254 ,  1.76485375,  1.93112679, -2.13209817,
       -1.65409221])}
Using saved exact energies
Data collected can be found at experiments/4x2_single_U_8_nocc_6_d_1-0920-003927/2x4
