{'theta': True, 'zeta': True, 'chi': False, 'gamma': True, 'phi': True, 'time': None}
{'theta': False, 'zeta': False, 'chi': False, 'gamma': False, 'phi': False, 'time': None}
                  (3, 2)
                  │
                  │
         (4, 1)───(4, 2)───(4, 3)
         │        │        │
         │        │        │
(5, 0)───(5, 1)───(5, 2)───(5, 3)───(5, 4)
         │        │        │        │
         │        │        │        │
         (6, 1)───(6, 2)───(6, 3)───(6, 4)───(6, 5)
                  │        │        │        │
                  │        │        │        │
                  (7, 2)───(7, 3)───(7, 4)───(7, 5)───(7, 6)
                           │        │        │
                           │        │        │
                           (8, 3)───(8, 4)───(8, 5)
                                    │
                                    │
                                    (9, 4)
Start at: (3, 2), with dr
Using qubits [cirq.GridQubit(3, 2), cirq.GridQubit(4, 2), cirq.GridQubit(4, 3), cirq.GridQubit(5, 3), cirq.GridQubit(5, 4), cirq.GridQubit(6, 4), cirq.GridQubit(6, 5), cirq.GridQubit(7, 5), cirq.GridQubit(4, 1), cirq.GridQubit(5, 1), cirq.GridQubit(5, 2), cirq.GridQubit(6, 2), cirq.GridQubit(6, 3), cirq.GridQubit(7, 3), cirq.GridQubit(7, 4), cirq.GridQubit(8, 4)]
Using qubits, JW:[cirq.GridQubit(3, 2), cirq.GridQubit(4, 2), cirq.GridQubit(4, 3), cirq.GridQubit(5, 3), cirq.GridQubit(5, 4), cirq.GridQubit(6, 4), cirq.GridQubit(6, 5), cirq.GridQubit(7, 5), cirq.GridQubit(4, 1), cirq.GridQubit(5, 1), cirq.GridQubit(5, 2), cirq.GridQubit(6, 2), cirq.GridQubit(6, 3), cirq.GridQubit(7, 3), cirq.GridQubit(7, 4), cirq.GridQubit(8, 4)]
                  [31m(3, 2)[0m
                  │
                  │
         [35m(4, 1)[0m───[31m(4, 2)[0m───[31m(4, 3)[0m
         │        │        │
         │        │        │
(5, 0)───[35m(5, 1)[0m───[35m(5, 2)[0m───[31m(5, 3)[0m───[31m(5, 4)[0m
         │        │        │        │
         │        │        │        │
         (6, 1)───[35m(6, 2)[0m───[35m(6, 3)[0m───[31m(6, 4)[0m───[31m(6, 5)[0m
                  │        │        │        │
                  │        │        │        │
                  (7, 2)───[35m(7, 3)[0m───[35m(7, 4)[0m───[31m(7, 5)[0m───(7, 6)
                           │        │        │
                           │        │        │
                           (8, 3)───[35m(8, 4)[0m───(8, 5)
                                    │
                                    │
                                    (9, 4)
None
Meas types ['onsite0', 'horiz0', 'vert02', 'vert12']
Prepped onsite, pairs=[(0, 8), (1, 9), (2, 10), (3, 11), (4, 12), (5, 13), (6, 14), (7, 15)]
Prepped horiz, pairs=[(0, 1), (2, 3), (4, 5), (6, 7), (8, 9), (10, 11), (12, 13), (14, 15)]
Prepped vert0, pairs=[(1, 2), (3, 4), (5, 6), (9, 10), (11, 12), (13, 14)]
Prepped vert1, pairs=[(1, 2), (3, 4), (5, 6), (9, 10), (11, 12), (13, 14)]
Set recompilation to False
Got pairs set [(10, 11), (5, 6), (3, 11), (5, 13), (8, 9), (4, 12), (6, 14), (1, 2), (6, 7), (7, 15), (12, 13), (4, 5), (2, 10), (9, 10), (2, 3), (1, 9), (14, 15), (0, 8), (11, 12), (0, 1), (13, 14), (3, 4)]
---Starting to do calibration: delta 4.197772645000001
---Starting to set up measurements: delta 0.9903845699999998
---Starting to run VQE: delta 2.274277014000001
No optimisation, save file is experiments/4x2_single_U_8_nocc_14_d_1-0919-223922/2x4/processed/processed.json
Given params: [[[[[0.659, 0.396, 0.454, 0.363]]], [[[-0.659, -0.396, -0.454, -0.363]]], [[[0, 0.396, 0.454, 0.363]]], [[[0, -0.396, -0.454, -0.363]]]]]
---Preparing executables
---Running executables, 16 in batch, delta=8.849216529000001
---Extracting values delta=3.274064441
---Extracted values delta=71.827313659
===45.25198828207217 44.9230850639949 45.56496108912755 45.597823576763666 1632087653.444763
Computed energies [45.08753667303353], params [[[[0.659, 0.396, 0.454, 0.363]]], [[[-0.659, -0.396, -0.454, -0.363]]], [[[0, 0.396, 0.454, 0.363]]], [[[0, -0.396, -0.454, -0.363]]]]
***45.08753667303353 1632087653.4465542
---VQE complete: delta 83.957574449
---Starting TFLO
Using saved points
Using params [[[0, 1.5708, 0, 0]], [[0, 4.71239, 0, 1.5708]], [[0, 2.35619, 5.49779, 1.5708]], [[0, 3.92699, 1.5708, 2.35619]], [[0, 2.35619, 3.14159, 1.5708]], [[0, 0, 1.5708, 3.14159]], [[0, 3.14159, 0, 4.71239]], [[0, 1.5708, 1.5708, 3.92699]], [[0, 5.49779, 5.49779, 4.71239]], [[0, 0, 1.5708, 4.71239]], [[0, 0, 3.92699, 3.14159]], [[0, 5.49779, 4.71239, 4.71239]], [[0, 0, 3.14159, 3.92699]], [[0, 5.49779, 3.92699, 3.92699]], [[0, 5.49779, 2.35619, 5.49779]], [[0, 0, 3.92699, 5.49779]], [[0, 0.396, 0.454, 0.363]], [[0.659, 0.396, 0.454, 0.363]], [[0, -1.5708, 0, 0]], [[0, -4.71239, 0, -1.5708]], [[0, -2.35619, -5.49779, -1.5708]], [[0, -3.92699, -1.5708, -2.35619]], [[0, -2.35619, -3.14159, -1.5708]], [[0, 0, -1.5708, -3.14159]], [[0, -3.14159, 0, -4.71239]], [[0, -1.5708, -1.5708, -3.92699]], [[0, -5.49779, -5.49779, -4.71239]], [[0, 0, -1.5708, -4.71239]], [[0, 0, -3.92699, -3.14159]], [[0, -5.49779, -4.71239, -4.71239]], [[0, 0, -3.14159, -3.92699]], [[0, -5.49779, -3.92699, -3.92699]], [[0, -5.49779, -2.35619, -5.49779]], [[0, 0, -3.92699, -5.49779]], [[0, -0.396, -0.454, -0.363]], [[-0.659, -0.396, -0.454, -0.363]]]
---Preparing executables
---Running executables, 144 in batch, delta=82.621480567
---Extracting values delta=9.684536435000012
---Extracted values delta=138.73525003599997
---Time for noisy calculation: 231.10134101
***TFLON: 45.41331680377652,45.67262251982065,45.994655274110805,45.98635958136971,46.74489257644822,46.823762096032965,47.39559686234708,47.922450094192776,48.3744952601041,48.39268968545227,48.862212684704886,49.584470131141074,49.465916937144776,49.76805383352315,50.23274013977087,51.037994216846734,45.62872397806538,45.12980493734603,45.81131720813246,45.838246985870676,46.63700220634025,47.14823402335357,47.6194216024286,47.244981401921194,47.8055605900908,48.28066606940243,48.646095554481384,48.785760003802196,49.36894462488056,49.73942970656784,50.221965798703266,50.029051977809615,50.81367558891162,51.02015597498434,45.47973212087909,44.91212264307979 1632087888.281579
Noisy energies by type: {'onsite0': array([49.13938473, 49.24537522, 49.07360595, 49.18718861, 49.2592865 ,
       49.10390144, 49.09439124, 49.241014  , 49.064391  , 49.01728395,
       49.20216886, 49.11845286, 49.07602339, 49.34331888, 49.15910838,
       49.1159255 , 49.16382253, 48.49021779, 49.2360515 , 49.1414713 ,
       49.13702395, 49.42980055, 49.03431764, 49.15809524, 49.17170046,
       49.09104534, 49.15890613, 49.21123677, 49.11912568, 49.06035141,
       49.22672508, 49.19325153, 49.06122449, 49.0851735 , 49.06217409,
       48.67287319]), 'horiz0': array([-1.4717608 , -1.52578797, -1.48996458, -1.28571429, -1.19233776,
       -0.83456562, -1.5430605 , -0.52808047, -1.08860759, -0.23829013,
       -0.30819405, -0.35434412,  0.358159  , -0.00165906,  0.77837838,
        0.85400314, -1.37132004, -1.34146341, -1.36604137, -1.52589286,
       -1.30345395, -0.85617883, -0.53683319, -0.76284247, -1.43144424,
       -0.4029147 , -1.05332782, -0.30706411,  0.00697674, -0.23039612,
        0.67792521,  0.25688073,  0.92423608,  0.9620743 , -1.43758701,
       -1.53893234]), 'vert02': array([-1.02129338, -1.07102672, -0.85811052, -0.70186757, -0.64285714,
       -0.34597749,  0.01677608, -0.0835206 ,  0.01341223,  0.07249216,
       -0.22120168,  0.1491797 ,  0.07832278,  0.06481481,  0.34983854,
        0.37915743, -1.07695749, -0.99645948, -1.08876812, -0.87571483,
       -0.77698383, -0.43714177, -0.48756799, -0.33208955,  0.17630962,
        0.17386364, -0.        ,  0.06356085, -0.18689859,  0.13411854,
        0.15754438, -0.02389843,  0.37553495,  0.4519972 , -1.11484245,
       -1.19979987]), 'vert12': array([-1.23301376, -0.97593801, -0.73087558, -1.21324717, -0.67919902,
       -1.09959623, -0.17250996, -0.70696284,  0.38529963, -0.4587963 ,
        0.18943956,  0.67118169, -0.04658824,  0.3615792 , -0.05458515,
        0.68890815, -1.08682102, -1.02248996, -0.96992481, -0.90161663,
       -0.41958397, -0.98824593, -0.39049486, -0.81818182, -0.11100524,
       -0.5813282 ,  0.54051724, -0.18197352,  0.42974079,  0.77535587,
        0.15977113,  0.60281814,  0.45268007,  0.52091097, -1.03001251,
       -1.02201835])}
Using saved exact energies
Data collected can be found at experiments/4x2_single_U_8_nocc_14_d_1-0919-223922/2x4
