{'theta': True, 'zeta': True, 'chi': False, 'gamma': True, 'phi': True, 'time': None}
{'theta': False, 'zeta': False, 'chi': False, 'gamma': False, 'phi': False, 'time': None}
                  (3, 2)
                  │
                  │
         (4, 1)───(4, 2)───(4, 3)
         │        │        │
         │        │        │
(5, 0)───(5, 1)───(5, 2)───(5, 3)───(5, 4)
         │        │        │        │
         │        │        │        │
         (6, 1)───(6, 2)───(6, 3)───(6, 4)───(6, 5)
                  │        │        │        │
                  │        │        │        │
                  (7, 2)───(7, 3)───(7, 4)───(7, 5)───(7, 6)
                           │        │        │
                           │        │        │
                           (8, 3)───(8, 4)───(8, 5)
                                    │
                                    │
                                    (9, 4)
Start at: (3, 2), with dr
Using qubits [cirq.GridQubit(3, 2), cirq.GridQubit(4, 2), cirq.GridQubit(4, 3), cirq.GridQubit(5, 3), cirq.GridQubit(5, 4), cirq.GridQubit(6, 4), cirq.GridQubit(6, 5), cirq.GridQubit(7, 5), cirq.GridQubit(4, 1), cirq.GridQubit(5, 1), cirq.GridQubit(5, 2), cirq.GridQubit(6, 2), cirq.GridQubit(6, 3), cirq.GridQubit(7, 3), cirq.GridQubit(7, 4), cirq.GridQubit(8, 4)]
Using qubits, JW:[cirq.GridQubit(3, 2), cirq.GridQubit(4, 2), cirq.GridQubit(4, 3), cirq.GridQubit(5, 3), cirq.GridQubit(5, 4), cirq.GridQubit(6, 4), cirq.GridQubit(6, 5), cirq.GridQubit(7, 5), cirq.GridQubit(4, 1), cirq.GridQubit(5, 1), cirq.GridQubit(5, 2), cirq.GridQubit(6, 2), cirq.GridQubit(6, 3), cirq.GridQubit(7, 3), cirq.GridQubit(7, 4), cirq.GridQubit(8, 4)]
                  [31m(3, 2)[0m
                  │
                  │
         [35m(4, 1)[0m───[31m(4, 2)[0m───[31m(4, 3)[0m
         │        │        │
         │        │        │
(5, 0)───[35m(5, 1)[0m───[35m(5, 2)[0m───[31m(5, 3)[0m───[31m(5, 4)[0m
         │        │        │        │
         │        │        │        │
         (6, 1)───[35m(6, 2)[0m───[35m(6, 3)[0m───[31m(6, 4)[0m───[31m(6, 5)[0m
                  │        │        │        │
                  │        │        │        │
                  (7, 2)───[35m(7, 3)[0m───[35m(7, 4)[0m───[31m(7, 5)[0m───(7, 6)
                           │        │        │
                           │        │        │
                           (8, 3)───[35m(8, 4)[0m───(8, 5)
                                    │
                                    │
                                    (9, 4)
None
Meas types ['onsite0', 'horiz0', 'vert02', 'vert12']
Prepped onsite, pairs=[(0, 8), (1, 9), (2, 10), (3, 11), (4, 12), (5, 13), (6, 14), (7, 15)]
Prepped horiz, pairs=[(0, 1), (2, 3), (4, 5), (6, 7), (8, 9), (10, 11), (12, 13), (14, 15)]
Prepped vert0, pairs=[(1, 2), (3, 4), (5, 6), (9, 10), (11, 12), (13, 14)]
Prepped vert1, pairs=[(1, 2), (3, 4), (5, 6), (9, 10), (11, 12), (13, 14)]
Set recompilation to False
Got pairs set [(10, 11), (5, 6), (3, 11), (5, 13), (8, 9), (4, 12), (6, 14), (1, 2), (6, 7), (7, 15), (12, 13), (4, 5), (2, 10), (9, 10), (2, 3), (1, 9), (14, 15), (0, 8), (11, 12), (0, 1), (13, 14), (3, 4)]
---Starting to do calibration: delta 3.563422814
---Starting to set up measurements: delta 1.0905327239999991
---Starting to run VQE: delta 2.2389882190000012
No optimisation, save file is experiments/4x2_single_U_4_nocc_2_d_1-0915-213241/2x4/processed/processed.json
Given params: [[[[[0.295, 0.76, 0.672, 0.638]]], [[[-0.295, -0.76, -0.672, -0.638]]], [[[0, 0.76, 0.672, 0.638]]], [[[0, -0.76, -0.672, -0.638]]]]]
---Preparing executables
---Running executables, 16 in batch, delta=9.375578422
---Extracting values delta=2.7289821379999992
---Extracted values delta=72.019354322
===-2.803655456252374 -3.224222420625483 -2.966483993803364 -3.1442648613721684 1631738052.997616
Computed energies [-3.013938938438929], params [[[[0.295, 0.76, 0.672, 0.638]]], [[[-0.295, -0.76, -0.672, -0.638]]], [[[0, 0.76, 0.672, 0.638]]], [[[0, -0.76, -0.672, -0.638]]]]
***-3.013938938438929 1631738052.9993432
---VQE complete: delta 84.13049328700001
---Starting TFLO
Using saved points
Using params [[[0, 0, 0, 0]], [[0, 5.49779, 0, 1.5708]], [[0, 3.92699, 0.785398, 2.35619]], [[0, 3.14159, 1.5708, 2.35619]], [[0, 1.5708, 3.14159, 1.5708]], [[0, 2.35619, 0.785398, 3.92699]], [[0, 0.785398, 4.71239, 2.35619]], [[0, 0.785398, 2.35619, 3.14159]], [[0, 2.35619, 5.49779, 4.71239]], [[0, 5.49779, 1.5708, 4.71239]], [[0, 2.35619, 3.92699, 3.14159]], [[0, 3.92699, 4.71239, 4.71239]], [[0, 5.49779, 3.14159, 3.92699]], [[0, 3.14159, 3.92699, 3.92699]], [[0, 3.92699, 2.35619, 5.49779]], [[0, 3.92699, 3.92699, 5.49779]], [[0, 0.76, 0.672, 0.638]], [[0.295, 0.76, 0.672, 0.638]], [[0, 0, 0, 0]], [[0, -5.49779, 0, -1.5708]], [[0, -3.92699, -0.785398, -2.35619]], [[0, -3.14159, -1.5708, -2.35619]], [[0, -1.5708, -3.14159, -1.5708]], [[0, -2.35619, -0.785398, -3.92699]], [[0, -0.785398, -4.71239, -2.35619]], [[0, -0.785398, -2.35619, -3.14159]], [[0, -2.35619, -5.49779, -4.71239]], [[0, -5.49779, -1.5708, -4.71239]], [[0, -2.35619, -3.92699, -3.14159]], [[0, -3.92699, -4.71239, -4.71239]], [[0, -5.49779, -3.14159, -3.92699]], [[0, -3.14159, -3.92699, -3.92699]], [[0, -3.92699, -2.35619, -5.49779]], [[0, -3.92699, -3.92699, -5.49779]], [[0, -0.76, -0.672, -0.638]], [[-0.295, -0.76, -0.672, -0.638]]]
---Preparing executables
---Running executables, 144 in batch, delta=78.64569078099998
---Extracting values delta=10.320065072999995
---Extracted values delta=141.46839560200002
---Time for noisy calculation: 230.636007682
***TFLON: -3.20415844956627,-2.9338505182423975,-2.4173461467751043,-1.7900837734283226,-1.8189589253381246,-1.2536902122014235,-1.7006397283645487,-1.2031326540193703,-0.5868451892854685,0.04144032557250826,0.2762832444687837,0.46788103701592176,0.9538255987290969,0.9103348444525585,2.0959791124973965,2.0762754273213995,-3.0602107195316735,-2.8880099698162307,-3.262648178160646,-2.677957778771393,-2.2515043170000077,-2.1485659033596667,-1.6497864673853333,-0.9736947260307466,-0.8606531562175564,-0.03875958627316384,-0.23763795822524114,0.4043749763312315,0.18804007427363675,1.112689646218353,1.5054895479135282,1.2061606888095788,2.048085204013724,2.3567348161988697,-3.135616453458852,-3.2158139719140157 1631738286.4888031
Noisy energies by type: {'onsite0': array([0.58118787, 0.63113994, 0.51049124, 0.5769437 , 0.60716195,
       0.74201091, 0.53203883, 0.43456291, 0.61854728, 0.62911895,
       0.81479702, 0.62946818, 0.76402453, 0.624048  , 0.47391304,
       0.53038194, 0.58414322, 0.48301039, 0.54540955, 0.56699577,
       0.75960377, 0.61089109, 0.66828794, 0.6043095 , 0.68036853,
       0.55584539, 0.45153608, 0.55483561, 0.54791959, 0.57564576,
       0.43566176, 0.65559567, 0.60606061, 0.59167658, 0.51367544,
       0.47486836]), 'horiz0': array([-1.46714522, -1.46004537, -1.09047477, -0.74799465, -1.08454259,
       -0.98382078, -1.1618123 , -0.37665782, -1.145326  , -0.10200846,
       -0.26961039, -0.48167539,  0.39843953,  0.04541935,  1.08453106,
        0.75170399, -1.47433   , -1.3312369 , -1.51104017, -1.49975186,
       -1.29451697, -1.03095042, -0.98757291, -1.02037399, -1.08952959,
        0.05025641, -1.0391513 , -0.08913097, -0.27233393, -0.20794634,
        0.71783518,  0.2249935 ,  0.90255102,  0.93173653, -1.44191038,
       -1.46645452]), 'vert02': array([-1.16307182, -1.01678933, -0.60302678, -0.49717804, -0.74847251,
       -0.12833944, -0.81768707, -0.46442216, -0.17055909, -0.04431555,
       -0.38255977, -0.08718059, -0.17655141, -0.10397916,  0.36548913,
        0.22948361, -1.1863464 , -1.11543889, -1.15377358, -0.94895169,
       -0.79303628, -0.6741206 , -0.60832745, -0.21015549, -0.43866086,
       -0.21869159, -0.04747638,  0.19181757, -0.25412153,  0.1474537 ,
        0.18689045, -0.04381135,  0.38468743,  0.4242564 , -0.96984799,
       -0.99242424]), 'vert12': array([-1.15512927, -1.08815576, -1.23433584, -1.12185478, -0.59310578,
       -0.8835409 , -0.25317919, -0.79661558,  0.11049262, -0.44135463,
        0.11365639,  0.40726884, -0.03208705,  0.34484664,  0.17204588,
        0.56470588, -0.98367755, -0.92434457, -1.14324398, -0.79625   ,
       -0.92355484, -1.05438596, -0.72217404, -0.34747475, -0.01283124,
       -0.4261698 ,  0.39745364, -0.25314724,  0.16657594,  0.59753652,
        0.16510215,  0.36938286,  0.15478615,  0.40906532, -1.23753351,
       -1.23180357])}
Using saved exact energies
Data collected can be found at experiments/4x2_single_U_4_nocc_2_d_1-0915-213241/2x4
