{'theta': True, 'zeta': True, 'chi': False, 'gamma': True, 'phi': True, 'time': None}
{'theta': False, 'zeta': False, 'chi': False, 'gamma': False, 'phi': False, 'time': None}
                  (3, 2)
                  │
                  │
         (4, 1)───(4, 2)───(4, 3)
         │        │        │
         │        │        │
(5, 0)───(5, 1)───(5, 2)───(5, 3)───(5, 4)
         │        │        │        │
         │        │        │        │
         (6, 1)───(6, 2)───(6, 3)───(6, 4)───(6, 5)
                  │        │        │        │
                  │        │        │        │
                  (7, 2)───(7, 3)───(7, 4)───(7, 5)───(7, 6)
                           │        │        │
                           │        │        │
                           (8, 3)───(8, 4)───(8, 5)
                                    │
                                    │
                                    (9, 4)
Start at: (3, 2), with dr
Using qubits [cirq.GridQubit(3, 2), cirq.GridQubit(4, 2), cirq.GridQubit(4, 3), cirq.GridQubit(5, 3), cirq.GridQubit(5, 4), cirq.GridQubit(6, 4), cirq.GridQubit(6, 5), cirq.GridQubit(7, 5), cirq.GridQubit(4, 1), cirq.GridQubit(5, 1), cirq.GridQubit(5, 2), cirq.GridQubit(6, 2), cirq.GridQubit(6, 3), cirq.GridQubit(7, 3), cirq.GridQubit(7, 4), cirq.GridQubit(8, 4)]
Using qubits, JW:[cirq.GridQubit(3, 2), cirq.GridQubit(4, 2), cirq.GridQubit(4, 3), cirq.GridQubit(5, 3), cirq.GridQubit(5, 4), cirq.GridQubit(6, 4), cirq.GridQubit(6, 5), cirq.GridQubit(7, 5), cirq.GridQubit(4, 1), cirq.GridQubit(5, 1), cirq.GridQubit(5, 2), cirq.GridQubit(6, 2), cirq.GridQubit(6, 3), cirq.GridQubit(7, 3), cirq.GridQubit(7, 4), cirq.GridQubit(8, 4)]
                  [31m(3, 2)[0m
                  │
                  │
         [35m(4, 1)[0m───[31m(4, 2)[0m───[31m(4, 3)[0m
         │        │        │
         │        │        │
(5, 0)───[35m(5, 1)[0m───[35m(5, 2)[0m───[31m(5, 3)[0m───[31m(5, 4)[0m
         │        │        │        │
         │        │        │        │
         (6, 1)───[35m(6, 2)[0m───[35m(6, 3)[0m───[31m(6, 4)[0m───[31m(6, 5)[0m
                  │        │        │        │
                  │        │        │        │
                  (7, 2)───[35m(7, 3)[0m───[35m(7, 4)[0m───[31m(7, 5)[0m───(7, 6)
                           │        │        │
                           │        │        │
                           (8, 3)───[35m(8, 4)[0m───(8, 5)
                                    │
                                    │
                                    (9, 4)
None
Meas types ['onsite0', 'horiz0', 'horiz1']
Prepped onsite, pairs=[(0, 8), (1, 9), (2, 10), (3, 11), (4, 12), (5, 13), (6, 14), (7, 15)]
Prepped horiz, pairs=[(0, 1), (2, 3), (4, 5), (6, 7), (8, 9), (10, 11), (12, 13), (14, 15)]
Prepped horiz, pairs=[(1, 2), (3, 4), (5, 6), (9, 10), (11, 12), (13, 14)]
Set recompilation to False
Got pairs set [(10, 11), (5, 6), (3, 11), (5, 13), (8, 9), (4, 12), (6, 14), (1, 2), (6, 7), (7, 15), (12, 13), (4, 5), (2, 10), (9, 10), (2, 3), (1, 9), (14, 15), (0, 8), (11, 12), (0, 1), (13, 14), (3, 4)]
---Starting to do calibration: delta 3.587252962999999
---Starting to set up measurements: delta 1.2708714709999995
---Starting to run VQE: delta 2.092268257999999
No optimisation, save file is experiments/8x1_single_zz_x_U_4_nocc_1_d_1-0916-144244/8x1/processed/processed.json
Given params: [[[[[0.981, 1.029, 0.95]]], [[[-0.981, -1.029, -0.95]]], [[[0, 1.029, 0.95]]], [[[0, -1.029, -0.95]]]]]
---Preparing executables
---Running executables, 12 in batch, delta=7.902520861000001
---Extracting values delta=2.4224278189999993
---Extracted values delta=52.76336383
===-1.3932265830682502 -1.2422915691913716 -1.3349253468727966 -1.2602288729892168 1631799834.6523678
Computed energies [-1.317759076129811], params [[[[0.981, 1.029, 0.95]]], [[[-0.981, -1.029, -0.95]]], [[[0, 1.029, 0.95]]], [[[0, -1.029, -0.95]]]]
***-1.317759076129811 1631799834.654987
---VQE complete: delta 63.095350417
---Starting TFLO
Using saved points
Using params [[[0, 0, 0]], [[0, 0, 0.785398]], [[0, 1.5708, 0.785398]], [[0, 5.49779, 0.785398]], [[0, 2.35619, 0]], [[0, 4.71239, 0.785398]], [[0, 3.14159, 0.785398]], [[0, 0, 4.71239]], [[0, 0.785398, 3.92699]], [[0, 5.49779, 3.14159]], [[0, 4.71239, 4.71239]], [[0, 1.5708, 4.71239]], [[0, 3.14159, 5.49779]], [[0, 3.92699, 4.71239]], [[0, 3.92699, 2.35619]], [[0, 3.92699, 3.92699]], [[0, 1.029, 0.95]], [[0.981, 1.029, 0.95]], [[0, 0, 0]], [[0, 0, -0.785398]], [[0, -1.5708, -0.785398]], [[0, -5.49779, -0.785398]], [[0, -2.35619, 0]], [[0, -4.71239, -0.785398]], [[0, -3.14159, -0.785398]], [[0, 0, -4.71239]], [[0, -0.785398, -3.92699]], [[0, -5.49779, -3.14159]], [[0, -4.71239, -4.71239]], [[0, -1.5708, -4.71239]], [[0, -3.14159, -5.49779]], [[0, -3.92699, -4.71239]], [[0, -3.92699, -2.35619]], [[0, -3.92699, -3.92699]], [[0, -1.029, -0.95]], [[-0.981, -1.029, -0.95]]]
---Preparing executables
---Running executables, 108 in batch, delta=65.18016285399999
---Extracting values delta=14.205664432999981
---Extracted values delta=92.071242278
---Time for noisy calculation: 171.490445313
***TFLON: -1.2367087495375508,-1.2145989505247377,-1.3699839035500556,-1.0196524038715262,-1.342623629263346,-0.8931666834924303,-1.1534125532439758,-0.941605051740126,-1.059596836558535,-0.9253667056212792,-0.7572763103938078,-0.8703409893059686,-0.7966514527564873,-0.7355128222728645,-0.7283266597330893,-0.6870482160263278,-1.3542936129218202,-1.43900333170811,-1.2439913991310187,-1.27477734685267,-1.2778205976254393,-1.185646339441507,-1.2383276939949694,-1.182352125211787,-1.238698223964533,-0.9354722546983085,-0.9392890198926338,-1.0469729763701203,-0.936716875961934,-0.7050312825860271,-0.8309278546527689,-0.8764288712567754,-0.8554009813083396,-0.8178648390527258,-1.2827246146339149,-1.3029088674637825 1631800009.497772
Noisy energies by type: {'onsite0': array([0., 0., 0., 0., 0., 0., 0., 0., 0., 0., 0., 0., 0., 0., 0., 0., 0.,
       0., 0., 0., 0., 0., 0., 0., 0., 0., 0., 0., 0., 0., 0., 0., 0., 0.,
       0., 0.]), 'horiz0': array([-0.58712542, -0.57112069, -0.71499627, -0.45284724, -0.75210996,
       -0.40254237, -0.65256257, -0.2791587 , -0.3661073 , -0.31689402,
       -0.2521817 , -0.22474513, -0.28747153, -0.23447462, -0.21159577,
       -0.17193487, -0.68585643, -0.74702381, -0.58378732, -0.6148212 ,
       -0.75505765, -0.54191545, -0.74618644, -0.5720626 , -0.73890339,
       -0.26722385, -0.32179931, -0.39743279, -0.31568998, -0.15967153,
       -0.31711794, -0.31918777, -0.3120229 , -0.26038452, -0.71766223,
       -0.69835782]), 'horiz1': array([-0.64958333, -0.64347826, -0.65498763, -0.56680516, -0.59051367,
       -0.49062431, -0.50084998, -0.66244635, -0.69348953, -0.60847269,
       -0.50509461, -0.64559585, -0.50917993, -0.50103821, -0.51673089,
       -0.51511335, -0.66843718, -0.69197952, -0.66020408, -0.65995615,
       -0.52276295, -0.64373089, -0.49214125, -0.61028952, -0.49979483,
       -0.6682484 , -0.61748971, -0.64954018, -0.62102689, -0.54535975,
       -0.51380991, -0.5572411 , -0.54337808, -0.55748031, -0.56506239,
       -0.60455105])}
Using saved exact energies
Data collected can be found at experiments/8x1_single_zz_x_U_4_nocc_1_d_1-0916-144244/8x1
