{'theta': True, 'zeta': True, 'chi': False, 'gamma': True, 'phi': True, 'time': None}
{'theta': False, 'zeta': False, 'chi': False, 'gamma': False, 'phi': False, 'time': None}
                  (3, 2)
                  │
                  │
         (4, 1)───(4, 2)───(4, 3)
         │        │        │
         │        │        │
(5, 0)───(5, 1)───(5, 2)───(5, 3)───(5, 4)
         │        │        │        │
         │        │        │        │
         (6, 1)───(6, 2)───(6, 3)───(6, 4)───(6, 5)
                  │        │        │        │
                  │        │        │        │
                  (7, 2)───(7, 3)───(7, 4)───(7, 5)───(7, 6)
                           │        │        │
                           │        │        │
                           (8, 3)───(8, 4)───(8, 5)
                                    │
                                    │
                                    (9, 4)
Start at: (3, 2), with dr
Using qubits [cirq.GridQubit(3, 2), cirq.GridQubit(4, 2), cirq.GridQubit(4, 3), cirq.GridQubit(5, 3), cirq.GridQubit(5, 4), cirq.GridQubit(6, 4), cirq.GridQubit(6, 5), cirq.GridQubit(7, 5), cirq.GridQubit(4, 1), cirq.GridQubit(5, 1), cirq.GridQubit(5, 2), cirq.GridQubit(6, 2), cirq.GridQubit(6, 3), cirq.GridQubit(7, 3), cirq.GridQubit(7, 4), cirq.GridQubit(8, 4)]
Using qubits, JW:[cirq.GridQubit(3, 2), cirq.GridQubit(4, 2), cirq.GridQubit(4, 3), cirq.GridQubit(5, 3), cirq.GridQubit(5, 4), cirq.GridQubit(6, 4), cirq.GridQubit(6, 5), cirq.GridQubit(7, 5), cirq.GridQubit(4, 1), cirq.GridQubit(5, 1), cirq.GridQubit(5, 2), cirq.GridQubit(6, 2), cirq.GridQubit(6, 3), cirq.GridQubit(7, 3), cirq.GridQubit(7, 4), cirq.GridQubit(8, 4)]
                  [31m(3, 2)[0m
                  │
                  │
         [35m(4, 1)[0m───[31m(4, 2)[0m───[31m(4, 3)[0m
         │        │        │
         │        │        │
(5, 0)───[35m(5, 1)[0m───[35m(5, 2)[0m───[31m(5, 3)[0m───[31m(5, 4)[0m
         │        │        │        │
         │        │        │        │
         (6, 1)───[35m(6, 2)[0m───[35m(6, 3)[0m───[31m(6, 4)[0m───[31m(6, 5)[0m
                  │        │        │        │
                  │        │        │        │
                  (7, 2)───[35m(7, 3)[0m───[35m(7, 4)[0m───[31m(7, 5)[0m───(7, 6)
                           │        │        │
                           │        │        │
                           (8, 3)───[35m(8, 4)[0m───(8, 5)
                                    │
                                    │
                                    (9, 4)
None
Meas types ['onsite0', 'horiz0', 'vert02', 'vert12']
Prepped onsite, pairs=[(0, 8), (1, 9), (2, 10), (3, 11), (4, 12), (5, 13), (6, 14), (7, 15)]
Prepped horiz, pairs=[(0, 1), (2, 3), (4, 5), (6, 7), (8, 9), (10, 11), (12, 13), (14, 15)]
Prepped vert0, pairs=[(1, 2), (3, 4), (5, 6), (9, 10), (11, 12), (13, 14)]
Prepped vert1, pairs=[(1, 2), (3, 4), (5, 6), (9, 10), (11, 12), (13, 14)]
Set recompilation to False
Got pairs set [(10, 11), (5, 6), (3, 11), (5, 13), (8, 9), (4, 12), (6, 14), (1, 2), (6, 7), (7, 15), (12, 13), (4, 5), (2, 10), (9, 10), (2, 3), (1, 9), (14, 15), (0, 8), (11, 12), (0, 1), (13, 14), (3, 4)]
---Starting to do calibration: delta 3.410951752000001
---Starting to set up measurements: delta 0.8642589730000001
---Starting to run VQE: delta 2.2316971930000005
No optimisation, save file is experiments/4x2_single_U_4_nocc_11_d_1-0915-222432/2x4/processed/processed.json
Given params: [[[[[0.526, 0.297, 0.641, 0.423]]], [[[-0.526, -0.297, -0.641, -0.423]]], [[[0, 0.297, 0.641, 0.423]]], [[[0, -0.297, -0.641, -0.423]]]]]
---Preparing executables
---Running executables, 16 in batch, delta=8.98683928
---Extracting values delta=2.816496031
---Extracted values delta=78.589345772
===9.300814096967905 8.605675932653444 9.425127972202304 9.25487915654729 1631741168.9355829
Computed energies [8.953245014810674], params [[[[0.526, 0.297, 0.641, 0.423]]], [[[-0.526, -0.297, -0.641, -0.423]]], [[[0, 0.297, 0.641, 0.423]]], [[[0, -0.297, -0.641, -0.423]]]]
***8.953245014810674 1631741168.937651
---VQE complete: delta 90.400719015
---Starting TFLO
Using saved points
Using params [[[0, 0, 0, 0]], [[0, 1.5708, 4.71239, 0]], [[0, 3.14159, 3.14159, 0]], [[0, 3.14159, 3.92699, 0.785398]], [[0, 1.5708, 3.14159, 1.5708]], [[0, 3.92699, 3.92699, 1.5708]], [[0, 5.49779, 0, 3.92699]], [[0, 0, 1.5708, 3.92699]], [[0, 3.92699, 5.49779, 3.92699]], [[0, 0, 4.71239, 3.14159]], [[0, 3.92699, 5.49779, 5.49779]], [[0, 5.49779, 4.71239, 3.92699]], [[0, 0.785398, 3.14159, 3.92699]], [[0, 0.785398, 4.71239, 5.49779]], [[0, 1.5708, 2.35619, 5.49779]], [[0, 0, 3.92699, 5.49779]], [[0, 0.297, 0.641, 0.423]], [[0.526, 0.297, 0.641, 0.423]], [[0, 0, 0, 0]], [[0, -1.5708, -4.71239, 0]], [[0, -3.14159, -3.14159, 0]], [[0, -3.14159, -3.92699, -0.785398]], [[0, -1.5708, -3.14159, -1.5708]], [[0, -3.92699, -3.92699, -1.5708]], [[0, -5.49779, 0, -3.92699]], [[0, 0, -1.5708, -3.92699]], [[0, -3.92699, -5.49779, -3.92699]], [[0, 0, -4.71239, -3.14159]], [[0, -3.92699, -5.49779, -5.49779]], [[0, -5.49779, -4.71239, -3.92699]], [[0, -0.785398, -3.14159, -3.92699]], [[0, -0.785398, -4.71239, -5.49779]], [[0, -1.5708, -2.35619, -5.49779]], [[0, 0, -3.92699, -5.49779]], [[0, -0.297, -0.641, -0.423]], [[-0.526, -0.297, -0.641, -0.423]]]
---Preparing executables
---Running executables, 144 in batch, delta=90.38119001
---Extracting values delta=9.677693132000002
---Extracted values delta=145.508179251
---Time for noisy calculation: 245.59494545700002
***TFLON: 9.36173463778217,9.859429506099772,10.290868524546292,10.85810505045192,12.046792079168107,11.796157107431059,13.103664566154446,13.698101174612091,14.167596120460763,15.241627637847934,15.49243274538642,16.374021191595165,17.36316267378874,17.788082681949113,19.195990415250662,19.511408662597308,9.498237011677363,9.308923967707123,9.401794085562877,10.599555622533483,10.818490851366947,11.257214042043906,12.40492245054403,12.323291852283283,12.835181771145042,14.134847316016595,14.604673097136173,15.34534906376557,15.919971365841954,16.690804694547655,17.93692212113063,17.393438343832546,19.272313190572557,19.785357617235086,9.341902280476281,8.610155508982308 1631741417.9542599
Noisy energies by type: {'onsite0': array([14.97421366, 15.03920486, 14.88608952, 15.16779279, 15.06956522,
       15.10080088, 15.16338478, 15.10045147, 14.87322342, 15.0140056 ,
       14.88583974, 14.95756257, 14.84478511, 15.03899503, 15.01306848,
       14.9128697 , 15.19417204, 14.26072139, 14.9985759 , 15.14628297,
       15.0112964 , 15.05650829, 15.01242751, 15.145226  , 14.75418693,
       15.02116115, 15.07836645, 14.95274307, 15.11195036, 14.92752044,
       15.19176998, 15.02788006, 15.13731914, 15.07240182, 14.97771174,
       14.15      ]), 'horiz0': array([-2.16364734, -2.09671946, -2.08928055, -2.03392754, -1.14713735,
       -1.68148565, -2.13573883, -0.83128079, -1.51195748, -0.83550536,
       -1.28469962, -0.45037292,  1.00060716, -0.17777163,  1.53498174,
        1.31872946, -2.13637795, -1.76738919, -2.07534659, -1.67477876,
       -1.80782509, -1.76866307, -1.26330532, -1.63944828, -2.04089438,
       -0.63956171, -1.75615213, -0.87912703, -1.55466371, -0.45084746,
        1.00056007, -0.25178622,  1.47866109,  1.47588978, -2.20111732,
       -2.20688649]), 'vert02': array([-1.97262667, -1.62129681, -1.25554324, -1.26      , -0.86503067,
       -1.07015131, -0.07281032,  0.33296121,  0.1474704 , -0.07394914,
        0.90978261,  0.50322234,  0.85977454,  1.53195297,  1.51267311,
        1.72676343, -1.89147067, -1.74190674, -1.98066784, -1.7165578 ,
       -1.16605479, -1.07754085, -0.81880148, -0.76014254,  0.06116048,
        0.61853737,  0.23929539, -0.05466413,  1.04107383,  0.55407919,
        0.95864865,  1.3577044 ,  1.45650954,  1.69593148, -1.75068079,
       -1.68070465]), 'vert12': array([-1.476205  , -1.46175908, -1.2503972 , -1.0157602 , -1.01060512,
       -0.55300682,  0.14882894, -0.90403071,  0.65885978,  1.13707654,
        0.98151002,  1.3636092 ,  0.65799586,  1.39490632,  1.13526709,
        1.55304606, -1.6680864 , -1.44250148, -1.54076739, -1.15539079,
       -1.21892567, -0.95309033, -0.52539826, -0.42234332,  0.06072874,
       -0.8652895 ,  1.04316338,  1.32639715,  1.32161089,  1.66005252,
        0.78594342,  1.2596401 ,  1.19982343,  1.54113454, -1.68401135,
       -1.65225335])}
Using saved exact energies
Data collected can be found at experiments/4x2_single_U_4_nocc_11_d_1-0915-222432/2x4
