{'theta': True, 'zeta': True, 'chi': False, 'gamma': True, 'phi': True, 'time': None}
{'theta': False, 'zeta': False, 'chi': False, 'gamma': False, 'phi': False, 'time': None}
                  (3, 2)
                  │
                  │
         (4, 1)───(4, 2)───(4, 3)
         │        │        │
         │        │        │
(5, 0)───(5, 1)───(5, 2)───(5, 3)───(5, 4)
         │        │        │        │
         │        │        │        │
         (6, 1)───(6, 2)───(6, 3)───(6, 4)───(6, 5)
                  │        │        │        │
                  │        │        │        │
                  (7, 2)───(7, 3)───(7, 4)───(7, 5)───(7, 6)
                           │        │        │
                           │        │        │
                           (8, 3)───(8, 4)───(8, 5)
                                    │
                                    │
                                    (9, 4)
Start at: (3, 2), with dr
Using qubits [cirq.GridQubit(3, 2), cirq.GridQubit(4, 2), cirq.GridQubit(4, 3), cirq.GridQubit(5, 3), cirq.GridQubit(5, 4), cirq.GridQubit(6, 4), cirq.GridQubit(6, 5), cirq.GridQubit(7, 5), cirq.GridQubit(4, 1), cirq.GridQubit(5, 1), cirq.GridQubit(5, 2), cirq.GridQubit(6, 2), cirq.GridQubit(6, 3), cirq.GridQubit(7, 3), cirq.GridQubit(7, 4), cirq.GridQubit(8, 4)]
Using qubits, JW:[cirq.GridQubit(3, 2), cirq.GridQubit(4, 2), cirq.GridQubit(4, 3), cirq.GridQubit(5, 3), cirq.GridQubit(5, 4), cirq.GridQubit(6, 4), cirq.GridQubit(6, 5), cirq.GridQubit(7, 5), cirq.GridQubit(4, 1), cirq.GridQubit(5, 1), cirq.GridQubit(5, 2), cirq.GridQubit(6, 2), cirq.GridQubit(6, 3), cirq.GridQubit(7, 3), cirq.GridQubit(7, 4), cirq.GridQubit(8, 4)]
                  [31m(3, 2)[0m
                  │
                  │
         [35m(4, 1)[0m───[31m(4, 2)[0m───[31m(4, 3)[0m
         │        │        │
         │        │        │
(5, 0)───[35m(5, 1)[0m───[35m(5, 2)[0m───[31m(5, 3)[0m───[31m(5, 4)[0m
         │        │        │        │
         │        │        │        │
         (6, 1)───[35m(6, 2)[0m───[35m(6, 3)[0m───[31m(6, 4)[0m───[31m(6, 5)[0m
                  │        │        │        │
                  │        │        │        │
                  (7, 2)───[35m(7, 3)[0m───[35m(7, 4)[0m───[31m(7, 5)[0m───(7, 6)
                           │        │        │
                           │        │        │
                           (8, 3)───[35m(8, 4)[0m───(8, 5)
                                    │
                                    │
                                    (9, 4)
None
Meas types ['onsite0', 'horiz0', 'horiz1']
Prepped onsite, pairs=[(0, 8), (1, 9), (2, 10), (3, 11), (4, 12), (5, 13), (6, 14), (7, 15)]
Prepped horiz, pairs=[(0, 1), (2, 3), (4, 5), (6, 7), (8, 9), (10, 11), (12, 13), (14, 15)]
Prepped horiz, pairs=[(1, 2), (3, 4), (5, 6), (9, 10), (11, 12), (13, 14)]
Set recompilation to False
Got pairs set [(10, 11), (5, 6), (3, 11), (5, 13), (8, 9), (4, 12), (6, 14), (1, 2), (6, 7), (7, 15), (12, 13), (4, 5), (2, 10), (9, 10), (2, 3), (1, 9), (14, 15), (0, 8), (11, 12), (0, 1), (13, 14), (3, 4)]
---Starting to do calibration: delta 3.903887730000001
---Starting to set up measurements: delta 0.7708502359999994
---Starting to run VQE: delta 1.390574762
No optimisation, save file is experiments/8x1_single_zz_x_U_8_nocc_8_d_1-0914-221242/8x1/processed/processed.json
Given params: [[[[[1.087, 0.698, 0.407]]], [[[-1.087, -0.698, -0.407]]], [[[0, 0.698, 0.407]]], [[[0, -0.698, -0.407]]]]]
---Preparing executables
---Running executables, 12 in batch, delta=6.149777564999999
---Extracting values delta=2.3916355650000014
---Extracted values delta=52.482219412999996
===5.728926253105187 5.327092177548634 8.505597437790888 11.207383421944753 1631654030.086784
Computed energies [5.528009215326911], params [[[[1.087, 0.698, 0.407]]], [[[-1.087, -0.698, -0.407]]], [[[0, 0.698, 0.407]]], [[[0, -0.698, -0.407]]]]
***5.528009215326911 1631654030.0888991
---VQE complete: delta 61.028974100999996
---Starting TFLO
Using saved points
Using params [[[0, 0, 0]], [[0, 0.785398, 0]], [[0, 1.5708, 0.785398]], [[0, 1.5708, 1.5708]], [[0, 5.49779, 0.785398]], [[0, 2.35619, 0.785398]], [[0, 2.35619, 1.5708]], [[0, 3.14159, 0]], [[0, 0.785398, 3.14159]], [[0, 0, 3.14159]], [[0, 0, 4.71239]], [[0, 0.785398, 5.49779]], [[0, 4.71239, 5.49779]], [[0, 4.71239, 2.35619]], [[0, 3.14159, 3.14159]], [[0, 3.92699, 3.92699]], [[0, 0.698, 0.407]], [[1.087, 0.698, 0.407]], [[0, 0, 0]], [[0, -0.785398, 0]], [[0, -1.5708, -0.785398]], [[0, -1.5708, -1.5708]], [[0, -5.49779, -0.785398]], [[0, -2.35619, -0.785398]], [[0, -2.35619, -1.5708]], [[0, -3.14159, 0]], [[0, -0.785398, -3.14159]], [[0, 0, -3.14159]], [[0, 0, -4.71239]], [[0, -0.785398, -5.49779]], [[0, -4.71239, -5.49779]], [[0, -4.71239, -2.35619]], [[0, -3.14159, -3.14159]], [[0, -3.92699, -3.92699]], [[0, -0.698, -0.407]], [[-1.087, -0.698, -0.407]]]
---Preparing executables
---Running executables, 108 in batch, delta=50.146435681
---Extracting values delta=6.510053876000001
---Extracted values delta=118.58155268800002
---Time for noisy calculation: 175.255359997
***TFLON: 9.517070822860218,8.596850850198296,10.571742421758287,10.284675510271757,12.93668420115192,12.74552848784788,12.920544329502647,12.371943052343443,12.375214910975332,14.28894359229383,15.431083221351075,14.268013892675402,16.90218697610843,16.71448089485985,16.481778184312844,16.5183881335891,8.575740689996541,5.922823100012492,9.69660255580123,11.620320707071539,10.826680773285466,11.318697014021128,9.91085253337811,11.145510604789498,11.995836831263913,12.422915298054898,15.351176741120598,13.897735880018516,15.348273958155833,17.054426974209626,15.504974617003946,15.999874258607889,16.759056238097592,17.968023954846434,11.142852846184747,5.303251522594377 1631654207.565751
Noisy energies by type: {'onsite0': array([15.9669967 , 14.78434638, 16.66840278, 15.97746967, 17.40612762,
       17.52406299, 17.06735528, 15.88917306, 14.87713161, 15.99338159,
       16.33455136, 15.04867529, 16.38275862, 16.42758621, 15.72699784,
       14.86186643, 14.96600996,  8.92226933, 15.99663724, 17.47359667,
       16.32953105, 16.18831303, 14.79791847, 15.1757473 , 15.24823285,
       15.94578568, 17.63061564, 16.07105096, 16.53932584, 17.25598991,
       16.23840504, 16.37433834, 15.87958448, 17.08616635, 17.49362787,
        9.98481013]), 'horiz0': array([-4.37816521, -4.34519497, -5.23739645, -4.85482718, -3.17443787,
       -5.19738379, -4.57136172, -4.77108936, -0.68036423,  0.3134824 ,
        1.10497238,  1.07432286,  0.52224282,  0.1876284 , -0.51614381,
        0.5600546 , -4.49903754, -1.8183358 , -4.29535513, -4.55761317,
       -5.52196763, -4.92977588, -3.09224753, -5.0435892 , -4.30577089,
       -4.7762437 , -1.0236151 , -0.19291875,  0.82823872,  1.00579151,
        0.06595365,  0.37855179, -0.40675706,  0.44508799, -4.93038109,
       -3.66113794]), 'horiz1': array([-2.07176066, -1.84230056, -0.85926391, -0.83796699, -1.29500555,
        0.41884929,  0.42455077,  1.25385935, -1.82155247, -2.0179204 ,
       -2.00844051, -1.85498426, -0.00281446,  0.09926629,  1.27092415,
        1.0964671 , -1.89123173, -1.18111043, -2.00467955, -1.2956628 ,
        0.01911735,  0.06015987, -1.79481841,  1.01335251,  1.05337487,
        1.25337331, -1.2558238 , -1.98039633, -2.0192906 , -1.20735444,
       -0.79938407, -0.75301587,  1.28622881,  0.43676962, -1.42039393,
       -1.02042067])}
Using saved exact energies
Data collected can be found at experiments/8x1_single_zz_x_U_8_nocc_8_d_1-0914-221242/8x1
