{'theta': True, 'zeta': True, 'chi': False, 'gamma': True, 'phi': True, 'time': None}
{'theta': False, 'zeta': False, 'chi': False, 'gamma': False, 'phi': False, 'time': None}
                  (3, 2)
                  │
                  │
         (4, 1)───(4, 2)───(4, 3)
         │        │        │
         │        │        │
(5, 0)───(5, 1)───(5, 2)───(5, 3)───(5, 4)
         │        │        │        │
         │        │        │        │
         (6, 1)───(6, 2)───(6, 3)───(6, 4)───(6, 5)
                  │        │        │        │
                  │        │        │        │
                  (7, 2)───(7, 3)───(7, 4)───(7, 5)───(7, 6)
                           │        │        │
                           │        │        │
                           (8, 3)───(8, 4)───(8, 5)
                                    │
                                    │
                                    (9, 4)
Start at: (3, 2), with dr
Using qubits [cirq.GridQubit(3, 2), cirq.GridQubit(4, 2), cirq.GridQubit(4, 3), cirq.GridQubit(5, 3), cirq.GridQubit(5, 4), cirq.GridQubit(6, 4), cirq.GridQubit(6, 5), cirq.GridQubit(7, 5), cirq.GridQubit(4, 1), cirq.GridQubit(5, 1), cirq.GridQubit(5, 2), cirq.GridQubit(6, 2), cirq.GridQubit(6, 3), cirq.GridQubit(7, 3), cirq.GridQubit(7, 4), cirq.GridQubit(8, 4)]
Using qubits, JW:[cirq.GridQubit(3, 2), cirq.GridQubit(4, 2), cirq.GridQubit(4, 3), cirq.GridQubit(5, 3), cirq.GridQubit(5, 4), cirq.GridQubit(6, 4), cirq.GridQubit(6, 5), cirq.GridQubit(7, 5), cirq.GridQubit(4, 1), cirq.GridQubit(5, 1), cirq.GridQubit(5, 2), cirq.GridQubit(6, 2), cirq.GridQubit(6, 3), cirq.GridQubit(7, 3), cirq.GridQubit(7, 4), cirq.GridQubit(8, 4)]
                  [31m(3, 2)[0m
                  │
                  │
         [35m(4, 1)[0m───[31m(4, 2)[0m───[31m(4, 3)[0m
         │        │        │
         │        │        │
(5, 0)───[35m(5, 1)[0m───[35m(5, 2)[0m───[31m(5, 3)[0m───[31m(5, 4)[0m
         │        │        │        │
         │        │        │        │
         (6, 1)───[35m(6, 2)[0m───[35m(6, 3)[0m───[31m(6, 4)[0m───[31m(6, 5)[0m
                  │        │        │        │
                  │        │        │        │
                  (7, 2)───[35m(7, 3)[0m───[35m(7, 4)[0m───[31m(7, 5)[0m───(7, 6)
                           │        │        │
                           │        │        │
                           (8, 3)───[35m(8, 4)[0m───(8, 5)
                                    │
                                    │
                                    (9, 4)
None
Meas types ['onsite0', 'horiz0', 'horiz1']
Prepped onsite, pairs=[(0, 8), (1, 9), (2, 10), (3, 11), (4, 12), (5, 13), (6, 14), (7, 15)]
Prepped horiz, pairs=[(0, 1), (2, 3), (4, 5), (6, 7), (8, 9), (10, 11), (12, 13), (14, 15)]
Prepped horiz, pairs=[(1, 2), (3, 4), (5, 6), (9, 10), (11, 12), (13, 14)]
Set recompilation to False
Got pairs set [(10, 11), (5, 6), (3, 11), (5, 13), (8, 9), (4, 12), (6, 14), (1, 2), (6, 7), (7, 15), (12, 13), (4, 5), (2, 10), (9, 10), (2, 3), (1, 9), (14, 15), (0, 8), (11, 12), (0, 1), (13, 14), (3, 4)]
---Starting to do calibration: delta 4.628530367
---Starting to set up measurements: delta 0.7711922719999995
---Starting to run VQE: delta 1.2461689169999994
No optimisation, save file is experiments/8x1_single_zz_x_U_8_nocc_5_d_1-0916-233158/8x1/processed/processed.json
Given params: [[[[[0.823, 0.551, 0.642]]], [[[-0.823, -0.551, -0.642]]], [[[0, 0.551, 0.642]]], [[[0, -0.551, -0.642]]]]]
---Preparing executables
---Running executables, 12 in batch, delta=5.232961393999998
---Extracting values delta=2.6265354520000024
---Extracted values delta=54.91168413599999
===-1.2817076939147007 -1.286541063263768 0.7741499726934289 0.9876601168614818 1631831588.0130172
Computed energies [-1.2841243785892344], params [[[[0.823, 0.551, 0.642]]], [[[-0.823, -0.551, -0.642]]], [[[0, 0.551, 0.642]]], [[[0, -0.551, -0.642]]]]
***-1.2841243785892344 1631831588.015388
---VQE complete: delta 62.776904281
---Starting TFLO
Using saved points
Using params [[[0, 0, 0]], [[0, 0, 0.785398]], [[0, 0.785398, 1.5708]], [[0, 5.49779, 0.785398]], [[0, 2.35619, 0.785398]], [[0, 3.92699, 0]], [[0, 2.35619, 1.5708]], [[0, 3.14159, 0.785398]], [[0, 3.92699, 0.785398]], [[0, 5.49779, 5.49779]], [[0, 0.785398, 5.49779]], [[0, 3.92699, 1.5708]], [[0, 1.5708, 5.49779]], [[0, 3.14159, 2.35619]], [[0, 3.92699, 4.71239]], [[0, 3.14159, 5.49779]], [[0, 0.551, 0.642]], [[0.823, 0.551, 0.642]], [[0, 0, 0]], [[0, 0, -0.785398]], [[0, -0.785398, -1.5708]], [[0, -5.49779, -0.785398]], [[0, -2.35619, -0.785398]], [[0, -3.92699, 0]], [[0, -2.35619, -1.5708]], [[0, -3.14159, -0.785398]], [[0, -3.92699, -0.785398]], [[0, -5.49779, -5.49779]], [[0, -0.785398, -5.49779]], [[0, -3.92699, -1.5708]], [[0, -1.5708, -5.49779]], [[0, -3.14159, -2.35619]], [[0, -3.92699, -4.71239]], [[0, -3.14159, -5.49779]], [[0, -0.551, -0.642]], [[-0.823, -0.551, -0.642]]]
---Preparing executables
---Running executables, 108 in batch, delta=49.85584336000001
---Extracting values delta=6.278559692000016
---Extracted values delta=108.85123423499999
---Time for noisy calculation: 165.00517978800002
***TFLON: 0.9296162482607677,1.3011487340730006,1.1295465404400273,2.6290180411204216,2.9547418905785867,2.0722389153355856,2.9622313898994976,3.1550391789978516,3.241882428630523,4.587213497132055,4.239577580596983,4.261675836819331,5.356362577430686,5.376668025034116,5.5744380311451485,6.278235294160976,0.981647960600208,-1.0346335616112132,0.9555877204990813,1.3397385377170514,1.3618753186675963,1.7387372914466197,1.5371719961178898,3.1899908792608,2.4208909457208976,3.1387683070892134,3.911797880930497,4.486913236467188,5.189287498628662,5.178655509366216,5.973015870741259,5.375236535128635,6.442832394994087,6.476744479032119,1.0363051251328437,-1.363942545760009 1631831755.1992269
Noisy energies by type: {'onsite0': array([6.14442993, 6.43255898, 6.1935967 , 6.78316664, 6.72092575,
       5.51207639, 6.18856378, 5.86766635, 5.74028436, 6.28431557,
       5.52966184, 5.50551181, 5.80579483, 6.07620529, 5.51766513,
       5.86709496, 6.24012515, 3.0991937 , 6.10698946, 6.08228704,
       6.15349106, 5.56555171, 5.2284976 , 6.6351551 , 5.55145119,
       5.86856928, 6.29231916, 6.28452673, 6.55625357, 6.34889435,
       6.42369021, 6.1023462 , 6.43535912, 6.12314065, 6.21056575,
       3.21750045]), 'horiz0': array([-2.74966301, -2.60134867, -2.90964116, -2.02967796, -3.27559692,
       -2.96294867, -2.74913741, -2.62850797, -2.03937324,  0.44706352,
        0.81663202, -0.82418457,  0.84455528, -0.63745739,  0.50715026,
        0.45907769, -3.01826881, -2.30178242, -2.69506903, -2.34462593,
       -2.62897959, -1.71738681, -3.26455696, -2.94819571, -2.6687768 ,
       -2.61397529, -1.92601036,  0.37929725,  0.77800161, -0.7005304 ,
        0.85230518, -0.59811359,  0.50097012,  0.48610008, -2.89167975,
       -2.66415244]), 'horiz1': array([-2.46515067, -2.53006157, -2.15440901, -2.12447063, -0.49058693,
       -0.47688881, -0.47719498, -0.0841192 , -0.45902869, -2.1441656 ,
       -2.10671627, -0.41965141, -1.29398753, -0.06207987, -0.45037736,
       -0.04793736, -2.24020837, -1.83204484, -2.4563327 , -2.39792257,
       -2.16263615, -2.10942761, -0.42676864, -0.49696851, -0.46178344,
       -0.11582569, -0.45451092, -2.17691074, -2.14496768, -0.46970844,
       -1.30297952, -0.12899607, -0.49349684, -0.13249625, -2.28258088,
       -1.91729055])}
Using saved exact energies
Data collected can be found at experiments/8x1_single_zz_x_U_8_nocc_5_d_1-0916-233158/8x1
