{'theta': True, 'zeta': True, 'chi': False, 'gamma': True, 'phi': True, 'time': None}
{'theta': False, 'zeta': False, 'chi': False, 'gamma': False, 'phi': False, 'time': None}
                  (3, 2)
                  │
                  │
         (4, 1)───(4, 2)───(4, 3)
         │        │        │
         │        │        │
(5, 0)───(5, 1)───(5, 2)───(5, 3)───(5, 4)
         │        │        │        │
         │        │        │        │
         (6, 1)───(6, 2)───(6, 3)───(6, 4)───(6, 5)
                  │        │        │        │
                  │        │        │        │
                  (7, 2)───(7, 3)───(7, 4)───(7, 5)───(7, 6)
                           │        │        │
                           │        │        │
                           (8, 3)───(8, 4)───(8, 5)
                                    │
                                    │
                                    (9, 4)
Start at: (3, 2), with dr
Using qubits [cirq.GridQubit(3, 2), cirq.GridQubit(4, 2), cirq.GridQubit(4, 3), cirq.GridQubit(5, 3), cirq.GridQubit(5, 4), cirq.GridQubit(6, 4), cirq.GridQubit(6, 5), cirq.GridQubit(7, 5), cirq.GridQubit(4, 1), cirq.GridQubit(5, 1), cirq.GridQubit(5, 2), cirq.GridQubit(6, 2), cirq.GridQubit(6, 3), cirq.GridQubit(7, 3), cirq.GridQubit(7, 4), cirq.GridQubit(8, 4)]
Using qubits, JW:[cirq.GridQubit(3, 2), cirq.GridQubit(4, 2), cirq.GridQubit(4, 3), cirq.GridQubit(5, 3), cirq.GridQubit(5, 4), cirq.GridQubit(6, 4), cirq.GridQubit(6, 5), cirq.GridQubit(7, 5), cirq.GridQubit(4, 1), cirq.GridQubit(5, 1), cirq.GridQubit(5, 2), cirq.GridQubit(6, 2), cirq.GridQubit(6, 3), cirq.GridQubit(7, 3), cirq.GridQubit(7, 4), cirq.GridQubit(8, 4)]
                  [31m(3, 2)[0m
                  │
                  │
         [35m(4, 1)[0m───[31m(4, 2)[0m───[31m(4, 3)[0m
         │        │        │
         │        │        │
(5, 0)───[35m(5, 1)[0m───[35m(5, 2)[0m───[31m(5, 3)[0m───[31m(5, 4)[0m
         │        │        │        │
         │        │        │        │
         (6, 1)───[35m(6, 2)[0m───[35m(6, 3)[0m───[31m(6, 4)[0m───[31m(6, 5)[0m
                  │        │        │        │
                  │        │        │        │
                  (7, 2)───[35m(7, 3)[0m───[35m(7, 4)[0m───[31m(7, 5)[0m───(7, 6)
                           │        │        │
                           │        │        │
                           (8, 3)───[35m(8, 4)[0m───(8, 5)
                                    │
                                    │
                                    (9, 4)
None
Meas types ['onsite0', 'horiz0', 'horiz1']
Prepped onsite, pairs=[(0, 8), (1, 9), (2, 10), (3, 11), (4, 12), (5, 13), (6, 14), (7, 15)]
Prepped horiz, pairs=[(0, 1), (2, 3), (4, 5), (6, 7), (8, 9), (10, 11), (12, 13), (14, 15)]
Prepped horiz, pairs=[(1, 2), (3, 4), (5, 6), (9, 10), (11, 12), (13, 14)]
Set recompilation to False
Got pairs set [(10, 11), (5, 6), (3, 11), (5, 13), (8, 9), (4, 12), (6, 14), (1, 2), (6, 7), (7, 15), (12, 13), (4, 5), (2, 10), (9, 10), (2, 3), (1, 9), (14, 15), (0, 8), (11, 12), (0, 1), (13, 14), (3, 4)]
---Starting to do calibration: delta 3.708242908999999
---Starting to set up measurements: delta 0.627939765999999
---Starting to run VQE: delta 1.1408801929999992
No optimisation, save file is experiments/8x1_single_zz_x_U_4_nocc_3_d_1-0914-005235/8x1/processed/processed.json
Given params: [[[[[0.566, 0.583, 0.474]]], [[[-0.566, -0.583, -0.474]]], [[[0, 0.583, 0.474]]], [[[0, -0.583, -0.474]]]]]
---Preparing executables
---Running executables, 12 in batch, delta=4.738751724
---Extracting values delta=2.794350285
---Extracted values delta=54.871119944
===-2.8882886960819336 -2.846578365230802 -2.5963495883269756 -2.408433692341307 1631577223.141441
Computed energies [-2.867433530656368], params [[[[0.566, 0.583, 0.474]]], [[[-0.566, -0.583, -0.474]]], [[[0, 0.583, 0.474]]], [[[0, -0.583, -0.474]]]]
***-2.867433530656368 1631577223.143517
---VQE complete: delta 62.409286635
---Starting TFLO
Using saved points
Using params [[[0, 0, 0]], [[0, 0, 0.785398]], [[0, 1.5708, 0.785398]], [[0, 1.5708, 1.5708]], [[0, 2.35619, 0.785398]], [[0, 0, 2.35619]], [[0, 5.49779, 1.5708]], [[0, 3.92699, 0.785398]], [[0, 0, 4.71239]], [[0, 0.785398, 3.92699]], [[0, 2.35619, 2.35619]], [[0, 1.5708, 5.49779]], [[0, 3.92699, 5.49779]], [[0, 2.35619, 3.14159]], [[0, 2.35619, 4.71239]], [[0, 3.92699, 3.92699]], [[0, 0.583, 0.474]], [[0.566, 0.583, 0.474]], [[0, 0, 0]], [[0, 0, -0.785398]], [[0, -1.5708, -0.785398]], [[0, -1.5708, -1.5708]], [[0, -2.35619, -0.785398]], [[0, 0, -2.35619]], [[0, -5.49779, -1.5708]], [[0, -3.92699, -0.785398]], [[0, 0, -4.71239]], [[0, -0.785398, -3.92699]], [[0, -2.35619, -2.35619]], [[0, -1.5708, -5.49779]], [[0, -3.92699, -5.49779]], [[0, -2.35619, -3.14159]], [[0, -2.35619, -4.71239]], [[0, -3.92699, -3.92699]], [[0, -0.583, -0.474]], [[-0.566, -0.583, -0.474]]]
---Preparing executables
---Running executables, 108 in batch, delta=42.887462575
---Extracting values delta=12.224825815999992
---Extracted values delta=101.306108946
---Time for noisy calculation: 156.435189919
***TFLON: -2.4336977674169358,-2.4185462660800137,-2.2949536762550418,-2.2441742566890155,-1.7848381767846666,-1.9422254622402157,-1.3853022778534054,-1.338242619288589,-1.3200339725919132,-1.4420148973385594,-0.9594419115482413,-0.3950025838344018,-0.3104966782333567,-0.2257244652524787,0.14435025480712804,0.25779692804156285,-2.5919579736309144,-2.8616814367801955,-2.3723709985215766,-2.4159746189543596,-2.316545306793946,-2.1879936540465197,-1.964409850869325,-1.6949599754158982,-1.477532418680915,-1.0752147941515795,-0.915389052654112,-0.6513188363193089,-0.8840977023842894,-0.11410794577714523,-0.11923795089976896,-0.2683770832254265,-0.015488628875165,0.19445354472543408,-2.405096205435707,-2.8267121058279043 1631577381.618953
Noisy energies by type: {'onsite0': array([1.14825231, 1.08118361, 1.25413594, 1.1878368 , 1.30985358,
       1.11347249, 1.07856694, 1.00060618, 1.02225575, 1.0282318 ,
       1.18576764, 1.09917829, 0.93875026, 1.29276054, 1.14989252,
       1.01079568, 0.98039992, 0.52320031, 1.16182573, 1.06793049,
       1.00602652, 1.02314349, 0.92839506, 1.07324716, 0.95826514,
       1.14949202, 1.04985451, 1.20812784, 1.03037767, 1.17214621,
       1.25516102, 1.03727847, 0.90077243, 1.18060201, 1.1796938 ,
       0.68447542]), 'horiz0': array([-1.67243461, -1.58418803, -2.18710582, -2.08323396, -2.15431235,
       -1.15177212, -0.75090439, -1.51736286, -0.4249453 , -0.68183752,
       -1.25158414, -0.17074217, -0.40768551, -0.59566957, -0.07395234,
        0.06716418, -1.74422986, -1.68356643, -1.65179827, -1.56018616,
       -2.10017889, -1.97293758, -2.07376494, -0.90662021, -0.70836181,
       -1.34650035, -0.0948588 , -0.2160464 , -1.08720801, -0.06588235,
       -0.48751933, -0.45812808, -0.07420814, -0.07978142, -1.82534247,
       -1.81501122]), 'horiz1': array([-1.90951547, -1.91554184, -1.3619838 , -1.34877709, -0.9403794 ,
       -1.90392582, -1.71296482, -0.82148594, -1.91734443, -1.78840918,
       -0.89362542, -1.3234387 , -0.84156142, -0.92281544, -0.93158992,
       -0.82016293, -1.82812803, -1.70131531, -1.88239845, -1.92371894,
       -1.22239293, -1.23819956, -0.81903997, -1.86158693, -1.72743574,
       -0.87820647, -1.87038476, -1.64340027, -0.82726736, -1.2203718 ,
       -0.88687965, -0.84752747, -0.84205291, -0.90636704, -1.75944754,
       -1.6961763 ])}
Using saved exact energies
Data collected can be found at experiments/8x1_single_zz_x_U_4_nocc_3_d_1-0914-005235/8x1
