{'theta': True, 'zeta': True, 'chi': False, 'gamma': True, 'phi': True, 'time': None}
{'theta': False, 'zeta': False, 'chi': False, 'gamma': False, 'phi': False, 'time': None}
                  (3, 2)
                  │
                  │
         (4, 1)───(4, 2)───(4, 3)
         │        │        │
         │        │        │
(5, 0)───(5, 1)───(5, 2)───(5, 3)───(5, 4)
         │        │        │        │
         │        │        │        │
         (6, 1)───(6, 2)───(6, 3)───(6, 4)───(6, 5)
                  │        │        │        │
                  │        │        │        │
                  (7, 2)───(7, 3)───(7, 4)───(7, 5)───(7, 6)
                           │        │        │
                           │        │        │
                           (8, 3)───(8, 4)───(8, 5)
                                    │
                                    │
                                    (9, 4)
Start at: (3, 2), with dr
Using qubits [cirq.GridQubit(3, 2), cirq.GridQubit(4, 2), cirq.GridQubit(4, 3), cirq.GridQubit(5, 3), cirq.GridQubit(5, 4), cirq.GridQubit(6, 4), cirq.GridQubit(6, 5), cirq.GridQubit(7, 5), cirq.GridQubit(4, 1), cirq.GridQubit(5, 1), cirq.GridQubit(5, 2), cirq.GridQubit(6, 2), cirq.GridQubit(6, 3), cirq.GridQubit(7, 3), cirq.GridQubit(7, 4), cirq.GridQubit(8, 4)]
Using qubits, JW:[cirq.GridQubit(3, 2), cirq.GridQubit(4, 2), cirq.GridQubit(4, 3), cirq.GridQubit(5, 3), cirq.GridQubit(5, 4), cirq.GridQubit(6, 4), cirq.GridQubit(6, 5), cirq.GridQubit(7, 5), cirq.GridQubit(4, 1), cirq.GridQubit(5, 1), cirq.GridQubit(5, 2), cirq.GridQubit(6, 2), cirq.GridQubit(6, 3), cirq.GridQubit(7, 3), cirq.GridQubit(7, 4), cirq.GridQubit(8, 4)]
                  [31m(3, 2)[0m
                  │
                  │
         [35m(4, 1)[0m───[31m(4, 2)[0m───[31m(4, 3)[0m
         │        │        │
         │        │        │
(5, 0)───[35m(5, 1)[0m───[35m(5, 2)[0m───[31m(5, 3)[0m───[31m(5, 4)[0m
         │        │        │        │
         │        │        │        │
         (6, 1)───[35m(6, 2)[0m───[35m(6, 3)[0m───[31m(6, 4)[0m───[31m(6, 5)[0m
                  │        │        │        │
                  │        │        │        │
                  (7, 2)───[35m(7, 3)[0m───[35m(7, 4)[0m───[31m(7, 5)[0m───(7, 6)
                           │        │        │
                           │        │        │
                           (8, 3)───[35m(8, 4)[0m───(8, 5)
                                    │
                                    │
                                    (9, 4)
None
Meas types ['onsite0', 'horiz0', 'vert02', 'vert12']
Prepped onsite, pairs=[(0, 8), (1, 9), (2, 10), (3, 11), (4, 12), (5, 13), (6, 14), (7, 15)]
Prepped horiz, pairs=[(0, 1), (2, 3), (4, 5), (6, 7), (8, 9), (10, 11), (12, 13), (14, 15)]
Prepped vert0, pairs=[(1, 2), (3, 4), (5, 6), (9, 10), (11, 12), (13, 14)]
Prepped vert1, pairs=[(1, 2), (3, 4), (5, 6), (9, 10), (11, 12), (13, 14)]
Set recompilation to False
Got pairs set [(10, 11), (5, 6), (3, 11), (5, 13), (8, 9), (4, 12), (6, 14), (1, 2), (6, 7), (7, 15), (12, 13), (4, 5), (2, 10), (9, 10), (2, 3), (1, 9), (14, 15), (0, 8), (11, 12), (0, 1), (13, 14), (3, 4)]
---Starting to do calibration: delta 3.6495805519999998
---Starting to set up measurements: delta 0.8591982700000003
---Starting to run VQE: delta 2.570568251000001
No optimisation, save file is experiments/4x2_single_U_4_nocc_7_d_1-0916-003905/2x4/processed/processed.json
Given params: [[[[[0.574, 0.461, 0.543, 0.513]]], [[[-0.574, -0.461, -0.543, -0.513]]], [[[0, 0.461, 0.543, 0.513]]], [[[0, -0.461, -0.543, -0.513]]]]]
---Preparing executables
---Running executables, 16 in batch, delta=8.699150404000001
---Extracting values delta=2.109341964000002
---Extracted values delta=75.51375361
===-0.05614548168972022 -0.7789769008476686 0.26436261143480744 0.03677170183927547 1631749239.126345
Computed energies [-0.4175611912686944], params [[[[0.574, 0.461, 0.543, 0.513]]], [[[-0.574, -0.461, -0.543, -0.513]]], [[[0, 0.461, 0.543, 0.513]]], [[[0, -0.461, -0.543, -0.513]]]]
***-0.4175611912686944 1631749239.1279948
---VQE complete: delta 86.329062925
---Starting TFLO
Using saved points
Using params [[[0, 3.14159, 0, 0]], [[0, 0, 1.5708, 0]], [[0, 3.14159, 3.14159, 0]], [[0, 1.5708, 3.92699, 0.785398]], [[0, 0, 3.14159, 1.5708]], [[0, 4.71239, 3.92699, 1.5708]], [[0, 1.5708, 0, 3.92699]], [[0, 2.35619, 1.5708, 3.92699]], [[0, 4.71239, 5.49779, 3.92699]], [[0, 3.14159, 4.71239, 3.14159]], [[0, 0, 5.49779, 5.49779]], [[0, 1.5708, 4.71239, 3.92699]], [[0, 0, 3.14159, 3.92699]], [[0, 0.785398, 4.71239, 5.49779]], [[0, 4.71239, 2.35619, 5.49779]], [[0, 0, 3.92699, 5.49779]], [[0, 0.461, 0.543, 0.513]], [[0.574, 0.461, 0.543, 0.513]], [[0, -3.14159, 0, 0]], [[0, 0, -1.5708, 0]], [[0, -3.14159, -3.14159, 0]], [[0, -1.5708, -3.92699, -0.785398]], [[0, 0, -3.14159, -1.5708]], [[0, -4.71239, -3.92699, -1.5708]], [[0, -1.5708, 0, -3.92699]], [[0, -2.35619, -1.5708, -3.92699]], [[0, -4.71239, -5.49779, -3.92699]], [[0, -3.14159, -4.71239, -3.14159]], [[0, 0, -5.49779, -5.49779]], [[0, -1.5708, -4.71239, -3.92699]], [[0, 0, -3.14159, -3.92699]], [[0, -0.785398, -4.71239, -5.49779]], [[0, -4.71239, -2.35619, -5.49779]], [[0, 0, -3.92699, -5.49779]], [[0, -0.461, -0.543, -0.513]], [[-0.574, -0.461, -0.543, -0.513]]]
---Preparing executables
---Running executables, 144 in batch, delta=77.587977156
---Extracting values delta=8.869309449000014
---Extracted values delta=150.963670674
---Time for noisy calculation: 237.44836664899998
***TFLON: 0.07943389443860172,0.7406801338472078,0.5954615293197478,1.4431022217950578,1.9389576795122583,2.193845538095371,2.8300167153360136,4.552905459047038,4.481786334987033,4.248628762517855,6.198709292266195,6.515648652211391,7.401758858060949,8.088162649281383,8.517128831123964,10.124098475239077,0.18123787815016779,-0.011646308410801387,0.4091669847767727,0.06172172004234522,0.9031675577985943,1.396117597027059,2.4144457349620723,2.45635919747561,3.865511899792197,5.173800472043835,5.36039248293402,5.612747718338141,6.265319580400954,6.756813794609077,7.687404106119522,7.647946916592934,9.161741534219914,9.775174252867355,0.1742112193910108,-0.666792662984981 1631749479.4650738
Noisy energies by type: {'onsite0': array([5.95943968, 6.29455217, 5.97635727, 6.40103941, 6.138863  ,
       6.33579817, 6.22513754, 6.22130584, 6.06443299, 6.0236305 ,
       6.05371381, 6.31965812, 6.0954495 , 6.05101822, 6.0220054 ,
       6.21115274, 6.21050259, 5.03703704, 6.00546946, 6.16116588,
       5.97455024, 5.66094232, 6.09639601, 5.99914712, 5.88476429,
       6.0133452 , 5.94179894, 6.14332107, 6.32939661, 6.11025017,
       5.95923567, 6.19388419, 6.05531547, 6.10134986, 6.2005047 ,
       4.88832487]), 'horiz0': array([-2.22723005, -2.13963618, -2.1411073 , -1.92709766, -1.58363171,
       -1.85100354, -2.20804438, -0.54901961, -1.49837436, -1.32894737,
       -1.28066957, -0.59379217,  0.82834529, -0.02890432,  0.88626422,
        1.50011006, -2.16714472, -1.70394737, -2.21258385, -2.20019272,
       -1.95678867, -1.80538444, -1.64289001, -1.7602692 , -2.01401401,
       -0.26558006, -1.65869287, -1.09547399, -1.62916188, -0.78925428,
        0.72264404, -0.51117191,  1.35114851,  1.1983066 , -2.18059956,
       -2.1444548 ]), 'vert02': array([-1.72983871, -2.02049747, -1.56988317, -1.83415365, -1.42342962,
       -1.28079555, -0.51565455, -0.01620422, -0.52811373, -0.77109705,
        0.51727705, -0.28667507,  0.23110005,  0.7856094 ,  0.94697442,
        1.14835506, -2.23451124, -1.95705099, -1.63531243, -1.85539386,
       -1.42741573, -1.25195969, -1.06685853, -1.23860937,  0.0390625 ,
        0.18234786,  0.22803303, -0.07319224,  0.80963351,  0.34060295,
        0.79209402,  0.97359118,  1.15962343,  1.37708067, -1.85933915,
       -1.6487013 ]), 'vert12': array([-1.92293703, -1.39373839, -1.66990527, -1.19668588, -1.19284399,
       -1.01015354, -0.67142189, -1.10317656,  0.44384143,  0.32504267,
        0.908388  ,  1.07645778,  0.24686402,  1.28043935,  0.66188479,
        1.26448061, -1.62760875, -1.38768499, -1.74840619, -2.04385758,
       -1.68717829, -1.20748059, -0.97220172, -0.54390935, -0.04430088,
       -0.75631253,  0.84925338,  0.63809289,  0.75545135,  1.09521496,
        0.21343038,  0.99164345,  0.59565412,  1.09843714, -1.98635478,
       -1.76196144])}
Using saved exact energies
Data collected can be found at experiments/4x2_single_U_4_nocc_7_d_1-0916-003905/2x4
