{'theta': True, 'zeta': True, 'chi': False, 'gamma': True, 'phi': True, 'time': None}
{'theta': False, 'zeta': False, 'chi': False, 'gamma': False, 'phi': False, 'time': None}
                  (3, 2)
                  │
                  │
         (4, 1)───(4, 2)───(4, 3)
         │        │        │
         │        │        │
(5, 0)───(5, 1)───(5, 2)───(5, 3)───(5, 4)
         │        │        │        │
         │        │        │        │
         (6, 1)───(6, 2)───(6, 3)───(6, 4)───(6, 5)
                  │        │        │        │
                  │        │        │        │
                  (7, 2)───(7, 3)───(7, 4)───(7, 5)───(7, 6)
                           │        │        │
                           │        │        │
                           (8, 3)───(8, 4)───(8, 5)
                                    │
                                    │
                                    (9, 4)
Start at: (3, 2), with dr
Using qubits [cirq.GridQubit(3, 2), cirq.GridQubit(4, 2), cirq.GridQubit(4, 3), cirq.GridQubit(5, 3), cirq.GridQubit(5, 4), cirq.GridQubit(6, 4), cirq.GridQubit(6, 5), cirq.GridQubit(7, 5), cirq.GridQubit(4, 1), cirq.GridQubit(5, 1), cirq.GridQubit(5, 2), cirq.GridQubit(6, 2), cirq.GridQubit(6, 3), cirq.GridQubit(7, 3), cirq.GridQubit(7, 4), cirq.GridQubit(8, 4)]
Using qubits, JW:[cirq.GridQubit(3, 2), cirq.GridQubit(4, 2), cirq.GridQubit(4, 3), cirq.GridQubit(5, 3), cirq.GridQubit(5, 4), cirq.GridQubit(6, 4), cirq.GridQubit(6, 5), cirq.GridQubit(7, 5), cirq.GridQubit(4, 1), cirq.GridQubit(5, 1), cirq.GridQubit(5, 2), cirq.GridQubit(6, 2), cirq.GridQubit(6, 3), cirq.GridQubit(7, 3), cirq.GridQubit(7, 4), cirq.GridQubit(8, 4)]
                  [31m(3, 2)[0m
                  │
                  │
         [35m(4, 1)[0m───[31m(4, 2)[0m───[31m(4, 3)[0m
         │        │        │
         │        │        │
(5, 0)───[35m(5, 1)[0m───[35m(5, 2)[0m───[31m(5, 3)[0m───[31m(5, 4)[0m
         │        │        │        │
         │        │        │        │
         (6, 1)───[35m(6, 2)[0m───[35m(6, 3)[0m───[31m(6, 4)[0m───[31m(6, 5)[0m
                  │        │        │        │
                  │        │        │        │
                  (7, 2)───[35m(7, 3)[0m───[35m(7, 4)[0m───[31m(7, 5)[0m───(7, 6)
                           │        │        │
                           │        │        │
                           (8, 3)───[35m(8, 4)[0m───(8, 5)
                                    │
                                    │
                                    (9, 4)
None
Meas types ['onsite0', 'horiz0', 'vert02', 'vert12']
Prepped onsite, pairs=[(0, 8), (1, 9), (2, 10), (3, 11), (4, 12), (5, 13), (6, 14), (7, 15)]
Prepped horiz, pairs=[(0, 1), (2, 3), (4, 5), (6, 7), (8, 9), (10, 11), (12, 13), (14, 15)]
Prepped vert0, pairs=[(1, 2), (3, 4), (5, 6), (9, 10), (11, 12), (13, 14)]
Prepped vert1, pairs=[(1, 2), (3, 4), (5, 6), (9, 10), (11, 12), (13, 14)]
Set recompilation to False
Got pairs set [(10, 11), (5, 6), (3, 11), (5, 13), (8, 9), (4, 12), (6, 14), (1, 2), (6, 7), (7, 15), (12, 13), (4, 5), (2, 10), (9, 10), (2, 3), (1, 9), (14, 15), (0, 8), (11, 12), (0, 1), (13, 14), (3, 4)]
---Starting to do calibration: delta 4.925006371
---Starting to set up measurements: delta 0.9456467960000001
---Starting to run VQE: delta 2.178127583
No optimisation, save file is experiments/4x2_single_U_4_nocc_15_d_1-0915-224739/2x4/processed/processed.json
Given params: [[[[[0.924, 0.94, 0.926, 0.832]]], [[[-0.924, -0.94, -0.926, -0.832]]], [[[0, 0.94, 0.926, 0.832]]], [[[0, -0.94, -0.926, -0.832]]]]]
---Preparing executables
---Running executables, 16 in batch, delta=8.424123545999999
---Extracting values delta=2.093957036999999
---Extracted values delta=70.320871592
===26.55856851677274 26.168042659032892 26.409844846257485 26.123010625396258 1631742548.39687
Computed energies [26.363305587902815], params [[[[0.924, 0.94, 0.926, 0.832]]], [[[-0.924, -0.94, -0.926, -0.832]]], [[[0, 0.94, 0.926, 0.832]]], [[[0, -0.94, -0.926, -0.832]]]]
***26.363305587902815 1631742548.399458
---VQE complete: delta 80.84662841299999
---Starting TFLO
Using saved points
Using params [[[0, 0.785398, 0, 0]], [[0, 0.785398, 0, 1.5708]], [[0, 5.49779, 4.71239, 0.785398]], [[0, 0.785398, 0.785398, 3.14159]], [[0, 5.49779, 3.14159, 1.5708]], [[0, 2.35619, 0, 3.92699]], [[0, 5.49779, 0, 4.71239]], [[0, 1.5708, 5.49779, 3.92699]], [[0, 3.92699, 4.71239, 3.14159]], [[0, 2.35619, 1.5708, 4.71239]], [[0, 3.92699, 4.71239, 3.92699]], [[0, 5.49779, 1.5708, 5.49779]], [[0, 5.49779, 3.14159, 3.92699]], [[0, 2.35619, 2.35619, 4.71239]], [[0, 3.92699, 3.92699, 4.71239]], [[0, 3.14159, 3.92699, 5.49779]], [[0, 0.94, 0.926, 0.832]], [[0.924, 0.94, 0.926, 0.832]], [[0, -0.785398, 0, 0]], [[0, -0.785398, 0, -1.5708]], [[0, -5.49779, -4.71239, -0.785398]], [[0, -0.785398, -0.785398, -3.14159]], [[0, -5.49779, -3.14159, -1.5708]], [[0, -2.35619, 0, -3.92699]], [[0, -5.49779, 0, -4.71239]], [[0, -1.5708, -5.49779, -3.92699]], [[0, -3.92699, -4.71239, -3.14159]], [[0, -2.35619, -1.5708, -4.71239]], [[0, -3.92699, -4.71239, -3.92699]], [[0, -5.49779, -1.5708, -5.49779]], [[0, -5.49779, -3.14159, -3.92699]], [[0, -2.35619, -2.35619, -4.71239]], [[0, -3.92699, -3.92699, -4.71239]], [[0, -3.14159, -3.92699, -5.49779]], [[0, -0.94, -0.926, -0.832]], [[-0.924, -0.94, -0.926, -0.832]]]
---Preparing executables
---Running executables, 144 in batch, delta=77.258088808
---Extracting values delta=10.828085126000019
---Extracted values delta=133.351680845
---Time for noisy calculation: 221.460528151
***TFLON: 26.246478794192868,26.392351609643264,26.62661905689849,26.761562260875767,26.88427524894676,26.884062950562218,27.11806992712884,27.10605264208437,27.280058631553647,27.846679944363775,27.58832622658173,27.77369629296156,28.04899873100349,28.311084439240837,28.114159020518883,28.41152523707308,26.400766374425977,26.553592134614732,26.349950632466722,26.532867606595275,26.55542355803383,26.596342423868897,26.601445803225747,27.06063322529914,27.34723669044406,27.784385074762124,27.64397216292488,28.116242780863168,27.914806686169158,27.878246172737164,28.075938750799963,28.864531446945115,28.598853448664237,28.697326100421282,26.117882123847536,26.161053398968516 1631742773.034614
Noisy energies by type: {'onsite0': array([28., 28., 28., 28., 28., 28., 28., 28., 28., 28., 28., 28., 28.,
       28., 28., 28., 28., 28., 28., 28., 28., 28., 28., 28., 28., 28.,
       28., 28., 28., 28., 28., 28., 28., 28., 28., 28.]), 'horiz0': array([-0.6803748 , -0.64681725, -0.6943675 , -0.51890034, -0.64070796,
       -0.7084063 , -0.65885661, -0.66226913, -0.64889099, -0.03668862,
       -0.5460177 , -0.11908932, -0.00457   ,  0.26100489, -0.16744383,
        0.04940792, -0.67370046, -0.64092277, -0.64355301, -0.68138801,
       -0.7254386 , -0.66821705, -0.66623433, -0.70172684, -0.65831435,
       -0.36872667, -0.36828076, -0.00719424, -0.27015058, -0.12505768,
        0.10139535,  0.48637413,  0.28828829,  0.34433746, -0.75609756,
       -0.77137794]), 'vert02': array([-0.56374881, -0.40584133, -0.5071708 , -0.12093449, -0.24810127,
       -0.11358124, -0.24152365, -0.02573953, -0.27227926,  0.02758913,
       -0.21257237,  0.00166251,  0.04845626,  0.04955681,  0.01002506,
        0.13060278, -0.32681018, -0.25478927, -0.66733367, -0.60202206,
       -0.4697479 , -0.32401525, -0.40585774, -0.09255898, -0.12494896,
       -0.05651998, -0.06902429,  0.13076923,  0.03075644,  0.03775168,
       -0.00206782,  0.19648973,  0.05463576,  0.10865874, -0.56211499,
       -0.52622301]), 'vert12': array([-5.09397590e-01, -5.54989817e-01, -1.71842650e-01, -5.98602902e-01,
       -2.26915521e-01, -2.93949500e-01,  1.84501845e-02, -2.05938697e-01,
        2.01228879e-01, -1.44220573e-01,  3.46916300e-01, -1.08876900e-01,
        5.11247444e-03,  5.22739153e-04,  2.71577790e-01,  2.31514533e-01,
       -5.98722986e-01, -5.50695825e-01, -3.39162692e-01, -1.83722322e-01,
       -2.49389946e-01, -4.11425274e-01, -3.26462128e-01, -1.45080946e-01,
        1.30500000e-01,  2.09631728e-01,  8.12772134e-02, -7.33220530e-03,
        1.54200820e-01, -3.44478217e-02, -2.33887734e-02,  1.81667587e-01,
        2.55929399e-01,  2.44329897e-01, -5.63905325e-01, -5.41345660e-01])}
Using saved exact energies
Data collected can be found at experiments/4x2_single_U_4_nocc_15_d_1-0915-224739/2x4
