{'theta': True, 'zeta': True, 'chi': False, 'gamma': True, 'phi': True, 'time': None}
{'theta': False, 'zeta': False, 'chi': False, 'gamma': False, 'phi': False, 'time': None}
                  (3, 2)
                  │
                  │
         (4, 1)───(4, 2)───(4, 3)
         │        │        │
         │        │        │
(5, 0)───(5, 1)───(5, 2)───(5, 3)───(5, 4)
         │        │        │        │
         │        │        │        │
         (6, 1)───(6, 2)───(6, 3)───(6, 4)───(6, 5)
                  │        │        │        │
                  │        │        │        │
                  (7, 2)───(7, 3)───(7, 4)───(7, 5)───(7, 6)
                           │        │        │
                           │        │        │
                           (8, 3)───(8, 4)───(8, 5)
                                    │
                                    │
                                    (9, 4)
Qubits: 4 2 5 3
Using qubits [cirq.GridQubit(5, 3), cirq.GridQubit(6, 3), cirq.GridQubit(7, 3), cirq.GridQubit(8, 3), cirq.GridQubit(5, 4), cirq.GridQubit(6, 4), cirq.GridQubit(7, 4), cirq.GridQubit(8, 4)]
Using qubits, JW:[cirq.GridQubit(5, 3), cirq.GridQubit(6, 3), cirq.GridQubit(7, 3), cirq.GridQubit(8, 3), cirq.GridQubit(5, 4), cirq.GridQubit(6, 4), cirq.GridQubit(7, 4), cirq.GridQubit(8, 4)]
                  (3, 2)
                  │
                  │
         (4, 1)───(4, 2)───(4, 3)
         │        │        │
         │        │        │
(5, 0)───(5, 1)───(5, 2)───[31m(5, 3)[0m───[35m(5, 4)[0m
         │        │        │        │
         │        │        │        │
         (6, 1)───(6, 2)───[31m(6, 3)[0m───[35m(6, 4)[0m───(6, 5)
                  │        │        │        │
                  │        │        │        │
                  (7, 2)───[31m(7, 3)[0m───[35m(7, 4)[0m───(7, 5)───(7, 6)
                           │        │        │
                           │        │        │
                           [31m(8, 3)[0m───[35m(8, 4)[0m───(8, 5)
                                    │
                                    │
                                    (9, 4)
None
Meas types ['onsite0', 'horiz0', 'horiz1']
Prepped onsite, pairs=[(0, 4), (1, 5), (2, 6), (3, 7)]
Prepped horiz, pairs=[(0, 1), (2, 3), (4, 5), (6, 7)]
Prepped horiz, pairs=[(1, 2), (5, 6)]
Set recompilation to False
Got pairs set [(0, 1), (1, 2), (2, 6), (6, 7), (4, 5), (5, 6), (1, 5), (2, 3), (0, 4), (3, 7)]
---Starting to do calibration: delta 3.8003359000000003
---Starting to set up measurements: delta 0.29458725199999947
---Starting to run VQE: delta 0.54873656
No optimisation, save file is experiments/4x1_single_d2-0916-145706/4x1/processed/processed.json
Given params: [[[[[0.52, 0.451, 0.471], [0.489, 0.511, 0.47]]], [[[-0.52, -0.451, -0.471], [-0.489, -0.511, -0.47]]], [[[0, 0.451, 0.471], [0, 0.511, 0.47]]], [[[0, -0.451, -0.471], [0, -0.511, -0.47]]]]]
---Preparing executables
---Running executables, 12 in batch, delta=1.8199985670000007
---Extracting values delta=2.0257685640000016
---Extracted values delta=40.7338986
===-1.297032079784032 -1.2851334983903757 -1.2824666782544405 -1.2754305931592906 1631800675.715502
Computed energies [-1.2910827890872039], params [[[[0.52, 0.451, 0.471], [0.489, 0.511, 0.47]]], [[[-0.52, -0.451, -0.471], [-0.489, -0.511, -0.47]]], [[[0, 0.451, 0.471], [0, 0.511, 0.47]]], [[[0, -0.451, -0.471], [0, -0.511, -0.47]]]]
***-1.2910827890872039 1631800675.720275
---VQE complete: delta 44.586704391
---Starting TFLO
Using saved points
Using params [[[0, 3.18362, 6.2764], [0, 3.8246, 5.84549]], [[0, 2.6901, 2.99716], [0, 3.34154, 1.63886]], [[0, 0.841172, 0.857071], [0, 2.83507, 0.132099]], [[0, 0.919596, 3.58906], [0, 2.34207, 4.81843]], [[0, 2.02167, 0.711094], [0, 2.87848, 1.92383]], [[0, 3.07888, 1.31344], [0, 4.01245, 3.64854]], [[0, 5.49346, 5.73656], [0, 1.32223, 3.05705]], [[0, 5.44561, 1.68616], [0, 5.99541, 0.440987]], [[0, 5.75192, 6.00118], [0, 4.30115, 3.98124]], [[0, 3.7131, 0.592184], [0, 4.51095, 4.07368]], [[0, 2.7152, 1.86577], [0, 0.588014, 2.06039]], [[0, 2.57569, 4.7256], [0, 3.85901, 0.371302]], [[0, 4.65032, 0.953688], [0, 4.94274, 3.13591]], [[0, 0.299448, 3.22459], [0, 4.5425, 2.32293]], [[0, 5.54704, 4.13572], [0, 4.5425, 2.32293]], [[0, 4.016, 5.5268], [0, 4.80713, 0.271348]], [[0, 0.451, 0.471], [0, 0.511, 0.47]], [[0.52, 0.451, 0.471], [0.489, 0.511, 0.47]], [[0, -3.18362, -6.2764], [0, -3.8246, -5.84549]], [[0, -2.6901, -2.99716], [0, -3.34154, -1.63886]], [[0, -0.841172, -0.857071], [0, -2.83507, -0.132099]], [[0, -0.919596, -3.58906], [0, -2.34207, -4.81843]], [[0, -2.02167, -0.711094], [0, -2.87848, -1.92383]], [[0, -3.07888, -1.31344], [0, -4.01245, -3.64854]], [[0, -5.49346, -5.73656], [0, -1.32223, -3.05705]], [[0, -5.44561, -1.68616], [0, -5.99541, -0.440987]], [[0, -5.75192, -6.00118], [0, -4.30115, -3.98124]], [[0, -3.7131, -0.592184], [0, -4.51095, -4.07368]], [[0, -2.7152, -1.86577], [0, -0.588014, -2.06039]], [[0, -2.57569, -4.7256], [0, -3.85901, -0.371302]], [[0, -4.65032, -0.953688], [0, -4.94274, -3.13591]], [[0, -0.299448, -3.22459], [0, -4.5425, -2.32293]], [[0, -5.54704, -4.13572], [0, -4.5425, -2.32293]], [[0, -4.016, -5.5268], [0, -4.80713, -0.271348]], [[0, -0.451, -0.471], [0, -0.511, -0.47]], [[-0.52, -0.451, -0.471], [-0.489, -0.511, -0.47]]]
---Preparing executables
---Running executables, 108 in batch, delta=19.418565179999995
---Extracting values delta=2.745957019000002
---Extracted values delta=69.382387049
---Time for noisy calculation: 91.558201037
***TFLON: -1.305628158837959,-1.1357288580026366,-0.9757243483313296,-1.0144407399038524,-0.8978071282294906,-0.7138694132060734,-0.6108499538167442,-0.9529145907080239,-0.1657776060943871,-0.33686550695360573,-0.49777793590444674,-0.04412229049301128,-0.029700756254352374,0.13571306886880943,0.4475706447268504,0.6822713798395198,-1.2587581131019319,-1.2611614406519636,-1.2706006944383061,-1.1480152879216001,-1.0943012156958996,-1.020263488381412,-0.8129225839943661,-0.6036872892038212,-0.6583933379141871,-0.28106547070843324,-0.5021788794077788,-0.013799671741927921,-0.0671624263178674,0.08156362874498307,0.29734802796259546,0.4363337258294811,0.4083045987010909,0.2809975929295801,-1.2611401591798193,-1.2651429939265593 1631800767.285825
Noisy energies by type: {'onsite0': array([0., 0., 0., 0., 0., 0., 0., 0., 0., 0., 0., 0., 0., 0., 0., 0., 0.,
       0., 0., 0., 0., 0., 0., 0., 0., 0., 0., 0., 0., 0., 0., 0., 0., 0.,
       0., 0.]), 'horiz0': array([-0.87031019, -0.74372656, -0.8427825 , -0.49833992, -0.5409545 ,
       -0.45089286, -0.10412114, -0.51103923,  0.03752694, -0.13403603,
       -0.13419023,  0.18592229,  0.00488716,  0.15994902,  0.48680012,
        0.88105223, -0.78318014, -0.78136817, -0.73094915, -0.75377531,
       -0.92676947, -0.48592538, -0.4740167 , -0.34113712, -0.40201452,
        0.20537032, -0.11458257,  0.02827059,  0.37023775,  0.25820618,
        0.26251897,  0.4510933 ,  0.58265747,  0.64226091, -0.73066667,
       -0.73753943]), 'horiz1': array([-0.43531797, -0.39200229, -0.13294185, -0.51610082, -0.35685263,
       -0.26297656, -0.50672882, -0.44187536, -0.20330454, -0.20282947,
       -0.3635877 , -0.23004459, -0.03458792, -0.02423595, -0.03922947,
       -0.19878085, -0.47557797, -0.47979327, -0.53965155, -0.39423998,
       -0.16753174, -0.53433811, -0.33890589, -0.26255017, -0.25637882,
       -0.48643579, -0.38759631, -0.04207026, -0.43740018, -0.17664255,
        0.03482906, -0.01475957, -0.17435287, -0.36126332, -0.53047349,
       -0.52760356])}
Using saved exact energies
Data collected can be found at experiments/4x1_single_d2-0916-145706/4x1
