{'theta': True, 'zeta': True, 'chi': False, 'gamma': True, 'phi': True, 'time': None}
{'theta': False, 'zeta': False, 'chi': False, 'gamma': False, 'phi': False, 'time': None}
                  (3, 2)
                  │
                  │
         (4, 1)───(4, 2)───(4, 3)
         │        │        │
         │        │        │
(5, 0)───(5, 1)───(5, 2)───(5, 3)───(5, 4)
         │        │        │        │
         │        │        │        │
         (6, 1)───(6, 2)───(6, 3)───(6, 4)───(6, 5)
                  │        │        │        │
                  │        │        │        │
                  (7, 2)───(7, 3)───(7, 4)───(7, 5)───(7, 6)
                           │        │        │
                           │        │        │
                           (8, 3)───(8, 4)───(8, 5)
                                    │
                                    │
                                    (9, 4)
Start at: (3, 2), with dr
Using qubits [cirq.GridQubit(3, 2), cirq.GridQubit(4, 2), cirq.GridQubit(4, 3), cirq.GridQubit(5, 3), cirq.GridQubit(5, 4), cirq.GridQubit(6, 4), cirq.GridQubit(6, 5), cirq.GridQubit(7, 5), cirq.GridQubit(4, 1), cirq.GridQubit(5, 1), cirq.GridQubit(5, 2), cirq.GridQubit(6, 2), cirq.GridQubit(6, 3), cirq.GridQubit(7, 3), cirq.GridQubit(7, 4), cirq.GridQubit(8, 4)]
Using qubits, JW:[cirq.GridQubit(3, 2), cirq.GridQubit(4, 2), cirq.GridQubit(4, 3), cirq.GridQubit(5, 3), cirq.GridQubit(5, 4), cirq.GridQubit(6, 4), cirq.GridQubit(6, 5), cirq.GridQubit(7, 5), cirq.GridQubit(4, 1), cirq.GridQubit(5, 1), cirq.GridQubit(5, 2), cirq.GridQubit(6, 2), cirq.GridQubit(6, 3), cirq.GridQubit(7, 3), cirq.GridQubit(7, 4), cirq.GridQubit(8, 4)]
                  [31m(3, 2)[0m
                  │
                  │
         [35m(4, 1)[0m───[31m(4, 2)[0m───[31m(4, 3)[0m
         │        │        │
         │        │        │
(5, 0)───[35m(5, 1)[0m───[35m(5, 2)[0m───[31m(5, 3)[0m───[31m(5, 4)[0m
         │        │        │        │
         │        │        │        │
         (6, 1)───[35m(6, 2)[0m───[35m(6, 3)[0m───[31m(6, 4)[0m───[31m(6, 5)[0m
                  │        │        │        │
                  │        │        │        │
                  (7, 2)───[35m(7, 3)[0m───[35m(7, 4)[0m───[31m(7, 5)[0m───(7, 6)
                           │        │        │
                           │        │        │
                           (8, 3)───[35m(8, 4)[0m───(8, 5)
                                    │
                                    │
                                    (9, 4)
None
Meas types ['onsite0', 'horiz0', 'vert02', 'vert12']
Prepped onsite, pairs=[(0, 8), (1, 9), (2, 10), (3, 11), (4, 12), (5, 13), (6, 14), (7, 15)]
Prepped horiz, pairs=[(0, 1), (2, 3), (4, 5), (6, 7), (8, 9), (10, 11), (12, 13), (14, 15)]
Prepped vert0, pairs=[(1, 2), (3, 4), (5, 6), (9, 10), (11, 12), (13, 14)]
Prepped vert1, pairs=[(1, 2), (3, 4), (5, 6), (9, 10), (11, 12), (13, 14)]
Set recompilation to False
Got pairs set [(10, 11), (5, 6), (3, 11), (5, 13), (8, 9), (4, 12), (6, 14), (1, 2), (6, 7), (7, 15), (12, 13), (4, 5), (2, 10), (9, 10), (2, 3), (1, 9), (14, 15), (0, 8), (11, 12), (0, 1), (13, 14), (3, 4)]
---Starting to do calibration: delta 3.4463028940000004
---Starting to set up measurements: delta 0.8705820180000003
---Starting to run VQE: delta 2.279800218
No optimisation, save file is experiments/4x2_single_U_8_nocc_9_d_1-0919-233354/2x4/processed/processed.json
Given params: [[[[[0.919, 0.556, 0.45, 0.561]]], [[[-0.919, -0.556, -0.45, -0.561]]], [[[0, 0.556, 0.45, 0.561]]], [[[0, -0.556, -0.45, -0.561]]]]]
---Preparing executables
---Running executables, 16 in batch, delta=8.922377917
---Extracting values delta=3.8253967659999972
---Extracted values delta=76.790615428
===12.450959594531945 11.371421943390768 14.652098556182745 14.504614373986863 1632090930.959933
Computed energies [11.911190768961356], params [[[[0.919, 0.556, 0.45, 0.561]]], [[[-0.919, -0.556, -0.45, -0.561]]], [[[0, 0.556, 0.45, 0.561]]], [[[0, -0.556, -0.45, -0.561]]]]
***11.911190768961356 1632090930.961809
---VQE complete: delta 89.54533041900001
---Starting TFLO
Using saved points
Using params [[[0, 0, 0, 0]], [[0, 0, 1.5708, 0]], [[0, 3.14159, 3.14159, 0]], [[0, 4.71239, 3.92699, 0.785398]], [[0, 0, 3.14159, 1.5708]], [[0, 3.14159, 3.92699, 1.5708]], [[0, 3.14159, 0, 3.92699]], [[0, 3.14159, 1.5708, 3.92699]], [[0, 0.785398, 5.49779, 3.92699]], [[0, 0, 4.71239, 3.14159]], [[0, 3.14159, 5.49779, 5.49779]], [[0, 0, 4.71239, 3.92699]], [[0, 5.49779, 3.14159, 3.92699]], [[0, 3.92699, 4.71239, 5.49779]], [[0, 5.49779, 2.35619, 5.49779]], [[0, 4.71239, 3.92699, 5.49779]], [[0, 0.556, 0.45, 0.561]], [[0.919, 0.556, 0.45, 0.561]], [[0, 0, 0, 0]], [[0, 0, -1.5708, 0]], [[0, -3.14159, -3.14159, 0]], [[0, -4.71239, -3.92699, -0.785398]], [[0, 0, -3.14159, -1.5708]], [[0, -3.14159, -3.92699, -1.5708]], [[0, -3.14159, 0, -3.92699]], [[0, -3.14159, -1.5708, -3.92699]], [[0, -0.785398, -5.49779, -3.92699]], [[0, 0, -4.71239, -3.14159]], [[0, -3.14159, -5.49779, -5.49779]], [[0, 0, -4.71239, -3.92699]], [[0, -5.49779, -3.14159, -3.92699]], [[0, -3.92699, -4.71239, -5.49779]], [[0, -5.49779, -2.35619, -5.49779]], [[0, -4.71239, -3.92699, -5.49779]], [[0, -0.556, -0.45, -0.561]], [[-0.919, -0.556, -0.45, -0.561]]]
---Preparing executables
---Running executables, 144 in batch, delta=79.02459067000001
---Extracting values delta=9.277162667999988
---Extracted values delta=146.034024119
---Time for noisy calculation: 234.36279825
***TFLON: 14.747111805812333,15.118997951717729,15.20902878245293,16.065095274901473,16.447246272355912,16.737394138241346,17.04816241359697,18.218049033441645,17.991607857888404,19.292620285350637,19.72688501866504,20.598871443724516,21.95259562439569,21.84388509010586,23.224969912757334,23.578193455780237,14.572484021795095,12.338347908675546,14.503332860838775,14.682933029866465,15.377864690069083,14.918400818470035,16.691842982469975,17.34632321423273,17.57880115664358,18.865986634368618,19.647325809958737,20.090631939602645,20.139297665960118,21.421249201349475,21.299586261397344,22.262279617911837,23.34354026448861,24.103889687531115,14.508024728476032,11.316186328126792 1632091168.2359529
Noisy energies by type: {'onsite0': array([20.31490446, 20.30884718, 20.07940684, 20.64978255, 20.17253242,
       20.21410705, 20.50151763, 20.27974569, 19.831477  , 20.22233057,
       20.26679371, 20.29723167, 20.60694343, 20.09554297, 20.33254157,
       20.11624583, 20.47589646, 16.68737864, 20.22184217, 20.373436  ,
       20.01564027, 19.32959851, 20.09059577, 20.21860578, 19.92762836,
       20.16722729, 20.52510016, 20.06418122, 20.43843284, 20.19981326,
       19.4722542 , 20.28829664, 20.27034483, 20.19127595, 20.47400468,
       16.261379  ]), 'horiz0': array([-2.12745849, -2.10262659, -2.14300359, -2.02828175, -1.57594235,
       -1.49545573, -2.19813862, -0.67659574, -1.75735479, -1.14820322,
       -1.57321773, -0.75012723,  0.62503154, -0.05568153,  1.23364724,
        1.23556464, -2.152207  , -1.44697545, -2.18492284, -2.13790542,
       -2.00178617, -2.06125425, -1.46900407, -1.628125  , -2.00077061,
       -0.70699672, -1.61838853, -0.90833543, -1.49642945, -0.4714535 ,
        0.78526721, -0.0347567 ,  1.29854369,  1.38345673, -2.21709402,
       -2.03943329]), 'vert02': array([-1.96736842, -1.69949562, -1.40715884, -1.45167095, -1.05909213,
       -1.27089479, -0.69076778, -0.24557204, -0.54733587, -0.62182327,
        0.294505  , -0.13286876,  0.27379525,  0.55483271,  1.05316926,
        0.89170665, -1.99747793, -1.5894156 , -1.97736419, -1.72199068,
       -1.44518354, -1.4248182 , -0.96707628, -0.93301663, -0.07416625,
        0.26135553,  0.07019164, -0.16281221,  0.63498818,  0.33548685,
        0.71264108,  0.88526098,  1.2114041 ,  1.20090498, -1.85614793,
       -1.5359752 ]), 'vert12': array([-1.47296574, -1.38772702, -1.32021563, -1.10473458, -1.09025166,
       -0.7103624 , -0.56444881, -1.13952886,  0.46482152,  0.84031621,
        0.73880404,  1.18463576,  0.4468254 ,  1.24919094,  0.60561185,
        1.33467634, -1.75372751, -1.31263968, -1.55622228, -1.83060686,
       -1.19080587, -0.92512523, -0.96267244, -0.31114094, -0.27389034,
       -0.85559947,  0.67042254,  1.09759836,  0.5623061 ,  1.3574026 ,
        0.32942376,  1.1234787 ,  0.56324765,  1.32825203, -1.892738  ,
       -1.36978417])}
Using saved exact energies
Data collected can be found at experiments/4x2_single_U_8_nocc_9_d_1-0919-233354/2x4
