{'theta': True, 'zeta': True, 'chi': False, 'gamma': True, 'phi': True, 'time': None}
{'theta': False, 'zeta': False, 'chi': False, 'gamma': False, 'phi': False, 'time': None}
                  (3, 2)
                  │
                  │
         (4, 1)───(4, 2)───(4, 3)
         │        │        │
         │        │        │
(5, 0)───(5, 1)───(5, 2)───(5, 3)───(5, 4)
         │        │        │        │
         │        │        │        │
         (6, 1)───(6, 2)───(6, 3)───(6, 4)───(6, 5)
                  │        │        │        │
                  │        │        │        │
                  (7, 2)───(7, 3)───(7, 4)───(7, 5)───(7, 6)
                           │        │        │
                           │        │        │
                           (8, 3)───(8, 4)───(8, 5)
                                    │
                                    │
                                    (9, 4)
Start at: (3, 2), with dr
Using qubits [cirq.GridQubit(3, 2), cirq.GridQubit(4, 2), cirq.GridQubit(4, 3), cirq.GridQubit(5, 3), cirq.GridQubit(5, 4), cirq.GridQubit(6, 4), cirq.GridQubit(6, 5), cirq.GridQubit(7, 5), cirq.GridQubit(4, 1), cirq.GridQubit(5, 1), cirq.GridQubit(5, 2), cirq.GridQubit(6, 2), cirq.GridQubit(6, 3), cirq.GridQubit(7, 3), cirq.GridQubit(7, 4), cirq.GridQubit(8, 4)]
Using qubits, JW:[cirq.GridQubit(3, 2), cirq.GridQubit(4, 2), cirq.GridQubit(4, 3), cirq.GridQubit(5, 3), cirq.GridQubit(5, 4), cirq.GridQubit(6, 4), cirq.GridQubit(6, 5), cirq.GridQubit(7, 5), cirq.GridQubit(4, 1), cirq.GridQubit(5, 1), cirq.GridQubit(5, 2), cirq.GridQubit(6, 2), cirq.GridQubit(6, 3), cirq.GridQubit(7, 3), cirq.GridQubit(7, 4), cirq.GridQubit(8, 4)]
                  [31m(3, 2)[0m
                  │
                  │
         [35m(4, 1)[0m───[31m(4, 2)[0m───[31m(4, 3)[0m
         │        │        │
         │        │        │
(5, 0)───[35m(5, 1)[0m───[35m(5, 2)[0m───[31m(5, 3)[0m───[31m(5, 4)[0m
         │        │        │        │
         │        │        │        │
         (6, 1)───[35m(6, 2)[0m───[35m(6, 3)[0m───[31m(6, 4)[0m───[31m(6, 5)[0m
                  │        │        │        │
                  │        │        │        │
                  (7, 2)───[35m(7, 3)[0m───[35m(7, 4)[0m───[31m(7, 5)[0m───(7, 6)
                           │        │        │
                           │        │        │
                           (8, 3)───[35m(8, 4)[0m───(8, 5)
                                    │
                                    │
                                    (9, 4)
None
Meas types ['onsite0', 'horiz0', 'vert02', 'vert12']
Prepped onsite, pairs=[(0, 8), (1, 9), (2, 10), (3, 11), (4, 12), (5, 13), (6, 14), (7, 15)]
Prepped horiz, pairs=[(0, 1), (2, 3), (4, 5), (6, 7), (8, 9), (10, 11), (12, 13), (14, 15)]
Prepped vert0, pairs=[(1, 2), (3, 4), (5, 6), (9, 10), (11, 12), (13, 14)]
Prepped vert1, pairs=[(1, 2), (3, 4), (5, 6), (9, 10), (11, 12), (13, 14)]
Set recompilation to False
Got pairs set [(10, 11), (5, 6), (3, 11), (5, 13), (8, 9), (4, 12), (6, 14), (1, 2), (6, 7), (7, 15), (12, 13), (4, 5), (2, 10), (9, 10), (2, 3), (1, 9), (14, 15), (0, 8), (11, 12), (0, 1), (13, 14), (3, 4)]
---Starting to do calibration: delta 3.3683500660000005
---Starting to set up measurements: delta 0.8509177780000012
---Starting to run VQE: delta 2.2605942920000004
No optimisation, save file is experiments/4x2_single_U_8_nocc_12_d_1-0919-210241/2x4/processed/processed.json
Given params: [[[[[0.723, 0.474, 0.549, 0.253]]], [[[-0.723, -0.474, -0.549, -0.253]]], [[[0, 0.474, 0.549, 0.253]]], [[[0, -0.474, -0.549, -0.253]]]]]
---Preparing executables
---Running executables, 16 in batch, delta=8.669279622000001
---Extracting values delta=2.5675891629999974
---Extracted values delta=69.852207443
===28.97104433502549 28.51856776646417 29.74285407600079 30.228726434978206 1632081848.6923678
Computed energies [28.744806050744828], params [[[[0.723, 0.474, 0.549, 0.253]]], [[[-0.723, -0.474, -0.549, -0.253]]], [[[0, 0.474, 0.549, 0.253]]], [[[0, -0.474, -0.549, -0.253]]]]
***28.744806050744828 1632081848.6941729
---VQE complete: delta 81.097167809
---Starting TFLO
Using saved points
Using params [[[0, 4.71239, 0, 0]], [[0, 0, 0, 1.5708]], [[0, 3.14159, 4.71239, 0.785398]], [[0, 1.5708, 0.785398, 3.14159]], [[0, 3.14159, 3.14159, 1.5708]], [[0, 0.785398, 0, 3.92699]], [[0, 0, 0, 4.71239]], [[0, 3.14159, 5.49779, 3.92699]], [[0, 1.5708, 4.71239, 3.14159]], [[0, 0, 1.5708, 4.71239]], [[0, 1.5708, 4.71239, 3.92699]], [[0, 3.14159, 1.5708, 5.49779]], [[0, 3.14159, 3.14159, 3.92699]], [[0, 5.49779, 2.35619, 4.71239]], [[0, 2.35619, 3.92699, 4.71239]], [[0, 5.49779, 3.92699, 5.49779]], [[0, 0.474, 0.549, 0.253]], [[0.723, 0.474, 0.549, 0.253]], [[0, -4.71239, 0, 0]], [[0, 0, 0, -1.5708]], [[0, -3.14159, -4.71239, -0.785398]], [[0, -1.5708, -0.785398, -3.14159]], [[0, -3.14159, -3.14159, -1.5708]], [[0, -0.785398, 0, -3.92699]], [[0, 0, 0, -4.71239]], [[0, -3.14159, -5.49779, -3.92699]], [[0, -1.5708, -4.71239, -3.14159]], [[0, 0, -1.5708, -4.71239]], [[0, -1.5708, -4.71239, -3.92699]], [[0, -3.14159, -1.5708, -5.49779]], [[0, -3.14159, -3.14159, -3.92699]], [[0, -5.49779, -2.35619, -4.71239]], [[0, -2.35619, -3.92699, -4.71239]], [[0, -5.49779, -3.92699, -5.49779]], [[0, -0.474, -0.549, -0.253]], [[-0.723, -0.474, -0.549, -0.253]]]
---Preparing executables
---Running executables, 144 in batch, delta=84.822910674
---Extracting values delta=8.239764119
---Extracted values delta=151.182895018
---Time for noisy calculation: 244.26966909499998
***TFLON: 29.91472581984,30.64724220208044,31.116810591592834,32.619260564801095,32.45614963737904,32.97580131666993,34.414305035142064,35.03943563963841,35.59344669999999,36.73407459616846,37.1492762405095,38.271375091986414,38.52329465830315,38.99844893962742,40.65604860793246,41.29054810312237,29.736405104835015,28.828330269253442,29.818961102820694,30.510973351122296,31.552077933034155,32.596486932477,32.98585913300704,34.12175485249734,34.466922971361384,35.01746081192986,35.95046184376374,36.57734902138671,37.200079168458686,37.8965765215376,38.52011569385766,38.3860982014824,39.91467118673709,40.708555881483456,30.142414493759908,28.568331957940934 1632082095.9158762
Noisy energies by type: {'onsite0': array([36.04519774, 35.91952956, 36.02681434, 36.38481302, 36.00106129,
       35.56264237, 36.11195335, 36.05797101, 35.82206817, 36.19337185,
       36.1076653 , 36.26652221, 36.01500536, 36.32      , 36.53824679,
       36.35667396, 35.81984104, 33.88963504, 36.02064656, 35.9568604 ,
       36.20492041, 35.76498945, 36.05657042, 36.51654466, 36.0869068 ,
       35.9849319 , 36.05454545, 35.9372549 , 35.97889475, 36.03290247,
       35.93370166, 35.72031807, 35.87216734, 35.53507853, 36.14128822,
       34.21026352]), 'horiz0': array([-3.07525746, -2.87944664, -2.94978229, -2.47085789, -2.14036077,
       -2.97162913, -2.96217852, -2.44181926, -1.47786537, -0.43590615,
       -0.98891626, -0.10945576,  0.89583333,  1.11076637,  1.25419735,
        1.79302257, -2.9984051 , -2.39290241, -3.08413392, -3.03081414,
       -2.80047647, -2.32101167, -1.95650842, -2.88189467, -2.95659982,
       -2.36508912, -1.34078906, -0.5157152 , -0.79752322, -0.26168831,
        1.11862203,  1.17936555,  1.37939859,  2.03450259, -2.99490316,
       -2.9526971 ]), 'vert02': array([-1.59896823e+00, -1.35851284e+00, -1.07882320e+00, -1.34192792e-01,
       -6.20876149e-01,  2.06380028e-01,  5.99028294e-01,  5.21236637e-01,
        1.75035461e-01,  9.59924859e-01,  6.85231366e-01,  1.20944277e+00,
        7.98022976e-01,  1.08032345e+00,  1.28777960e+00,  1.58543715e+00,
       -1.59962049e+00, -1.42472942e+00, -1.53148469e+00, -1.19270534e+00,
       -1.04617254e+00, -1.46327188e-03, -5.93668313e-01,  2.55580996e-01,
        6.34974533e-01,  4.92103779e-01,  1.02034967e-01,  1.00141884e+00,
        5.88660688e-01,  1.18482718e+00,  7.23002005e-01,  1.09731183e+00,
        1.06038717e+00,  1.45665349e+00, -1.50154416e+00, -1.45273767e+00]), 'vert12': array([-1.45624623, -1.03432788, -0.88139825, -1.16050177, -0.78367474,
        0.17840805,  0.66550191,  0.90204724,  1.07420844,  0.01668405,
        1.34529583,  0.90486588,  0.81443299,  0.48735912,  1.57582487,
        1.55541442, -1.48541033, -1.24367294, -1.58606685, -1.22236756,
       -0.80619346, -0.84602758, -0.52053455,  0.23152387,  0.70164145,
        0.90551425,  1.13467049,  0.15439048,  1.43004695,  0.94053518,
        0.74479   ,  0.38910275,  1.60271808,  1.68232127, -1.5024264 ,
       -1.2364968 ])}
Using saved exact energies
Data collected can be found at experiments/4x2_single_U_8_nocc_12_d_1-0919-210241/2x4
