{'theta': True, 'zeta': True, 'chi': False, 'gamma': True, 'phi': True, 'time': None}
{'theta': False, 'zeta': False, 'chi': False, 'gamma': False, 'phi': False, 'time': None}
                  (3, 2)
                  │
                  │
         (4, 1)───(4, 2)───(4, 3)
         │        │        │
         │        │        │
(5, 0)───(5, 1)───(5, 2)───(5, 3)───(5, 4)
         │        │        │        │
         │        │        │        │
         (6, 1)───(6, 2)───(6, 3)───(6, 4)───(6, 5)
                  │        │        │        │
                  │        │        │        │
                  (7, 2)───(7, 3)───(7, 4)───(7, 5)───(7, 6)
                           │        │        │
                           │        │        │
                           (8, 3)───(8, 4)───(8, 5)
                                    │
                                    │
                                    (9, 4)
Start at: (3, 2), with dr
Using qubits [cirq.GridQubit(3, 2), cirq.GridQubit(4, 2), cirq.GridQubit(4, 3), cirq.GridQubit(5, 3), cirq.GridQubit(5, 4), cirq.GridQubit(6, 4), cirq.GridQubit(6, 5), cirq.GridQubit(7, 5), cirq.GridQubit(4, 1), cirq.GridQubit(5, 1), cirq.GridQubit(5, 2), cirq.GridQubit(6, 2), cirq.GridQubit(6, 3), cirq.GridQubit(7, 3), cirq.GridQubit(7, 4), cirq.GridQubit(8, 4)]
Using qubits, JW:[cirq.GridQubit(3, 2), cirq.GridQubit(4, 2), cirq.GridQubit(4, 3), cirq.GridQubit(5, 3), cirq.GridQubit(5, 4), cirq.GridQubit(6, 4), cirq.GridQubit(6, 5), cirq.GridQubit(7, 5), cirq.GridQubit(4, 1), cirq.GridQubit(5, 1), cirq.GridQubit(5, 2), cirq.GridQubit(6, 2), cirq.GridQubit(6, 3), cirq.GridQubit(7, 3), cirq.GridQubit(7, 4), cirq.GridQubit(8, 4)]
                  [31m(3, 2)[0m
                  │
                  │
         [35m(4, 1)[0m───[31m(4, 2)[0m───[31m(4, 3)[0m
         │        │        │
         │        │        │
(5, 0)───[35m(5, 1)[0m───[35m(5, 2)[0m───[31m(5, 3)[0m───[31m(5, 4)[0m
         │        │        │        │
         │        │        │        │
         (6, 1)───[35m(6, 2)[0m───[35m(6, 3)[0m───[31m(6, 4)[0m───[31m(6, 5)[0m
                  │        │        │        │
                  │        │        │        │
                  (7, 2)───[35m(7, 3)[0m───[35m(7, 4)[0m───[31m(7, 5)[0m───(7, 6)
                           │        │        │
                           │        │        │
                           (8, 3)───[35m(8, 4)[0m───(8, 5)
                                    │
                                    │
                                    (9, 4)
None
Meas types ['onsite0', 'horiz0', 'horiz1']
Prepped onsite, pairs=[(0, 8), (1, 9), (2, 10), (3, 11), (4, 12), (5, 13), (6, 14), (7, 15)]
Prepped horiz, pairs=[(0, 1), (2, 3), (4, 5), (6, 7), (8, 9), (10, 11), (12, 13), (14, 15)]
Prepped horiz, pairs=[(1, 2), (3, 4), (5, 6), (9, 10), (11, 12), (13, 14)]
Set recompilation to False
Got pairs set [(10, 11), (5, 6), (3, 11), (5, 13), (8, 9), (4, 12), (6, 14), (1, 2), (6, 7), (7, 15), (12, 13), (4, 5), (2, 10), (9, 10), (2, 3), (1, 9), (14, 15), (0, 8), (11, 12), (0, 1), (13, 14), (3, 4)]
---Starting to do calibration: delta 3.5092158390000012
---Starting to set up measurements: delta 0.6541096790000012
---Starting to run VQE: delta 1.2328489980000015
No optimisation, save file is experiments/8x1_single_zz_x_U_8_nocc_6_d_1-0915-005714/8x1/processed/processed.json
Given params: [[[[[0.92, 0.623, 0.597]]], [[[-0.92, -0.623, -0.597]]], [[[0, 0.623, 0.597]]], [[[0, -0.623, -0.597]]]]]
---Preparing executables
---Running executables, 12 in batch, delta=5.091124443000002
---Extracting values delta=2.2699859260000004
---Extracted values delta=50.904117793000005
===0.2008475027024368 -0.1790551730276575 2.6963200827167815 3.606619609923631 1631663898.016543
Computed energies [0.010896164837389644], params [[[[0.92, 0.623, 0.597]]], [[[-0.92, -0.623, -0.597]]], [[[0, 0.623, 0.597]]], [[[0, -0.623, -0.597]]]]
***0.010896164837389644 1631663898.0186582
---VQE complete: delta 58.270601365000005
---Starting TFLO
Using saved points
Using params [[[0, 0, 0]], [[0, 0, 0.785398]], [[0, 0.785398, 1.5708]], [[0, 4.71239, 0]], [[0, 0.785398, 2.35619]], [[0, 3.92699, 0]], [[0, 2.35619, 1.5708]], [[0, 5.49779, 1.5708]], [[0, 0.785398, 3.14159]], [[0, 0, 5.49779]], [[0, 5.49779, 4.71239]], [[0, 5.49779, 3.14159]], [[0, 4.71239, 4.71239]], [[0, 4.71239, 3.92699]], [[0, 3.92699, 2.35619]], [[0, 3.14159, 3.14159]], [[0, 0.623, 0.597]], [[0.92, 0.623, 0.597]], [[0, 0, 0]], [[0, 0, -0.785398]], [[0, -0.785398, -1.5708]], [[0, -4.71239, 0]], [[0, -0.785398, -2.35619]], [[0, -3.92699, 0]], [[0, -2.35619, -1.5708]], [[0, -5.49779, -1.5708]], [[0, -0.785398, -3.14159]], [[0, 0, -5.49779]], [[0, -5.49779, -4.71239]], [[0, -5.49779, -3.14159]], [[0, -4.71239, -4.71239]], [[0, -4.71239, -3.92699]], [[0, -3.92699, -2.35619]], [[0, -3.14159, -3.14159]], [[0, -0.623, -0.597]], [[-0.92, -0.623, -0.597]]]
---Preparing executables
---Running executables, 108 in batch, delta=45.999796923000005
---Extracting values delta=5.609771107
---Extracted values delta=109.63800213799999
---Time for noisy calculation: 161.26568066700003
***TFLON: 3.11987262128614,3.4427450424997676,2.9212914956073908,4.192317666137811,3.7747667198864354,4.343516371017832,6.353483476477058,6.552879609016197,5.364460909814353,7.756610040230932,8.540174331311501,8.663739306720933,8.888549234871965,9.506643776716354,8.521521737438876,9.82687552180583,2.58847290767577,0.07383117729760058,3.0438010310467023,3.5179409715323824,4.311282674052743,4.461614886458303,5.854950552733997,6.247264563407336,4.873478115045778,5.7449422338408285,7.333265749564302,7.733256833331531,7.056951484705327,7.02507842997546,8.74140167945898,8.792010447895224,10.039861773583665,9.640063503166408,3.6301595233213355,-0.30700622971029357 1631664061.3466969
Noisy energies by type: {'onsite0': array([ 9.2270573 ,  9.25833668,  8.58888889,  9.1492222 ,  8.22571544,
        8.24775378,  9.76475311,  9.83900681,  8.21652191,  9.10887841,
        9.69430569,  9.86261305,  9.22817118,  9.48739822,  8.38282016,
        9.24454738,  8.6275122 ,  4.28158149,  9.05164319,  8.96175787,
        9.71054783,  9.12209889,  9.91417207, 10.02306292,  8.54870775,
        8.51261188,  9.99224964,  9.31915781,  8.58889783,  8.24440895,
        9.24635947,  8.92975533,  9.9110668 ,  9.26886792,  9.76551724,
        4.75594295]), 'horiz0': array([-3.53076458, -3.24154397, -3.52382997, -3.73753695, -2.33669129,
       -3.69161738, -3.3403119 , -1.14526503, -0.6829058 ,  1.22043133,
        1.04190598,  0.94704729,  0.91680815,  1.21584984,  0.32448759,
        0.28332287, -3.7859589 , -2.47025031, -3.45826709, -2.8872549 ,
       -3.22343434, -3.58475426, -1.94887526, -3.67210372, -3.50775879,
       -0.68175273, -0.50895302,  0.9436459 ,  0.59548872,  0.86819728,
        0.5780446 ,  0.90936819,  0.24440762,  0.06055473, -3.79645653,
       -3.21027668]), 'horiz1': array([-2.57642011, -2.57404767, -2.14376742, -1.21936759, -2.11425743,
       -0.21262003, -0.07095774, -2.14086217, -2.16915521, -2.5726997 ,
       -2.19603734, -2.14592103, -1.25643009, -1.19660428, -0.18578602,
        0.29900527, -2.25308038, -1.7375    , -2.54957507, -2.556562  ,
       -2.17583082, -1.07572974, -2.11034627, -0.10369463, -0.16747085,
       -2.08591692, -2.15003087, -2.52954688, -2.12743506, -2.08752779,
       -1.08300238, -1.04711307, -0.11561265,  0.31064085, -2.33890119,
       -1.8526725 ])}
Using saved exact energies
Data collected can be found at experiments/8x1_single_zz_x_U_8_nocc_6_d_1-0915-005714/8x1
