{'theta': True, 'zeta': True, 'chi': False, 'gamma': True, 'phi': True, 'time': None}
{'theta': False, 'zeta': False, 'chi': False, 'gamma': False, 'phi': False, 'time': None}
Start at: (3, 2), with dr
Using qubits [cirq.GridQubit(3, 2), cirq.GridQubit(4, 2), cirq.GridQubit(4, 3), cirq.GridQubit(5, 3), cirq.GridQubit(5, 4), cirq.GridQubit(6, 4), cirq.GridQubit(6, 5), cirq.GridQubit(7, 5), cirq.GridQubit(4, 1), cirq.GridQubit(5, 1), cirq.GridQubit(5, 2), cirq.GridQubit(6, 2), cirq.GridQubit(6, 3), cirq.GridQubit(7, 3), cirq.GridQubit(7, 4), cirq.GridQubit(8, 4)]
Using qubits, JW:[cirq.GridQubit(3, 2), cirq.GridQubit(4, 2), cirq.GridQubit(4, 3), cirq.GridQubit(5, 3), cirq.GridQubit(5, 4), cirq.GridQubit(6, 4), cirq.GridQubit(6, 5), cirq.GridQubit(7, 5), cirq.GridQubit(4, 1), cirq.GridQubit(5, 1), cirq.GridQubit(5, 2), cirq.GridQubit(6, 2), cirq.GridQubit(6, 3), cirq.GridQubit(7, 3), cirq.GridQubit(7, 4), cirq.GridQubit(8, 4)]
Meas types ['onsite0', 'horiz0', 'vert02', 'vert12']
Prepped onsite, pairs=[(0, 8), (1, 9), (2, 10), (3, 11), (4, 12), (5, 13), (6, 14), (7, 15)]
Prepped horiz, pairs=[(0, 1), (2, 3), (4, 5), (6, 7), (8, 9), (10, 11), (12, 13), (14, 15)]
Prepped vert0, pairs=[(1, 2), (3, 4), (5, 6), (9, 10), (11, 12), (13, 14)]
Prepped vert1, pairs=[(1, 2), (3, 4), (5, 6), (9, 10), (11, 12), (13, 14)]
Set recompilation to False
Got pairs set [(10, 11), (5, 6), (3, 11), (5, 13), (8, 9), (4, 12), (6, 14), (1, 2), (6, 7), (7, 15), (12, 13), (4, 5), (2, 10), (9, 10), (2, 3), (1, 9), (14, 15), (0, 8), (11, 12), (0, 1), (13, 14), (3, 4)]
---Starting to do calibration: delta 0.23379447400000153
---Starting to set up measurements: delta 1.5927961170000007
---Starting to run VQE: delta 6.453983023000001
No optimisation, save file is experiments/76071082df7a4859a8ba66c18c1490d7-0915-140207/2x4/processed/processed.json
parameters.json
---Preparing executables
---Running executables, 116 in batch, delta=68.311873454
---Extracting values delta=75.19390411700002
---Extracted values delta=1.722239041000023
===-0.6215970516204834 -3.553797721862793 -3.553797721862793 -3.6179327964782715 -3.6179327964782715 -3.6795198917388916 -3.6795198917388916 -3.5745742321014404 -3.5745742321014404 -3.7043039798736572 -3.7043039798736572 -3.7697484493255615 -3.7697484493255615 -3.769324779510498 -3.769324779510498 -3.7824137210845947 -3.7824137210845947 -3.7859370708465576 -3.7859370708465576 -3.775423049926758 -3.775423049926758 -3.7612218856811523 -3.7612218856811523 -3.779264450073242 -3.779264450073242 -3.753032922744751 -3.753032922744751 -3.764024019241333 -3.764024019241333 1631711081.216502
Computed energies [-0.6215970516204834, -3.553797721862793, -3.553797721862793, -3.6179327964782715, -3.6179327964782715, -3.6795198917388916, -3.6795198917388916, -3.5745742321014404, -3.5745742321014404, -3.7043039798736572, -3.7043039798736572, -3.7697484493255615, -3.7697484493255615, -3.769324779510498, -3.769324779510498, -3.7824137210845947, -3.7824137210845947, -3.7859370708465576, -3.7859370708465576, -3.775423049926758, -3.775423049926758, -3.7612218856811523, -3.7612218856811523, -3.779264450073242, -3.779264450073242, -3.753032922744751, -3.753032922744751, -3.764024019241333, -3.764024019241333], params [[[[1.0, 1.0, 1.0, 1.0]]], [[[0.5612672620155748, 0.2774470145680267, 0.6423689157464897, 0.5473071620463712]]], [[[0.5612672620155748, 0.2774470145680267, 0.6423689157464897, 0.5473071620463712]]], [[[0.4785094987383002, 0.3064892228632871, 0.5733281141454925, 0.6055231001501851]]], [[[0.4785094987383002, 0.3064892228632871, 0.5733281141454925, 0.6055231001501851]]], [[[0.5953482225687375, 0.43016851976721837, 0.6300964793162622, 0.6088513608969607]]], [[[0.5953482225687375, 0.43016851976721837, 0.6300964793162622, 0.6088513608969607]]], [[[0.6830465391659836, 0.6510327649220299, 0.6196413717497332, 0.6540997030126163]]], [[[0.6830465391659836, 0.6510327649220299, 0.6196413717497332, 0.6540997030126163]]], [[[0.5638743364335513, 0.5469496717444698, 0.6305602583665806, 0.5663158579858578]]], [[[0.5638743364335513, 0.5469496717444698, 0.6305602583665806, 0.5663158579858578]]], [[[0.6189759651793582, 0.5568062029279288, 0.4946112499847497, 0.6793897234107189]]], [[[0.6189759651793582, 0.5568062029279288, 0.4946112499847497, 0.6793897234107189]]], [[[0.6340192082801923, 0.5593646774428407, 0.5023893992152082, 0.6592337649659659]]], [[[0.6340192082801923, 0.5593646774428407, 0.5023893992152082, 0.6592337649659659]]], [[[0.6033977979898763, 0.6133507979384842, 0.48799059135850037, 0.6360034717589907]]], [[[0.6033977979898763, 0.6133507979384842, 0.48799059135850037, 0.6360034717589907]]], [[[0.633887122312243, 0.6026548787992877, 0.46420014076489163, 0.6353397018610851]]], [[[0.633887122312243, 0.6026548787992877, 0.46420014076489163, 0.6353397018610851]]], [[[0.6330540048409178, 0.6056861546835036, 0.48687241131211384, 0.6349570231148974]]], [[[0.6330540048409178, 0.6056861546835036, 0.48687241131211384, 0.6349570231148974]]], [[[0.627088809322987, 0.6798625629244208, 0.42793143701269487, 0.6224954013275129]]], [[[0.627088809322987, 0.6798625629244208, 0.42793143701269487, 0.6224954013275129]]], [[[0.6298166679472877, 0.6297498864416724, 0.4855632993977054, 0.5731119956735165]]], [[[0.6298166679472877, 0.6297498864416724, 0.4855632993977054, 0.5731119956735165]]], [[[0.5197621969472216, 0.710768137449583, 0.41440752188879404, 0.5283116015549973]]], [[[0.5197621969472216, 0.710768137449583, 0.41440752188879404, 0.5283116015549973]]], [[[0.5248490133592679, 0.6937465132384791, 0.4256385174739519, 0.5187589642318793]]], [[[0.5248490133592679, 0.6937465132384791, 0.4256385174739519, 0.5187589642318793]]]]
***[-0.62159705 -3.55379772 -3.55379772 -3.6179328  -3.6179328  -3.67951989
 -3.67951989 -3.57457423 -3.57457423 -3.70430398 -3.70430398 -3.76974845
 -3.76974845 -3.76932478 -3.76932478 -3.78241372 -3.78241372 -3.78593707
 -3.78593707 -3.77542305 -3.77542305 -3.76122189 -3.76122189 -3.77926445
 -3.77926445 -3.75303292 -3.75303292 -3.76402402 -3.76402402] 1631711081.240342
---VQE complete: delta 145.270402278
Data collected can be found at experiments/76071082df7a4859a8ba66c18c1490d7-0915-140207/2x4
