{'theta': True, 'zeta': True, 'chi': False, 'gamma': True, 'phi': True, 'time': None}
{'theta': False, 'zeta': False, 'chi': False, 'gamma': False, 'phi': False, 'time': None}
                  (3, 2)
                  │
                  │
         (4, 1)───(4, 2)───(4, 3)
         │        │        │
         │        │        │
(5, 0)───(5, 1)───(5, 2)───(5, 3)───(5, 4)
         │        │        │        │
         │        │        │        │
         (6, 1)───(6, 2)───(6, 3)───(6, 4)───(6, 5)
                  │        │        │        │
                  │        │        │        │
                  (7, 2)───(7, 3)───(7, 4)───(7, 5)───(7, 6)
                           │        │        │
                           │        │        │
                           (8, 3)───(8, 4)───(8, 5)
                                    │
                                    │
                                    (9, 4)
Start at: (3, 2), with dr
Using qubits [cirq.GridQubit(3, 2), cirq.GridQubit(4, 2), cirq.GridQubit(4, 3), cirq.GridQubit(5, 3), cirq.GridQubit(5, 4), cirq.GridQubit(6, 4), cirq.GridQubit(6, 5), cirq.GridQubit(7, 5), cirq.GridQubit(4, 1), cirq.GridQubit(5, 1), cirq.GridQubit(5, 2), cirq.GridQubit(6, 2), cirq.GridQubit(6, 3), cirq.GridQubit(7, 3), cirq.GridQubit(7, 4), cirq.GridQubit(8, 4)]
Using qubits, JW:[cirq.GridQubit(3, 2), cirq.GridQubit(4, 2), cirq.GridQubit(4, 3), cirq.GridQubit(5, 3), cirq.GridQubit(5, 4), cirq.GridQubit(6, 4), cirq.GridQubit(6, 5), cirq.GridQubit(7, 5), cirq.GridQubit(4, 1), cirq.GridQubit(5, 1), cirq.GridQubit(5, 2), cirq.GridQubit(6, 2), cirq.GridQubit(6, 3), cirq.GridQubit(7, 3), cirq.GridQubit(7, 4), cirq.GridQubit(8, 4)]
                  [31m(3, 2)[0m
                  │
                  │
         [35m(4, 1)[0m───[31m(4, 2)[0m───[31m(4, 3)[0m
         │        │        │
         │        │        │
(5, 0)───[35m(5, 1)[0m───[35m(5, 2)[0m───[31m(5, 3)[0m───[31m(5, 4)[0m
         │        │        │        │
         │        │        │        │
         (6, 1)───[35m(6, 2)[0m───[35m(6, 3)[0m───[31m(6, 4)[0m───[31m(6, 5)[0m
                  │        │        │        │
                  │        │        │        │
                  (7, 2)───[35m(7, 3)[0m───[35m(7, 4)[0m───[31m(7, 5)[0m───(7, 6)
                           │        │        │
                           │        │        │
                           (8, 3)───[35m(8, 4)[0m───(8, 5)
                                    │
                                    │
                                    (9, 4)
None
Meas types ['onsite0', 'horiz0', 'vert02', 'vert12']
Prepped onsite, pairs=[(0, 8), (1, 9), (2, 10), (3, 11), (4, 12), (5, 13), (6, 14), (7, 15)]
Prepped horiz, pairs=[(0, 1), (2, 3), (4, 5), (6, 7), (8, 9), (10, 11), (12, 13), (14, 15)]
Prepped vert0, pairs=[(1, 2), (3, 4), (5, 6), (9, 10), (11, 12), (13, 14)]
Prepped vert1, pairs=[(1, 2), (3, 4), (5, 6), (9, 10), (11, 12), (13, 14)]
Set recompilation to False
Got pairs set [(10, 11), (5, 6), (3, 11), (5, 13), (8, 9), (4, 12), (6, 14), (1, 2), (6, 7), (7, 15), (12, 13), (4, 5), (2, 10), (9, 10), (2, 3), (1, 9), (14, 15), (0, 8), (11, 12), (0, 1), (13, 14), (3, 4)]
---Starting to do calibration: delta 4.129653657
---Starting to set up measurements: delta 2.2575816510000006
---Starting to run VQE: delta 4.536172677
No optimisation, save file is experiments/4x2_single_U_4_nocc_1_d_1-0916-144658/2x4/processed/processed.json
Given params: [[[[[0.905, 0.865, 0.898, 0.82]]], [[[-0.905, -0.865, -0.898, -0.82]]], [[[0, 0.865, 0.898, 0.82]]], [[[0, -0.865, -0.898, -0.82]]]]]
---Preparing executables
---Running executables, 16 in batch, delta=16.785848346
---Extracting values delta=3.8870998909999983
---Extracted values delta=70.552083478
===-1.4564189208346168 -1.888468903110027 -1.6723392808583615 -1.8653007535733783 1631800120.529372
Computed energies [-1.672443911972322], params [[[[0.905, 0.865, 0.898, 0.82]]], [[[-0.905, -0.865, -0.898, -0.82]]], [[[0, 0.865, 0.898, 0.82]]], [[[0, -0.865, -0.898, -0.82]]]]
***-1.672443911972322 1631800120.531057
---VQE complete: delta 91.23272295
---Starting TFLO
Using saved points
Using params [[[0, 0, 0, 0]], [[0, 0, 0, 1.5708]], [[0, 0, 4.71239, 0.785398]], [[0, 5.49779, 0.785398, 3.14159]], [[0, 0.785398, 3.14159, 1.5708]], [[0, 0, 0, 3.92699]], [[0, 0, 0, 4.71239]], [[0, 0, 5.49779, 3.92699]], [[0, 3.14159, 4.71239, 3.14159]], [[0, 1.5708, 1.5708, 4.71239]], [[0, 2.35619, 4.71239, 3.92699]], [[0, 2.35619, 1.5708, 5.49779]], [[0, 2.35619, 3.14159, 3.92699]], [[0, 2.35619, 2.35619, 4.71239]], [[0, 3.92699, 3.92699, 4.71239]], [[0, 0, 3.92699, 5.49779]], [[0, 0.865, 0.898, 0.82]], [[0.905, 0.865, 0.898, 0.82]], [[0, 0, 0, 0]], [[0, 0, 0, -1.5708]], [[0, 0, -4.71239, -0.785398]], [[0, -5.49779, -0.785398, -3.14159]], [[0, -0.785398, -3.14159, -1.5708]], [[0, 0, 0, -3.92699]], [[0, 0, 0, -4.71239]], [[0, 0, -5.49779, -3.92699]], [[0, -3.14159, -4.71239, -3.14159]], [[0, -1.5708, -1.5708, -4.71239]], [[0, -2.35619, -4.71239, -3.92699]], [[0, -2.35619, -1.5708, -5.49779]], [[0, -2.35619, -3.14159, -3.92699]], [[0, -2.35619, -2.35619, -4.71239]], [[0, -3.92699, -3.92699, -4.71239]], [[0, 0, -3.92699, -5.49779]], [[0, -0.865, -0.898, -0.82]], [[-0.905, -0.865, -0.898, -0.82]]]
---Preparing executables
---Running executables, 144 in batch, delta=114.58538759000001
---Extracting values delta=9.089887120000014
---Extracted values delta=126.93733098800001
---Time for noisy calculation: 250.65823766900002
***TFLON: -1.7817269453339206,-1.6127013658778457,-1.5709964281322901,-1.124322377927917,-1.3927156369383251,-0.8533838933088198,-0.6081677912008622,-0.7938368325202052,-0.5068474949519615,-0.0646191980639852,-0.1596287815396305,0.09671846964576576,0.24088495498617502,0.37494947329012107,0.619310425861184,0.8858268388728747,-1.7298370508546483,-1.498376907132906,-1.8152901686803096,-1.667900934396947,-1.5913381125389972,-1.281175693803171,-1.2960758334441953,-0.9337225838039451,-0.6554887591815174,-0.6494750488444421,-0.6200164373355808,0.14637603971865099,-0.2474345588217127,0.35515101039951386,0.17751812805930794,0.4653412467127244,0.6258858390354193,0.8069714103427824,-1.9135565277505906,-1.9345533490128828 1631800374.876069
Noisy energies by type: {'onsite0': array([0., 0., 0., 0., 0., 0., 0., 0., 0., 0., 0., 0., 0., 0., 0., 0., 0.,
       0., 0., 0., 0., 0., 0., 0., 0., 0., 0., 0., 0., 0., 0., 0., 0., 0.,
       0., 0.]), 'horiz0': array([-0.68290669, -0.71912568, -0.70791527, -0.61600461, -0.57363344,
       -0.70489174, -0.70182013, -0.66929562, -0.32071331, -0.08376623,
       -0.22613065, -0.10022131,  0.24004753,  0.29763685,  0.31321128,
        0.43504795, -0.66048974, -0.52251487, -0.65638528, -0.73210526,
       -0.66270784, -0.63723404, -0.54405859, -0.80852693, -0.77243995,
       -0.60970778, -0.47477296,  0.09122719, -0.34901771,  0.11801242,
        0.17899878,  0.3645601 ,  0.28441271,  0.44531435, -0.74121167,
       -0.73032034]), 'vert02': array([-0.60101132, -0.52300511, -0.42438197, -0.16855062, -0.38109913,
       -0.06096998,  0.10804083, -0.14211643, -0.18582791,  0.10098065,
       -0.09404315,  0.18503119,  0.02492596,  0.13727455,  0.1049676 ,
        0.17238843, -0.58632708, -0.5399872 , -0.63384982, -0.46579298,
       -0.47838086, -0.24705882, -0.37886252,  0.01528692,  0.15768226,
       -0.08390942, -0.29112775,  0.10933211, -0.12140095,  0.17687543,
       -0.09352518,  0.03413284,  0.02214765,  0.1042787 , -0.52488899,
       -0.5797999 ]), 'vert12': array([-4.97808940e-01, -3.70570571e-01, -4.38699187e-01, -3.39767157e-01,
       -4.37983070e-01, -8.75221762e-02, -1.43884892e-02,  1.75752160e-02,
       -3.06278714e-04, -8.18336163e-02,  1.60545024e-01,  1.19085935e-02,
       -2.40885417e-02, -5.99619289e-02,  2.01131542e-01,  2.78390462e-01,
       -4.83020231e-01, -4.35874835e-01, -5.25055066e-01, -4.70002690e-01,
       -4.50249409e-01, -3.96882828e-01, -3.73154729e-01, -1.40482574e-01,
       -4.07310705e-02,  4.41421433e-02,  1.45884271e-01, -5.41832669e-02,
        2.22984092e-01,  6.02631579e-02,  9.20445289e-02,  6.66483063e-02,
        3.19325482e-01,  2.57378357e-01, -6.47455867e-01, -6.24433107e-01])}
Using saved exact energies
Data collected can be found at experiments/4x2_single_U_4_nocc_1_d_1-0916-144658/2x4
