{'theta': True, 'zeta': True, 'chi': False, 'gamma': True, 'phi': True, 'time': None}
{'theta': False, 'zeta': False, 'chi': False, 'gamma': False, 'phi': False, 'time': None}
(cirq.GridQubit(3, 2), cirq.GridQubit(4, 2)) = [0.005653352934596179]
(cirq.GridQubit(4, 1), cirq.GridQubit(5, 1)) = [0.007375015732618062]
(cirq.GridQubit(4, 2), cirq.GridQubit(5, 2)) = [0.00700440704363417]
(cirq.GridQubit(4, 3), cirq.GridQubit(5, 3)) = [0.00842885403620891]
(cirq.GridQubit(5, 0), cirq.GridQubit(5, 1)) = [0.007143743381215151]
(cirq.GridQubit(5, 1), cirq.GridQubit(5, 2)) = [0.007232199681100754]
(cirq.GridQubit(5, 1), cirq.GridQubit(6, 1)) = [0.006847979209530453]
(cirq.GridQubit(5, 2), cirq.GridQubit(5, 3)) = [0.005365521924709626]
(cirq.GridQubit(5, 2), cirq.GridQubit(6, 2)) = [0.009054877847637977]
(cirq.GridQubit(5, 3), cirq.GridQubit(5, 4)) = [0.004709536197255504]
(cirq.GridQubit(5, 3), cirq.GridQubit(6, 3)) = [0.0059856756579679815]
(cirq.GridQubit(5, 4), cirq.GridQubit(6, 4)) = [0.004651029460094991]
(cirq.GridQubit(6, 1), cirq.GridQubit(6, 2)) = [0.00792094837289739]
(cirq.GridQubit(6, 2), cirq.GridQubit(6, 3)) = [0.007011248412327475]
(cirq.GridQubit(6, 3), cirq.GridQubit(6, 4)) = [0.008591080011911889]
(cirq.GridQubit(6, 3), cirq.GridQubit(7, 3)) = [0.007132916363217168]
(cirq.GridQubit(6, 4), cirq.GridQubit(6, 5)) = [0.006546439558907491]
(cirq.GridQubit(6, 5), cirq.GridQubit(7, 5)) = [0.005374354358644029]
(cirq.GridQubit(7, 2), cirq.GridQubit(7, 3)) = [0.005801452337931445]
(cirq.GridQubit(7, 3), cirq.GridQubit(7, 4)) = [0.007189246112731862]
(cirq.GridQubit(7, 3), cirq.GridQubit(8, 3)) = [0.007149153734468561]
(cirq.GridQubit(7, 4), cirq.GridQubit(7, 5)) = [0.007115721498997363]
(cirq.GridQubit(7, 4), cirq.GridQubit(8, 4)) = [0.008183566995623004]
(cirq.GridQubit(7, 5), cirq.GridQubit(7, 6)) = [0.007730965482185048]
(cirq.GridQubit(7, 5), cirq.GridQubit(8, 5)) = [0.007667429199111786]
(cirq.GridQubit(8, 3), cirq.GridQubit(8, 4)) = [0.009143646022778867]
(cirq.GridQubit(8, 4), cirq.GridQubit(9, 4)) = [0.006191280976748176]
                  (3, 2)
                  │
                  │
         (4, 1)───(4, 2)───(4, 3)
         │        │        │
         │        │        │
(5, 0)───(5, 1)───(5, 2)───(5, 3)───(5, 4)
         │        │        │        │
         │        │        │        │
         (6, 1)───(6, 2)───(6, 3)───(6, 4)───(6, 5)
                  │        │        │        │
                  │        │        │        │
                  (7, 2)───(7, 3)───(7, 4)───(7, 5)───(7, 6)
                           │        │        │
                           │        │        │
                           (8, 3)───(8, 4)───(8, 5)
                                    │
                                    │
                                    (9, 4)
Start at: (3, 2), with dr
Using qubits [cirq.GridQubit(3, 2), cirq.GridQubit(4, 2), cirq.GridQubit(4, 3), cirq.GridQubit(5, 3), cirq.GridQubit(5, 4), cirq.GridQubit(6, 4), cirq.GridQubit(6, 5), cirq.GridQubit(7, 5), cirq.GridQubit(4, 1), cirq.GridQubit(5, 1), cirq.GridQubit(5, 2), cirq.GridQubit(6, 2), cirq.GridQubit(6, 3), cirq.GridQubit(7, 3), cirq.GridQubit(7, 4), cirq.GridQubit(8, 4)]
Using qubits, JW:[cirq.GridQubit(3, 2), cirq.GridQubit(4, 2), cirq.GridQubit(4, 3), cirq.GridQubit(5, 3), cirq.GridQubit(5, 4), cirq.GridQubit(6, 4), cirq.GridQubit(6, 5), cirq.GridQubit(7, 5), cirq.GridQubit(4, 1), cirq.GridQubit(5, 1), cirq.GridQubit(5, 2), cirq.GridQubit(6, 2), cirq.GridQubit(6, 3), cirq.GridQubit(7, 3), cirq.GridQubit(7, 4), cirq.GridQubit(8, 4)]
                  [31m(3, 2)[0m
                  │
                  │
         [35m(4, 1)[0m───[31m(4, 2)[0m───[31m(4, 3)[0m
         │        │        │
         │        │        │
(5, 0)───[35m(5, 1)[0m───[35m(5, 2)[0m───[31m(5, 3)[0m───[31m(5, 4)[0m
         │        │        │        │
         │        │        │        │
         (6, 1)───[35m(6, 2)[0m───[35m(6, 3)[0m───[31m(6, 4)[0m───[31m(6, 5)[0m
                  │        │        │        │
                  │        │        │        │
                  (7, 2)───[35m(7, 3)[0m───[35m(7, 4)[0m───[31m(7, 5)[0m───(7, 6)
                           │        │        │
                           │        │        │
                           (8, 3)───[35m(8, 4)[0m───(8, 5)
                                    │
                                    │
                                    (9, 4)
None
Set recompilation to False
Got pairs set [(10, 11), (5, 6), (3, 11), (5, 13), (8, 9), (4, 12), (6, 14), (1, 2), (6, 7), (7, 15), (12, 13), (4, 5), (2, 10), (9, 10), (2, 3), (1, 9), (14, 15), (0, 8), (11, 12), (0, 1), (13, 14), (3, 4)]
---Starting to do calibration: delta 3.881968721
---Starting to set up measurements: delta 1.188791363
---Starting to run VQE: delta 2.1190967680000004
Running BayesMGD: n_evals 15, nshots 1000, max_iter 50, max_evals 300
---Preparing executables
---Running executables delta=2.498414031000001
---Extracting values delta=3.780013026999999
---Extracted values delta=7.184995062999999
---Preparing executables
---Running executables delta=70.50149919100001
---Extracting values delta=12.73025518099999
---Extracted values delta=66.48165764099998
[9.415418536251138, 0.6890621724514768]
---Preparing executables
{'theta': True, 'zeta': True, 'chi': False, 'gamma': True, 'phi': True, 'time': None}
{'theta': False, 'zeta': False, 'chi': False, 'gamma': False, 'phi': False, 'time': None}
(cirq.GridQubit(3, 2), cirq.GridQubit(4, 2)) = [0.005653352934596179]
(cirq.GridQubit(4, 1), cirq.GridQubit(5, 1)) = [0.007375015732618062]
(cirq.GridQubit(4, 2), cirq.GridQubit(5, 2)) = [0.00700440704363417]
(cirq.GridQubit(4, 3), cirq.GridQubit(5, 3)) = [0.00842885403620891]
(cirq.GridQubit(5, 0), cirq.GridQubit(5, 1)) = [0.007143743381215151]
(cirq.GridQubit(5, 1), cirq.GridQubit(5, 2)) = [0.007232199681100754]
(cirq.GridQubit(5, 1), cirq.GridQubit(6, 1)) = [0.006847979209530453]
(cirq.GridQubit(5, 2), cirq.GridQubit(5, 3)) = [0.005365521924709626]
(cirq.GridQubit(5, 2), cirq.GridQubit(6, 2)) = [0.009054877847637977]
(cirq.GridQubit(5, 3), cirq.GridQubit(5, 4)) = [0.004709536197255504]
(cirq.GridQubit(5, 3), cirq.GridQubit(6, 3)) = [0.0059856756579679815]
(cirq.GridQubit(5, 4), cirq.GridQubit(6, 4)) = [0.004651029460094991]
(cirq.GridQubit(6, 1), cirq.GridQubit(6, 2)) = [0.00792094837289739]
(cirq.GridQubit(6, 2), cirq.GridQubit(6, 3)) = [0.007011248412327475]
(cirq.GridQubit(6, 3), cirq.GridQubit(6, 4)) = [0.008591080011911889]
(cirq.GridQubit(6, 3), cirq.GridQubit(7, 3)) = [0.007132916363217168]
(cirq.GridQubit(6, 4), cirq.GridQubit(6, 5)) = [0.006546439558907491]
(cirq.GridQubit(6, 5), cirq.GridQubit(7, 5)) = [0.005374354358644029]
(cirq.GridQubit(7, 2), cirq.GridQubit(7, 3)) = [0.005801452337931445]
(cirq.GridQubit(7, 3), cirq.GridQubit(7, 4)) = [0.007189246112731862]
(cirq.GridQubit(7, 3), cirq.GridQubit(8, 3)) = [0.007149153734468561]
(cirq.GridQubit(7, 4), cirq.GridQubit(7, 5)) = [0.007115721498997363]
(cirq.GridQubit(7, 4), cirq.GridQubit(8, 4)) = [0.008183566995623004]
(cirq.GridQubit(7, 5), cirq.GridQubit(7, 6)) = [0.007730965482185048]
(cirq.GridQubit(7, 5), cirq.GridQubit(8, 5)) = [0.007667429199111786]
(cirq.GridQubit(8, 3), cirq.GridQubit(8, 4)) = [0.009143646022778867]
(cirq.GridQubit(8, 4), cirq.GridQubit(9, 4)) = [0.006191280976748176]
                  (3, 2)
                  │
                  │
         (4, 1)───(4, 2)───(4, 3)
         │        │        │
         │        │        │
(5, 0)───(5, 1)───(5, 2)───(5, 3)───(5, 4)
         │        │        │        │
         │        │        │        │
         (6, 1)───(6, 2)───(6, 3)───(6, 4)───(6, 5)
                  │        │        │        │
                  │        │        │        │
                  (7, 2)───(7, 3)───(7, 4)───(7, 5)───(7, 6)
                           │        │        │
                           │        │        │
                           (8, 3)───(8, 4)───(8, 5)
                                    │
                                    │
                                    (9, 4)
Start at: (3, 2), with dr
Using qubits [cirq.GridQubit(3, 2), cirq.GridQubit(4, 2), cirq.GridQubit(4, 3), cirq.GridQubit(5, 3), cirq.GridQubit(5, 4), cirq.GridQubit(6, 4), cirq.GridQubit(6, 5), cirq.GridQubit(7, 5), cirq.GridQubit(4, 1), cirq.GridQubit(5, 1), cirq.GridQubit(5, 2), cirq.GridQubit(6, 2), cirq.GridQubit(6, 3), cirq.GridQubit(7, 3), cirq.GridQubit(7, 4), cirq.GridQubit(8, 4)]
Using qubits, JW:[cirq.GridQubit(3, 2), cirq.GridQubit(4, 2), cirq.GridQubit(4, 3), cirq.GridQubit(5, 3), cirq.GridQubit(5, 4), cirq.GridQubit(6, 4), cirq.GridQubit(6, 5), cirq.GridQubit(7, 5), cirq.GridQubit(4, 1), cirq.GridQubit(5, 1), cirq.GridQubit(5, 2), cirq.GridQubit(6, 2), cirq.GridQubit(6, 3), cirq.GridQubit(7, 3), cirq.GridQubit(7, 4), cirq.GridQubit(8, 4)]
                  [31m(3, 2)[0m
                  │
                  │
         [35m(4, 1)[0m───[31m(4, 2)[0m───[31m(4, 3)[0m
         │        │        │
         │        │        │
(5, 0)───[35m(5, 1)[0m───[35m(5, 2)[0m───[31m(5, 3)[0m───[31m(5, 4)[0m
         │        │        │        │
         │        │        │        │
         (6, 1)───[35m(6, 2)[0m───[35m(6, 3)[0m───[31m(6, 4)[0m───[31m(6, 5)[0m
                  │        │        │        │
                  │        │        │        │
                  (7, 2)───[35m(7, 3)[0m───[35m(7, 4)[0m───[31m(7, 5)[0m───(7, 6)
                           │        │        │
                           │        │        │
                           (8, 3)───[35m(8, 4)[0m───(8, 5)
                                    │
                                    │
                                    (9, 4)
None
Set recompilation to False
Got pairs set [(10, 11), (5, 6), (3, 11), (5, 13), (8, 9), (4, 12), (6, 14), (1, 2), (6, 7), (7, 15), (12, 13), (4, 5), (2, 10), (9, 10), (2, 3), (1, 9), (14, 15), (0, 8), (11, 12), (0, 1), (13, 14), (3, 4)]
---Starting to do calibration: delta 3.7762209979999994
---Starting to set up measurements: delta 1.1276894980000005
---Starting to run VQE: delta 2.0847535750000006
Running BayesMGD: n_evals 15, nshots 1000, max_iter 50, max_evals 300
---Preparing executables
---Running executables delta=2.280546106000001
---Extracting values delta=1.9036514229999995
---Extracted values delta=52.743895712
---Preparing executables
---Running executables delta=78.53616555699999
---Extracting values delta=21.030373990000015
---Extracted values delta=115.37962020199998
[8.276953566779763, 6.80676369786958]
2  :--------------------------------
fit_params:  [ 4.574  1.384  1.331  0.583  0.783 -0.942 -9.115 -0.021 -1.121  9.715]
current: 6.807+/-1.318  params:  [0.454 0.599 0.758]  grad:  [2.764 2.029 1.223]  gamma_k: 0.1977  delta_k: 0.6000
---Preparing executables
---Running executables delta=69.49406178200002
---Extracting values delta=11.883748622999974
---Extracted values delta=69.00641133099998
[8.276953566779763, 6.80676369786958, 6.80676369786958, 6.399051622602098]
3  :--------------------------------
fit_params:  [ 1.586  1.876  1.249 -0.027  0.159  0.483 -2.559 -2.68  -2.613  9.14 ]
current: 6.399+/-0.225  params:  [0.595 0.556 0.758]  grad:  [-0.911  0.276  0.004]  gamma_k: 0.1548  delta_k: 0.5594
---Preparing executables
---Running executables delta=69.28250058399999
---Extracting values delta=12.310328409999954
---Extracted values delta=69.03673731100002
[8.276953566779763, 6.80676369786958, 6.80676369786958, 6.399051622602098, 6.399051622602098, 6.532413831024294]
4  :--------------------------------
fit_params:  [ 1.73   2.025  1.172 -0.098  0.503  0.453 -2.657 -3.008 -2.076  8.832]
current: 6.532+/-0.160  params:  [0.588 0.581 0.653]  grad:  [ 0.054 -0.186  0.802]  gamma_k: 0.1302  delta_k: 0.5370
---Preparing executables
---Running executables delta=70.25178699500009
---Extracting values delta=12.419022928000004
---Extracted values delta=68.24937512400004
[8.276953566779763, 6.80676369786958, 6.80676369786958, 6.399051622602098, 6.399051622602098, 6.532413831024294, 6.532413831024294, 6.523604482032405]
5  :--------------------------------
fit_params:  [ 1.676  2.392  1.507 -0.032  0.124  0.359 -2.542 -3.277 -2.293  9.084]
current: 6.524+/-0.156  params:  [0.639 0.588 0.626]  grad:  [-0.446 -0.068  0.24 ]  gamma_k: 0.1139  delta_k: 0.5216
---Preparing executables
---Running executables delta=69.66784905999998
---Extracting values delta=12.667918173999965
---Extracted values delta=68.48314972399999
[8.276953566779763, 6.80676369786958, 6.80676369786958, 6.399051622602098, 6.399051622602098, 6.532413831024294, 6.532413831024294, 6.523604482032405, 6.523604482032405, 6.592622165942483]
6  :--------------------------------
fit_params:  [ 1.755  1.881  1.19   0.283  0.383  0.436 -2.37  -3.58  -1.951  8.831]
current: 6.593+/-0.155  params:  [0.569 0.635 0.571]  grad:  [ 0.683 -0.46   0.541]  gamma_k: 0.1020  delta_k: 0.5100
---Preparing executables
---Running executables delta=70.75241720200006
---Extracting values delta=12.436008579000031
---Extracted values delta=73.72178406900002
[8.276953566779763, 6.80676369786958, 6.80676369786958, 6.399051622602098, 6.399051622602098, 6.532413831024294, 6.532413831024294, 6.523604482032405, 6.523604482032405, 6.592622165942483, 6.592622165942483, 6.536793066572307]
7  :--------------------------------
fit_params:  [ 2.607  2.353  1.727  0.341 -0.24   0.383 -2.867 -4.221 -1.998  9.27 ]
current: 6.537+/-0.132  params:  [0.545 0.673 0.553]  grad:  [ 0.258 -0.407  0.187]  gamma_k: 0.0930  delta_k: 0.5007
---Preparing executables
---Running executables delta=70.29868823300012
---Extracting values delta=12.144445032000021
---Extracted values delta=69.23987547299998
[8.276953566779763, 6.80676369786958, 6.80676369786958, 6.399051622602098, 6.399051622602098, 6.532413831024294, 6.532413831024294, 6.523604482032405, 6.523604482032405, 6.592622165942483, 6.592622165942483, 6.536793066572307, 6.536793066572307, 6.44441602447132]
8  :--------------------------------
fit_params:  [ 2.292  3.285  1.292  0.365 -0.288  0.308 -3.183 -4.79  -1.671  9.47 ]
current: 6.444+/-0.137  params:  [0.589 0.641 0.565]  grad:  [-0.513  0.37  -0.139]  gamma_k: 0.0858  delta_k: 0.4929
---Preparing executables
---Running executables delta=70.63716310799987
---Extracting values delta=12.470100771000034
---Extracted values delta=69.67872100499994
[8.276953566779763, 6.80676369786958, 6.80676369786958, 6.399051622602098, 6.399051622602098, 6.532413831024294, 6.532413831024294, 6.523604482032405, 6.523604482032405, 6.592622165942483, 6.592622165942483, 6.536793066572307, 6.536793066572307, 6.44441602447132, 6.44441602447132, 6.467833651215338]
9  :--------------------------------
fit_params:  [ 2.843  3.11   1.311  0.363  0.046  0.457 -3.43  -4.863 -2.071  9.46 ]
current: 6.468+/-0.129  params:  [0.554 0.636 0.561]  grad:  [0.435 0.07  0.051]  gamma_k: 0.0799  delta_k: 0.4863
---Preparing executables
---Running executables delta=71.47363883000003
---Extracting values delta=12.757037846999992
---Extracted values delta=68.29623629999992
[8.276953566779763, 6.80676369786958, 6.80676369786958, 6.399051622602098, 6.399051622602098, 6.532413831024294, 6.532413831024294, 6.523604482032405, 6.523604482032405, 6.592622165942483, 6.592622165942483, 6.536793066572307, 6.536793066572307, 6.44441602447132, 6.44441602447132, 6.467833651215338, 6.467833651215338, 6.365013797239592]
10  :--------------------------------
fit_params:  [ 2.522  3.078  1.515  0.456  0.26   0.292 -3.614 -4.895 -2.346  9.629]
current: 6.365+/-0.130  params:  [0.55  0.647 0.56 ]  grad:  [ 0.054 -0.148  0.014]  gamma_k: 0.0750  delta_k: 0.4806
---Preparing executables
---Running executables delta=70.29985994599997
---Extracting values delta=12.334752643000002
---Extracted values delta=67.46050962200002
[8.276953566779763, 6.80676369786958, 6.80676369786958, 6.399051622602098, 6.399051622602098, 6.532413831024294, 6.532413831024294, 6.523604482032405, 6.523604482032405, 6.592622165942483, 6.592622165942483, 6.536793066572307, 6.536793066572307, 6.44441602447132, 6.44441602447132, 6.467833651215338, 6.467833651215338, 6.365013797239592, 6.365013797239592, 6.583271903668194]
11  :--------------------------------
fit_params:  [ 2.098  2.978  1.346  0.426 -0.022  0.198 -2.955 -4.649 -1.704  9.456]
current: 6.583+/-0.119  params:  [0.559 0.654 0.558]  grad:  [-0.12  -0.107  0.036]  gamma_k: 0.0708  delta_k: 0.4755
***6.58+/-0.12 1630448477.906304
---VQE complete: delta 1638.99368937
Data collected can be found at experiments/8x1_bayesmgd_zz_x_U_4_nocc_10_d_1-0831/8x1
