{'theta': True, 'zeta': True, 'chi': False, 'gamma': True, 'phi': True, 'time': None}
{'theta': False, 'zeta': False, 'chi': False, 'gamma': False, 'phi': False, 'time': None}
                  (3, 2)
                  │
                  │
         (4, 1)───(4, 2)───(4, 3)
         │        │        │
         │        │        │
(5, 0)───(5, 1)───(5, 2)───(5, 3)───(5, 4)
         │        │        │        │
         │        │        │        │
         (6, 1)───(6, 2)───(6, 3)───(6, 4)───(6, 5)
                  │        │        │        │
                  │        │        │        │
                  (7, 2)───(7, 3)───(7, 4)───(7, 5)───(7, 6)
                           │        │        │
                           │        │        │
                           (8, 3)───(8, 4)───(8, 5)
                                    │
                                    │
                                    (9, 4)
Start at: (3, 2), with dr
Using qubits [cirq.GridQubit(3, 2), cirq.GridQubit(4, 2), cirq.GridQubit(4, 3), cirq.GridQubit(5, 3), cirq.GridQubit(5, 4), cirq.GridQubit(6, 4), cirq.GridQubit(6, 5), cirq.GridQubit(7, 5), cirq.GridQubit(4, 1), cirq.GridQubit(5, 1), cirq.GridQubit(5, 2), cirq.GridQubit(6, 2), cirq.GridQubit(6, 3), cirq.GridQubit(7, 3), cirq.GridQubit(7, 4), cirq.GridQubit(8, 4)]
Using qubits, JW:[cirq.GridQubit(3, 2), cirq.GridQubit(4, 2), cirq.GridQubit(4, 3), cirq.GridQubit(5, 3), cirq.GridQubit(5, 4), cirq.GridQubit(6, 4), cirq.GridQubit(6, 5), cirq.GridQubit(7, 5), cirq.GridQubit(4, 1), cirq.GridQubit(5, 1), cirq.GridQubit(5, 2), cirq.GridQubit(6, 2), cirq.GridQubit(6, 3), cirq.GridQubit(7, 3), cirq.GridQubit(7, 4), cirq.GridQubit(8, 4)]
                  [31m(3, 2)[0m
                  │
                  │
         [35m(4, 1)[0m───[31m(4, 2)[0m───[31m(4, 3)[0m
         │        │        │
         │        │        │
(5, 0)───[35m(5, 1)[0m───[35m(5, 2)[0m───[31m(5, 3)[0m───[31m(5, 4)[0m
         │        │        │        │
         │        │        │        │
         (6, 1)───[35m(6, 2)[0m───[35m(6, 3)[0m───[31m(6, 4)[0m───[31m(6, 5)[0m
                  │        │        │        │
                  │        │        │        │
                  (7, 2)───[35m(7, 3)[0m───[35m(7, 4)[0m───[31m(7, 5)[0m───(7, 6)
                           │        │        │
                           │        │        │
                           (8, 3)───[35m(8, 4)[0m───(8, 5)
                                    │
                                    │
                                    (9, 4)
None
Meas types ['onsite0', 'horiz0', 'horiz1']
Prepped onsite, pairs=[(0, 8), (1, 9), (2, 10), (3, 11), (4, 12), (5, 13), (6, 14), (7, 15)]
Prepped horiz, pairs=[(0, 1), (2, 3), (4, 5), (6, 7), (8, 9), (10, 11), (12, 13), (14, 15)]
Prepped horiz, pairs=[(1, 2), (3, 4), (5, 6), (9, 10), (11, 12), (13, 14)]
Set recompilation to False
Got pairs set [(10, 11), (5, 6), (3, 11), (5, 13), (8, 9), (4, 12), (6, 14), (1, 2), (6, 7), (7, 15), (12, 13), (4, 5), (2, 10), (9, 10), (2, 3), (1, 9), (14, 15), (0, 8), (11, 12), (0, 1), (13, 14), (3, 4)]
---Starting to do calibration: delta 3.094379171
---Starting to set up measurements: delta 0.6675801380000008
---Starting to run VQE: delta 1.2179624140000005
No optimisation, save file is experiments/8x1_single_zz_x_U_4_nocc_4_d_1-0913-224720/8x1/processed/processed.json
Given params: [[[[[0.58, 0.567, 0.678]]], [[[-0.58, -0.567, -0.678]]], [[[0, 0.567, 0.678]]], [[[0, -0.567, -0.678]]]]]
---Preparing executables
---Running executables, 12 in batch, delta=5.238112862000001
---Extracting values delta=2.815888727000001
---Extracted values delta=76.931813081
===-2.9804991746819143 -3.1701270297090196 -2.670939444242821 -2.5743579104743386 1631569730.649017
Computed energies [-3.0753131021954667], params [[[[0.58, 0.567, 0.678]]], [[[-0.58, -0.567, -0.678]]], [[[0, 0.567, 0.678]]], [[[0, -0.567, -0.678]]]]
***-3.0753131021954667 1631569730.653101
---VQE complete: delta 84.99428686300001
---Starting TFLO
Using saved points
Using params [[[0, 0, 0]], [[0, 0, 0.785398]], [[0, 4.71239, 0]], [[0, 0, 1.5708]], [[0, 2.35619, 0.785398]], [[0, 4.71239, 0.785398]], [[0, 5.49779, 1.5708]], [[0, 3.92699, 0.785398]], [[0, 5.49779, 5.49779]], [[0, 0.785398, 3.92699]], [[0, 5.49779, 3.14159]], [[0, 1.5708, 5.49779]], [[0, 4.71239, 2.35619]], [[0, 2.35619, 5.49779]], [[0, 3.92699, 2.35619]], [[0, 3.14159, 4.71239]], [[0, 0.567, 0.678]], [[0.58, 0.567, 0.678]], [[0, 0, 0]], [[0, 0, -0.785398]], [[0, -4.71239, 0]], [[0, 0, -1.5708]], [[0, -2.35619, -0.785398]], [[0, -4.71239, -0.785398]], [[0, -5.49779, -1.5708]], [[0, -3.92699, -0.785398]], [[0, -5.49779, -5.49779]], [[0, -0.785398, -3.92699]], [[0, -5.49779, -3.14159]], [[0, -1.5708, -5.49779]], [[0, -4.71239, -2.35619]], [[0, -2.35619, -5.49779]], [[0, -3.92699, -2.35619]], [[0, -3.14159, -4.71239]], [[0, -0.567, -0.678]], [[-0.58, -0.567, -0.678]]]
---Preparing executables
---Running executables, 108 in batch, delta=53.72557398400001
---Extracting values delta=12.936349535000005
---Extracted values delta=167.519311149
---Time for noisy calculation: 234.19891062
***TFLON: -2.4442342166505964,-2.4513934416840035,-1.8899554052293497,-2.2137352620884685,-1.231787025648354,-0.8957966865710947,-1.0398247401867338,-0.7108449708107576,-0.2603788087375267,-0.47259012520067833,0.17472820926735322,0.8186379089218052,0.6285524638352362,1.5688403230618257,1.0508449283188832,1.9389015222810153,-2.7452925198254112,-2.9508908490940993,-2.4499693930226467,-2.4427892320708584,-1.5821886719289178,-1.8686459882693145,-1.7620566296556697,-0.6612000930831492,-0.7289621188532236,-0.12068561314649928,-0.12326028265149658,-0.013269978955197104,-0.05412328335149841,0.9408630191792791,1.0735670400492514,1.244876701866973,1.7467323400790336,1.6929024982747198,-2.599210229946982,-3.180787056328491 1631569968.243288
Noisy energies by type: {'onsite0': array([2.23186793, 2.20541316, 2.19838565, 2.0348119 , 2.47082349,
       2.27248055, 2.11016636, 2.0514481 , 2.06058282, 1.984     ,
       2.43249097, 2.15879678, 1.90437956, 2.31516004, 1.88256291,
       2.20318584, 2.01965231, 1.14022282, 2.2159383 , 2.04234948,
       2.23610108, 2.0436747 , 1.88877005, 2.12471132, 2.03039074,
       2.38294824, 2.05585782, 2.1689177 , 1.95783024, 2.18734177,
       2.25359287, 2.04933726, 2.5189781 , 2.28300511, 2.16486386,
       1.29202008]), 'horiz0': array([-2.1327312 , -2.09392808, -2.54760031, -1.73948919, -2.76460905,
       -1.58133722, -0.89014575, -1.87923598, -0.07142857, -0.2481946 ,
       -0.01650846,  0.28237043,  0.28838343,  0.18025751,  0.08073022,
        0.36952099, -2.40321529, -2.05105348, -2.14642718, -1.93434244,
       -2.23686879, -1.3815052 , -2.79287834, -1.22029803, -0.58336572,
       -1.61272476,  0.00307574,  0.02777219,  0.14789982,  0.29069767,
        0.37017208,  0.05144566,  0.14592934,  0.03055502, -2.3750251 ,
       -2.36491749]), 'horiz1': array([-2.54337094, -2.56287852, -1.54074074, -2.50905797, -0.93800146,
       -1.58694002, -2.25984535, -0.88305709, -2.24953306, -2.20839552,
       -2.2412543 , -1.6225293 , -1.56421053, -0.92657723, -0.91244821,
       -0.63380531, -2.36172953, -2.04006018, -2.51948052, -2.55079627,
       -1.58142097, -2.53081548, -0.85794834, -1.56561338, -2.17598714,
       -0.89090909, -2.18219384, -2.20995987, -2.15985335, -1.53717643,
       -1.55019791, -0.85590622, -0.9181751 , -0.62065763, -2.38904899,
       -2.10788965])}
Using saved exact energies
Data collected can be found at experiments/8x1_single_zz_x_U_4_nocc_4_d_1-0913-224720/8x1
