{'theta': True, 'zeta': True, 'chi': False, 'gamma': True, 'phi': True, 'time': None}
{'theta': False, 'zeta': False, 'chi': False, 'gamma': False, 'phi': False, 'time': None}
                  (3, 2)
                  │
                  │
         (4, 1)───(4, 2)───(4, 3)
         │        │        │
         │        │        │
(5, 0)───(5, 1)───(5, 2)───(5, 3)───(5, 4)
         │        │        │        │
         │        │        │        │
         (6, 1)───(6, 2)───(6, 3)───(6, 4)───(6, 5)
                  │        │        │        │
                  │        │        │        │
                  (7, 2)───(7, 3)───(7, 4)───(7, 5)───(7, 6)
                           │        │        │
                           │        │        │
                           (8, 3)───(8, 4)───(8, 5)
                                    │
                                    │
                                    (9, 4)
Start at: (3, 2), with dr
Using qubits [cirq.GridQubit(3, 2), cirq.GridQubit(4, 2), cirq.GridQubit(4, 3), cirq.GridQubit(5, 3), cirq.GridQubit(5, 4), cirq.GridQubit(6, 4), cirq.GridQubit(6, 5), cirq.GridQubit(7, 5), cirq.GridQubit(4, 1), cirq.GridQubit(5, 1), cirq.GridQubit(5, 2), cirq.GridQubit(6, 2), cirq.GridQubit(6, 3), cirq.GridQubit(7, 3), cirq.GridQubit(7, 4), cirq.GridQubit(8, 4)]
Using qubits, JW:[cirq.GridQubit(3, 2), cirq.GridQubit(4, 2), cirq.GridQubit(4, 3), cirq.GridQubit(5, 3), cirq.GridQubit(5, 4), cirq.GridQubit(6, 4), cirq.GridQubit(6, 5), cirq.GridQubit(7, 5), cirq.GridQubit(4, 1), cirq.GridQubit(5, 1), cirq.GridQubit(5, 2), cirq.GridQubit(6, 2), cirq.GridQubit(6, 3), cirq.GridQubit(7, 3), cirq.GridQubit(7, 4), cirq.GridQubit(8, 4)]
                  [31m(3, 2)[0m
                  │
                  │
         [35m(4, 1)[0m───[31m(4, 2)[0m───[31m(4, 3)[0m
         │        │        │
         │        │        │
(5, 0)───[35m(5, 1)[0m───[35m(5, 2)[0m───[31m(5, 3)[0m───[31m(5, 4)[0m
         │        │        │        │
         │        │        │        │
         (6, 1)───[35m(6, 2)[0m───[35m(6, 3)[0m───[31m(6, 4)[0m───[31m(6, 5)[0m
                  │        │        │        │
                  │        │        │        │
                  (7, 2)───[35m(7, 3)[0m───[35m(7, 4)[0m───[31m(7, 5)[0m───(7, 6)
                           │        │        │
                           │        │        │
                           (8, 3)───[35m(8, 4)[0m───(8, 5)
                                    │
                                    │
                                    (9, 4)
None
Meas types ['onsite0', 'horiz0', 'vert02', 'vert12']
Prepped onsite, pairs=[(0, 8), (1, 9), (2, 10), (3, 11), (4, 12), (5, 13), (6, 14), (7, 15)]
Prepped horiz, pairs=[(0, 1), (2, 3), (4, 5), (6, 7), (8, 9), (10, 11), (12, 13), (14, 15)]
Prepped vert0, pairs=[(1, 2), (3, 4), (5, 6), (9, 10), (11, 12), (13, 14)]
Prepped vert1, pairs=[(1, 2), (3, 4), (5, 6), (9, 10), (11, 12), (13, 14)]
Set recompilation to False
Got pairs set [(10, 11), (5, 6), (3, 11), (5, 13), (8, 9), (4, 12), (6, 14), (1, 2), (6, 7), (7, 15), (12, 13), (4, 5), (2, 10), (9, 10), (2, 3), (1, 9), (14, 15), (0, 8), (11, 12), (0, 1), (13, 14), (3, 4)]
---Starting to do calibration: delta 4.149697811999999
---Starting to set up measurements: delta 1.1883277230000004
---Starting to run VQE: delta 2.3266227419999996
No optimisation, save file is experiments/4x2_single_U_8_nocc_10_d_1-0919-205058/2x4/processed/processed.json
Given params: [[[[[0.941, 0.265, 0.591, 0.59]]], [[[-0.941, -0.265, -0.591, -0.59]]], [[[0, 0.265, 0.591, 0.59]]], [[[0, -0.265, -0.591, -0.59]]]]]
---Preparing executables
---Running executables, 16 in batch, delta=8.834249997999999
---Extracting values delta=3.1831734760000003
---Extracted values delta=71.581963908
===17.627800945190582 16.766014654053134 20.13574903443427 19.316614408793644 1632081149.6447759
Computed energies [17.196907799621858], params [[[[0.941, 0.265, 0.591, 0.59]]], [[[-0.941, -0.265, -0.591, -0.59]]], [[[0, 0.265, 0.591, 0.59]]], [[[0, -0.265, -0.591, -0.59]]]]
***17.196907799621858 1632081149.646533
---VQE complete: delta 83.607289088
---Starting TFLO
Using saved points
Using params [[[0, 1.5708, 0, 0]], [[0, 3.92699, 4.71239, 0]], [[0, 0.785398, 3.92699, 0]], [[0, 1.5708, 3.14159, 0.785398]], [[0, 3.92699, 0.785398, 3.14159]], [[0, 3.14159, 1.5708, 3.14159]], [[0, 0, 0.785398, 3.92699]], [[0, 4.71239, 2.35619, 3.14159]], [[0, 4.71239, 3.92699, 2.35619]], [[0, 5.49779, 0, 4.71239]], [[0, 0, 0.785398, 5.49779]], [[0, 1.5708, 3.92699, 3.14159]], [[0, 3.92699, 4.71239, 3.92699]], [[0, 1.5708, 3.92699, 3.92699]], [[0, 4.71239, 4.71239, 5.49779]], [[0, 1.5708, 3.92699, 4.71239]], [[0, 0.265, 0.591, 0.59]], [[0.941, 0.265, 0.591, 0.59]], [[0, -1.5708, 0, 0]], [[0, -3.92699, -4.71239, 0]], [[0, -0.785398, -3.92699, 0]], [[0, -1.5708, -3.14159, -0.785398]], [[0, -3.92699, -0.785398, -3.14159]], [[0, -3.14159, -1.5708, -3.14159]], [[0, 0, -0.785398, -3.92699]], [[0, -4.71239, -2.35619, -3.14159]], [[0, -4.71239, -3.92699, -2.35619]], [[0, -5.49779, 0, -4.71239]], [[0, 0, -0.785398, -5.49779]], [[0, -1.5708, -3.92699, -3.14159]], [[0, -3.92699, -4.71239, -3.92699]], [[0, -1.5708, -3.92699, -3.92699]], [[0, -4.71239, -4.71239, -5.49779]], [[0, -1.5708, -3.92699, -4.71239]], [[0, -0.265, -0.591, -0.59]], [[-0.941, -0.265, -0.591, -0.59]]]
---Preparing executables
---Running executables, 144 in batch, delta=85.321296544
---Extracting values delta=9.912567763999988
---Extracted values delta=143.343391539
---Time for noisy calculation: 238.609980932
***TFLON: 19.435710958164847,20.08151957430905,21.024940183221045,21.04761270087048,21.596023352852026,22.289335319357967,23.341754168675006,22.676961349801736,24.20845970660117,24.641649054052277,25.326514495632004,26.94721657351978,26.855827936954004,28.308761989355038,28.286717449418234,29.475847771379485,20.194126149693275,17.811551453945775,19.4234601911049,20.247496312510535,19.95848452388887,20.993371496430875,21.615616496076203,22.717349170690078,23.2224589780836,23.766175468749,24.257489891203353,24.286344002178758,25.94997686036091,26.019789610778215,26.87214433240253,27.414838930016405,28.271371898769175,28.871743768386427,19.21516833331992,16.628602644937594 1632081391.162122
Noisy energies by type: {'onsite0': array([24.99042004, 25.30507639, 25.72606775, 25.19831641, 25.46659867,
       25.23108595, 26.08384458, 24.75653511, 25.57211417, 25.63585434,
       25.46857888, 25.77525187, 25.51909402, 25.56490691, 25.42584473,
       25.65026178, 25.96858639, 22.14248021, 24.94018445, 25.43392505,
       24.60997674, 24.93482688, 24.93935484, 25.36274249, 25.30456598,
       25.33673469, 25.16581892, 25.18300996, 25.68508863, 24.8547613 ,
       25.30726817, 24.75675676, 25.37055058, 25.11488511, 25.08665105,
       21.22781775]), 'horiz0': array([-1.49138596, -1.53599171, -1.37189646, -1.20936419, -1.30496829,
       -0.61953799, -1.40968188, -0.38077731, -0.81372549, -1.5002633 ,
       -1.16239797, -0.03811057, -0.44136126,  0.41354821, -0.0341186 ,
        0.70742602, -1.49744692, -1.07532784, -1.53485778, -1.4770428 ,
       -1.38696109, -1.25756337, -1.17653449, -0.72978839, -1.23619148,
       -0.40886827, -0.83068493, -1.48671141, -1.09468701, -0.21549183,
       -0.59243697,  0.19689392, -0.08245798,  0.58317757, -1.50430108,
       -1.38308458]), 'vert02': array([-2.24833419, -1.73290226, -1.59296737, -1.43944724, -0.96364074,
       -0.51252505, -0.27229924, -0.36206465, -0.65729619,  0.21081485,
        0.73172029,  0.08701135,  0.21540404,  0.72850456,  1.23096642,
        1.27887952, -2.16662188, -1.65148127, -2.10630342, -1.84005038,
       -1.73375098, -1.42494043, -0.607     , -0.22688226,  0.15435897,
        0.04954499, -0.58471761,  0.33682416,  0.98370257,  0.13142568,
        0.34908268,  0.75974843,  1.24614254,  1.25012456, -2.11912393,
       -1.52122877]), 'vert12': array([-1.81498894, -1.95466284, -1.73626374, -1.50189229, -1.60196629,
       -1.80968759, -1.06010929, -1.3367318 ,  0.10736722,  0.29524316,
        0.2886133 ,  1.12306393,  1.56269113,  1.60180231,  1.66402491,
        1.83928045, -2.11039144, -1.60411964, -1.87556306, -1.86933556,
       -1.53078014, -1.25895159, -1.54020385, -1.68872267, -1.0002745 ,
       -1.21123596,  0.50707351,  0.25322129,  0.37587266,  1.24909446,
        1.80823045,  1.70143983,  1.73713676,  1.92355652, -2.24805771,
       -1.69490175])}
Using saved exact energies
Data collected can be found at experiments/4x2_single_U_8_nocc_10_d_1-0919-205058/2x4
