{'theta': True, 'zeta': True, 'chi': False, 'gamma': True, 'phi': True, 'time': None}
{'theta': False, 'zeta': False, 'chi': False, 'gamma': False, 'phi': False, 'time': None}
                  (3, 2)
                  │
                  │
         (4, 1)───(4, 2)───(4, 3)
         │        │        │
         │        │        │
(5, 0)───(5, 1)───(5, 2)───(5, 3)───(5, 4)
         │        │        │        │
         │        │        │        │
         (6, 1)───(6, 2)───(6, 3)───(6, 4)───(6, 5)
                  │        │        │        │
                  │        │        │        │
                  (7, 2)───(7, 3)───(7, 4)───(7, 5)───(7, 6)
                           │        │        │
                           │        │        │
                           (8, 3)───(8, 4)───(8, 5)
                                    │
                                    │
                                    (9, 4)
Start at: (3, 2), with dr
Using qubits [cirq.GridQubit(3, 2), cirq.GridQubit(4, 2), cirq.GridQubit(4, 3), cirq.GridQubit(5, 3), cirq.GridQubit(5, 4), cirq.GridQubit(6, 4), cirq.GridQubit(6, 5), cirq.GridQubit(7, 5), cirq.GridQubit(4, 1), cirq.GridQubit(5, 1), cirq.GridQubit(5, 2), cirq.GridQubit(6, 2), cirq.GridQubit(6, 3), cirq.GridQubit(7, 3), cirq.GridQubit(7, 4), cirq.GridQubit(8, 4)]
Using qubits, JW:[cirq.GridQubit(3, 2), cirq.GridQubit(4, 2), cirq.GridQubit(4, 3), cirq.GridQubit(5, 3), cirq.GridQubit(5, 4), cirq.GridQubit(6, 4), cirq.GridQubit(6, 5), cirq.GridQubit(7, 5), cirq.GridQubit(4, 1), cirq.GridQubit(5, 1), cirq.GridQubit(5, 2), cirq.GridQubit(6, 2), cirq.GridQubit(6, 3), cirq.GridQubit(7, 3), cirq.GridQubit(7, 4), cirq.GridQubit(8, 4)]
                  [31m(3, 2)[0m
                  │
                  │
         [35m(4, 1)[0m───[31m(4, 2)[0m───[31m(4, 3)[0m
         │        │        │
         │        │        │
(5, 0)───[35m(5, 1)[0m───[35m(5, 2)[0m───[31m(5, 3)[0m───[31m(5, 4)[0m
         │        │        │        │
         │        │        │        │
         (6, 1)───[35m(6, 2)[0m───[35m(6, 3)[0m───[31m(6, 4)[0m───[31m(6, 5)[0m
                  │        │        │        │
                  │        │        │        │
                  (7, 2)───[35m(7, 3)[0m───[35m(7, 4)[0m───[31m(7, 5)[0m───(7, 6)
                           │        │        │
                           │        │        │
                           (8, 3)───[35m(8, 4)[0m───(8, 5)
                                    │
                                    │
                                    (9, 4)
None
Meas types ['onsite0', 'horiz0', 'horiz1']
Prepped onsite, pairs=[(0, 8), (1, 9), (2, 10), (3, 11), (4, 12), (5, 13), (6, 14), (7, 15)]
Prepped horiz, pairs=[(0, 1), (2, 3), (4, 5), (6, 7), (8, 9), (10, 11), (12, 13), (14, 15)]
Prepped horiz, pairs=[(1, 2), (3, 4), (5, 6), (9, 10), (11, 12), (13, 14)]
Set recompilation to False
Got pairs set [(10, 11), (5, 6), (3, 11), (5, 13), (8, 9), (4, 12), (6, 14), (1, 2), (6, 7), (7, 15), (12, 13), (4, 5), (2, 10), (9, 10), (2, 3), (1, 9), (14, 15), (0, 8), (11, 12), (0, 1), (13, 14), (3, 4)]
---Starting to do calibration: delta 3.3579328000000004
---Starting to set up measurements: delta 0.9613624299999994
---Starting to run VQE: delta 1.161833196
No optimisation, save file is experiments/8x1_single_zz_x_U_4_nocc_14_d_1-0914-004116/8x1/processed/processed.json
Given params: [[[[[0.626, 0.627, 0.685]]], [[[-0.626, -0.627, -0.685]]], [[[0, 0.627, 0.685]]], [[[0, -0.627, -0.685]]]]]
---Preparing executables
---Running executables, 12 in batch, delta=4.473080061999999
---Extracting values delta=4.7754310669999995
---Extracted values delta=52.910070949
===21.82627001612372 21.580567142331056 21.90865096893777 21.79601465583623 1631576544.214991
Computed energies [21.70341857922739], params [[[[0.626, 0.627, 0.685]]], [[[-0.626, -0.627, -0.685]]], [[[0, 0.627, 0.685]]], [[[0, -0.627, -0.685]]]]
***21.70341857922739 1631576544.21731
---VQE complete: delta 62.16386125299999
---Starting TFLO
Using saved points
Using params [[[0, 0, 0]], [[0, 0.785398, 1.5708]], [[0, 1.5708, 0]], [[0, 1.5708, 1.5708]], [[0, 2.35619, 0]], [[0, 5.49779, 1.5708]], [[0, 1.5708, 2.35619]], [[0, 0, 3.92699]], [[0, 0.785398, 4.71239]], [[0, 1.5708, 5.49779]], [[0, 2.35619, 2.35619]], [[0, 1.5708, 3.92699]], [[0, 3.92699, 4.71239]], [[0, 3.14159, 2.35619]], [[0, 3.92699, 2.35619]], [[0, 3.14159, 3.92699]], [[0, 0.627, 0.685]], [[0.626, 0.627, 0.685]], [[0, 0, 0]], [[0, -0.785398, -1.5708]], [[0, -1.5708, 0]], [[0, -1.5708, -1.5708]], [[0, -2.35619, 0]], [[0, -5.49779, -1.5708]], [[0, -1.5708, -2.35619]], [[0, 0, -3.92699]], [[0, -0.785398, -4.71239]], [[0, -1.5708, -5.49779]], [[0, -2.35619, -2.35619]], [[0, -1.5708, -3.92699]], [[0, -3.92699, -4.71239]], [[0, -3.14159, -2.35619]], [[0, -3.92699, -2.35619]], [[0, -3.14159, -3.92699]], [[0, -0.627, -0.685]], [[-0.626, -0.627, -0.685]]]
---Preparing executables
---Running executables, 108 in batch, delta=40.945160818999994
---Extracting values delta=11.702778179999996
---Extracted values delta=96.90465037799999
---Time for noisy calculation: 149.56925086299998
***TFLON: 21.919588157857845,21.87118518290123,22.387367269981763,22.15734153907443,22.502818604305155,22.244991751149136,22.338575164819648,22.48268508469164,22.832577038157364,22.82901129961056,22.83526736814187,23.329064422953984,22.592469812730624,23.151293444770094,22.924185474052276,23.19195601840896,21.904203025182852,21.772413452971925,21.861527291708942,21.902749386173735,21.80538746669661,21.887373054001163,22.00543679437439,22.86732927362704,22.300653089479347,22.304567823625053,22.56748453756949,22.835370507397577,22.663288951753692,22.73224831092124,23.09970054332255,23.284638328605244,23.73450055635345,23.568798823073273,21.75172752821498,21.57510750665275 1631576695.847341
Noisy energies by type: {'onsite0': array([24.68189606, 24.64419922, 24.6538802 , 24.57984679, 24.72643413,
       24.74179567, 24.49422222, 24.72625385, 24.61941112, 24.47972781,
       24.55865237, 24.80827278, 24.52236136, 24.58928571, 24.53731343,
       24.55329341, 24.63853211, 24.30481752, 24.65244081, 24.71627631,
       24.61432665, 24.63537493, 24.54322465, 24.68222621, 24.75236187,
       24.63139932, 24.7568503 , 24.80714286, 24.5765145 , 24.55384615,
       24.529786  , 24.55993199, 24.79045402, 24.59627329, 24.62698413,
       24.36767896]), 'horiz0': array([-1.29008568, -1.48806941, -1.25741935, -1.37771549, -1.39454254,
       -1.00173551, -1.13074457, -0.74648787, -0.4830483 , -0.63258786,
       -0.84452297, -0.47022901, -0.88289963, -0.61059413, -0.51899593,
       -0.50898204, -1.39640631, -1.30635838, -1.31301939, -1.33229329,
       -1.49857369, -1.45522621, -1.531491  , -0.59473859, -1.15461974,
       -0.88290626, -0.67543571, -0.65405046, -0.8771022 , -0.54216074,
       -0.60194175, -0.45874587, -0.24018629, -0.21630193, -1.37780473,
       -1.38390272]), 'horiz1': array([-1.47222222, -1.28494463, -1.00909358, -1.04478976, -0.82907299,
       -1.49506841, -1.02490249, -1.4970809 , -1.30378578, -1.01812865,
       -0.87886204, -1.00897935, -1.04699192, -0.82739814, -1.09413203,
       -0.85235536, -1.33792278, -1.22604568, -1.47789412, -1.48123363,
       -1.31036549, -1.29277567, -1.00629685, -1.22015834, -1.29708904,
       -1.44392523, -1.51393005, -1.31772188, -1.03612335, -1.27943711,
       -0.82814371, -0.81654779, -0.81576717, -0.81117253, -1.49745187,
       -1.40866873])}
Using saved exact energies
Data collected can be found at experiments/8x1_single_zz_x_U_4_nocc_14_d_1-0914-004116/8x1
