{'theta': True, 'zeta': True, 'chi': False, 'gamma': True, 'phi': True, 'time': None}
{'theta': False, 'zeta': False, 'chi': False, 'gamma': False, 'phi': False, 'time': None}
                  (3, 2)
                  │
                  │
         (4, 1)───(4, 2)───(4, 3)
         │        │        │
         │        │        │
(5, 0)───(5, 1)───(5, 2)───(5, 3)───(5, 4)
         │        │        │        │
         │        │        │        │
         (6, 1)───(6, 2)───(6, 3)───(6, 4)───(6, 5)
                  │        │        │        │
                  │        │        │        │
                  (7, 2)───(7, 3)───(7, 4)───(7, 5)───(7, 6)
                           │        │        │
                           │        │        │
                           (8, 3)───(8, 4)───(8, 5)
                                    │
                                    │
                                    (9, 4)
Start at: (3, 2), with dr
Using qubits [cirq.GridQubit(3, 2), cirq.GridQubit(4, 2), cirq.GridQubit(4, 3), cirq.GridQubit(5, 3), cirq.GridQubit(5, 4), cirq.GridQubit(6, 4), cirq.GridQubit(6, 5), cirq.GridQubit(7, 5), cirq.GridQubit(4, 1), cirq.GridQubit(5, 1), cirq.GridQubit(5, 2), cirq.GridQubit(6, 2), cirq.GridQubit(6, 3), cirq.GridQubit(7, 3), cirq.GridQubit(7, 4), cirq.GridQubit(8, 4)]
Using qubits, JW:[cirq.GridQubit(3, 2), cirq.GridQubit(4, 2), cirq.GridQubit(4, 3), cirq.GridQubit(5, 3), cirq.GridQubit(5, 4), cirq.GridQubit(6, 4), cirq.GridQubit(6, 5), cirq.GridQubit(7, 5), cirq.GridQubit(4, 1), cirq.GridQubit(5, 1), cirq.GridQubit(5, 2), cirq.GridQubit(6, 2), cirq.GridQubit(6, 3), cirq.GridQubit(7, 3), cirq.GridQubit(7, 4), cirq.GridQubit(8, 4)]
                  [31m(3, 2)[0m
                  │
                  │
         [35m(4, 1)[0m───[31m(4, 2)[0m───[31m(4, 3)[0m
         │        │        │
         │        │        │
(5, 0)───[35m(5, 1)[0m───[35m(5, 2)[0m───[31m(5, 3)[0m───[31m(5, 4)[0m
         │        │        │        │
         │        │        │        │
         (6, 1)───[35m(6, 2)[0m───[35m(6, 3)[0m───[31m(6, 4)[0m───[31m(6, 5)[0m
                  │        │        │        │
                  │        │        │        │
                  (7, 2)───[35m(7, 3)[0m───[35m(7, 4)[0m───[31m(7, 5)[0m───(7, 6)
                           │        │        │
                           │        │        │
                           (8, 3)───[35m(8, 4)[0m───(8, 5)
                                    │
                                    │
                                    (9, 4)
None
Meas types ['onsite0', 'horiz0', 'horiz1']
Prepped onsite, pairs=[(0, 8), (1, 9), (2, 10), (3, 11), (4, 12), (5, 13), (6, 14), (7, 15)]
Prepped horiz, pairs=[(0, 1), (2, 3), (4, 5), (6, 7), (8, 9), (10, 11), (12, 13), (14, 15)]
Prepped horiz, pairs=[(1, 2), (3, 4), (5, 6), (9, 10), (11, 12), (13, 14)]
Set recompilation to False
Got pairs set [(10, 11), (5, 6), (3, 11), (5, 13), (8, 9), (4, 12), (6, 14), (1, 2), (6, 7), (7, 15), (12, 13), (4, 5), (2, 10), (9, 10), (2, 3), (1, 9), (14, 15), (0, 8), (11, 12), (0, 1), (13, 14), (3, 4)]
---Starting to do calibration: delta 3.4139385499999992
---Starting to set up measurements: delta 0.6212413829999992
---Starting to run VQE: delta 1.0553630279999986
No optimisation, save file is experiments/8x1_single_zz_x_U_8_nocc_15_d_1-0914-234256/8x1/processed/processed.json
Given params: [[[[[1.073, 0.991, 0.977]]], [[[-1.073, -0.991, -0.977]]], [[[0, 0.991, 0.977]]], [[[0, -0.991, -0.977]]]]]
---Preparing executables
---Running executables, 12 in batch, delta=4.687657000999998
---Extracting values delta=2.3332893749999997
---Extracted values delta=49.54098239
===54.6875265209654 54.428850705626125 54.64825756227133 54.46307292322014 1631659437.724596
Computed energies [54.55818861329576], params [[[[1.073, 0.991, 0.977]]], [[[-1.073, -0.991, -0.977]]], [[[0, 0.991, 0.977]]], [[[0, -0.991, -0.977]]]]
***54.55818861329576 1631659437.727054
---VQE complete: delta 56.567205152
---Starting TFLO
Using saved points
Using params [[[0, 0, 0]], [[0, 0, 0.785398]], [[0, 1.5708, 0.785398]], [[0, 5.49779, 0.785398]], [[0, 3.92699, 0]], [[0, 4.71239, 0.785398]], [[0, 3.14159, 0.785398]], [[0, 0, 4.71239]], [[0, 0.785398, 3.92699]], [[0, 5.49779, 3.14159]], [[0, 4.71239, 4.71239]], [[0, 1.5708, 4.71239]], [[0, 3.14159, 5.49779]], [[0, 3.92699, 4.71239]], [[0, 3.92699, 2.35619]], [[0, 3.92699, 3.92699]], [[0, 0.991, 0.977]], [[1.073, 0.991, 0.977]], [[0, 0, 0]], [[0, 0, -0.785398]], [[0, -1.5708, -0.785398]], [[0, -5.49779, -0.785398]], [[0, -3.92699, 0]], [[0, -4.71239, -0.785398]], [[0, -3.14159, -0.785398]], [[0, 0, -4.71239]], [[0, -0.785398, -3.92699]], [[0, -5.49779, -3.14159]], [[0, -4.71239, -4.71239]], [[0, -1.5708, -4.71239]], [[0, -3.14159, -5.49779]], [[0, -3.92699, -4.71239]], [[0, -3.92699, -2.35619]], [[0, -3.92699, -3.92699]], [[0, -0.991, -0.977]], [[-1.073, -0.991, -0.977]]]
---Preparing executables
---Running executables, 108 in batch, delta=45.665444222000005
---Extracting values delta=5.927392116999997
---Extracted values delta=94.13714774900001
---Time for noisy calculation: 145.745599627
***TFLON: 54.565974187220576,54.50617171734129,54.77799183989206,54.63011208756819,54.76577983830088,54.74704549069719,54.9729949921679,54.9542818517179,55.08340609194002,54.79569815629619,54.80290434435837,55.268493332247594,55.07580601116854,54.956853849883665,55.14470266976671,55.02345166081845,54.67766757529905,54.66507012234296,54.548686582524894,54.581433263686286,54.47257182367487,54.7927015384228,54.836626514562475,54.954260595509645,54.8281807354643,54.70793358979907,54.728714630453815,54.98794374931666,55.12222101514194,55.00088711476135,55.24340942287477,55.32304325322066,55.34779017355924,55.43352185074586,54.46435805521705,54.43204953753777 1631659586.2337458
Noisy energies by type: {'onsite0': array([56., 56., 56., 56., 56., 56., 56., 56., 56., 56., 56., 56., 56.,
       56., 56., 56., 56., 56., 56., 56., 56., 56., 56., 56., 56., 56.,
       56., 56., 56., 56., 56., 56., 56., 56., 56., 56.]), 'horiz0': array([-0.7082777 , -0.75317107, -0.73186634, -0.63501368, -0.73164903,
       -0.59094519, -0.64907975, -0.31306778, -0.290161  , -0.46476868,
       -0.51641791, -0.24477807, -0.4998359 , -0.52576647, -0.31430805,
       -0.46213592, -0.75286416, -0.78913738, -0.68964346, -0.64834437,
       -0.8158165 , -0.57666783, -0.74246018, -0.52698522, -0.72299536,
       -0.53936061, -0.51133672, -0.40460639, -0.38933426, -0.29632249,
       -0.31148672, -0.27266576, -0.26752022, -0.16559431, -0.75692408,
       -0.77602108]), 'horiz1': array([-0.72574811, -0.74065722, -0.49014182, -0.73487424, -0.50257113,
       -0.66200931, -0.37792525, -0.73265036, -0.62643291, -0.73953316,
       -0.68067775, -0.4867286 , -0.42435808, -0.51737968, -0.54098928,
       -0.51441242, -0.56946827, -0.5457925 , -0.76166995, -0.77022237,
       -0.71161168, -0.63063063, -0.4209133 , -0.51875419, -0.4488239 ,
       -0.75270581, -0.75994865, -0.60744986, -0.48844472, -0.7027904 ,
       -0.44510386, -0.40429098, -0.38468961, -0.40088384, -0.77871787,
       -0.79192938])}
Using saved exact energies
Data collected can be found at experiments/8x1_single_zz_x_U_8_nocc_15_d_1-0914-234256/8x1
