{'theta': True, 'zeta': True, 'chi': False, 'gamma': True, 'phi': True, 'time': None}
{'theta': False, 'zeta': False, 'chi': False, 'gamma': False, 'phi': False, 'time': None}
                  (3, 2)
                  │
                  │
         (4, 1)───(4, 2)───(4, 3)
         │        │        │
         │        │        │
(5, 0)───(5, 1)───(5, 2)───(5, 3)───(5, 4)
         │        │        │        │
         │        │        │        │
         (6, 1)───(6, 2)───(6, 3)───(6, 4)───(6, 5)
                  │        │        │        │
                  │        │        │        │
                  (7, 2)───(7, 3)───(7, 4)───(7, 5)───(7, 6)
                           │        │        │
                           │        │        │
                           (8, 3)───(8, 4)───(8, 5)
                                    │
                                    │
                                    (9, 4)
Start at: (3, 2), with dr
Using qubits [cirq.GridQubit(3, 2), cirq.GridQubit(4, 2), cirq.GridQubit(4, 3), cirq.GridQubit(5, 3), cirq.GridQubit(5, 4), cirq.GridQubit(6, 4), cirq.GridQubit(6, 5), cirq.GridQubit(7, 5), cirq.GridQubit(4, 1), cirq.GridQubit(5, 1), cirq.GridQubit(5, 2), cirq.GridQubit(6, 2), cirq.GridQubit(6, 3), cirq.GridQubit(7, 3), cirq.GridQubit(7, 4), cirq.GridQubit(8, 4)]
Using qubits, JW:[cirq.GridQubit(3, 2), cirq.GridQubit(4, 2), cirq.GridQubit(4, 3), cirq.GridQubit(5, 3), cirq.GridQubit(5, 4), cirq.GridQubit(6, 4), cirq.GridQubit(6, 5), cirq.GridQubit(7, 5), cirq.GridQubit(4, 1), cirq.GridQubit(5, 1), cirq.GridQubit(5, 2), cirq.GridQubit(6, 2), cirq.GridQubit(6, 3), cirq.GridQubit(7, 3), cirq.GridQubit(7, 4), cirq.GridQubit(8, 4)]
                  [31m(3, 2)[0m
                  │
                  │
         [35m(4, 1)[0m───[31m(4, 2)[0m───[31m(4, 3)[0m
         │        │        │
         │        │        │
(5, 0)───[35m(5, 1)[0m───[35m(5, 2)[0m───[31m(5, 3)[0m───[31m(5, 4)[0m
         │        │        │        │
         │        │        │        │
         (6, 1)───[35m(6, 2)[0m───[35m(6, 3)[0m───[31m(6, 4)[0m───[31m(6, 5)[0m
                  │        │        │        │
                  │        │        │        │
                  (7, 2)───[35m(7, 3)[0m───[35m(7, 4)[0m───[31m(7, 5)[0m───(7, 6)
                           │        │        │
                           │        │        │
                           (8, 3)───[35m(8, 4)[0m───(8, 5)
                                    │
                                    │
                                    (9, 4)
None
Meas types ['onsite0', 'horiz0', 'horiz1']
Prepped onsite, pairs=[(0, 8), (1, 9), (2, 10), (3, 11), (4, 12), (5, 13), (6, 14), (7, 15)]
Prepped horiz, pairs=[(0, 1), (2, 3), (4, 5), (6, 7), (8, 9), (10, 11), (12, 13), (14, 15)]
Prepped horiz, pairs=[(1, 2), (3, 4), (5, 6), (9, 10), (11, 12), (13, 14)]
Set recompilation to False
Got pairs set [(10, 11), (5, 6), (3, 11), (5, 13), (8, 9), (4, 12), (6, 14), (1, 2), (6, 7), (7, 15), (12, 13), (4, 5), (2, 10), (9, 10), (2, 3), (1, 9), (14, 15), (0, 8), (11, 12), (0, 1), (13, 14), (3, 4)]
---Starting to do calibration: delta 3.079184529
---Starting to set up measurements: delta 1.1295986459999998
---Starting to run VQE: delta 2.0764936679999995
Running BayesMGD: n_evals 15, nshots 1000, max_iter 50, max_evals 300
---Preparing executables
---Running executables, 3 in batch, delta=2.2433596829999995
---Extracting values delta=2.039051411000001
---Extracted values delta=6.68774683
---Preparing executables
---Running executables, 90 in batch, delta=59.310781365
---Extracting values delta=11.581739459000005
---Extracted values delta=59.49984731500001
[54.96004439511653, 55.096452502067194]
2  :--------------------------------
fit_params:  [-1.146 -0.724 -1.134  0.129  0.48   1.183  0.697 -1.53  -0.968 56.068]
current: 55.096+/-0.580  params:  [1.075 1.07  0.982]  grad:  [-0.378 -0.354  0.089]  gamma_k: 0.1977  delta_k: 0.6000
---Preparing executables
---Running executables, 90 in batch, delta=61.75301238899999
---Extracting values delta=12.407624131999995
---Extracted values delta=75.11475071499999
[54.96004439511653, 55.096452502067194, 55.096452502067194, 54.75778884394078]
3  :--------------------------------
fit_params:  [-0.065  0.453 -0.055  0.211  0.308  0.203 -0.952 -1.717 -0.878 56.405]
current: 54.758+/-0.293  params:  [1.08  1.054 0.965]  grad:  [-0.036  0.105  0.111]  gamma_k: 0.1548  delta_k: 0.5594
---Preparing executables
---Running executables, 90 in batch, delta=62.699091891999956
---Extracting values delta=10.992515518999994
---Extracted values delta=81.881273996
[54.96004439511653, 55.096452502067194, 55.096452502067194, 54.75778884394078, 54.75778884394078, 54.6612392279474]
4  :--------------------------------
fit_params:  [-0.019  0.124 -0.061  0.085  0.165 -0.09  -0.438 -0.198 -0.149 55.046]
current: 54.661+/-0.234  params:  [1.078 1.044 0.978]  grad:  [ 0.018  0.074 -0.099]  gamma_k: 0.1302  delta_k: 0.5370
---Preparing executables
---Running executables, 90 in batch, delta=63.98196640000003
---Extracting values delta=12.700280038000074
---Extracted values delta=81.81218774000001
[54.96004439511653, 55.096452502067194, 55.096452502067194, 54.75778884394078, 54.75778884394078, 54.6612392279474, 54.6612392279474, 54.697594221857166]
5  :--------------------------------
fit_params:  [-0.138  0.038 -0.055  0.023  0.171  0.051 -0.065 -0.102 -0.429 54.909]
current: 54.698+/-0.242  params:  [1.076 1.029 0.985]  grad:  [ 0.021  0.129 -0.061]  gamma_k: 0.1139  delta_k: 0.5216
---Preparing executables
---Running executables, 90 in batch, delta=62.413807064000025
---Extracting values delta=12.578302833000066
---Extracted values delta=81.28450385199994
[54.96004439511653, 55.096452502067194, 55.096452502067194, 54.75778884394078, 54.75778884394078, 54.6612392279474, 54.6612392279474, 54.697594221857166, 54.697594221857166, 54.695070673383796]
6  :--------------------------------
fit_params:  [-0.111  0.05  -0.045 -0.062  0.155 -0.021  0.093  0.171 -0.194 54.563]
current: 54.695+/-0.202  params:  [1.072 1.019 0.984]  grad:  [0.031 0.098 0.006]  gamma_k: 0.1020  delta_k: 0.5100
---Preparing executables
---Running executables, 90 in batch, delta=62.467343147000065
---Extracting values delta=10.958320514999969
---Extracted values delta=83.114070374
[54.96004439511653, 55.096452502067194, 55.096452502067194, 54.75778884394078, 54.75778884394078, 54.6612392279474, 54.6612392279474, 54.697594221857166, 54.697594221857166, 54.695070673383796, 54.695070673383796, 54.665077334889006]
7  :--------------------------------
fit_params:  [-0.084 -0.053 -0.007 -0.088  0.129  0.007  0.131  0.35  -0.262 54.476]
current: 54.665+/-0.214  params:  [1.07  1.013 0.983]  grad:  [0.027 0.067 0.016]  gamma_k: 0.0930  delta_k: 0.5007
---Preparing executables
---Running executables, 90 in batch, delta=58.908046923999905
---Extracting values delta=11.200370313000008
---Extracted values delta=60.49599152799988
[54.96004439511653, 55.096452502067194, 55.096452502067194, 54.75778884394078, 54.75778884394078, 54.6612392279474, 54.6612392279474, 54.697594221857166, 54.697594221857166, 54.695070673383796, 54.695070673383796, 54.665077334889006, 54.665077334889006, 54.623826195011674]
8  :--------------------------------
fit_params:  [-0.086 -0.049  0.033 -0.052  0.082 -0.002  0.109  0.26  -0.201 54.492]
current: 54.624+/-0.175  params:  [1.071 1.009 0.98 ]  grad:  [-0.018  0.047  0.036]  gamma_k: 0.0858  delta_k: 0.4929
---Preparing executables
---Running executables, 90 in batch, delta=59.174524965000046
---Extracting values delta=11.30755719800004
---Extracted values delta=59.30607146599982
[54.96004439511653, 55.096452502067194, 55.096452502067194, 54.75778884394078, 54.75778884394078, 54.6612392279474, 54.6612392279474, 54.697594221857166, 54.697594221857166, 54.695070673383796, 54.695070673383796, 54.665077334889006, 54.665077334889006, 54.623826195011674, 54.623826195011674, 54.663033332326776]
9  :--------------------------------
fit_params:  [-0.13  -0.153 -0.07  -0.045  0.07   0.044  0.2    0.42  -0.078 54.328]
current: 54.663+/-0.166  params:  [1.074 1.001 0.978]  grad:  [-0.032  0.101  0.023]  gamma_k: 0.0799  delta_k: 0.4863
---Preparing executables
---Running executables, 90 in batch, delta=59.20003554899995
---Extracting values delta=11.198107801000106
---Extracted values delta=59.428377114999876
[54.96004439511653, 55.096452502067194, 55.096452502067194, 54.75778884394078, 54.75778884394078, 54.6612392279474, 54.6612392279474, 54.697594221857166, 54.697594221857166, 54.695070673383796, 54.695070673383796, 54.665077334889006, 54.665077334889006, 54.623826195011674, 54.623826195011674, 54.663033332326776, 54.663033332326776, 54.654311487703936]
10  :--------------------------------
fit_params:  [-0.035 -0.086 -0.094  0.008  0.091  0.056 -0.091  0.095 -0.117 54.648]
current: 54.654+/-0.172  params:  [1.072 0.997 0.977]  grad:  [0.027 0.051 0.006]  gamma_k: 0.0750  delta_k: 0.4806
---Preparing executables
---Running executables, 90 in batch, delta=59.67786633699984
---Extracting values delta=12.268509317000053
---Extracted values delta=61.122566056000096
[54.96004439511653, 55.096452502067194, 55.096452502067194, 54.75778884394078, 54.75778884394078, 54.6612392279474, 54.6612392279474, 54.697594221857166, 54.697594221857166, 54.695070673383796, 54.695070673383796, 54.665077334889006, 54.665077334889006, 54.623826195011674, 54.623826195011674, 54.663033332326776, 54.663033332326776, 54.654311487703936, 54.654311487703936, 54.638310223806286]
11  :--------------------------------
fit_params:  [-0.114 -0.091 -0.1    0.04   0.109  0.035 -0.065  0.116 -0.103 54.598]
current: 54.638+/-0.183  params:  [1.073 0.991 0.977]  grad:  [-0.018  0.089  0.005]  gamma_k: 0.0708  delta_k: 0.4755
***54.64+/-0.18 1630629127.257292
---VQE complete: delta 1441.06490382
Data collected can be found at experiments/8x1_bayesmgd_zz_x_U_8_nocc_15_d_1-0903-010759/8x1
