{'theta': True, 'zeta': True, 'chi': False, 'gamma': True, 'phi': True, 'time': None}
{'theta': False, 'zeta': False, 'chi': False, 'gamma': False, 'phi': False, 'time': None}
                  (3, 2)
                  │
                  │
         (4, 1)───(4, 2)───(4, 3)
         │        │        │
         │        │        │
(5, 0)───(5, 1)───(5, 2)───(5, 3)───(5, 4)
         │        │        │        │
         │        │        │        │
         (6, 1)───(6, 2)───(6, 3)───(6, 4)───(6, 5)
                  │        │        │        │
                  │        │        │        │
                  (7, 2)───(7, 3)───(7, 4)───(7, 5)───(7, 6)
                           │        │        │
                           │        │        │
                           (8, 3)───(8, 4)───(8, 5)
                                    │
                                    │
                                    (9, 4)
Start at: (3, 2), with dr
Using qubits [cirq.GridQubit(3, 2), cirq.GridQubit(4, 2), cirq.GridQubit(4, 3), cirq.GridQubit(5, 3), cirq.GridQubit(5, 4), cirq.GridQubit(6, 4), cirq.GridQubit(6, 5), cirq.GridQubit(7, 5), cirq.GridQubit(4, 1), cirq.GridQubit(5, 1), cirq.GridQubit(5, 2), cirq.GridQubit(6, 2), cirq.GridQubit(6, 3), cirq.GridQubit(7, 3), cirq.GridQubit(7, 4), cirq.GridQubit(8, 4)]
Using qubits, JW:[cirq.GridQubit(3, 2), cirq.GridQubit(4, 2), cirq.GridQubit(4, 3), cirq.GridQubit(5, 3), cirq.GridQubit(5, 4), cirq.GridQubit(6, 4), cirq.GridQubit(6, 5), cirq.GridQubit(7, 5), cirq.GridQubit(4, 1), cirq.GridQubit(5, 1), cirq.GridQubit(5, 2), cirq.GridQubit(6, 2), cirq.GridQubit(6, 3), cirq.GridQubit(7, 3), cirq.GridQubit(7, 4), cirq.GridQubit(8, 4)]
                  [31m(3, 2)[0m
                  │
                  │
         [35m(4, 1)[0m───[31m(4, 2)[0m───[31m(4, 3)[0m
         │        │        │
         │        │        │
(5, 0)───[35m(5, 1)[0m───[35m(5, 2)[0m───[31m(5, 3)[0m───[31m(5, 4)[0m
         │        │        │        │
         │        │        │        │
         (6, 1)───[35m(6, 2)[0m───[35m(6, 3)[0m───[31m(6, 4)[0m───[31m(6, 5)[0m
                  │        │        │        │
                  │        │        │        │
                  (7, 2)───[35m(7, 3)[0m───[35m(7, 4)[0m───[31m(7, 5)[0m───(7, 6)
                           │        │        │
                           │        │        │
                           (8, 3)───[35m(8, 4)[0m───(8, 5)
                                    │
                                    │
                                    (9, 4)
None
Meas types ['onsite0', 'horiz0', 'vert02', 'vert12']
Prepped onsite, pairs=[(0, 8), (1, 9), (2, 10), (3, 11), (4, 12), (5, 13), (6, 14), (7, 15)]
Prepped horiz, pairs=[(0, 1), (2, 3), (4, 5), (6, 7), (8, 9), (10, 11), (12, 13), (14, 15)]
Prepped vert0, pairs=[(1, 2), (3, 4), (5, 6), (9, 10), (11, 12), (13, 14)]
Prepped vert1, pairs=[(1, 2), (3, 4), (5, 6), (9, 10), (11, 12), (13, 14)]
Set recompilation to False
Got pairs set [(10, 11), (5, 6), (3, 11), (5, 13), (8, 9), (4, 12), (6, 14), (1, 2), (6, 7), (7, 15), (12, 13), (4, 5), (2, 10), (9, 10), (2, 3), (1, 9), (14, 15), (0, 8), (11, 12), (0, 1), (13, 14), (3, 4)]
---Starting to do calibration: delta 3.4267111100000003
---Starting to set up measurements: delta 0.8516718650000001
---Starting to run VQE: delta 2.226522846
No optimisation, save file is experiments/4x2_single_U_4_nocc_5_d_1-0915-230921/2x4/processed/processed.json
Given params: [[[[[0.512, 0.407, 0.732, 0.51]]], [[[-0.512, -0.407, -0.732, -0.51]]], [[[0, 0.407, 0.732, 0.51]]], [[[0, -0.407, -0.732, -0.51]]]]]
---Preparing executables
---Running executables, 16 in batch, delta=8.687146593000001
---Extracting values delta=2.6257101809999988
---Extracted values delta=74.102508263
===-2.823718030366477 -3.4574767343966295 -2.687916072804672 -2.818652128049661 1631743853.20841
Computed energies [-3.140597382381553], params [[[[0.512, 0.407, 0.732, 0.51]]], [[[-0.512, -0.407, -0.732, -0.51]]], [[[0, 0.407, 0.732, 0.51]]], [[[0, -0.407, -0.732, -0.51]]]]
***-3.140597382381553 1631743853.210099
---VQE complete: delta 85.422164555
---Starting TFLO
Using saved points
Using params [[[0, 0, 0, 0]], [[0, 0, 1.5708, 0]], [[0, 4.71239, 3.14159, 0]], [[0, 3.92699, 3.92699, 0.785398]], [[0, 2.35619, 3.14159, 1.5708]], [[0, 3.14159, 3.92699, 1.5708]], [[0, 4.71239, 0, 3.92699]], [[0, 4.71239, 1.5708, 3.92699]], [[0, 5.49779, 5.49779, 3.92699]], [[0, 4.71239, 4.71239, 3.14159]], [[0, 1.5708, 5.49779, 5.49779]], [[0, 0.785398, 4.71239, 3.92699]], [[0, 0, 3.14159, 3.92699]], [[0, 2.35619, 4.71239, 5.49779]], [[0, 3.92699, 2.35619, 5.49779]], [[0, 0, 3.92699, 5.49779]], [[0, 0.407, 0.732, 0.51]], [[0.512, 0.407, 0.732, 0.51]], [[0, 0, 0, 0]], [[0, 0, -1.5708, 0]], [[0, -4.71239, -3.14159, 0]], [[0, -3.92699, -3.92699, -0.785398]], [[0, -2.35619, -3.14159, -1.5708]], [[0, -3.14159, -3.92699, -1.5708]], [[0, -4.71239, 0, -3.92699]], [[0, -4.71239, -1.5708, -3.92699]], [[0, -5.49779, -5.49779, -3.92699]], [[0, -4.71239, -4.71239, -3.14159]], [[0, -1.5708, -5.49779, -5.49779]], [[0, -0.785398, -4.71239, -3.92699]], [[0, 0, -3.14159, -3.92699]], [[0, -2.35619, -4.71239, -5.49779]], [[0, -3.92699, -2.35619, -5.49779]], [[0, 0, -3.92699, -5.49779]], [[0, -0.407, -0.732, -0.51]], [[-0.512, -0.407, -0.732, -0.51]]]
---Preparing executables
---Running executables, 144 in batch, delta=75.476563473
---Extracting values delta=9.795315431000006
---Extracted values delta=150.591888486
---Time for noisy calculation: 235.889312001
***TFLON: -2.7292549590673176,-2.1992070484477253,-1.4512713339998766,-1.0337389196400188,-0.02749703822059657,0.10537297765465126,1.0107680727491004,1.5693115038671313,2.670865195443982,2.8312399973917146,3.2815810557444003,4.0913872041688055,4.904880214869355,5.31642271761139,6.434403791309121,7.363201021341781,-2.6304135536399578,-2.8505869819953036,-2.6793949130500745,-2.4045456256492037,-1.5577045579431883,-1.0424640032303596,-0.056586832830019085,0.22220964634085016,1.1212937186907983,1.684379024428881,2.586178754821735,3.411740392328352,3.6234112957711537,4.277640858494566,5.415069564645153,5.815462640521595,6.535450291915929,7.517792981138078,-2.8924040909296114,-3.520072023715866 1631744092.010303
Noisy energies by type: {'onsite0': array([3.07253776, 3.05504587, 3.09905254, 3.20380866, 3.14659907,
       3.1558011 , 3.13708999, 3.09775785, 3.08140611, 3.08196721,
       2.99429574, 3.06698461, 3.08665511, 3.08728401, 2.92327257,
       2.91369687, 3.08609548, 2.34963274, 3.050936  , 3.00924532,
       3.06409719, 3.01525424, 2.85739321, 3.00806979, 3.08905109,
       3.0343157 , 2.90825879, 3.0617284 , 3.09461489, 3.07962329,
       3.02018271, 3.18996258, 3.21456331, 3.05423729, 2.97863248,
       2.19555011]), 'horiz0': array([-2.09848302e+00, -2.11200000e+00, -2.03634669e+00, -2.11758942e+00,
       -1.39981382e+00, -1.69017146e+00, -2.09243317e+00, -9.44889308e-01,
       -1.35126505e+00, -1.04222276e+00, -1.68754517e+00, -7.59216052e-01,
        6.11898017e-01, -4.86940299e-01,  1.14991023e+00,  1.38838560e+00,
       -2.12563055e+00, -1.81262626e+00, -2.08670250e+00, -2.07179487e+00,
       -2.09840241e+00, -1.87005144e+00, -1.22984645e+00, -1.41658723e+00,
       -2.19587629e+00, -1.00403587e+00, -1.42219275e+00, -7.44969379e-01,
       -1.46851852e+00, -6.16419295e-01,  9.53386104e-01, -2.07708285e-03,
        1.00000000e+00,  1.43333333e+00, -2.14007872e+00, -2.11563732e+00]), 'vert02': array([-2.23333333, -1.89805514, -1.08371888, -0.90963166, -0.8547045 ,
       -0.75150473, -0.01441594,  0.26158798, -0.0215585 , -0.10414308,
        0.76970228,  0.16903531,  0.667979  ,  1.05500767,  1.31708931,
        1.48533163, -2.12582923, -2.0498861 , -2.17162471, -1.84341184,
       -1.43341351, -1.25985114, -0.68723918, -0.81153336,  0.08143122,
        0.41743026,  0.01927369, -0.2902429 ,  0.83311052,  0.31706779,
        0.76025505,  1.08617279,  1.39652318,  1.41182938, -1.87155375,
       -1.80506073]), 'vert12': array([-1.46997636, -1.24419778, -1.4302583 , -1.2103265 , -0.91957778,
       -0.60875194, -0.01947281, -0.84514502,  0.96228264,  0.89563863,
        1.20512821,  1.61458333,  0.53834808,  1.66107134,  1.04413168,
        1.57578692, -1.46504924, -1.33770735, -1.4720037 , -1.49858424,
       -1.08998583, -0.92781566, -0.99689441, -0.55773956,  0.1466877 ,
       -0.76333106,  1.08083903,  1.38522427,  1.16420441,  1.49736908,
        0.68124571,  1.54140436,  0.92436381,  1.61839298, -1.8594041 ,
       -1.79492409])}
Using saved exact energies
Data collected can be found at experiments/4x2_single_U_4_nocc_5_d_1-0915-230921/2x4
