{'theta': True, 'zeta': True, 'chi': False, 'gamma': True, 'phi': True, 'time': None}
{'theta': False, 'zeta': False, 'chi': False, 'gamma': False, 'phi': False, 'time': None}
                  (3, 2)
                  │
                  │
         (4, 1)───(4, 2)───(4, 3)
         │        │        │
         │        │        │
(5, 0)───(5, 1)───(5, 2)───(5, 3)───(5, 4)
         │        │        │        │
         │        │        │        │
         (6, 1)───(6, 2)───(6, 3)───(6, 4)───(6, 5)
                  │        │        │        │
                  │        │        │        │
                  (7, 2)───(7, 3)───(7, 4)───(7, 5)───(7, 6)
                           │        │        │
                           │        │        │
                           (8, 3)───(8, 4)───(8, 5)
                                    │
                                    │
                                    (9, 4)
Start at: (3, 2), with dr
Using qubits [cirq.GridQubit(3, 2), cirq.GridQubit(4, 2), cirq.GridQubit(4, 3), cirq.GridQubit(5, 3), cirq.GridQubit(5, 4), cirq.GridQubit(6, 4), cirq.GridQubit(6, 5), cirq.GridQubit(7, 5), cirq.GridQubit(4, 1), cirq.GridQubit(5, 1), cirq.GridQubit(5, 2), cirq.GridQubit(6, 2), cirq.GridQubit(6, 3), cirq.GridQubit(7, 3), cirq.GridQubit(7, 4), cirq.GridQubit(8, 4)]
Using qubits, JW:[cirq.GridQubit(3, 2), cirq.GridQubit(4, 2), cirq.GridQubit(4, 3), cirq.GridQubit(5, 3), cirq.GridQubit(5, 4), cirq.GridQubit(6, 4), cirq.GridQubit(6, 5), cirq.GridQubit(7, 5), cirq.GridQubit(4, 1), cirq.GridQubit(5, 1), cirq.GridQubit(5, 2), cirq.GridQubit(6, 2), cirq.GridQubit(6, 3), cirq.GridQubit(7, 3), cirq.GridQubit(7, 4), cirq.GridQubit(8, 4)]
                  [31m(3, 2)[0m
                  │
                  │
         [35m(4, 1)[0m───[31m(4, 2)[0m───[31m(4, 3)[0m
         │        │        │
         │        │        │
(5, 0)───[35m(5, 1)[0m───[35m(5, 2)[0m───[31m(5, 3)[0m───[31m(5, 4)[0m
         │        │        │        │
         │        │        │        │
         (6, 1)───[35m(6, 2)[0m───[35m(6, 3)[0m───[31m(6, 4)[0m───[31m(6, 5)[0m
                  │        │        │        │
                  │        │        │        │
                  (7, 2)───[35m(7, 3)[0m───[35m(7, 4)[0m───[31m(7, 5)[0m───(7, 6)
                           │        │        │
                           │        │        │
                           (8, 3)───[35m(8, 4)[0m───(8, 5)
                                    │
                                    │
                                    (9, 4)
None
Meas types ['onsite0', 'horiz0', 'vert02', 'vert12']
Prepped onsite, pairs=[(0, 8), (1, 9), (2, 10), (3, 11), (4, 12), (5, 13), (6, 14), (7, 15)]
Prepped horiz, pairs=[(0, 1), (2, 3), (4, 5), (6, 7), (8, 9), (10, 11), (12, 13), (14, 15)]
Prepped vert0, pairs=[(1, 2), (3, 4), (5, 6), (9, 10), (11, 12), (13, 14)]
Prepped vert1, pairs=[(1, 2), (3, 4), (5, 6), (9, 10), (11, 12), (13, 14)]
Set recompilation to False
Got pairs set [(10, 11), (5, 6), (3, 11), (5, 13), (8, 9), (4, 12), (6, 14), (1, 2), (6, 7), (7, 15), (12, 13), (4, 5), (2, 10), (9, 10), (2, 3), (1, 9), (14, 15), (0, 8), (11, 12), (0, 1), (13, 14), (3, 4)]
---Starting to do calibration: delta 3.3479590740000003
---Starting to set up measurements: delta 0.8681234749999991
---Starting to run VQE: delta 2.2543905209999995
No optimisation, save file is experiments/4x2_single_U_4_nocc_8_d_1-0916-004446/2x4/processed/processed.json
Given params: [[[[[0.525, 0.694, 0.426, 0.519]]], [[[-0.525, -0.694, -0.426, -0.519]]], [[[0, 0.694, 0.426, 0.519]]], [[[0, -0.694, -0.426, -0.519]]]]]
---Preparing executables
---Running executables, 16 in batch, delta=8.902801556
---Extracting values delta=2.5796153850000003
---Extracted values delta=70.977736462
===1.4320899785464458 0.7806177615172989 1.706542896447011 2.1087380352588188 1631749575.8205922
Computed energies [1.1063538700318722], params [[[[0.525, 0.694, 0.426, 0.519]]], [[[-0.525, -0.694, -0.426, -0.519]]], [[[0, 0.694, 0.426, 0.519]]], [[[0, -0.694, -0.426, -0.519]]]]
***1.1063538700318722 1631749575.8223119
---VQE complete: delta 82.467133979
---Starting TFLO
Using saved points
Using params [[[0, 2.35619, 0, 0]], [[0, 2.35619, 0, 1.5708]], [[0, 3.92699, 4.71239, 0.785398]], [[0, 4.71239, 0.785398, 3.14159]], [[0, 0.785398, 3.14159, 1.5708]], [[0, 1.5708, 0, 3.92699]], [[0, 1.5708, 0, 4.71239]], [[0, 2.35619, 5.49779, 3.92699]], [[0, 0, 4.71239, 3.14159]], [[0, 5.49779, 1.5708, 4.71239]], [[0, 0.785398, 4.71239, 3.92699]], [[0, 0, 1.5708, 5.49779]], [[0, 2.35619, 3.14159, 3.92699]], [[0, 4.71239, 2.35619, 4.71239]], [[0, 3.14159, 3.92699, 4.71239]], [[0, 2.35619, 3.92699, 5.49779]], [[0, 0.694, 0.426, 0.519]], [[0.525, 0.694, 0.426, 0.519]], [[0, -2.35619, 0, 0]], [[0, -2.35619, 0, -1.5708]], [[0, -3.92699, -4.71239, -0.785398]], [[0, -4.71239, -0.785398, -3.14159]], [[0, -0.785398, -3.14159, -1.5708]], [[0, -1.5708, 0, -3.92699]], [[0, -1.5708, 0, -4.71239]], [[0, -2.35619, -5.49779, -3.92699]], [[0, 0, -4.71239, -3.14159]], [[0, -5.49779, -1.5708, -4.71239]], [[0, -0.785398, -4.71239, -3.92699]], [[0, 0, -1.5708, -5.49779]], [[0, -2.35619, -3.14159, -3.92699]], [[0, -4.71239, -2.35619, -4.71239]], [[0, -3.14159, -3.92699, -4.71239]], [[0, -2.35619, -3.92699, -5.49779]], [[0, -0.694, -0.426, -0.519]], [[-0.525, -0.694, -0.426, -0.519]]]
---Preparing executables
---Running executables, 144 in batch, delta=78.167177973
---Extracting values delta=8.653620840000002
---Extracted values delta=155.471632162
---Time for noisy calculation: 242.317168035
***TFLON: 2.3836255514725395,2.2195440346221207,2.293233986273367,2.8468962877495407,3.2696075590802542,3.7397100731631627,4.499320650853553,5.313626433070819,6.401271470493855,6.932768231913489,7.28814579551822,8.160434804647785,10.155839316751312,9.40844355680059,10.402513504548711,11.684240683795572,1.6482936658421106,1.6076632347123456,1.599270329155654,2.453640596632724,3.157729316737804,3.929109723253955,4.554823646939707,4.749129824019535,5.632493112674715,5.878397909444559,7.192594456284896,7.3962558183589815,8.502996502451692,8.776601552100576,9.049644360099272,9.586064272070502,10.730949661667513,11.191666838185185,2.137901154418601,0.7865651284075423 1631749821.0511308
Noisy energies by type: {'onsite0': array([8.43686869, 8.50650477, 8.11961302, 8.22056632, 7.75483011,
       8.39841634, 8.28650138, 8.50587481, 8.16754368, 8.2384216 ,
       7.92094197, 8.11728395, 8.59529362, 8.13377649, 8.09119079,
       8.366058  , 7.8694517 , 6.77232245, 7.52338245, 7.6865285 ,
       8.25047438, 8.03988478, 8.50051878, 7.85311699, 8.11913133,
       7.87693613, 8.01872583, 8.02040383, 8.14612639, 8.13450292,
       7.54091392, 8.0694746 , 8.10745016, 7.95989761, 8.39840303,
       6.92423608]), 'horiz0': array([-2.96059783, -2.91450313, -2.7798446 , -2.63727548, -2.07396871,
       -2.8407276 , -2.85523769, -2.3342914 , -1.41757996, -0.65171085,
       -0.94575005, -0.11437685,  1.24526621,  0.8264574 ,  1.21619767,
        1.82414515, -2.91148325, -2.14577554, -2.87234518, -2.86388385,
       -2.77954698, -2.47966919, -1.83405734, -2.77734994, -2.74619068,
       -2.21201891, -1.37085074, -0.55716799, -0.69308675, -0.08187891,
        1.31025358,  1.13427401,  1.31915826,  1.80952381, -2.94607088,
       -2.90065037]), 'vert02': array([-1.56510638, -1.67339218, -1.51976414, -0.97810526, -1.20179274,
       -0.90603466, -0.40344327, -0.90034574, -0.87343333,  0.18455201,
       -0.49534836,  0.4740107 , -0.0674252 ,  0.36168421,  0.05460679,
        0.42647982, -1.9009486 , -1.78293135, -1.50293926, -1.0779661 ,
       -1.4196162 , -0.44660402, -1.00921565, -0.13600325,  0.18050918,
       -0.00767316, -0.26989619,  0.34528497,  0.1363822 ,  0.55232085,
        0.20801364,  0.5605428 ,  0.54189359,  0.65856672, -1.68664564,
       -1.58769932]), 'vert12': array([-1.52753893, -1.69906542, -1.52677029, -1.75828928, -1.20946111,
       -0.91194401, -0.52849977,  0.04238876,  0.52474108, -0.83849452,
        0.80830224, -0.31648299,  0.38270469,  0.08652546,  1.04051826,
        1.06755772, -1.40872618, -1.23595232, -1.54882768, -1.29103795,
       -0.89358188, -1.18450185, -1.10242215, -0.19063397,  0.07904328,
        0.22115385,  0.81461556, -0.412265  ,  0.91357466,  0.17165669,
       -0.00953678, -0.17822713,  0.76244765,  0.7636787 , -1.62778536,
       -1.64932127])}
Using saved exact energies
Data collected can be found at experiments/4x2_single_U_4_nocc_8_d_1-0916-004446/2x4
