{'theta': True, 'zeta': True, 'chi': False, 'gamma': True, 'phi': True, 'time': None}
{'theta': False, 'zeta': False, 'chi': False, 'gamma': False, 'phi': False, 'time': None}
                  (3, 2)
                  │
                  │
         (4, 1)───(4, 2)───(4, 3)
         │        │        │
         │        │        │
(5, 0)───(5, 1)───(5, 2)───(5, 3)───(5, 4)
         │        │        │        │
         │        │        │        │
         (6, 1)───(6, 2)───(6, 3)───(6, 4)───(6, 5)
                  │        │        │        │
                  │        │        │        │
                  (7, 2)───(7, 3)───(7, 4)───(7, 5)───(7, 6)
                           │        │        │
                           │        │        │
                           (8, 3)───(8, 4)───(8, 5)
                                    │
                                    │
                                    (9, 4)
Start at: (3, 2), with dr
Using qubits [cirq.GridQubit(3, 2), cirq.GridQubit(4, 2), cirq.GridQubit(4, 3), cirq.GridQubit(5, 3), cirq.GridQubit(5, 4), cirq.GridQubit(6, 4), cirq.GridQubit(6, 5), cirq.GridQubit(7, 5), cirq.GridQubit(4, 1), cirq.GridQubit(5, 1), cirq.GridQubit(5, 2), cirq.GridQubit(6, 2), cirq.GridQubit(6, 3), cirq.GridQubit(7, 3), cirq.GridQubit(7, 4), cirq.GridQubit(8, 4)]
Using qubits, JW:[cirq.GridQubit(3, 2), cirq.GridQubit(4, 2), cirq.GridQubit(4, 3), cirq.GridQubit(5, 3), cirq.GridQubit(5, 4), cirq.GridQubit(6, 4), cirq.GridQubit(6, 5), cirq.GridQubit(7, 5), cirq.GridQubit(4, 1), cirq.GridQubit(5, 1), cirq.GridQubit(5, 2), cirq.GridQubit(6, 2), cirq.GridQubit(6, 3), cirq.GridQubit(7, 3), cirq.GridQubit(7, 4), cirq.GridQubit(8, 4)]
                  [31m(3, 2)[0m
                  │
                  │
         [35m(4, 1)[0m───[31m(4, 2)[0m───[31m(4, 3)[0m
         │        │        │
         │        │        │
(5, 0)───[35m(5, 1)[0m───[35m(5, 2)[0m───[31m(5, 3)[0m───[31m(5, 4)[0m
         │        │        │        │
         │        │        │        │
         (6, 1)───[35m(6, 2)[0m───[35m(6, 3)[0m───[31m(6, 4)[0m───[31m(6, 5)[0m
                  │        │        │        │
                  │        │        │        │
                  (7, 2)───[35m(7, 3)[0m───[35m(7, 4)[0m───[31m(7, 5)[0m───(7, 6)
                           │        │        │
                           │        │        │
                           (8, 3)───[35m(8, 4)[0m───(8, 5)
                                    │
                                    │
                                    (9, 4)
None
Meas types ['onsite0', 'horiz0', 'horiz1']
Prepped onsite, pairs=[(0, 8), (1, 9), (2, 10), (3, 11), (4, 12), (5, 13), (6, 14), (7, 15)]
Prepped horiz, pairs=[(0, 1), (2, 3), (4, 5), (6, 7), (8, 9), (10, 11), (12, 13), (14, 15)]
Prepped horiz, pairs=[(1, 2), (3, 4), (5, 6), (9, 10), (11, 12), (13, 14)]
Set recompilation to False
Got pairs set [(10, 11), (5, 6), (3, 11), (5, 13), (8, 9), (4, 12), (6, 14), (1, 2), (6, 7), (7, 15), (12, 13), (4, 5), (2, 10), (9, 10), (2, 3), (1, 9), (14, 15), (0, 8), (11, 12), (0, 1), (13, 14), (3, 4)]
---Starting to do calibration: delta 3.2288871649999997
---Starting to set up measurements: delta 1.246743596
---Starting to run VQE: delta 2.1418033560000005
Running BayesMGD: n_evals 15, nshots 1000, max_iter 50, max_evals 300
---Preparing executables
---Running executables, 3 in batch, delta=2.5109295770000006
---Extracting values delta=1.9992093459999989
---Extracted values delta=5.630824812000002
---Preparing executables
---Running executables, 90 in batch, delta=73.8169681
---Extracting values delta=14.939185811999991
---Extracted values delta=118.473979831
[13.729714676568301, 18.882636939443515]
2  :--------------------------------
fit_params:  [  1.276   8.432  -3.92    3.975   1.878   0.774 -13.489 -23.031   4.965
  26.169]
current: 18.883+/-1.424  params:  [0.848 0.342 0.52 ]  grad:  [0.768 3.33  2.43 ]  gamma_k: 0.1977  delta_k: 0.6000
---Preparing executables
---Running executables, 90 in batch, delta=83.215885211
---Extracting values delta=14.003972257999976
---Extracted values delta=80.94846316799999
[13.729714676568301, 18.882636939443515, 18.882636939443515, 11.117999546867804]
3  :--------------------------------
fit_params:  [  0.381   5.685  -0.584   1.476  -1.143   0.149   0.513 -10.946   3.151
  13.994]
current: 11.118+/-0.899  params:  [0.696 1.023 0.41 ]  grad:  [ 0.98  -4.401  0.707]  gamma_k: 0.1548  delta_k: 0.5594
---Preparing executables
---Running executables, 90 in batch, delta=75.94389654999998
---Extracting values delta=13.480564088000051
---Extracted values delta=136.24970858100005
[13.729714676568301, 18.882636939443515, 18.882636939443515, 11.117999546867804, 11.117999546867804, 13.310586558906275]
4  :--------------------------------
fit_params:  [  2.477   6.963   1.763   0.383   0.818   0.134  -6.477 -11.249  -2.933
  20.099]
current: 13.311+/-0.391  params:  [0.901 0.549 0.42 ]  grad:  [-1.571  3.646 -0.072]  gamma_k: 0.1302  delta_k: 0.5370
---Preparing executables
---Running executables, 90 in batch, delta=71.02022566699998
---Extracting values delta=12.529527343999916
---Extracted values delta=70.46953225599998
[13.729714676568301, 18.882636939443515, 18.882636939443515, 11.117999546867804, 11.117999546867804, 13.310586558906275, 13.310586558906275, 12.088928776107263]
5  :--------------------------------
fit_params:  [  2.373   6.513   2.171   0.707   0.158   0.197  -5.665 -10.927  -3.098
  19.087]
current: 12.089+/-0.305  params:  [0.956 0.815 0.508]  grad:  [-0.482 -2.343 -0.775]  gamma_k: 0.1139  delta_k: 0.5216
---Preparing executables
---Running executables, 90 in batch, delta=73.87505810200003
---Extracting values delta=12.924356653000018
---Extracted values delta=71.32665105800004
[13.729714676568301, 18.882636939443515, 18.882636939443515, 11.117999546867804, 11.117999546867804, 13.310586558906275, 13.310586558906275, 12.088928776107263, 12.088928776107263, 12.827541634204056]
6  :--------------------------------
fit_params:  [  2.222   6.779   2.337   0.812   0.966   0.229  -5.875 -10.604  -4.607
  18.964]
current: 12.828+/-0.254  params:  [0.887 0.587 0.509]  grad:  [ 0.679  2.236 -0.012]  gamma_k: 0.1020  delta_k: 0.5100
---Preparing executables
---Running executables, 90 in batch, delta=73.52343446300006
---Extracting values delta=13.305694124999945
---Extracted values delta=71.08931393500006
[13.729714676568301, 18.882636939443515, 18.882636939443515, 11.117999546867804, 11.117999546867804, 13.310586558906275, 13.310586558906275, 12.088928776107263, 12.088928776107263, 12.827541634204056, 12.827541634204056, 12.223787928277588]
7  :--------------------------------
fit_params:  [  2.546   6.58    2.305   0.906  -0.205   1.22   -5.895 -10.743  -4.17
  19.123]
current: 12.224+/-0.231  params:  [0.935 0.603 0.579]  grad:  [-0.524 -0.166 -0.754]  gamma_k: 0.0930  delta_k: 0.5007
---Preparing executables
---Running executables, 90 in batch, delta=72.65053298800012
---Extracting values delta=13.195669227000053
---Extracted values delta=71.01861544500002
[13.729714676568301, 18.882636939443515, 18.882636939443515, 11.117999546867804, 11.117999546867804, 13.310586558906275, 13.310586558906275, 12.088928776107263, 12.088928776107263, 12.827541634204056, 12.827541634204056, 12.223787928277588, 12.223787928277588, 12.382883816726144]
8  :--------------------------------
fit_params:  [  2.523   6.632   3.575   0.502   0.349   0.669  -6.076 -10.801  -5.108
  19.679]
current: 12.383+/-0.259  params:  [0.965 0.696 0.537]  grad:  [-0.346 -1.092  0.492]  gamma_k: 0.0858  delta_k: 0.4929
---Preparing executables
---Running executables, 90 in batch, delta=77.46468715800006
---Extracting values delta=12.80030884200005
---Extracted values delta=68.31116573700001
[13.729714676568301, 18.882636939443515, 18.882636939443515, 11.117999546867804, 11.117999546867804, 13.310586558906275, 13.310586558906275, 12.088928776107263, 12.088928776107263, 12.827541634204056, 12.827541634204056, 12.223787928277588, 12.223787928277588, 12.382883816726144, 12.382883816726144, 12.753501106283242]
9  :--------------------------------
fit_params:  [  2.402   6.856   3.356   0.756   0.439   1.141  -6.408 -11.355  -4.737
  19.366]
current: 12.754+/-0.189  params:  [0.985 0.626 0.433]  grad:  [-0.249  0.878  1.303]  gamma_k: 0.0799  delta_k: 0.4863
---Preparing executables
---Running executables, 90 in batch, delta=78.82491856599995
---Extracting values delta=12.682728968999982
---Extracted values delta=69.79656751699986
[13.729714676568301, 18.882636939443515, 18.882636939443515, 11.117999546867804, 11.117999546867804, 13.310586558906275, 13.310586558906275, 12.088928776107263, 12.088928776107263, 12.827541634204056, 12.827541634204056, 12.223787928277588, 12.223787928277588, 12.382883816726144, 12.382883816726144, 12.753501106283242, 12.753501106283242, 12.122032681810381]
10  :--------------------------------
fit_params:  [  3.064   7.151   3.555   0.049  -0.108   1.476  -6.109 -11.386  -5.611
  20.206]
current: 12.122+/-0.191  params:  [0.993 0.705 0.5  ]  grad:  [-0.107 -1.056 -0.898]  gamma_k: 0.0750  delta_k: 0.4806
---Preparing executables
---Running executables, 90 in batch, delta=82.18523687900006
---Extracting values delta=12.62879057400005
---Extracted values delta=69.23655784300013
[13.729714676568301, 18.882636939443515, 18.882636939443515, 11.117999546867804, 11.117999546867804, 13.310586558906275, 13.310586558906275, 12.088928776107263, 12.088928776107263, 12.827541634204056, 12.827541634204056, 12.223787928277588, 12.223787928277588, 12.382883816726144, 12.382883816726144, 12.753501106283242, 12.753501106283242, 12.122032681810381, 12.122032681810381, 11.946473845577032]
11  :--------------------------------
fit_params:  [  2.847   8.092   3.234  -0.169   0.167   1.817  -6.43  -11.363  -5.661
  20.107]
current: 11.946+/-0.218  params:  [1.053 0.597 0.467]  grad:  [-0.847  1.537  0.471]  gamma_k: 0.0708  delta_k: 0.4755
***11.95+/-0.22 1630619470.880733
---VQE complete: delta 1732.4143760910001
Data collected can be found at experiments/8x1_bayesmgd_zz_x_U_8_nocc_9_d_1-0902-222211/8x1
