{'theta': True, 'zeta': True, 'chi': False, 'gamma': True, 'phi': True, 'time': None}
{'theta': False, 'zeta': False, 'chi': False, 'gamma': False, 'phi': False, 'time': None}
                  (3, 2)
                  │
                  │
         (4, 1)───(4, 2)───(4, 3)
         │        │        │
         │        │        │
(5, 0)───(5, 1)───(5, 2)───(5, 3)───(5, 4)
         │        │        │        │
         │        │        │        │
         (6, 1)───(6, 2)───(6, 3)───(6, 4)───(6, 5)
                  │        │        │        │
                  │        │        │        │
                  (7, 2)───(7, 3)───(7, 4)───(7, 5)───(7, 6)
                           │        │        │
                           │        │        │
                           (8, 3)───(8, 4)───(8, 5)
                                    │
                                    │
                                    (9, 4)
Start at: (3, 2), with dr
Using qubits [cirq.GridQubit(3, 2), cirq.GridQubit(4, 2), cirq.GridQubit(4, 3), cirq.GridQubit(5, 3), cirq.GridQubit(5, 4), cirq.GridQubit(6, 4), cirq.GridQubit(6, 5), cirq.GridQubit(7, 5), cirq.GridQubit(4, 1), cirq.GridQubit(5, 1), cirq.GridQubit(5, 2), cirq.GridQubit(6, 2), cirq.GridQubit(6, 3), cirq.GridQubit(7, 3), cirq.GridQubit(7, 4), cirq.GridQubit(8, 4)]
Using qubits, JW:[cirq.GridQubit(3, 2), cirq.GridQubit(4, 2), cirq.GridQubit(4, 3), cirq.GridQubit(5, 3), cirq.GridQubit(5, 4), cirq.GridQubit(6, 4), cirq.GridQubit(6, 5), cirq.GridQubit(7, 5), cirq.GridQubit(4, 1), cirq.GridQubit(5, 1), cirq.GridQubit(5, 2), cirq.GridQubit(6, 2), cirq.GridQubit(6, 3), cirq.GridQubit(7, 3), cirq.GridQubit(7, 4), cirq.GridQubit(8, 4)]
                  [31m(3, 2)[0m
                  │
                  │
         [35m(4, 1)[0m───[31m(4, 2)[0m───[31m(4, 3)[0m
         │        │        │
         │        │        │
(5, 0)───[35m(5, 1)[0m───[35m(5, 2)[0m───[31m(5, 3)[0m───[31m(5, 4)[0m
         │        │        │        │
         │        │        │        │
         (6, 1)───[35m(6, 2)[0m───[35m(6, 3)[0m───[31m(6, 4)[0m───[31m(6, 5)[0m
                  │        │        │        │
                  │        │        │        │
                  (7, 2)───[35m(7, 3)[0m───[35m(7, 4)[0m───[31m(7, 5)[0m───(7, 6)
                           │        │        │
                           │        │        │
                           (8, 3)───[35m(8, 4)[0m───(8, 5)
                                    │
                                    │
                                    (9, 4)
None
Meas types ['onsite0', 'horiz0', 'vert02', 'vert12']
Prepped onsite, pairs=[(0, 8), (1, 9), (2, 10), (3, 11), (4, 12), (5, 13), (6, 14), (7, 15)]
Prepped horiz, pairs=[(0, 1), (2, 3), (4, 5), (6, 7), (8, 9), (10, 11), (12, 13), (14, 15)]
Prepped vert0, pairs=[(1, 2), (3, 4), (5, 6), (9, 10), (11, 12), (13, 14)]
Prepped vert1, pairs=[(1, 2), (3, 4), (5, 6), (9, 10), (11, 12), (13, 14)]
Set recompilation to False
Got pairs set [(10, 11), (5, 6), (3, 11), (5, 13), (8, 9), (4, 12), (6, 14), (1, 2), (6, 7), (7, 15), (12, 13), (4, 5), (2, 10), (9, 10), (2, 3), (1, 9), (14, 15), (0, 8), (11, 12), (0, 1), (13, 14), (3, 4)]
---Starting to do calibration: delta 3.480928026
---Starting to set up measurements: delta 0.8173825399999988
---Starting to run VQE: delta 2.0884874890000003
No optimisation, save file is experiments/4x2_single_U_8_nocc_14_d_1-0920-000146/2x4/processed/processed.json
Given params: [[[[[0.659, 0.396, 0.454, 0.363]]], [[[-0.659, -0.396, -0.454, -0.363]]], [[[0, 0.396, 0.454, 0.363]]], [[[0, -0.396, -0.454, -0.363]]]]]
---Preparing executables
---Running executables, 16 in batch, delta=7.796741786999998
---Extracting values delta=3.4322373729999995
---Extracted values delta=70.834330556
===45.28727747414197 44.98708789826349 45.679151163086416 45.62737622686578 1632092594.704631
Computed energies [45.137182686202735], params [[[[0.659, 0.396, 0.454, 0.363]]], [[[-0.659, -0.396, -0.454, -0.363]]], [[[0, 0.396, 0.454, 0.363]]], [[[0, -0.396, -0.454, -0.363]]]]
***45.137182686202735 1632092594.7065442
---VQE complete: delta 82.071010191
---Starting TFLO
Using saved points
Using params [[[0, 1.5708, 0, 0]], [[0, 4.71239, 0, 1.5708]], [[0, 2.35619, 5.49779, 1.5708]], [[0, 3.92699, 1.5708, 2.35619]], [[0, 2.35619, 3.14159, 1.5708]], [[0, 0, 1.5708, 3.14159]], [[0, 3.14159, 0, 4.71239]], [[0, 1.5708, 1.5708, 3.92699]], [[0, 5.49779, 5.49779, 4.71239]], [[0, 0, 1.5708, 4.71239]], [[0, 0, 3.92699, 3.14159]], [[0, 5.49779, 4.71239, 4.71239]], [[0, 0, 3.14159, 3.92699]], [[0, 5.49779, 3.92699, 3.92699]], [[0, 5.49779, 2.35619, 5.49779]], [[0, 0, 3.92699, 5.49779]], [[0, 0.396, 0.454, 0.363]], [[0.659, 0.396, 0.454, 0.363]], [[0, -1.5708, 0, 0]], [[0, -4.71239, 0, -1.5708]], [[0, -2.35619, -5.49779, -1.5708]], [[0, -3.92699, -1.5708, -2.35619]], [[0, -2.35619, -3.14159, -1.5708]], [[0, 0, -1.5708, -3.14159]], [[0, -3.14159, 0, -4.71239]], [[0, -1.5708, -1.5708, -3.92699]], [[0, -5.49779, -5.49779, -4.71239]], [[0, 0, -1.5708, -4.71239]], [[0, 0, -3.92699, -3.14159]], [[0, -5.49779, -4.71239, -4.71239]], [[0, 0, -3.14159, -3.92699]], [[0, -5.49779, -3.92699, -3.92699]], [[0, -5.49779, -2.35619, -5.49779]], [[0, 0, -3.92699, -5.49779]], [[0, -0.396, -0.454, -0.363]], [[-0.659, -0.396, -0.454, -0.363]]]
---Preparing executables
---Running executables, 144 in batch, delta=71.054481486
---Extracting values delta=8.709343393000012
---Extracted values delta=146.066969069
---Time for noisy calculation: 225.85565485899997
***TFLON: 45.631631468459766,45.70291186418406,46.10251573188693,46.046591768025664,46.86837698564095,46.73128560428337,47.47226828383777,47.78972712824941,48.443614893982854,48.1891402083742,48.919525921449896,49.635928194988935,49.51325078954306,49.88863440347602,50.16767732193492,50.99539631105378,45.6228737805861,45.263526374649295,45.776633877918755,45.84150441976332,46.83120431950322,47.17491666127305,47.84891510916998,47.32017354796105,47.72679841370763,48.34638143803613,48.446162144198134,48.810887074645436,49.47272518928915,49.814149792176806,50.18430492822528,50.07283714840608,50.74085832147381,51.10242294720339,45.55477832112428,44.98105302119854 1632092823.396224
Noisy energies by type: {'onsite0': array([49.1565032 , 49.16950407, 49.09062003, 49.14414753, 49.33704735,
       49.07554833, 49.18602188, 49.05730994, 49.00740741, 48.87635924,
       49.1875969 , 49.09049255, 49.09955663, 49.3970346 , 49.15052161,
       49.1882716 , 49.06876916, 48.47058824, 49.11092577, 49.10759494,
       49.21106719, 49.39305019, 49.00917431, 49.18032787, 49.13172253,
       48.98659517, 48.95712536, 49.11883836, 49.17263844, 49.11926606,
       49.09429743, 49.0719755 , 49.09134045, 49.12354805, 48.97897393,
       48.56639566]), 'horiz0': array([-1.38413686, -1.48673267, -1.45933014, -1.195835  , -1.18419992,
       -0.85933749, -1.54364472, -0.48388447, -1.04558762, -0.23380154,
       -0.28249497, -0.299874  ,  0.31587697, -0.00260304,  0.70182395,
        0.80981595, -1.29084967, -1.26358696, -1.32718894, -1.49443969,
       -1.27510917, -0.81239389, -0.44198895, -0.74408218, -1.43932267,
       -0.33191851, -1.04      , -0.25725422, -0.00476948, -0.16816048,
        0.73506386,  0.36727589,  0.87296417,  0.98603909, -1.34297964,
       -1.52006233]), 'vert02': array([-0.95927792, -1.05174198, -0.87534626, -0.67473414, -0.6446088 ,
       -0.35225376, -0.02082544, -0.06893881,  0.06153846,  0.0793336 ,
       -0.16574803,  0.2170858 ,  0.13163143,  0.11972104,  0.32688732,
        0.39403853, -1.04131848, -0.98175031, -1.04809437, -0.86970818,
       -0.6811649 , -0.4596132 , -0.3872943 , -0.3153789 ,  0.13744076,
        0.21591334,  0.02744949,  0.10797774, -0.1833897 ,  0.1370229 ,
        0.15503597,  0.00230326,  0.35218216,  0.45470756, -1.06760436,
       -1.12626996]), 'vert12': array([-1.18145695, -0.92811755, -0.6534279 , -1.22698662, -0.63986165,
       -1.13267148, -0.14928344, -0.71475954,  0.42025665, -0.53275109,
        0.18017202,  0.62822384, -0.03381425,  0.37448181, -0.01155556,
        0.60327022, -1.11372723, -0.96172459, -0.95900858, -0.90194265,
       -0.4235888 , -0.94612645, -0.33097595, -0.80069324, -0.1030422 ,
       -0.52420857,  0.5015873 , -0.1586748 ,  0.48824593,  0.72602131,
        0.19990766,  0.6312825 ,  0.42437154,  0.53812825, -1.01361162,
       -0.93901036])}
Using saved exact energies
Data collected can be found at experiments/4x2_single_U_8_nocc_14_d_1-0920-000146/2x4
