{'theta': True, 'zeta': True, 'chi': False, 'gamma': True, 'phi': True, 'time': None}
{'theta': False, 'zeta': False, 'chi': False, 'gamma': False, 'phi': False, 'time': None}
                  (3, 2)
                  │
                  │
         (4, 1)───(4, 2)───(4, 3)
         │        │        │
         │        │        │
(5, 0)───(5, 1)───(5, 2)───(5, 3)───(5, 4)
         │        │        │        │
         │        │        │        │
         (6, 1)───(6, 2)───(6, 3)───(6, 4)───(6, 5)
                  │        │        │        │
                  │        │        │        │
                  (7, 2)───(7, 3)───(7, 4)───(7, 5)───(7, 6)
                           │        │        │
                           │        │        │
                           (8, 3)───(8, 4)───(8, 5)
                                    │
                                    │
                                    (9, 4)
Start at: (3, 2), with dr
Using qubits [cirq.GridQubit(3, 2), cirq.GridQubit(4, 2), cirq.GridQubit(4, 3), cirq.GridQubit(5, 3), cirq.GridQubit(5, 4), cirq.GridQubit(6, 4), cirq.GridQubit(6, 5), cirq.GridQubit(7, 5), cirq.GridQubit(4, 1), cirq.GridQubit(5, 1), cirq.GridQubit(5, 2), cirq.GridQubit(6, 2), cirq.GridQubit(6, 3), cirq.GridQubit(7, 3), cirq.GridQubit(7, 4), cirq.GridQubit(8, 4)]
Using qubits, JW:[cirq.GridQubit(3, 2), cirq.GridQubit(4, 2), cirq.GridQubit(4, 3), cirq.GridQubit(5, 3), cirq.GridQubit(5, 4), cirq.GridQubit(6, 4), cirq.GridQubit(6, 5), cirq.GridQubit(7, 5), cirq.GridQubit(4, 1), cirq.GridQubit(5, 1), cirq.GridQubit(5, 2), cirq.GridQubit(6, 2), cirq.GridQubit(6, 3), cirq.GridQubit(7, 3), cirq.GridQubit(7, 4), cirq.GridQubit(8, 4)]
                  [31m(3, 2)[0m
                  │
                  │
         [35m(4, 1)[0m───[31m(4, 2)[0m───[31m(4, 3)[0m
         │        │        │
         │        │        │
(5, 0)───[35m(5, 1)[0m───[35m(5, 2)[0m───[31m(5, 3)[0m───[31m(5, 4)[0m
         │        │        │        │
         │        │        │        │
         (6, 1)───[35m(6, 2)[0m───[35m(6, 3)[0m───[31m(6, 4)[0m───[31m(6, 5)[0m
                  │        │        │        │
                  │        │        │        │
                  (7, 2)───[35m(7, 3)[0m───[35m(7, 4)[0m───[31m(7, 5)[0m───(7, 6)
                           │        │        │
                           │        │        │
                           (8, 3)───[35m(8, 4)[0m───(8, 5)
                                    │
                                    │
                                    (9, 4)
None
Meas types ['onsite0', 'horiz0', 'horiz1']
Prepped onsite, pairs=[(0, 8), (1, 9), (2, 10), (3, 11), (4, 12), (5, 13), (6, 14), (7, 15)]
Prepped horiz, pairs=[(0, 1), (2, 3), (4, 5), (6, 7), (8, 9), (10, 11), (12, 13), (14, 15)]
Prepped horiz, pairs=[(1, 2), (3, 4), (5, 6), (9, 10), (11, 12), (13, 14)]
Set recompilation to False
Got pairs set [(10, 11), (5, 6), (3, 11), (5, 13), (8, 9), (4, 12), (6, 14), (1, 2), (6, 7), (7, 15), (12, 13), (4, 5), (2, 10), (9, 10), (2, 3), (1, 9), (14, 15), (0, 8), (11, 12), (0, 1), (13, 14), (3, 4)]
---Starting to do calibration: delta 2.9391486419999997
---Starting to set up measurements: delta 0.6881271509999998
---Starting to run VQE: delta 1.29595913
No optimisation, save file is experiments/8x1_single_zz_x_U_4_nocc_10_d_1-0914-002514/8x1/processed/processed.json
Given params: [[[[[0.559, 0.654, 0.558]]], [[[-0.559, -0.654, -0.558]]], [[[0, 0.654, 0.558]]], [[[0, -0.654, -0.558]]]]]
---Preparing executables
---Running executables, 12 in batch, delta=5.726910922000001
---Extracting values delta=2.8360080729999986
---Extracted values delta=53.61262576199999
===6.178186286612882 5.929122269105722 6.603227657026805 7.4868848718603305 1631575581.313709
Computed energies [6.053654277859302], params [[[[0.559, 0.654, 0.558]]], [[[-0.559, -0.654, -0.558]]], [[[0, 0.654, 0.558]]], [[[0, -0.654, -0.558]]]]
***6.053654277859302 1631575581.316492
---VQE complete: delta 62.181973027000005
---Starting TFLO
Using saved points
Using params [[[0, 0, 0]], [[0, 0, 0.785398]], [[0, 1.5708, 0.785398]], [[0, 4.71239, 0]], [[0, 5.49779, 0.785398]], [[0, 2.35619, 0.785398]], [[0, 2.35619, 1.5708]], [[0, 5.49779, 1.5708]], [[0, 0.785398, 3.14159]], [[0, 0, 5.49779]], [[0, 5.49779, 4.71239]], [[0, 0.785398, 4.71239]], [[0, 4.71239, 4.71239]], [[0, 4.71239, 2.35619]], [[0, 3.92699, 5.49779]], [[0, 3.14159, 3.14159]], [[0, 0.654, 0.558]], [[0.559, 0.654, 0.558]], [[0, 0, 0]], [[0, 0, -0.785398]], [[0, -1.5708, -0.785398]], [[0, -4.71239, 0]], [[0, -5.49779, -0.785398]], [[0, -2.35619, -0.785398]], [[0, -2.35619, -1.5708]], [[0, -5.49779, -1.5708]], [[0, -0.785398, -3.14159]], [[0, 0, -5.49779]], [[0, -5.49779, -4.71239]], [[0, -0.785398, -4.71239]], [[0, -4.71239, -4.71239]], [[0, -4.71239, -2.35619]], [[0, -3.92699, -5.49779]], [[0, -3.14159, -3.14159]], [[0, -0.654, -0.558]], [[-0.559, -0.654, -0.558]]]
---Preparing executables
---Running executables, 108 in batch, delta=51.133473365
---Extracting values delta=13.000587108000005
---Extracted values delta=102.50193098199998
---Time for noisy calculation: 166.652271922
***TFLON: 6.908527546665281,7.2551234417903085,7.488168944475838,7.826033681621022,8.549563306559861,9.017681586248457,9.432783280905797,10.112729815076802,9.587174111880014,11.473028826508333,12.294880921582283,11.631199426167806,12.576018646917126,12.35702041459077,12.557197568448371,13.289525083371874,6.676013115075848,6.211083517108998,6.934336578842986,7.735758052642057,7.2772333208054,8.237090855740636,8.280956211931555,8.060799534627526,8.812106345529624,9.714474008459087,10.847603578267831,10.869250974889406,10.476811851287799,12.134743482040538,11.711591261065042,12.122458335644168,13.213913986518389,13.105789953341217,7.501440984529094,6.108773815903334 1631575750.091562
Noisy energies by type: {'onsite0': array([12.61195984, 12.81823939, 12.80615942, 12.64812362, 13.14848021,
       13.13245335, 12.91231218, 13.13704265, 12.22604857, 12.85148093,
       13.1454219 , 12.44578573, 12.72316384, 12.62164502, 12.07225806,
       12.69400353, 12.39586541, 10.88187556, 12.61652174, 12.87708516,
       12.57498887, 12.6834353 , 12.295747  , 12.14910714, 12.2908446 ,
       12.46913053, 13.31928618, 12.71599658, 12.49300699, 13.27245185,
       12.67065357, 12.78061117, 13.14748201, 12.71406828, 13.18991297,
       11.76041219]), 'horiz0': array([-3.11942882, -2.97980013, -4.09004288, -3.75430084, -2.45406949,
       -3.91155022, -3.33897485, -0.92709061, -0.45158127,  1.2131756 ,
        1.26389223,  1.37681483,  0.99487179,  0.83281807,  0.59678161,
        0.31184627, -3.44708423, -2.70771375, -3.11214539, -2.62601448,
       -4.17996762, -3.28948609, -1.92211982, -3.9349481 , -3.26831523,
       -0.61220826, -0.37549871,  0.68661719,  0.12884134,  0.99318735,
        0.15985301,  0.55578947,  0.30772823,  0.17315814, -3.45262685,
       -3.53917831]), 'horiz1': array([-2.58400348, -2.58331582, -1.2279476 , -1.0677891 , -2.14484741,
       -0.20322154, -0.14055404, -2.09722222, -2.18729318, -2.5916277 ,
       -2.11443321, -2.19140113, -1.14201699, -1.09744268, -0.11184211,
        0.28367529, -2.27276806, -1.96307829, -2.57003977, -2.51531263,
       -1.11778794, -1.15685836, -2.09267097, -0.15335951, -0.21042303,
       -2.14244826, -2.09618389, -2.53336279, -2.14503648, -2.13089572,
       -1.11891531, -1.21394231, -0.24129626,  0.21856354, -2.23584513,
       -2.11246006])}
Using saved exact energies
Data collected can be found at experiments/8x1_single_zz_x_U_4_nocc_10_d_1-0914-002514/8x1
