{'theta': True, 'zeta': True, 'chi': False, 'gamma': True, 'phi': True, 'time': None}
{'theta': False, 'zeta': False, 'chi': False, 'gamma': False, 'phi': False, 'time': None}
                  (3, 2)
                  │
                  │
         (4, 1)───(4, 2)───(4, 3)
         │        │        │
         │        │        │
(5, 0)───(5, 1)───(5, 2)───(5, 3)───(5, 4)
         │        │        │        │
         │        │        │        │
         (6, 1)───(6, 2)───(6, 3)───(6, 4)───(6, 5)
                  │        │        │        │
                  │        │        │        │
                  (7, 2)───(7, 3)───(7, 4)───(7, 5)───(7, 6)
                           │        │        │
                           │        │        │
                           (8, 3)───(8, 4)───(8, 5)
                                    │
                                    │
                                    (9, 4)
Start at: (3, 2), with dr
Using qubits [cirq.GridQubit(3, 2), cirq.GridQubit(4, 2), cirq.GridQubit(4, 3), cirq.GridQubit(5, 3), cirq.GridQubit(5, 4), cirq.GridQubit(6, 4), cirq.GridQubit(6, 5), cirq.GridQubit(7, 5), cirq.GridQubit(4, 1), cirq.GridQubit(5, 1), cirq.GridQubit(5, 2), cirq.GridQubit(6, 2), cirq.GridQubit(6, 3), cirq.GridQubit(7, 3), cirq.GridQubit(7, 4), cirq.GridQubit(8, 4)]
Using qubits, JW:[cirq.GridQubit(3, 2), cirq.GridQubit(4, 2), cirq.GridQubit(4, 3), cirq.GridQubit(5, 3), cirq.GridQubit(5, 4), cirq.GridQubit(6, 4), cirq.GridQubit(6, 5), cirq.GridQubit(7, 5), cirq.GridQubit(4, 1), cirq.GridQubit(5, 1), cirq.GridQubit(5, 2), cirq.GridQubit(6, 2), cirq.GridQubit(6, 3), cirq.GridQubit(7, 3), cirq.GridQubit(7, 4), cirq.GridQubit(8, 4)]
                  [31m(3, 2)[0m
                  │
                  │
         [35m(4, 1)[0m───[31m(4, 2)[0m───[31m(4, 3)[0m
         │        │        │
         │        │        │
(5, 0)───[35m(5, 1)[0m───[35m(5, 2)[0m───[31m(5, 3)[0m───[31m(5, 4)[0m
         │        │        │        │
         │        │        │        │
         (6, 1)───[35m(6, 2)[0m───[35m(6, 3)[0m───[31m(6, 4)[0m───[31m(6, 5)[0m
                  │        │        │        │
                  │        │        │        │
                  (7, 2)───[35m(7, 3)[0m───[35m(7, 4)[0m───[31m(7, 5)[0m───(7, 6)
                           │        │        │
                           │        │        │
                           (8, 3)───[35m(8, 4)[0m───(8, 5)
                                    │
                                    │
                                    (9, 4)
None
Meas types ['onsite0', 'horiz0', 'horiz1']
Prepped onsite, pairs=[(0, 8), (1, 9), (2, 10), (3, 11), (4, 12), (5, 13), (6, 14), (7, 15)]
Prepped horiz, pairs=[(0, 1), (2, 3), (4, 5), (6, 7), (8, 9), (10, 11), (12, 13), (14, 15)]
Prepped horiz, pairs=[(1, 2), (3, 4), (5, 6), (9, 10), (11, 12), (13, 14)]
Set recompilation to False
Got pairs set [(10, 11), (5, 6), (3, 11), (5, 13), (8, 9), (4, 12), (6, 14), (1, 2), (6, 7), (7, 15), (12, 13), (4, 5), (2, 10), (9, 10), (2, 3), (1, 9), (14, 15), (0, 8), (11, 12), (0, 1), (13, 14), (3, 4)]
---Starting to do calibration: delta 3.448202813999999
---Starting to set up measurements: delta 0.6454296490000004
---Starting to run VQE: delta 1.1851012549999993
No optimisation, save file is experiments/8x1_single_zz_x_U_4_nocc_10_d_1-0914-023136/8x1/processed/processed.json
Given params: [[[[[0.559, 0.654, 0.558]]], [[[-0.559, -0.654, -0.558]]], [[[0, 0.654, 0.558]]], [[[0, -0.654, -0.558]]]]]
---Preparing executables
---Running executables, 12 in batch, delta=5.01765123
---Extracting values delta=3.9345447699999987
---Extracted values delta=47.927592086999994
===6.146488211043245 5.867832598746562 6.493455736866498 7.3193614575810635 1631583158.167528
Computed energies [6.007160404894903], params [[[[0.559, 0.654, 0.558]]], [[[-0.559, -0.654, -0.558]]], [[[0, 0.654, 0.558]]], [[[0, -0.654, -0.558]]]]
***6.007160404894903 1631583158.1698182
---VQE complete: delta 56.885374719
---Starting TFLO
Using saved points
Using params [[[0, 0, 0]], [[0, 0, 0.785398]], [[0, 1.5708, 0.785398]], [[0, 4.71239, 0]], [[0, 5.49779, 0.785398]], [[0, 2.35619, 0.785398]], [[0, 2.35619, 1.5708]], [[0, 5.49779, 1.5708]], [[0, 0.785398, 3.14159]], [[0, 0, 5.49779]], [[0, 5.49779, 4.71239]], [[0, 0.785398, 4.71239]], [[0, 4.71239, 4.71239]], [[0, 4.71239, 2.35619]], [[0, 3.92699, 5.49779]], [[0, 3.14159, 3.14159]], [[0, 0.654, 0.558]], [[0.559, 0.654, 0.558]], [[0, 0, 0]], [[0, 0, -0.785398]], [[0, -1.5708, -0.785398]], [[0, -4.71239, 0]], [[0, -5.49779, -0.785398]], [[0, -2.35619, -0.785398]], [[0, -2.35619, -1.5708]], [[0, -5.49779, -1.5708]], [[0, -0.785398, -3.14159]], [[0, 0, -5.49779]], [[0, -5.49779, -4.71239]], [[0, -0.785398, -4.71239]], [[0, -4.71239, -4.71239]], [[0, -4.71239, -2.35619]], [[0, -3.92699, -5.49779]], [[0, -3.14159, -3.14159]], [[0, -0.654, -0.558]], [[-0.559, -0.654, -0.558]]]
---Preparing executables
---Running executables, 108 in batch, delta=45.627758486999994
---Extracting values delta=12.871394539000008
---Extracted values delta=104.957326335
---Time for noisy calculation: 163.474526621
***TFLON: 6.822693216992859,7.079243628089236,7.45770988444721,7.599662728406216,8.671750753474077,8.959767649307029,9.427425306999673,10.016145381630245,9.357693898071869,11.318735744885107,12.129850575477484,11.506499111083201,12.397026768019668,12.234516688742733,12.595147963934997,13.098057938208724,6.488394999333836,6.109329910724737,6.935594960209674,7.441056240910724,7.194920312715973,8.079267673109946,8.011873096003606,8.0202272267816,8.7903873231969,9.50927366067813,10.698058508940223,10.812433119950628,10.608430273890319,11.852169054334572,11.68485613482514,12.072750893490118,13.239189517289338,13.024170783389192,7.277382593772744,5.900321884718458 1631583323.650891
Noisy energies by type: {'onsite0': array([12.62921348, 12.76550814, 12.83725262, 12.58050479, 13.23616974,
       13.07098266, 12.8226751 , 13.10707248, 12.16056009, 12.82784971,
       13.11181244, 12.49890973, 12.65437998, 12.5239588 , 12.17283404,
       12.65175719, 12.32885595, 10.94491429, 12.7229027 , 12.78146002,
       12.56814525, 12.6409754 , 12.22669914, 12.14804784, 12.32863219,
       12.39329806, 13.25531449, 12.80035651, 12.54708138, 13.17423068,
       12.6718232 , 12.7381434 , 13.109375  , 12.6380531 , 13.21384206,
       11.66917293]), 'horiz0': array([-3.18786517, -3.0348347 , -4.12857836, -3.73713522, -2.37852155,
       -3.88465251, -3.22940879, -0.93050764, -0.53466872,  1.15022908,
        1.2344728 ,  1.2934354 ,  0.99673964,  0.90917581,  0.60787172,
        0.26005565, -3.46412177, -2.81128917, -3.18234507, -2.70304114,
       -4.21327782, -3.36852071, -1.99859715, -3.96868327, -3.33193473,
       -0.60741423, -0.35874649,  0.69705094,  0.30353818,  0.96751798,
        0.22657005,  0.59764706,  0.36300417,  0.17436875, -3.58639456,
       -3.6409042 ]), 'horiz1': array([-2.6186551 , -2.65142981, -1.25096437, -1.24370684, -2.18589744,
       -0.2265625 , -0.165841  , -2.16041946, -2.26819747, -2.65934305,
       -2.21643467, -2.28584601, -1.25409285, -1.19861792, -0.18555779,
        0.1862451 , -2.37633918, -2.02429521, -2.60496267, -2.63736264,
       -1.15994712, -1.19318701, -2.21622889, -0.15913734, -0.20631014,
       -2.27661017, -2.19850949, -2.68497432, -2.24218928, -2.28957961,
       -1.21353712, -1.26303957, -0.23318966,  0.21174894, -2.35006491,
       -2.12794685])}
Using saved exact energies
Data collected can be found at experiments/8x1_single_zz_x_U_4_nocc_10_d_1-0914-023136/8x1
