{'theta': True, 'zeta': True, 'chi': False, 'gamma': True, 'phi': True, 'time': None}
{'theta': False, 'zeta': False, 'chi': False, 'gamma': False, 'phi': False, 'time': None}
                  (3, 2)
                  │
                  │
         (4, 1)───(4, 2)───(4, 3)
         │        │        │
         │        │        │
(5, 0)───(5, 1)───(5, 2)───(5, 3)───(5, 4)
         │        │        │        │
         │        │        │        │
         (6, 1)───(6, 2)───(6, 3)───(6, 4)───(6, 5)
                  │        │        │        │
                  │        │        │        │
                  (7, 2)───(7, 3)───(7, 4)───(7, 5)───(7, 6)
                           │        │        │
                           │        │        │
                           (8, 3)───(8, 4)───(8, 5)
                                    │
                                    │
                                    (9, 4)
Start at: (3, 2), with dr
Using qubits [cirq.GridQubit(3, 2), cirq.GridQubit(4, 2), cirq.GridQubit(4, 3), cirq.GridQubit(5, 3), cirq.GridQubit(5, 4), cirq.GridQubit(6, 4), cirq.GridQubit(6, 5), cirq.GridQubit(7, 5), cirq.GridQubit(4, 1), cirq.GridQubit(5, 1), cirq.GridQubit(5, 2), cirq.GridQubit(6, 2), cirq.GridQubit(6, 3), cirq.GridQubit(7, 3), cirq.GridQubit(7, 4), cirq.GridQubit(8, 4)]
Using qubits, JW:[cirq.GridQubit(3, 2), cirq.GridQubit(4, 2), cirq.GridQubit(4, 3), cirq.GridQubit(5, 3), cirq.GridQubit(5, 4), cirq.GridQubit(6, 4), cirq.GridQubit(6, 5), cirq.GridQubit(7, 5), cirq.GridQubit(4, 1), cirq.GridQubit(5, 1), cirq.GridQubit(5, 2), cirq.GridQubit(6, 2), cirq.GridQubit(6, 3), cirq.GridQubit(7, 3), cirq.GridQubit(7, 4), cirq.GridQubit(8, 4)]
                  [31m(3, 2)[0m
                  │
                  │
         [35m(4, 1)[0m───[31m(4, 2)[0m───[31m(4, 3)[0m
         │        │        │
         │        │        │
(5, 0)───[35m(5, 1)[0m───[35m(5, 2)[0m───[31m(5, 3)[0m───[31m(5, 4)[0m
         │        │        │        │
         │        │        │        │
         (6, 1)───[35m(6, 2)[0m───[35m(6, 3)[0m───[31m(6, 4)[0m───[31m(6, 5)[0m
                  │        │        │        │
                  │        │        │        │
                  (7, 2)───[35m(7, 3)[0m───[35m(7, 4)[0m───[31m(7, 5)[0m───(7, 6)
                           │        │        │
                           │        │        │
                           (8, 3)───[35m(8, 4)[0m───(8, 5)
                                    │
                                    │
                                    (9, 4)
None
Meas types ['onsite0', 'horiz0', 'vert02', 'vert12']
Prepped onsite, pairs=[(0, 8), (1, 9), (2, 10), (3, 11), (4, 12), (5, 13), (6, 14), (7, 15)]
Prepped horiz, pairs=[(0, 1), (2, 3), (4, 5), (6, 7), (8, 9), (10, 11), (12, 13), (14, 15)]
Prepped vert0, pairs=[(1, 2), (3, 4), (5, 6), (9, 10), (11, 12), (13, 14)]
Prepped vert1, pairs=[(1, 2), (3, 4), (5, 6), (9, 10), (11, 12), (13, 14)]
Set recompilation to False
Got pairs set [(10, 11), (5, 6), (3, 11), (5, 13), (8, 9), (4, 12), (6, 14), (1, 2), (6, 7), (7, 15), (12, 13), (4, 5), (2, 10), (9, 10), (2, 3), (1, 9), (14, 15), (0, 8), (11, 12), (0, 1), (13, 14), (3, 4)]
---Starting to do calibration: delta 3.355668862
---Starting to set up measurements: delta 0.9148468000000012
---Starting to run VQE: delta 2.408413693
No optimisation, save file is experiments/4x2_single_U_8_nocc_10_d_1-0919-221624/2x4/processed/processed.json
Given params: [[[[[0.941, 0.265, 0.591, 0.59]]], [[[-0.941, -0.265, -0.591, -0.59]]], [[[0, 0.265, 0.591, 0.59]]], [[[0, -0.265, -0.591, -0.59]]]]]
---Preparing executables
---Running executables, 16 in batch, delta=9.329550655999999
---Extracting values delta=2.5880128870000014
---Extracted values delta=67.505879343
===17.744938542770246 16.758905324352554 20.328070337539906 19.304258930253276 1632086270.976005
Computed energies [17.2519219335614], params [[[[0.941, 0.265, 0.591, 0.59]]], [[[-0.941, -0.265, -0.591, -0.59]]], [[[0, 0.265, 0.591, 0.59]]], [[[0, -0.265, -0.591, -0.59]]]]
***17.2519219335614 1632086270.978879
---VQE complete: delta 79.433220559
---Starting TFLO
Using saved points
Using params [[[0, 1.5708, 0, 0]], [[0, 3.92699, 4.71239, 0]], [[0, 0.785398, 3.92699, 0]], [[0, 1.5708, 3.14159, 0.785398]], [[0, 3.92699, 0.785398, 3.14159]], [[0, 3.14159, 1.5708, 3.14159]], [[0, 0, 0.785398, 3.92699]], [[0, 4.71239, 2.35619, 3.14159]], [[0, 4.71239, 3.92699, 2.35619]], [[0, 5.49779, 0, 4.71239]], [[0, 0, 0.785398, 5.49779]], [[0, 1.5708, 3.92699, 3.14159]], [[0, 3.92699, 4.71239, 3.92699]], [[0, 1.5708, 3.92699, 3.92699]], [[0, 4.71239, 4.71239, 5.49779]], [[0, 1.5708, 3.92699, 4.71239]], [[0, 0.265, 0.591, 0.59]], [[0.941, 0.265, 0.591, 0.59]], [[0, -1.5708, 0, 0]], [[0, -3.92699, -4.71239, 0]], [[0, -0.785398, -3.92699, 0]], [[0, -1.5708, -3.14159, -0.785398]], [[0, -3.92699, -0.785398, -3.14159]], [[0, -3.14159, -1.5708, -3.14159]], [[0, 0, -0.785398, -3.92699]], [[0, -4.71239, -2.35619, -3.14159]], [[0, -4.71239, -3.92699, -2.35619]], [[0, -5.49779, 0, -4.71239]], [[0, 0, -0.785398, -5.49779]], [[0, -1.5708, -3.92699, -3.14159]], [[0, -3.92699, -4.71239, -3.92699]], [[0, -1.5708, -3.92699, -3.92699]], [[0, -4.71239, -4.71239, -5.49779]], [[0, -1.5708, -3.92699, -4.71239]], [[0, -0.265, -0.591, -0.59]], [[-0.941, -0.265, -0.591, -0.59]]]
---Preparing executables
---Running executables, 144 in batch, delta=90.68799410199999
---Extracting values delta=10.982853868999996
---Extracted values delta=153.21383216
---Time for noisy calculation: 254.91317157699996
***TFLON: 19.539915867544476,20.332646032754322,21.03493691243632,21.420734585422778,22.036503783865157,22.46244456081077,23.240895398851155,22.486355194512672,24.198072001495873,24.580762007724257,25.271506830260336,26.830696112946228,27.026479200161717,28.32345292620837,28.042682204404052,29.334648643785293,20.30413370307326,17.707272867398743,19.492077318259504,20.251062868738078,19.99304218672908,21.24551623462669,21.60796018224273,22.930539096414773,23.000884721933744,23.677349233301992,24.12676835779912,24.348556590656482,26.074222441414435,26.08779046820587,26.895233459601215,27.625073666005363,28.53048203071138,28.886764865602014,19.25845669718247,16.810719180624496 1632086528.931056
Noisy energies by type: {'onsite0': array([25.06532156, 25.53986795, 25.65951073, 25.4832636 , 25.74001526,
       25.42901716, 25.80102453, 24.83383686, 25.54162384, 25.58819038,
       25.47357405, 25.72646906, 25.7559969 , 25.63303226, 25.09828393,
       25.60454898, 26.07955967, 21.91673296, 25.04138292, 25.50049358,
       24.75301205, 25.0872379 , 25.02921579, 25.47086127, 25.21684211,
       25.35310379, 25.13935681, 25.32217997, 25.70658372, 24.91080797,
       25.27355164, 24.86065574, 25.45944597, 25.13892564, 25.12929032,
       21.45050505]), 'horiz0': array([-1.4631829 , -1.53932285, -1.38760108, -1.21816228, -1.23484013,
       -0.64033613, -1.30592841, -0.52260495, -0.70674249, -1.50326456,
       -1.16949624, -0.0504749 , -0.44707147,  0.36627907, -0.01548244,
        0.69152904, -1.47055586, -1.02474351, -1.48294036, -1.46960446,
       -1.42592593, -1.24426667, -1.17589041, -0.70909091, -1.29771398,
       -0.46606914, -0.87933351, -1.56980734, -1.1048218 , -0.21305842,
       -0.56780119,  0.27037136,  0.02080083,  0.63257066, -1.54501865,
       -1.43893894]), 'vert02': array([-2.24355083, -1.72467402, -1.60845214, -1.38501833, -0.9377551 ,
       -0.54304806, -0.22426757, -0.45507614, -0.70402667,  0.18147304,
        0.72968107,  0.08599752,  0.21422966,  0.7003282 ,  1.25674246,
        1.22157716, -2.20635762, -1.63159341, -2.1726206 , -1.90314528,
       -1.76898817, -1.36970933, -0.68526503, -0.14700591,  0.09810537,
       -0.00676692, -0.62307893,  0.33367347,  1.04274379,  0.14933194,
        0.37830558,  0.7552343 ,  1.26322294,  1.23898262, -2.05820934,
       -1.51203008]), 'vert12': array([-1.81867196, -1.94322505, -1.6285206 , -1.4593484 , -1.53091625,
       -1.78318841, -1.02993316, -1.36980057,  0.06721732,  0.31436314,
        0.23774796,  1.06870443,  1.5033241 ,  1.6238134 ,  1.70313825,
        1.81699346, -2.09851249, -1.55312318, -1.89374464, -1.87668097,
       -1.56505576, -1.22774566, -1.56010017, -1.68422535, -1.01634877,
       -1.2029185 ,  0.48982398,  0.26251048,  0.42971673,  1.24070898,
        1.81117743,  1.73881227,  1.78701229,  1.87628594, -2.26760563,
       -1.68881686])}
Using saved exact energies
Data collected can be found at experiments/4x2_single_U_8_nocc_10_d_1-0919-221624/2x4
