{'theta': True, 'zeta': True, 'chi': False, 'gamma': True, 'phi': True, 'time': None}
{'theta': False, 'zeta': False, 'chi': False, 'gamma': False, 'phi': False, 'time': None}
                  (3, 2)
                  │
                  │
         (4, 1)───(4, 2)───(4, 3)
         │        │        │
         │        │        │
(5, 0)───(5, 1)───(5, 2)───(5, 3)───(5, 4)
         │        │        │        │
         │        │        │        │
         (6, 1)───(6, 2)───(6, 3)───(6, 4)───(6, 5)
                  │        │        │        │
                  │        │        │        │
                  (7, 2)───(7, 3)───(7, 4)───(7, 5)───(7, 6)
                           │        │        │
                           │        │        │
                           (8, 3)───(8, 4)───(8, 5)
                                    │
                                    │
                                    (9, 4)
Qubits: 4 2 5 3
Using qubits [cirq.GridQubit(5, 3), cirq.GridQubit(6, 3), cirq.GridQubit(7, 3), cirq.GridQubit(8, 3), cirq.GridQubit(5, 4), cirq.GridQubit(6, 4), cirq.GridQubit(7, 4), cirq.GridQubit(8, 4)]
Using qubits, JW:[cirq.GridQubit(5, 3), cirq.GridQubit(6, 3), cirq.GridQubit(7, 3), cirq.GridQubit(8, 3), cirq.GridQubit(5, 4), cirq.GridQubit(6, 4), cirq.GridQubit(7, 4), cirq.GridQubit(8, 4)]
                  (3, 2)
                  │
                  │
         (4, 1)───(4, 2)───(4, 3)
         │        │        │
         │        │        │
(5, 0)───(5, 1)───(5, 2)───[31m(5, 3)[0m───[35m(5, 4)[0m
         │        │        │        │
         │        │        │        │
         (6, 1)───(6, 2)───[31m(6, 3)[0m───[35m(6, 4)[0m───(6, 5)
                  │        │        │        │
                  │        │        │        │
                  (7, 2)───[31m(7, 3)[0m───[35m(7, 4)[0m───(7, 5)───(7, 6)
                           │        │        │
                           │        │        │
                           [31m(8, 3)[0m───[35m(8, 4)[0m───(8, 5)
                                    │
                                    │
                                    (9, 4)
None
Meas types ['onsite0', 'horiz0', 'horiz1']
Prepped onsite, pairs=[(0, 4), (1, 5), (2, 6), (3, 7)]
Prepped horiz, pairs=[(0, 1), (2, 3), (4, 5), (6, 7)]
Prepped horiz, pairs=[(1, 2), (5, 6)]
Set recompilation to False
Got pairs set [(0, 1), (1, 2), (2, 6), (6, 7), (4, 5), (5, 6), (1, 5), (2, 3), (0, 4), (3, 7)]
---Starting to do calibration: delta 3.7162698170000006
---Starting to set up measurements: delta 0.19485798100000018
---Starting to run VQE: delta 0.3551904770000007
No optimisation, save file is experiments/4x1_single_d2-0914-065822/4x1/processed/processed.json
Given params: [[[[[0.295, 0.676, 0.859], [0.7, 0.624, 0.225]]], [[[-0.295, -0.676, -0.859], [-0.7, -0.624, -0.225]]], [[[0, 0.676, 0.859], [0, 0.624, 0.225]]], [[[0, -0.676, -0.859], [0, -0.624, -0.225]]]]]
---Preparing executables
---Running executables, 12 in batch, delta=1.1930438040000002
---Extracting values delta=2.0532840939999986
---Extracted values delta=39.163872813
===-1.6465255949862183 -1.9450544254160638 -1.0569786131525492 -1.3262095031234409 1631599149.1721332
Computed energies [-1.795790010201141], params [[[[0.295, 0.676, 0.859], [0.7, 0.624, 0.225]]], [[[-0.295, -0.676, -0.859], [-0.7, -0.624, -0.225]]], [[[0, 0.676, 0.859], [0, 0.624, 0.225]]], [[[0, -0.676, -0.859], [0, -0.624, -0.225]]]]
***-1.795790010201141 1631599149.173461
---VQE complete: delta 42.413436678
---Starting TFLO
Using saved points
Using params [[[0, 3.18362, 6.2764], [0, 3.8246, 5.84549]], [[0, 2.6901, 2.99716], [0, 3.34154, 1.63886]], [[0, 0.841172, 0.857071], [0, 2.83507, 0.132099]], [[0, 0.919596, 3.58906], [0, 2.34207, 4.81843]], [[0, 2.02167, 0.711094], [0, 2.87848, 1.92383]], [[0, 3.07888, 1.31344], [0, 4.01245, 3.64854]], [[0, 5.49346, 5.73656], [0, 1.32223, 3.05705]], [[0, 5.44561, 1.68616], [0, 5.99541, 0.440987]], [[0, 5.75192, 6.00118], [0, 4.30115, 3.98124]], [[0, 3.7131, 0.592184], [0, 4.51095, 4.07368]], [[0, 2.7152, 1.86577], [0, 0.588014, 2.06039]], [[0, 2.57569, 4.7256], [0, 3.85901, 0.371302]], [[0, 4.65032, 0.953688], [0, 4.94274, 3.13591]], [[0, 0.299448, 3.22459], [0, 4.5425, 2.32293]], [[0, 5.54704, 4.13572], [0, 4.5425, 2.32293]], [[0, 4.016, 5.5268], [0, 4.80713, 0.271348]], [[0, 0.676, 0.859], [0, 0.624, 0.225]], [[0.295, 0.676, 0.859], [0.7, 0.624, 0.225]], [[0, -3.18362, -6.2764], [0, -3.8246, -5.84549]], [[0, -2.6901, -2.99716], [0, -3.34154, -1.63886]], [[0, -0.841172, -0.857071], [0, -2.83507, -0.132099]], [[0, -0.919596, -3.58906], [0, -2.34207, -4.81843]], [[0, -2.02167, -0.711094], [0, -2.87848, -1.92383]], [[0, -3.07888, -1.31344], [0, -4.01245, -3.64854]], [[0, -5.49346, -5.73656], [0, -1.32223, -3.05705]], [[0, -5.44561, -1.68616], [0, -5.99541, -0.440987]], [[0, -5.75192, -6.00118], [0, -4.30115, -3.98124]], [[0, -3.7131, -0.592184], [0, -4.51095, -4.07368]], [[0, -2.7152, -1.86577], [0, -0.588014, -2.06039]], [[0, -2.57569, -4.7256], [0, -3.85901, -0.371302]], [[0, -4.65032, -0.953688], [0, -4.94274, -3.13591]], [[0, -0.299448, -3.22459], [0, -4.5425, -2.32293]], [[0, -5.54704, -4.13572], [0, -4.5425, -2.32293]], [[0, -4.016, -5.5268], [0, -4.80713, -0.271348]], [[0, -0.676, -0.859], [0, -0.624, -0.225]], [[-0.295, -0.676, -0.859], [-0.7, -0.624, -0.225]]]
---Preparing executables
---Running executables, 108 in batch, delta=10.818978040999994
---Extracting values delta=4.9976102180000055
---Extracted values delta=70.211983471
---Time for noisy calculation: 86.039028107
***TFLON: -1.0620398684020445,-0.8701298632924088,-0.24530364160404533,-0.5786372926422936,0.24965896603331356,0.33422690556674506,1.3609597371472237,1.1811756886806413,1.2385301152413533,1.3214462327285426,2.000473848416198,2.834976889928564,2.1679055246688175,3.608476734304566,3.559028554795692,4.241847169393273,-0.9848812038009098,-1.585199603667677,-1.0606622648248605,-0.7360529206358915,-0.692625559151707,-0.03370361004348554,0.06710387298143439,0.5715364888991793,0.4645481524655799,1.0608244768416446,1.5103551226956398,2.5835622682373307,2.613884207557883,2.455731547691485,3.357757090796773,3.1516284905143293,3.6399397093427632,3.722606791499443,-1.3899990295041857,-1.9911085783521938 1631599235.218484
Noisy energies by type: {'onsite0': array([2.05209098, 2.07366141, 2.12280702, 1.93331871, 1.96261891,
       1.91538462, 2.0151633 , 1.94343066, 1.96161535, 1.80732861,
       2.02636128, 2.02815261, 1.87277539, 2.03495146, 1.95202399,
       2.02983954, 2.0978121 , 1.03257121, 2.15384615, 2.11471839,
       2.08087578, 2.09246057, 2.11891668, 1.9231618 , 1.99404334,
       2.01134285, 1.95928542, 2.03951513, 2.01642299, 1.93534525,
       2.01618837, 2.01245765, 1.94207286, 1.93125436, 1.85534365,
       0.79600835]), 'horiz0': array([-2.50862626, -2.35331906, -2.38719371, -1.64734504, -1.37844941,
       -1.23975957, -0.29598267, -0.46854058, -0.2574103 , -0.44649593,
        0.17273033,  0.61424635, -0.32397815,  0.79188838,  1.15840819,
        2.32864538, -2.27764438, -1.84045989, -2.23215322, -2.20978518,
       -2.63937665, -1.01461423, -1.30667601, -1.42228739, -0.92664531,
       -0.32025104, -0.31390135,  0.16546623,  1.01360965,  0.81324691,
        0.75219071,  0.36477273,  1.11003445,  2.29361533, -2.50392504,
       -2.09408667]), 'horiz1': array([-0.60550459, -0.59047221,  0.01908305, -0.86461096, -0.33451054,
       -0.34139814, -0.35822089, -0.29371439, -0.46567494, -0.03938644,
       -0.19861776,  0.19257793,  0.61910828,  0.7816369 ,  0.44859638,
       -0.11663775, -0.80504892, -0.77731092, -0.9823552 , -0.64098613,
       -0.13412469, -1.11154996, -0.74513679,  0.07066208, -0.60284987,
       -0.63026733, -0.13502895,  0.37858091, -0.41614844, -0.29286061,
        0.58937801,  0.77439811,  0.58783239, -0.5022629 , -0.74141763,
       -0.69303027])}
Using saved exact energies
Data collected can be found at experiments/4x1_single_d2-0914-065822/4x1
