{'theta': True, 'zeta': True, 'chi': False, 'gamma': True, 'phi': True, 'time': None}
{'theta': False, 'zeta': False, 'chi': False, 'gamma': False, 'phi': False, 'time': None}
                  (3, 2)
                  │
                  │
         (4, 1)───(4, 2)───(4, 3)
         │        │        │
         │        │        │
(5, 0)───(5, 1)───(5, 2)───(5, 3)───(5, 4)
         │        │        │        │
         │        │        │        │
         (6, 1)───(6, 2)───(6, 3)───(6, 4)───(6, 5)
                  │        │        │        │
                  │        │        │        │
                  (7, 2)───(7, 3)───(7, 4)───(7, 5)───(7, 6)
                           │        │        │
                           │        │        │
                           (8, 3)───(8, 4)───(8, 5)
                                    │
                                    │
                                    (9, 4)
Start at: (3, 2), with dr
Using qubits [cirq.GridQubit(3, 2), cirq.GridQubit(4, 2), cirq.GridQubit(4, 3), cirq.GridQubit(5, 3), cirq.GridQubit(5, 4), cirq.GridQubit(6, 4), cirq.GridQubit(6, 5), cirq.GridQubit(7, 5), cirq.GridQubit(4, 1), cirq.GridQubit(5, 1), cirq.GridQubit(5, 2), cirq.GridQubit(6, 2), cirq.GridQubit(6, 3), cirq.GridQubit(7, 3), cirq.GridQubit(7, 4), cirq.GridQubit(8, 4)]
Using qubits, JW:[cirq.GridQubit(3, 2), cirq.GridQubit(4, 2), cirq.GridQubit(4, 3), cirq.GridQubit(5, 3), cirq.GridQubit(5, 4), cirq.GridQubit(6, 4), cirq.GridQubit(6, 5), cirq.GridQubit(7, 5), cirq.GridQubit(4, 1), cirq.GridQubit(5, 1), cirq.GridQubit(5, 2), cirq.GridQubit(6, 2), cirq.GridQubit(6, 3), cirq.GridQubit(7, 3), cirq.GridQubit(7, 4), cirq.GridQubit(8, 4)]
                  [31m(3, 2)[0m
                  │
                  │
         [35m(4, 1)[0m───[31m(4, 2)[0m───[31m(4, 3)[0m
         │        │        │
         │        │        │
(5, 0)───[35m(5, 1)[0m───[35m(5, 2)[0m───[31m(5, 3)[0m───[31m(5, 4)[0m
         │        │        │        │
         │        │        │        │
         (6, 1)───[35m(6, 2)[0m───[35m(6, 3)[0m───[31m(6, 4)[0m───[31m(6, 5)[0m
                  │        │        │        │
                  │        │        │        │
                  (7, 2)───[35m(7, 3)[0m───[35m(7, 4)[0m───[31m(7, 5)[0m───(7, 6)
                           │        │        │
                           │        │        │
                           (8, 3)───[35m(8, 4)[0m───(8, 5)
                                    │
                                    │
                                    (9, 4)
None
Meas types ['onsite0', 'horiz0', 'horiz1']
Prepped onsite, pairs=[(0, 8), (1, 9), (2, 10), (3, 11), (4, 12), (5, 13), (6, 14), (7, 15)]
Prepped horiz, pairs=[(0, 1), (2, 3), (4, 5), (6, 7), (8, 9), (10, 11), (12, 13), (14, 15)]
Prepped horiz, pairs=[(1, 2), (3, 4), (5, 6), (9, 10), (11, 12), (13, 14)]
Set recompilation to False
Got pairs set [(10, 11), (5, 6), (3, 11), (5, 13), (8, 9), (4, 12), (6, 14), (1, 2), (6, 7), (7, 15), (12, 13), (4, 5), (2, 10), (9, 10), (2, 3), (1, 9), (14, 15), (0, 8), (11, 12), (0, 1), (13, 14), (3, 4)]
---Starting to do calibration: delta 3.6310820699999997
---Starting to set up measurements: delta 1.1239191659999985
---Starting to run VQE: delta 1.9248283500000003
Running BayesMGD: n_evals 15, nshots 1000, max_iter 50, max_evals 300
---Preparing executables
---Running executables, 3 in batch, delta=2.219173640000001
---Extracting values delta=1.8590387369999988
---Extracted values delta=6.970211135
---Preparing executables
---Running executables, 90 in batch, delta=66.774000452
---Extracting values delta=12.677709115000013
---Extracted values delta=68.081204253
[38.787300126348846, 36.821840293529995]
2  :--------------------------------
fit_params:  [ 3.646 -3.172  0.77  -0.857 -0.572  0.629 -3.389  8.802 -1.07  34.737]
current: 36.822+/-2.542  params:  [0.793 0.604 0.884]  grad:  [1.046 2.001 0.585]  gamma_k: 0.1977  delta_k: 0.6000
---Preparing executables
---Running executables, 90 in batch, delta=66.60211334299998
---Extracting values delta=11.759325895000018
---Extracted values delta=66.11846651799999
[38.787300126348846, 36.821840293529995, 36.821840293529995, 38.0164511949906]
3  :--------------------------------
fit_params:  [ 1.047 -0.113 -0.138 -0.276  0.298  0.452 -2.136 -0.186  0.074 38.891]
current: 38.016+/-0.379  params:  [0.837 0.598 0.753]  grad:  [-0.282  0.04   0.849]  gamma_k: 0.1548  delta_k: 0.5594
---Preparing executables
---Running executables, 90 in batch, delta=66.36992385499997
---Extracting values delta=11.628454175000002
---Extracted values delta=66.274284996
[38.787300126348846, 36.821840293529995, 36.821840293529995, 38.0164511949906, 38.0164511949906, 37.91498257440381]
4  :--------------------------------
fit_params:  [ 1.077  0.24   0.432  0.02  -0.258  0.408 -1.472 -0.586  0.21  38.423]
current: 37.915+/-0.291  params:  [0.841 0.553 0.634]  grad:  [-0.034  0.349  0.915]  gamma_k: 0.1302  delta_k: 0.5370
---Preparing executables
---Running executables, 90 in batch, delta=67.68873014400003
---Extracting values delta=11.451818661000061
---Extracted values delta=69.90533366099999
[38.787300126348846, 36.821840293529995, 36.821840293529995, 38.0164511949906, 38.0164511949906, 37.91498257440381, 37.91498257440381, 37.78382074058541]
5  :--------------------------------
fit_params:  [ 1.269  0.842  0.571 -0.028 -0.512  0.548 -0.929 -1.021 -0.047 38.262]
current: 37.784+/-0.261  params:  [0.782 0.489 0.586]  grad:  [0.527 0.558 0.421]  gamma_k: 0.1139  delta_k: 0.5216
---Preparing executables
---Running executables, 90 in batch, delta=75.29468800200004
---Extracting values delta=11.81300240600001
---Extracted values delta=66.34026529999994
[38.787300126348846, 36.821840293529995, 36.821840293529995, 38.0164511949906, 38.0164511949906, 37.91498257440381, 37.91498257440381, 37.78382074058541, 37.78382074058541, 37.91892667220744]
6  :--------------------------------
fit_params:  [ 1.038  0.991  0.779 -0.022 -0.412  0.277 -0.89  -1.104 -0.339 38.616]
current: 37.919+/-0.282  params:  [0.758 0.474 0.565]  grad:  [0.227 0.155 0.2  ]  gamma_k: 0.1020  delta_k: 0.5100
---Preparing executables
---Running executables, 90 in batch, delta=66.72242266699993
---Extracting values delta=11.626751976000037
---Extracted values delta=68.08080019199997
[38.787300126348846, 36.821840293529995, 36.821840293529995, 38.0164511949906, 38.0164511949906, 37.91498257440381, 37.91498257440381, 37.78382074058541, 37.78382074058541, 37.91892667220744, 37.91892667220744, 37.99851726831435]
7  :--------------------------------
fit_params:  [ 0.623  0.906  0.675  0.    -0.309 -0.026 -0.455 -0.835 -0.491 38.594]
current: 37.999+/-0.256  params:  [0.745 0.474 0.586]  grad:  [ 0.141 -0.006 -0.221]  gamma_k: 0.0930  delta_k: 0.5007
---Preparing executables
---Running executables, 90 in batch, delta=66.29920956900003
---Extracting values delta=11.52051354699995
---Extracted values delta=67.87154340000006
[38.787300126348846, 36.821840293529995, 36.821840293529995, 38.0164511949906, 38.0164511949906, 37.91498257440381, 37.91498257440381, 37.78382074058541, 37.78382074058541, 37.91892667220744, 37.91892667220744, 37.99851726831435, 37.99851726831435, 37.86694430156901]
8  :--------------------------------
fit_params:  [ 1.448  1.077  0.517 -0.247  0.024  0.015 -1.647 -1.014 -0.466 38.861]
current: 37.867+/-0.222  params:  [0.719 0.504 0.57 ]  grad:  [ 0.305 -0.342  0.189]  gamma_k: 0.0858  delta_k: 0.4929
---Preparing executables
---Running executables, 90 in batch, delta=67.92665548900004
---Extracting values delta=11.456085805999919
---Extracted values delta=70.58986689599988
[38.787300126348846, 36.821840293529995, 36.821840293529995, 38.0164511949906, 38.0164511949906, 37.91498257440381, 37.91498257440381, 37.78382074058541, 37.78382074058541, 37.91892667220744, 37.91892667220744, 37.99851726831435, 37.99851726831435, 37.86694430156901, 37.86694430156901, 37.92067106492317]
9  :--------------------------------
fit_params:  [ 1.466  1.124  0.621 -0.177  0.143  0.082 -2.041 -1.241 -0.685 39.15 ]
current: 37.921+/-0.224  params:  [0.715 0.525 0.545]  grad:  [ 0.051 -0.268  0.311]  gamma_k: 0.0799  delta_k: 0.4863
---Preparing executables
---Running executables, 90 in batch, delta=67.83075946000008
---Extracting values delta=12.056825263999826
---Extracted values delta=72.85100125999998
[38.787300126348846, 36.821840293529995, 36.821840293529995, 38.0164511949906, 38.0164511949906, 37.91498257440381, 37.91498257440381, 37.78382074058541, 37.78382074058541, 37.91892667220744, 37.91892667220744, 37.99851726831435, 37.99851726831435, 37.86694430156901, 37.86694430156901, 37.92067106492317, 37.92067106492317, 37.7757965445502]
10  :--------------------------------
fit_params:  [ 1.12   1.104  0.617 -0.218  0.087  0.024 -1.714 -0.992 -0.731 38.988]
current: 37.776+/-0.231  params:  [0.734 0.534 0.538]  grad:  [-0.247 -0.119  0.091]  gamma_k: 0.0750  delta_k: 0.4806
---Preparing executables
---Running executables, 90 in batch, delta=69.51007367500006
---Extracting values delta=11.74362082499988
---Extracted values delta=76.25253380200002
[38.787300126348846, 36.821840293529995, 36.821840293529995, 38.0164511949906, 38.0164511949906, 37.91498257440381, 37.91498257440381, 37.78382074058541, 37.78382074058541, 37.91892667220744, 37.91892667220744, 37.99851726831435, 37.99851726831435, 37.86694430156901, 37.86694430156901, 37.92067106492317, 37.92067106492317, 37.7757965445502, 37.7757965445502, 37.720463659526196]
11  :--------------------------------
fit_params:  [ 1.217  1.07   0.819 -0.179 -0.064 -0.144 -1.66  -0.868 -1.006 39.098]
current: 37.720+/-0.236  params:  [0.743 0.544 0.564]  grad:  [-0.135 -0.143 -0.371]  gamma_k: 0.0708  delta_k: 0.4755
***37.72+/-0.24 1630626152.983573
---VQE complete: delta 1502.47981476
Data collected can be found at experiments/8x1_bayesmgd_zz_x_U_8_nocc_13_d_1-0903-001723/8x1
