{'theta': True, 'zeta': True, 'chi': False, 'gamma': True, 'phi': True, 'time': None}
{'theta': False, 'zeta': False, 'chi': False, 'gamma': False, 'phi': False, 'time': None}
                  (3, 2)
                  │
                  │
         (4, 1)───(4, 2)───(4, 3)
         │        │        │
         │        │        │
(5, 0)───(5, 1)───(5, 2)───(5, 3)───(5, 4)
         │        │        │        │
         │        │        │        │
         (6, 1)───(6, 2)───(6, 3)───(6, 4)───(6, 5)
                  │        │        │        │
                  │        │        │        │
                  (7, 2)───(7, 3)───(7, 4)───(7, 5)───(7, 6)
                           │        │        │
                           │        │        │
                           (8, 3)───(8, 4)───(8, 5)
                                    │
                                    │
                                    (9, 4)
Start at: (3, 2), with dr
Using qubits [cirq.GridQubit(3, 2), cirq.GridQubit(4, 2), cirq.GridQubit(4, 3), cirq.GridQubit(5, 3), cirq.GridQubit(5, 4), cirq.GridQubit(6, 4), cirq.GridQubit(6, 5), cirq.GridQubit(7, 5), cirq.GridQubit(4, 1), cirq.GridQubit(5, 1), cirq.GridQubit(5, 2), cirq.GridQubit(6, 2), cirq.GridQubit(6, 3), cirq.GridQubit(7, 3), cirq.GridQubit(7, 4), cirq.GridQubit(8, 4)]
Using qubits, JW:[cirq.GridQubit(3, 2), cirq.GridQubit(4, 2), cirq.GridQubit(4, 3), cirq.GridQubit(5, 3), cirq.GridQubit(5, 4), cirq.GridQubit(6, 4), cirq.GridQubit(6, 5), cirq.GridQubit(7, 5), cirq.GridQubit(4, 1), cirq.GridQubit(5, 1), cirq.GridQubit(5, 2), cirq.GridQubit(6, 2), cirq.GridQubit(6, 3), cirq.GridQubit(7, 3), cirq.GridQubit(7, 4), cirq.GridQubit(8, 4)]
                  [31m(3, 2)[0m
                  │
                  │
         [35m(4, 1)[0m───[31m(4, 2)[0m───[31m(4, 3)[0m
         │        │        │
         │        │        │
(5, 0)───[35m(5, 1)[0m───[35m(5, 2)[0m───[31m(5, 3)[0m───[31m(5, 4)[0m
         │        │        │        │
         │        │        │        │
         (6, 1)───[35m(6, 2)[0m───[35m(6, 3)[0m───[31m(6, 4)[0m───[31m(6, 5)[0m
                  │        │        │        │
                  │        │        │        │
                  (7, 2)───[35m(7, 3)[0m───[35m(7, 4)[0m───[31m(7, 5)[0m───(7, 6)
                           │        │        │
                           │        │        │
                           (8, 3)───[35m(8, 4)[0m───(8, 5)
                                    │
                                    │
                                    (9, 4)
None
Meas types ['onsite0', 'horiz0', 'horiz1']
Prepped onsite, pairs=[(0, 8), (1, 9), (2, 10), (3, 11), (4, 12), (5, 13), (6, 14), (7, 15)]
Prepped horiz, pairs=[(0, 1), (2, 3), (4, 5), (6, 7), (8, 9), (10, 11), (12, 13), (14, 15)]
Prepped horiz, pairs=[(1, 2), (3, 4), (5, 6), (9, 10), (11, 12), (13, 14)]
Set recompilation to False
Got pairs set [(10, 11), (5, 6), (3, 11), (5, 13), (8, 9), (4, 12), (6, 14), (1, 2), (6, 7), (7, 15), (12, 13), (4, 5), (2, 10), (9, 10), (2, 3), (1, 9), (14, 15), (0, 8), (11, 12), (0, 1), (13, 14), (3, 4)]
---Starting to do calibration: delta 3.802390751999999
---Starting to set up measurements: delta 0.6251206860000007
---Starting to run VQE: delta 1.215027846
No optimisation, save file is experiments/8x1_single_zz_x_U_8_nocc_2_d_1-0914-214456/8x1/processed/processed.json
Given params: [[[[[0.804, 0.486, 0.603]]], [[[-0.804, -0.486, -0.603]]], [[[0, 0.486, 0.603]]], [[[0, -0.486, -0.603]]]]]
---Preparing executables
---Running executables, 12 in batch, delta=5.831910976
---Extracting values delta=2.1754193740000005
---Extracted values delta=49.975868871
===-2.041665866000204 -2.1103825876828846 -1.6091288122803729 -1.6107399140663943 1631652360.552306
Computed energies [-2.076024226841544], params [[[[0.804, 0.486, 0.603]]], [[[-0.804, -0.486, -0.603]]], [[[0, 0.486, 0.603]]], [[[0, -0.486, -0.603]]]]
***-2.076024226841544 1631652360.554997
---VQE complete: delta 57.98974117
---Starting TFLO
Using saved points
Using params [[[0, 0, 0]], [[0, 0.785398, 1.5708]], [[0, 5.49779, 0.785398]], [[0, 0.785398, 2.35619]], [[0, 2.35619, 0]], [[0, 3.14159, 0.785398]], [[0, 0, 3.14159]], [[0, 0.785398, 5.49779]], [[0, 5.49779, 3.92699]], [[0, 4.71239, 4.71239]], [[0, 2.35619, 5.49779]], [[0, 1.5708, 3.92699]], [[0, 3.14159, 4.71239]], [[0, 2.35619, 3.14159]], [[0, 2.35619, 3.92699]], [[0, 3.14159, 3.92699]], [[0, 0.486, 0.603]], [[0.804, 0.486, 0.603]], [[0, 0, 0]], [[0, -0.785398, -1.5708]], [[0, -5.49779, -0.785398]], [[0, -0.785398, -2.35619]], [[0, -2.35619, 0]], [[0, -3.14159, -0.785398]], [[0, 0, -3.14159]], [[0, -0.785398, -5.49779]], [[0, -5.49779, -3.92699]], [[0, -4.71239, -4.71239]], [[0, -2.35619, -5.49779]], [[0, -1.5708, -3.92699]], [[0, -3.14159, -4.71239]], [[0, -2.35619, -3.14159]], [[0, -2.35619, -3.92699]], [[0, -3.14159, -3.92699]], [[0, -0.486, -0.603]], [[-0.804, -0.486, -0.603]]]
---Preparing executables
---Running executables, 108 in batch, delta=45.415153272
---Extracting values delta=5.814284450000002
---Extracted values delta=113.28272647299998
---Time for noisy calculation: 164.530270051
***TFLON: -1.6777891966158647,-1.4071865429480728,-0.8488616974061349,-1.3735835099612361,-1.2518901917592624,-1.1922543772228846,-0.9433268059562652,-1.2378361785118008,-0.4793165418813665,-0.6540807400557757,-0.6674837741815469,-0.4901212446455312,-0.49590051025357473,-0.17244926439038955,-0.14565984587459713,-0.20282187921296835,-1.6142562872842487,-2.0193320117258016,-1.6448573949505427,-1.5840216664084166,-1.5982167985200584,-0.9310248021845644,-1.4078475561820836,-1.265594024657878,-0.9565432978148998,-0.3098668313558418,-0.9867763966037308,-0.7459990779969737,-0.4748935590840866,-0.4605494880454042,-0.3884216380162957,-0.2542734560552984,-0.2610249548518533,-0.11402618020087996,-1.557369898602161,-2.0343744954816003 1631652527.642564
Noisy energies by type: {'onsite0': array([1.20326531, 1.25269133, 1.45213939, 1.06645316, 1.46256895,
       1.15527691, 1.2325856 , 0.995001  , 1.47537427, 1.1648027 ,
       1.23320785, 1.52256578, 1.09017713, 1.49386935, 1.50814585,
       1.22332056, 1.13989637, 0.39508132, 1.19654519, 1.11061498,
       1.02935665, 1.4728776 , 1.05102252, 1.0929601 , 1.25952667,
       1.50039651, 1.01263759, 1.2124183 , 1.14217443, 1.11442786,
       1.05375462, 1.18078747, 1.02935665, 1.09457755, 1.21135647,
       0.56497639]), 'horiz0': array([-1.46007279, -1.28654971, -1.07367844, -1.07147946, -1.6246099 ,
       -1.41245834, -0.78809189, -0.81965037, -0.70033034, -0.74832137,
       -0.78596962, -0.73974445, -0.63052209, -0.6139803 , -0.55553052,
       -0.46402878, -1.37333021, -1.16225166, -1.44595745, -1.42093541,
       -1.28005725, -1.14416476, -1.5233472 , -1.40956826, -0.82169811,
       -0.57395038, -0.62762958, -0.71752669, -0.62835959, -0.46544101,
       -0.47431546, -0.47715976, -0.2958153 , -0.28840273, -1.48819766,
       -1.40669212]), 'horiz1': array([-1.42098171, -1.37332816, -1.22732264, -1.36855721, -1.08984925,
       -0.93507294, -1.38782051, -1.41318681, -1.25436047, -1.07056207,
       -1.114722  , -1.27294257, -0.95555556, -1.05233831, -1.09827517,
       -0.96211366, -1.38082245, -1.25216167, -1.39544513, -1.27370123,
       -1.3475162 , -1.25973764, -0.93552287, -0.94898586, -1.39437186,
       -1.23631296, -1.3717844 , -1.24089069, -0.9887084 , -1.10953634,
       -0.9678608 , -0.95790116, -0.99456631, -0.92020101, -1.2805287 ,
       -1.19265877])}
Using saved exact energies
Data collected can be found at experiments/8x1_single_zz_x_U_8_nocc_2_d_1-0914-214456/8x1
