{'theta': False, 'zeta': False, 'chi': False, 'gamma': False, 'phi': False, 'time': None}
{'theta': False, 'zeta': False, 'chi': False, 'gamma': False, 'phi': False, 'time': None}
                  (3, 2)
                  │
                  │
         (4, 1)───(4, 2)───(4, 3)
         │        │        │
         │        │        │
(5, 0)───(5, 1)───(5, 2)───(5, 3)───(5, 4)
         │        │        │        │
         │        │        │        │
         (6, 1)───(6, 2)───(6, 3)───(6, 4)───(6, 5)
                  │        │        │        │
                  │        │        │        │
                  (7, 2)───(7, 3)───(7, 4)───(7, 5)───(7, 6)
                           │        │        │
                           │        │        │
                           (8, 3)───(8, 4)───(8, 5)
                                    │
                                    │
                                    (9, 4)
Using "best" qubits [cirq.GridQubit(5, 1), cirq.GridQubit(5, 2), cirq.GridQubit(5, 3), cirq.GridQubit(5, 4), cirq.GridQubit(6, 1), cirq.GridQubit(6, 2), cirq.GridQubit(6, 3), cirq.GridQubit(6, 4)]
Using qubits, JW:[cirq.GridQubit(5, 1), cirq.GridQubit(5, 2), cirq.GridQubit(5, 3), cirq.GridQubit(5, 4), cirq.GridQubit(6, 1), cirq.GridQubit(6, 2), cirq.GridQubit(6, 3), cirq.GridQubit(6, 4)]
                  (3, 2)
                  │
                  │
         (4, 1)───(4, 2)───(4, 3)
         │        │        │
         │        │        │
(5, 0)───[31m(5, 1)[0m───[31m(5, 2)[0m───[31m(5, 3)[0m───[31m(5, 4)[0m
         │        │        │        │
         │        │        │        │
         [35m(6, 1)[0m───[35m(6, 2)[0m───[35m(6, 3)[0m───[35m(6, 4)[0m───(6, 5)
                  │        │        │        │
                  │        │        │        │
                  (7, 2)───(7, 3)───(7, 4)───(7, 5)───(7, 6)
                           │        │        │
                           │        │        │
                           (8, 3)───(8, 4)───(8, 5)
                                    │
                                    │
                                    (9, 4)
None
Meas types ['onsite0', 'horiz0', 'horiz1']
Prepped onsite, pairs=[(0, 4), (1, 5), (2, 6), (3, 7)]
Prepped horiz, pairs=[(0, 1), (2, 3), (4, 5), (6, 7)]
Prepped horiz, pairs=[(1, 2), (5, 6)]
Set recompilation to False
Got pairs set [(0, 1), (1, 2), (0, 4), (1, 5), (3, 7), (2, 3), (6, 7), (4, 5), (2, 6), (5, 6)]
---Starting to do calibration: delta 1.7218458279967308
---Starting to set up measurements: delta 0.10370899400004419
---Starting to run VQE: delta 0.008931555999879492
Running MGD: n_evals 42, nshots 1000, max_iter 30, max_evals 1300
---Preparing executables
---Running executables, 3 in batch, delta=0.150973644998885
---Extracting values delta=1.7023958539975865
---Extracted values delta=6.971870329001831
---Preparing executables
---Running executables, 252 in batch, delta=12.40118996199817
---Extracting values delta=4.276732004000223
---Extracted values delta=82.37539876799929
2  :--------------------------------
current: -2.228+/-0.031  params:  [0.302 0.619 0.56  0.409 0.474 0.378]  grad:  [ 0.641 -0.383 -0.194  0.294  0.083  0.393]  gamma_k: 0.3097  delta_k: 0.5000
---Preparing executables
---Running executables, 252 in batch, delta=12.208426690001943
---Extracting values delta=4.322063988998707
---Extracted values delta=82.46328395700039
3  :--------------------------------
current: -2.456+/-0.025  params:  [0.259 0.652 0.635 0.379 0.496 0.316]  grad:  [ 0.165 -0.129 -0.287  0.116 -0.082  0.239]  gamma_k: 0.2604  delta_k: 0.4662
---Preparing executables
---Running executables, 252 in batch, delta=12.306018074999884
---Extracting values delta=4.0842589519998
---Extracted values delta=84.54456499400112
4  :--------------------------------
current: -2.561+/-0.025  params:  [0.248 0.685 0.711 0.394 0.53  0.277]  grad:  [ 0.049 -0.143 -0.334 -0.068 -0.152  0.169]  gamma_k: 0.2277  delta_k: 0.4475
---Preparing executables
---Running executables, 252 in batch, delta=13.033213651000551
---Extracting values delta=3.5131006200026604
---Extracted values delta=83.10428068400142
5  :--------------------------------
current: -2.570+/-0.025  params:  [0.251 0.714 0.767 0.402 0.565 0.257]  grad:  [-0.015 -0.144 -0.276 -0.038 -0.172  0.099]  gamma_k: 0.2040  delta_k: 0.4347
---Preparing executables
---Running executables, 252 in batch, delta=12.442237758001284
---Extracting values delta=3.870002789000864
---Extracted values delta=84.96608396400188
6  :--------------------------------
current: -2.393+/-0.025  params:  [0.228 0.74  0.821 0.396 0.595 0.236]  grad:  [ 0.123 -0.141 -0.287  0.03  -0.161  0.115]  gamma_k: 0.1860  delta_k: 0.4250
---Preparing executables
---Running executables, 252 in batch, delta=13.277286458000162
---Extracting values delta=4.544700497997837
---Extracted values delta=86.61188181100079
7  :--------------------------------
current: -2.287+/-0.023  params:  [0.218 0.759 0.866 0.415 0.63  0.206]  grad:  [ 0.054 -0.11  -0.264 -0.11  -0.201  0.173]  gamma_k: 0.1716  delta_k: 0.4172
---Preparing executables
---Running executables, 252 in batch, delta=12.123548031999235
---Extracting values delta=4.771506588000193
---Extracted values delta=82.36583239600077
8  :--------------------------------
current: -2.330+/-0.020  params:  [0.213 0.77  0.902 0.419 0.667 0.183]  grad:  [ 0.034 -0.065 -0.228 -0.023 -0.234  0.148]  gamma_k: 0.1598  delta_k: 0.4108
---Preparing executables
---Running executables, 252 in batch, delta=11.772703470000124
---Extracting values delta=3.5375392220012145
---Extracted values delta=83.88448864599923
9  :--------------------------------
current: -1.877+/-0.018  params:  [0.196 0.775 0.941 0.42  0.679 0.165]  grad:  [ 0.113 -0.038 -0.26  -0.009 -0.078  0.121]  gamma_k: 0.1500  delta_k: 0.4053
---Preparing executables
---Running executables, 252 in batch, delta=11.899937537000369
---Extracting values delta=3.170817984999303
---Extracted values delta=85.97860950500035
10  :--------------------------------
current: -1.882+/-0.017  params:  [0.184 0.781 0.979 0.427 0.682 0.154]  grad:  [ 0.088 -0.043 -0.266 -0.054 -0.022  0.076]  gamma_k: 0.1417  delta_k: 0.4005
---Preparing executables
---Running executables, 252 in batch, delta=12.59058819799975
---Extracting values delta=4.970492374999594
---Extracted values delta=85.16676285500216
11  :--------------------------------
current: -2.113+/-0.017  params:  [0.182 0.797 1.005 0.431 0.686 0.152]  grad:  [ 0.008 -0.116 -0.196 -0.029 -0.027  0.014]  gamma_k: 0.1344  delta_k: 0.3963
---Preparing executables
---Running executables, 252 in batch, delta=12.513545431000239
---Extracting values delta=3.671857627999998
---Extracted values delta=84.63422749999881
12  :--------------------------------
current: -1.909+/-0.016  params:  [0.176 0.805 1.029 0.435 0.698 0.151]  grad:  [ 0.053 -0.065 -0.183 -0.029 -0.098  0.006]  gamma_k: 0.1281  delta_k: 0.3925
---Preparing executables
---Running executables, 252 in batch, delta=12.499252243000228
---Extracting values delta=3.3971626599995943
---Extracted values delta=84.65405592000025
13  :--------------------------------
current: -1.916+/-0.015  params:  [0.169 0.808 1.049 0.442 0.703 0.152]  grad:  [ 0.052 -0.022 -0.161 -0.057 -0.04  -0.005]  gamma_k: 0.1225  delta_k: 0.3890
---Preparing executables
---Running executables, 252 in batch, delta=12.471741733999806
---Extracting values delta=4.174057740998251
---Extracted values delta=83.90248588399845
14  :--------------------------------
current: -1.840+/-0.014  params:  [0.171 0.815 1.055 0.448 0.704 0.15 ]  grad:  [-0.015 -0.058 -0.052 -0.053 -0.01   0.016]  gamma_k: 0.1175  delta_k: 0.3859
---Preparing executables
---Running executables, 252 in batch, delta=11.986829020999721
---Extracting values delta=4.069873454001936
---Extracted values delta=83.1371790919984
15  :--------------------------------
current: -2.359+/-0.014  params:  [0.175 0.828 1.053 0.447 0.699 0.151]  grad:  [-0.033 -0.12   0.016  0.008  0.052 -0.015]  gamma_k: 0.1131  delta_k: 0.3830
---Preparing executables
---Running executables, 252 in batch, delta=12.38389574300163
---Extracting values delta=3.9784081140023773
---Extracted values delta=83.96916932999738
16  :--------------------------------
current: -2.655+/-0.013  params:  [0.168 0.833 1.051 0.449 0.686 0.167]  grad:  [ 0.065 -0.046  0.018 -0.014  0.117 -0.139]  gamma_k: 0.1090  delta_k: 0.3804
---Preparing executables
---Running executables, 252 in batch, delta=13.184263379000186
---Extracting values delta=7.023669043999689
---Extracted values delta=85.10358643799918
Max evals reached
17  :--------------------------------
current: -2.174+/-0.013  params:  [0.172 0.839 1.055 0.445 0.686 0.186]  grad:  [-0.042 -0.057 -0.036  0.034 -0.005 -0.186]  gamma_k: 0.1053  delta_k: 0.3779
***-2.174+/-0.013 1632151380.8079205
---VQE complete: delta 1622.7205520090029
File not present, moving on
Data collected can be found at experiments/4x1_mgd_rainbow-0920-155556/4x1
