{'theta': True, 'zeta': True, 'chi': False, 'gamma': True, 'phi': True, 'time': None}
{'theta': False, 'zeta': False, 'chi': False, 'gamma': False, 'phi': False, 'time': None}
                  (3, 2)
                  │
                  │
         (4, 1)───(4, 2)───(4, 3)
         │        │        │
         │        │        │
(5, 0)───(5, 1)───(5, 2)───(5, 3)───(5, 4)
         │        │        │        │
         │        │        │        │
         (6, 1)───(6, 2)───(6, 3)───(6, 4)───(6, 5)
                  │        │        │        │
                  │        │        │        │
                  (7, 2)───(7, 3)───(7, 4)───(7, 5)───(7, 6)
                           │        │        │
                           │        │        │
                           (8, 3)───(8, 4)───(8, 5)
                                    │
                                    │
                                    (9, 4)
Start at: (3, 2), with dr
Using qubits [cirq.GridQubit(3, 2), cirq.GridQubit(4, 2), cirq.GridQubit(4, 3), cirq.GridQubit(5, 3), cirq.GridQubit(5, 4), cirq.GridQubit(6, 4), cirq.GridQubit(6, 5), cirq.GridQubit(7, 5), cirq.GridQubit(4, 1), cirq.GridQubit(5, 1), cirq.GridQubit(5, 2), cirq.GridQubit(6, 2), cirq.GridQubit(6, 3), cirq.GridQubit(7, 3), cirq.GridQubit(7, 4), cirq.GridQubit(8, 4)]
Using qubits, JW:[cirq.GridQubit(3, 2), cirq.GridQubit(4, 2), cirq.GridQubit(4, 3), cirq.GridQubit(5, 3), cirq.GridQubit(5, 4), cirq.GridQubit(6, 4), cirq.GridQubit(6, 5), cirq.GridQubit(7, 5), cirq.GridQubit(4, 1), cirq.GridQubit(5, 1), cirq.GridQubit(5, 2), cirq.GridQubit(6, 2), cirq.GridQubit(6, 3), cirq.GridQubit(7, 3), cirq.GridQubit(7, 4), cirq.GridQubit(8, 4)]
                  [31m(3, 2)[0m
                  │
                  │
         [35m(4, 1)[0m───[31m(4, 2)[0m───[31m(4, 3)[0m
         │        │        │
         │        │        │
(5, 0)───[35m(5, 1)[0m───[35m(5, 2)[0m───[31m(5, 3)[0m───[31m(5, 4)[0m
         │        │        │        │
         │        │        │        │
         (6, 1)───[35m(6, 2)[0m───[35m(6, 3)[0m───[31m(6, 4)[0m───[31m(6, 5)[0m
                  │        │        │        │
                  │        │        │        │
                  (7, 2)───[35m(7, 3)[0m───[35m(7, 4)[0m───[31m(7, 5)[0m───(7, 6)
                           │        │        │
                           │        │        │
                           (8, 3)───[35m(8, 4)[0m───(8, 5)
                                    │
                                    │
                                    (9, 4)
None
Meas types ['onsite0', 'horiz0', 'horiz1']
Prepped onsite, pairs=[(0, 8), (1, 9), (2, 10), (3, 11), (4, 12), (5, 13), (6, 14), (7, 15)]
Prepped horiz, pairs=[(0, 1), (2, 3), (4, 5), (6, 7), (8, 9), (10, 11), (12, 13), (14, 15)]
Prepped horiz, pairs=[(1, 2), (3, 4), (5, 6), (9, 10), (11, 12), (13, 14)]
Set recompilation to False
Got pairs set [(10, 11), (5, 6), (3, 11), (5, 13), (8, 9), (4, 12), (6, 14), (1, 2), (6, 7), (7, 15), (12, 13), (4, 5), (2, 10), (9, 10), (2, 3), (1, 9), (14, 15), (0, 8), (11, 12), (0, 1), (13, 14), (3, 4)]
---Starting to do calibration: delta 3.150345915
---Starting to set up measurements: delta 1.2073440250000012
---Starting to run VQE: delta 2.269952225999999
Running BayesMGD: n_evals 15, nshots 1000, max_iter 50, max_evals 300
---Preparing executables
---Running executables, 3 in batch, delta=2.6231586090000008
---Extracting values delta=1.6614956789999997
---Extracted values delta=4.833891196
---Preparing executables
---Running executables, 90 in batch, delta=67.564865422
---Extracting values delta=13.317813076000007
---Extracted values delta=66.613213917
[0.5299216124630186, -1.1880134618477545]
2  :--------------------------------
fit_params:  [ 1.483 -0.115  1.593 -0.67   0.693 -2.407 -1.343  8.306  1.661 -6.25 ]
current: -1.188+/-1.159  params:  [0.67 0.62 0.72]  grad:  [1.669 1.923 1.418]  gamma_k: 0.1977  delta_k: 0.6000
---Preparing executables
---Running executables, 90 in batch, delta=67.96137492099999
---Extracting values delta=11.743696843999999
---Extracted values delta=66.54714054799999
[0.5299216124630186, -1.1880134618477545, -1.1880134618477545, 1.0012154447179917]
3  :--------------------------------
fit_params:  [  4.638   1.699   3.058   0.342   2.242  -1.391 -11.949   0.588  -5.453
   5.452]
current: 1.001+/-0.288  params:  [0.992 0.442 0.684]  grad:  [-2.081  1.152  0.229]  gamma_k: 0.1548  delta_k: 0.5594
---Preparing executables
---Running executables, 90 in batch, delta=73.71611489399999
---Extracting values delta=12.659751683999957
---Extracted values delta=64.62966170100003
[0.5299216124630186, -1.1880134618477545, -1.1880134618477545, 1.0012154447179917, 1.0012154447179917, -0.3899065829537547]
4  :--------------------------------
fit_params:  [ 1.948  2.156  2.829 -0.547  1.126 -0.858 -5.006 -0.524 -5.304  3.959]
current: -0.390+/-0.136  params:  [1.003 0.556 0.679]  grad:  [-0.083 -0.88   0.044]  gamma_k: 0.1302  delta_k: 0.5370
---Preparing executables
---Running executables, 90 in batch, delta=66.03173653300001
---Extracting values delta=12.818074722000006
---Extracted values delta=67.36059260799993
[0.5299216124630186, -1.1880134618477545, -1.1880134618477545, 1.0012154447179917, 1.0012154447179917, -0.3899065829537547, -0.3899065829537547, -0.1464267756990396]
5  :--------------------------------
fit_params:  [ 3.325  2.904  3.063  0.278  0.693 -0.301 -8.11  -2.709 -5.241  5.553]
current: -0.146+/-0.156  params:  [1.025 0.48  0.682]  grad:  [-0.19   0.669 -0.029]  gamma_k: 0.1139  delta_k: 0.5216
---Preparing executables
---Running executables, 90 in batch, delta=65.90188759199998
---Extracting values delta=12.940032456999916
---Extracted values delta=67.8372922509999
[0.5299216124630186, -1.1880134618477545, -1.1880134618477545, 1.0012154447179917, 1.0012154447179917, -0.3899065829537547, -0.3899065829537547, -0.1464267756990396, -0.1464267756990396, -1.3729526362869902]
6  :--------------------------------
fit_params:  [ 3.3    3.11   3.033 -0.364  0.228  0.684 -5.862 -3.48  -5.447  4.397]
current: -1.373+/-0.130  params:  [0.937 0.511 0.701]  grad:  [ 0.862 -0.308 -0.187]  gamma_k: 0.1020  delta_k: 0.5100
---Preparing executables
---Running executables, 90 in batch, delta=65.54488154700005
---Extracting values delta=12.20822325000006
---Extracted values delta=67.67056180300006
[0.5299216124630186, -1.1880134618477545, -1.1880134618477545, 1.0012154447179917, 1.0012154447179917, -0.3899065829537547, -0.3899065829537547, -0.1464267756990396, -0.1464267756990396, -1.3729526362869902, -1.3729526362869902, -1.408678218376342]
7  :--------------------------------
fit_params:  [ 3.379  2.302  2.854 -0.345  0.227  1.233 -5.973 -3.299 -5.071  3.965]
current: -1.409+/-0.124  params:  [0.907 0.498 0.644]  grad:  [0.322 0.139 0.615]  gamma_k: 0.0930  delta_k: 0.5007
---Preparing executables
---Running executables, 90 in batch, delta=65.36052913800006
---Extracting values delta=12.228458134999983
---Extracted values delta=65.98541631299986
[0.5299216124630186, -1.1880134618477545, -1.1880134618477545, 1.0012154447179917, 1.0012154447179917, -0.3899065829537547, -0.3899065829537547, -0.1464267756990396, -0.1464267756990396, -1.3729526362869902, -1.3729526362869902, -1.408678218376342, -1.408678218376342, -1.47560407925883]
8  :--------------------------------
fit_params:  [ 3.046  2.744  2.728 -0.259  0.192  1.267 -5.903 -3.707 -5.316  4.382]
current: -1.476+/-0.108  params:  [0.94  0.482 0.66 ]  grad:  [-0.391  0.189 -0.194]  gamma_k: 0.0858  delta_k: 0.4929
---Preparing executables
---Running executables, 90 in batch, delta=65.828751066
---Extracting values delta=12.284892147000164
---Extracted values delta=67.52887205099978
[0.5299216124630186, -1.1880134618477545, -1.1880134618477545, 1.0012154447179917, 1.0012154447179917, -0.3899065829537547, -0.3899065829537547, -0.1464267756990396, -0.1464267756990396, -1.3729526362869902, -1.3729526362869902, -1.408678218376342, -1.408678218376342, -1.47560407925883, -1.47560407925883, -1.2267770433253604]
9  :--------------------------------
fit_params:  [ 2.671  2.359  2.545  0.115  0.298  1.351 -5.533 -4.008 -5.513  4.233]
current: -1.227+/-0.127  params:  [0.941 0.461 0.683]  grad:  [-0.004  0.267 -0.287]  gamma_k: 0.0799  delta_k: 0.4863
---Preparing executables
---Running executables, 90 in batch, delta=65.63511985200012
---Extracting values delta=11.893993731000137
---Extracted values delta=69.22216638500004
[0.5299216124630186, -1.1880134618477545, -1.1880134618477545, 1.0012154447179917, 1.0012154447179917, -0.3899065829537547, -0.3899065829537547, -0.1464267756990396, -0.1464267756990396, -1.3729526362869902, -1.3729526362869902, -1.408678218376342, -1.408678218376342, -1.47560407925883, -1.47560407925883, -1.2267770433253604, -1.2267770433253604, -1.2943571909871516]
10  :--------------------------------
fit_params:  [ 2.587  2.299  2.464 -0.03   0.535  1.393 -5.598 -3.803 -5.357  3.932]
current: -1.294+/-0.101  params:  [0.943 0.449 0.661]  grad:  [-0.028  0.164  0.3  ]  gamma_k: 0.0750  delta_k: 0.4806
---Preparing executables
---Running executables, 90 in batch, delta=68.18247888100018
---Extracting values delta=11.955794913999853
---Extracted values delta=68.60179407800001
[0.5299216124630186, -1.1880134618477545, -1.1880134618477545, 1.0012154447179917, 1.0012154447179917, -0.3899065829537547, -0.3899065829537547, -0.1464267756990396, -0.1464267756990396, -1.3729526362869902, -1.3729526362869902, -1.408678218376342, -1.408678218376342, -1.47560407925883, -1.47560407925883, -1.2267770433253604, -1.2267770433253604, -1.2943571909871516, -1.2943571909871516, -1.2363574095161312]
11  :--------------------------------
fit_params:  [ 2.766  2.549  2.657 -0.361  0.937  0.912 -5.8   -2.736 -6.264  4.149]
current: -1.236+/-0.111  params:  [0.919 0.443 0.673]  grad:  [ 0.33   0.075 -0.169]  gamma_k: 0.0708  delta_k: 0.4755
***-1.24+/-0.11 1630622554.503594
---VQE complete: delta 1477.182571293
Data collected can be found at experiments/8x1_bayesmgd_zz_x_U_8_nocc_4_d_1-0902-231750/8x1
