{'theta': True, 'zeta': True, 'chi': False, 'gamma': True, 'phi': True, 'time': None}
{'theta': False, 'zeta': False, 'chi': False, 'gamma': False, 'phi': False, 'time': None}
                  (3, 2)
                  │
                  │
         (4, 1)───(4, 2)───(4, 3)
         │        │        │
         │        │        │
(5, 0)───(5, 1)───(5, 2)───(5, 3)───(5, 4)
         │        │        │        │
         │        │        │        │
         (6, 1)───(6, 2)───(6, 3)───(6, 4)───(6, 5)
                  │        │        │        │
                  │        │        │        │
                  (7, 2)───(7, 3)───(7, 4)───(7, 5)───(7, 6)
                           │        │        │
                           │        │        │
                           (8, 3)───(8, 4)───(8, 5)
                                    │
                                    │
                                    (9, 4)
Start at: (3, 2), with dr
Using qubits [cirq.GridQubit(3, 2), cirq.GridQubit(4, 2), cirq.GridQubit(4, 3), cirq.GridQubit(5, 3), cirq.GridQubit(5, 4), cirq.GridQubit(6, 4), cirq.GridQubit(6, 5), cirq.GridQubit(7, 5), cirq.GridQubit(4, 1), cirq.GridQubit(5, 1), cirq.GridQubit(5, 2), cirq.GridQubit(6, 2), cirq.GridQubit(6, 3), cirq.GridQubit(7, 3), cirq.GridQubit(7, 4), cirq.GridQubit(8, 4)]
Using qubits, JW:[cirq.GridQubit(3, 2), cirq.GridQubit(4, 2), cirq.GridQubit(4, 3), cirq.GridQubit(5, 3), cirq.GridQubit(5, 4), cirq.GridQubit(6, 4), cirq.GridQubit(6, 5), cirq.GridQubit(7, 5), cirq.GridQubit(4, 1), cirq.GridQubit(5, 1), cirq.GridQubit(5, 2), cirq.GridQubit(6, 2), cirq.GridQubit(6, 3), cirq.GridQubit(7, 3), cirq.GridQubit(7, 4), cirq.GridQubit(8, 4)]
                  [31m(3, 2)[0m
                  │
                  │
         [35m(4, 1)[0m───[31m(4, 2)[0m───[31m(4, 3)[0m
         │        │        │
         │        │        │
(5, 0)───[35m(5, 1)[0m───[35m(5, 2)[0m───[31m(5, 3)[0m───[31m(5, 4)[0m
         │        │        │        │
         │        │        │        │
         (6, 1)───[35m(6, 2)[0m───[35m(6, 3)[0m───[31m(6, 4)[0m───[31m(6, 5)[0m
                  │        │        │        │
                  │        │        │        │
                  (7, 2)───[35m(7, 3)[0m───[35m(7, 4)[0m───[31m(7, 5)[0m───(7, 6)
                           │        │        │
                           │        │        │
                           (8, 3)───[35m(8, 4)[0m───(8, 5)
                                    │
                                    │
                                    (9, 4)
None
Meas types ['onsite0', 'horiz0', 'horiz1']
Prepped onsite, pairs=[(0, 8), (1, 9), (2, 10), (3, 11), (4, 12), (5, 13), (6, 14), (7, 15)]
Prepped horiz, pairs=[(0, 1), (2, 3), (4, 5), (6, 7), (8, 9), (10, 11), (12, 13), (14, 15)]
Prepped horiz, pairs=[(1, 2), (3, 4), (5, 6), (9, 10), (11, 12), (13, 14)]
Set recompilation to False
Got pairs set [(10, 11), (5, 6), (3, 11), (5, 13), (8, 9), (4, 12), (6, 14), (1, 2), (6, 7), (7, 15), (12, 13), (4, 5), (2, 10), (9, 10), (2, 3), (1, 9), (14, 15), (0, 8), (11, 12), (0, 1), (13, 14), (3, 4)]
---Starting to do calibration: delta 3.358650664
---Starting to set up measurements: delta 0.7180850760000013
---Starting to run VQE: delta 1.2662981979999994
No optimisation, save file is experiments/8x1_single_zz_x_U_8_nocc_4_d_1-0914-235419/8x1/processed/processed.json
Given params: [[[[[0.919, 0.443, 0.673]]], [[[-0.919, -0.443, -0.673]]], [[[0, 0.443, 0.673]]], [[[0, -0.443, -0.673]]]]]
---Preparing executables
---Running executables, 12 in batch, delta=4.8937564720000015
---Extracting values delta=3.547535453000002
---Extracted values delta=50.208439638
===-1.8215380059257682 -2.2839229182421343 -0.5172719137175807 -0.38787993316424485 1631660123.399818
Computed energies [-2.052730462083951], params [[[[0.919, 0.443, 0.673]]], [[[-0.919, -0.443, -0.673]]], [[[0, 0.443, 0.673]]], [[[0, -0.443, -0.673]]]]
***-2.052730462083951 1631660123.402118
---VQE complete: delta 58.655097827999995
---Starting TFLO
Using saved points
Using params [[[0, 0.785398, 0.785398]], [[0, 0, 0.785398]], [[0, 4.71239, 0]], [[0, 0, 1.5708]], [[0, 2.35619, 0.785398]], [[0, 4.71239, 0.785398]], [[0, 2.35619, 1.5708]], [[0, 0.785398, 3.14159]], [[0, 5.49779, 5.49779]], [[0, 0.785398, 3.92699]], [[0, 4.71239, 4.71239]], [[0, 1.5708, 3.92699]], [[0, 3.92699, 5.49779]], [[0, 3.92699, 4.71239]], [[0, 2.35619, 4.71239]], [[0, 3.14159, 4.71239]], [[0, 0.443, 0.673]], [[0.919, 0.443, 0.673]], [[0, -0.785398, -0.785398]], [[0, 0, -0.785398]], [[0, -4.71239, 0]], [[0, 0, -1.5708]], [[0, -2.35619, -0.785398]], [[0, -4.71239, -0.785398]], [[0, -2.35619, -1.5708]], [[0, -0.785398, -3.14159]], [[0, -5.49779, -5.49779]], [[0, -0.785398, -3.92699]], [[0, -4.71239, -4.71239]], [[0, -1.5708, -3.92699]], [[0, -3.92699, -5.49779]], [[0, -3.92699, -4.71239]], [[0, -2.35619, -4.71239]], [[0, -3.14159, -4.71239]], [[0, -0.443, -0.673]], [[-0.919, -0.443, -0.673]]]
---Preparing executables
---Running executables, 108 in batch, delta=44.83762093599999
---Extracting values delta=5.876953666000006
---Extracted values delta=105.73469806300001
---Time for noisy calculation: 156.46708056300002
***TFLON: -0.6937602643455683,-0.19971826404355353,0.29109076209228935,-0.06193207891926589,1.2498026638253585,1.357227690383395,1.6118606582952153,0.6345022425337317,1.8912737963797426,1.4859493641028556,2.1873724356835136,2.6740526321491593,2.7274052077620983,3.251743712957227,4.2924472066449235,4.016606660479097,-0.4869833128474004,-1.80201235793696,-0.563445985812637,-0.3903841564967969,0.5564898613979568,0.13951809713048036,0.07146980843469741,1.4445063453912899,0.7940363493491184,2.0601340247339492,2.1450766180972507,2.0928242637457366,2.6822016262287898,2.358103903230697,3.7429703290969174,3.8077199297066517,3.46871692484616,3.94502624114942,-0.30231038936688703,-2.2728896931502613 1631660281.909873
Noisy energies by type: {'onsite0': array([4.0182939 , 4.34298608, 4.33185071, 4.14424195, 4.88539067,
       4.51274071, 4.82271681, 3.90580848, 4.18464019, 3.98399695,
       3.76012966, 4.38116761, 3.69772336, 3.90357698, 4.76446435,
       4.32474028, 4.19927682, 1.71139445, 4.18330097, 4.06361673,
       4.37273777, 4.01126307, 3.66399389, 4.21360315, 3.91246291,
       4.97492931, 4.32992811, 4.24129401, 4.35381199, 3.83664294,
       4.89164319, 4.78983747, 4.10007582, 4.48212928, 4.31966108,
       1.67962897]), 'horiz0': array([-2.49540049, -2.06289574, -2.52014652, -1.75437856, -2.74631331,
       -1.64238701, -2.32910858, -1.09519688, -0.09631728, -0.31967709,
       -0.01639   , -0.13882863, -0.11805859,  0.21354383,  0.41705975,
        0.30911652, -2.33812616, -1.71114464, -2.55291933, -1.96726678,
       -2.22805894, -1.39933582, -2.76676508, -1.22009967, -2.27887789,
       -0.70328283,  0.01674153,  0.01659928, -0.08588211,  0.00450543,
       -0.26586479, -0.11065574,  0.21192053,  0.05956426, -2.26912929,
       -2.12644769]), 'horiz1': array([-2.21665367, -2.47980861, -1.52061342, -2.45179547, -0.88927469,
       -1.51312601, -0.88174757, -2.17610935, -2.19704912, -2.17837049,
       -1.55636723, -1.56828634, -0.85225956, -0.8653771 , -0.88907689,
       -0.61725015, -2.34813397, -1.80226217, -2.19382763, -2.48673411,
       -1.58818898, -2.47240915, -0.825759  , -1.54899713, -0.83954867,
       -2.21151246, -2.20159302, -2.16506902, -1.58572825, -1.48304446,
       -0.88280808, -0.87146181, -0.84327942, -0.5966673 , -2.35284218,
       -1.82607097])}
Using saved exact energies
Data collected can be found at experiments/8x1_single_zz_x_U_8_nocc_4_d_1-0914-235419/8x1
