{'theta': True, 'zeta': True, 'chi': False, 'gamma': True, 'phi': True, 'time': None}
{'theta': False, 'zeta': False, 'chi': False, 'gamma': False, 'phi': False, 'time': None}
                  (3, 2)
                  │
                  │
         (4, 1)───(4, 2)───(4, 3)
         │        │        │
         │        │        │
(5, 0)───(5, 1)───(5, 2)───(5, 3)───(5, 4)
         │        │        │        │
         │        │        │        │
         (6, 1)───(6, 2)───(6, 3)───(6, 4)───(6, 5)
                  │        │        │        │
                  │        │        │        │
                  (7, 2)───(7, 3)───(7, 4)───(7, 5)───(7, 6)
                           │        │        │
                           │        │        │
                           (8, 3)───(8, 4)───(8, 5)
                                    │
                                    │
                                    (9, 4)
Start at: (3, 2), with dr
Using qubits [cirq.GridQubit(3, 2), cirq.GridQubit(4, 2), cirq.GridQubit(4, 3), cirq.GridQubit(5, 3), cirq.GridQubit(5, 4), cirq.GridQubit(6, 4), cirq.GridQubit(6, 5), cirq.GridQubit(7, 5), cirq.GridQubit(4, 1), cirq.GridQubit(5, 1), cirq.GridQubit(5, 2), cirq.GridQubit(6, 2), cirq.GridQubit(6, 3), cirq.GridQubit(7, 3), cirq.GridQubit(7, 4), cirq.GridQubit(8, 4)]
Using qubits, JW:[cirq.GridQubit(3, 2), cirq.GridQubit(4, 2), cirq.GridQubit(4, 3), cirq.GridQubit(5, 3), cirq.GridQubit(5, 4), cirq.GridQubit(6, 4), cirq.GridQubit(6, 5), cirq.GridQubit(7, 5), cirq.GridQubit(4, 1), cirq.GridQubit(5, 1), cirq.GridQubit(5, 2), cirq.GridQubit(6, 2), cirq.GridQubit(6, 3), cirq.GridQubit(7, 3), cirq.GridQubit(7, 4), cirq.GridQubit(8, 4)]
                  [31m(3, 2)[0m
                  │
                  │
         [35m(4, 1)[0m───[31m(4, 2)[0m───[31m(4, 3)[0m
         │        │        │
         │        │        │
(5, 0)───[35m(5, 1)[0m───[35m(5, 2)[0m───[31m(5, 3)[0m───[31m(5, 4)[0m
         │        │        │        │
         │        │        │        │
         (6, 1)───[35m(6, 2)[0m───[35m(6, 3)[0m───[31m(6, 4)[0m───[31m(6, 5)[0m
                  │        │        │        │
                  │        │        │        │
                  (7, 2)───[35m(7, 3)[0m───[35m(7, 4)[0m───[31m(7, 5)[0m───(7, 6)
                           │        │        │
                           │        │        │
                           (8, 3)───[35m(8, 4)[0m───(8, 5)
                                    │
                                    │
                                    (9, 4)
None
Meas types ['onsite0', 'horiz0', 'vert02', 'vert12']
Prepped onsite, pairs=[(0, 8), (1, 9), (2, 10), (3, 11), (4, 12), (5, 13), (6, 14), (7, 15)]
Prepped horiz, pairs=[(0, 1), (2, 3), (4, 5), (6, 7), (8, 9), (10, 11), (12, 13), (14, 15)]
Prepped vert0, pairs=[(1, 2), (3, 4), (5, 6), (9, 10), (11, 12), (13, 14)]
Prepped vert1, pairs=[(1, 2), (3, 4), (5, 6), (9, 10), (11, 12), (13, 14)]
Set recompilation to False
Got pairs set [(10, 11), (5, 6), (3, 11), (5, 13), (8, 9), (4, 12), (6, 14), (1, 2), (6, 7), (7, 15), (12, 13), (4, 5), (2, 10), (9, 10), (2, 3), (1, 9), (14, 15), (0, 8), (11, 12), (0, 1), (13, 14), (3, 4)]
---Starting to do calibration: delta 3.6417826510000006
---Starting to set up measurements: delta 0.859874210000001
---Starting to run VQE: delta 2.271874030000001
No optimisation, save file is experiments/4x2_single_U_4_nocc_9_d_1-0915-233219/2x4/processed/processed.json
Given params: [[[[[0.575, 0.521, 0.611, 0.654]]], [[[-0.575, -0.521, -0.611, -0.654]]], [[[0, 0.521, 0.611, 0.654]]], [[[0, -0.521, -0.611, -0.654]]]]]
---Preparing executables
---Running executables, 16 in batch, delta=9.734601475
---Extracting values delta=2.490307399999999
---Extracted values delta=76.5885243
===3.9561486809076194 3.1241519599831555 4.426570018315545 4.306845077055279 1631745235.238297
Computed energies [3.5401503204453872], params [[[[0.575, 0.521, 0.611, 0.654]]], [[[-0.575, -0.521, -0.611, -0.654]]], [[[0, 0.521, 0.611, 0.654]]], [[[0, -0.521, -0.611, -0.654]]]]
***3.5401503204453872 1631745235.240066
---VQE complete: delta 88.82090701
---Starting TFLO
Using saved points
Using params [[[0, 5.49779, 0, 0]], [[0, 1.5708, 4.71239, 0]], [[0, 1.5708, 3.14159, 0]], [[0, 4.71239, 3.92699, 0.785398]], [[0, 0.785398, 3.14159, 1.5708]], [[0, 3.14159, 3.92699, 1.5708]], [[0, 4.71239, 0, 3.92699]], [[0, 2.35619, 1.5708, 3.92699]], [[0, 0.785398, 5.49779, 3.92699]], [[0, 0, 4.71239, 3.14159]], [[0, 1.5708, 5.49779, 5.49779]], [[0, 0, 4.71239, 3.92699]], [[0, 0, 3.14159, 3.92699]], [[0, 3.92699, 4.71239, 5.49779]], [[0, 0.785398, 2.35619, 5.49779]], [[0, 4.71239, 3.92699, 5.49779]], [[0, 0.521, 0.611, 0.654]], [[0.575, 0.521, 0.611, 0.654]], [[0, -5.49779, 0, 0]], [[0, -1.5708, -4.71239, 0]], [[0, -1.5708, -3.14159, 0]], [[0, -4.71239, -3.92699, -0.785398]], [[0, -0.785398, -3.14159, -1.5708]], [[0, -3.14159, -3.92699, -1.5708]], [[0, -4.71239, 0, -3.92699]], [[0, -2.35619, -1.5708, -3.92699]], [[0, -0.785398, -5.49779, -3.92699]], [[0, 0, -4.71239, -3.14159]], [[0, -1.5708, -5.49779, -5.49779]], [[0, 0, -4.71239, -3.92699]], [[0, 0, -3.14159, -3.92699]], [[0, -3.92699, -4.71239, -5.49779]], [[0, -0.785398, -2.35619, -5.49779]], [[0, -4.71239, -3.92699, -5.49779]], [[0, -0.521, -0.611, -0.654]], [[-0.575, -0.521, -0.611, -0.654]]]
---Preparing executables
---Running executables, 144 in batch, delta=77.15751683700002
---Extracting values delta=9.999338775000012
---Extracted values delta=152.55495183999997
---Time for noisy calculation: 239.73700674399998
***TFLON: 4.439041318101861,4.44037144942927,5.466651716912377,5.702872147397683,6.125064160754313,6.611700287763977,6.965100284892303,8.774557659811633,8.461544784114832,9.406968502591688,9.416054428441868,10.904118499985147,11.363540118316246,11.781976646214726,12.829210895806975,13.675433992815044,4.382414271875344,3.8840217436316684,4.02833118085127,5.217190744583727,5.453232222848933,5.417334375642284,7.150879044113123,7.34961870752998,7.4060233512599645,8.837631865862663,9.322605987703723,9.993834593300148,10.118424093948153,11.22891725867768,11.919987417728597,12.427095977149067,13.81220658638509,14.217960809961783,4.30738621875552,2.955544261478973 1631745477.915118
Noisy energies by type: {'onsite0': array([10.30514623, 10.        , 10.17806575, 10.36394475,  9.81084974,
       10.04375304, 10.22252874, 10.35055438,  9.87977654, 10.12026322,
        9.92999314, 10.2116451 , 10.11494253, 10.10153257,  9.80916391,
       10.11613541, 10.38796144,  9.06881822,  9.82419096, 10.10344828,
       10.21830005,  9.80950174, 10.34184139, 10.17490842, 10.12726055,
        9.98779109, 10.23255814, 10.02449734, 10.37070938, 10.06009783,
        9.94792143, 10.27393495, 10.42621469, 10.24261699, 10.22149988,
        8.87331302]), 'horiz0': array([-2.13383169, -2.04579966, -2.00374158, -2.02501934, -1.35827664,
       -1.56543709, -2.18357603, -0.4049505 , -1.65418346, -0.96392976,
       -1.69583931, -0.58127123,  0.68374817, -0.17393484,  1.44534005,
        1.23745473, -2.09035533, -1.63166144, -2.08278388, -1.78612717,
       -2.0188218 , -1.96082672, -1.31257691, -1.39563167, -2.10973495,
       -0.55482066, -1.4902629 , -0.91737892, -1.41863765, -0.46137288,
        0.88959764,  0.05527149,  1.54911591,  1.41314992, -2.04858105,
       -2.15811373]), 'vert02': array([-2.09652154, -1.72845528, -1.43780135, -1.38206725, -1.10531545,
       -1.09245685, -0.57324841, -0.01842546, -0.3560009 , -0.53784147,
        0.45073665,  0.0279008 ,  0.40397191,  0.69200372,  1.09851646,
        0.99438728, -2.140455  , -1.94790628, -2.09445727, -1.67583179,
       -1.46122931, -1.45231049, -1.06420323, -0.9895227 , -0.27112837,
        0.20730614, -0.06444241, -0.32018038,  0.54620123,  0.18546931,
        0.62378753,  0.85374073,  1.1524906 ,  1.22952359, -1.8125884 ,
       -1.72261799]), 'vert12': array([-1.63575168, -1.78537361, -1.26987111, -1.25398601, -1.22219348,
       -0.77415882, -0.50060401, -1.15262076,  0.5919526 ,  0.78847651,
        0.73116395,  1.24584383,  0.16087751,  1.1623752 ,  0.47619048,
        1.32745657, -1.77473684, -1.60522876, -1.61861862, -1.42429857,
       -1.28501671, -0.97903014, -0.81418219, -0.44013535, -0.34037388,
       -0.80264471,  0.64475316,  1.20689655,  0.62015113,  1.44472299,
        0.45868082,  1.24414881,  0.68438538,  1.33267031, -2.05294421,
       -2.03703704])}
Using saved exact energies
Data collected can be found at experiments/4x2_single_U_4_nocc_9_d_1-0915-233219/2x4
