{'theta': True, 'zeta': True, 'chi': False, 'gamma': True, 'phi': True, 'time': None}
{'theta': False, 'zeta': False, 'chi': False, 'gamma': False, 'phi': False, 'time': None}
Start at: (3, 2), with dr
Using qubits [cirq.GridQubit(3, 2), cirq.GridQubit(4, 2), cirq.GridQubit(4, 3), cirq.GridQubit(5, 3), cirq.GridQubit(5, 4), cirq.GridQubit(6, 4), cirq.GridQubit(6, 5), cirq.GridQubit(7, 5), cirq.GridQubit(4, 1), cirq.GridQubit(5, 1), cirq.GridQubit(5, 2), cirq.GridQubit(6, 2), cirq.GridQubit(6, 3), cirq.GridQubit(7, 3), cirq.GridQubit(7, 4), cirq.GridQubit(8, 4)]
Using qubits, JW:[cirq.GridQubit(3, 2), cirq.GridQubit(4, 2), cirq.GridQubit(4, 3), cirq.GridQubit(5, 3), cirq.GridQubit(5, 4), cirq.GridQubit(6, 4), cirq.GridQubit(6, 5), cirq.GridQubit(7, 5), cirq.GridQubit(4, 1), cirq.GridQubit(5, 1), cirq.GridQubit(5, 2), cirq.GridQubit(6, 2), cirq.GridQubit(6, 3), cirq.GridQubit(7, 3), cirq.GridQubit(7, 4), cirq.GridQubit(8, 4)]
Meas types ['onsite0', 'horiz0', 'vert02', 'vert12']
Prepped onsite, pairs=[(0, 8), (1, 9), (2, 10), (3, 11), (4, 12), (5, 13), (6, 14), (7, 15)]
Prepped horiz, pairs=[(0, 1), (2, 3), (4, 5), (6, 7), (8, 9), (10, 11), (12, 13), (14, 15)]
Prepped vert0, pairs=[(1, 2), (3, 4), (5, 6), (9, 10), (11, 12), (13, 14)]
Prepped vert1, pairs=[(1, 2), (3, 4), (5, 6), (9, 10), (11, 12), (13, 14)]
Set recompilation to False
Got pairs set [(3, 4), (4, 12), (12, 13), (5, 13), (8, 9), (0, 8), (1, 9), (13, 14), (6, 14), (4, 5), (5, 6), (14, 15), (0, 1), (9, 10), (10, 11), (1, 2), (2, 10), (6, 7), (7, 15), (3, 11), (2, 3), (11, 12)]
---Starting to do calibration: delta 0.07563763500002096
---Starting to set up measurements: delta 0.48154430399972625
---Starting to run VQE: delta 1.4884379059999446
No optimisation, save file is experiments/6351ad8ca8ed4147aea1e4db6a8a9670-0920-105924/2x4/processed/processed.json
parameters.json
---Preparing executables
---Running executables, 60 in batch, delta=15.383634966000045
---Extracting values delta=24.180047875000128
---Extracted values delta=0.4882254499998453
===-4.718614816665649 -6.604022026062012 -6.7607197761535645 -6.8996453285217285 -6.920865893363953 -6.944068789482117 -6.977810740470886 -6.985705375671387 -6.999547839164734 -7.016968131065369 -7.002055287361145 -7.030731558799744 -7.027124881744385 -7.015125036239624 -7.030974090099335 1632132006.428083
Computed energies [-4.718614816665649, -6.604022026062012, -6.7607197761535645, -6.8996453285217285, -6.920865893363953, -6.944068789482117, -6.977810740470886, -6.985705375671387, -6.999547839164734, -7.016968131065369, -7.002055287361145, -7.030731558799744, -7.027124881744385, -7.015125036239624, -7.030974090099335], params [[[[1.0, 1.0, 1.0, 1.0]]], [[[0.27763518195836323, 0.6381791733418285, 0.7730290334443195, 0.9737524827186683]]], [[[0.29782210103025675, 0.5058705488378358, 0.7241235508405317, 0.8287912240044307]]], [[[0.37820904100004427, 0.3317259898837238, 0.6761554270416515, 0.6785419794037498]]], [[[0.3927078021304472, 0.3833485389319078, 0.6510767044224465, 0.6710874509368485]]], [[[0.40899569294838684, 0.3466555519621435, 0.6329221971736861, 0.6290332506984098]]], [[[0.40297841494220366, 0.35937754198422167, 0.6156989564781238, 0.5192625216747101]]], [[[0.42092046166675884, 0.3634190502634384, 0.6210477253313255, 0.49219058743674493]]], [[[0.3985358755516675, 0.43272276091683576, 0.5925979909555795, 0.4587400442829808]]], [[[0.4489928293804035, 0.3940816166049278, 0.5803793544571586, 0.4174258500791716]]], [[[0.3639524599840847, 0.4203888186639708, 0.5277287395334181, 0.432675874897582]]], [[[0.4375906502302812, 0.39387749304997566, 0.5146964741578505, 0.3958040229309716]]], [[[0.4422944238917234, 0.38055603065270616, 0.5263985208166823, 0.3771092899749309]]], [[[0.47693222220250986, 0.35197514740490965, 0.5608003233331099, 0.41222214853243827]]], [[[0.49550565080993736, 0.4080280672027635, 0.5313458267855493, 0.4385134317463885]]]]
***[-4.71861482 -6.60402203 -6.76071978 -6.89964533 -6.92086589 -6.94406879
 -6.97781074 -6.98570538 -6.99954784 -7.01696813 -7.00205529 -7.03073156
 -7.02712488 -7.01512504 -7.03097409] 1632132006.4301076
---VQE complete: delta 40.05847207499983
Data collected can be found at experiments/6351ad8ca8ed4147aea1e4db6a8a9670-0920-105924/2x4
