{'theta': True, 'zeta': True, 'chi': False, 'gamma': True, 'phi': True, 'time': None}
{'theta': False, 'zeta': False, 'chi': False, 'gamma': False, 'phi': False, 'time': None}
                  (3, 2)
                  │
                  │
         (4, 1)───(4, 2)───(4, 3)
         │        │        │
         │        │        │
(5, 0)───(5, 1)───(5, 2)───(5, 3)───(5, 4)
         │        │        │        │
         │        │        │        │
         (6, 1)───(6, 2)───(6, 3)───(6, 4)───(6, 5)
                  │        │        │        │
                  │        │        │        │
                  (7, 2)───(7, 3)───(7, 4)───(7, 5)───(7, 6)
                           │        │        │
                           │        │        │
                           (8, 3)───(8, 4)───(8, 5)
                                    │
                                    │
                                    (9, 4)
Start at: (3, 2), with dr
Using qubits [cirq.GridQubit(3, 2), cirq.GridQubit(4, 2), cirq.GridQubit(4, 3), cirq.GridQubit(5, 3), cirq.GridQubit(5, 4), cirq.GridQubit(6, 4), cirq.GridQubit(6, 5), cirq.GridQubit(7, 5), cirq.GridQubit(4, 1), cirq.GridQubit(5, 1), cirq.GridQubit(5, 2), cirq.GridQubit(6, 2), cirq.GridQubit(6, 3), cirq.GridQubit(7, 3), cirq.GridQubit(7, 4), cirq.GridQubit(8, 4)]
Using qubits, JW:[cirq.GridQubit(3, 2), cirq.GridQubit(4, 2), cirq.GridQubit(4, 3), cirq.GridQubit(5, 3), cirq.GridQubit(5, 4), cirq.GridQubit(6, 4), cirq.GridQubit(6, 5), cirq.GridQubit(7, 5), cirq.GridQubit(4, 1), cirq.GridQubit(5, 1), cirq.GridQubit(5, 2), cirq.GridQubit(6, 2), cirq.GridQubit(6, 3), cirq.GridQubit(7, 3), cirq.GridQubit(7, 4), cirq.GridQubit(8, 4)]
                  [31m(3, 2)[0m
                  │
                  │
         [35m(4, 1)[0m───[31m(4, 2)[0m───[31m(4, 3)[0m
         │        │        │
         │        │        │
(5, 0)───[35m(5, 1)[0m───[35m(5, 2)[0m───[31m(5, 3)[0m───[31m(5, 4)[0m
         │        │        │        │
         │        │        │        │
         (6, 1)───[35m(6, 2)[0m───[35m(6, 3)[0m───[31m(6, 4)[0m───[31m(6, 5)[0m
                  │        │        │        │
                  │        │        │        │
                  (7, 2)───[35m(7, 3)[0m───[35m(7, 4)[0m───[31m(7, 5)[0m───(7, 6)
                           │        │        │
                           │        │        │
                           (8, 3)───[35m(8, 4)[0m───(8, 5)
                                    │
                                    │
                                    (9, 4)
None
Meas types ['onsite0', 'horiz0', 'vert02', 'vert12']
Prepped onsite, pairs=[(0, 8), (1, 9), (2, 10), (3, 11), (4, 12), (5, 13), (6, 14), (7, 15)]
Prepped horiz, pairs=[(0, 1), (2, 3), (4, 5), (6, 7), (8, 9), (10, 11), (12, 13), (14, 15)]
Prepped vert0, pairs=[(1, 2), (3, 4), (5, 6), (9, 10), (11, 12), (13, 14)]
Prepped vert1, pairs=[(1, 2), (3, 4), (5, 6), (9, 10), (11, 12), (13, 14)]
Set recompilation to False
Got pairs set [(3, 4), (4, 12), (12, 13), (5, 13), (8, 9), (0, 8), (1, 9), (13, 14), (6, 14), (4, 5), (5, 6), (14, 15), (0, 1), (9, 10), (10, 11), (1, 2), (2, 10), (6, 7), (7, 15), (3, 11), (2, 3), (11, 12)]
---Starting to do calibration: delta 2.4679545580002014
---Starting to set up measurements: delta 0.507266833000358
---Starting to run VQE: delta 0.04095869499997207
Running BayesMGD: n_evals 23, nshots 1000, max_iter 50, max_evals 600
---Preparing executables
---Running executables, 4 in batch, delta=1.146504714999537
---Extracting values delta=2.161758383000233
---Extracted values delta=7.851909111000168
Running block of size 20...
---Preparing executables
---Running executables, 80 in batch, delta=23.038798573999884
---Extracting values delta=10.579541397999492
---Extracted values delta=61.912558689000434
Running block of size 20...
---Preparing executables
---Running executables, 80 in batch, delta=22.97831853599928
---Extracting values delta=10.848838048999824
---Extracted values delta=63.20690585799912
Running block of size 6...
---Preparing executables
---Running executables, 24 in batch, delta=6.848868661000779
---Extracting values delta=3.6681147340004827
---Extracted values delta=25.12848398799997
[-2.144132586681029, -5.172854943842249]
2  :--------------------------------
current: -5.173+/-0.751  params:  [0.305 0.631 0.599 0.875]  grad:  [2.246 1.192 1.294 0.403]  gamma_k: 0.3097  delta_k: 0.6000
Running block of size 20...
---Preparing executables
---Running executables, 80 in batch, delta=22.59707772300044
---Extracting values delta=10.165520165999624
---Extracted values delta=60.23333175300013
Running block of size 20...
---Preparing executables
---Running executables, 80 in batch, delta=22.982652525999583
---Extracting values delta=9.918259662999844
---Extracted values delta=63.12097691500003
Running block of size 6...
---Preparing executables
---Running executables, 24 in batch, delta=6.931306262999897
---Extracting values delta=3.694713789999696
---Extracted values delta=24.43344890299977
[-2.144132586681029, -5.172854943842249, -4.161995937623689]
3  :--------------------------------
current: -4.162+/-0.122  params:  [0.335 0.59  0.61  0.751]  grad:  [-0.119  0.155 -0.04   0.475]  gamma_k: 0.2604  delta_k: 0.5594
Running block of size 20...
---Preparing executables
---Running executables, 80 in batch, delta=22.54600449999998
---Extracting values delta=10.120837612000287
---Extracted values delta=60.02298589299971
Running block of size 20...
---Preparing executables
---Running executables, 80 in batch, delta=22.0164026249995
---Extracting values delta=9.920874395999817
---Extracted values delta=67.78745244399943
Running block of size 6...
---Preparing executables
---Running executables, 24 in batch, delta=6.7952812989997255
---Extracting values delta=3.8464187140007198
---Extracted values delta=24.982041888999447
[-2.144132586681029, -5.172854943842249, -4.161995937623689, -4.391319218274257]
4  :--------------------------------
current: -4.391+/-0.142  params:  [0.368 0.516 0.635 0.62 ]  grad:  [-0.145  0.328 -0.111  0.575]  gamma_k: 0.2277  delta_k: 0.5370
Running block of size 20...
---Preparing executables
---Running executables, 80 in batch, delta=23.173059890999866
---Extracting values delta=10.02934498600007
---Extracted values delta=61.44075512800009
Running block of size 20...
---Preparing executables
---Running executables, 80 in batch, delta=22.545299640999474
---Extracting values delta=9.980049972000415
---Extracted values delta=62.55075739299991
Running block of size 6...
---Preparing executables
---Running executables, 24 in batch, delta=6.838484934000007
---Extracting values delta=3.9220380560000194
---Extracted values delta=24.241305176000424
[-2.144132586681029, -5.172854943842249, -4.161995937623689, -4.391319218274257, -4.183433233409935]
5  :--------------------------------
current: -4.183+/-0.110  params:  [0.392 0.496 0.551 0.628]  grad:  [-0.114  0.099  0.409 -0.035]  gamma_k: 0.2040  delta_k: 0.5216
Running block of size 20...
---Preparing executables
---Running executables, 80 in batch, delta=21.766195051000977
---Extracting values delta=10.114212976001
---Extracted values delta=61.25022977200024
Running block of size 20...
---Preparing executables
---Running executables, 80 in batch, delta=21.81634095299887
---Extracting values delta=10.097020146000432
---Extracted values delta=62.27475907400003
Running block of size 6...
---Preparing executables
---Running executables, 24 in batch, delta=6.65181641199888
---Extracting values delta=5.20560162899892
---Extracted values delta=24.610540273999504
[-2.144132586681029, -5.172854943842249, -4.161995937623689, -4.391319218274257, -4.183433233409935, -4.205748637764208]
6  :--------------------------------
current: -4.206+/-0.085  params:  [0.487 0.517 0.552 0.63 ]  grad:  [-0.513 -0.113 -0.002 -0.015]  gamma_k: 0.1860  delta_k: 0.5100
Running block of size 20...
---Preparing executables
---Running executables, 80 in batch, delta=22.316822603999753
---Extracting values delta=10.091790677999597
---Extracted values delta=61.772723845000655
Running block of size 20...
---Preparing executables
---Running executables, 80 in batch, delta=22.479223476000698
---Extracting values delta=10.262056208999638
---Extracted values delta=62.12846936200003
Running block of size 6...
---Preparing executables
---Running executables, 24 in batch, delta=6.651291597998352
---Extracting values delta=3.7101034780007467
---Extracted values delta=24.74215568499858
[-2.144132586681029, -5.172854943842249, -4.161995937623689, -4.391319218274257, -4.183433233409935, -4.205748637764208, -4.236163846570154]
7  :--------------------------------
current: -4.236+/-0.079  params:  [0.494 0.542 0.504 0.525]  grad:  [-0.041 -0.149  0.278  0.612]  gamma_k: 0.1716  delta_k: 0.5007
Running block of size 20...
---Preparing executables
---Running executables, 80 in batch, delta=22.16166296300071
---Extracting values delta=11.557372799001314
---Extracted values delta=61.13411522199931
Running block of size 20...
---Preparing executables
---Running executables, 80 in batch, delta=22.24539288500091
---Extracting values delta=10.004133800001
---Extracted values delta=63.79427107399897
Running block of size 6...
---Preparing executables
---Running executables, 24 in batch, delta=6.590785661001064
---Extracting values delta=3.546669715999087
---Extracted values delta=24.814158377999775
[-2.144132586681029, -5.172854943842249, -4.161995937623689, -4.391319218274257, -4.183433233409935, -4.205748637764208, -4.236163846570154, -4.057638580403849]
8  :--------------------------------
current: -4.058+/-0.077  params:  [0.503 0.552 0.538 0.483]  grad:  [-0.052 -0.059 -0.211  0.262]  gamma_k: 0.1598  delta_k: 0.4929
Running block of size 20...
---Preparing executables
---Running executables, 80 in batch, delta=21.679099809000036
---Extracting values delta=9.905432491999818
---Extracted values delta=61.19901253399985
Running block of size 20...
---Preparing executables
---Running executables, 80 in batch, delta=22.35223202099951
---Extracting values delta=17.412762912999824
---Extracted values delta=65.15845315200022
Running block of size 6...
---Preparing executables
---Running executables, 24 in batch, delta=6.708441630999005
---Extracting values delta=3.8005507179987035
---Extracted values delta=24.204777152999668
[-2.144132586681029, -5.172854943842249, -4.161995937623689, -4.391319218274257, -4.183433233409935, -4.205748637764208, -4.236163846570154, -4.057638580403849, -3.844922284277704]
9  :--------------------------------
current: -3.845+/-0.072  params:  [0.38  0.53  0.537 0.404]  grad:  [0.819 0.146 0.007 0.528]  gamma_k: 0.1500  delta_k: 0.4863
Running block of size 20...
---Preparing executables
---Running executables, 80 in batch, delta=22.378557039000952
---Extracting values delta=11.262823068000216
---Extracted values delta=60.701976009000646
Running block of size 20...
---Preparing executables
---Running executables, 80 in batch, delta=22.035192948998883
---Extracting values delta=10.031164005999017
---Extracted values delta=63.57764489799956
Running block of size 6...
---Preparing executables
---Running executables, 24 in batch, delta=6.884499556001174
---Extracting values delta=4.283631730000707
---Extracted values delta=24.45643086600103
[-2.144132586681029, -5.172854943842249, -4.161995937623689, -4.391319218274257, -4.183433233409935, -4.205748637764208, -4.236163846570154, -4.057638580403849, -3.844922284277704, -4.207015041238839]
10  :--------------------------------
current: -4.207+/-0.071  params:  [0.37  0.506 0.499 0.357]  grad:  [0.071 0.166 0.268 0.331]  gamma_k: 0.1417  delta_k: 0.4806
Running block of size 20...
---Preparing executables
---Running executables, 80 in batch, delta=22.14601189199857
---Extracting values delta=11.131400886000847
---Extracted values delta=60.41843845999938
Running block of size 20...
---Preparing executables
---Running executables, 80 in batch, delta=21.661398258998815
---Extracting values delta=9.86824810699909
---Extracted values delta=63.17684248600017
Running block of size 6...
---Preparing executables
---Running executables, 24 in batch, delta=6.855855552999856
---Extracting values delta=3.6916494779998175
---Extracted values delta=25.426857033000488
[-2.144132586681029, -5.172854943842249, -4.161995937623689, -4.391319218274257, -4.183433233409935, -4.205748637764208, -4.236163846570154, -4.057638580403849, -3.844922284277704, -4.207015041238839, -3.9474712676706116]
11  :--------------------------------
current: -3.947+/-0.075  params:  [0.369 0.547 0.485 0.36 ]  grad:  [ 0.007 -0.304  0.105 -0.017]  gamma_k: 0.1344  delta_k: 0.4755
Running block of size 20...
---Preparing executables
---Running executables, 80 in batch, delta=22.1884509850006
---Extracting values delta=10.530277611000201
---Extracted values delta=63.917694829999164
Running block of size 20...
---Preparing executables
---Running executables, 80 in batch, delta=22.250282675999188
---Extracting values delta=11.466017202999865
---Extracted values delta=65.18362541500028
Running block of size 6...
---Preparing executables
---Running executables, 24 in batch, delta=6.861119908000546
---Extracting values delta=3.8186161649991845
---Extracted values delta=23.955411109000124
[-2.144132586681029, -5.172854943842249, -4.161995937623689, -4.391319218274257, -4.183433233409935, -4.205748637764208, -4.236163846570154, -4.057638580403849, -3.844922284277704, -4.207015041238839, -3.9474712676706116, -4.147227125731193]
12  :--------------------------------
current: -4.147+/-0.072  params:  [0.425 0.512 0.458 0.359]  grad:  [-0.442  0.275  0.204  0.004]  gamma_k: 0.1281  delta_k: 0.4709
Running block of size 20...
---Preparing executables
---Running executables, 80 in batch, delta=21.974302204000196
---Extracting values delta=11.434020581000368
---Extracted values delta=62.442735754999376
Running block of size 20...
---Preparing executables
---Running executables, 80 in batch, delta=22.26978513799986
---Extracting values delta=10.435551094000402
---Extracted values delta=62.946777415001634
Running block of size 6...
---Preparing executables
---Running executables, 24 in batch, delta=6.819858635999481
---Extracting values delta=3.6481191540005966
---Extracted values delta=24.60570993500005
[-2.144132586681029, -5.172854943842249, -4.161995937623689, -4.391319218274257, -4.183433233409935, -4.205748637764208, -4.236163846570154, -4.057638580403849, -3.844922284277704, -4.207015041238839, -3.9474712676706116, -4.147227125731193, -4.132483148019325]
13  :--------------------------------
current: -4.132+/-0.072  params:  [0.428 0.519 0.455 0.371]  grad:  [-0.019 -0.056  0.026 -0.098]  gamma_k: 0.1225  delta_k: 0.4668
Running block of size 20...
---Preparing executables
---Running executables, 80 in batch, delta=22.40766009899926
---Extracting values delta=11.537971448000462
---Extracted values delta=64.3885715460001
Running block of size 20...
---Preparing executables
---Running executables, 80 in batch, delta=21.762095441001293
---Extracting values delta=10.611886467000659
---Extracted values delta=62.91872637399865
Running block of size 6...
---Preparing executables
---Running executables, 24 in batch, delta=6.795046736000586
---Extracting values delta=3.700337362999562
---Extracted values delta=24.710825432001002
[-2.144132586681029, -5.172854943842249, -4.161995937623689, -4.391319218274257, -4.183433233409935, -4.205748637764208, -4.236163846570154, -4.057638580403849, -3.844922284277704, -4.207015041238839, -3.9474712676706116, -4.147227125731193, -4.132483148019325, -4.105317135503554]
14  :--------------------------------
current: -4.105+/-0.065  params:  [0.44  0.514 0.416 0.388]  grad:  [-0.107  0.04   0.332 -0.141]  gamma_k: 0.1175  delta_k: 0.4631
Running block of size 20...
---Preparing executables
---Running executables, 80 in batch, delta=22.278784584001187
---Extracting values delta=10.440344822000043
---Extracted values delta=61.342216014998485
Running block of size 20...
---Preparing executables
---Running executables, 80 in batch, delta=21.947184352000477
---Extracting values delta=10.503230368000004
---Extracted values delta=63.57484382900111
Running block of size 6...
---Preparing executables
---Running executables, 24 in batch, delta=6.831482928000696
---Extracting values delta=3.826571776999117
---Extracted values delta=25.15086615799919
[-2.144132586681029, -5.172854943842249, -4.161995937623689, -4.391319218274257, -4.183433233409935, -4.205748637764208, -4.236163846570154, -4.057638580403849, -3.844922284277704, -4.207015041238839, -3.9474712676706116, -4.147227125731193, -4.132483148019325, -4.105317135503554, -4.250037704731109]
15  :--------------------------------
current: -4.250+/-0.067  params:  [0.467 0.481 0.417 0.389]  grad:  [-0.233  0.296 -0.011 -0.012]  gamma_k: 0.1131  delta_k: 0.4596
***-4.25+/-0.07 1631273676.6965046
---VQE complete: delta 3184.361182417001
Data collected can be found at experiments/4x2_bayesmgd_zz_x_U_4_nocc_4_d_1-0910-114129/2x4
