{'theta': True, 'zeta': True, 'chi': False, 'gamma': True, 'phi': True, 'time': None}
{'theta': False, 'zeta': False, 'chi': False, 'gamma': False, 'phi': False, 'time': None}
                  (3, 2)
                  │
                  │
         (4, 1)───(4, 2)───(4, 3)
         │        │        │
         │        │        │
(5, 0)───(5, 1)───(5, 2)───(5, 3)───(5, 4)
         │        │        │        │
         │        │        │        │
         (6, 1)───(6, 2)───(6, 3)───(6, 4)───(6, 5)
                  │        │        │        │
                  │        │        │        │
                  (7, 2)───(7, 3)───(7, 4)───(7, 5)───(7, 6)
                           │        │        │
                           │        │        │
                           (8, 3)───(8, 4)───(8, 5)
                                    │
                                    │
                                    (9, 4)
Start at: (3, 2), with dr
Using qubits [cirq.GridQubit(3, 2), cirq.GridQubit(4, 2), cirq.GridQubit(4, 3), cirq.GridQubit(5, 3), cirq.GridQubit(5, 4), cirq.GridQubit(6, 4), cirq.GridQubit(6, 5), cirq.GridQubit(7, 5), cirq.GridQubit(4, 1), cirq.GridQubit(5, 1), cirq.GridQubit(5, 2), cirq.GridQubit(6, 2), cirq.GridQubit(6, 3), cirq.GridQubit(7, 3), cirq.GridQubit(7, 4), cirq.GridQubit(8, 4)]
Using qubits, JW:[cirq.GridQubit(3, 2), cirq.GridQubit(4, 2), cirq.GridQubit(4, 3), cirq.GridQubit(5, 3), cirq.GridQubit(5, 4), cirq.GridQubit(6, 4), cirq.GridQubit(6, 5), cirq.GridQubit(7, 5), cirq.GridQubit(4, 1), cirq.GridQubit(5, 1), cirq.GridQubit(5, 2), cirq.GridQubit(6, 2), cirq.GridQubit(6, 3), cirq.GridQubit(7, 3), cirq.GridQubit(7, 4), cirq.GridQubit(8, 4)]
                  [31m(3, 2)[0m
                  │
                  │
         [35m(4, 1)[0m───[31m(4, 2)[0m───[31m(4, 3)[0m
         │        │        │
         │        │        │
(5, 0)───[35m(5, 1)[0m───[35m(5, 2)[0m───[31m(5, 3)[0m───[31m(5, 4)[0m
         │        │        │        │
         │        │        │        │
         (6, 1)───[35m(6, 2)[0m───[35m(6, 3)[0m───[31m(6, 4)[0m───[31m(6, 5)[0m
                  │        │        │        │
                  │        │        │        │
                  (7, 2)───[35m(7, 3)[0m───[35m(7, 4)[0m───[31m(7, 5)[0m───(7, 6)
                           │        │        │
                           │        │        │
                           (8, 3)───[35m(8, 4)[0m───(8, 5)
                                    │
                                    │
                                    (9, 4)
None
Meas types ['onsite0', 'horiz0', 'horiz1']
Prepped onsite, pairs=[(0, 8), (1, 9), (2, 10), (3, 11), (4, 12), (5, 13), (6, 14), (7, 15)]
Prepped horiz, pairs=[(0, 1), (2, 3), (4, 5), (6, 7), (8, 9), (10, 11), (12, 13), (14, 15)]
Prepped horiz, pairs=[(1, 2), (3, 4), (5, 6), (9, 10), (11, 12), (13, 14)]
Set recompilation to False
Got pairs set [(10, 11), (5, 6), (3, 11), (5, 13), (8, 9), (4, 12), (6, 14), (1, 2), (6, 7), (7, 15), (12, 13), (4, 5), (2, 10), (9, 10), (2, 3), (1, 9), (14, 15), (0, 8), (11, 12), (0, 1), (13, 14), (3, 4)]
---Starting to do calibration: delta 3.25396983
---Starting to set up measurements: delta 0.6148518249999988
---Starting to run VQE: delta 1.0981824000000007
No optimisation, save file is experiments/8x1_single_zz_x_U_4_nocc_3_d_1-0914-025754/8x1/processed/processed.json
Given params: [[[[[0.566, 0.583, 0.474]]], [[[-0.566, -0.583, -0.474]]], [[[0, 0.583, 0.474]]], [[[0, -0.583, -0.474]]]]]
---Preparing executables
---Running executables, 12 in batch, delta=4.959313169000001
---Extracting values delta=2.8134954970000017
---Extracted values delta=51.736484011
===-2.8949200038748018 -2.873958949575784 -2.6092142722944933 -2.387310203046713 1631584738.75532
Computed energies [-2.8844394767252926], params [[[[0.566, 0.583, 0.474]]], [[[-0.566, -0.583, -0.474]]], [[[0, 0.583, 0.474]]], [[[0, -0.583, -0.474]]]]
***-2.8844394767252926 1631584738.757678
---VQE complete: delta 59.514568723
---Starting TFLO
Using saved points
Using params [[[0, 0, 0]], [[0, 0, 0.785398]], [[0, 1.5708, 0.785398]], [[0, 1.5708, 1.5708]], [[0, 2.35619, 0.785398]], [[0, 0, 2.35619]], [[0, 5.49779, 1.5708]], [[0, 3.92699, 0.785398]], [[0, 0, 4.71239]], [[0, 0.785398, 3.92699]], [[0, 2.35619, 2.35619]], [[0, 1.5708, 5.49779]], [[0, 3.92699, 5.49779]], [[0, 2.35619, 3.14159]], [[0, 2.35619, 4.71239]], [[0, 3.92699, 3.92699]], [[0, 0.583, 0.474]], [[0.566, 0.583, 0.474]], [[0, 0, 0]], [[0, 0, -0.785398]], [[0, -1.5708, -0.785398]], [[0, -1.5708, -1.5708]], [[0, -2.35619, -0.785398]], [[0, 0, -2.35619]], [[0, -5.49779, -1.5708]], [[0, -3.92699, -0.785398]], [[0, 0, -4.71239]], [[0, -0.785398, -3.92699]], [[0, -2.35619, -2.35619]], [[0, -1.5708, -5.49779]], [[0, -3.92699, -5.49779]], [[0, -2.35619, -3.14159]], [[0, -2.35619, -4.71239]], [[0, -3.92699, -3.92699]], [[0, -0.583, -0.474]], [[-0.566, -0.583, -0.474]]]
---Preparing executables
---Running executables, 108 in batch, delta=42.712715855
---Extracting values delta=11.752556560000002
---Extracted values delta=96.56531848400002
---Time for noisy calculation: 151.049462748
***TFLON: -2.483658803412846,-2.4314265568030327,-2.309124712147706,-2.4100067735802195,-1.7227084878014687,-1.9018409835311245,-1.434297841021328,-1.2949613267997242,-1.2759247577540607,-1.3588959659698294,-1.00149329431507,-0.4959024864569961,-0.2832194854232919,-0.2782526224231586,0.17841341270531086,0.27056125591068636,-2.583921940176097,-2.8631962635950585,-2.4321440374274554,-2.4079201471648606,-2.4014756219677773,-2.2564070494170387,-1.9472660241075226,-1.8006226430234924,-1.513347039603442,-1.1119373022789607,-0.8329468489943266,-0.8649347140044574,-0.854857859463081,-0.23624974290600043,-0.15837674470934182,-0.2943917601683358,-0.0031508068108797582,0.13875440935096195,-2.395620700100611,-2.842160353571856 1631584891.838489
Noisy energies by type: {'onsite0': array([1.10117273, 1.09166825, 1.22588329, 1.09303262, 1.29361371,
       1.15675676, 1.08698413, 1.00943009, 1.07623666, 1.00667452,
       1.2008    , 1.04278075, 0.90641602, 1.26846563, 1.18048025,
       1.03413103, 1.05159705, 0.56436981, 1.12109375, 1.09848634,
       1.00060181, 0.97290931, 0.92875989, 1.05797681, 0.98044638,
       1.13557929, 1.12254807, 1.15646785, 1.03572862, 1.11818715,
       1.24772097, 1.02788365, 0.90598626, 1.12558328, 1.2086668 ,
       0.68522001]), 'horiz0': array([-1.66343928, -1.56693253, -2.15196649, -2.14203593, -2.11827447,
       -1.14431203, -0.79303382, -1.45363908, -0.43175366, -0.60290971,
       -1.24947442, -0.16445963, -0.35327187, -0.6232939 , -0.04192121,
        0.06087331, -1.78172589, -1.6800441 , -1.61802216, -1.55431993,
       -2.12798749, -1.97136312, -2.02516436, -0.95554527, -0.70331358,
       -1.3232089 , -0.06270627, -0.30990122, -1.0434275 , -0.06960717,
       -0.45670996, -0.46609208, -0.06124254, -0.02782534, -1.81005819,
       -1.8207825 ]), 'horiz1': array([-1.92139226, -1.95616228, -1.38304151, -1.36100347, -0.89804772,
       -1.91428571, -1.72824815, -0.85075234, -1.92040776, -1.76266077,
       -0.95281887, -1.3742236 , -0.83636364, -0.92342435, -0.96014562,
       -0.82444308, -1.8537931 , -1.74752197, -1.93521563, -1.95208655,
       -1.27408994, -1.25795324, -0.85086156, -1.90305419, -1.79047983,
       -0.92430769, -1.89278865, -1.71150135, -0.84715898, -1.28482972,
       -0.94938776, -0.85618333, -0.84789453, -0.95900353, -1.79422931,
       -1.70659786])}
Using saved exact energies
Data collected can be found at experiments/8x1_single_zz_x_U_4_nocc_3_d_1-0914-025754/8x1
