{'theta': True, 'zeta': True, 'chi': False, 'gamma': True, 'phi': True, 'time': None}
{'theta': False, 'zeta': False, 'chi': False, 'gamma': False, 'phi': False, 'time': None}
                  (3, 2)
                  │
                  │
         (4, 1)───(4, 2)───(4, 3)
         │        │        │
         │        │        │
(5, 0)───(5, 1)───(5, 2)───(5, 3)───(5, 4)
         │        │        │        │
         │        │        │        │
         (6, 1)───(6, 2)───(6, 3)───(6, 4)───(6, 5)
                  │        │        │        │
                  │        │        │        │
                  (7, 2)───(7, 3)───(7, 4)───(7, 5)───(7, 6)
                           │        │        │
                           │        │        │
                           (8, 3)───(8, 4)───(8, 5)
                                    │
                                    │
                                    (9, 4)
Start at: (3, 2), with dr
Using qubits [cirq.GridQubit(3, 2), cirq.GridQubit(4, 2), cirq.GridQubit(4, 3), cirq.GridQubit(5, 3), cirq.GridQubit(5, 4), cirq.GridQubit(6, 4), cirq.GridQubit(6, 5), cirq.GridQubit(7, 5), cirq.GridQubit(4, 1), cirq.GridQubit(5, 1), cirq.GridQubit(5, 2), cirq.GridQubit(6, 2), cirq.GridQubit(6, 3), cirq.GridQubit(7, 3), cirq.GridQubit(7, 4), cirq.GridQubit(8, 4)]
Using qubits, JW:[cirq.GridQubit(3, 2), cirq.GridQubit(4, 2), cirq.GridQubit(4, 3), cirq.GridQubit(5, 3), cirq.GridQubit(5, 4), cirq.GridQubit(6, 4), cirq.GridQubit(6, 5), cirq.GridQubit(7, 5), cirq.GridQubit(4, 1), cirq.GridQubit(5, 1), cirq.GridQubit(5, 2), cirq.GridQubit(6, 2), cirq.GridQubit(6, 3), cirq.GridQubit(7, 3), cirq.GridQubit(7, 4), cirq.GridQubit(8, 4)]
                  [31m(3, 2)[0m
                  │
                  │
         [35m(4, 1)[0m───[31m(4, 2)[0m───[31m(4, 3)[0m
         │        │        │
         │        │        │
(5, 0)───[35m(5, 1)[0m───[35m(5, 2)[0m───[31m(5, 3)[0m───[31m(5, 4)[0m
         │        │        │        │
         │        │        │        │
         (6, 1)───[35m(6, 2)[0m───[35m(6, 3)[0m───[31m(6, 4)[0m───[31m(6, 5)[0m
                  │        │        │        │
                  │        │        │        │
                  (7, 2)───[35m(7, 3)[0m───[35m(7, 4)[0m───[31m(7, 5)[0m───(7, 6)
                           │        │        │
                           │        │        │
                           (8, 3)───[35m(8, 4)[0m───(8, 5)
                                    │
                                    │
                                    (9, 4)
None
Meas types ['onsite0', 'horiz0', 'vert02', 'vert12']
Prepped onsite, pairs=[(0, 8), (1, 9), (2, 10), (3, 11), (4, 12), (5, 13), (6, 14), (7, 15)]
Prepped horiz, pairs=[(0, 1), (2, 3), (4, 5), (6, 7), (8, 9), (10, 11), (12, 13), (14, 15)]
Prepped vert0, pairs=[(1, 2), (3, 4), (5, 6), (9, 10), (11, 12), (13, 14)]
Prepped vert1, pairs=[(1, 2), (3, 4), (5, 6), (9, 10), (11, 12), (13, 14)]
Set recompilation to False
Got pairs set [(3, 4), (4, 12), (12, 13), (5, 13), (8, 9), (0, 8), (1, 9), (13, 14), (6, 14), (4, 5), (5, 6), (14, 15), (0, 1), (9, 10), (10, 11), (1, 2), (2, 10), (6, 7), (7, 15), (3, 11), (2, 3), (11, 12)]
---Starting to do calibration: delta 2.1541438229996857
---Starting to set up measurements: delta 0.5201740409993363
opt deets: [1]
---Starting to run VQE: delta 0.04075253500013787
---Preparing executables
---Running executables, 24 in batch, delta=7.007818247999239
---Extracting values delta=2.7948576399994636
---Extracted values delta=55.213205148998895
Measured energies [-2.13586405 -3.21230782]
0 : current:  -2.6740859353944275  params:  [[0.67320368 1.32679632 0.67320368 0.67320368]]  grad:  [[ 2.48008877 -2.48008877  2.48008877  2.48008877]]  ak:  0.131767995173414
---Preparing executables
---Running executables, 24 in batch, delta=7.389719418999448
---Extracting values delta=2.1810141429996293
---Extracted values delta=42.02765696200004
Measured energies [-2.58385201 -3.84294757]
1 : current:  -3.2133997866004718  params:  [[0.4638474  1.11744005 0.88255995 0.88255995]]  grad:  [[ 2.0280702  2.0280702 -2.0280702 -2.0280702]]  ak:  0.1032293042623224
---Preparing executables
---Running executables, 24 in batch, delta=6.844985576999534
---Extracting values delta=1.820040139999037
---Extracted values delta=45.98669731500013
Measured energies [-3.30098267 -3.9665549 ]
2 : current:  -3.6337687885342573  params:  [[0.269122   0.92271465 0.68783455 1.07728535]]  grad:  [[ 2.24301782  2.24301782  2.24301782 -2.24301782]]  ak:  0.08681402276010429
---Preparing executables
---Running executables, 24 in batch, delta=7.121566765001262
---Extracting values delta=2.0907424019987957
---Extracted values delta=40.9389764940006
Measured energies [-3.67970948 -4.00874971]
3 : current:  -3.8442295955337262  params:  [[0.3206337  0.87120295 0.63632285 1.12879705]]  grad:  [[-0.67866557  0.67866557  0.67866557 -0.67866557]]  ak:  0.07590144658134437
---Preparing executables
---Running executables, 24 in batch, delta=7.037647518000085
---Extracting values delta=2.701338492999639
---Extracted values delta=43.192111869000655
Measured energies [-3.74381441 -3.93417601]
4 : current:  -3.8389952122465356  params:  [[0.21550962 0.76607888 0.53119878 1.02367298]]  grad:  [[1.54567877 1.54567877 1.54567877 1.54567877]]  ak:  0.06801159232896291
---Preparing executables
---Running executables, 24 in batch, delta=7.179665169000145
---Extracting values delta=2.8930008859988448
---Extracted values delta=41.95206445099939
Measured energies [-3.8244626  -4.01440948]
5 : current:  -3.9194360381121864  params:  [[0.24403636 0.73755214 0.55972552 1.05219971]]  grad:  [[-0.46022599  0.46022599 -0.46022599 -0.46022599]]  ak:  0.06198419646431135
---Preparing executables
---Running executables, 24 in batch, delta=7.242660969001008
---Extracting values delta=1.638593646001027
---Extracted values delta=43.847137711998585
Measured energies [-3.86015799 -3.89787762]
6 : current:  -3.8790178052044206  params:  [[0.31964299 0.66194551 0.63533215 0.97659308]]  grad:  [[-1.32187401  1.32187401 -1.32187401  1.32187401]]  ak:  0.05719654866019038
---Preparing executables
---Running executables, 24 in batch, delta=6.879486058000111
---Extracting values delta=1.7378795409986196
---Extracted values delta=44.63377072300136
Measured energies [-3.70041107 -3.93533344]
7 : current:  -3.8178722562391703  params:  [[0.28653165 0.62883416 0.66844349 0.94348174]]  grad:  [[ 0.62144227  0.62144227 -0.62144227  0.62144227]]  ak:  0.05328144629241565
---Preparing executables
---Running executables, 24 in batch, delta=6.990074381999875
---Extracting values delta=2.234473246999187
---Extracted values delta=41.817637455000295
Measured energies [-3.72629504 -4.07415534]
8 : current:  -3.9002251903469993  params:  [[0.2151583  0.55746081 0.59707014 0.87210838]]  grad:  [[1.42726992 1.42726992 1.42726992 1.42726992]]  ak:  0.05000690723392863
---Preparing executables
---Running executables, 24 in batch, delta=7.19199860200024
---Extracting values delta=2.2756959359994653
---Extracted values delta=43.22756767700048
Measured energies [-3.90994373 -3.9339719 ]
9 : current:  -3.921957810784949  params:  [[0.22451797 0.56682049 0.58771046 0.88146806]]  grad:  [[-0.19822086 -0.19822086  0.19822086 -0.19822086]]  ak:  0.04721843613094821
---Preparing executables
---Running executables, 24 in batch, delta=6.945929084000454
---Extracting values delta=2.0244993300002534
---Extracted values delta=43.55743052099933
Measured energies [-3.77930468 -3.81522334]
10 : current:  -3.7972640127871093  params:  [[0.23727786 0.5540606  0.60047034 0.89422795]]  grad:  [[-0.28476328  0.28476328 -0.28476328 -0.28476328]]  ak:  0.044808755848694926
---Preparing executables
---Running executables, 24 in batch, delta=7.221859792000032
---Extracting values delta=3.004533356999673
---Extracted values delta=44.576568235001105
Measured energies [-3.944516   -3.80651905]
11 : current:  -3.875517522228193  params:  [[0.28817529 0.50316317 0.54957292 0.84333052]]  grad:  [[-1.19195465  1.19195465  1.19195465  1.19195465]]  ak:  0.0427008084519461
---Preparing executables
---Running executables, 24 in batch, delta=6.7427993130004324
---Extracting values delta=1.9402064429996244
---Extracted values delta=43.569705877998786
Measured energies [-3.91956674 -3.90388292]
12 : current:  -3.911724828195373  params:  [[0.35277341 0.43856505 0.61417104 0.7787324 ]]  grad:  [[-1.58182696  1.58182696 -1.58182696  1.58182696]]  ak:  0.04083766650268662
---Preparing executables
---Running executables, 24 in batch, delta=6.712867816000653
---Extracting values delta=1.7345922210006393
---Extracted values delta=43.81787207400157
Measured energies [-3.853525  -4.0814193]
13 : current:  -3.9674721544205003  params:  [[0.34073274 0.42652438 0.60213036 0.79077308]]  grad:  [[ 0.30734617  0.30734617  0.30734617 -0.30734617]]  ak:  0.03917626761548003
---Preparing executables
---Running executables, 24 in batch, delta=7.487702438998895
---Extracting values delta=2.609169634000864
---Extracted values delta=41.32366910199926
Measured energies [-4.01005011 -4.05006916]
14 : current:  -4.030059634993588  params:  [[0.3146491  0.40044074 0.57604673 0.76468944]]  grad:  [[0.69217895 0.69217895 0.69217895 0.69217895]]  ak:  0.03768337273895953
---Preparing executables
---Running executables, 24 in batch, delta=6.694967072999134
---Extracting values delta=1.709132731999489
---Extracted values delta=44.190428502999566
Measured energies [-4.02132075 -4.16508968]
15 : current:  -4.0932052132816885  params:  [[0.28926671 0.42582312 0.55066434 0.73930705]]  grad:  [[ 0.69860663 -0.69860663  0.69860663  0.69860663]]  ak:  0.0363328733513459
---Preparing executables
---Running executables, 24 in batch, delta=7.100631666000481
---Extracting values delta=2.0391046069998993
---Extracted values delta=44.98384575400087
Measured energies [-3.79743675 -4.17425995]
16 : current:  -3.985848350975317  params:  [[0.29906355 0.41602629 0.54086751 0.72951022]]  grad:  [[-0.27908071  0.27908071  0.27908071  0.27908071]]  ak:  0.03510394678945771
---Preparing executables
---Running executables, 24 in batch, delta=7.401920814001642
---Extracting values delta=1.8245015319989761
---Extracted values delta=41.64170653399924
Measured energies [-4.0303871  -4.11948137]
17 : current:  -4.074934237737231  params:  [[0.30718315 0.40790669 0.5327479  0.73762982]]  grad:  [[-0.23895406  0.23895406  0.23895406 -0.23895406]]  ak:  0.03397976162590502
---Preparing executables
---Running executables, 24 in batch, delta=7.074456893000388
---Extracting values delta=1.979848453998784
---Extracted values delta=42.848409737998736
Measured energies [-4.17624886 -4.07019651]
18 : current:  -4.123222683676009  params:  [[0.30419033 0.41089951 0.52975508 0.734637  ]]  grad:  [[ 0.09083874 -0.09083874  0.09083874  0.09083874]]  ak:  0.032946549555188345
---Preparing executables
---Running executables, 24 in batch, delta=6.951020668000638
---Extracting values delta=1.9588771870003256
---Extracted values delta=44.302058911998756
Measured energies [-4.07747209 -4.2225654 ]
19 : current:  -4.150018745903678  params:  [[0.28267883 0.38938801 0.55126658 0.7131255 ]]  grad:  [[ 0.67238294  0.67238294 -0.67238294  0.67238294]]  ak:  0.03199292738134982
---Preparing executables
---Running executables, 24 in batch, delta=6.830509628998698
---Extracting values delta=1.747526540999388
---Extracted values delta=42.44953673799864
Measured energies [-4.23371331 -4.159509  ]
20 : current:  -4.196611154201296  params:  [[0.29225403 0.39896322 0.56084178 0.7227007 ]]  grad:  [[-0.30779139 -0.30779139 -0.30779139 -0.30779139]]  ak:  0.03110939332099471
---Preparing executables
---Running executables, 24 in batch, delta=6.92067297000176
---Extracting values delta=2.3017001069983962
---Extracted values delta=44.074203551999744
Measured energies [-4.12079929 -4.08900284]
21 : current:  -4.104901062301044  params:  [[0.29507028 0.39614696 0.56365804 0.72551696]]  grad:  [[-0.09298267  0.09298267 -0.09298267 -0.09298267]]  ak:  0.03028794711997623
---Preparing executables
---Running executables, 24 in batch, delta=6.714004990999456
---Extracting values delta=1.7370817259998148
---Extracted values delta=43.76072431800094
Measured energies [-4.05572091 -4.34724734]
22 : current:  -4.201484129197548  params:  [[0.30742148 0.38379576 0.55130684 0.73786816]]  grad:  [[-0.41837551  0.41837551  0.41837551 -0.41837551]]  ak:  0.0295217996219876
---Preparing executables
---Running executables, 24 in batch, delta=7.084681845000887
---Extracting values delta=1.7961951110009977
---Extracted values delta=44.523197353000796
Measured energies [-4.19793987 -4.08829128]
23 : current:  -4.143115570921989  params:  [[0.32918219 0.40555647 0.52954613 0.71610745]]  grad:  [[-0.75544506 -0.75544506  0.75544506  0.75544506]]  ak:  0.028805147965703368
---Preparing executables
---Running executables, 24 in batch, delta=6.9590996080005425
---Extracting values delta=2.8147634949982603
---Extracted values delta=41.91806074099986
Measured energies [-4.15790562 -4.12240686]
24 : current:  -4.140156239637383  params:  [[0.32387282 0.4002471  0.5348555  0.71079808]]  grad:  [[ 0.18872386  0.18872386 -0.18872386  0.18872386]]  ak:  0.02813299960998455
---Preparing executables
---Running executables, 24 in batch, delta=7.030625544999566
---Extracting values delta=2.1460006939996674
---Extracted values delta=42.552200583999365
Measured energies [-4.27833887 -4.23912508]
25 : current:  -4.25873197966182  params:  [[0.3136143  0.38998858 0.52459698 0.70053956]]  grad:  [[0.37302325 0.37302325 0.37302325 0.37302325]]  ak:  0.027501033154281818
---Preparing executables
---Running executables, 24 in batch, delta=6.721292615000493
---Extracting values delta=1.5797688520015072
---Extracted values delta=45.83667469399916
Measured energies [-4.26550886 -4.26906673]
26 : current:  -4.26728779521582  params:  [[0.33144032 0.40781461 0.542423   0.68271353]]  grad:  [[-0.66254247 -0.66254247 -0.66254247  0.66254247]]  ak:  0.02690548721309751
---Preparing executables
---Running executables, 24 in batch, delta=7.322386933999951
---Extracting values delta=2.4354015850003634
---Extracted values delta=41.339872394999475
Measured energies [-4.25749379 -4.31793716]
27 : current:  -4.28771547542008  params:  [[0.340557   0.39869793 0.55153968 0.67359685]]  grad:  [[-0.3460749  0.3460749 -0.3460749  0.3460749]]  ak:  0.026343070911505555
---Preparing executables
---Running executables, 24 in batch, delta=7.303246761999617
---Extracting values delta=3.2530997039993963
---Extracted values delta=41.697392423000565
Measured energies [-4.1557542  -4.25494011]
28 : current:  -4.2053471566721425  params:  [[0.34940843 0.40754936 0.54268825 0.66474542]]  grad:  [[-0.34293386 -0.34293386  0.34293386  0.34293386]]  ak:  0.025810891210344744
---Preparing executables
---Running executables, 24 in batch, delta=7.0110878749983385
---Extracting values delta=3.1289452410001104
---Extracted values delta=44.345395268001084
Measured energies [-4.18450278 -4.43023413]
29 : current:  -4.3073684566141575  params:  [[0.3675746  0.38938318 0.52452208 0.64657925]]  grad:  [[-0.71784925  0.71784925  0.71784925  0.71784925]]  ak:  0.025306393452671657
---Preparing executables
---Running executables, 24 in batch, delta=7.245898053999554
---Extracting values delta=1.7139311350001663
---Extracted values delta=43.140436226998645
Measured energies [-4.14965594 -4.51178863]
30 : current:  -4.3307222840403465  params:  [[0.36040612 0.3822147  0.53169056 0.65374773]]  grad:  [[ 0.28873372  0.28873372 -0.28873372 -0.28873372]]  ak:  0.024827312385925903
---Preparing executables
---Running executables, 24 in batch, delta=7.1966374660005386
---Extracting values delta=1.8253356990007887
---Extracted values delta=36.699036984000486
Measured energies [-4.25201154 -4.22333412]
31 : current:  -4.237672831342058  params:  [[0.36270273 0.38451131 0.53398716 0.65604434]]  grad:  [[-0.09423275 -0.09423275 -0.09423275 -0.09423275]]  ak:  0.024371631550763447
---Preparing executables
---Running executables, 24 in batch, delta=7.549008878000677
---Extracting values delta=1.7638794369995594
---Extracted values delta=30.162612959999024
Measured energies [-4.16648485 -4.54328266]
32 : current:  -4.354883757508578  params:  [[0.36778117 0.37943286 0.53906561 0.65096589]]  grad:  [[-0.21215397  0.21215397 -0.21215397  0.21215397]]  ak:  0.023937549401982044
---Preparing executables
---Running executables, 24 in batch, delta=7.106088125001406
---Extracting values delta=1.7118024199990032
---Extracted values delta=30.09532946699983
Measured energies [-4.34786444 -4.49754912]
33 : current:  -4.422706777596215  params:  [[0.37628674 0.37092729 0.53056004 0.65947146]]  grad:  [[-0.36157811  0.36157811  0.36157811 -0.36157811]]  ak:  0.023523450884117416
---Preparing executables
---Running executables, 24 in batch, delta=7.293892697000047
---Extracting values delta=1.839938835000794
---Extracted values delta=29.693379094998818
Measured energies [-4.3392758  -4.38322381]
34 : current:  -4.361249803650191  params:  [[0.37487448 0.37233955 0.5319723  0.6580592 ]]  grad:  [[ 0.06106286 -0.06106286 -0.06106286  0.06106286]]  ak:  0.023127883455605232
---Preparing executables
---Running executables, 24 in batch, delta=6.863805074999618
---Extracting values delta=1.7322642399994947
---Extracted values delta=29.620261449999816
Measured energies [-4.38641001 -4.52905558]
35 : current:  -4.45773279375398  params:  [[0.38252303 0.364691   0.53962085 0.65041066]]  grad:  [[-0.33620666  0.33620666 -0.33620666  0.33620666]]  ak:  0.022749536763284325
---Preparing executables
---Running executables, 24 in batch, delta=7.24274373300068
---Extracting values delta=3.368325237001045
---Extracted values delta=31.610157445000368
Measured energies [-4.34463205 -4.54436441]
36 : current:  -4.444498229274012  params:  [[0.38009881 0.36226678 0.54204506 0.64798644]]  grad:  [[ 0.10828584  0.10828584 -0.10828584  0.10828584]]  ak:  0.022387225329580054
---Preparing executables
---Running executables, 24 in batch, delta=7.20411572500052
---Extracting values delta=3.682890525999028
---Extracted values delta=31.185139838000396
Measured energies [-4.35044572 -4.42521232]
37 : current:  -4.387829022644015  params:  [[0.38959083 0.35277477 0.55153708 0.63849442]]  grad:  [[-0.43067477  0.43067477 -0.43067477  0.43067477]]  ak:  0.02203987373966546
---Preparing executables
---Running executables, 24 in batch, delta=6.932259483000962
---Extracting values delta=2.019429072001003
---Extracted values delta=30.984018856001057
Measured energies [-4.22164908 -4.5058008 ]
38 : current:  -4.363724942128866  params:  [[0.40349776 0.3666817  0.53763015 0.62458749]]  grad:  [[-0.64068031 -0.64068031  0.64068031  0.64068031]]  ak:  0.02170650391384352
---Preparing executables
---Running executables, 24 in batch, delta=6.911747748999915
---Extracting values delta=2.7561360010004137
---Extracted values delta=29.756140031999166
Measured energies [-4.33271782 -4.47295253]
39 : current:  -4.402835174670852  params:  [[0.42078006 0.3493994  0.52034785 0.60730519]]  grad:  [[-0.80810437  0.80810437  0.80810437  0.80810437]]  ak:  0.021386224127685812
---Preparing executables
---Running executables, 24 in batch, delta=7.277926061999096
---Extracting values delta=2.694236665000062
---Extracted values delta=30.594740066999293
Measured energies [-4.38557833 -4.57299335]
40 : current:  -4.4792858429321  params:  [[0.42124825 0.34893121 0.51987966 0.606837  ]]  grad:  [[-0.02221202  0.02221202  0.02221202  0.02221202]]  ak:  0.02107821950384544
---Preparing executables
---Running executables, 24 in batch, delta=7.111142768000718
---Extracting values delta=3.1946036350000213
---Extracted values delta=30.88751535300071
Measured energies [-4.26365932 -4.5919976 ]
41 : current:  -4.427828455488587  params:  [[0.41630525 0.34398821 0.52482266 0.61177999]]  grad:  [[ 0.23785285  0.23785285 -0.23785285 -0.23785285]]  ak:  0.020781743748506592
---Preparing executables
---Running executables, 24 in batch, delta=10.694330106000052
---Extracting values delta=2.0238735049988463
---Extracted values delta=29.931440948999807
Measured energies [-4.37852366 -4.5018469 ]
42 : current:  -4.440185278671468  params:  [[0.409625   0.33730796 0.51814241 0.60509974]]  grad:  [[0.32592767 0.32592767 0.32592767 0.32592767]]  ak:  0.020496111944843343
---Preparing executables
---Running executables, 24 in batch, delta=6.819842951999817
---Extracting values delta=2.0229980459989747
---Extracted values delta=30.408643882999968
Measured energies [-4.42871917 -4.5997497 ]
43 : current:  -4.514234434515958  params:  [[0.41692924 0.34461219 0.51083817 0.59779551]]  grad:  [[-0.36122571 -0.36122571  0.36122571  0.36122571]]  ak:  0.02022069424770278
---Preparing executables
---Running executables, 24 in batch, delta=7.633488809999108
---Extracting values delta=2.8100679279996257
---Extracted values delta=30.6696696709987
Measured energies [-4.48287498 -4.66585218]
44 : current:  -4.574363582784352  params:  [[0.42269045 0.33885098 0.51659939 0.59203429]]  grad:  [[-0.28871173  0.28871173 -0.28871173  0.28871173]]  ak:  0.01995491034958823
***-4.574363582784352 1632142655.2780144
---VQE complete: delta 2209.235438437001
Data collected can be found at experiments/4x2_spsa_zz_x_U_4_nocc_4_d_1-0920-132043/2x4
