{'theta': True, 'zeta': True, 'chi': False, 'gamma': True, 'phi': True, 'time': None}
{'theta': False, 'zeta': False, 'chi': False, 'gamma': False, 'phi': False, 'time': None}
                  (3, 2)
                  │
                  │
         (4, 1)───(4, 2)───(4, 3)
         │        │        │
         │        │        │
(5, 0)───(5, 1)───(5, 2)───(5, 3)───(5, 4)
         │        │        │        │
         │        │        │        │
         (6, 1)───(6, 2)───(6, 3)───(6, 4)───(6, 5)
                  │        │        │        │
                  │        │        │        │
                  (7, 2)───(7, 3)───(7, 4)───(7, 5)───(7, 6)
                           │        │        │
                           │        │        │
                           (8, 3)───(8, 4)───(8, 5)
                                    │
                                    │
                                    (9, 4)
Qubits: 4 2 5 3
Using qubits [cirq.GridQubit(5, 3), cirq.GridQubit(6, 3), cirq.GridQubit(7, 3), cirq.GridQubit(8, 3), cirq.GridQubit(5, 4), cirq.GridQubit(6, 4), cirq.GridQubit(7, 4), cirq.GridQubit(8, 4)]
Using qubits, JW:[cirq.GridQubit(5, 3), cirq.GridQubit(6, 3), cirq.GridQubit(7, 3), cirq.GridQubit(8, 3), cirq.GridQubit(5, 4), cirq.GridQubit(6, 4), cirq.GridQubit(7, 4), cirq.GridQubit(8, 4)]
                  (3, 2)
                  │
                  │
         (4, 1)───(4, 2)───(4, 3)
         │        │        │
         │        │        │
(5, 0)───(5, 1)───(5, 2)───[31m(5, 3)[0m───[35m(5, 4)[0m
         │        │        │        │
         │        │        │        │
         (6, 1)───(6, 2)───[31m(6, 3)[0m───[35m(6, 4)[0m───(6, 5)
                  │        │        │        │
                  │        │        │        │
                  (7, 2)───[31m(7, 3)[0m───[35m(7, 4)[0m───(7, 5)───(7, 6)
                           │        │        │
                           │        │        │
                           [31m(8, 3)[0m───[35m(8, 4)[0m───(8, 5)
                                    │
                                    │
                                    (9, 4)
None
Meas types ['onsite0', 'horiz0', 'horiz1']
Prepped onsite, pairs=[(0, 4), (1, 5), (2, 6), (3, 7)]
Prepped horiz, pairs=[(0, 1), (2, 3), (4, 5), (6, 7)]
Prepped horiz, pairs=[(1, 2), (5, 6)]
Set recompilation to False
Got pairs set [(0, 1), (1, 2), (2, 6), (6, 7), (4, 5), (5, 6), (1, 5), (2, 3), (0, 4), (3, 7)]
---Starting to do calibration: delta 3.408883650999999
---Starting to set up measurements: delta 0.4122947640000003
---Starting to run VQE: delta 0.38426601199999944
No optimisation, save file is experiments/4x1_single_d2-0914-064636/4x1/processed/processed.json
Given params: [[[[[0.259, 0.92, 0.874], [0.796, 0.651, 0.188]]], [[[-0.259, -0.92, -0.874], [-0.796, -0.651, -0.188]]], [[[0, 0.92, 0.874], [0, 0.651, 0.188]]], [[[0, -0.92, -0.874], [0, -0.651, -0.188]]]]]
---Preparing executables
---Running executables, 12 in batch, delta=1.3653151180000016
---Extracting values delta=3.2783860990000004
---Extracted values delta=39.194125191
===-1.122492252523415 -1.183650851179489 0.13862961158743592 0.21965789467430588 1631598444.625558
Computed energies [-1.1530715518514518], params [[[[0.259, 0.92, 0.874], [0.796, 0.651, 0.188]]], [[[-0.259, -0.92, -0.874], [-0.796, -0.651, -0.188]]], [[[0, 0.92, 0.874], [0, 0.651, 0.188]]], [[[0, -0.92, -0.874], [0, -0.651, -0.188]]]]
***-1.1530715518514518 1631598444.626973
---VQE complete: delta 43.841312683000005
---Starting TFLO
Using saved points
Using params [[[0, 3.18362, 6.2764], [0, 3.8246, 5.84549]], [[0, 2.6901, 2.99716], [0, 3.34154, 1.63886]], [[0, 0.841172, 0.857071], [0, 2.83507, 0.132099]], [[0, 0.919596, 3.58906], [0, 2.34207, 4.81843]], [[0, 2.02167, 0.711094], [0, 2.87848, 1.92383]], [[0, 3.07888, 1.31344], [0, 4.01245, 3.64854]], [[0, 5.49346, 5.73656], [0, 1.32223, 3.05705]], [[0, 5.44561, 1.68616], [0, 5.99541, 0.440987]], [[0, 5.75192, 6.00118], [0, 4.30115, 3.98124]], [[0, 3.7131, 0.592184], [0, 4.51095, 4.07368]], [[0, 2.7152, 1.86577], [0, 0.588014, 2.06039]], [[0, 2.57569, 4.7256], [0, 3.85901, 0.371302]], [[0, 4.65032, 0.953688], [0, 4.94274, 3.13591]], [[0, 0.299448, 3.22459], [0, 4.5425, 2.32293]], [[0, 5.54704, 4.13572], [0, 4.5425, 2.32293]], [[0, 4.016, 5.5268], [0, 4.80713, 0.271348]], [[0, 0.92, 0.874], [0, 0.651, 0.188]], [[0.259, 0.92, 0.874], [0.796, 0.651, 0.188]], [[0, -3.18362, -6.2764], [0, -3.8246, -5.84549]], [[0, -2.6901, -2.99716], [0, -3.34154, -1.63886]], [[0, -0.841172, -0.857071], [0, -2.83507, -0.132099]], [[0, -0.919596, -3.58906], [0, -2.34207, -4.81843]], [[0, -2.02167, -0.711094], [0, -2.87848, -1.92383]], [[0, -3.07888, -1.31344], [0, -4.01245, -3.64854]], [[0, -5.49346, -5.73656], [0, -1.32223, -3.05705]], [[0, -5.44561, -1.68616], [0, -5.99541, -0.440987]], [[0, -5.75192, -6.00118], [0, -4.30115, -3.98124]], [[0, -3.7131, -0.592184], [0, -4.51095, -4.07368]], [[0, -2.7152, -1.86577], [0, -0.588014, -2.06039]], [[0, -2.57569, -4.7256], [0, -3.85901, -0.371302]], [[0, -4.65032, -0.953688], [0, -4.94274, -3.13591]], [[0, -0.299448, -3.22459], [0, -4.5425, -2.32293]], [[0, -5.54704, -4.13572], [0, -4.5425, -2.32293]], [[0, -4.016, -5.5268], [0, -4.80713, -0.271348]], [[0, -0.92, -0.874], [0, -0.651, -0.188]], [[-0.259, -0.92, -0.874], [-0.796, -0.651, -0.188]]]
---Preparing executables
---Running executables, 108 in batch, delta=11.593540645999994
---Extracting values delta=5.6042302740000025
---Extracted values delta=69.970324677
---Time for noisy calculation: 87.17746837499999
***TFLON: 0.458855806589072,0.4743491396509233,1.2701399085170784,1.195117782675435,2.1872469779233663,2.4690138913273723,3.8812125041031766,3.799297846060204,3.475534550456597,3.7801468005157943,4.5415154495853525,5.665591994852265,4.809627137035889,6.771771665754412,6.665049947715441,7.533130488453767,0.1658958826198509,-1.0405044656292621,0.2691843912739129,0.7289393127399495,0.7304654268205808,1.6813730093043755,1.5553538021721984,2.8504387520684147,2.4306656696470417,3.2342364237569496,4.096850578757142,5.596060664317768,5.3226852418552895,5.310491500471076,6.687525223609928,6.149903088887989,6.93880962241306,7.0880197320240885,0.2053646322969185,-1.1750253717027086 1631598531.811965
Noisy energies by type: {'onsite0': array([4.00494532, 4.06104385, 4.00746346, 4.03400373, 4.05176423,
       3.96720316, 4.06286014, 4.00799011, 4.03357366, 3.94254231,
       4.02363072, 4.01507189, 3.99615717, 4.08580442, 3.97252208,
       3.98132698, 4.05239787, 2.13371266, 4.0485941 , 3.97033853,
       4.00244873, 4.00833681, 4.00881322, 4.0012728 , 4.05009552,
       4.03197193, 4.04912999, 4.01495327, 4.02231579, 3.96089613,
       4.04158256, 4.05308419, 4.00128604, 3.94318525, 3.9396288 ,
       1.63226715]), 'horiz0': array([-3.37265416, -3.24545822, -3.23017329, -2.17396825, -1.98659517,
       -1.48491538, -0.31112563, -0.5250497 , -0.32311978, -0.47573011,
        0.36363636,  0.72047367, -0.55186763,  1.02029438,  1.53607819,
        3.04474848, -3.27366008, -2.58473451, -3.01169591, -2.87780063,
       -3.46443342, -1.32189023, -1.85008728, -1.88416739, -1.20318725,
       -0.45620545, -0.37138637,  0.49340183,  1.5024144 ,  1.28679441,
        1.40425532,  0.45326279,  1.55558061,  3.31685987, -3.55827835,
       -2.57559764]), 'horiz1': array([-0.17343535, -0.34123649,  0.49284974, -0.6649177 ,  0.12207792,
       -0.01327389,  0.12947799,  0.31635744, -0.23491933,  0.31333461,
        0.15424837,  0.93004644,  1.3653376 ,  1.66567287,  1.15644968,
        0.50705503, -0.61284191, -0.58948261, -0.7677138 , -0.36359859,
        0.19245011, -1.00507357, -0.60337214,  0.73333333, -0.4162426 ,
       -0.34153005,  0.41910696,  1.08770556, -0.20204495,  0.06280096,
        1.24168734,  1.64355611,  1.38194298, -0.17202539, -0.17598581,
       -0.23169488])}
Using saved exact energies
Data collected can be found at experiments/4x1_single_d2-0914-064636/4x1
