{'theta': True, 'zeta': True, 'chi': False, 'gamma': True, 'phi': True, 'time': None}
{'theta': False, 'zeta': False, 'chi': False, 'gamma': False, 'phi': False, 'time': None}
                  (3, 2)
                  │
                  │
         (4, 1)───(4, 2)───(4, 3)
         │        │        │
         │        │        │
(5, 0)───(5, 1)───(5, 2)───(5, 3)───(5, 4)
         │        │        │        │
         │        │        │        │
         (6, 1)───(6, 2)───(6, 3)───(6, 4)───(6, 5)
                  │        │        │        │
                  │        │        │        │
                  (7, 2)───(7, 3)───(7, 4)───(7, 5)───(7, 6)
                           │        │        │
                           │        │        │
                           (8, 3)───(8, 4)───(8, 5)
                                    │
                                    │
                                    (9, 4)
Start at: (3, 2), with dr
Using qubits [cirq.GridQubit(3, 2), cirq.GridQubit(4, 2), cirq.GridQubit(4, 3), cirq.GridQubit(5, 3), cirq.GridQubit(5, 4), cirq.GridQubit(6, 4), cirq.GridQubit(6, 5), cirq.GridQubit(7, 5), cirq.GridQubit(4, 1), cirq.GridQubit(5, 1), cirq.GridQubit(5, 2), cirq.GridQubit(6, 2), cirq.GridQubit(6, 3), cirq.GridQubit(7, 3), cirq.GridQubit(7, 4), cirq.GridQubit(8, 4)]
Using qubits, JW:[cirq.GridQubit(3, 2), cirq.GridQubit(4, 2), cirq.GridQubit(4, 3), cirq.GridQubit(5, 3), cirq.GridQubit(5, 4), cirq.GridQubit(6, 4), cirq.GridQubit(6, 5), cirq.GridQubit(7, 5), cirq.GridQubit(4, 1), cirq.GridQubit(5, 1), cirq.GridQubit(5, 2), cirq.GridQubit(6, 2), cirq.GridQubit(6, 3), cirq.GridQubit(7, 3), cirq.GridQubit(7, 4), cirq.GridQubit(8, 4)]
                  [31m(3, 2)[0m
                  │
                  │
         [35m(4, 1)[0m───[31m(4, 2)[0m───[31m(4, 3)[0m
         │        │        │
         │        │        │
(5, 0)───[35m(5, 1)[0m───[35m(5, 2)[0m───[31m(5, 3)[0m───[31m(5, 4)[0m
         │        │        │        │
         │        │        │        │
         (6, 1)───[35m(6, 2)[0m───[35m(6, 3)[0m───[31m(6, 4)[0m───[31m(6, 5)[0m
                  │        │        │        │
                  │        │        │        │
                  (7, 2)───[35m(7, 3)[0m───[35m(7, 4)[0m───[31m(7, 5)[0m───(7, 6)
                           │        │        │
                           │        │        │
                           (8, 3)───[35m(8, 4)[0m───(8, 5)
                                    │
                                    │
                                    (9, 4)
None
Meas types ['onsite0', 'horiz0', 'vert02', 'vert12']
Prepped onsite, pairs=[(0, 8), (1, 9), (2, 10), (3, 11), (4, 12), (5, 13), (6, 14), (7, 15)]
Prepped horiz, pairs=[(0, 1), (2, 3), (4, 5), (6, 7), (8, 9), (10, 11), (12, 13), (14, 15)]
Prepped vert0, pairs=[(1, 2), (3, 4), (5, 6), (9, 10), (11, 12), (13, 14)]
Prepped vert1, pairs=[(1, 2), (3, 4), (5, 6), (9, 10), (11, 12), (13, 14)]
Set recompilation to False
Got pairs set [(10, 11), (5, 6), (3, 11), (5, 13), (8, 9), (4, 12), (6, 14), (1, 2), (6, 7), (7, 15), (12, 13), (4, 5), (2, 10), (9, 10), (2, 3), (1, 9), (14, 15), (0, 8), (11, 12), (0, 1), (13, 14), (3, 4)]
---Starting to do calibration: delta 3.525236737
---Starting to set up measurements: delta 0.8367766260000007
---Starting to run VQE: delta 2.1473846319999996
No optimisation, save file is experiments/4x2_single_U_4_nocc_3_d_1-0915-225821/2x4/processed/processed.json
Given params: [[[[[0.471, 0.61, 0.344, 0.541]]], [[[-0.471, -0.61, -0.344, -0.541]]], [[[0, 0.61, 0.344, 0.541]]], [[[0, -0.61, -0.344, -0.541]]]]]
---Preparing executables
---Running executables, 16 in batch, delta=8.532180603
---Extracting values delta=2.367831599999999
---Extracted values delta=71.71867584900001
===-3.9573160977285804 -4.328029464097535 -3.7462983832283525 -3.8386216380971163 1631743190.940127
Computed energies [-4.142672780913058], params [[[[0.471, 0.61, 0.344, 0.541]]], [[[-0.471, -0.61, -0.344, -0.541]]], [[[0, 0.61, 0.344, 0.541]]], [[[0, -0.61, -0.344, -0.541]]]]
***-4.142672780913058 1631743190.94193
---VQE complete: delta 82.625612477
---Starting TFLO
Using saved points
Using params [[[0, 0.785398, 0, 0]], [[0, 0, 0, 1.5708]], [[0, 4.71239, 4.71239, 0.785398]], [[0, 0.785398, 0.785398, 3.14159]], [[0, 3.14159, 3.14159, 1.5708]], [[0, 2.35619, 0, 3.92699]], [[0, 1.5708, 0, 4.71239]], [[0, 4.71239, 5.49779, 3.92699]], [[0, 4.71239, 4.71239, 3.14159]], [[0, 4.71239, 1.5708, 4.71239]], [[0, 3.14159, 4.71239, 3.92699]], [[0, 3.14159, 1.5708, 5.49779]], [[0, 0, 3.14159, 3.92699]], [[0, 3.92699, 2.35619, 4.71239]], [[0, 3.92699, 3.92699, 4.71239]], [[0, 0, 3.92699, 5.49779]], [[0, 0.61, 0.344, 0.541]], [[0.471, 0.61, 0.344, 0.541]], [[0, -0.785398, 0, 0]], [[0, 0, 0, -1.5708]], [[0, -4.71239, -4.71239, -0.785398]], [[0, -0.785398, -0.785398, -3.14159]], [[0, -3.14159, -3.14159, -1.5708]], [[0, -2.35619, 0, -3.92699]], [[0, -1.5708, 0, -4.71239]], [[0, -4.71239, -5.49779, -3.92699]], [[0, -4.71239, -4.71239, -3.14159]], [[0, -4.71239, -1.5708, -4.71239]], [[0, -3.14159, -4.71239, -3.92699]], [[0, -3.14159, -1.5708, -5.49779]], [[0, 0, -3.14159, -3.92699]], [[0, -3.92699, -2.35619, -4.71239]], [[0, -3.92699, -3.92699, -4.71239]], [[0, 0, -3.92699, -5.49779]], [[0, -0.61, -0.344, -0.541]], [[-0.471, -0.61, -0.344, -0.541]]]
---Preparing executables
---Running executables, 144 in batch, delta=74.24338522000001
---Extracting values delta=9.242303819
---Extracted values delta=140.873231735
---Time for noisy calculation: 224.39185709500003
***TFLON: -4.078364446717072,-3.588144847661796,-3.0601833941134773,-2.592755715850874,-1.5912196775778895,-1.3880425659562166,-1.0991627603280294,-0.7231247478330414,-0.28398608979985845,0.7814610595228781,1.078117454003292,1.7070821520758688,2.158823267194066,2.8559760571973176,3.397174227165161,4.095466681756017,-3.7873147670386533,-3.9408581761035624,-3.7712421515367835,-3.240367420960781,-2.8325342558542106,-1.6952580950406535,-2.0272762603370413,-1.050201724505313,-0.4444851920239038,-0.07164572160369642,0.7223095698103048,0.9361096226699182,1.4837753145673211,1.8967815547044773,2.8525176424832095,2.7993074611205158,3.6244864011736695,4.340088033125699,-3.889337208464904,-4.306256586372583 1631743418.1905248
Noisy energies by type: {'onsite0': array([0.86245989, 0.99541184, 1.01100876, 0.91269467, 0.96530767,
       1.17217981, 0.98579003, 1.0326087 , 0.99728752, 0.99585444,
       1.01915532, 0.94311377, 1.00445069, 0.92173913, 0.96226827,
       0.99882986, 0.94915254, 0.63048116, 1.17811816, 0.98211526,
       0.98499021, 1.08316338, 0.9519573 , 0.8209452 , 0.95144328,
       0.99414716, 1.06585789, 0.97299578, 1.09756098, 1.11251695,
       0.97309123, 1.16283186, 0.97240009, 1.05549463, 1.01566292,
       0.63294063]), 'horiz0': array([-2.23123887, -2.265     , -2.22364635, -1.93422976, -1.34868017,
       -2.15423123, -2.22748018, -1.79096326, -1.24089776, -0.37290715,
       -0.62386447, -0.06286318,  0.71482787,  1.06731757,  1.00979192,
        1.4370296 , -2.14907573, -2.00764223, -2.23919161, -2.28773234,
       -2.17045732, -1.78269567, -1.63311849, -2.02779109, -2.05440351,
       -1.7173913 , -1.01001431, -0.37294202, -0.79452055, -0.12497069,
        1.05296167,  0.94426075,  1.03402647,  1.50447967, -2.2485    ,
       -2.26652893]), 'vert02': array([-1.51187392, -1.32992914, -0.96870897, -0.60170092, -0.6760095 ,
       -0.07111936,  0.17726481, -0.21815807, -0.4619366 ,  0.39658273,
       -0.09801295,  0.6942285 ,  0.10827445,  0.51773533,  0.3438326 ,
        0.6281407 , -1.47324614, -1.40367416, -1.34701081, -0.96305474,
       -1.0339851 , -0.13730743, -0.59863481,  0.13890747,  0.48316384,
       -0.0508831 , -0.14315968,  0.46645768,  0.17308115,  0.51791958,
        0.40956618,  0.52754191,  0.55713377,  0.7108044 , -1.28477103,
       -1.19810489]), 'vert12': array([-1.19771155, -0.98862755, -0.87883683, -0.9695197 , -0.53183768,
       -0.33487179, -0.03473742,  0.25338788,  0.42156074, -0.23806897,
        0.78083956,  0.13260306,  0.33127026,  0.34918402,  1.08128144,
        1.03146651, -1.11414544, -1.16002294, -1.36315789, -0.97169559,
       -0.61308204, -0.85841837, -0.74748025,  0.0177367 ,  0.1753112 ,
        0.70248152,  0.80962567, -0.13040182,  1.00765373,  0.39131572,
        0.41689856,  0.16467294,  1.06092608,  1.06930934, -1.37172909,
       -1.4745634 ])}
Using saved exact energies
Data collected can be found at experiments/4x2_single_U_4_nocc_3_d_1-0915-225821/2x4
