{'theta': True, 'zeta': True, 'chi': False, 'gamma': True, 'phi': True, 'time': None}
{'theta': False, 'zeta': False, 'chi': False, 'gamma': False, 'phi': False, 'time': None}
Start at: (3, 2), with dr
Using qubits [cirq.GridQubit(3, 2), cirq.GridQubit(4, 2), cirq.GridQubit(4, 3), cirq.GridQubit(5, 3), cirq.GridQubit(5, 4), cirq.GridQubit(6, 4), cirq.GridQubit(6, 5), cirq.GridQubit(7, 5), cirq.GridQubit(4, 1), cirq.GridQubit(5, 1), cirq.GridQubit(5, 2), cirq.GridQubit(6, 2), cirq.GridQubit(6, 3), cirq.GridQubit(7, 3), cirq.GridQubit(7, 4), cirq.GridQubit(8, 4)]
Using qubits, JW:[cirq.GridQubit(3, 2), cirq.GridQubit(4, 2), cirq.GridQubit(4, 3), cirq.GridQubit(5, 3), cirq.GridQubit(5, 4), cirq.GridQubit(6, 4), cirq.GridQubit(6, 5), cirq.GridQubit(7, 5), cirq.GridQubit(4, 1), cirq.GridQubit(5, 1), cirq.GridQubit(5, 2), cirq.GridQubit(6, 2), cirq.GridQubit(6, 3), cirq.GridQubit(7, 3), cirq.GridQubit(7, 4), cirq.GridQubit(8, 4)]
Meas types ['onsite0', 'horiz0', 'horiz1']
Prepped onsite, pairs=[(0, 8), (1, 9), (2, 10), (3, 11), (4, 12), (5, 13), (6, 14), (7, 15)]
Prepped horiz, pairs=[(0, 1), (2, 3), (4, 5), (6, 7), (8, 9), (10, 11), (12, 13), (14, 15)]
Prepped horiz, pairs=[(1, 2), (3, 4), (5, 6), (9, 10), (11, 12), (13, 14)]
Set recompilation to False
Got pairs set [(3, 4), (4, 12), (12, 13), (5, 13), (8, 9), (0, 8), (1, 9), (13, 14), (6, 14), (4, 5), (5, 6), (14, 15), (0, 1), (9, 10), (10, 11), (1, 2), (2, 10), (6, 7), (7, 15), (3, 11), (2, 3), (11, 12)]
---Starting to do calibration: delta 0.1407508880001842
---Starting to set up measurements: delta 0.670254236999881
---Starting to run VQE: delta 0.997641331000068
No optimisation, save file is experiments/fe464186ab4f470581e1d379e9e51018-1211-232619/8x1/processed/processed.json
parameters.json
Given params: [[[[[0.7, 0.66, 0.601]]], [[[-0.7, -0.66, -0.601]]], [[[0, 0.66, 0.601]]], [[[0, -0.66, -0.601]]]]]
---Preparing executables
---Running executables, 12 in batch, delta=4.571109555999556
---Extracting values delta=22.122142842999892
---Extracted values delta=5.548951932999898
===44.952070000000006 44.965680000000006 45.58732 45.592749999999995 1639265213.1714501
Computed energies [44.958875000000006], params [[[[0.7, 0.66, 0.601]]], [[[-0.7, -0.66, -0.601]]], [[[0, 0.66, 0.601]]], [[[0, -0.66, -0.601]]]]
***44.958875000000006 1639265213.172627
---VQE complete: delta 32.24975663400028
---Starting TFLO
Using saved points
Using params [[[0, 0, 0]], [[0, 0.785398, 1.5708]], [[0, 5.49779, 0.785398]], [[0, 0.785398, 2.35619]], [[0, 2.35619, 0]], [[0, 3.14159, 0.785398]], [[0, 0, 3.14159]], [[0, 0.785398, 5.49779]], [[0, 5.49779, 3.92699]], [[0, 4.71239, 4.71239]], [[0, 2.35619, 5.49779]], [[0, 1.5708, 3.92699]], [[0, 3.14159, 4.71239]], [[0, 2.35619, 3.14159]], [[0, 2.35619, 3.92699]], [[0, 3.14159, 3.92699]], [[0, 0.66, 0.601]], [[0.7, 0.66, 0.601]], [[0, 0, 0]], [[0, -0.785398, -1.5708]], [[0, -5.49779, -0.785398]], [[0, -0.785398, -2.35619]], [[0, -2.35619, 0]], [[0, -3.14159, -0.785398]], [[0, 0, -3.14159]], [[0, -0.785398, -5.49779]], [[0, -5.49779, -3.92699]], [[0, -4.71239, -4.71239]], [[0, -2.35619, -5.49779]], [[0, -1.5708, -3.92699]], [[0, -3.14159, -4.71239]], [[0, -2.35619, -3.14159]], [[0, -2.35619, -3.92699]], [[0, -3.14159, -3.92699]], [[0, -0.66, -0.601]], [[-0.7, -0.66, -0.601]]]
---Preparing executables
---Running executables, 108 in batch, delta=37.105886199
---Extracting values delta=91.29622132199984
---Extracted values delta=10.597093092999785
---Time for noisy calculation: 139.01892926799974
***TFLON: 45.578450000000004,45.70904999999999,45.79010000000001,46.0036,46.04295,46.19944999999999,46.347300000000004,46.418600000000005,46.56269999999999,46.6978,46.81254999999999,46.9252,47.038149999999995,47.22279999999999,47.318650000000005,47.3637,45.59745,44.96574999999999,45.593650000000004,45.6629,45.837700000000005,45.99360000000001,46.062450000000005,46.2159,46.37035,46.42620000000001,46.547349999999994,46.65460000000001,46.83069999999999,46.9447,47.03474999999999,47.1942,47.275749999999995,47.388850000000005,45.5662,44.938900000000004 1639265354.571024
Noisy energies by type: {'onsite0': array([49.3388, 49.2596, 49.2156, 49.2488, 49.2884, 49.2064, 49.3272,
       49.222 , 49.2576, 49.2132, 49.1492, 49.2976, 49.0612, 49.314 ,
       49.2724, 49.1552, 49.3388, 48.402 , 49.3508, 49.2152, 49.2596,
       49.2464, 49.3144, 49.216 , 49.3516, 49.2272, 49.2424, 49.1496,
       49.1296, 49.3364, 49.0432, 49.2936, 49.2664, 49.1828, 49.3104,
       48.3924]), 'horiz0': array([-1.9113, -1.7882, -1.6581, -1.4816, -1.8994, -1.7312, -1.1291,
       -1.0383, -0.9281, -0.954 , -0.9879, -0.8138, -0.7547, -0.7403,
       -0.6106, -0.5172, -1.9526, -1.7978, -1.9077, -1.7885, -1.6567,
       -1.4882, -1.9042, -1.7336, -1.1275, -1.0305, -0.9318, -0.9383,
       -0.9485, -0.8277, -0.7494, -0.7499, -0.6358, -0.522 , -1.9548,
       -1.8109]), 'horiz1': array([-1.84905, -1.76235, -1.7674 , -1.7636 , -1.34605, -1.27575,
       -1.8508 , -1.7651 , -1.7668 , -1.5614 , -1.34875, -1.5586 ,
       -1.26835, -1.3509 , -1.34315, -1.2743 , -1.78875, -1.63845,
       -1.84945, -1.7638 , -1.7652 , -1.7646 , -1.34775, -1.2665 ,
       -1.85375, -1.7705 , -1.76325, -1.5567 , -1.3504 , -1.564  ,
       -1.25905, -1.3495 , -1.35485, -1.27195, -1.7894 , -1.6426 ])}
Using saved exact energies
Data collected can be found at experiments/fe464186ab4f470581e1d379e9e51018-1211-232619/8x1
Getting settings from paper_data/8x1_U8_d1/single/8x1_single_zz_x_U_8_nocc_15_d_1-0914-234256/8x1/settings.json
{'theta': True, 'zeta': True, 'chi': False, 'gamma': True, 'phi': True, 'time': None}
{'theta': False, 'zeta': False, 'chi': False, 'gamma': False, 'phi': False, 'time': None}
Start at: (3, 2), with dr
Using qubits [cirq.GridQubit(3, 2), cirq.GridQubit(4, 2), cirq.GridQubit(4, 3), cirq.GridQubit(5, 3), cirq.GridQubit(5, 4), cirq.GridQubit(6, 4), cirq.GridQubit(6, 5), cirq.GridQubit(7, 5), cirq.GridQubit(4, 1), cirq.GridQubit(5, 1), cirq.GridQubit(5, 2), cirq.GridQubit(6, 2), cirq.GridQubit(6, 3), cirq.GridQubit(7, 3), cirq.GridQubit(7, 4), cirq.GridQubit(8, 4)]
Using qubits, JW:[cirq.GridQubit(3, 2), cirq.GridQubit(4, 2), cirq.GridQubit(4, 3), cirq.GridQubit(5, 3), cirq.GridQubit(5, 4), cirq.GridQubit(6, 4), cirq.GridQubit(6, 5), cirq.GridQubit(7, 5), cirq.GridQubit(4, 1), cirq.GridQubit(5, 1), cirq.GridQubit(5, 2), cirq.GridQubit(6, 2), cirq.GridQubit(6, 3), cirq.GridQubit(7, 3), cirq.GridQubit(7, 4), cirq.GridQubit(8, 4)]
Meas types ['onsite0', 'horiz0', 'horiz1']
Prepped onsite, pairs=[(0, 8), (1, 9), (2, 10), (3, 11), (4, 12), (5, 13), (6, 14), (7, 15)]
Prepped horiz, pairs=[(0, 1), (2, 3), (4, 5), (6, 7), (8, 9), (10, 11), (12, 13), (14, 15)]
Prepped horiz, pairs=[(1, 2), (3, 4), (5, 6), (9, 10), (11, 12), (13, 14)]
Set recompilation to False
Got pairs set [(3, 4), (4, 12), (12, 13), (5, 13), (8, 9), (0, 8), (1, 9), (13, 14), (6, 14), (4, 5), (5, 6), (14, 15), (0, 1), (9, 10), (10, 11), (1, 2), (2, 10), (6, 7), (7, 15), (3, 11), (2, 3), (11, 12)]
---Starting to do calibration: delta 0.06834867000043232
---Starting to set up measurements: delta 0.659717867999916
---Starting to run VQE: delta 0.9585096549999435
No optimisation, save file is experiments/a93123b1bbfe46049b15a21ee175b40b-1211-232914/8x1/processed/processed.json
parameters.json
Given params: [[[[[1.073, 0.991, 0.977]]], [[[-1.073, -0.991, -0.977]]], [[[0, 0.991, 0.977]]], [[[0, -0.991, -0.977]]]]]
---Preparing executables
---Running executables, 12 in batch, delta=4.1115289169997595
---Extracting values delta=21.259819873000197
---Extracted values delta=5.460823354999775
===54.16029 54.16097 54.16349000000001 54.161429999999996 1639265387.154315
Computed energies [54.16063], params [[[[1.073, 0.991, 0.977]]], [[[-1.073, -0.991, -0.977]]], [[[0, 0.991, 0.977]]], [[[0, -0.991, -0.977]]]]
***54.16063 1639265387.1555562
---VQE complete: delta 30.840327260999857
---Starting TFLO
Using saved points
Using params [[[0, 0, 0]], [[0, 0, 0.785398]], [[0, 1.5708, 0.785398]], [[0, 5.49779, 0.785398]], [[0, 3.92699, 0]], [[0, 4.71239, 0.785398]], [[0, 3.14159, 0.785398]], [[0, 0, 4.71239]], [[0, 0.785398, 3.92699]], [[0, 5.49779, 3.14159]], [[0, 4.71239, 4.71239]], [[0, 1.5708, 4.71239]], [[0, 3.14159, 5.49779]], [[0, 3.92699, 4.71239]], [[0, 3.92699, 2.35619]], [[0, 3.92699, 3.92699]], [[0, 0.991, 0.977]], [[1.073, 0.991, 0.977]], [[0, 0, 0]], [[0, 0, -0.785398]], [[0, -1.5708, -0.785398]], [[0, -5.49779, -0.785398]], [[0, -3.92699, 0]], [[0, -4.71239, -0.785398]], [[0, -3.14159, -0.785398]], [[0, 0, -4.71239]], [[0, -0.785398, -3.92699]], [[0, -5.49779, -3.14159]], [[0, -4.71239, -4.71239]], [[0, -1.5708, -4.71239]], [[0, -3.14159, -5.49779]], [[0, -3.92699, -4.71239]], [[0, -3.92699, -2.35619]], [[0, -3.92699, -3.92699]], [[0, -0.991, -0.977]], [[-1.073, -0.991, -0.977]]]
---Preparing executables
---Running executables, 108 in batch, delta=33.22344529200018
---Extracting values delta=83.10743878799985
---Extracted values delta=10.078614795999783
---Time for noisy calculation: 126.42806356400024
***TFLON: 54.12024999999999,54.16440000000001,54.22579999999999,54.29395,54.37355,54.4262,54.506150000000005,54.55544999999999,54.624599999999994,54.6695,54.740500000000004,54.79534999999999,54.8551,54.92795,54.98689999999999,55.037549999999996,54.166500000000006,54.16349999999999,54.122800000000005,54.162099999999995,54.2149,54.28359999999999,54.3662,54.43925,54.5072,54.54775,54.6267,54.660399999999996,54.75130000000001,54.81055,54.861000000000004,54.89585,54.98795,55.0296,54.15894999999999,54.158750000000005 1639265515.8449469
Noisy energies by type: {'onsite0': array([56., 56., 56., 56., 56., 56., 56., 56., 56., 56., 56., 56., 56.,
       56., 56., 56., 56., 56., 56., 56., 56., 56., 56., 56., 56., 56.,
       56., 56., 56., 56., 56., 56., 56., 56., 56., 56.]), 'horiz0': array([-0.9521, -0.9125, -0.9951, -0.8232, -0.9516, -0.7888, -0.8622,
       -0.5197, -0.4935, -0.445 , -0.4818, -0.4188, -0.5121, -0.4011,
       -0.3346, -0.2839, -0.9773, -0.9777, -0.9529, -0.9159, -0.9947,
       -0.8313, -0.9534, -0.7886, -0.8641, -0.5251, -0.4936, -0.4532,
       -0.4719, -0.4166, -0.5089, -0.4214, -0.3368, -0.29  , -0.9808,
       -0.9772]), 'horiz1': array([-0.92765, -0.9231 , -0.7791 , -0.88285, -0.67485, -0.785  ,
       -0.63165, -0.92485, -0.8819 , -0.8855 , -0.7777 , -0.78585,
       -0.6328 , -0.67095, -0.6785 , -0.67855, -0.8562 , -0.8588 ,
       -0.9243 , -0.922  , -0.7904 , -0.8851 , -0.6804 , -0.77215,
       -0.6287 , -0.92715, -0.8797 , -0.8864 , -0.7768 , -0.77285,
       -0.6301 , -0.68275, -0.67525, -0.6804 , -0.86025, -0.86405])}
Using saved exact energies
Data collected can be found at experiments/a93123b1bbfe46049b15a21ee175b40b-1211-232914/8x1
