{'theta': True, 'zeta': True, 'chi': False, 'gamma': True, 'phi': True, 'time': None}
{'theta': False, 'zeta': False, 'chi': False, 'gamma': False, 'phi': False, 'time': None}
                  (3, 2)
                  │
                  │
         (4, 1)───(4, 2)───(4, 3)
         │        │        │
         │        │        │
(5, 0)───(5, 1)───(5, 2)───(5, 3)───(5, 4)
         │        │        │        │
         │        │        │        │
         (6, 1)───(6, 2)───(6, 3)───(6, 4)───(6, 5)
                  │        │        │        │
                  │        │        │        │
                  (7, 2)───(7, 3)───(7, 4)───(7, 5)───(7, 6)
                           │        │        │
                           │        │        │
                           (8, 3)───(8, 4)───(8, 5)
                                    │
                                    │
                                    (9, 4)
Start at: (3, 2), with dr
Using qubits [cirq.GridQubit(3, 2), cirq.GridQubit(4, 2), cirq.GridQubit(4, 3), cirq.GridQubit(5, 3), cirq.GridQubit(5, 4), cirq.GridQubit(6, 4), cirq.GridQubit(6, 5), cirq.GridQubit(7, 5), cirq.GridQubit(4, 1), cirq.GridQubit(5, 1), cirq.GridQubit(5, 2), cirq.GridQubit(6, 2), cirq.GridQubit(6, 3), cirq.GridQubit(7, 3), cirq.GridQubit(7, 4), cirq.GridQubit(8, 4)]
Using qubits, JW:[cirq.GridQubit(3, 2), cirq.GridQubit(4, 2), cirq.GridQubit(4, 3), cirq.GridQubit(5, 3), cirq.GridQubit(5, 4), cirq.GridQubit(6, 4), cirq.GridQubit(6, 5), cirq.GridQubit(7, 5), cirq.GridQubit(4, 1), cirq.GridQubit(5, 1), cirq.GridQubit(5, 2), cirq.GridQubit(6, 2), cirq.GridQubit(6, 3), cirq.GridQubit(7, 3), cirq.GridQubit(7, 4), cirq.GridQubit(8, 4)]
                  [31m(3, 2)[0m
                  │
                  │
         [35m(4, 1)[0m───[31m(4, 2)[0m───[31m(4, 3)[0m
         │        │        │
         │        │        │
(5, 0)───[35m(5, 1)[0m───[35m(5, 2)[0m───[31m(5, 3)[0m───[31m(5, 4)[0m
         │        │        │        │
         │        │        │        │
         (6, 1)───[35m(6, 2)[0m───[35m(6, 3)[0m───[31m(6, 4)[0m───[31m(6, 5)[0m
                  │        │        │        │
                  │        │        │        │
                  (7, 2)───[35m(7, 3)[0m───[35m(7, 4)[0m───[31m(7, 5)[0m───(7, 6)
                           │        │        │
                           │        │        │
                           (8, 3)───[35m(8, 4)[0m───(8, 5)
                                    │
                                    │
                                    (9, 4)
None
Meas types ['onsite0', 'horiz0', 'horiz1']
Prepped onsite, pairs=[(0, 8), (1, 9), (2, 10), (3, 11), (4, 12), (5, 13), (6, 14), (7, 15)]
Prepped horiz, pairs=[(0, 1), (2, 3), (4, 5), (6, 7), (8, 9), (10, 11), (12, 13), (14, 15)]
Prepped horiz, pairs=[(1, 2), (3, 4), (5, 6), (9, 10), (11, 12), (13, 14)]
Set recompilation to False
Got pairs set [(10, 11), (5, 6), (3, 11), (5, 13), (8, 9), (4, 12), (6, 14), (1, 2), (6, 7), (7, 15), (12, 13), (4, 5), (2, 10), (9, 10), (2, 3), (1, 9), (14, 15), (0, 8), (11, 12), (0, 1), (13, 14), (3, 4)]
---Starting to do calibration: delta 3.875860746
---Starting to set up measurements: delta 0.8038502350000005
---Starting to run VQE: delta 1.263990433
No optimisation, save file is experiments/8x1_single_zz_x_U_8_nocc_7_d_1-0914-220741/8x1/processed/processed.json
Given params: [[[[[1.003, 0.689, 0.493]]], [[[-1.003, -0.689, -0.493]]], [[[0, 0.689, 0.493]]], [[[0, -0.689, -0.493]]]]]
---Preparing executables
---Running executables, 12 in batch, delta=5.2123616550000005
---Extracting values delta=2.3224533540000003
---Extracted values delta=94.82586496799999
===2.462493048397241 2.1593842295833268 5.1118996455332875 6.658896801375203 1631653769.907991
Computed energies [2.310938638990284], params [[[[1.003, 0.689, 0.493]]], [[[-1.003, -0.689, -0.493]]], [[[0, 0.689, 0.493]]], [[[0, -0.689, -0.493]]]]
***2.310938638990284 1631653769.9111629
---VQE complete: delta 102.369292997
---Starting TFLO
Using saved points
Using params [[[0, 0, 0]], [[0, 0, 0.785398]], [[0, 1.5708, 0.785398]], [[0, 1.5708, 1.5708]], [[0, 5.49779, 0.785398]], [[0, 2.35619, 0.785398]], [[0, 2.35619, 1.5708]], [[0, 5.49779, 1.5708]], [[0, 0.785398, 3.14159]], [[0, 0, 3.14159]], [[0, 5.49779, 2.35619]], [[0, 5.49779, 3.92699]], [[0, 2.35619, 3.14159]], [[0, 4.71239, 2.35619]], [[0, 3.92699, 2.35619]], [[0, 3.92699, 3.92699]], [[0, 0.689, 0.493]], [[1.003, 0.689, 0.493]], [[0, 0, 0]], [[0, 0, -0.785398]], [[0, -1.5708, -0.785398]], [[0, -1.5708, -1.5708]], [[0, -5.49779, -0.785398]], [[0, -2.35619, -0.785398]], [[0, -2.35619, -1.5708]], [[0, -5.49779, -1.5708]], [[0, -0.785398, -3.14159]], [[0, 0, -3.14159]], [[0, -5.49779, -2.35619]], [[0, -5.49779, -3.92699]], [[0, -2.35619, -3.14159]], [[0, -4.71239, -2.35619]], [[0, -3.92699, -2.35619]], [[0, -3.92699, -3.92699]], [[0, -0.689, -0.493]], [[-1.003, -0.689, -0.493]]]
---Preparing executables
---Running executables, 108 in batch, delta=61.227909242999985
---Extracting values delta=6.499359142000003
---Extracted values delta=113.43290307499998
---Time for noisy calculation: 181.180504751
***TFLON: 5.71832577717464,6.266929534494261,6.809370474645023,6.815099454942736,8.176964540758782,8.652324293709391,8.994507846319884,10.027611881396055,8.181204824075675,9.619831819168688,11.238955628311253,12.382902140263228,12.40083095481705,11.794115183159303,11.493775231505152,12.455767277505505,4.950230585216639,2.3034297753056703,5.6659404808332745,6.355011368534226,6.2332030775319165,6.8610803677732175,6.3755247101266885,6.9250983256334155,7.591464628693046,8.430892155535393,10.646541214394672,9.685363813648474,9.700093288695035,9.581988147402539,10.397358664689522,12.08063646067363,13.166661018109266,13.669314060066764,6.833065339959717,2.255586343572438 1631653954.4059641
Noisy energies by type: {'onsite0': array([11.87166667, 12.17796448, 12.55122539, 12.10094637, 12.87887803,
       12.9403623 , 12.58466454, 13.13291819, 10.89206349, 11.81514258,
       12.91362764, 13.05963017, 12.88466976, 11.91803279, 11.13189348,
       11.17255137, 11.24038651,  5.93095468, 11.89955687, 12.00816993,
       11.86652497, 11.87273862, 10.84304375, 11.05572949, 11.13831815,
       11.5009373 , 13.12198142, 11.88854993, 11.5090282 , 10.75833506,
       10.89821354, 12.30961819, 12.82921768, 12.62289562, 13.03834808,
        6.86019862]), 'horiz0': array([-3.76121861, -3.50471793, -4.78125709, -4.32663092, -2.83911234,
       -4.52674897, -3.84196247, -1.24749942, -0.6769333 ,  0.16419177,
        0.16585252,  1.13505627, -0.7236927 ,  0.55484752, -0.0927004 ,
        0.84365096, -4.10492024, -2.1341166 , -3.80106101, -3.27481234,
       -4.89319372, -4.28999578, -2.4886339 , -4.51610018, -3.9102207 ,
       -1.04394198, -0.63800705,  0.16591524,  0.2460733 ,  0.83300632,
       -0.90060555,  0.73845823,  0.11203683,  0.83340797, -4.22421908,
       -3.22504465]), 'horiz1': array([-2.39212228, -2.40631702, -0.96059783, -0.959216  , -1.86280114,
        0.23871096,  0.25180578, -1.85780689, -2.03392536, -2.35950253,
       -1.84052453, -1.8117843 ,  0.2398539 , -0.67876512,  0.45458216,
        0.43956495, -2.18523568, -1.4934083 , -2.43255538, -2.37834622,
       -0.74012818, -0.72166247, -1.97888514,  0.38546901,  0.36336717,
       -2.02610317, -1.83743316, -2.36910135, -2.05500821, -2.00935323,
        0.39975068, -0.96743997,  0.2254065 ,  0.21301047, -1.98106366,
       -1.37956763])}
Using saved exact energies
Data collected can be found at experiments/8x1_single_zz_x_U_8_nocc_7_d_1-0914-220741/8x1
