{'theta': True, 'zeta': True, 'chi': False, 'gamma': True, 'phi': True, 'time': None}
{'theta': False, 'zeta': False, 'chi': False, 'gamma': False, 'phi': False, 'time': None}
                  (3, 2)
                  │
                  │
         (4, 1)───(4, 2)───(4, 3)
         │        │        │
         │        │        │
(5, 0)───(5, 1)───(5, 2)───(5, 3)───(5, 4)
         │        │        │        │
         │        │        │        │
         (6, 1)───(6, 2)───(6, 3)───(6, 4)───(6, 5)
                  │        │        │        │
                  │        │        │        │
                  (7, 2)───(7, 3)───(7, 4)───(7, 5)───(7, 6)
                           │        │        │
                           │        │        │
                           (8, 3)───(8, 4)───(8, 5)
                                    │
                                    │
                                    (9, 4)
Start at: (3, 2), with dr
Using qubits [cirq.GridQubit(3, 2), cirq.GridQubit(4, 2), cirq.GridQubit(4, 3), cirq.GridQubit(5, 3), cirq.GridQubit(5, 4), cirq.GridQubit(6, 4), cirq.GridQubit(6, 5), cirq.GridQubit(7, 5), cirq.GridQubit(4, 1), cirq.GridQubit(5, 1), cirq.GridQubit(5, 2), cirq.GridQubit(6, 2), cirq.GridQubit(6, 3), cirq.GridQubit(7, 3), cirq.GridQubit(7, 4), cirq.GridQubit(8, 4)]
Using qubits, JW:[cirq.GridQubit(3, 2), cirq.GridQubit(4, 2), cirq.GridQubit(4, 3), cirq.GridQubit(5, 3), cirq.GridQubit(5, 4), cirq.GridQubit(6, 4), cirq.GridQubit(6, 5), cirq.GridQubit(7, 5), cirq.GridQubit(4, 1), cirq.GridQubit(5, 1), cirq.GridQubit(5, 2), cirq.GridQubit(6, 2), cirq.GridQubit(6, 3), cirq.GridQubit(7, 3), cirq.GridQubit(7, 4), cirq.GridQubit(8, 4)]
                  [31m(3, 2)[0m
                  │
                  │
         [35m(4, 1)[0m───[31m(4, 2)[0m───[31m(4, 3)[0m
         │        │        │
         │        │        │
(5, 0)───[35m(5, 1)[0m───[35m(5, 2)[0m───[31m(5, 3)[0m───[31m(5, 4)[0m
         │        │        │        │
         │        │        │        │
         (6, 1)───[35m(6, 2)[0m───[35m(6, 3)[0m───[31m(6, 4)[0m───[31m(6, 5)[0m
                  │        │        │        │
                  │        │        │        │
                  (7, 2)───[35m(7, 3)[0m───[35m(7, 4)[0m───[31m(7, 5)[0m───(7, 6)
                           │        │        │
                           │        │        │
                           (8, 3)───[35m(8, 4)[0m───(8, 5)
                                    │
                                    │
                                    (9, 4)
None
Meas types ['onsite0', 'horiz0', 'horiz1']
Prepped onsite, pairs=[(0, 8), (1, 9), (2, 10), (3, 11), (4, 12), (5, 13), (6, 14), (7, 15)]
Prepped horiz, pairs=[(0, 1), (2, 3), (4, 5), (6, 7), (8, 9), (10, 11), (12, 13), (14, 15)]
Prepped horiz, pairs=[(1, 2), (3, 4), (5, 6), (9, 10), (11, 12), (13, 14)]
Set recompilation to False
Got pairs set [(10, 11), (5, 6), (3, 11), (5, 13), (8, 9), (4, 12), (6, 14), (1, 2), (6, 7), (7, 15), (12, 13), (4, 5), (2, 10), (9, 10), (2, 3), (1, 9), (14, 15), (0, 8), (11, 12), (0, 1), (13, 14), (3, 4)]
---Starting to do calibration: delta 3.1742814610000005
---Starting to set up measurements: delta 1.175885494000001
---Starting to run VQE: delta 2.161204808000001
Running BayesMGD: n_evals 15, nshots 1000, max_iter 50, max_evals 300
---Preparing executables
---Running executables, 3 in batch, delta=2.291400459
---Extracting values delta=1.4703638320000003
---Extracted values delta=10.233342342
---Preparing executables
---Running executables, 90 in batch, delta=61.962725433
---Extracting values delta=11.709871475
---Extracted values delta=63.17612468200001
[47.02624613374786, 46.62520633023574]
2  :--------------------------------
fit_params:  [-1.09  -4.431 -1.358 -1.089  0.07  -2.905  5.726 17.898  8.513 29.386]
current: 46.625+/-1.356  params:  [0.702 0.793 0.975]  grad:  [1.508 1.047 0.127]  gamma_k: 0.1977  delta_k: 0.6000
---Preparing executables
---Running executables, 90 in batch, delta=63.975358125000014
---Extracting values delta=11.322681622000005
---Extracted values delta=69.77040212599996
[47.02624613374786, 46.62520633023574, 46.62520633023574, 46.22541450037654]
3  :--------------------------------
fit_params:  [ 0.386  0.518 -0.141  0.256  0.096 -0.348 -1.099 -0.355  1.292 45.811]
current: 46.225+/-0.286  params:  [0.696 0.77  0.882]  grad:  [0.037 0.147 0.599]  gamma_k: 0.1548  delta_k: 0.5594
---Preparing executables
---Running executables, 90 in batch, delta=63.883184782
---Extracting values delta=11.476342511000041
---Extracted values delta=80.760459492
[47.02624613374786, 46.62520633023574, 46.62520633023574, 46.22541450037654, 46.22541450037654, 46.12722769411582]
4  :--------------------------------
fit_params:  [ 0.935  0.386  0.242  0.295 -0.192 -0.184 -1.55  -0.386  0.868 46.096]
current: 46.127+/-0.243  params:  [0.714 0.732 0.785]  grad:  [-0.134  0.293  0.743]  gamma_k: 0.1302  delta_k: 0.5370
---Preparing executables
---Running executables, 90 in batch, delta=64.70772811300003
---Extracting values delta=11.379415018000032
---Extracted values delta=81.22579549800002
[47.02624613374786, 46.62520633023574, 46.62520633023574, 46.22541450037654, 46.22541450037654, 46.12722769411582, 46.12722769411582, 46.01146670854998]
5  :--------------------------------
fit_params:  [ 0.787  0.469  0.09   0.179 -0.158  0.027 -1.329 -0.505  0.745 46.071]
current: 46.011+/-0.236  params:  [0.735 0.678 0.706]  grad:  [-0.19   0.479  0.7  ]  gamma_k: 0.1139  delta_k: 0.5216
---Preparing executables
---Running executables, 90 in batch, delta=64.08894233900003
---Extracting values delta=11.531731599999944
---Extracted values delta=79.83941872100002
[47.02624613374786, 46.62520633023574, 46.62520633023574, 46.22541450037654, 46.22541450037654, 46.12722769411582, 46.12722769411582, 46.01146670854998, 46.01146670854998, 46.17399314518036]
6  :--------------------------------
fit_params:  [ 0.784  0.3    0.104  0.272 -0.097  0.131 -1.374 -0.72   0.607 46.381]
current: 46.174+/-0.275  params:  [0.734 0.65  0.625]  grad:  [0.011 0.271 0.789]  gamma_k: 0.1020  delta_k: 0.5100
---Preparing executables
---Running executables, 90 in batch, delta=70.62180427999999
---Extracting values delta=11.782511119999981
---Extracted values delta=64.05605190799997
[47.02624613374786, 46.62520633023574, 46.62520633023574, 46.22541450037654, 46.22541450037654, 46.12722769411582, 46.12722769411582, 46.01146670854998, 46.01146670854998, 46.17399314518036, 46.17399314518036, 46.24949862409927]
7  :--------------------------------
fit_params:  [ 0.955  0.306  0.497  0.356 -0.317  0.078 -1.477 -0.822 -0.136 47.008]
current: 46.249+/-0.209  params:  [0.735 0.632 0.614]  grad:  [-0.008  0.195  0.121]  gamma_k: 0.0930  delta_k: 0.5007
---Preparing executables
---Running executables, 90 in batch, delta=61.66998761699995
---Extracting values delta=11.623349995000012
---Extracted values delta=63.66701927899999
[47.02624613374786, 46.62520633023574, 46.62520633023574, 46.22541450037654, 46.22541450037654, 46.12722769411582, 46.12722769411582, 46.01146670854998, 46.01146670854998, 46.17399314518036, 46.17399314518036, 46.24949862409927, 46.24949862409927, 46.290719192641866]
8  :--------------------------------
fit_params:  [ 1.028  0.347  0.686  0.396 -0.418  0.198 -1.418 -1.183 -0.47  47.281]
current: 46.291+/-0.220  params:  [0.728 0.625 0.613]  grad:  [0.081 0.08  0.008]  gamma_k: 0.0858  delta_k: 0.4929
---Preparing executables
---Running executables, 90 in batch, delta=62.40436410500001
---Extracting values delta=11.314490874000057
---Extracted values delta=73.62735216700003
[47.02624613374786, 46.62520633023574, 46.62520633023574, 46.22541450037654, 46.22541450037654, 46.12722769411582, 46.12722769411582, 46.01146670854998, 46.01146670854998, 46.17399314518036, 46.17399314518036, 46.24949862409927, 46.24949862409927, 46.290719192641866, 46.290719192641866, 46.294030237476335]
9  :--------------------------------
fit_params:  [ 1.023  0.621  0.841  0.308 -0.447  0.092 -1.287 -1.537 -0.555 47.511]
current: 46.294+/-0.217  params:  [0.725 0.641 0.618]  grad:  [ 0.039 -0.2   -0.059]  gamma_k: 0.0799  delta_k: 0.4863
---Preparing executables
---Running executables, 90 in batch, delta=64.08965398300006
---Extracting values delta=11.525676156999907
---Extracted values delta=79.20319071800009
[47.02624613374786, 46.62520633023574, 46.62520633023574, 46.22541450037654, 46.22541450037654, 46.12722769411582, 46.12722769411582, 46.01146670854998, 46.01146670854998, 46.17399314518036, 46.17399314518036, 46.24949862409927, 46.24949862409927, 46.290719192641866, 46.290719192641866, 46.294030237476335, 46.294030237476335, 46.44416075578213]
10  :--------------------------------
fit_params:  [ 0.959  0.513  0.785  0.301 -0.364  0.045 -1.213 -1.297 -0.48  47.472]
current: 46.444+/-0.190  params:  [0.716 0.652 0.616]  grad:  [ 0.114 -0.147  0.02 ]  gamma_k: 0.0750  delta_k: 0.4806
---Preparing executables
---Running executables, 90 in batch, delta=64.33747210599995
---Extracting values delta=11.309345700999984
---Extracted values delta=83.053569229
[47.02624613374786, 46.62520633023574, 46.62520633023574, 46.22541450037654, 46.22541450037654, 46.12722769411582, 46.12722769411582, 46.01146670854998, 46.01146670854998, 46.17399314518036, 46.17399314518036, 46.24949862409927, 46.24949862409927, 46.290719192641866, 46.290719192641866, 46.294030237476335, 46.294030237476335, 46.44416075578213, 46.44416075578213, 46.325713267648176]
11  :--------------------------------
fit_params:  [ 0.989  0.606  1.147  0.35  -0.341  0.118 -1.223 -1.55  -0.868 47.451]
current: 46.326+/-0.208  params:  [0.7   0.66  0.601]  grad:  [ 0.23  -0.112  0.212]  gamma_k: 0.0708  delta_k: 0.4755
***46.33+/-0.21 1630627674.30787
---VQE complete: delta 1509.39015588
Data collected can be found at experiments/8x1_bayesmgd_zz_x_U_8_nocc_14_d_1-0903-004238/8x1
