{'theta': True, 'zeta': True, 'chi': False, 'gamma': True, 'phi': True, 'time': None}
{'theta': False, 'zeta': False, 'chi': False, 'gamma': False, 'phi': False, 'time': None}
                  (3, 2)
                  │
                  │
         (4, 1)───(4, 2)───(4, 3)
         │        │        │
         │        │        │
(5, 0)───(5, 1)───(5, 2)───(5, 3)───(5, 4)
         │        │        │        │
         │        │        │        │
         (6, 1)───(6, 2)───(6, 3)───(6, 4)───(6, 5)
                  │        │        │        │
                  │        │        │        │
                  (7, 2)───(7, 3)───(7, 4)───(7, 5)───(7, 6)
                           │        │        │
                           │        │        │
                           (8, 3)───(8, 4)───(8, 5)
                                    │
                                    │
                                    (9, 4)
Qubits: 4 2 5 3
Using qubits [cirq.GridQubit(5, 3), cirq.GridQubit(6, 3), cirq.GridQubit(7, 3), cirq.GridQubit(8, 3), cirq.GridQubit(5, 4), cirq.GridQubit(6, 4), cirq.GridQubit(7, 4), cirq.GridQubit(8, 4)]
Using qubits, JW:[cirq.GridQubit(5, 3), cirq.GridQubit(6, 3), cirq.GridQubit(7, 3), cirq.GridQubit(8, 3), cirq.GridQubit(5, 4), cirq.GridQubit(6, 4), cirq.GridQubit(7, 4), cirq.GridQubit(8, 4)]
                  (3, 2)
                  │
                  │
         (4, 1)───(4, 2)───(4, 3)
         │        │        │
         │        │        │
(5, 0)───(5, 1)───(5, 2)───[31m(5, 3)[0m───[35m(5, 4)[0m
         │        │        │        │
         │        │        │        │
         (6, 1)───(6, 2)───[31m(6, 3)[0m───[35m(6, 4)[0m───(6, 5)
                  │        │        │        │
                  │        │        │        │
                  (7, 2)───[31m(7, 3)[0m───[35m(7, 4)[0m───(7, 5)───(7, 6)
                           │        │        │
                           │        │        │
                           [31m(8, 3)[0m───[35m(8, 4)[0m───(8, 5)
                                    │
                                    │
                                    (9, 4)
None
Meas types ['onsite0', 'horiz0', 'horiz1']
Prepped onsite, pairs=[(0, 4), (1, 5), (2, 6), (3, 7)]
Prepped horiz, pairs=[(0, 1), (2, 3), (4, 5), (6, 7)]
Prepped horiz, pairs=[(1, 2), (5, 6)]
Set recompilation to False
Got pairs set [(0, 1), (1, 2), (2, 6), (6, 7), (4, 5), (5, 6), (1, 5), (2, 3), (0, 4), (3, 7)]
---Starting to do calibration: delta 4.301622687
---Starting to set up measurements: delta 1.4040847329999995
---Starting to run VQE: delta 3.5444049169999996
No optimisation, save file is experiments/4x1_single_d2-0916-144006/4x1/processed/processed.json
Given params: [[[[[0.52, 0.451, 0.471], [0.489, 0.511, 0.47]]], [[[-0.52, -0.451, -0.471], [-0.489, -0.511, -0.47]]], [[[0, 0.451, 0.471], [0, 0.511, 0.47]]], [[[0, -0.451, -0.471], [0, -0.511, -0.47]]]]]
---Preparing executables
---Running executables, 12 in batch, delta=3.6298672309999986
---Extracting values delta=8.348741592
---Extracted values delta=41.01532546799999
===-1.08796913251819 -1.1658255007173568 -1.0792432236952887 -1.1574633707774615 1631799668.60672
Computed energies [-1.1268973166177734], params [[[[0.52, 0.451, 0.471], [0.489, 0.511, 0.47]]], [[[-0.52, -0.451, -0.471], [-0.489, -0.511, -0.47]]], [[[0, 0.451, 0.471], [0, 0.511, 0.47]]], [[[0, -0.451, -0.471], [0, -0.511, -0.47]]]]
***-1.1268973166177734 1631799668.6084821
---VQE complete: delta 52.997761263
---Starting TFLO
Using saved points
Using params [[[0, 3.18362, 6.2764], [0, 3.8246, 5.84549]], [[0, 2.6901, 2.99716], [0, 3.34154, 1.63886]], [[0, 0.841172, 0.857071], [0, 2.83507, 0.132099]], [[0, 0.919596, 3.58906], [0, 2.34207, 4.81843]], [[0, 2.02167, 0.711094], [0, 2.87848, 1.92383]], [[0, 3.07888, 1.31344], [0, 4.01245, 3.64854]], [[0, 5.49346, 5.73656], [0, 1.32223, 3.05705]], [[0, 5.44561, 1.68616], [0, 5.99541, 0.440987]], [[0, 5.75192, 6.00118], [0, 4.30115, 3.98124]], [[0, 3.7131, 0.592184], [0, 4.51095, 4.07368]], [[0, 2.7152, 1.86577], [0, 0.588014, 2.06039]], [[0, 2.57569, 4.7256], [0, 3.85901, 0.371302]], [[0, 4.65032, 0.953688], [0, 4.94274, 3.13591]], [[0, 0.299448, 3.22459], [0, 4.5425, 2.32293]], [[0, 5.54704, 4.13572], [0, 4.5425, 2.32293]], [[0, 4.016, 5.5268], [0, 4.80713, 0.271348]], [[0, 0.451, 0.471], [0, 0.511, 0.47]], [[0.52, 0.451, 0.471], [0.489, 0.511, 0.47]], [[0, -3.18362, -6.2764], [0, -3.8246, -5.84549]], [[0, -2.6901, -2.99716], [0, -3.34154, -1.63886]], [[0, -0.841172, -0.857071], [0, -2.83507, -0.132099]], [[0, -0.919596, -3.58906], [0, -2.34207, -4.81843]], [[0, -2.02167, -0.711094], [0, -2.87848, -1.92383]], [[0, -3.07888, -1.31344], [0, -4.01245, -3.64854]], [[0, -5.49346, -5.73656], [0, -1.32223, -3.05705]], [[0, -5.44561, -1.68616], [0, -5.99541, -0.440987]], [[0, -5.75192, -6.00118], [0, -4.30115, -3.98124]], [[0, -3.7131, -0.592184], [0, -4.51095, -4.07368]], [[0, -2.7152, -1.86577], [0, -0.588014, -2.06039]], [[0, -2.57569, -4.7256], [0, -3.85901, -0.371302]], [[0, -4.65032, -0.953688], [0, -4.94274, -3.13591]], [[0, -0.299448, -3.22459], [0, -4.5425, -2.32293]], [[0, -5.54704, -4.13572], [0, -4.5425, -2.32293]], [[0, -4.016, -5.5268], [0, -4.80713, -0.271348]], [[0, -0.451, -0.471], [0, -0.511, -0.47]], [[-0.52, -0.451, -0.471], [-0.489, -0.511, -0.47]]]
---Preparing executables
---Running executables, 108 in batch, delta=15.082312932000008
---Extracting values delta=3.9538499140000027
---Extracted values delta=67.821024588
---Time for noisy calculation: 86.87757247100001
***TFLON: -1.187709704047414,-0.9701163563006627,-0.9099267205875667,-0.9097415525763606,-0.8461056447402204,-0.5693192363863426,-0.5706038923723323,-0.9408284576088034,-0.14574785421155195,-0.17088148115396987,-0.48443868079852687,0.07324829359735885,0.06686713516312134,0.18068852467247823,0.4795489912608754,0.7719804224973326,-1.1136087921105204,-1.1090484902395579,-1.1259162845662893,-1.0260972825168286,-1.0296609653488829,-1.0078998260816212,-0.7850133599010838,-0.46098767537737195,-0.5689490624614688,-0.22723535622021251,-0.440922561278759,0.09072697815923328,-0.09953849853633145,0.16567267455936893,0.24480459044178327,0.4879173286692746,0.4173880669868458,0.290018856288178,-1.1241133176334077,-1.1340351852313273 1631799755.4927402
Noisy energies by type: {'onsite0': array([0., 0., 0., 0., 0., 0., 0., 0., 0., 0., 0., 0., 0., 0., 0., 0., 0.,
       0., 0., 0., 0., 0., 0., 0., 0., 0., 0., 0., 0., 0., 0., 0., 0., 0.,
       0., 0.]), 'horiz0': array([-0.86586789, -0.69854009, -0.83749157, -0.4725535 , -0.58577507,
       -0.41158802, -0.12184395, -0.53301449, -0.00723566, -0.03655914,
       -0.15161315,  0.20855863,  0.05045492,  0.20438769,  0.50011215,
        0.88324792, -0.72565876, -0.73027609, -0.69326128, -0.72640983,
       -0.90758966, -0.51284023, -0.52617166, -0.27457579, -0.35813953,
        0.21925294, -0.14406969,  0.08828561,  0.31025994,  0.25417903,
        0.19772279,  0.5014876 ,  0.5553816 ,  0.53417595, -0.67867921,
       -0.68154687]), 'horiz1': array([-0.32184181, -0.27157627, -0.07243515, -0.43718806, -0.26033058,
       -0.15773122, -0.44875994, -0.40781397, -0.13851219, -0.13432234,
       -0.33282553, -0.13531033,  0.01641221, -0.02369917, -0.02056316,
       -0.1112675 , -0.38795004, -0.3787724 , -0.432655  , -0.29968746,
       -0.12207131, -0.4950596 , -0.2588417 , -0.18641189, -0.21080953,
       -0.44648829, -0.29685287,  0.00244137, -0.40979844, -0.08850636,
        0.0470818 , -0.01357027, -0.13799354, -0.2441571 , -0.44543411,
       -0.45248832])}
Using saved exact energies
Data collected can be found at experiments/4x1_single_d2-0916-144006/4x1
