{'theta': True, 'zeta': True, 'chi': False, 'gamma': True, 'phi': True, 'time': None}
{'theta': False, 'zeta': False, 'chi': False, 'gamma': False, 'phi': False, 'time': None}
                  (3, 2)
                  │
                  │
         (4, 1)───(4, 2)───(4, 3)
         │        │        │
         │        │        │
(5, 0)───(5, 1)───(5, 2)───(5, 3)───(5, 4)
         │        │        │        │
         │        │        │        │
         (6, 1)───(6, 2)───(6, 3)───(6, 4)───(6, 5)
                  │        │        │        │
                  │        │        │        │
                  (7, 2)───(7, 3)───(7, 4)───(7, 5)───(7, 6)
                           │        │        │
                           │        │        │
                           (8, 3)───(8, 4)───(8, 5)
                                    │
                                    │
                                    (9, 4)
Start at: (3, 2), with dr
Using qubits [cirq.GridQubit(3, 2), cirq.GridQubit(4, 2), cirq.GridQubit(4, 3), cirq.GridQubit(5, 3), cirq.GridQubit(5, 4), cirq.GridQubit(6, 4), cirq.GridQubit(6, 5), cirq.GridQubit(7, 5), cirq.GridQubit(4, 1), cirq.GridQubit(5, 1), cirq.GridQubit(5, 2), cirq.GridQubit(6, 2), cirq.GridQubit(6, 3), cirq.GridQubit(7, 3), cirq.GridQubit(7, 4), cirq.GridQubit(8, 4)]
Using qubits, JW:[cirq.GridQubit(3, 2), cirq.GridQubit(4, 2), cirq.GridQubit(4, 3), cirq.GridQubit(5, 3), cirq.GridQubit(5, 4), cirq.GridQubit(6, 4), cirq.GridQubit(6, 5), cirq.GridQubit(7, 5), cirq.GridQubit(4, 1), cirq.GridQubit(5, 1), cirq.GridQubit(5, 2), cirq.GridQubit(6, 2), cirq.GridQubit(6, 3), cirq.GridQubit(7, 3), cirq.GridQubit(7, 4), cirq.GridQubit(8, 4)]
                  [31m(3, 2)[0m
                  │
                  │
         [35m(4, 1)[0m───[31m(4, 2)[0m───[31m(4, 3)[0m
         │        │        │
         │        │        │
(5, 0)───[35m(5, 1)[0m───[35m(5, 2)[0m───[31m(5, 3)[0m───[31m(5, 4)[0m
         │        │        │        │
         │        │        │        │
         (6, 1)───[35m(6, 2)[0m───[35m(6, 3)[0m───[31m(6, 4)[0m───[31m(6, 5)[0m
                  │        │        │        │
                  │        │        │        │
                  (7, 2)───[35m(7, 3)[0m───[35m(7, 4)[0m───[31m(7, 5)[0m───(7, 6)
                           │        │        │
                           │        │        │
                           (8, 3)───[35m(8, 4)[0m───(8, 5)
                                    │
                                    │
                                    (9, 4)
None
Meas types ['onsite0', 'horiz0', 'vert02', 'vert12']
Prepped onsite, pairs=[(0, 8), (1, 9), (2, 10), (3, 11), (4, 12), (5, 13), (6, 14), (7, 15)]
Prepped horiz, pairs=[(0, 1), (2, 3), (4, 5), (6, 7), (8, 9), (10, 11), (12, 13), (14, 15)]
Prepped vert0, pairs=[(1, 2), (3, 4), (5, 6), (9, 10), (11, 12), (13, 14)]
Prepped vert1, pairs=[(1, 2), (3, 4), (5, 6), (9, 10), (11, 12), (13, 14)]
Set recompilation to False
Got pairs set [(3, 4), (4, 12), (12, 13), (5, 13), (8, 9), (0, 8), (1, 9), (13, 14), (6, 14), (4, 5), (5, 6), (14, 15), (0, 1), (9, 10), (10, 11), (1, 2), (2, 10), (6, 7), (7, 15), (3, 11), (2, 3), (11, 12)]
---Starting to do calibration: delta 2.4385024010000507
---Starting to set up measurements: delta 0.5002457580000055
---Starting to run VQE: delta 0.04155604700008553
Running BayesMGD: n_evals 23, nshots 1000, max_iter 50, max_evals 600
---Preparing executables
---Running executables, 4 in batch, delta=1.1093033040000364
---Extracting values delta=2.1190608269999984
---Extracted values delta=7.035419860000047
Running block of size 20...
---Preparing executables
---Running executables, 80 in batch, delta=21.025334236999925
---Extracting values delta=4.192273675000024
---Extracted values delta=63.09764355900006
Running block of size 20...
---Preparing executables
---Running executables, 80 in batch, delta=21.321035499999994
---Extracting values delta=4.357040882999968
---Extracted values delta=65.86159273299995
Running block of size 6...
---Preparing executables
---Running executables, 24 in batch, delta=6.695131767000021
---Extracting values delta=2.088007318999985
---Extracted values delta=27.074907755000027
2  :--------------------------------
current: -3.804+/-1.106  params:  [0.274 0.753 0.571 0.858]  grad:  [2.344 0.798 1.386 0.458]  gamma_k: 0.3097  delta_k: 0.6000
Running block of size 20...
---Preparing executables
---Running executables, 80 in batch, delta=22.865960234
---Extracting values delta=3.282536792999963
---Extracted values delta=63.39408123499993
Running block of size 20...
---Preparing executables
---Running executables, 80 in batch, delta=22.893844889000093
---Extracting values delta=3.408672767999974
---Extracted values delta=65.372210527
Running block of size 6...
---Preparing executables
---Running executables, 24 in batch, delta=6.996861814999988
---Extracting values delta=1.8670768349999207
---Extracted values delta=25.325747422000063
3  :--------------------------------
current: -4.444+/-0.094  params:  [0.352 0.618 0.568 0.763]  grad:  [-0.299  0.517  0.012  0.366]  gamma_k: 0.2604  delta_k: 0.5594
Running block of size 20...
---Preparing executables
---Running executables, 80 in batch, delta=22.79133233899995
---Extracting values delta=3.482709534000037
---Extracted values delta=65.23108563699998
Running block of size 20...
---Preparing executables
---Running executables, 80 in batch, delta=22.612948505000077
---Extracting values delta=3.4921858189998147
---Extracted values delta=65.01942583499999
Running block of size 6...
---Preparing executables
---Running executables, 24 in batch, delta=6.960966957999972
---Extracting values delta=2.7661143899999843
---Extracted values delta=26.55029840499992
4  :--------------------------------
current: -4.139+/-0.073  params:  [0.389 0.562 0.49  0.712]  grad:  [-0.163  0.245  0.342  0.225]  gamma_k: 0.2277  delta_k: 0.5370
Running block of size 20...
---Preparing executables
---Running executables, 80 in batch, delta=23.196409093000057
---Extracting values delta=3.2409096520000276
---Extracted values delta=63.14382965899995
Running block of size 20...
---Preparing executables
---Running executables, 80 in batch, delta=23.181514137000022
---Extracting values delta=3.521575903999974
---Extracted values delta=65.33672549300013
Running block of size 6...
---Preparing executables
---Running executables, 24 in batch, delta=8.706729773999996
---Extracting values delta=2.0090587060001326
---Extracted values delta=27.09943996800007
5  :--------------------------------
current: -4.142+/-0.062  params:  [0.42  0.55  0.473 0.629]  grad:  [-0.154  0.063  0.082  0.403]  gamma_k: 0.2040  delta_k: 0.5216
Running block of size 20...
---Preparing executables
---Running executables, 80 in batch, delta=22.824812245999965
---Extracting values delta=4.062911077000081
---Extracted values delta=64.62271034499986
Running block of size 20...
---Preparing executables
---Running executables, 80 in batch, delta=21.69212355500008
---Extracting values delta=3.378007949999983
---Extracted values delta=65.74280922499997
Running block of size 6...
---Preparing executables
---Running executables, 24 in batch, delta=7.064516721000018
---Extracting values delta=1.6876602590000402
---Extracted values delta=27.729200194999976
6  :--------------------------------
current: -4.117+/-0.074  params:  [0.394 0.483 0.508 0.615]  grad:  [ 0.14   0.356 -0.188  0.077]  gamma_k: 0.1860  delta_k: 0.5100
Running block of size 20...
---Preparing executables
---Running executables, 80 in batch, delta=22.64698432
---Extracting values delta=3.9167827239998587
---Extracted values delta=62.27892058800012
Running block of size 20...
---Preparing executables
---Running executables, 80 in batch, delta=21.67012104100013
---Extracting values delta=3.5726999270000306
---Extracted values delta=66.079382269
Running block of size 6...
---Preparing executables
---Running executables, 24 in batch, delta=6.449582871999837
---Extracting values delta=1.6837220730001263
---Extracted values delta=25.583250562000103
7  :--------------------------------
current: -4.201+/-0.065  params:  [0.393 0.377 0.515 0.655]  grad:  [ 0.009  0.617 -0.039 -0.23 ]  gamma_k: 0.1716  delta_k: 0.5007
Running block of size 20...
---Preparing executables
---Running executables, 80 in batch, delta=22.216140392999932
---Extracting values delta=4.45416284099997
---Extracted values delta=62.63920979800014
Running block of size 20...
---Preparing executables
---Running executables, 80 in batch, delta=21.70564195299994
---Extracting values delta=3.1822388059999867
---Extracted values delta=66.48685088899992
Running block of size 6...
---Preparing executables
---Running executables, 24 in batch, delta=7.026342452000108
---Extracting values delta=2.9672548410001127
---Extracted values delta=24.948782232999974
8  :--------------------------------
current: -4.269+/-0.063  params:  [0.421 0.377 0.543 0.613]  grad:  [-0.177  0.004 -0.176  0.262]  gamma_k: 0.1598  delta_k: 0.4929
Running block of size 20...
---Preparing executables
---Running executables, 80 in batch, delta=32.68960493199984
---Extracting values delta=3.7844357100002526
---Extracted values delta=63.58794415900002
Running block of size 20...
---Preparing executables
---Running executables, 80 in batch, delta=23.37503658100013
---Extracting values delta=3.274983346999761
---Extracted values delta=63.60856871700025
Running block of size 6...
---Preparing executables
---Running executables, 24 in batch, delta=6.667662071999985
---Extracting values delta=1.70503011899973
---Extracted values delta=25.732279194000057
9  :--------------------------------
current: -4.329+/-0.059  params:  [0.466 0.402 0.532 0.561]  grad:  [-0.297 -0.166  0.07   0.343]  gamma_k: 0.1500  delta_k: 0.4863
Running block of size 20...
---Preparing executables
---Running executables, 80 in batch, delta=23.77070833400012
---Extracting values delta=4.431588525999814
---Extracted values delta=63.24222259199996
Running block of size 20...
---Preparing executables
---Running executables, 80 in batch, delta=22.99897849099989
---Extracting values delta=3.4845502600001055
---Extracted values delta=66.6186602759999
Running block of size 6...
---Preparing executables
---Running executables, 24 in batch, delta=7.344861502000185
---Extracting values delta=1.755770264000148
---Extracted values delta=27.073928564000198
10  :--------------------------------
current: -4.335+/-0.056  params:  [0.465 0.392 0.536 0.484]  grad:  [ 0.007  0.068 -0.024  0.544]  gamma_k: 0.1417  delta_k: 0.4806
Running block of size 20...
---Preparing executables
---Running executables, 80 in batch, delta=22.5698459690002
---Extracting values delta=3.492724119000286
---Extracted values delta=62.15669488799995
Running block of size 20...
---Preparing executables
---Running executables, 80 in batch, delta=23.194982894000077
---Extracting values delta=4.037168215999827
---Extracted values delta=64.719780377
Running block of size 6...
---Preparing executables
---Running executables, 24 in batch, delta=6.830661894000059
---Extracting values delta=1.864875154999936
---Extracted values delta=25.426779525000256
11  :--------------------------------
current: -4.175+/-0.058  params:  [0.475 0.418 0.532 0.495]  grad:  [-0.077 -0.197  0.026 -0.08 ]  gamma_k: 0.1344  delta_k: 0.4755
Running block of size 20...
---Preparing executables
---Running executables, 80 in batch, delta=23.277857543999744
---Extracting values delta=3.3984153619999233
---Extracted values delta=62.08470685400016
Running block of size 20...
---Preparing executables
---Running executables, 80 in batch, delta=22.03049804899956
---Extracting values delta=3.893177761000061
---Extracted values delta=65.61421188999975
Running block of size 6...
---Preparing executables
---Running executables, 24 in batch, delta=6.968445513000006
---Extracting values delta=1.7032426139999188
---Extracted values delta=24.764117054000053
12  :--------------------------------
current: -4.136+/-0.059  params:  [0.466 0.428 0.496 0.466]  grad:  [ 0.069 -0.077  0.281  0.228]  gamma_k: 0.1281  delta_k: 0.4709
Running block of size 20...
---Preparing executables
---Running executables, 80 in batch, delta=22.370305717000065
---Extracting values delta=4.414720610000131
---Extracted values delta=62.20326801200008
Running block of size 20...
---Preparing executables
---Running executables, 80 in batch, delta=21.686002021999684
---Extracting values delta=3.2991837620002116
---Extracted values delta=65.54780213999993
Running block of size 6...
---Preparing executables
---Running executables, 24 in batch, delta=6.938305083999694
---Extracting values delta=1.8506219870000677
---Extracted values delta=25.463907201999973
13  :--------------------------------
current: -4.248+/-0.056  params:  [0.482 0.433 0.498 0.426]  grad:  [-0.131 -0.039 -0.018  0.325]  gamma_k: 0.1225  delta_k: 0.4668
Running block of size 20...
---Preparing executables
---Running executables, 80 in batch, delta=21.965702236000197
---Extracting values delta=2.82790513000009
---Extracted values delta=62.06953236199979
Running block of size 20...
---Preparing executables
---Running executables, 80 in batch, delta=21.706290243999774
---Extracting values delta=3.3615017629999784
---Extracted values delta=67.38122023699998
Running block of size 6...
---Preparing executables
---Running executables, 24 in batch, delta=7.172476906000156
---Extracting values delta=1.7106337940003868
---Extracted values delta=25.961220537999907
14  :--------------------------------
current: -4.280+/-0.058  params:  [0.481 0.459 0.491 0.409]  grad:  [ 0.008 -0.224  0.06   0.141]  gamma_k: 0.1175  delta_k: 0.4631
Running block of size 20...
---Preparing executables
---Running executables, 80 in batch, delta=23.178097150000212
---Extracting values delta=3.8997521390001566
---Extracted values delta=62.66614257499987
Running block of size 20...
---Preparing executables
---Running executables, 80 in batch, delta=24.1356418700002
---Extracting values delta=3.4513291950001985
---Extracted values delta=65.06615032700029
Running block of size 6...
---Preparing executables
---Running executables, 24 in batch, delta=6.962347482000041
---Extracting values delta=2.071634797000115
---Extracted values delta=46.43423129100029
15  :--------------------------------
current: -4.245+/-0.057  params:  [0.479 0.445 0.455 0.374]  grad:  [0.016 0.129 0.323 0.315]  gamma_k: 0.1131  delta_k: 0.4596
***-4.25+/-0.06 1632131709.762797
---VQE complete: delta 3067.5519931599997
Data collected can be found at experiments/4x2_mgd_zz_x_U_4_nocc_4_d_1-0920-100359/2x4
