{'theta': True, 'zeta': True, 'chi': False, 'gamma': True, 'phi': True, 'time': None}
{'theta': False, 'zeta': False, 'chi': False, 'gamma': False, 'phi': False, 'time': None}
Start at: (3, 2), with dr
Using qubits [cirq.GridQubit(3, 2), cirq.GridQubit(4, 2), cirq.GridQubit(4, 3), cirq.GridQubit(5, 3), cirq.GridQubit(5, 4), cirq.GridQubit(6, 4), cirq.GridQubit(6, 5), cirq.GridQubit(7, 5), cirq.GridQubit(4, 1), cirq.GridQubit(5, 1), cirq.GridQubit(5, 2), cirq.GridQubit(6, 2), cirq.GridQubit(6, 3), cirq.GridQubit(7, 3), cirq.GridQubit(7, 4), cirq.GridQubit(8, 4)]
Using qubits, JW:[cirq.GridQubit(3, 2), cirq.GridQubit(4, 2), cirq.GridQubit(4, 3), cirq.GridQubit(5, 3), cirq.GridQubit(5, 4), cirq.GridQubit(6, 4), cirq.GridQubit(6, 5), cirq.GridQubit(7, 5), cirq.GridQubit(4, 1), cirq.GridQubit(5, 1), cirq.GridQubit(5, 2), cirq.GridQubit(6, 2), cirq.GridQubit(6, 3), cirq.GridQubit(7, 3), cirq.GridQubit(7, 4), cirq.GridQubit(8, 4)]
Meas types ['onsite0', 'horiz0', 'vert02', 'vert12']
Prepped onsite, pairs=[(0, 8), (1, 9), (2, 10), (3, 11), (4, 12), (5, 13), (6, 14), (7, 15)]
Prepped horiz, pairs=[(0, 1), (2, 3), (4, 5), (6, 7), (8, 9), (10, 11), (12, 13), (14, 15)]
Prepped vert0, pairs=[(1, 2), (3, 4), (5, 6), (9, 10), (11, 12), (13, 14)]
Prepped vert1, pairs=[(1, 2), (3, 4), (5, 6), (9, 10), (11, 12), (13, 14)]
Set recompilation to False
Got pairs set [(3, 4), (4, 12), (12, 13), (5, 13), (8, 9), (0, 8), (1, 9), (13, 14), (6, 14), (4, 5), (5, 6), (14, 15), (0, 1), (9, 10), (10, 11), (1, 2), (2, 10), (6, 7), (7, 15), (3, 11), (2, 3), (11, 12)]
---Starting to do calibration: delta 0.05905723799878615
---Starting to set up measurements: delta 0.481716274000064
---Starting to run VQE: delta 1.6211905420022958
No optimisation, save file is experiments/cba42d972aa549c3841285e42a8c5e97-0910-164437/2x4/processed/processed.json
parameters.json
---Preparing executables
---Running executables, 68 in batch, delta=17.70188145800057
---Extracting values delta=24.08714848800082
---Extracted values delta=0.6225355919996218
===-3.794914960861206 -4.15818578004837 -4.404407501220703 -4.514728546142578 -4.559911370277405 -4.562420517206192 -4.609999030828476 -4.648262798786163 -4.665681093931198 -4.675407946109772 -4.681339383125305 -4.681973844766617 -4.689921945333481 -4.694941431283951 -4.685458272695541 -4.683150589466095 -4.690471827983856 1631288722.3836262
Computed energies [-3.794914960861206, -4.15818578004837, -4.404407501220703, -4.514728546142578, -4.559911370277405, -4.562420517206192, -4.609999030828476, -4.648262798786163, -4.665681093931198, -4.675407946109772, -4.681339383125305, -4.681973844766617, -4.689921945333481, -4.694941431283951, -4.685458272695541, -4.683150589466095, -4.690471827983856], params [[[[1.0, 1.0, 1.0, 1.0]]], [[[0.7230406594109392, 0.9790032820213325, 0.9633438456846019, 1.0006708202346624]]], [[[0.51177446930847, 0.947345567126249, 0.9857652986114143, 0.8571478403610548]]], [[[0.426592134218955, 0.9453949008777448, 0.8811327977954319, 0.7901906575586022]]], [[[0.3954313948432562, 0.9108742561001347, 0.8065652006669966, 0.7861953579750368]]], [[[0.4055357464957429, 0.8291120703471916, 0.8289129955087852, 0.8015839733787689]]], [[[0.3768420646850518, 0.7789556127260575, 0.8051802886020882, 0.7446506953115736]]], [[[0.32736520259089685, 0.7685649871957423, 0.7300614216996036, 0.7312550917378345]]], [[[0.27091108151891, 0.7627868700937711, 0.7124983487015566, 0.7080567354853088]]], [[[0.2364637329529671, 0.7461563973590428, 0.680266942689876, 0.7015163765945898]]], [[[0.24695829494577526, 0.7383064742837618, 0.7116558980281581, 0.6602900776164137]]], [[[0.2495033197430871, 0.7352798514690684, 0.7197676041115444, 0.6527695251612149]]], [[[0.2611422795039572, 0.7358724011727868, 0.6755281525959015, 0.6561483145619802]]], [[[0.27408761610522203, 0.7502389947651377, 0.6653010735963922, 0.6325124956332834]]], [[[0.30568259144647997, 0.7446623226150221, 0.6913726992723402, 0.6522096552723692]]], [[[0.2966517215671577, 0.7368538728234834, 0.6868540352280493, 0.6735824717131496]]], [[[0.2949801717827805, 0.7597866980814693, 0.671983205099393, 0.6378316196626834]]]]
***[-3.79491496 -4.15818578 -4.4044075  -4.51472855 -4.55991137 -4.56242052
 -4.60999903 -4.6482628  -4.66568109 -4.67540795 -4.68133938 -4.68197384
 -4.68992195 -4.69494143 -4.68545827 -4.68315059 -4.69047183] 1631288722.3860826
---VQE complete: delta 42.419810037998104
Data collected can be found at experiments/cba42d972aa549c3841285e42a8c5e97-0910-164437/2x4
