{'theta': True, 'zeta': True, 'chi': False, 'gamma': True, 'phi': True, 'time': None}
{'theta': False, 'zeta': False, 'chi': False, 'gamma': False, 'phi': False, 'time': None}
                  (3, 2)
                  │
                  │
         (4, 1)───(4, 2)───(4, 3)
         │        │        │
         │        │        │
(5, 0)───(5, 1)───(5, 2)───(5, 3)───(5, 4)
         │        │        │        │
         │        │        │        │
         (6, 1)───(6, 2)───(6, 3)───(6, 4)───(6, 5)
                  │        │        │        │
                  │        │        │        │
                  (7, 2)───(7, 3)───(7, 4)───(7, 5)───(7, 6)
                           │        │        │
                           │        │        │
                           (8, 3)───(8, 4)───(8, 5)
                                    │
                                    │
                                    (9, 4)
Start at: (3, 2), with dr
Using qubits [cirq.GridQubit(3, 2), cirq.GridQubit(4, 2), cirq.GridQubit(4, 3), cirq.GridQubit(5, 3), cirq.GridQubit(5, 4), cirq.GridQubit(6, 4), cirq.GridQubit(6, 5), cirq.GridQubit(7, 5), cirq.GridQubit(4, 1), cirq.GridQubit(5, 1), cirq.GridQubit(5, 2), cirq.GridQubit(6, 2), cirq.GridQubit(6, 3), cirq.GridQubit(7, 3), cirq.GridQubit(7, 4), cirq.GridQubit(8, 4)]
Using qubits, JW:[cirq.GridQubit(3, 2), cirq.GridQubit(4, 2), cirq.GridQubit(4, 3), cirq.GridQubit(5, 3), cirq.GridQubit(5, 4), cirq.GridQubit(6, 4), cirq.GridQubit(6, 5), cirq.GridQubit(7, 5), cirq.GridQubit(4, 1), cirq.GridQubit(5, 1), cirq.GridQubit(5, 2), cirq.GridQubit(6, 2), cirq.GridQubit(6, 3), cirq.GridQubit(7, 3), cirq.GridQubit(7, 4), cirq.GridQubit(8, 4)]
                  [31m(3, 2)[0m
                  │
                  │
         [35m(4, 1)[0m───[31m(4, 2)[0m───[31m(4, 3)[0m
         │        │        │
         │        │        │
(5, 0)───[35m(5, 1)[0m───[35m(5, 2)[0m───[31m(5, 3)[0m───[31m(5, 4)[0m
         │        │        │        │
         │        │        │        │
         (6, 1)───[35m(6, 2)[0m───[35m(6, 3)[0m───[31m(6, 4)[0m───[31m(6, 5)[0m
                  │        │        │        │
                  │        │        │        │
                  (7, 2)───[35m(7, 3)[0m───[35m(7, 4)[0m───[31m(7, 5)[0m───(7, 6)
                           │        │        │
                           │        │        │
                           (8, 3)───[35m(8, 4)[0m───(8, 5)
                                    │
                                    │
                                    (9, 4)
None
Meas types ['onsite0', 'horiz0', 'vert02', 'vert12']
Prepped onsite, pairs=[(0, 8), (1, 9), (2, 10), (3, 11), (4, 12), (5, 13), (6, 14), (7, 15)]
Prepped horiz, pairs=[(0, 1), (2, 3), (4, 5), (6, 7), (8, 9), (10, 11), (12, 13), (14, 15)]
Prepped vert0, pairs=[(1, 2), (3, 4), (5, 6), (9, 10), (11, 12), (13, 14)]
Prepped vert1, pairs=[(1, 2), (3, 4), (5, 6), (9, 10), (11, 12), (13, 14)]
Set recompilation to False
Got pairs set [(10, 11), (5, 6), (3, 11), (5, 13), (8, 9), (4, 12), (6, 14), (1, 2), (6, 7), (7, 15), (12, 13), (4, 5), (2, 10), (9, 10), (2, 3), (1, 9), (14, 15), (0, 8), (11, 12), (0, 1), (13, 14), (3, 4)]
---Starting to do calibration: delta 3.3911203100000007
---Starting to set up measurements: delta 0.8194470870000004
---Starting to run VQE: delta 2.0978789100000004
No optimisation, save file is experiments/4x2_single_U_8_nocc_12_d_1-0919-235101/2x4/processed/processed.json
Given params: [[[[[0.723, 0.474, 0.549, 0.253]]], [[[-0.723, -0.474, -0.549, -0.253]]], [[[0, 0.474, 0.549, 0.253]]], [[[0, -0.474, -0.549, -0.253]]]]]
---Preparing executables
---Running executables, 16 in batch, delta=7.891278378000001
---Extracting values delta=2.4628722589999974
---Extracted values delta=72.52710419200001
===28.92335008527035 28.487769244734338 29.609458433974183 30.130011914320665 1632091951.03175
Computed energies [28.705559665002344], params [[[[0.723, 0.474, 0.549, 0.253]]], [[[-0.723, -0.474, -0.549, -0.253]]], [[[0, 0.474, 0.549, 0.253]]], [[[0, -0.474, -0.549, -0.253]]]]
***28.705559665002344 1632091951.033717
---VQE complete: delta 82.88813538299999
---Starting TFLO
Using saved points
Using params [[[0, 4.71239, 0, 0]], [[0, 0, 0, 1.5708]], [[0, 3.14159, 4.71239, 0.785398]], [[0, 1.5708, 0.785398, 3.14159]], [[0, 3.14159, 3.14159, 1.5708]], [[0, 0.785398, 0, 3.92699]], [[0, 0, 0, 4.71239]], [[0, 3.14159, 5.49779, 3.92699]], [[0, 1.5708, 4.71239, 3.14159]], [[0, 0, 1.5708, 4.71239]], [[0, 1.5708, 4.71239, 3.92699]], [[0, 3.14159, 1.5708, 5.49779]], [[0, 3.14159, 3.14159, 3.92699]], [[0, 5.49779, 2.35619, 4.71239]], [[0, 2.35619, 3.92699, 4.71239]], [[0, 5.49779, 3.92699, 5.49779]], [[0, 0.474, 0.549, 0.253]], [[0.723, 0.474, 0.549, 0.253]], [[0, -4.71239, 0, 0]], [[0, 0, 0, -1.5708]], [[0, -3.14159, -4.71239, -0.785398]], [[0, -1.5708, -0.785398, -3.14159]], [[0, -3.14159, -3.14159, -1.5708]], [[0, -0.785398, 0, -3.92699]], [[0, 0, 0, -4.71239]], [[0, -3.14159, -5.49779, -3.92699]], [[0, -1.5708, -4.71239, -3.14159]], [[0, 0, -1.5708, -4.71239]], [[0, -1.5708, -4.71239, -3.92699]], [[0, -3.14159, -1.5708, -5.49779]], [[0, -3.14159, -3.14159, -3.92699]], [[0, -5.49779, -2.35619, -4.71239]], [[0, -2.35619, -3.92699, -4.71239]], [[0, -5.49779, -3.92699, -5.49779]], [[0, -0.474, -0.549, -0.253]], [[-0.723, -0.474, -0.549, -0.253]]]
---Preparing executables
---Running executables, 144 in batch, delta=71.59447654599998
---Extracting values delta=8.189544141999988
---Extracted values delta=143.442446584
---Time for noisy calculation: 223.251523529
***TFLON: 29.77844495775425,30.45510923027302,31.07763302297773,32.63847516813282,32.51250553911188,33.04387151896692,34.33044942697341,34.9360800058852,35.64622714282494,36.4437815968391,36.97851398466827,38.045843664452875,38.65825819008594,38.884440679843046,40.29400020010745,41.27870161712005,29.647361209120632,29.030917988481228,29.791933053801372,30.5000683294632,31.57687402624337,32.56914493157163,32.78673599777885,34.39267767804533,34.52402357567104,35.045768586278236,36.08463271598765,36.508518287540795,37.251560260865965,37.90502688819385,38.60584859046222,38.34638599832542,39.64190517267968,40.8281860224805,30.28847538520102,28.5290540771241 1632092177.187079
Noisy energies by type: {'onsite0': array([35.9858156 , 35.7656954 , 36.04840011, 36.30036021, 36.11774065,
       35.5839822 , 35.95894591, 36.12429073, 35.89035088, 36.06632361,
       35.93145384, 36.2095387 , 36.11134904, 36.25496774, 36.26926196,
       36.35595106, 35.70838117, 33.97014925, 35.9966805 , 35.89749563,
       36.33101852, 35.7035266 , 35.87017348, 36.61146497, 35.94607978,
       36.0704946 , 36.08678501, 35.94607978, 35.96477711, 36.08649912,
       35.97603424, 35.75306014, 35.65574681, 35.60833993, 36.34527305,
       34.19100237]), 'horiz0': array([-3.09516041, -2.84787545, -2.98068608, -2.44548287, -2.08042152,
       -2.94131252, -2.95207292, -2.48464356, -1.47156806, -0.44400786,
       -1.0266591 , -0.13239602,  0.95193109,  1.13282356,  1.22047702,
        1.79036496, -2.92914439, -2.33669158, -3.00716418, -2.9443734 ,
       -2.80414887, -2.28686994, -1.90625964, -2.85450062, -2.88245823,
       -2.38146487, -1.23272298, -0.57377548, -0.68973892, -0.27162912,
        1.14169023,  1.1062482 ,  1.33664905,  2.05992509, -2.94658945,
       -2.89848812]), 'vert02': array([-1.63469225, -1.39804196, -1.07067992, -0.07186123, -0.68566986,
        0.22047894,  0.57823862,  0.47693598,  0.1967618 ,  0.92771787,
        0.70753958,  1.12305732,  0.79715395,  1.01352054,  1.27062347,
        1.53408158, -1.62530266, -1.4       , -1.49985743, -1.22428331,
       -1.09338169, -0.03979426, -0.60342824,  0.29484095,  0.68137125,
        0.44152613,  0.12236879,  1.03128314,  0.57646095,  1.16760563,
        0.74781897,  1.1266055 ,  1.10145333,  1.45466389, -1.59577589,
       -1.51820513]), 'vert12': array([-1.47751799, -1.06466877, -0.91940108, -1.14454094, -0.83914373,
        0.18072289,  0.74533782,  0.81949686,  1.03068253, -0.10625202,
        1.36617967,  0.84564365,  0.79782412,  0.48312883,  1.53363775,
        1.59830402, -1.50657291, -1.20253968, -1.69772584, -1.2287706 ,
       -0.85661393, -0.80771746, -0.5737496 ,  0.34087237,  0.77903078,
        0.91521273,  1.10820189,  0.10493085,  1.40006112,  0.92255125,
        0.74030515,  0.36047215,  1.54805599,  1.70525711, -1.51443233,
       -1.24525504])}
Using saved exact energies
Data collected can be found at experiments/4x2_single_U_8_nocc_12_d_1-0919-235101/2x4
