{'theta': True, 'zeta': True, 'chi': False, 'gamma': True, 'phi': True, 'time': None}
{'theta': False, 'zeta': False, 'chi': False, 'gamma': False, 'phi': False, 'time': None}
                  (3, 2)
                  │
                  │
         (4, 1)───(4, 2)───(4, 3)
         │        │        │
         │        │        │
(5, 0)───(5, 1)───(5, 2)───(5, 3)───(5, 4)
         │        │        │        │
         │        │        │        │
         (6, 1)───(6, 2)───(6, 3)───(6, 4)───(6, 5)
                  │        │        │        │
                  │        │        │        │
                  (7, 2)───(7, 3)───(7, 4)───(7, 5)───(7, 6)
                           │        │        │
                           │        │        │
                           (8, 3)───(8, 4)───(8, 5)
                                    │
                                    │
                                    (9, 4)
Start at: (3, 2), with dr
Using qubits [cirq.GridQubit(3, 2), cirq.GridQubit(4, 2), cirq.GridQubit(4, 3), cirq.GridQubit(5, 3), cirq.GridQubit(5, 4), cirq.GridQubit(6, 4), cirq.GridQubit(6, 5), cirq.GridQubit(7, 5), cirq.GridQubit(4, 1), cirq.GridQubit(5, 1), cirq.GridQubit(5, 2), cirq.GridQubit(6, 2), cirq.GridQubit(6, 3), cirq.GridQubit(7, 3), cirq.GridQubit(7, 4), cirq.GridQubit(8, 4)]
Using qubits, JW:[cirq.GridQubit(3, 2), cirq.GridQubit(4, 2), cirq.GridQubit(4, 3), cirq.GridQubit(5, 3), cirq.GridQubit(5, 4), cirq.GridQubit(6, 4), cirq.GridQubit(6, 5), cirq.GridQubit(7, 5), cirq.GridQubit(4, 1), cirq.GridQubit(5, 1), cirq.GridQubit(5, 2), cirq.GridQubit(6, 2), cirq.GridQubit(6, 3), cirq.GridQubit(7, 3), cirq.GridQubit(7, 4), cirq.GridQubit(8, 4)]
                  [31m(3, 2)[0m
                  │
                  │
         [35m(4, 1)[0m───[31m(4, 2)[0m───[31m(4, 3)[0m
         │        │        │
         │        │        │
(5, 0)───[35m(5, 1)[0m───[35m(5, 2)[0m───[31m(5, 3)[0m───[31m(5, 4)[0m
         │        │        │        │
         │        │        │        │
         (6, 1)───[35m(6, 2)[0m───[35m(6, 3)[0m───[31m(6, 4)[0m───[31m(6, 5)[0m
                  │        │        │        │
                  │        │        │        │
                  (7, 2)───[35m(7, 3)[0m───[35m(7, 4)[0m───[31m(7, 5)[0m───(7, 6)
                           │        │        │
                           │        │        │
                           (8, 3)───[35m(8, 4)[0m───(8, 5)
                                    │
                                    │
                                    (9, 4)
None
Meas types ['onsite0', 'horiz0', 'horiz1']
Prepped onsite, pairs=[(0, 8), (1, 9), (2, 10), (3, 11), (4, 12), (5, 13), (6, 14), (7, 15)]
Prepped horiz, pairs=[(0, 1), (2, 3), (4, 5), (6, 7), (8, 9), (10, 11), (12, 13), (14, 15)]
Prepped horiz, pairs=[(1, 2), (3, 4), (5, 6), (9, 10), (11, 12), (13, 14)]
Set recompilation to False
Got pairs set [(10, 11), (5, 6), (3, 11), (5, 13), (8, 9), (4, 12), (6, 14), (1, 2), (6, 7), (7, 15), (12, 13), (4, 5), (2, 10), (9, 10), (2, 3), (1, 9), (14, 15), (0, 8), (11, 12), (0, 1), (13, 14), (3, 4)]
---Starting to do calibration: delta 4.134130654
---Starting to set up measurements: delta 1.04868967
---Starting to run VQE: delta 1.9128243000000005
No optimisation, save file is experiments/8x1_single_zz_x_U_8_nocc_10_d_1-0914-211911/8x1/processed/processed.json
Given params: [[[[[0.886, 0.678, 0.565]]], [[[-0.886, -0.678, -0.565]]], [[[0, 0.678, 0.565]]], [[[0, -0.678, -0.565]]]]]
---Preparing executables
---Running executables, 12 in batch, delta=7.035082441000002
---Extracting values delta=2.195053925
---Extracted values delta=50.716342307999994
===17.157477862586724 16.453551347944714 19.071239522923534 20.644726251198577 1631650818.504521
Computed energies [16.80551460526572], params [[[[0.886, 0.678, 0.565]]], [[[-0.886, -0.678, -0.565]]], [[[0, 0.678, 0.565]]], [[[0, -0.678, -0.565]]]]
***16.80551460526572 1631650818.508498
---VQE complete: delta 59.954248086
---Starting TFLO
Using saved points
Using params [[[0, 0, 0]], [[0, 0, 0.785398]], [[0, 0.785398, 1.5708]], [[0, 1.5708, 0]], [[0, 0.785398, 2.35619]], [[0, 3.92699, 0]], [[0, 2.35619, 1.5708]], [[0, 5.49779, 1.5708]], [[0, 0.785398, 3.14159]], [[0, 0, 5.49779]], [[0, 5.49779, 4.71239]], [[0, 5.49779, 3.14159]], [[0, 4.71239, 4.71239]], [[0, 4.71239, 3.92699]], [[0, 3.92699, 2.35619]], [[0, 3.14159, 3.14159]], [[0, 0.678, 0.565]], [[0.886, 0.678, 0.565]], [[0, 0, 0]], [[0, 0, -0.785398]], [[0, -0.785398, -1.5708]], [[0, -1.5708, 0]], [[0, -0.785398, -2.35619]], [[0, -3.92699, 0]], [[0, -2.35619, -1.5708]], [[0, -5.49779, -1.5708]], [[0, -0.785398, -3.14159]], [[0, 0, -5.49779]], [[0, -5.49779, -4.71239]], [[0, -5.49779, -3.14159]], [[0, -4.71239, -4.71239]], [[0, -4.71239, -3.92699]], [[0, -3.92699, -2.35619]], [[0, -3.14159, -3.14159]], [[0, -0.678, -0.565]], [[-0.886, -0.678, -0.565]]]
---Preparing executables
---Running executables, 108 in batch, delta=66.05251300399999
---Extracting values delta=6.669129452999982
---Extracted values delta=110.394871825
---Time for noisy calculation: 183.134289131
***TFLON: 19.743333290143212,20.14192582930388,19.561265728609637,20.54594553963343,20.29795645891253,20.64481609839164,22.453273689357207,22.947985976794403,21.805138680752158,24.132953184390303,25.325217517578015,25.582570240145895,25.160808424460786,25.72748259119308,24.530138565724762,25.86314230310198,19.05408705827067,17.268178569758366,19.58476162786208,20.424888027980952,21.419810482316,20.35301302105508,22.34229710924188,22.673135854910203,21.201688775656145,22.113260563790377,23.935787394481565,23.664372092611636,23.03213511602168,22.595120050210838,24.128380081463295,24.17150070413694,25.99560384903243,25.515110682157864,20.625096896559807,16.51000750111236 1631651005.315594
Noisy energies by type: {'onsite0': array([25.52006832, 25.70723404, 25.05863564, 25.18629834, 24.64761905,
       24.41122334, 25.85836217, 26.11625356, 24.62624434, 25.61634696,
       26.31898951, 26.57406593, 25.40017905, 25.44321517, 24.23369565,
       25.27160775, 24.88664525, 20.93374833, 25.3701559 , 25.67674471,
       26.5269728 , 25.1650663 , 26.23082176, 26.36271343, 24.63360882,
       24.94798187, 26.52164061, 25.60570283, 25.06009245, 24.32582322,
       25.27935943, 24.91937951, 26.02640412, 25.17768401, 26.3900872 ,
       21.58915896]), 'horiz0': array([-3.15496689e+00, -2.95527728e+00, -3.30653021e+00, -3.40106952e+00,
       -2.15145631e+00, -3.69919931e+00, -3.25877511e+00, -9.95524146e-01,
       -6.00704935e-01,  1.14964588e+00,  1.20609579e+00,  1.16499633e+00,
        9.05926623e-01,  1.42382401e+00,  4.44549316e-01,  2.92621506e-01,
       -3.51695535e+00, -2.09559005e+00, -3.18320775e+00, -2.62335302e+00,
       -2.95513683e+00, -3.66136835e+00, -1.69953052e+00, -3.56056056e+00,
       -3.33719527e+00, -6.22729390e-01, -3.93122677e-01,  6.93089961e-01,
        1.43320965e-01,  4.81006533e-01,  1.90748689e-03,  4.48226270e-01,
        1.27351664e-01,  7.82503038e-02, -3.55028249e+00, -3.33232432e+00]), 'horiz1': array([-2.62176814, -2.61003093, -2.19083969, -1.23928328, -2.19820628,
       -0.06720794, -0.14631336, -2.17274344, -2.22040073, -2.63303965,
       -2.19986778, -2.15649203, -1.14529725, -1.13955659, -0.1481064 ,
        0.29891304, -2.31560284, -1.56997972, -2.60218652, -2.62850367,
       -2.15202549, -1.15068493, -2.18899414, -0.12901701, -0.09472477,
       -2.21199192, -2.19273054, -2.6344207 , -2.1712783 , -2.21170971,
       -1.15288684, -1.19610507, -0.15815193,  0.25917637, -2.21470781,
       -1.74682713])}
Using saved exact energies
Data collected can be found at experiments/8x1_single_zz_x_U_8_nocc_10_d_1-0914-211911/8x1
