{'theta': True, 'zeta': True, 'chi': False, 'gamma': True, 'phi': True, 'time': None}
{'theta': False, 'zeta': False, 'chi': False, 'gamma': False, 'phi': False, 'time': None}
                  (3, 2)
                  │
                  │
         (4, 1)───(4, 2)───(4, 3)
         │        │        │
         │        │        │
(5, 0)───(5, 1)───(5, 2)───(5, 3)───(5, 4)
         │        │        │        │
         │        │        │        │
         (6, 1)───(6, 2)───(6, 3)───(6, 4)───(6, 5)
                  │        │        │        │
                  │        │        │        │
                  (7, 2)───(7, 3)───(7, 4)───(7, 5)───(7, 6)
                           │        │        │
                           │        │        │
                           (8, 3)───(8, 4)───(8, 5)
                                    │
                                    │
                                    (9, 4)
Start at: (3, 2), with dr
Using qubits [cirq.GridQubit(3, 2), cirq.GridQubit(4, 2), cirq.GridQubit(4, 3), cirq.GridQubit(5, 3), cirq.GridQubit(5, 4), cirq.GridQubit(6, 4), cirq.GridQubit(6, 5), cirq.GridQubit(7, 5), cirq.GridQubit(4, 1), cirq.GridQubit(5, 1), cirq.GridQubit(5, 2), cirq.GridQubit(6, 2), cirq.GridQubit(6, 3), cirq.GridQubit(7, 3), cirq.GridQubit(7, 4), cirq.GridQubit(8, 4)]
Using qubits, JW:[cirq.GridQubit(3, 2), cirq.GridQubit(4, 2), cirq.GridQubit(4, 3), cirq.GridQubit(5, 3), cirq.GridQubit(5, 4), cirq.GridQubit(6, 4), cirq.GridQubit(6, 5), cirq.GridQubit(7, 5), cirq.GridQubit(4, 1), cirq.GridQubit(5, 1), cirq.GridQubit(5, 2), cirq.GridQubit(6, 2), cirq.GridQubit(6, 3), cirq.GridQubit(7, 3), cirq.GridQubit(7, 4), cirq.GridQubit(8, 4)]
                  [31m(3, 2)[0m
                  │
                  │
         [35m(4, 1)[0m───[31m(4, 2)[0m───[31m(4, 3)[0m
         │        │        │
         │        │        │
(5, 0)───[35m(5, 1)[0m───[35m(5, 2)[0m───[31m(5, 3)[0m───[31m(5, 4)[0m
         │        │        │        │
         │        │        │        │
         (6, 1)───[35m(6, 2)[0m───[35m(6, 3)[0m───[31m(6, 4)[0m───[31m(6, 5)[0m
                  │        │        │        │
                  │        │        │        │
                  (7, 2)───[35m(7, 3)[0m───[35m(7, 4)[0m───[31m(7, 5)[0m───(7, 6)
                           │        │        │
                           │        │        │
                           (8, 3)───[35m(8, 4)[0m───(8, 5)
                                    │
                                    │
                                    (9, 4)
None
Meas types ['onsite0', 'horiz0', 'horiz1']
Prepped onsite, pairs=[(0, 8), (1, 9), (2, 10), (3, 11), (4, 12), (5, 13), (6, 14), (7, 15)]
Prepped horiz, pairs=[(0, 1), (2, 3), (4, 5), (6, 7), (8, 9), (10, 11), (12, 13), (14, 15)]
Prepped horiz, pairs=[(1, 2), (3, 4), (5, 6), (9, 10), (11, 12), (13, 14)]
Set recompilation to False
Got pairs set [(10, 11), (5, 6), (3, 11), (5, 13), (8, 9), (4, 12), (6, 14), (1, 2), (6, 7), (7, 15), (12, 13), (4, 5), (2, 10), (9, 10), (2, 3), (1, 9), (14, 15), (0, 8), (11, 12), (0, 1), (13, 14), (3, 4)]
---Starting to do calibration: delta 3.0168638459999997
---Starting to set up measurements: delta 0.6348338239999993
---Starting to run VQE: delta 1.1442217660000011
No optimisation, save file is experiments/8x1_single_zz_x_U_8_nocc_4_d_1-0914-215328/8x1/processed/processed.json
Given params: [[[[[0.919, 0.443, 0.673]]], [[[-0.919, -0.443, -0.673]]], [[[0, 0.443, 0.673]]], [[[0, -0.443, -0.673]]]]]
---Preparing executables
---Running executables, 12 in batch, delta=4.855105348
---Extracting values delta=2.234531553
---Extracted values delta=97.409568015
===-1.9245298755817397 -2.2908814550809486 -0.5775238658142086 -0.37380868387342536 1631652917.641254
Computed energies [-2.107705665331344], params [[[[0.919, 0.443, 0.673]]], [[[-0.919, -0.443, -0.673]]], [[[0, 0.443, 0.673]]], [[[0, -0.443, -0.673]]]]
***-2.107705665331344 1631652917.643307
---VQE complete: delta 104.50438763700001
---Starting TFLO
Using saved points
Using params [[[0, 0.785398, 0.785398]], [[0, 0, 0.785398]], [[0, 4.71239, 0]], [[0, 0, 1.5708]], [[0, 2.35619, 0.785398]], [[0, 4.71239, 0.785398]], [[0, 2.35619, 1.5708]], [[0, 0.785398, 3.14159]], [[0, 5.49779, 5.49779]], [[0, 0.785398, 3.92699]], [[0, 4.71239, 4.71239]], [[0, 1.5708, 3.92699]], [[0, 3.92699, 5.49779]], [[0, 3.92699, 4.71239]], [[0, 2.35619, 4.71239]], [[0, 3.14159, 4.71239]], [[0, 0.443, 0.673]], [[0.919, 0.443, 0.673]], [[0, -0.785398, -0.785398]], [[0, 0, -0.785398]], [[0, -4.71239, 0]], [[0, 0, -1.5708]], [[0, -2.35619, -0.785398]], [[0, -4.71239, -0.785398]], [[0, -2.35619, -1.5708]], [[0, -0.785398, -3.14159]], [[0, -5.49779, -5.49779]], [[0, -0.785398, -3.92699]], [[0, -4.71239, -4.71239]], [[0, -1.5708, -3.92699]], [[0, -3.92699, -5.49779]], [[0, -3.92699, -4.71239]], [[0, -2.35619, -4.71239]], [[0, -3.14159, -4.71239]], [[0, -0.443, -0.673]], [[-0.919, -0.443, -0.673]]]
---Preparing executables
---Running executables, 108 in batch, delta=47.44108675400001
---Extracting values delta=6.431048825999994
---Extracted values delta=127.668886592
---Time for noisy calculation: 181.56234800100003
***TFLON: -0.7368022395665781,-0.2254561548979943,0.28766777978442537,-0.11978035004673293,1.350329969758195,1.3825087613063363,1.5615767215658771,0.6242256088270643,1.9916374524476979,1.5157457266428005,2.3821858357889525,2.906189236819644,2.6418787822514593,3.1544829675905035,4.230283552595119,4.265447985557618,-0.3915406523764209,-1.7521065861529492,-0.49064186130916143,-0.3088493960419978,0.6345737449103335,0.013704222685623879,0.047450804245179334,1.2805837842226095,0.7546646984938834,2.1290075767167127,2.1262258622260912,2.2638986093938067,2.736771349731407,2.4852296823662137,3.7019387040771883,3.8874509856290365,3.2111969559342946,3.9225494031042,-0.3973884447220146,-2.2915694876936197 1631653101.325164
Noisy energies by type: {'onsite0': array([4.03942029, 4.36934579, 4.36431925, 4.08918868, 4.98250951,
       4.51140502, 4.78306878, 3.87539432, 4.26189055, 3.97513656,
       3.84283513, 4.54213007, 3.66176182, 3.88341867, 4.72829552,
       4.5466541 , 4.21417323, 1.64164164, 4.20217729, 4.05651741,
       4.37994723, 3.87813757, 3.657446  , 4.05967894, 3.83565775,
       5.02612086, 4.3298259 , 4.41066974, 4.44153342, 3.97140707,
       4.84010634, 4.83518108, 3.88571429, 4.4494298 , 4.31299024,
       1.6631281 ]), 'horiz0': array([-2.53574542e+00, -2.09307051e+00, -2.55256822e+00, -1.71110662e+00,
       -2.72727273e+00, -1.58370847e+00, -2.35326902e+00, -1.09106529e+00,
       -6.18083107e-02, -2.94117647e-01,  4.08426483e-02, -6.66147254e-02,
       -1.36175497e-01,  1.51457940e-01,  3.69595817e-01,  3.24473322e-01,
       -2.26107557e+00, -1.63118117e+00, -2.53140704e+00, -1.88347107e+00,
       -2.20180029e+00, -1.39712717e+00, -2.79722279e+00, -1.25190840e+00,
       -2.27020307e+00, -7.12867103e-01, -2.42816673e-03,  1.99279203e-02,
       -1.39764997e-01, -1.20707596e-02, -2.39302036e-01, -9.89858012e-02,
        1.76923077e-01,  1.55906456e-02, -2.28629690e+00, -2.07987770e+00]), 'horiz1': array([-2.24047711, -2.50173144, -1.52408325, -2.49786242, -0.90490681,
       -1.54518779, -0.86822304, -2.16010342, -2.20844478, -2.16527319,
       -1.50149194, -1.5693261 , -0.88370754, -0.88039364, -0.86760778,
       -0.60567944, -2.34463831, -1.76256706, -2.16141212, -2.48189573,
       -1.54357319, -2.46730619, -0.81277241, -1.52718676, -0.81078998,
       -2.18424618, -2.20117188, -2.16669905, -1.56499708, -1.47410663,
       -0.8988656 , -0.84874429, -0.85144041, -0.54247104, -2.42408179,
       -1.87481988])}
Using saved exact energies
Data collected can be found at experiments/8x1_single_zz_x_U_8_nocc_4_d_1-0914-215328/8x1
