{'theta': True, 'zeta': True, 'chi': False, 'gamma': True, 'phi': True, 'time': None}
{'theta': False, 'zeta': False, 'chi': False, 'gamma': False, 'phi': False, 'time': None}
                  (3, 2)
                  │
                  │
         (4, 1)───(4, 2)───(4, 3)
         │        │        │
         │        │        │
(5, 0)───(5, 1)───(5, 2)───(5, 3)───(5, 4)
         │        │        │        │
         │        │        │        │
         (6, 1)───(6, 2)───(6, 3)───(6, 4)───(6, 5)
                  │        │        │        │
                  │        │        │        │
                  (7, 2)───(7, 3)───(7, 4)───(7, 5)───(7, 6)
                           │        │        │
                           │        │        │
                           (8, 3)───(8, 4)───(8, 5)
                                    │
                                    │
                                    (9, 4)
Start at: (3, 2), with dr
Using qubits [cirq.GridQubit(3, 2), cirq.GridQubit(4, 2), cirq.GridQubit(4, 3), cirq.GridQubit(5, 3), cirq.GridQubit(5, 4), cirq.GridQubit(6, 4), cirq.GridQubit(6, 5), cirq.GridQubit(7, 5), cirq.GridQubit(4, 1), cirq.GridQubit(5, 1), cirq.GridQubit(5, 2), cirq.GridQubit(6, 2), cirq.GridQubit(6, 3), cirq.GridQubit(7, 3), cirq.GridQubit(7, 4), cirq.GridQubit(8, 4)]
Using qubits, JW:[cirq.GridQubit(3, 2), cirq.GridQubit(4, 2), cirq.GridQubit(4, 3), cirq.GridQubit(5, 3), cirq.GridQubit(5, 4), cirq.GridQubit(6, 4), cirq.GridQubit(6, 5), cirq.GridQubit(7, 5), cirq.GridQubit(4, 1), cirq.GridQubit(5, 1), cirq.GridQubit(5, 2), cirq.GridQubit(6, 2), cirq.GridQubit(6, 3), cirq.GridQubit(7, 3), cirq.GridQubit(7, 4), cirq.GridQubit(8, 4)]
                  [31m(3, 2)[0m
                  │
                  │
         [35m(4, 1)[0m───[31m(4, 2)[0m───[31m(4, 3)[0m
         │        │        │
         │        │        │
(5, 0)───[35m(5, 1)[0m───[35m(5, 2)[0m───[31m(5, 3)[0m───[31m(5, 4)[0m
         │        │        │        │
         │        │        │        │
         (6, 1)───[35m(6, 2)[0m───[35m(6, 3)[0m───[31m(6, 4)[0m───[31m(6, 5)[0m
                  │        │        │        │
                  │        │        │        │
                  (7, 2)───[35m(7, 3)[0m───[35m(7, 4)[0m───[31m(7, 5)[0m───(7, 6)
                           │        │        │
                           │        │        │
                           (8, 3)───[35m(8, 4)[0m───(8, 5)
                                    │
                                    │
                                    (9, 4)
None
Meas types ['onsite0', 'horiz0', 'vert02', 'vert12']
Prepped onsite, pairs=[(0, 8), (1, 9), (2, 10), (3, 11), (4, 12), (5, 13), (6, 14), (7, 15)]
Prepped horiz, pairs=[(0, 1), (2, 3), (4, 5), (6, 7), (8, 9), (10, 11), (12, 13), (14, 15)]
Prepped vert0, pairs=[(1, 2), (3, 4), (5, 6), (9, 10), (11, 12), (13, 14)]
Prepped vert1, pairs=[(1, 2), (3, 4), (5, 6), (9, 10), (11, 12), (13, 14)]
Set recompilation to False
Got pairs set [(10, 11), (5, 6), (3, 11), (5, 13), (8, 9), (4, 12), (6, 14), (1, 2), (6, 7), (7, 15), (12, 13), (4, 5), (2, 10), (9, 10), (2, 3), (1, 9), (14, 15), (0, 8), (11, 12), (0, 1), (13, 14), (3, 4)]
---Starting to do calibration: delta 3.636057694
---Starting to set up measurements: delta 1.0230546379999996
---Starting to run VQE: delta 2.170280765000001
No optimisation, save file is experiments/4x2_single_U_4_nocc_4_d_1-0915-214358/2x4/processed/processed.json
Given params: [[[[[0.467, 0.481, 0.417, 0.389]]], [[[-0.467, -0.481, -0.417, -0.389]]], [[[0, 0.481, 0.417, 0.389]]], [[[0, -0.481, -0.417, -0.389]]]]]
---Preparing executables
---Running executables, 16 in batch, delta=11.380234950000002
---Extracting values delta=2.6914449649999987
---Extracted values delta=73.301283676
===-4.171160438472639 -4.566638907097122 -4.219941818418894 -4.137897809371893 1631738732.442982
Computed energies [-4.368899672784881], params [[[[0.467, 0.481, 0.417, 0.389]]], [[[-0.467, -0.481, -0.417, -0.389]]], [[[0, 0.481, 0.417, 0.389]]], [[[0, -0.481, -0.417, -0.389]]]]
***-4.368899672784881 1631738732.447788
---VQE complete: delta 87.38636135
---Starting TFLO
Using saved points
Using params [[[0, 0, 0, 0]], [[0, 0, 0, 1.5708]], [[0, 3.92699, 4.71239, 0.785398]], [[0, 3.92699, 0.785398, 3.14159]], [[0, 4.71239, 3.14159, 1.5708]], [[0, 0.785398, 0, 3.92699]], [[0, 0.785398, 0, 4.71239]], [[0, 0.785398, 5.49779, 3.92699]], [[0, 4.71239, 4.71239, 3.14159]], [[0, 3.14159, 1.5708, 4.71239]], [[0, 0, 4.71239, 3.92699]], [[0, 1.5708, 1.5708, 5.49779]], [[0, 0.785398, 3.14159, 3.92699]], [[0, 4.71239, 2.35619, 4.71239]], [[0, 1.5708, 3.92699, 4.71239]], [[0, 0, 3.92699, 5.49779]], [[0, 0.481, 0.417, 0.389]], [[0.467, 0.481, 0.417, 0.389]], [[0, 0, 0, 0]], [[0, 0, 0, -1.5708]], [[0, -3.92699, -4.71239, -0.785398]], [[0, -3.92699, -0.785398, -3.14159]], [[0, -4.71239, -3.14159, -1.5708]], [[0, -0.785398, 0, -3.92699]], [[0, -0.785398, 0, -4.71239]], [[0, -0.785398, -5.49779, -3.92699]], [[0, -4.71239, -4.71239, -3.14159]], [[0, -3.14159, -1.5708, -4.71239]], [[0, 0, -4.71239, -3.92699]], [[0, -1.5708, -1.5708, -5.49779]], [[0, -0.785398, -3.14159, -3.92699]], [[0, -4.71239, -2.35619, -4.71239]], [[0, -1.5708, -3.92699, -4.71239]], [[0, 0, -3.92699, -5.49779]], [[0, -0.481, -0.417, -0.389]], [[-0.467, -0.481, -0.417, -0.389]]]
---Preparing executables
---Running executables, 144 in batch, delta=82.838893969
---Extracting values delta=11.509346827999991
---Extracted values delta=144.29974944900002
---Time for noisy calculation: 238.681901149
***TFLON: -4.311566389423842,-3.4132012226022375,-2.724175524088539,-1.7485792221589975,-1.546921531677988,-0.9176972456880818,-0.13216300414636784,0.4752007536023956,1.5719725057994163,2.5099522031082078,2.9683485053537915,3.7870159870666007,4.275445153678177,4.763822021912487,6.08862229336885,6.749585864030473,-4.176781235929079,-4.291455164311717,-4.13863296994542,-3.5021579032470904,-2.5817713704415355,-1.5313783759087285,-1.2844159284190986,-0.4590738783222393,0.4542611884801354,1.0270407527501204,1.7057898708717305,2.3641481619555793,2.8582289530217904,3.7323239979083485,4.853220864296714,4.769925842807498,5.880040028525977,6.806584259840352,-4.047677057457269,-4.562823843881907 1631738974.620482
Noisy energies by type: {'onsite0': array([1.95609962, 1.97588322, 1.95387492, 1.91576314, 2.16203144,
       1.85871141, 1.84076563, 1.79728857, 2.1096801 , 1.89586919,
       2.03420654, 2.08603965, 1.7845767 , 2.14660115, 2.15606341,
       1.92608326, 1.9335101 , 1.2154195 , 2.01722234, 2.02226981,
       2.17274939, 2.10674723, 2.00205804, 2.23783326, 2.28669381,
       2.28619742, 2.00933631, 2.05882353, 1.90472487, 2.13300186,
       2.32961783, 2.07927333, 1.93063344, 2.04017678, 2.10913872,
       1.37046414]), 'horiz0': array([-3.00353669, -2.99220316, -2.86452804, -2.37327416, -2.15737705,
       -2.9569003 , -2.97137623, -2.25794215, -1.45707865, -0.19981668,
       -0.81279398,  0.05063858,  1.10601852,  1.25971192,  1.30552424,
        1.93324373, -2.99240987, -2.58190955, -2.97966561, -2.99410698,
       -2.78773275, -2.44877607, -1.99655024, -2.9648765 , -2.86800182,
       -2.25576141, -1.31677019, -0.60614273, -0.79177603, -0.12014909,
        1.24791209,  1.27443449,  1.44422953,  1.95751912, -2.96397629,
       -2.93840165]), 'vert02': array([-1.73920197e+00, -1.41385729e+00, -9.34831461e-01, -2.34769996e-01,
       -6.85831622e-01,  1.52104845e-01,  6.81226375e-01,  5.91949487e-04,
       -9.45378151e-02,  8.53321829e-01,  2.73773471e-01,  1.13417148e+00,
        6.14637172e-01,  9.40740741e-01,  9.92509363e-01,  1.26659772e+00,
       -1.76303518e+00, -1.63833145e+00, -1.69410799e+00, -1.26805184e+00,
       -1.23421263e+00, -1.94120100e-01, -8.11579166e-01,  2.58091115e-01,
        6.75710047e-01,  7.68442623e-02, -2.08711434e-01,  9.10756629e-01,
        2.22357476e-01,  1.22408377e+00,  6.02759473e-01,  1.03510156e+00,
        8.95820337e-01,  1.14038537e+00, -1.49139344e+00, -1.38535607e+00]), 'vert12': array([-1.52492734e+00, -9.83023993e-01, -8.78690945e-01, -1.05629820e+00,
       -8.65744299e-01,  2.83867990e-02,  3.17221223e-01,  9.35262384e-01,
        1.01390887e+00, -3.94221352e-02,  1.47316248e+00,  5.16166282e-01,
        7.70212766e-01,  4.16768218e-01,  1.63452528e+00,  1.62366115e+00,
       -1.35484628e+00, -1.28663366e+00, -1.48208172e+00, -1.26226889e+00,
       -7.32575383e-01, -9.95229441e-01, -4.78344562e-01,  9.87824489e-03,
        3.59859155e-01,  9.19760479e-01,  1.22193518e+00,  7.10732054e-04,
        1.52292264e+00,  4.95387454e-01,  6.72931469e-01,  3.81116471e-01,
        1.60935673e+00,  1.66850299e+00, -1.70144605e+00, -1.60953026e+00])}
Using saved exact energies
Data collected can be found at experiments/4x2_single_U_4_nocc_4_d_1-0915-214358/2x4
