{'theta': True, 'zeta': True, 'chi': False, 'gamma': True, 'phi': True, 'time': None}
{'theta': False, 'zeta': False, 'chi': False, 'gamma': False, 'phi': False, 'time': None}
Start at: (3, 2), with dr
Using qubits [cirq.GridQubit(3, 2), cirq.GridQubit(4, 2), cirq.GridQubit(4, 3), cirq.GridQubit(5, 3), cirq.GridQubit(5, 4), cirq.GridQubit(6, 4), cirq.GridQubit(6, 5), cirq.GridQubit(7, 5), cirq.GridQubit(4, 1), cirq.GridQubit(5, 1), cirq.GridQubit(5, 2), cirq.GridQubit(6, 2), cirq.GridQubit(6, 3), cirq.GridQubit(7, 3), cirq.GridQubit(7, 4), cirq.GridQubit(8, 4)]
Using qubits, JW:[cirq.GridQubit(3, 2), cirq.GridQubit(4, 2), cirq.GridQubit(4, 3), cirq.GridQubit(5, 3), cirq.GridQubit(5, 4), cirq.GridQubit(6, 4), cirq.GridQubit(6, 5), cirq.GridQubit(7, 5), cirq.GridQubit(4, 1), cirq.GridQubit(5, 1), cirq.GridQubit(5, 2), cirq.GridQubit(6, 2), cirq.GridQubit(6, 3), cirq.GridQubit(7, 3), cirq.GridQubit(7, 4), cirq.GridQubit(8, 4)]
Meas types ['onsite0', 'horiz0', 'vert02', 'vert12']
Prepped onsite, pairs=[(0, 8), (1, 9), (2, 10), (3, 11), (4, 12), (5, 13), (6, 14), (7, 15)]
Prepped horiz, pairs=[(0, 1), (2, 3), (4, 5), (6, 7), (8, 9), (10, 11), (12, 13), (14, 15)]
Prepped vert0, pairs=[(1, 2), (3, 4), (5, 6), (9, 10), (11, 12), (13, 14)]
Prepped vert1, pairs=[(1, 2), (3, 4), (5, 6), (9, 10), (11, 12), (13, 14)]
Set recompilation to False
Got pairs set [(3, 4), (4, 12), (12, 13), (5, 13), (8, 9), (0, 8), (1, 9), (13, 14), (6, 14), (4, 5), (5, 6), (14, 15), (0, 1), (9, 10), (10, 11), (1, 2), (2, 10), (6, 7), (7, 15), (3, 11), (2, 3), (11, 12)]
---Starting to do calibration: delta 0.07598115200016764
---Starting to set up measurements: delta 0.4818811490004009
---Starting to run VQE: delta 1.6044054049998522
No optimisation, save file is experiments/9298e912067d419f86478ee1255c7797-0910-164755/2x4/processed/processed.json
parameters.json
---Preparing executables
---Running executables, 60 in batch, delta=15.987627282996982
---Extracting values delta=22.88308361899908
---Extracted values delta=0.5494175509993511
===-4.718615293502808 -6.757956624031067 -6.8497748374938965 -6.925559878349304 -6.965779542922974 -6.969931483268738 -7.017265439033508 -7.014114201068878 -7.011890769004822 -7.020454168319702 -7.021292567253113 -7.05229926109314 -7.052784323692322 -7.056131839752197 -7.055988013744354 1631288916.6115112
Computed energies [-4.718615293502808, -6.757956624031067, -6.8497748374938965, -6.925559878349304, -6.965779542922974, -6.969931483268738, -7.017265439033508, -7.014114201068878, -7.011890769004822, -7.020454168319702, -7.021292567253113, -7.05229926109314, -7.052784323692322, -7.056131839752197, -7.055988013744354], params [[[[1.0, 1.0, 1.0, 1.0]]], [[[0.30450321533811386, 0.6307281113209586, 0.5994081017061987, 0.8750722708974061]]], [[[0.33543570824171454, 0.5904610492998772, 0.6097051210078561, 0.7513863902373551]]], [[[0.3684321811131499, 0.5157292594887929, 0.6348809651483386, 0.6203883421616337]]], [[[0.3916572154769039, 0.49562819364879185, 0.5514383752092648, 0.6275088405988806]]], [[[0.487040119173534, 0.51662130937383, 0.5517568321348206, 0.6303822775690947]]], [[[0.4941218455408049, 0.5421841149257901, 0.5041108313278632, 0.5253230053488361]]], [[[0.5025060520564992, 0.5515445128604517, 0.5378732982755333, 0.48342216972834534]]], [[[0.3796722491687946, 0.5296635319861929, 0.536752573451525, 0.40427096362750403]]], [[[0.3695992650175526, 0.5061525480731353, 0.49874126779531386, 0.3573731715436737]]], [[[0.36861747462566713, 0.5470362320511998, 0.4846152611487435, 0.35968094850649085]]], [[[0.42521999458077775, 0.5118656998552303, 0.4584642371085318, 0.359140322577906]]], [[[0.4276079753882443, 0.518735656709994, 0.45525539360391687, 0.37108950609998514]]], [[[0.4402250728051519, 0.5139811465663001, 0.4161905404254675, 0.3876859939241446]]], [[[0.4665322926244965, 0.4805204828027019, 0.4174900906055932, 0.3890558419249669]]]]
***[-4.71861529 -6.75795662 -6.84977484 -6.92555988 -6.96577954 -6.96993148
 -7.01726544 -7.0141142  -7.01189077 -7.02045417 -7.02129257 -7.05229926
 -7.05278432 -7.05613184 -7.05598801] 1631288916.613761
---VQE complete: delta 39.427817449999566
Data collected can be found at experiments/9298e912067d419f86478ee1255c7797-0910-164755/2x4
