{'theta': True, 'zeta': True, 'chi': False, 'gamma': True, 'phi': True, 'time': None}
{'theta': False, 'zeta': False, 'chi': False, 'gamma': False, 'phi': False, 'time': None}
                  (3, 2)
                  │
                  │
         (4, 1)───(4, 2)───(4, 3)
         │        │        │
         │        │        │
(5, 0)───(5, 1)───(5, 2)───(5, 3)───(5, 4)
         │        │        │        │
         │        │        │        │
         (6, 1)───(6, 2)───(6, 3)───(6, 4)───(6, 5)
                  │        │        │        │
                  │        │        │        │
                  (7, 2)───(7, 3)───(7, 4)───(7, 5)───(7, 6)
                           │        │        │
                           │        │        │
                           (8, 3)───(8, 4)───(8, 5)
                                    │
                                    │
                                    (9, 4)
Start at: (3, 2), with dr
Using qubits [cirq.GridQubit(3, 2), cirq.GridQubit(4, 2), cirq.GridQubit(4, 3), cirq.GridQubit(5, 3), cirq.GridQubit(5, 4), cirq.GridQubit(6, 4), cirq.GridQubit(6, 5), cirq.GridQubit(7, 5), cirq.GridQubit(4, 1), cirq.GridQubit(5, 1), cirq.GridQubit(5, 2), cirq.GridQubit(6, 2), cirq.GridQubit(6, 3), cirq.GridQubit(7, 3), cirq.GridQubit(7, 4), cirq.GridQubit(8, 4)]
Using qubits, JW:[cirq.GridQubit(3, 2), cirq.GridQubit(4, 2), cirq.GridQubit(4, 3), cirq.GridQubit(5, 3), cirq.GridQubit(5, 4), cirq.GridQubit(6, 4), cirq.GridQubit(6, 5), cirq.GridQubit(7, 5), cirq.GridQubit(4, 1), cirq.GridQubit(5, 1), cirq.GridQubit(5, 2), cirq.GridQubit(6, 2), cirq.GridQubit(6, 3), cirq.GridQubit(7, 3), cirq.GridQubit(7, 4), cirq.GridQubit(8, 4)]
                  [31m(3, 2)[0m
                  │
                  │
         [35m(4, 1)[0m───[31m(4, 2)[0m───[31m(4, 3)[0m
         │        │        │
         │        │        │
(5, 0)───[35m(5, 1)[0m───[35m(5, 2)[0m───[31m(5, 3)[0m───[31m(5, 4)[0m
         │        │        │        │
         │        │        │        │
         (6, 1)───[35m(6, 2)[0m───[35m(6, 3)[0m───[31m(6, 4)[0m───[31m(6, 5)[0m
                  │        │        │        │
                  │        │        │        │
                  (7, 2)───[35m(7, 3)[0m───[35m(7, 4)[0m───[31m(7, 5)[0m───(7, 6)
                           │        │        │
                           │        │        │
                           (8, 3)───[35m(8, 4)[0m───(8, 5)
                                    │
                                    │
                                    (9, 4)
None
Meas types ['onsite0', 'horiz0', 'vert02', 'vert12']
Prepped onsite, pairs=[(0, 8), (1, 9), (2, 10), (3, 11), (4, 12), (5, 13), (6, 14), (7, 15)]
Prepped horiz, pairs=[(0, 1), (2, 3), (4, 5), (6, 7), (8, 9), (10, 11), (12, 13), (14, 15)]
Prepped vert0, pairs=[(1, 2), (3, 4), (5, 6), (9, 10), (11, 12), (13, 14)]
Prepped vert1, pairs=[(1, 2), (3, 4), (5, 6), (9, 10), (11, 12), (13, 14)]
Set recompilation to False
Got pairs set [(10, 11), (5, 6), (3, 11), (5, 13), (8, 9), (4, 12), (6, 14), (1, 2), (6, 7), (7, 15), (12, 13), (4, 5), (2, 10), (9, 10), (2, 3), (1, 9), (14, 15), (0, 8), (11, 12), (0, 1), (13, 14), (3, 4)]
---Starting to do calibration: delta 3.3517251340000005
---Starting to set up measurements: delta 0.8604613699999994
---Starting to run VQE: delta 2.2190549000000015
No optimisation, save file is experiments/4x2_single_U_8_nocc_8_d_1-0920-005046/2x4/processed/processed.json
Given params: [[[[[1.057, 0.594, 0.49, 0.484]]], [[[-1.057, -0.594, -0.49, -0.484]]], [[[0, 0.594, 0.49, 0.484]]], [[[0, -0.594, -0.49, -0.484]]]]]
---Preparing executables
---Running executables, 16 in batch, delta=8.413371636
---Extracting values delta=4.3363956670000015
---Extracted values delta=75.595148388
===7.752139897811069 6.1936854951767115 9.330259726337284 10.449298525568226 1632095540.83543
Computed energies [6.97291269649389], params [[[[1.057, 0.594, 0.49, 0.484]]], [[[-1.057, -0.594, -0.49, -0.484]]], [[[0, 0.594, 0.49, 0.484]]], [[[0, -0.594, -0.49, -0.484]]]]
***6.97291269649389 1632095540.837107
---VQE complete: delta 88.352000773
---Starting TFLO
Using saved points
Using params [[[0, 1.5708, 0, 0]], [[0, 3.92699, 0, 1.5708]], [[0, 3.92699, 4.71239, 0.785398]], [[0, 2.35619, 0.785398, 3.14159]], [[0, 5.49779, 3.14159, 1.5708]], [[0, 0.785398, 0, 3.92699]], [[0, 0, 0, 4.71239]], [[0, 2.35619, 5.49779, 3.92699]], [[0, 1.5708, 4.71239, 3.14159]], [[0, 0.785398, 1.5708, 4.71239]], [[0, 0, 4.71239, 3.92699]], [[0, 2.35619, 1.5708, 5.49779]], [[0, 3.14159, 3.14159, 3.92699]], [[0, 0.785398, 2.35619, 4.71239]], [[0, 1.5708, 3.92699, 4.71239]], [[0, 3.14159, 3.92699, 5.49779]], [[0, 0.594, 0.49, 0.484]], [[1.057, 0.594, 0.49, 0.484]], [[0, -1.5708, 0, 0]], [[0, -3.92699, 0, -1.5708]], [[0, -3.92699, -4.71239, -0.785398]], [[0, -2.35619, -0.785398, -3.14159]], [[0, -5.49779, -3.14159, -1.5708]], [[0, -0.785398, 0, -3.92699]], [[0, 0, 0, -4.71239]], [[0, -2.35619, -5.49779, -3.92699]], [[0, -1.5708, -4.71239, -3.14159]], [[0, -0.785398, -1.5708, -4.71239]], [[0, 0, -4.71239, -3.92699]], [[0, -2.35619, -1.5708, -5.49779]], [[0, -3.14159, -3.14159, -3.92699]], [[0, -0.785398, -2.35619, -4.71239]], [[0, -1.5708, -3.92699, -4.71239]], [[0, -3.14159, -3.92699, -5.49779]], [[0, -0.594, -0.49, -0.484]], [[-1.057, -0.594, -0.49, -0.484]]]
---Preparing executables
---Running executables, 144 in batch, delta=76.22213983900001
---Extracting values delta=9.504351681999992
---Extracted values delta=155.16751050800002
---Time for noisy calculation: 240.919566145
***TFLON: 9.937451193419554,8.792841052892367,10.060103083572885,11.079739656831997,12.327715263034024,10.427021079842794,12.236711992151005,13.448382301320663,14.449869743630813,14.394721673410968,15.313488324644497,16.522015189027815,17.733530657884565,17.32000717228602,19.16622874445716,19.665262556745375,9.290619320275335,7.600417175236669,9.743193243890781,11.344064772329508,11.58303887191536,11.648624714503676,11.417821144323193,13.65296162828129,13.620708346229248,13.648674113243864,14.908342769600655,16.27995687472142,16.588882795571,16.665230354976458,17.812427691397534,18.675208795996824,18.977029592018262,19.732909614179913,10.238661974124366,6.264486553223409 1632095784.618762
Noisy energies by type: {'onsite0': array([16.17731421, 15.48971193, 15.99828473, 16.75408389, 16.73797496,
       15.33963453, 16.26707132, 16.67184801, 16.32639038, 15.73914921,
       15.90709904, 16.5777213 , 16.37906526, 15.70297473, 16.50515238,
       16.38369305, 15.66560577, 11.3584303 , 15.92125984, 16.74630066,
       16.70553318, 15.42023783, 15.58805712, 16.95846087, 16.43645485,
       15.57894737, 15.7922758 , 16.61368466, 16.30714916, 15.80392157,
       16.2620719 , 16.81209503, 16.04672291, 16.31684864, 16.68520578,
       11.36451898]), 'horiz0': array([-2.92842536, -2.97701904, -2.86610487, -2.62218   , -2.32495812,
       -2.89520824, -2.89315673, -2.2700403 , -1.34636364, -0.48300452,
       -0.94128525, -0.22278715,  1.05936282,  1.28547894,  1.41327434,
        1.81576027, -2.91275498, -1.44881505, -2.92227034, -2.96048496,
       -2.90281271, -2.3321847 , -2.19266875, -2.93342361, -2.97690217,
       -2.30177515, -1.35004643, -0.16481564, -0.90313717,  0.04319163,
        1.12601821,  1.61167279,  1.47125375,  1.72355556, -2.99052899,
       -2.49232159]), 'vert02': array([-1.88391304, -1.943373  , -1.66111111, -1.24167226, -1.0927587 ,
       -1.09348199, -0.53516885, -1.02421562, -1.03123022,  0.12262483,
       -0.52220325,  0.41767656, -0.17339312,  0.47804878,  0.16713092,
        0.35781893, -1.91525811, -1.31564809, -1.73704032, -1.1657167 ,
       -1.32243089, -0.42979269, -0.86760324, -0.25886373,  0.05392261,
        0.08064516, -0.19376488,  0.24523397,  0.23807487,  0.40352385,
        0.40425532,  0.53920742,  0.71846513,  0.83868881, -1.72444934,
       -1.27631009]), 'vert12': array([-1.42752462, -1.77647884, -1.41096567, -1.81049197, -0.99254288,
       -0.92392322, -0.60203374,  0.07079022,  0.50107322, -0.98404786,
        0.86987779, -0.25059552,  0.4684957 , -0.14649527,  1.08067111,
        1.10799031, -1.54697337, -0.99354999, -1.51875594, -1.27603424,
       -0.8972507 , -1.00963572, -1.10996399, -0.1132119 ,  0.10723307,
        0.29085673,  0.65987828, -0.41414611,  0.94679593,  0.4145933 ,
        0.02008226, -0.28776645,  0.74058781,  0.85381661, -1.73156548,
       -1.33140074])}
Using saved exact energies
Data collected can be found at experiments/4x2_single_U_8_nocc_8_d_1-0920-005046/2x4
