{'theta': True, 'zeta': True, 'chi': False, 'gamma': True, 'phi': True, 'time': None}
{'theta': False, 'zeta': False, 'chi': False, 'gamma': False, 'phi': False, 'time': None}
                  (3, 2)
                  │
                  │
         (4, 1)───(4, 2)───(4, 3)
         │        │        │
         │        │        │
(5, 0)───(5, 1)───(5, 2)───(5, 3)───(5, 4)
         │        │        │        │
         │        │        │        │
         (6, 1)───(6, 2)───(6, 3)───(6, 4)───(6, 5)
                  │        │        │        │
                  │        │        │        │
                  (7, 2)───(7, 3)───(7, 4)───(7, 5)───(7, 6)
                           │        │        │
                           │        │        │
                           (8, 3)───(8, 4)───(8, 5)
                                    │
                                    │
                                    (9, 4)
Start at: (3, 2), with dr
Using qubits [cirq.GridQubit(3, 2), cirq.GridQubit(4, 2), cirq.GridQubit(4, 3), cirq.GridQubit(5, 3), cirq.GridQubit(5, 4), cirq.GridQubit(6, 4), cirq.GridQubit(6, 5), cirq.GridQubit(7, 5), cirq.GridQubit(4, 1), cirq.GridQubit(5, 1), cirq.GridQubit(5, 2), cirq.GridQubit(6, 2), cirq.GridQubit(6, 3), cirq.GridQubit(7, 3), cirq.GridQubit(7, 4), cirq.GridQubit(8, 4)]
Using qubits, JW:[cirq.GridQubit(3, 2), cirq.GridQubit(4, 2), cirq.GridQubit(4, 3), cirq.GridQubit(5, 3), cirq.GridQubit(5, 4), cirq.GridQubit(6, 4), cirq.GridQubit(6, 5), cirq.GridQubit(7, 5), cirq.GridQubit(4, 1), cirq.GridQubit(5, 1), cirq.GridQubit(5, 2), cirq.GridQubit(6, 2), cirq.GridQubit(6, 3), cirq.GridQubit(7, 3), cirq.GridQubit(7, 4), cirq.GridQubit(8, 4)]
                  [31m(3, 2)[0m
                  │
                  │
         [35m(4, 1)[0m───[31m(4, 2)[0m───[31m(4, 3)[0m
         │        │        │
         │        │        │
(5, 0)───[35m(5, 1)[0m───[35m(5, 2)[0m───[31m(5, 3)[0m───[31m(5, 4)[0m
         │        │        │        │
         │        │        │        │
         (6, 1)───[35m(6, 2)[0m───[35m(6, 3)[0m───[31m(6, 4)[0m───[31m(6, 5)[0m
                  │        │        │        │
                  │        │        │        │
                  (7, 2)───[35m(7, 3)[0m───[35m(7, 4)[0m───[31m(7, 5)[0m───(7, 6)
                           │        │        │
                           │        │        │
                           (8, 3)───[35m(8, 4)[0m───(8, 5)
                                    │
                                    │
                                    (9, 4)
None
Meas types ['onsite0', 'horiz0', 'horiz1']
Prepped onsite, pairs=[(0, 8), (1, 9), (2, 10), (3, 11), (4, 12), (5, 13), (6, 14), (7, 15)]
Prepped horiz, pairs=[(0, 1), (2, 3), (4, 5), (6, 7), (8, 9), (10, 11), (12, 13), (14, 15)]
Prepped horiz, pairs=[(1, 2), (3, 4), (5, 6), (9, 10), (11, 12), (13, 14)]
Set recompilation to False
Got pairs set [(10, 11), (5, 6), (3, 11), (5, 13), (8, 9), (4, 12), (6, 14), (1, 2), (6, 7), (7, 15), (12, 13), (4, 5), (2, 10), (9, 10), (2, 3), (1, 9), (14, 15), (0, 8), (11, 12), (0, 1), (13, 14), (3, 4)]
---Starting to do calibration: delta 3.759862128999999
---Starting to set up measurements: delta 1.0780125929999986
---Starting to run VQE: delta 1.897608944
Running BayesMGD: n_evals 15, nshots 1000, max_iter 50, max_evals 300
---Preparing executables
---Running executables, 3 in batch, delta=2.2349896939999994
---Extracting values delta=1.8392200919999997
---Extracted values delta=68.434455765
---Preparing executables
---Running executables, 90 in batch, delta=78.596276807
---Extracting values delta=12.088087239999993
---Extracted values delta=131.286554555
[32.50164351306805, 30.619034144427992]
2  :--------------------------------
fit_params:  [ 0.948  0.818  3.384  0.87   0.63  -1.032 -3.287  0.819 -4.031 32.167]
current: 30.619+/-1.702  params:  [0.682 0.579 0.618]  grad:  [1.611 2.13  1.934]  gamma_k: 0.1977  delta_k: 0.6000
---Preparing executables
---Running executables, 90 in batch, delta=68.20633004899997
---Extracting values delta=11.584060803
---Extracted values delta=66.89426803600003
[32.50164351306805, 30.619034144427992, 30.619034144427992, 30.557565554061522]
3  :--------------------------------
fit_params:  [ 2.663  1.943  1.312  0.306 -0.009 -0.632 -4.486 -1.756 -0.465 32.71 ]
current: 30.558+/-0.445  params:  [0.761 0.559 0.554]  grad:  [-0.514  0.131  0.412]  gamma_k: 0.1548  delta_k: 0.5594
---Preparing executables
---Running executables, 90 in batch, delta=67.24407007600001
---Extracting values delta=13.347150285999987
---Extracted values delta=68.180751633
[32.50164351306805, 30.619034144427992, 30.619034144427992, 30.557565554061522, 30.557565554061522, 30.51917138337743]
4  :--------------------------------
fit_params:  [ 2.496  0.817  2.288  0.114 -0.293  0.46  -3.91  -1.463 -2.428 33.207]
current: 30.519+/-0.278  params:  [0.801 0.541 0.531]  grad:  [-0.309  0.134  0.174]  gamma_k: 0.1302  delta_k: 0.5370
---Preparing executables
---Running executables, 90 in batch, delta=69.18638122499999
---Extracting values delta=13.187322267000013
---Extracted values delta=68.90836343299998
[32.50164351306805, 30.619034144427992, 30.619034144427992, 30.557565554061522, 30.557565554061522, 30.51917138337743, 30.51917138337743, 30.60385569467378]
5  :--------------------------------
fit_params:  [ 2.678  1.293  2.538  0.176 -0.233  0.231 -4.148 -2.074 -2.52  33.516]
current: 30.604+/-0.292  params:  [0.791 0.558 0.525]  grad:  [ 0.087 -0.147  0.052]  gamma_k: 0.1139  delta_k: 0.5216
---Preparing executables
---Running executables, 90 in batch, delta=67.415976441
---Extracting values delta=11.830192667999995
---Extracted values delta=80.26465088500004
[32.50164351306805, 30.619034144427992, 30.619034144427992, 30.557565554061522, 30.557565554061522, 30.51917138337743, 30.51917138337743, 30.60385569467378, 30.60385569467378, 30.565754427932628]
6  :--------------------------------
fit_params:  [ 2.828  1.665  2.775  0.252 -0.16   0.123 -4.302 -2.766 -2.967 33.858]
current: 30.566+/-0.259  params:  [0.762 0.597 0.542]  grad:  [ 0.287 -0.379 -0.167]  gamma_k: 0.1020  delta_k: 0.5100
---Preparing executables
---Running executables, 90 in batch, delta=68.25344447999998
---Extracting values delta=11.934165564999944
---Extracted values delta=71.6864368979999
[32.50164351306805, 30.619034144427992, 30.619034144427992, 30.557565554061522, 30.557565554061522, 30.51917138337743, 30.51917138337743, 30.60385569467378, 30.60385569467378, 30.565754427932628, 30.565754427932628, 30.542060315181956]
7  :--------------------------------
fit_params:  [ 2.894  2.051  2.704  0.309 -0.113  0.228 -4.604 -2.976 -3.16  33.948]
current: 30.542+/-0.255  params:  [0.757 0.579 0.554]  grad:  [ 0.053  0.19  -0.127]  gamma_k: 0.0930  delta_k: 0.5007
---Preparing executables
---Running executables, 90 in batch, delta=68.20055002499998
---Extracting values delta=12.931949043000031
---Extracted values delta=78.257535685
[32.50164351306805, 30.619034144427992, 30.619034144427992, 30.557565554061522, 30.557565554061522, 30.51917138337743, 30.51917138337743, 30.60385569467378, 30.60385569467378, 30.565754427932628, 30.565754427932628, 30.542060315181956, 30.542060315181956, 30.647132850750673]
8  :--------------------------------
fit_params:  [ 2.815  2.433  2.968  0.242  0.082 -0.021 -4.695 -3.189 -3.226 34.138]
current: 30.647+/-0.235  params:  [0.763 0.582 0.54 ]  grad:  [-0.062 -0.028  0.163]  gamma_k: 0.0858  delta_k: 0.4929
---Preparing executables
---Running executables, 90 in batch, delta=68.50969648699993
---Extracting values delta=12.060806234999973
---Extracted values delta=77.44737711999983
[32.50164351306805, 30.619034144427992, 30.619034144427992, 30.557565554061522, 30.557565554061522, 30.51917138337743, 30.51917138337743, 30.60385569467378, 30.60385569467378, 30.565754427932628, 30.565754427932628, 30.542060315181956, 30.542060315181956, 30.647132850750673, 30.647132850750673, 30.613676929705157]
9  :--------------------------------
fit_params:  [ 2.498  2.361  2.758  0.598  0.055  0.075 -4.987 -3.723 -3.288 34.462]
current: 30.614+/-0.245  params:  [0.796 0.58  0.551]  grad:  [-0.422  0.016 -0.136]  gamma_k: 0.0799  delta_k: 0.4863
---Preparing executables
---Running executables, 90 in batch, delta=67.11970382999993
---Extracting values delta=11.779942433000087
---Extracted values delta=71.08618902399985
[32.50164351306805, 30.619034144427992, 30.619034144427992, 30.557565554061522, 30.557565554061522, 30.51917138337743, 30.51917138337743, 30.60385569467378, 30.60385569467378, 30.565754427932628, 30.565754427932628, 30.542060315181956, 30.542060315181956, 30.647132850750673, 30.647132850750673, 30.613676929705157, 30.613676929705157, 30.77522323512093]
10  :--------------------------------
fit_params:  [ 2.651  2.782  2.92   0.673  0.331 -0.051 -5.475 -3.99  -3.443 34.565]
current: 30.775+/-0.232  params:  [0.804 0.561 0.533]  grad:  [-0.107  0.255  0.243]  gamma_k: 0.0750  delta_k: 0.4806
---Preparing executables
---Running executables, 90 in batch, delta=79.53815954299989
---Extracting values delta=12.06330903900016
---Extracted values delta=76.65744244199982
[32.50164351306805, 30.619034144427992, 30.619034144427992, 30.557565554061522, 30.557565554061522, 30.51917138337743, 30.51917138337743, 30.60385569467378, 30.60385569467378, 30.565754427932628, 30.565754427932628, 30.542060315181956, 30.542060315181956, 30.647132850750673, 30.647132850750673, 30.613676929705157, 30.613676929705157, 30.77522323512093, 30.77522323512093, 30.653029526560807]
11  :--------------------------------
fit_params:  [ 2.643  2.557  2.713  0.507  0.316  0.096 -5.048 -3.716 -3.423 34.219]
current: 30.653+/-0.226  params:  [0.797 0.556 0.527]  grad:  [0.109 0.073 0.084]  gamma_k: 0.0708  delta_k: 0.4755
***30.65+/-0.23 1630624637.761591
---VQE complete: delta 1688.5582091449999
Data collected can be found at experiments/8x1_bayesmgd_zz_x_U_8_nocc_12_d_1-0902-234902/8x1
