{'theta': True, 'zeta': True, 'chi': False, 'gamma': True, 'phi': True, 'time': None}
{'theta': False, 'zeta': False, 'chi': False, 'gamma': False, 'phi': False, 'time': None}
Start at: (3, 2), with dr
Using qubits [cirq.GridQubit(3, 2), cirq.GridQubit(4, 2), cirq.GridQubit(4, 3), cirq.GridQubit(5, 3), cirq.GridQubit(5, 4), cirq.GridQubit(6, 4), cirq.GridQubit(6, 5), cirq.GridQubit(7, 5), cirq.GridQubit(4, 1), cirq.GridQubit(5, 1), cirq.GridQubit(5, 2), cirq.GridQubit(6, 2), cirq.GridQubit(6, 3), cirq.GridQubit(7, 3), cirq.GridQubit(7, 4), cirq.GridQubit(8, 4)]
Using qubits, JW:[cirq.GridQubit(3, 2), cirq.GridQubit(4, 2), cirq.GridQubit(4, 3), cirq.GridQubit(5, 3), cirq.GridQubit(5, 4), cirq.GridQubit(6, 4), cirq.GridQubit(6, 5), cirq.GridQubit(7, 5), cirq.GridQubit(4, 1), cirq.GridQubit(5, 1), cirq.GridQubit(5, 2), cirq.GridQubit(6, 2), cirq.GridQubit(6, 3), cirq.GridQubit(7, 3), cirq.GridQubit(7, 4), cirq.GridQubit(8, 4)]
Meas types ['onsite0', 'horiz0', 'horiz1']
Prepped onsite, pairs=[(0, 8), (1, 9), (2, 10), (3, 11), (4, 12), (5, 13), (6, 14), (7, 15)]
Prepped horiz, pairs=[(0, 1), (2, 3), (4, 5), (6, 7), (8, 9), (10, 11), (12, 13), (14, 15)]
Prepped horiz, pairs=[(1, 2), (3, 4), (5, 6), (9, 10), (11, 12), (13, 14)]
Set recompilation to False
Got pairs set [(3, 4), (4, 12), (12, 13), (5, 13), (8, 9), (0, 8), (1, 9), (13, 14), (6, 14), (4, 5), (5, 6), (14, 15), (0, 1), (9, 10), (10, 11), (1, 2), (2, 10), (6, 7), (7, 15), (3, 11), (2, 3), (11, 12)]
---Starting to do calibration: delta 0.06834867000043232
---Starting to set up measurements: delta 0.659717867999916
---Starting to run VQE: delta 0.9585096549999435
No optimisation, save file is experiments/a93123b1bbfe46049b15a21ee175b40b-1211-232914/8x1/processed/processed.json
parameters.json
Given params: [[[[[1.073, 0.991, 0.977]]], [[[-1.073, -0.991, -0.977]]], [[[0, 0.991, 0.977]]], [[[0, -0.991, -0.977]]]]]
---Preparing executables
---Running executables, 12 in batch, delta=4.1115289169997595
---Extracting values delta=21.259819873000197
---Extracted values delta=5.460823354999775
===54.16029 54.16097 54.16349000000001 54.161429999999996 1639265387.154315
Computed energies [54.16063], params [[[[1.073, 0.991, 0.977]]], [[[-1.073, -0.991, -0.977]]], [[[0, 0.991, 0.977]]], [[[0, -0.991, -0.977]]]]
***54.16063 1639265387.1555562
---VQE complete: delta 30.840327260999857
---Starting TFLO
Using saved points
Using params [[[0, 0, 0]], [[0, 0, 0.785398]], [[0, 1.5708, 0.785398]], [[0, 5.49779, 0.785398]], [[0, 3.92699, 0]], [[0, 4.71239, 0.785398]], [[0, 3.14159, 0.785398]], [[0, 0, 4.71239]], [[0, 0.785398, 3.92699]], [[0, 5.49779, 3.14159]], [[0, 4.71239, 4.71239]], [[0, 1.5708, 4.71239]], [[0, 3.14159, 5.49779]], [[0, 3.92699, 4.71239]], [[0, 3.92699, 2.35619]], [[0, 3.92699, 3.92699]], [[0, 0.991, 0.977]], [[1.073, 0.991, 0.977]], [[0, 0, 0]], [[0, 0, -0.785398]], [[0, -1.5708, -0.785398]], [[0, -5.49779, -0.785398]], [[0, -3.92699, 0]], [[0, -4.71239, -0.785398]], [[0, -3.14159, -0.785398]], [[0, 0, -4.71239]], [[0, -0.785398, -3.92699]], [[0, -5.49779, -3.14159]], [[0, -4.71239, -4.71239]], [[0, -1.5708, -4.71239]], [[0, -3.14159, -5.49779]], [[0, -3.92699, -4.71239]], [[0, -3.92699, -2.35619]], [[0, -3.92699, -3.92699]], [[0, -0.991, -0.977]], [[-1.073, -0.991, -0.977]]]
---Preparing executables
---Running executables, 108 in batch, delta=33.22344529200018
---Extracting values delta=83.10743878799985
---Extracted values delta=10.078614795999783
---Time for noisy calculation: 126.42806356400024
***TFLON: 54.12024999999999,54.16440000000001,54.22579999999999,54.29395,54.37355,54.4262,54.506150000000005,54.55544999999999,54.624599999999994,54.6695,54.740500000000004,54.79534999999999,54.8551,54.92795,54.98689999999999,55.037549999999996,54.166500000000006,54.16349999999999,54.122800000000005,54.162099999999995,54.2149,54.28359999999999,54.3662,54.43925,54.5072,54.54775,54.6267,54.660399999999996,54.75130000000001,54.81055,54.861000000000004,54.89585,54.98795,55.0296,54.15894999999999,54.158750000000005 1639265515.8449469
Noisy energies by type: {'onsite0': array([56., 56., 56., 56., 56., 56., 56., 56., 56., 56., 56., 56., 56.,
       56., 56., 56., 56., 56., 56., 56., 56., 56., 56., 56., 56., 56.,
       56., 56., 56., 56., 56., 56., 56., 56., 56., 56.]), 'horiz0': array([-0.9521, -0.9125, -0.9951, -0.8232, -0.9516, -0.7888, -0.8622,
       -0.5197, -0.4935, -0.445 , -0.4818, -0.4188, -0.5121, -0.4011,
       -0.3346, -0.2839, -0.9773, -0.9777, -0.9529, -0.9159, -0.9947,
       -0.8313, -0.9534, -0.7886, -0.8641, -0.5251, -0.4936, -0.4532,
       -0.4719, -0.4166, -0.5089, -0.4214, -0.3368, -0.29  , -0.9808,
       -0.9772]), 'horiz1': array([-0.92765, -0.9231 , -0.7791 , -0.88285, -0.67485, -0.785  ,
       -0.63165, -0.92485, -0.8819 , -0.8855 , -0.7777 , -0.78585,
       -0.6328 , -0.67095, -0.6785 , -0.67855, -0.8562 , -0.8588 ,
       -0.9243 , -0.922  , -0.7904 , -0.8851 , -0.6804 , -0.77215,
       -0.6287 , -0.92715, -0.8797 , -0.8864 , -0.7768 , -0.77285,
       -0.6301 , -0.68275, -0.67525, -0.6804 , -0.86025, -0.86405])}
Using saved exact energies
Data collected can be found at experiments/a93123b1bbfe46049b15a21ee175b40b-1211-232914/8x1
