{'theta': True, 'zeta': True, 'chi': False, 'gamma': True, 'phi': True, 'time': None}
{'theta': False, 'zeta': False, 'chi': False, 'gamma': False, 'phi': False, 'time': None}
                  (3, 2)
                  │
                  │
         (4, 1)───(4, 2)───(4, 3)
         │        │        │
         │        │        │
(5, 0)───(5, 1)───(5, 2)───(5, 3)───(5, 4)
         │        │        │        │
         │        │        │        │
         (6, 1)───(6, 2)───(6, 3)───(6, 4)───(6, 5)
                  │        │        │        │
                  │        │        │        │
                  (7, 2)───(7, 3)───(7, 4)───(7, 5)───(7, 6)
                           │        │        │
                           │        │        │
                           (8, 3)───(8, 4)───(8, 5)
                                    │
                                    │
                                    (9, 4)
Start at: (3, 2), with dr
Using qubits [cirq.GridQubit(3, 2), cirq.GridQubit(4, 2), cirq.GridQubit(4, 3), cirq.GridQubit(5, 3), cirq.GridQubit(5, 4), cirq.GridQubit(6, 4), cirq.GridQubit(6, 5), cirq.GridQubit(7, 5), cirq.GridQubit(4, 1), cirq.GridQubit(5, 1), cirq.GridQubit(5, 2), cirq.GridQubit(6, 2), cirq.GridQubit(6, 3), cirq.GridQubit(7, 3), cirq.GridQubit(7, 4), cirq.GridQubit(8, 4)]
Using qubits, JW:[cirq.GridQubit(3, 2), cirq.GridQubit(4, 2), cirq.GridQubit(4, 3), cirq.GridQubit(5, 3), cirq.GridQubit(5, 4), cirq.GridQubit(6, 4), cirq.GridQubit(6, 5), cirq.GridQubit(7, 5), cirq.GridQubit(4, 1), cirq.GridQubit(5, 1), cirq.GridQubit(5, 2), cirq.GridQubit(6, 2), cirq.GridQubit(6, 3), cirq.GridQubit(7, 3), cirq.GridQubit(7, 4), cirq.GridQubit(8, 4)]
                  [31m(3, 2)[0m
                  │
                  │
         [35m(4, 1)[0m───[31m(4, 2)[0m───[31m(4, 3)[0m
         │        │        │
         │        │        │
(5, 0)───[35m(5, 1)[0m───[35m(5, 2)[0m───[31m(5, 3)[0m───[31m(5, 4)[0m
         │        │        │        │
         │        │        │        │
         (6, 1)───[35m(6, 2)[0m───[35m(6, 3)[0m───[31m(6, 4)[0m───[31m(6, 5)[0m
                  │        │        │        │
                  │        │        │        │
                  (7, 2)───[35m(7, 3)[0m───[35m(7, 4)[0m───[31m(7, 5)[0m───(7, 6)
                           │        │        │
                           │        │        │
                           (8, 3)───[35m(8, 4)[0m───(8, 5)
                                    │
                                    │
                                    (9, 4)
None
Meas types ['onsite0', 'horiz0', 'vert02', 'vert12']
Prepped onsite, pairs=[(0, 8), (1, 9), (2, 10), (3, 11), (4, 12), (5, 13), (6, 14), (7, 15)]
Prepped horiz, pairs=[(0, 1), (2, 3), (4, 5), (6, 7), (8, 9), (10, 11), (12, 13), (14, 15)]
Prepped vert0, pairs=[(1, 2), (3, 4), (5, 6), (9, 10), (11, 12), (13, 14)]
Prepped vert1, pairs=[(1, 2), (3, 4), (5, 6), (9, 10), (11, 12), (13, 14)]
Set recompilation to False
Got pairs set [(10, 11), (5, 6), (3, 11), (5, 13), (8, 9), (4, 12), (6, 14), (1, 2), (6, 7), (7, 15), (12, 13), (4, 5), (2, 10), (9, 10), (2, 3), (1, 9), (14, 15), (0, 8), (11, 12), (0, 1), (13, 14), (3, 4)]
---Starting to do calibration: delta 2.9013110409999996
---Starting to set up measurements: delta 0.9022926439999992
---Starting to run VQE: delta 2.4608208410000003
No optimisation, save file is experiments/4x2_single_U_8_nocc_7_d_1-0919-232226/2x4/processed/processed.json
Given params: [[[[[0.926, 0.539, 0.496, 0.511]]], [[[-0.926, -0.539, -0.496, -0.511]]], [[[0, 0.539, 0.496, 0.511]]], [[[0, -0.539, -0.496, -0.511]]]]]
---Preparing executables
---Running executables, 16 in batch, delta=8.728509624
---Extracting values delta=2.797255962999998
---Extracted values delta=79.63592404699999
===4.354826097690852 3.174591705473327 6.365926550153864 6.269516481086823 1632090243.8330472
Computed energies [3.7647089015820896], params [[[[0.926, 0.539, 0.496, 0.511]]], [[[-0.926, -0.539, -0.496, -0.511]]], [[[0, 0.539, 0.496, 0.511]]], [[[0, -0.539, -0.496, -0.511]]]]
***3.7647089015820896 1632090243.834856
---VQE complete: delta 91.169319014
---Starting TFLO
Using saved points
Using params [[[0, 3.14159, 0, 0]], [[0, 1.5708, 4.71239, 0]], [[0, 3.14159, 3.14159, 0]], [[0, 4.71239, 3.92699, 0.785398]], [[0, 0, 3.14159, 1.5708]], [[0, 3.92699, 3.92699, 1.5708]], [[0, 3.14159, 0, 3.92699]], [[0, 2.35619, 1.5708, 3.92699]], [[0, 1.5708, 5.49779, 3.92699]], [[0, 5.49779, 4.71239, 3.14159]], [[0, 0, 5.49779, 5.49779]], [[0, 0, 4.71239, 3.92699]], [[0, 0, 3.14159, 3.92699]], [[0, 5.49779, 4.71239, 5.49779]], [[0, 1.5708, 2.35619, 5.49779]], [[0, 0, 3.92699, 5.49779]], [[0, 0.539, 0.496, 0.511]], [[0.926, 0.539, 0.496, 0.511]], [[0, -3.14159, 0, 0]], [[0, -1.5708, -4.71239, 0]], [[0, -3.14159, -3.14159, 0]], [[0, -4.71239, -3.92699, -0.785398]], [[0, 0, -3.14159, -1.5708]], [[0, -3.92699, -3.92699, -1.5708]], [[0, -3.14159, 0, -3.92699]], [[0, -2.35619, -1.5708, -3.92699]], [[0, -1.5708, -5.49779, -3.92699]], [[0, -5.49779, -4.71239, -3.14159]], [[0, 0, -5.49779, -5.49779]], [[0, 0, -4.71239, -3.92699]], [[0, 0, -3.14159, -3.92699]], [[0, -5.49779, -4.71239, -5.49779]], [[0, -1.5708, -2.35619, -5.49779]], [[0, 0, -3.92699, -5.49779]], [[0, -0.539, -0.496, -0.511]], [[-0.926, -0.539, -0.496, -0.511]]]
---Preparing executables
---Running executables, 144 in batch, delta=76.857512568
---Extracting values delta=8.853329796999986
---Extracted values delta=150.07892896700002
---Time for noisy calculation: 235.81581893500004
***TFLON: 6.172690376157378,6.355126995620599,6.758027356698523,7.869456133901288,8.093337202064966,8.450696422429099,8.712535455734258,10.604385422549898,10.318632132209158,11.186927947850066,12.033737146036831,12.671432583545753,13.674954673668452,14.591453042278182,15.203182894620406,16.361914865559154,6.21353326935814,4.247186169091635,6.272276406591418,6.915662166680388,6.824718450665692,6.769282077007229,8.621043531542169,8.80999251732717,10.011246626889418,11.14731161249857,10.805838676055142,11.706037635611649,12.23749195957105,12.95946915629596,13.960978642971531,14.485524314182083,15.773957454479099,16.023063268282208,6.358769249740181,3.2101763749423378 1632090482.511883
Noisy energies by type: {'onsite0': array([11.92631579, 12.26654369, 12.0137457 , 12.89146941, 12.07973422,
       12.41159549, 12.15156794, 12.2553965 , 12.21080485, 12.27786464,
       12.05917421, 12.20443238, 12.12915045, 12.43644752, 11.86080586,
       12.37715803, 12.16373156,  8.58118081, 11.92393321, 12.19369169,
       11.90257104, 11.37215848, 12.26031164, 12.14202711, 12.17859547,
       12.13300158, 11.87241689, 11.88925223, 12.24856684, 12.00090559,
       12.01809136, 12.24695729, 12.2761487 , 12.19769804, 12.44550441,
        8.22374039]), 'horiz0': array([-2.23308271, -2.13670766, -2.11712159, -2.14940828, -1.47945918,
       -1.72960761, -2.23613022, -0.55243722, -1.72263597, -1.12957353,
       -1.39057083, -0.60611046,  0.88357178,  0.09976134,  1.67966706,
        1.44554689, -2.18934754, -1.39412361, -2.2235    , -2.05179283,
       -2.0897999 , -2.13322632, -1.65633803, -1.73522459, -2.0625    ,
       -0.36226231, -1.79733904, -1.21357466, -1.59245371, -0.86494584,
        0.81063678, -0.05422503,  1.67572723,  1.20952821, -2.21321321,
       -2.05524862]), 'vert02': array([-1.72346241, -1.91094092, -1.53715309, -1.53822013, -1.37887758,
       -1.38266522, -0.53846154, -0.13458494, -0.64190226, -0.79932961,
        0.48423326, -0.24804992,  0.27694438,  0.77203918,  1.03334806,
        1.1728972 , -2.22329395, -1.78624709, -1.60294118, -1.67162131,
       -1.48817408, -1.49205283, -1.00622084, -1.07306935, -0.05889119,
        0.11336122,  0.06209515, -0.09151341,  0.82528127,  0.48483497,
        0.87600357,  1.13619996,  1.07546317,  1.46063506, -1.99244087,
       -1.52263374]), 'vert12': array([-1.79708029, -1.86376812, -1.60144367, -1.33438486, -1.12806026,
       -0.84862623, -0.66444073, -0.96398892,  0.47236551,  0.83796644,
        0.88090051,  1.32116058,  0.38528807,  1.283205  ,  0.62936191,
        1.36631274, -1.5375568 , -1.15362395, -1.82521563, -1.55461538,
       -1.49987861, -0.97759724, -0.97670924, -0.52374066, -0.04595765,
       -0.73678887,  0.66866567,  1.12187347,  0.75609756,  1.33867444,
        0.25624694,  1.1565921 ,  0.74661836,  1.15520196, -1.88108108,
       -1.43568165])}
Using saved exact energies
Data collected can be found at experiments/4x2_single_U_8_nocc_7_d_1-0919-232226/2x4
