{'theta': True, 'zeta': True, 'chi': False, 'gamma': True, 'phi': True, 'time': None}
{'theta': False, 'zeta': False, 'chi': False, 'gamma': False, 'phi': False, 'time': None}
                  (3, 2)
                  │
                  │
         (4, 1)───(4, 2)───(4, 3)
         │        │        │
         │        │        │
(5, 0)───(5, 1)───(5, 2)───(5, 3)───(5, 4)
         │        │        │        │
         │        │        │        │
         (6, 1)───(6, 2)───(6, 3)───(6, 4)───(6, 5)
                  │        │        │        │
                  │        │        │        │
                  (7, 2)───(7, 3)───(7, 4)───(7, 5)───(7, 6)
                           │        │        │
                           │        │        │
                           (8, 3)───(8, 4)───(8, 5)
                                    │
                                    │
                                    (9, 4)
Start at: (3, 2), with dr
Using qubits [cirq.GridQubit(3, 2), cirq.GridQubit(4, 2), cirq.GridQubit(4, 3), cirq.GridQubit(5, 3), cirq.GridQubit(5, 4), cirq.GridQubit(6, 4), cirq.GridQubit(6, 5), cirq.GridQubit(7, 5), cirq.GridQubit(4, 1), cirq.GridQubit(5, 1), cirq.GridQubit(5, 2), cirq.GridQubit(6, 2), cirq.GridQubit(6, 3), cirq.GridQubit(7, 3), cirq.GridQubit(7, 4), cirq.GridQubit(8, 4)]
Using qubits, JW:[cirq.GridQubit(3, 2), cirq.GridQubit(4, 2), cirq.GridQubit(4, 3), cirq.GridQubit(5, 3), cirq.GridQubit(5, 4), cirq.GridQubit(6, 4), cirq.GridQubit(6, 5), cirq.GridQubit(7, 5), cirq.GridQubit(4, 1), cirq.GridQubit(5, 1), cirq.GridQubit(5, 2), cirq.GridQubit(6, 2), cirq.GridQubit(6, 3), cirq.GridQubit(7, 3), cirq.GridQubit(7, 4), cirq.GridQubit(8, 4)]
                  [31m(3, 2)[0m
                  │
                  │
         [35m(4, 1)[0m───[31m(4, 2)[0m───[31m(4, 3)[0m
         │        │        │
         │        │        │
(5, 0)───[35m(5, 1)[0m───[35m(5, 2)[0m───[31m(5, 3)[0m───[31m(5, 4)[0m
         │        │        │        │
         │        │        │        │
         (6, 1)───[35m(6, 2)[0m───[35m(6, 3)[0m───[31m(6, 4)[0m───[31m(6, 5)[0m
                  │        │        │        │
                  │        │        │        │
                  (7, 2)───[35m(7, 3)[0m───[35m(7, 4)[0m───[31m(7, 5)[0m───(7, 6)
                           │        │        │
                           │        │        │
                           (8, 3)───[35m(8, 4)[0m───(8, 5)
                                    │
                                    │
                                    (9, 4)
None
Meas types ['onsite0', 'horiz0', 'vert02', 'vert12']
Prepped onsite, pairs=[(0, 8), (1, 9), (2, 10), (3, 11), (4, 12), (5, 13), (6, 14), (7, 15)]
Prepped horiz, pairs=[(0, 1), (2, 3), (4, 5), (6, 7), (8, 9), (10, 11), (12, 13), (14, 15)]
Prepped vert0, pairs=[(1, 2), (3, 4), (5, 6), (9, 10), (11, 12), (13, 14)]
Prepped vert1, pairs=[(1, 2), (3, 4), (5, 6), (9, 10), (11, 12), (13, 14)]
Set recompilation to False
Got pairs set [(10, 11), (5, 6), (3, 11), (5, 13), (8, 9), (4, 12), (6, 14), (1, 2), (6, 7), (7, 15), (12, 13), (4, 5), (2, 10), (9, 10), (2, 3), (1, 9), (14, 15), (0, 8), (11, 12), (0, 1), (13, 14), (3, 4)]
---Starting to do calibration: delta 4.793949667
---Starting to set up measurements: delta 0.8419054619999997
---Starting to run VQE: delta 2.4562705420000004
No optimisation, save file is experiments/4x2_single_U_8_nocc_13_d_1-0919-223336/2x4/processed/processed.json
Given params: [[[[[0.694, 0.352, 0.592, 0.48]]], [[[-0.694, -0.352, -0.592, -0.48]]], [[[0, 0.352, 0.592, 0.48]]], [[[0, -0.352, -0.592, -0.48]]]]]
---Preparing executables
---Running executables, 16 in batch, delta=11.406199571000002
---Extracting values delta=3.1445618950000025
---Extracted values delta=73.092681537
===36.68028980703333 36.411082122903984 37.178897533986614 37.17751573926743 1632087312.7348008
Computed energies [36.545685964968655], params [[[[0.694, 0.352, 0.592, 0.48]]], [[[-0.694, -0.352, -0.592, -0.48]]], [[[0, 0.352, 0.592, 0.48]]], [[[0, -0.352, -0.592, -0.48]]]]
***36.545685964968655 1632087312.7366312
---VQE complete: delta 87.650475568
---Starting TFLO
Using saved points
Using params [[[0, 0, 0, 0]], [[0, 0, 0, 1.5708]], [[0, 3.14159, 4.71239, 0.785398]], [[0, 0, 0.785398, 3.14159]], [[0, 2.35619, 3.14159, 1.5708]], [[0, 0.785398, 0, 3.92699]], [[0, 0, 0, 4.71239]], [[0, 0, 5.49779, 3.92699]], [[0, 2.35619, 4.71239, 3.14159]], [[0, 2.35619, 1.5708, 4.71239]], [[0, 4.71239, 4.71239, 3.92699]], [[0, 5.49779, 1.5708, 5.49779]], [[0, 0.785398, 3.14159, 3.92699]], [[0, 2.35619, 2.35619, 4.71239]], [[0, 2.35619, 3.92699, 4.71239]], [[0, 4.71239, 3.92699, 5.49779]], [[0, 0.352, 0.592, 0.48]], [[0.694, 0.352, 0.592, 0.48]], [[0, 0, 0, 0]], [[0, 0, 0, -1.5708]], [[0, -3.14159, -4.71239, -0.785398]], [[0, 0, -0.785398, -3.14159]], [[0, -2.35619, -3.14159, -1.5708]], [[0, -0.785398, 0, -3.92699]], [[0, 0, 0, -4.71239]], [[0, 0, -5.49779, -3.92699]], [[0, -2.35619, -4.71239, -3.14159]], [[0, -2.35619, -1.5708, -4.71239]], [[0, -4.71239, -4.71239, -3.92699]], [[0, -5.49779, -1.5708, -5.49779]], [[0, -0.785398, -3.14159, -3.92699]], [[0, -2.35619, -2.35619, -4.71239]], [[0, -2.35619, -3.92699, -4.71239]], [[0, -4.71239, -3.92699, -5.49779]], [[0, -0.352, -0.592, -0.48]], [[-0.694, -0.352, -0.592, -0.48]]]
---Preparing executables
---Running executables, 144 in batch, delta=91.70265386
---Extracting values delta=8.948918590999995
---Extracted values delta=137.13815133599996
---Time for noisy calculation: 237.837463452
***TFLON: 37.21549262785842,37.497585035870735,37.84989781431847,38.64996017096061,39.31577711003891,39.53575828369158,40.393095960161666,40.96574813910206,41.39689090239981,42.29267404873302,42.374940879239155,42.7942346082868,43.4205463307051,44.19250048820133,44.73060857731117,45.04468809794553,37.07935085390546,36.63890878492907,37.14752492970601,37.879849736320736,38.605767085913115,39.25873698158578,39.78170938035065,40.2584737754664,40.72585606868725,41.30044918767796,41.96584158812055,42.53886806579868,42.519550935760144,43.32367094605278,44.188412317323326,44.19157248363462,45.03756581138265,45.70729013687918,37.26695211032628,36.42371129086516 1632087553.8870342
Noisy energies by type: {'onsite0': array([42.04010594, 41.97063142, 41.97324185, 42.09009009, 42.25819398,
       41.81907779, 42.01561969, 42.0387887 , 42.09601082, 42.07613373,
       42.06896552, 41.82722513, 41.8292011 , 42.14553543, 42.18486223,
       41.99650472, 42.01690141, 41.0396415 , 42.01051841, 42.09469965,
       42.0990099 , 42.00137457, 41.7376054 , 42.1379064 , 42.04019769,
       41.91855204, 42.00204569, 42.01181684, 41.90900164, 42.02200734,
       42.09979494, 41.94922426, 41.99654815, 42.16716221, 42.01149866,
       41.10564954]), 'horiz0': array([-2.21576129, -2.20236686, -2.22038765, -1.94935691, -1.68495128,
       -2.25329533, -2.24846293, -1.68467852, -1.16524823, -0.29782609,
       -0.88289896, -0.10968203,  0.69771792,  0.97298233,  0.81211287,
        1.11340942, -2.2970679 , -1.97681266, -2.2047455 , -2.21882001,
       -2.08004346, -1.78576564, -1.08306709, -2.1557347 , -2.21495327,
       -1.72203157, -0.81634858, -0.31073877, -0.80188046, -0.02667129,
        1.06734251,  1.03818251,  1.26747073,  1.39494585, -2.1766537 ,
       -2.23461799]), 'vert02': array([-1.31503759, -1.18858382, -1.07254237, -0.47116516, -0.72103148,
       -0.07581967,  0.20184742, -0.03612903, -0.13245492,  0.67070064,
        0.27112188,  0.61142677,  0.43070146,  0.81662978,  0.75787832,
        0.92588867, -1.2899361 , -1.22856078, -1.36090776, -1.01213419,
       -0.92122538, -0.18077572, -0.41891892,  0.08857645,  0.30434783,
        0.18294574,  0.07608336,  0.76066917,  0.40795047,  0.80599813,
        0.58929789,  0.83483068,  0.82846593,  1.04859335, -1.16591592,
       -1.20696085]), 'vert12': array([-1.29381443, -1.08209571, -0.83041401, -1.01960784, -0.53643411,
        0.0457955 ,  0.42409178,  0.64776699,  0.59858323, -0.15633423,
        0.91775244,  0.46526474,  0.46292585,  0.25735294,  0.97575517,
        1.0088853 , -1.35054655, -1.19535928, -1.29734021, -0.98389571,
       -0.49197397, -0.77609624, -0.45391   ,  0.18772563,  0.59626382,
        0.92098299,  0.70406112,  0.07712082,  1.00447928,  0.52233677,
        0.43197698,  0.36933503,  0.945081  ,  1.09658873, -1.40197694,
       -1.24035942])}
Using saved exact energies
Data collected can be found at experiments/4x2_single_U_8_nocc_13_d_1-0919-223336/2x4
