{'theta': True, 'zeta': True, 'chi': False, 'gamma': True, 'phi': True, 'time': None}
{'theta': False, 'zeta': False, 'chi': False, 'gamma': False, 'phi': False, 'time': None}
                  (3, 2)
                  │
                  │
         (4, 1)───(4, 2)───(4, 3)
         │        │        │
         │        │        │
(5, 0)───(5, 1)───(5, 2)───(5, 3)───(5, 4)
         │        │        │        │
         │        │        │        │
         (6, 1)───(6, 2)───(6, 3)───(6, 4)───(6, 5)
                  │        │        │        │
                  │        │        │        │
                  (7, 2)───(7, 3)───(7, 4)───(7, 5)───(7, 6)
                           │        │        │
                           │        │        │
                           (8, 3)───(8, 4)───(8, 5)
                                    │
                                    │
                                    (9, 4)
Start at: (3, 2), with dr
Using qubits [cirq.GridQubit(3, 2), cirq.GridQubit(4, 2), cirq.GridQubit(4, 3), cirq.GridQubit(5, 3), cirq.GridQubit(5, 4), cirq.GridQubit(6, 4), cirq.GridQubit(6, 5), cirq.GridQubit(7, 5), cirq.GridQubit(4, 1), cirq.GridQubit(5, 1), cirq.GridQubit(5, 2), cirq.GridQubit(6, 2), cirq.GridQubit(6, 3), cirq.GridQubit(7, 3), cirq.GridQubit(7, 4), cirq.GridQubit(8, 4)]
Using qubits, JW:[cirq.GridQubit(3, 2), cirq.GridQubit(4, 2), cirq.GridQubit(4, 3), cirq.GridQubit(5, 3), cirq.GridQubit(5, 4), cirq.GridQubit(6, 4), cirq.GridQubit(6, 5), cirq.GridQubit(7, 5), cirq.GridQubit(4, 1), cirq.GridQubit(5, 1), cirq.GridQubit(5, 2), cirq.GridQubit(6, 2), cirq.GridQubit(6, 3), cirq.GridQubit(7, 3), cirq.GridQubit(7, 4), cirq.GridQubit(8, 4)]
                  [31m(3, 2)[0m
                  │
                  │
         [35m(4, 1)[0m───[31m(4, 2)[0m───[31m(4, 3)[0m
         │        │        │
         │        │        │
(5, 0)───[35m(5, 1)[0m───[35m(5, 2)[0m───[31m(5, 3)[0m───[31m(5, 4)[0m
         │        │        │        │
         │        │        │        │
         (6, 1)───[35m(6, 2)[0m───[35m(6, 3)[0m───[31m(6, 4)[0m───[31m(6, 5)[0m
                  │        │        │        │
                  │        │        │        │
                  (7, 2)───[35m(7, 3)[0m───[35m(7, 4)[0m───[31m(7, 5)[0m───(7, 6)
                           │        │        │
                           │        │        │
                           (8, 3)───[35m(8, 4)[0m───(8, 5)
                                    │
                                    │
                                    (9, 4)
None
Meas types ['onsite0', 'horiz0', 'horiz1']
Prepped onsite, pairs=[(0, 8), (1, 9), (2, 10), (3, 11), (4, 12), (5, 13), (6, 14), (7, 15)]
Prepped horiz, pairs=[(0, 1), (2, 3), (4, 5), (6, 7), (8, 9), (10, 11), (12, 13), (14, 15)]
Prepped horiz, pairs=[(1, 2), (3, 4), (5, 6), (9, 10), (11, 12), (13, 14)]
Set recompilation to False
Got pairs set [(10, 11), (5, 6), (3, 11), (5, 13), (8, 9), (4, 12), (6, 14), (1, 2), (6, 7), (7, 15), (12, 13), (4, 5), (2, 10), (9, 10), (2, 3), (1, 9), (14, 15), (0, 8), (11, 12), (0, 1), (13, 14), (3, 4)]
---Starting to do calibration: delta 4.645198698
---Starting to set up measurements: delta 1.3879690800000013
---Starting to run VQE: delta 3.835197574000002
No optimisation, save file is experiments/8x1_single_zz_x_U_4_nocc_1_d_1-0916-142441/8x1/processed/processed.json
Given params: [[[[[0.981, 1.029, 0.95]]], [[[-0.981, -1.029, -0.95]]], [[[0, 1.029, 0.95]]], [[[0, -1.029, -0.95]]]]]
---Preparing executables
---Running executables, 12 in batch, delta=8.514972606
---Extracting values delta=3.057296817000001
---Extracted values delta=61.116829675000005
===-1.442605285619544 -1.341509266170806 -1.3852443653014066 -1.3107400779276523 1631798764.3593721
Computed energies [-1.392057275895175], params [[[[0.981, 1.029, 0.95]]], [[[-0.981, -1.029, -0.95]]], [[[0, 1.029, 0.95]]], [[[0, -1.029, -0.95]]]]
***-1.392057275895175 1631798764.364379
---VQE complete: delta 72.6994467
---Starting TFLO
Using saved points
Using params [[[0, 0, 0]], [[0, 0, 0.785398]], [[0, 1.5708, 0.785398]], [[0, 5.49779, 0.785398]], [[0, 2.35619, 0]], [[0, 4.71239, 0.785398]], [[0, 3.14159, 0.785398]], [[0, 0, 4.71239]], [[0, 0.785398, 3.92699]], [[0, 5.49779, 3.14159]], [[0, 4.71239, 4.71239]], [[0, 1.5708, 4.71239]], [[0, 3.14159, 5.49779]], [[0, 3.92699, 4.71239]], [[0, 3.92699, 2.35619]], [[0, 3.92699, 3.92699]], [[0, 1.029, 0.95]], [[0.981, 1.029, 0.95]], [[0, 0, 0]], [[0, 0, -0.785398]], [[0, -1.5708, -0.785398]], [[0, -5.49779, -0.785398]], [[0, -2.35619, 0]], [[0, -4.71239, -0.785398]], [[0, -3.14159, -0.785398]], [[0, 0, -4.71239]], [[0, -0.785398, -3.92699]], [[0, -5.49779, -3.14159]], [[0, -4.71239, -4.71239]], [[0, -1.5708, -4.71239]], [[0, -3.14159, -5.49779]], [[0, -3.92699, -4.71239]], [[0, -3.92699, -2.35619]], [[0, -3.92699, -3.92699]], [[0, -1.029, -0.95]], [[-0.981, -1.029, -0.95]]]
---Preparing executables
---Running executables, 108 in batch, delta=86.45915438499999
---Extracting values delta=7.675040647000003
---Extracted values delta=95.68024223399999
---Time for noisy calculation: 189.83822518399998
***TFLON: -1.2679010028491744,-1.260359549371202,-1.3936778621849446,-1.0798139285476251,-1.3672146154141531,-1.01776941434329,-1.1837931261945291,-0.8693803320406281,-1.0004908522533045,-0.9846395154486918,-0.807079396474004,-0.8568107564460831,-0.7817270071416816,-0.7702340457909664,-0.8164485305344282,-0.7696349584121671,-1.3765616375066771,-1.4334392384276504,-1.2265975402581546,-1.2694892744599424,-1.2710001807732891,-1.1947805730076597,-1.2325198813347455,-1.1992195699202697,-1.24684611586682,-0.9045019448912066,-0.9399147760691431,-1.0736715621147486,-0.9354851607501313,-0.7057991281752544,-0.804149023172896,-0.8715371012452946,-0.8808114057803876,-0.8140500416157357,-1.2911837066751297,-1.329667106060752 1631798958.5241401
Noisy energies by type: {'onsite0': array([0., 0., 0., 0., 0., 0., 0., 0., 0., 0., 0., 0., 0., 0., 0., 0., 0.,
       0., 0., 0., 0., 0., 0., 0., 0., 0., 0., 0., 0., 0., 0., 0., 0., 0.,
       0., 0.]), 'horiz0': array([-0.60661999, -0.59867878, -0.75083426, -0.46039717, -0.78052296,
       -0.47744108, -0.6642369 , -0.21160771, -0.31505657, -0.36402754,
       -0.25217744, -0.21383114, -0.25356843, -0.25876738, -0.27977108,
       -0.24030038, -0.69200438, -0.74047147, -0.5704067 , -0.6026287 ,
       -0.72644377, -0.54071593, -0.7322249 , -0.57727077, -0.71348677,
       -0.24528302, -0.32270573, -0.42057188, -0.31359739, -0.14441189,
       -0.25706382, -0.28414508, -0.32295558, -0.23548258, -0.69526691,
       -0.70417873]), 'horiz1': array([-0.66128102, -0.66168077, -0.6428436 , -0.61941676, -0.58669166,
       -0.54032834, -0.51955622, -0.65777262, -0.68543428, -0.62061198,
       -0.55490196, -0.64297962, -0.52815858, -0.51146667, -0.53667745,
       -0.52933458, -0.68455726, -0.69296777, -0.65619084, -0.66686058,
       -0.54455641, -0.65406464, -0.50029499, -0.6219488 , -0.53335934,
       -0.65921893, -0.61720905, -0.65309968, -0.62188777, -0.56138724,
       -0.5470852 , -0.58739202, -0.55785582, -0.57856746, -0.5959168 ,
       -0.62548837])}
Using saved exact energies
Data collected can be found at experiments/8x1_single_zz_x_U_4_nocc_1_d_1-0916-142441/8x1
