{'theta': True, 'zeta': True, 'chi': False, 'gamma': True, 'phi': True, 'time': None}
{'theta': False, 'zeta': False, 'chi': False, 'gamma': False, 'phi': False, 'time': None}
                  (3, 2)
                  │
                  │
         (4, 1)───(4, 2)───(4, 3)
         │        │        │
         │        │        │
(5, 0)───(5, 1)───(5, 2)───(5, 3)───(5, 4)
         │        │        │        │
         │        │        │        │
         (6, 1)───(6, 2)───(6, 3)───(6, 4)───(6, 5)
                  │        │        │        │
                  │        │        │        │
                  (7, 2)───(7, 3)───(7, 4)───(7, 5)───(7, 6)
                           │        │        │
                           │        │        │
                           (8, 3)───(8, 4)───(8, 5)
                                    │
                                    │
                                    (9, 4)
Start at: (3, 2), with dr
Using qubits [cirq.GridQubit(3, 2), cirq.GridQubit(4, 2), cirq.GridQubit(4, 3), cirq.GridQubit(5, 3), cirq.GridQubit(5, 4), cirq.GridQubit(6, 4), cirq.GridQubit(6, 5), cirq.GridQubit(7, 5), cirq.GridQubit(4, 1), cirq.GridQubit(5, 1), cirq.GridQubit(5, 2), cirq.GridQubit(6, 2), cirq.GridQubit(6, 3), cirq.GridQubit(7, 3), cirq.GridQubit(7, 4), cirq.GridQubit(8, 4)]
Using qubits, JW:[cirq.GridQubit(3, 2), cirq.GridQubit(4, 2), cirq.GridQubit(4, 3), cirq.GridQubit(5, 3), cirq.GridQubit(5, 4), cirq.GridQubit(6, 4), cirq.GridQubit(6, 5), cirq.GridQubit(7, 5), cirq.GridQubit(4, 1), cirq.GridQubit(5, 1), cirq.GridQubit(5, 2), cirq.GridQubit(6, 2), cirq.GridQubit(6, 3), cirq.GridQubit(7, 3), cirq.GridQubit(7, 4), cirq.GridQubit(8, 4)]
                  [31m(3, 2)[0m
                  │
                  │
         [35m(4, 1)[0m───[31m(4, 2)[0m───[31m(4, 3)[0m
         │        │        │
         │        │        │
(5, 0)───[35m(5, 1)[0m───[35m(5, 2)[0m───[31m(5, 3)[0m───[31m(5, 4)[0m
         │        │        │        │
         │        │        │        │
         (6, 1)───[35m(6, 2)[0m───[35m(6, 3)[0m───[31m(6, 4)[0m───[31m(6, 5)[0m
                  │        │        │        │
                  │        │        │        │
                  (7, 2)───[35m(7, 3)[0m───[35m(7, 4)[0m───[31m(7, 5)[0m───(7, 6)
                           │        │        │
                           │        │        │
                           (8, 3)───[35m(8, 4)[0m───(8, 5)
                                    │
                                    │
                                    (9, 4)
None
Meas types ['onsite0', 'horiz0', 'vert02', 'vert12']
Prepped onsite, pairs=[(0, 8), (1, 9), (2, 10), (3, 11), (4, 12), (5, 13), (6, 14), (7, 15)]
Prepped horiz, pairs=[(0, 1), (2, 3), (4, 5), (6, 7), (8, 9), (10, 11), (12, 13), (14, 15)]
Prepped vert0, pairs=[(1, 2), (3, 4), (5, 6), (9, 10), (11, 12), (13, 14)]
Prepped vert1, pairs=[(1, 2), (3, 4), (5, 6), (9, 10), (11, 12), (13, 14)]
Set recompilation to False
Got pairs set [(10, 11), (5, 6), (3, 11), (5, 13), (8, 9), (4, 12), (6, 14), (1, 2), (6, 7), (7, 15), (12, 13), (4, 5), (2, 10), (9, 10), (2, 3), (1, 9), (14, 15), (0, 8), (11, 12), (0, 1), (13, 14), (3, 4)]
---Starting to do calibration: delta 2.465135863
---Starting to set up measurements: delta 0.7985307959999997
---Starting to run VQE: delta 1.9979572360000004
No optimisation, save file is experiments/4x2_single_U_8_nocc_1_d_1-0919-212541/2x4/processed/processed.json
Given params: [[[[[0.875, 0.778, 0.973, 0.89]]], [[[-0.875, -0.778, -0.973, -0.89]]], [[[0, 0.778, 0.973, 0.89]]], [[[0, -0.778, -0.973, -0.89]]]]]
---Preparing executables
---Running executables, 16 in batch, delta=7.466100291999999
---Extracting values delta=3.062451211000001
---Extracted values delta=67.11182928
===-1.75683034432116 -1.949133568470961 -1.836154752582388 -1.8445131029869481 1632083224.7845771
Computed energies [-1.8529819563960603], params [[[[0.875, 0.778, 0.973, 0.89]]], [[[-0.875, -0.778, -0.973, -0.89]]], [[[0, 0.778, 0.973, 0.89]]], [[[0, -0.778, -0.973, -0.89]]]]
***-1.8529819563960603 1632083224.787231
---VQE complete: delta 77.65363052299999
---Starting TFLO
Using saved points
Using params [[[0, 0, 0, 0]], [[0, 0, 0, 1.5708]], [[0, 0, 4.71239, 0.785398]], [[0, 5.49779, 0.785398, 3.14159]], [[0, 0.785398, 3.14159, 1.5708]], [[0, 0, 0, 3.92699]], [[0, 0, 0, 4.71239]], [[0, 0, 5.49779, 3.92699]], [[0, 3.14159, 4.71239, 3.14159]], [[0, 1.5708, 1.5708, 4.71239]], [[0, 2.35619, 4.71239, 3.92699]], [[0, 2.35619, 1.5708, 5.49779]], [[0, 2.35619, 3.14159, 3.92699]], [[0, 2.35619, 2.35619, 4.71239]], [[0, 3.92699, 3.92699, 4.71239]], [[0, 0, 3.92699, 5.49779]], [[0, 0.778, 0.973, 0.89]], [[0.875, 0.778, 0.973, 0.89]], [[0, 0, 0, 0]], [[0, 0, 0, -1.5708]], [[0, 0, -4.71239, -0.785398]], [[0, -5.49779, -0.785398, -3.14159]], [[0, -0.785398, -3.14159, -1.5708]], [[0, 0, 0, -3.92699]], [[0, 0, 0, -4.71239]], [[0, 0, -5.49779, -3.92699]], [[0, -3.14159, -4.71239, -3.14159]], [[0, -1.5708, -1.5708, -4.71239]], [[0, -2.35619, -4.71239, -3.92699]], [[0, -2.35619, -1.5708, -5.49779]], [[0, -2.35619, -3.14159, -3.92699]], [[0, -2.35619, -2.35619, -4.71239]], [[0, -3.92699, -3.92699, -4.71239]], [[0, 0, -3.92699, -5.49779]], [[0, -0.778, -0.973, -0.89]], [[-0.875, -0.778, -0.973, -0.89]]]
---Preparing executables
---Running executables, 144 in batch, delta=81.98703734300001
---Extracting values delta=9.701077986000001
---Extracted values delta=136.979539087
---Time for noisy calculation: 228.69164872800002
***TFLON: -1.8730254298291718,-1.7065970059971778,-1.516207917933703,-1.2909436219375061,-1.396615468786345,-0.9053424544426516,-0.6232203219818401,-0.6925203179042296,-0.5623491035401612,-0.17518889893105033,-0.19137492890923624,0.1333310280274148,0.17225787691842329,0.37112447516578073,0.5811890434913618,0.8944843750534748,-1.8545185182184933,-1.7567427620861658,-1.8725166821778099,-1.702036766921256,-1.4882470214669228,-1.3004350725787812,-1.1227672294735225,-0.9941171834207477,-0.7375796909434641,-0.5484296367324542,-0.46206408808913213,0.23698150680405156,-0.18812093756333215,0.38580342179919747,0.30082209694280715,0.5392346895524094,0.6842636459659447,0.8232007784782306,-1.869325856406526,-1.9721626370134202 1632083456.4812732
Noisy energies by type: {'onsite0': array([0., 0., 0., 0., 0., 0., 0., 0., 0., 0., 0., 0., 0., 0., 0., 0., 0.,
       0., 0., 0., 0., 0., 0., 0., 0., 0., 0., 0., 0., 0., 0., 0., 0., 0.,
       0., 0.]), 'horiz0': array([-0.67843563, -0.73277   , -0.6768559 , -0.65523107, -0.59249787,
       -0.7264405 , -0.68946396, -0.61459204, -0.35571587, -0.08316312,
       -0.22089041, -0.04876712,  0.22181407,  0.30384168,  0.27633987,
        0.4815441 , -0.72234637, -0.69632856, -0.70703332, -0.75416133,
       -0.67256417, -0.65628955, -0.4991313 , -0.80793651, -0.78952907,
       -0.60111789, -0.39708103,  0.14308682, -0.33826795,  0.12877319,
        0.22423008,  0.38265712,  0.29548143,  0.40611354, -0.75353959,
       -0.75705645]), 'vert02': array([-0.62792313, -0.51562851, -0.44294364, -0.22754928, -0.38218054,
       -0.08169859,  0.04678509, -0.11907541, -0.16753408,  0.05345758,
       -0.07541298,  0.17801175,  0.01099426,  0.12763819,  0.09399906,
        0.20112828, -0.60894269, -0.53379457, -0.61873382, -0.48989899,
       -0.46712963, -0.24550069, -0.33340757, -0.04016525,  0.08723164,
       -0.06512702, -0.2164902 ,  0.1221038 , -0.07872623,  0.13968329,
       -0.06857798,  0.04952294,  0.08587999,  0.16917563, -0.46823869,
       -0.52647569]), 'vert12': array([-0.56666667, -0.45819849, -0.39640838, -0.40816327, -0.42193706,
       -0.09720337,  0.01945854,  0.04114713, -0.03909916, -0.14548336,
        0.10492846,  0.0040864 , -0.06055046, -0.06035539,  0.21085011,
        0.211812  , -0.52322946, -0.52661963, -0.54674955, -0.45797645,
       -0.34855323, -0.39864483, -0.29022836, -0.14601542, -0.03528226,
        0.11781527,  0.15150714, -0.02820911,  0.22887324,  0.11734694,
        0.14516999,  0.10705463,  0.30290223,  0.24791161, -0.64754757,
       -0.68863049])}
Using saved exact energies
Data collected can be found at experiments/4x2_single_U_8_nocc_1_d_1-0919-212541/2x4
