{'theta': True, 'zeta': True, 'chi': False, 'gamma': True, 'phi': True, 'time': None}
{'theta': False, 'zeta': False, 'chi': False, 'gamma': False, 'phi': False, 'time': None}
                  (3, 2)
                  │
                  │
         (4, 1)───(4, 2)───(4, 3)
         │        │        │
         │        │        │
(5, 0)───(5, 1)───(5, 2)───(5, 3)───(5, 4)
         │        │        │        │
         │        │        │        │
         (6, 1)───(6, 2)───(6, 3)───(6, 4)───(6, 5)
                  │        │        │        │
                  │        │        │        │
                  (7, 2)───(7, 3)───(7, 4)───(7, 5)───(7, 6)
                           │        │        │
                           │        │        │
                           (8, 3)───(8, 4)───(8, 5)
                                    │
                                    │
                                    (9, 4)
Start at: (3, 2), with dr
Using qubits [cirq.GridQubit(3, 2), cirq.GridQubit(4, 2), cirq.GridQubit(4, 3), cirq.GridQubit(5, 3), cirq.GridQubit(5, 4), cirq.GridQubit(6, 4), cirq.GridQubit(6, 5), cirq.GridQubit(7, 5), cirq.GridQubit(4, 1), cirq.GridQubit(5, 1), cirq.GridQubit(5, 2), cirq.GridQubit(6, 2), cirq.GridQubit(6, 3), cirq.GridQubit(7, 3), cirq.GridQubit(7, 4), cirq.GridQubit(8, 4)]
Using qubits, JW:[cirq.GridQubit(3, 2), cirq.GridQubit(4, 2), cirq.GridQubit(4, 3), cirq.GridQubit(5, 3), cirq.GridQubit(5, 4), cirq.GridQubit(6, 4), cirq.GridQubit(6, 5), cirq.GridQubit(7, 5), cirq.GridQubit(4, 1), cirq.GridQubit(5, 1), cirq.GridQubit(5, 2), cirq.GridQubit(6, 2), cirq.GridQubit(6, 3), cirq.GridQubit(7, 3), cirq.GridQubit(7, 4), cirq.GridQubit(8, 4)]
                  [31m(3, 2)[0m
                  │
                  │
         [35m(4, 1)[0m───[31m(4, 2)[0m───[31m(4, 3)[0m
         │        │        │
         │        │        │
(5, 0)───[35m(5, 1)[0m───[35m(5, 2)[0m───[31m(5, 3)[0m───[31m(5, 4)[0m
         │        │        │        │
         │        │        │        │
         (6, 1)───[35m(6, 2)[0m───[35m(6, 3)[0m───[31m(6, 4)[0m───[31m(6, 5)[0m
                  │        │        │        │
                  │        │        │        │
                  (7, 2)───[35m(7, 3)[0m───[35m(7, 4)[0m───[31m(7, 5)[0m───(7, 6)
                           │        │        │
                           │        │        │
                           (8, 3)───[35m(8, 4)[0m───(8, 5)
                                    │
                                    │
                                    (9, 4)
None
Meas types ['onsite0', 'horiz0', 'vert02', 'vert12']
Prepped onsite, pairs=[(0, 8), (1, 9), (2, 10), (3, 11), (4, 12), (5, 13), (6, 14), (7, 15)]
Prepped horiz, pairs=[(0, 1), (2, 3), (4, 5), (6, 7), (8, 9), (10, 11), (12, 13), (14, 15)]
Prepped vert0, pairs=[(1, 2), (3, 4), (5, 6), (9, 10), (11, 12), (13, 14)]
Prepped vert1, pairs=[(1, 2), (3, 4), (5, 6), (9, 10), (11, 12), (13, 14)]
Set recompilation to False
Got pairs set [(10, 11), (5, 6), (3, 11), (5, 13), (8, 9), (4, 12), (6, 14), (1, 2), (6, 7), (7, 15), (12, 13), (4, 5), (2, 10), (9, 10), (2, 3), (1, 9), (14, 15), (0, 8), (11, 12), (0, 1), (13, 14), (3, 4)]
---Starting to do calibration: delta 3.3497758870000007
---Starting to set up measurements: delta 0.8303111219999995
---Starting to run VQE: delta 2.1341892269999985
No optimisation, save file is experiments/4x2_single_U_8_nocc_3_d_1-0919-230008/2x4/processed/processed.json
Given params: [[[[[0.639, 0.462, 0.421, 0.482]]], [[[-0.639, -0.462, -0.421, -0.482]]], [[[0, 0.462, 0.421, 0.482]]], [[[0, -0.462, -0.421, -0.482]]]]]
---Preparing executables
---Running executables, 16 in batch, delta=7.959161237
---Extracting values delta=2.606675839000001
---Extracted values delta=70.35161729999999
===-3.3993641533100902 -3.6828081224109663 -3.117092216166724 -2.942286252673818 1632088895.9712331
Computed energies [-3.5410861378605283], params [[[[0.639, 0.462, 0.421, 0.482]]], [[[-0.639, -0.462, -0.421, -0.482]]], [[[0, 0.462, 0.421, 0.482]]], [[[0, -0.462, -0.421, -0.482]]]]
***-3.5410861378605283 1632088895.972987
---VQE complete: delta 80.92444278400001
---Starting TFLO
Using saved points
Using params [[[0, 1.5708, 0, 0]], [[0, 0, 0, 1.5708]], [[0, 2.35619, 4.71239, 0.785398]], [[0, 0, 0.785398, 3.14159]], [[0, 3.14159, 3.14159, 1.5708]], [[0, 0.785398, 0, 3.92699]], [[0, 3.92699, 0, 4.71239]], [[0, 0, 5.49779, 3.92699]], [[0, 0, 4.71239, 3.14159]], [[0, 0, 1.5708, 4.71239]], [[0, 4.71239, 4.71239, 3.92699]], [[0, 3.92699, 1.5708, 5.49779]], [[0, 0.785398, 3.14159, 3.92699]], [[0, 0, 2.35619, 4.71239]], [[0, 3.14159, 3.92699, 4.71239]], [[0, 0, 3.92699, 5.49779]], [[0, 0.462, 0.421, 0.482]], [[0.639, 0.462, 0.421, 0.482]], [[0, -1.5708, 0, 0]], [[0, 0, 0, -1.5708]], [[0, -2.35619, -4.71239, -0.785398]], [[0, 0, -0.785398, -3.14159]], [[0, -3.14159, -3.14159, -1.5708]], [[0, -0.785398, 0, -3.92699]], [[0, -3.92699, 0, -4.71239]], [[0, 0, -5.49779, -3.92699]], [[0, 0, -4.71239, -3.14159]], [[0, 0, -1.5708, -4.71239]], [[0, -4.71239, -4.71239, -3.92699]], [[0, -3.92699, -1.5708, -5.49779]], [[0, -0.785398, -3.14159, -3.92699]], [[0, 0, -2.35619, -4.71239]], [[0, -3.14159, -3.92699, -4.71239]], [[0, 0, -3.92699, -5.49779]], [[0, -0.462, -0.421, -0.482]], [[-0.639, -0.462, -0.421, -0.482]]]
---Preparing executables
---Running executables, 144 in batch, delta=71.898981074
---Extracting values delta=8.652863577999995
---Extracted values delta=145.163842275
---Time for noisy calculation: 225.74127720399997
***TFLON: -3.023398885962476,-2.4999572532660426,-1.8876180011759467,-1.5741162079947006,-0.7042722747033999,-0.6159952591206671,-0.3331933289749928,0.6333777036219275,1.2550690769817745,1.4936495419587,2.462985902008776,2.5727238562191608,3.1895492429646257,3.5776684124953397,4.505641882102396,5.346951499542048,-3.068812673478674,-3.51899603572817,-3.0314383886993745,-2.373848890262241,-1.839198184464422,-1.1006067011026721,-0.8063479603132789,-0.06140042605414456,0.4707738053387387,0.838183619371824,1.5298452343733588,2.350860188451185,2.64911053203902,2.7715001226970895,4.294509757919647,4.25478313931193,4.635360653340465,5.268526296047678,-2.95238670208883,-3.773319912072929 1632089124.507382
Noisy energies by type: {'onsite0': array([1.98755474, 2.01701323, 2.05219845, 1.96233798, 1.96082474,
       1.80451128, 1.72442497, 2.03168217, 2.06006893, 1.94501018,
       2.17764471, 1.91141732, 1.71988936, 2.02216867, 2.04015694,
       1.94736842, 1.89151874, 1.00515337, 1.97735485, 2.01872659,
       1.87816307, 2.02425684, 1.89898032, 2.22254405, 2.20992454,
       2.00597564, 1.96931408, 2.01422475, 1.92868645, 2.12691061,
       2.30747532, 2.03510414, 1.98041136, 1.89600536, 2.07989167,
       1.09115959]), 'horiz0': array([-2.22842377, -2.20690557, -2.09964703, -2.01080159, -1.41354293,
       -2.19110884, -2.21826172, -1.73007147, -1.10698287, -0.44919489,
       -0.56689281, -0.21216849,  0.79934211,  0.89268293,  0.97996309,
        1.5010582 , -2.15546343, -1.92130178, -2.2228275 , -2.24940112,
       -2.02927089, -1.84741288, -1.48973226, -2.18439337, -2.22039057,
       -1.71305668, -1.01576684, -0.08551656, -0.48673908, -0.22369715,
        1.07895386,  1.3124543 ,  0.99188023,  1.5283104 , -2.16714175,
       -2.16985082]), 'vert02': array([-1.52512959, -1.34608461, -1.02960526, -0.58112831, -0.62601827,
       -0.14242982,  0.18204775, -0.20877354, -0.41341941,  0.33385498,
        0.00194128,  0.56912719,  0.29992521,  0.54409149,  0.44928208,
        0.82847587, -1.55637617, -1.47417116, -1.29830832, -1.05418139,
       -0.84209269, -0.26926692, -0.51788269,  0.14537341,  0.21134984,
        0.05444393, -0.15908577,  0.57767899,  0.07847175,  0.5525248 ,
        0.38319251,  0.67619905,  0.51255471,  0.75505272, -1.38322954,
       -1.27777778]), 'vert12': array([-1.25740026, -0.96398031, -0.81056416, -0.94452429, -0.62553582,
       -0.08696788, -0.02140433,  0.54054054,  0.71540243, -0.33602073,
        0.85029272,  0.30434783,  0.37039257,  0.11872532,  1.03623978,
        1.07004901, -1.24849181, -1.12867647, -1.48765743, -1.08899297,
       -0.84599768, -1.00818374, -0.69771333, -0.24492452,  0.26989   ,
        0.49082073,  0.73538376, -0.15552699,  1.12869141,  0.31576187,
        0.52488807,  0.23102564,  1.15051435,  1.08915782, -1.48190709,
       -1.4168509 ])}
Using saved exact energies
Data collected can be found at experiments/4x2_single_U_8_nocc_3_d_1-0919-230008/2x4
