{'theta': True, 'zeta': True, 'chi': False, 'gamma': True, 'phi': True, 'time': None}
{'theta': False, 'zeta': False, 'chi': False, 'gamma': False, 'phi': False, 'time': None}
                  (3, 2)
                  │
                  │
         (4, 1)───(4, 2)───(4, 3)
         │        │        │
         │        │        │
(5, 0)───(5, 1)───(5, 2)───(5, 3)───(5, 4)
         │        │        │        │
         │        │        │        │
         (6, 1)───(6, 2)───(6, 3)───(6, 4)───(6, 5)
                  │        │        │        │
                  │        │        │        │
                  (7, 2)───(7, 3)───(7, 4)───(7, 5)───(7, 6)
                           │        │        │
                           │        │        │
                           (8, 3)───(8, 4)───(8, 5)
                                    │
                                    │
                                    (9, 4)
Start at: (3, 2), with dr
Using qubits [cirq.GridQubit(3, 2), cirq.GridQubit(4, 2), cirq.GridQubit(4, 3), cirq.GridQubit(5, 3), cirq.GridQubit(5, 4), cirq.GridQubit(6, 4), cirq.GridQubit(6, 5), cirq.GridQubit(7, 5), cirq.GridQubit(4, 1), cirq.GridQubit(5, 1), cirq.GridQubit(5, 2), cirq.GridQubit(6, 2), cirq.GridQubit(6, 3), cirq.GridQubit(7, 3), cirq.GridQubit(7, 4), cirq.GridQubit(8, 4)]
Using qubits, JW:[cirq.GridQubit(3, 2), cirq.GridQubit(4, 2), cirq.GridQubit(4, 3), cirq.GridQubit(5, 3), cirq.GridQubit(5, 4), cirq.GridQubit(6, 4), cirq.GridQubit(6, 5), cirq.GridQubit(7, 5), cirq.GridQubit(4, 1), cirq.GridQubit(5, 1), cirq.GridQubit(5, 2), cirq.GridQubit(6, 2), cirq.GridQubit(6, 3), cirq.GridQubit(7, 3), cirq.GridQubit(7, 4), cirq.GridQubit(8, 4)]
                  [31m(3, 2)[0m
                  │
                  │
         [35m(4, 1)[0m───[31m(4, 2)[0m───[31m(4, 3)[0m
         │        │        │
         │        │        │
(5, 0)───[35m(5, 1)[0m───[35m(5, 2)[0m───[31m(5, 3)[0m───[31m(5, 4)[0m
         │        │        │        │
         │        │        │        │
         (6, 1)───[35m(6, 2)[0m───[35m(6, 3)[0m───[31m(6, 4)[0m───[31m(6, 5)[0m
                  │        │        │        │
                  │        │        │        │
                  (7, 2)───[35m(7, 3)[0m───[35m(7, 4)[0m───[31m(7, 5)[0m───(7, 6)
                           │        │        │
                           │        │        │
                           (8, 3)───[35m(8, 4)[0m───(8, 5)
                                    │
                                    │
                                    (9, 4)
None
Meas types ['onsite0', 'horiz0', 'vert02', 'vert12']
Prepped onsite, pairs=[(0, 8), (1, 9), (2, 10), (3, 11), (4, 12), (5, 13), (6, 14), (7, 15)]
Prepped horiz, pairs=[(0, 1), (2, 3), (4, 5), (6, 7), (8, 9), (10, 11), (12, 13), (14, 15)]
Prepped vert0, pairs=[(1, 2), (3, 4), (5, 6), (9, 10), (11, 12), (13, 14)]
Prepped vert1, pairs=[(1, 2), (3, 4), (5, 6), (9, 10), (11, 12), (13, 14)]
Set recompilation to False
Got pairs set [(10, 11), (5, 6), (3, 11), (5, 13), (8, 9), (4, 12), (6, 14), (1, 2), (6, 7), (7, 15), (12, 13), (4, 5), (2, 10), (9, 10), (2, 3), (1, 9), (14, 15), (0, 8), (11, 12), (0, 1), (13, 14), (3, 4)]
---Starting to do calibration: delta 3.5630193269999992
---Starting to set up measurements: delta 1.1169651739999988
---Starting to run VQE: delta 2.6146076570000005
No optimisation, save file is experiments/4x2_single_U_4_nocc_15_d_1-0915-212718/2x4/processed/processed.json
Given params: [[[[[0.924, 0.94, 0.926, 0.832]]], [[[-0.924, -0.94, -0.926, -0.832]]], [[[0, 0.94, 0.926, 0.832]]], [[[0, -0.94, -0.926, -0.832]]]]]
---Preparing executables
---Running executables, 16 in batch, delta=9.423822486
---Extracting values delta=2.662570169000002
---Extracted values delta=71.311937932
===26.62090111509898 26.200418549056526 26.425230406551975 26.17394006206505 1631737729.4216902
Computed energies [26.410659832077755], params [[[[0.924, 0.94, 0.926, 0.832]]], [[[-0.924, -0.94, -0.926, -0.832]]], [[[0, 0.94, 0.926, 0.832]]], [[[0, -0.94, -0.926, -0.832]]]]
***26.410659832077755 1631737729.4236429
---VQE complete: delta 83.405020572
---Starting TFLO
Using saved points
Using params [[[0, 0.785398, 0, 0]], [[0, 0.785398, 0, 1.5708]], [[0, 5.49779, 4.71239, 0.785398]], [[0, 0.785398, 0.785398, 3.14159]], [[0, 5.49779, 3.14159, 1.5708]], [[0, 2.35619, 0, 3.92699]], [[0, 5.49779, 0, 4.71239]], [[0, 1.5708, 5.49779, 3.92699]], [[0, 3.92699, 4.71239, 3.14159]], [[0, 2.35619, 1.5708, 4.71239]], [[0, 3.92699, 4.71239, 3.92699]], [[0, 5.49779, 1.5708, 5.49779]], [[0, 5.49779, 3.14159, 3.92699]], [[0, 2.35619, 2.35619, 4.71239]], [[0, 3.92699, 3.92699, 4.71239]], [[0, 3.14159, 3.92699, 5.49779]], [[0, 0.94, 0.926, 0.832]], [[0.924, 0.94, 0.926, 0.832]], [[0, -0.785398, 0, 0]], [[0, -0.785398, 0, -1.5708]], [[0, -5.49779, -4.71239, -0.785398]], [[0, -0.785398, -0.785398, -3.14159]], [[0, -5.49779, -3.14159, -1.5708]], [[0, -2.35619, 0, -3.92699]], [[0, -5.49779, 0, -4.71239]], [[0, -1.5708, -5.49779, -3.92699]], [[0, -3.92699, -4.71239, -3.14159]], [[0, -2.35619, -1.5708, -4.71239]], [[0, -3.92699, -4.71239, -3.92699]], [[0, -5.49779, -1.5708, -5.49779]], [[0, -5.49779, -3.14159, -3.92699]], [[0, -2.35619, -2.35619, -4.71239]], [[0, -3.92699, -3.92699, -4.71239]], [[0, -3.14159, -3.92699, -5.49779]], [[0, -0.94, -0.926, -0.832]], [[-0.924, -0.94, -0.926, -0.832]]]
---Preparing executables
---Running executables, 144 in batch, delta=76.208762293
---Extracting values delta=8.831640545000027
---Extracted values delta=136.41659992499999
---Time for noisy calculation: 221.481376153
***TFLON: 26.299046831685626,26.387914788060293,26.625637508229673,26.811288321549924,26.84245696524643,26.84926382059593,27.075228796592267,27.111313401536375,27.271487562346188,27.82100897845587,27.61861223224276,27.747435313712604,28.080108487498336,28.311242148271834,28.135070628019545,28.4015764075423,26.387486148664888,26.56899878826908,26.360608260310343,26.63479028092952,26.54108758873711,26.702648661628636,26.6164010075838,27.1254241324069,27.41459328810672,27.72013183798592,27.645553128294665,28.059841678424206,27.9658490546981,27.95538581223663,28.079627281851565,28.774349707528113,28.71531252309572,28.69846145311317,26.169618292039768,26.194335461380877 1631737953.882103
Noisy energies by type: {'onsite0': array([28., 28., 28., 28., 28., 28., 28., 28., 28., 28., 28., 28., 28.,
       28., 28., 28., 28., 28., 28., 28., 28., 28., 28., 28., 28., 28.,
       28., 28., 28., 28., 28., 28., 28., 28., 28., 28.]), 'horiz0': array([-0.68273337, -0.64712778, -0.68632959, -0.49113082, -0.63532764,
       -0.71358025, -0.67980296, -0.6576087 , -0.62327134, -0.00790514,
       -0.51977132, -0.15176909,  0.00507146,  0.27055449, -0.17226341,
        0.00592217, -0.68076706, -0.61853832, -0.63257808, -0.62135922,
       -0.7352666 , -0.6280112 , -0.66604995, -0.6811914 , -0.65086814,
       -0.39032112, -0.36632747, -0.04685942, -0.21766562, -0.11111111,
        0.11048689,  0.45351044,  0.34086799,  0.39860789, -0.73820755,
       -0.79418551]), 'vert02': array([-0.52654388, -0.39873418, -0.48429677, -0.07566462, -0.25342769,
       -0.12579473, -0.23208042, -0.02068966, -0.30063694,  0.00889097,
       -0.18449874,  0.02529359,  0.03392706,  0.06728641,  0.00892857,
        0.1565008 , -0.31942978, -0.27139241, -0.65037194, -0.57311879,
       -0.45891003, -0.28850628, -0.38086802, -0.10212972, -0.05497835,
       -0.07679604, -0.0702679 ,  0.1223355 ,  0.00878349,  0.08861859,
       -0.02422611,  0.18694097,  0.07132996,  0.04507291, -0.56668396,
       -0.51037528]), 'vert12': array([-0.49167592, -0.56622325, -0.20373614, -0.62191624, -0.26878771,
       -0.3113612 , -0.01288783, -0.21038825,  0.19539585, -0.17997685,
        0.32288229, -0.12608919,  0.04110997, -0.02659875,  0.29840547,
        0.23915344, -0.61231701, -0.54107048, -0.35644172, -0.17073171,
       -0.26473577, -0.38083385, -0.33668101, -0.09125475,  0.12043978,
        0.187249  ,  0.0821485 , -0.0156344 ,  0.17473118, -0.02212167,
       -0.0066335 ,  0.13389831,  0.30311457,  0.25478065, -0.5254902 ,
       -0.50110375])}
Using saved exact energies
Data collected can be found at experiments/4x2_single_U_4_nocc_15_d_1-0915-212718/2x4
