{'theta': True, 'zeta': True, 'chi': False, 'gamma': True, 'phi': True, 'time': None}
{'theta': False, 'zeta': False, 'chi': False, 'gamma': False, 'phi': False, 'time': None}
                  (3, 2)
                  │
                  │
         (4, 1)───(4, 2)───(4, 3)
         │        │        │
         │        │        │
(5, 0)───(5, 1)───(5, 2)───(5, 3)───(5, 4)
         │        │        │        │
         │        │        │        │
         (6, 1)───(6, 2)───(6, 3)───(6, 4)───(6, 5)
                  │        │        │        │
                  │        │        │        │
                  (7, 2)───(7, 3)───(7, 4)───(7, 5)───(7, 6)
                           │        │        │
                           │        │        │
                           (8, 3)───(8, 4)───(8, 5)
                                    │
                                    │
                                    (9, 4)
Start at: (3, 2), with dr
Using qubits [cirq.GridQubit(3, 2), cirq.GridQubit(4, 2), cirq.GridQubit(4, 3), cirq.GridQubit(5, 3), cirq.GridQubit(5, 4), cirq.GridQubit(6, 4), cirq.GridQubit(6, 5), cirq.GridQubit(7, 5), cirq.GridQubit(4, 1), cirq.GridQubit(5, 1), cirq.GridQubit(5, 2), cirq.GridQubit(6, 2), cirq.GridQubit(6, 3), cirq.GridQubit(7, 3), cirq.GridQubit(7, 4), cirq.GridQubit(8, 4)]
Using qubits, JW:[cirq.GridQubit(3, 2), cirq.GridQubit(4, 2), cirq.GridQubit(4, 3), cirq.GridQubit(5, 3), cirq.GridQubit(5, 4), cirq.GridQubit(6, 4), cirq.GridQubit(6, 5), cirq.GridQubit(7, 5), cirq.GridQubit(4, 1), cirq.GridQubit(5, 1), cirq.GridQubit(5, 2), cirq.GridQubit(6, 2), cirq.GridQubit(6, 3), cirq.GridQubit(7, 3), cirq.GridQubit(7, 4), cirq.GridQubit(8, 4)]
                  [31m(3, 2)[0m
                  │
                  │
         [35m(4, 1)[0m───[31m(4, 2)[0m───[31m(4, 3)[0m
         │        │        │
         │        │        │
(5, 0)───[35m(5, 1)[0m───[35m(5, 2)[0m───[31m(5, 3)[0m───[31m(5, 4)[0m
         │        │        │        │
         │        │        │        │
         (6, 1)───[35m(6, 2)[0m───[35m(6, 3)[0m───[31m(6, 4)[0m───[31m(6, 5)[0m
                  │        │        │        │
                  │        │        │        │
                  (7, 2)───[35m(7, 3)[0m───[35m(7, 4)[0m───[31m(7, 5)[0m───(7, 6)
                           │        │        │
                           │        │        │
                           (8, 3)───[35m(8, 4)[0m───(8, 5)
                                    │
                                    │
                                    (9, 4)
None
Meas types ['onsite0', 'horiz0', 'vert02', 'vert12']
Prepped onsite, pairs=[(0, 8), (1, 9), (2, 10), (3, 11), (4, 12), (5, 13), (6, 14), (7, 15)]
Prepped horiz, pairs=[(0, 1), (2, 3), (4, 5), (6, 7), (8, 9), (10, 11), (12, 13), (14, 15)]
Prepped vert0, pairs=[(1, 2), (3, 4), (5, 6), (9, 10), (11, 12), (13, 14)]
Prepped vert1, pairs=[(1, 2), (3, 4), (5, 6), (9, 10), (11, 12), (13, 14)]
Set recompilation to False
Got pairs set [(10, 11), (5, 6), (3, 11), (5, 13), (8, 9), (4, 12), (6, 14), (1, 2), (6, 7), (7, 15), (12, 13), (4, 5), (2, 10), (9, 10), (2, 3), (1, 9), (14, 15), (0, 8), (11, 12), (0, 1), (13, 14), (3, 4)]
---Starting to do calibration: delta 3.348149674
---Starting to set up measurements: delta 1.5359798199999997
---Starting to run VQE: delta 3.1847025129999995
No optimisation, save file is experiments/4x2_single_U_4_nocc_10_d_1-0915-221840/2x4/processed/processed.json
Given params: [[[[[0.527, 0.279, 0.628, 0.618]]], [[[-0.527, -0.279, -0.628, -0.618]]], [[[0, 0.279, 0.628, 0.618]]], [[[0, -0.279, -0.628, -0.618]]]]]
---Preparing executables
---Running executables, 16 in batch, delta=10.647683429999999
---Extracting values delta=2.569345405
---Extracted values delta=70.006012339
===6.655623870866462 6.103694920566249 7.442914672119703 6.978611551895256 1631740811.8165472
Computed energies [6.379659395716356], params [[[[0.527, 0.279, 0.628, 0.618]]], [[[-0.527, -0.279, -0.628, -0.618]]], [[[0, 0.279, 0.628, 0.618]]], [[[0, -0.279, -0.628, -0.618]]]]
***6.379659395716356 1631740811.8182569
---VQE complete: delta 83.230135577
---Starting TFLO
Using saved points
Using params [[[0, 1.5708, 0, 0]], [[0, 1.5708, 4.71239, 0]], [[0, 1.5708, 2.35619, 0.785398]], [[0, 1.5708, 3.14159, 0.785398]], [[0, 1.5708, 0.785398, 3.14159]], [[0, 1.5708, 0, 3.14159]], [[0, 2.35619, 0.785398, 3.92699]], [[0, 2.35619, 2.35619, 3.14159]], [[0, 4.71239, 3.92699, 2.35619]], [[0, 0, 0, 4.71239]], [[0, 4.71239, 0.785398, 5.49779]], [[0, 1.5708, 3.92699, 3.14159]], [[0, 3.92699, 4.71239, 3.92699]], [[0, 3.14159, 3.92699, 3.92699]], [[0, 1.5708, 4.71239, 5.49779]], [[0, 3.14159, 3.92699, 4.71239]], [[0, 0.279, 0.628, 0.618]], [[0.527, 0.279, 0.628, 0.618]], [[0, -1.5708, 0, 0]], [[0, -1.5708, -4.71239, 0]], [[0, -1.5708, -2.35619, -0.785398]], [[0, -1.5708, -3.14159, -0.785398]], [[0, -1.5708, -0.785398, -3.14159]], [[0, -1.5708, 0, -3.14159]], [[0, -2.35619, -0.785398, -3.92699]], [[0, -2.35619, -2.35619, -3.14159]], [[0, -4.71239, -3.92699, -2.35619]], [[0, 0, 0, -4.71239]], [[0, -4.71239, -0.785398, -5.49779]], [[0, -1.5708, -3.92699, -3.14159]], [[0, -3.92699, -4.71239, -3.92699]], [[0, -3.14159, -3.92699, -3.92699]], [[0, -1.5708, -4.71239, -5.49779]], [[0, -3.14159, -3.92699, -4.71239]], [[0, -0.279, -0.628, -0.618]], [[-0.527, -0.279, -0.628, -0.618]]]
---Preparing executables
---Running executables, 144 in batch, delta=83.052736543
---Extracting values delta=10.790694574000014
---Extracted values delta=155.685031802
---Time for noisy calculation: 249.557303434
***TFLON: 7.617255716607348,7.667620197309825,7.824555192160322,9.019229250600965,9.39302032491155,9.700392260848897,10.90213590274142,11.574839099050436,11.449468464647993,11.712372484500042,12.466232379555498,14.109468425848739,13.989327655159457,15.197017030104684,15.145660339395276,16.312241583554645,7.331443179096276,6.634474604809596,7.437204597692546,8.298032026728201,8.489547680171945,8.840937146503666,9.558116939088718,10.131652862783934,10.921044591690332,11.89822013076196,11.62116965047219,12.047320569018327,12.699434827413363,13.47762310634846,13.9858597611738,14.53781160564881,14.802355162530931,15.59058220551229,6.843108340242563,6.114599287306627 1631741064.24409
Noisy energies by type: {'onsite0': array([12.76871965, 12.66311247, 12.35961983, 12.7033195 , 12.97205217,
       12.79555219, 13.09687665, 12.49551924, 12.82494759, 12.73323398,
       12.768954  , 12.99172699, 12.7070166 , 12.96377953, 12.65900783,
       13.00453696, 13.0122449 , 11.79272442, 12.721875  , 12.76243655,
       12.9714577 , 12.58002594, 12.54056745, 12.68025157, 12.42083966,
       12.72699925, 12.5398275 , 12.70774738, 12.82167488, 12.45614959,
       12.59061779, 12.59963245, 12.76097561, 12.61721992, 12.57534943,
       11.53919359]), 'horiz0': array([-1.41189016, -1.39634631, -1.20462885, -1.05754796, -1.14969361,
       -1.39852901, -0.92911607,  0.29940795, -0.59893899, -1.43509865,
       -1.1938326 ,  0.11184939, -0.17705461,  0.48502832, -0.3003178 ,
        0.74449108, -1.46768894, -1.22752241, -1.4133889 , -1.11007026,
       -1.31988767, -1.23112481, -1.09944191, -1.31081081, -0.90007706,
       -0.43390192, -0.82930757, -1.33650542, -1.24034673, -0.29185703,
       -0.58697318, -0.2732589 , -0.33298647,  0.12919897, -1.49804941,
       -1.51115671]), 'vert02': array([-1.98815654, -1.78963571, -1.39716312, -1.27423231, -0.73521716,
       -0.84391125, -0.22691501, -0.11609499, -0.83831728,  0.24716888,
        0.56935237,  0.09885057,  0.08780733,  0.3289273 ,  1.26008858,
        0.8279277 , -2.22294148, -2.07576558, -2.12313335, -1.92196238,
       -1.39317124, -1.42046049, -0.26315789, -0.47446336,  0.26644902,
        0.29933538, -0.43287037,  0.48503145,  0.76782274,  0.11711712,
        0.34191919,  0.69258312,  1.02783937,  1.04734946, -2.13326393,
       -1.87217479]), 'vert12': array([-1.75141723, -1.80951025, -1.93327267, -1.35230999, -1.69412107,
       -0.85271967, -1.03870968, -1.10399311,  0.06177715,  0.16706827,
        0.32175861,  0.90704147,  1.37155833,  1.41928188,  1.52688172,
        1.73528583, -1.9901713 , -1.85496183, -1.74814815, -1.43237188,
       -1.76885111, -1.08750349, -1.61985071, -0.76332454, -0.86616702,
       -0.69421258,  0.34352009,  0.19104716,  0.35028394,  1.19621343,
        1.64029596,  1.51885494,  1.34652666,  1.79681386, -2.10092775,
       -2.04126281])}
Using saved exact energies
Data collected can be found at experiments/4x2_single_U_4_nocc_10_d_1-0915-221840/2x4
