{'theta': True, 'zeta': True, 'chi': False, 'gamma': True, 'phi': True, 'time': None}
{'theta': False, 'zeta': False, 'chi': False, 'gamma': False, 'phi': False, 'time': None}
Start at: (3, 2), with dr
Using qubits [cirq.GridQubit(3, 2), cirq.GridQubit(4, 2), cirq.GridQubit(4, 3), cirq.GridQubit(5, 3), cirq.GridQubit(5, 4), cirq.GridQubit(6, 4), cirq.GridQubit(6, 5), cirq.GridQubit(7, 5), cirq.GridQubit(4, 1), cirq.GridQubit(5, 1), cirq.GridQubit(5, 2), cirq.GridQubit(6, 2), cirq.GridQubit(6, 3), cirq.GridQubit(7, 3), cirq.GridQubit(7, 4), cirq.GridQubit(8, 4)]
Using qubits, JW:[cirq.GridQubit(3, 2), cirq.GridQubit(4, 2), cirq.GridQubit(4, 3), cirq.GridQubit(5, 3), cirq.GridQubit(5, 4), cirq.GridQubit(6, 4), cirq.GridQubit(6, 5), cirq.GridQubit(7, 5), cirq.GridQubit(4, 1), cirq.GridQubit(5, 1), cirq.GridQubit(5, 2), cirq.GridQubit(6, 2), cirq.GridQubit(6, 3), cirq.GridQubit(7, 3), cirq.GridQubit(7, 4), cirq.GridQubit(8, 4)]
Meas types ['onsite0', 'horiz0', 'vert02', 'vert12']
Prepped onsite, pairs=[(0, 8), (1, 9), (2, 10), (3, 11), (4, 12), (5, 13), (6, 14), (7, 15)]
Prepped horiz, pairs=[(0, 1), (2, 3), (4, 5), (6, 7), (8, 9), (10, 11), (12, 13), (14, 15)]
Prepped vert0, pairs=[(1, 2), (3, 4), (5, 6), (9, 10), (11, 12), (13, 14)]
Prepped vert1, pairs=[(1, 2), (3, 4), (5, 6), (9, 10), (11, 12), (13, 14)]
Set recompilation to False
Got pairs set [(3, 4), (4, 12), (12, 13), (5, 13), (8, 9), (0, 8), (1, 9), (13, 14), (6, 14), (4, 5), (5, 6), (14, 15), (0, 1), (9, 10), (10, 11), (1, 2), (2, 10), (6, 7), (7, 15), (3, 11), (2, 3), (11, 12)]
---Starting to do calibration: delta 0.07464446099993438
---Starting to set up measurements: delta 0.5043392279999352
---Starting to run VQE: delta 1.6672038609999618
No optimisation, save file is experiments/b7277600c8c447ab879ca31c9fd3a79b-0920-110126/2x4/processed/processed.json
parameters.json
---Preparing executables
---Running executables, 60 in batch, delta=17.27754518399979
---Extracting values delta=21.75607998700025
---Extracted values delta=0.5776575689997117
===-5.581014513969421 -6.484048008918762 -6.6512826681137085 -6.66809618473053 -6.802926778793335 -6.809892535209656 -6.8307061195373535 -6.877210736274719 -6.884815812110901 -6.889764666557312 -6.884212613105774 -6.959482669830322 -6.960035800933838 -6.967062473297119 -6.975857138633728 1632132127.8716345
Computed energies [-5.581014513969421, -6.484048008918762, -6.6512826681137085, -6.66809618473053, -6.802926778793335, -6.809892535209656, -6.8307061195373535, -6.877210736274719, -6.884815812110901, -6.889764666557312, -6.884212613105774, -6.959482669830322, -6.960035800933838, -6.967062473297119, -6.975857138633728], params [[[[0.7362342555940211, 1.2637657444059789, 0.7362342555940211, 0.7362342555940211]]], [[[0.39529178594055653, 0.9228232747525142, 0.39529178594055653, 1.0771767252474858]]], [[[0.24735590477197678, 0.7748873935839344, 0.5432276671091363, 0.929240844078906]]], [[[0.29350738114473984, 0.8210388699566975, 0.5893791434818993, 0.8830893677061429]]], [[[0.3753113913706057, 0.7392348597308316, 0.5075751332560334, 0.801285357480277]]], [[[0.395447091748741, 0.7593705601089669, 0.48743943287789815, 0.7811496571021417]]], [[[0.36902916360484317, 0.7329526319650691, 0.5138573610217959, 0.7547317289582439]]], [[[0.42972648388524837, 0.6722553116846639, 0.5745546813022011, 0.6940344086778387]]], [[[0.45153722456717915, 0.6504445710027331, 0.5527439406202703, 0.7158451493597695]]], [[[0.46262325957172207, 0.6393585359981903, 0.5638299756248132, 0.7047591143552266]]], [[[0.4708207014357476, 0.6475559778622157, 0.5720274174888387, 0.6965616724912012]]], [[[0.41082353395908244, 0.5875588103855506, 0.5120302500121735, 0.636564505014536]]], [[[0.42005210383076785, 0.596787380257236, 0.5212588198838589, 0.6273359351428506]]], [[[0.4328226604358306, 0.5840168236521732, 0.5340293764889217, 0.6145653785377878]]], [[[0.45336599543858175, 0.6045601586549243, 0.5134860414861706, 0.5940220435350367]]]]
***[-5.58101451 -6.48404801 -6.65128267 -6.66809618 -6.80292678 -6.80989254
 -6.83070612 -6.87721074 -6.88481581 -6.88976467 -6.88421261 -6.95948267
 -6.9600358  -6.96706247 -6.97585714] 1632132127.8738763
---VQE complete: delta 39.61830355400025
Data collected can be found at experiments/b7277600c8c447ab879ca31c9fd3a79b-0920-110126/2x4
