{'theta': True, 'zeta': True, 'chi': False, 'gamma': True, 'phi': True, 'time': None}
{'theta': False, 'zeta': False, 'chi': False, 'gamma': False, 'phi': False, 'time': None}
                  (3, 2)
                  │
                  │
         (4, 1)───(4, 2)───(4, 3)
         │        │        │
         │        │        │
(5, 0)───(5, 1)───(5, 2)───(5, 3)───(5, 4)
         │        │        │        │
         │        │        │        │
         (6, 1)───(6, 2)───(6, 3)───(6, 4)───(6, 5)
                  │        │        │        │
                  │        │        │        │
                  (7, 2)───(7, 3)───(7, 4)───(7, 5)───(7, 6)
                           │        │        │
                           │        │        │
                           (8, 3)───(8, 4)───(8, 5)
                                    │
                                    │
                                    (9, 4)
Start at: (3, 2), with dr
Using qubits [cirq.GridQubit(3, 2), cirq.GridQubit(4, 2), cirq.GridQubit(4, 3), cirq.GridQubit(5, 3), cirq.GridQubit(5, 4), cirq.GridQubit(6, 4), cirq.GridQubit(6, 5), cirq.GridQubit(7, 5), cirq.GridQubit(4, 1), cirq.GridQubit(5, 1), cirq.GridQubit(5, 2), cirq.GridQubit(6, 2), cirq.GridQubit(6, 3), cirq.GridQubit(7, 3), cirq.GridQubit(7, 4), cirq.GridQubit(8, 4)]
Using qubits, JW:[cirq.GridQubit(3, 2), cirq.GridQubit(4, 2), cirq.GridQubit(4, 3), cirq.GridQubit(5, 3), cirq.GridQubit(5, 4), cirq.GridQubit(6, 4), cirq.GridQubit(6, 5), cirq.GridQubit(7, 5), cirq.GridQubit(4, 1), cirq.GridQubit(5, 1), cirq.GridQubit(5, 2), cirq.GridQubit(6, 2), cirq.GridQubit(6, 3), cirq.GridQubit(7, 3), cirq.GridQubit(7, 4), cirq.GridQubit(8, 4)]
                  [31m(3, 2)[0m
                  │
                  │
         [35m(4, 1)[0m───[31m(4, 2)[0m───[31m(4, 3)[0m
         │        │        │
         │        │        │
(5, 0)───[35m(5, 1)[0m───[35m(5, 2)[0m───[31m(5, 3)[0m───[31m(5, 4)[0m
         │        │        │        │
         │        │        │        │
         (6, 1)───[35m(6, 2)[0m───[35m(6, 3)[0m───[31m(6, 4)[0m───[31m(6, 5)[0m
                  │        │        │        │
                  │        │        │        │
                  (7, 2)───[35m(7, 3)[0m───[35m(7, 4)[0m───[31m(7, 5)[0m───(7, 6)
                           │        │        │
                           │        │        │
                           (8, 3)───[35m(8, 4)[0m───(8, 5)
                                    │
                                    │
                                    (9, 4)
None
Meas types ['onsite0', 'horiz0', 'vert02', 'vert12']
Prepped onsite, pairs=[(0, 8), (1, 9), (2, 10), (3, 11), (4, 12), (5, 13), (6, 14), (7, 15)]
Prepped horiz, pairs=[(0, 1), (2, 3), (4, 5), (6, 7), (8, 9), (10, 11), (12, 13), (14, 15)]
Prepped vert0, pairs=[(1, 2), (3, 4), (5, 6), (9, 10), (11, 12), (13, 14)]
Prepped vert1, pairs=[(1, 2), (3, 4), (5, 6), (9, 10), (11, 12), (13, 14)]
Set recompilation to False
Got pairs set [(10, 11), (5, 6), (3, 11), (5, 13), (8, 9), (4, 12), (6, 14), (1, 2), (6, 7), (7, 15), (12, 13), (4, 5), (2, 10), (9, 10), (2, 3), (1, 9), (14, 15), (0, 8), (11, 12), (0, 1), (13, 14), (3, 4)]
---Starting to do calibration: delta 3.521725569000001
---Starting to set up measurements: delta 0.8523573409999994
---Starting to run VQE: delta 2.2221581419999996
No optimisation, save file is experiments/4x2_single_U_4_nocc_8_d_1-0915-220726/2x4/processed/processed.json
Given params: [[[[[0.525, 0.694, 0.426, 0.519]]], [[[-0.525, -0.694, -0.426, -0.519]]], [[[0, 0.694, 0.426, 0.519]]], [[[0, -0.694, -0.426, -0.519]]]]]
---Preparing executables
---Running executables, 16 in batch, delta=8.423953521000001
---Extracting values delta=2.587014841000002
---Extracted values delta=74.81990535700001
===1.6335844720007566 0.8202338091150625 1.7588399280805067 2.1451054424945912 1631740139.362245
Computed energies [1.2269091405579096], params [[[[0.525, 0.694, 0.426, 0.519]]], [[[-0.525, -0.694, -0.426, -0.519]]], [[[0, 0.694, 0.426, 0.519]]], [[[0, -0.694, -0.426, -0.519]]]]
***1.2269091405579096 1631740139.364162
---VQE complete: delta 85.838031943
---Starting TFLO
Using saved points
Using params [[[0, 2.35619, 0, 0]], [[0, 2.35619, 0, 1.5708]], [[0, 3.92699, 4.71239, 0.785398]], [[0, 4.71239, 0.785398, 3.14159]], [[0, 0.785398, 3.14159, 1.5708]], [[0, 1.5708, 0, 3.92699]], [[0, 1.5708, 0, 4.71239]], [[0, 2.35619, 5.49779, 3.92699]], [[0, 0, 4.71239, 3.14159]], [[0, 5.49779, 1.5708, 4.71239]], [[0, 0.785398, 4.71239, 3.92699]], [[0, 0, 1.5708, 5.49779]], [[0, 2.35619, 3.14159, 3.92699]], [[0, 4.71239, 2.35619, 4.71239]], [[0, 3.14159, 3.92699, 4.71239]], [[0, 2.35619, 3.92699, 5.49779]], [[0, 0.694, 0.426, 0.519]], [[0.525, 0.694, 0.426, 0.519]], [[0, -2.35619, 0, 0]], [[0, -2.35619, 0, -1.5708]], [[0, -3.92699, -4.71239, -0.785398]], [[0, -4.71239, -0.785398, -3.14159]], [[0, -0.785398, -3.14159, -1.5708]], [[0, -1.5708, 0, -3.92699]], [[0, -1.5708, 0, -4.71239]], [[0, -2.35619, -5.49779, -3.92699]], [[0, 0, -4.71239, -3.14159]], [[0, -5.49779, -1.5708, -4.71239]], [[0, -0.785398, -4.71239, -3.92699]], [[0, 0, -1.5708, -5.49779]], [[0, -2.35619, -3.14159, -3.92699]], [[0, -4.71239, -2.35619, -4.71239]], [[0, -3.14159, -3.92699, -4.71239]], [[0, -2.35619, -3.92699, -5.49779]], [[0, -0.694, -0.426, -0.519]], [[-0.525, -0.694, -0.426, -0.519]]]
---Preparing executables
---Running executables, 144 in batch, delta=78.48417781200001
---Extracting values delta=10.67793713399999
---Extracted values delta=149.543888558
---Time for noisy calculation: 238.73550699100002
***TFLON: 2.5577422246197217,2.170019597287184,2.39583762051316,2.7625813370612367,3.3621127189743394,3.7322120214103127,4.432317232389139,5.140759683098591,6.280927205015262,6.937601852902289,7.47784072025438,8.091558693876092,9.98254576820849,9.134726335791408,10.424574444911576,11.589272981479134,1.6498010917715769,1.5414275369311823,1.6908060599161765,2.356783591570051,3.2023864107065467,3.972224034840856,4.469882165957716,4.868690921652104,5.634839983913092,5.863600127530234,7.371696725947789,7.266886998403434,8.497515560036188,8.768757701909976,9.083733989093684,9.49329843036982,10.850063666479208,11.250238337395405,2.1983596181573866,0.7922134766422553 1631740381.216974
Noisy energies by type: {'onsite0': array([8.52960526, 8.42405885, 8.11306806, 8.11840412, 7.73746184,
       8.2833226 , 8.27989822, 8.3584504 , 8.04748781, 8.27955585,
       8.03590065, 8.25978648, 8.52879017, 7.99577167, 8.14696768,
       8.33822261, 7.92509363, 6.73240083, 7.56498005, 7.67890692,
       8.29564855, 8.08644401, 8.43442799, 7.96913845, 8.16719983,
       7.835097  , 8.06699173, 7.98373636, 8.14864301, 8.18340975,
       7.57479313, 8.07062327, 8.11030972, 7.93921486, 8.50073638,
       6.90113589]), 'horiz0': array([-2.888155  , -2.89900552, -2.79070859, -2.6358759 , -1.9976128 ,
       -2.82429114, -2.82746322, -2.34997771, -1.44846171, -0.68850924,
       -0.84460367, -0.23307384,  1.1812709 ,  0.78632479,  1.19499665,
        1.81818182, -2.89212828, -2.1842832 , -2.79344113, -2.8781362 ,
       -2.76055046, -2.47684235, -1.85840318, -2.77703901, -2.70124666,
       -2.21409336, -1.35360212, -0.54798903, -0.67032726, -0.14094402,
        1.26941855,  1.09233177,  1.42000881,  1.83614458, -2.95148601,
       -2.89673433]), 'vert02': array([-1.58036472, -1.68044549, -1.42153846, -0.97969652, -1.19730744,
       -0.87194364, -0.42603175, -0.88691609, -0.83119882,  0.19241543,
       -0.52392947,  0.46107247, -0.06935796,  0.35404531,  0.10603798,
        0.38478931, -1.92401353, -1.70644559, -1.52923474, -1.15034364,
       -1.38061002, -0.43481053, -1.04829721, -0.15533362,  0.13864674,
       -0.00231092, -0.22716775,  0.32192205,  0.13706524,  0.55323635,
        0.18687831,  0.48242475,  0.55329623,  0.71496193, -1.68981766,
       -1.55255505]), 'vert12': array([-1.50334332e+00, -1.67458824e+00, -1.50498339e+00, -1.74025036e+00,
       -1.18042889e+00, -8.54875805e-01, -5.94086022e-01,  1.92030725e-02,
        5.13099930e-01, -8.45860177e-01,  8.10473216e-01, -3.96226415e-01,
        3.41842655e-01, -1.41542817e-03,  9.76572133e-01,  1.04807925e+00,
       -1.45915073e+00, -1.30024450e+00, -1.55149813e+00, -1.29364348e+00,
       -9.52101662e-01, -1.20256709e+00, -1.05784543e+00, -1.68074903e-01,
        3.02400739e-02,  2.44907407e-01,  8.85474860e-01, -4.90782374e-01,
        8.82134571e-01,  1.73055617e-01,  5.26440038e-02, -1.52081362e-01,
        7.66448903e-01,  7.59916974e-01, -1.66107308e+00, -1.65963303e+00])}
Using saved exact energies
Data collected can be found at experiments/4x2_single_U_4_nocc_8_d_1-0915-220726/2x4
