{'theta': True, 'zeta': True, 'chi': False, 'gamma': True, 'phi': True, 'time': None}
{'theta': False, 'zeta': False, 'chi': False, 'gamma': False, 'phi': False, 'time': None}
                  (3, 2)
                  │
                  │
         (4, 1)───(4, 2)───(4, 3)
         │        │        │
         │        │        │
(5, 0)───(5, 1)───(5, 2)───(5, 3)───(5, 4)
         │        │        │        │
         │        │        │        │
         (6, 1)───(6, 2)───(6, 3)───(6, 4)───(6, 5)
                  │        │        │        │
                  │        │        │        │
                  (7, 2)───(7, 3)───(7, 4)───(7, 5)───(7, 6)
                           │        │        │
                           │        │        │
                           (8, 3)───(8, 4)───(8, 5)
                                    │
                                    │
                                    (9, 4)
Start at: (3, 2), with dr
Using qubits [cirq.GridQubit(3, 2), cirq.GridQubit(4, 2), cirq.GridQubit(4, 3), cirq.GridQubit(5, 3), cirq.GridQubit(5, 4), cirq.GridQubit(6, 4), cirq.GridQubit(6, 5), cirq.GridQubit(7, 5), cirq.GridQubit(4, 1), cirq.GridQubit(5, 1), cirq.GridQubit(5, 2), cirq.GridQubit(6, 2), cirq.GridQubit(6, 3), cirq.GridQubit(7, 3), cirq.GridQubit(7, 4), cirq.GridQubit(8, 4)]
Using qubits, JW:[cirq.GridQubit(3, 2), cirq.GridQubit(4, 2), cirq.GridQubit(4, 3), cirq.GridQubit(5, 3), cirq.GridQubit(5, 4), cirq.GridQubit(6, 4), cirq.GridQubit(6, 5), cirq.GridQubit(7, 5), cirq.GridQubit(4, 1), cirq.GridQubit(5, 1), cirq.GridQubit(5, 2), cirq.GridQubit(6, 2), cirq.GridQubit(6, 3), cirq.GridQubit(7, 3), cirq.GridQubit(7, 4), cirq.GridQubit(8, 4)]
                  [31m(3, 2)[0m
                  │
                  │
         [35m(4, 1)[0m───[31m(4, 2)[0m───[31m(4, 3)[0m
         │        │        │
         │        │        │
(5, 0)───[35m(5, 1)[0m───[35m(5, 2)[0m───[31m(5, 3)[0m───[31m(5, 4)[0m
         │        │        │        │
         │        │        │        │
         (6, 1)───[35m(6, 2)[0m───[35m(6, 3)[0m───[31m(6, 4)[0m───[31m(6, 5)[0m
                  │        │        │        │
                  │        │        │        │
                  (7, 2)───[35m(7, 3)[0m───[35m(7, 4)[0m───[31m(7, 5)[0m───(7, 6)
                           │        │        │
                           │        │        │
                           (8, 3)───[35m(8, 4)[0m───(8, 5)
                                    │
                                    │
                                    (9, 4)
None
Meas types ['onsite0', 'horiz0', 'vert02', 'vert12']
Prepped onsite, pairs=[(0, 8), (1, 9), (2, 10), (3, 11), (4, 12), (5, 13), (6, 14), (7, 15)]
Prepped horiz, pairs=[(0, 1), (2, 3), (4, 5), (6, 7), (8, 9), (10, 11), (12, 13), (14, 15)]
Prepped vert0, pairs=[(1, 2), (3, 4), (5, 6), (9, 10), (11, 12), (13, 14)]
Prepped vert1, pairs=[(1, 2), (3, 4), (5, 6), (9, 10), (11, 12), (13, 14)]
Set recompilation to False
Got pairs set [(10, 11), (5, 6), (3, 11), (5, 13), (8, 9), (4, 12), (6, 14), (1, 2), (6, 7), (7, 15), (12, 13), (4, 5), (2, 10), (9, 10), (2, 3), (1, 9), (14, 15), (0, 8), (11, 12), (0, 1), (13, 14), (3, 4)]
---Starting to do calibration: delta 3.3418279140000005
---Starting to set up measurements: delta 0.8405894850000006
---Starting to run VQE: delta 2.218174502
No optimisation, save file is experiments/4x2_single_U_8_nocc_4_d_1-0919-230531/2x4/processed/processed.json
Given params: [[[[[0.717, 0.53, 0.419, 0.236]]], [[[-0.717, -0.53, -0.419, -0.236]]], [[[0, 0.53, 0.419, 0.236]]], [[[0, -0.53, -0.419, -0.236]]]]]
---Preparing executables
---Running executables, 16 in batch, delta=8.233478946999998
---Extracting values delta=3.504950991000001
---Extracted values delta=71.904668234
===-3.227872667342759 -3.513782671132195 -2.1936066865690984 -1.7921683160121977 1632089222.0292952
Computed energies [-3.3708276692374772], params [[[[0.717, 0.53, 0.419, 0.236]]], [[[-0.717, -0.53, -0.419, -0.236]]], [[[0, 0.53, 0.419, 0.236]]], [[[0, -0.53, -0.419, -0.236]]]]
***-3.3708276692374772 1632089222.031014
---VQE complete: delta 83.649784594
---Starting TFLO
Using saved points
Using params [[[0, 0, 0, 0]], [[0, 3.14159, 0, 1.5708]], [[0, 4.71239, 4.71239, 0.785398]], [[0, 3.92699, 0.785398, 3.14159]], [[0, 2.35619, 3.14159, 1.5708]], [[0, 1.5708, 0, 3.92699]], [[0, 5.49779, 0, 4.71239]], [[0, 1.5708, 5.49779, 3.92699]], [[0, 0, 4.71239, 3.14159]], [[0, 0, 1.5708, 4.71239]], [[0, 0, 4.71239, 3.92699]], [[0, 0.785398, 1.5708, 5.49779]], [[0, 0.785398, 3.14159, 3.92699]], [[0, 0, 2.35619, 4.71239]], [[0, 0.785398, 3.92699, 4.71239]], [[0, 0, 3.92699, 5.49779]], [[0, 0.53, 0.419, 0.236]], [[0.717, 0.53, 0.419, 0.236]], [[0, 0, 0, 0]], [[0, -3.14159, 0, -1.5708]], [[0, -4.71239, -4.71239, -0.785398]], [[0, -3.92699, -0.785398, -3.14159]], [[0, -2.35619, -3.14159, -1.5708]], [[0, -1.5708, 0, -3.92699]], [[0, -5.49779, 0, -4.71239]], [[0, -1.5708, -5.49779, -3.92699]], [[0, 0, -4.71239, -3.14159]], [[0, 0, -1.5708, -4.71239]], [[0, 0, -4.71239, -3.92699]], [[0, -0.785398, -1.5708, -5.49779]], [[0, -0.785398, -3.14159, -3.92699]], [[0, 0, -2.35619, -4.71239]], [[0, -0.785398, -3.92699, -4.71239]], [[0, 0, -3.92699, -5.49779]], [[0, -0.53, -0.419, -0.236]], [[-0.717, -0.53, -0.419, -0.236]]]
---Preparing executables
---Running executables, 144 in batch, delta=74.75315191600001
---Extracting values delta=8.293384567999993
---Extracted values delta=148.859666973
---Time for noisy calculation: 231.93074383599998
***TFLON: -1.9879451249723994,-1.0546681350535139,-0.5116543820505947,0.045733315248835504,1.1309448899494208,1.5957559187892627,2.603594400616902,2.696485279074345,3.800310402466629,4.197045851832829,5.164173830552582,5.6221462569928065,6.156217610528146,6.812593150883492,7.9310559705012915,8.906766051273788,-2.1552593161326694,-3.422217245464419,-1.869098222390313,-1.1049223343544572,-0.9508070022788405,0.5789692612102155,0.761193487036969,1.1935006349838637,1.7335406026195033,2.713481628554206,3.6546483701474766,4.428291413820345,4.899053799268568,6.024991018273265,7.275515404918454,6.820695619365839,8.093332018958138,8.74441386561523,-1.643434294403784,-3.6440807051566466 1632089456.894711
Noisy energies by type: {'onsite0': array([4.02639683, 4.02717826, 4.06905481, 3.62442105, 4.44030182,
       4.11985617, 4.53399258, 4.04787813, 4.18912947, 4.02564103,
       4.09339207, 3.92324094, 3.62396078, 4.22613065, 3.88939691,
       4.07368421, 3.86454849, 1.63177207, 4.13497207, 4.08529742,
       4.03062047, 4.18610371, 3.74702886, 3.87572316, 3.80081633,
       4.12945247, 4.13290113, 3.96805243, 3.92879067, 4.16551145,
       4.59035159, 4.10075773, 4.32596233, 4.08047145, 4.34101589,
       2.12892828]), 'horiz0': array([-2.9484959 , -2.93436667, -2.8657845 , -2.38449771, -2.01023641,
       -2.9632781 , -2.97099095, -2.38231722, -1.37854202, -0.59337562,
       -0.8340081 , -0.03877453,  1.14475558,  1.22963645,  1.43196645,
        2.02475248, -2.95766129, -2.35918161, -2.93638915, -2.90128144,
       -2.83688889, -2.48165138, -1.87925208, -2.8812243 , -3.0541962 ,
       -2.35272727, -1.36898876, -0.32105972, -0.80080036,  0.10636364,
        1.25557987,  1.37477876,  1.35179808,  1.91525424, -2.97551877,
       -2.89965398]), 'vert02': array([-1.6480829 , -1.09372419, -0.90702479, -0.34571307, -0.56675116,
        0.30442443,  0.52341542,  0.29630435, -0.06865795,  0.78185247,
        0.53403805,  1.0925965 ,  0.72785214,  0.97790174,  1.16083765,
        1.35524357, -1.73050095, -1.51490574, -1.66102412, -1.00152738,
       -1.40261866, -0.22950144, -0.56311493,  0.1891258 ,  0.56729233,
        0.10746448, -0.21787823,  0.85536418,  0.2607432 ,  1.23712446,
        0.63447251,  0.99150923,  0.81079958,  1.19204616, -1.48342362,
       -1.4172747 ]), 'vert12': array([-1.41776316, -1.05375552, -0.8078999 , -0.84847696, -0.73236936,
        0.13475342,  0.51717734,  0.73462002,  1.0583809 , -0.01707203,
        1.3707518 ,  0.64508335,  0.65964912,  0.37892431,  1.44885496,
        1.4530858 , -1.33164557, -1.17990196, -1.40665702, -1.28741093,
       -0.74191992, -0.89598163, -0.54346837,  0.00987598,  0.41962815,
        0.82929195,  1.10861423, -0.07406547,  1.51032028,  0.51599147,
        0.79511143,  0.35364989,  1.60477203,  1.55664202, -1.52550779,
       -1.45608031])}
Using saved exact energies
Data collected can be found at experiments/4x2_single_U_8_nocc_4_d_1-0919-230531/2x4
