{'theta': True, 'zeta': True, 'chi': False, 'gamma': True, 'phi': True, 'time': None}
{'theta': False, 'zeta': False, 'chi': False, 'gamma': False, 'phi': False, 'time': None}
                  (3, 2)
                  │
                  │
         (4, 1)───(4, 2)───(4, 3)
         │        │        │
         │        │        │
(5, 0)───(5, 1)───(5, 2)───(5, 3)───(5, 4)
         │        │        │        │
         │        │        │        │
         (6, 1)───(6, 2)───(6, 3)───(6, 4)───(6, 5)
                  │        │        │        │
                  │        │        │        │
                  (7, 2)───(7, 3)───(7, 4)───(7, 5)───(7, 6)
                           │        │        │
                           │        │        │
                           (8, 3)───(8, 4)───(8, 5)
                                    │
                                    │
                                    (9, 4)
Start at: (3, 2), with dr
Using qubits [cirq.GridQubit(3, 2), cirq.GridQubit(4, 2), cirq.GridQubit(4, 3), cirq.GridQubit(5, 3), cirq.GridQubit(5, 4), cirq.GridQubit(6, 4), cirq.GridQubit(6, 5), cirq.GridQubit(7, 5), cirq.GridQubit(4, 1), cirq.GridQubit(5, 1), cirq.GridQubit(5, 2), cirq.GridQubit(6, 2), cirq.GridQubit(6, 3), cirq.GridQubit(7, 3), cirq.GridQubit(7, 4), cirq.GridQubit(8, 4)]
Using qubits, JW:[cirq.GridQubit(3, 2), cirq.GridQubit(4, 2), cirq.GridQubit(4, 3), cirq.GridQubit(5, 3), cirq.GridQubit(5, 4), cirq.GridQubit(6, 4), cirq.GridQubit(6, 5), cirq.GridQubit(7, 5), cirq.GridQubit(4, 1), cirq.GridQubit(5, 1), cirq.GridQubit(5, 2), cirq.GridQubit(6, 2), cirq.GridQubit(6, 3), cirq.GridQubit(7, 3), cirq.GridQubit(7, 4), cirq.GridQubit(8, 4)]
                  [31m(3, 2)[0m
                  │
                  │
         [35m(4, 1)[0m───[31m(4, 2)[0m───[31m(4, 3)[0m
         │        │        │
         │        │        │
(5, 0)───[35m(5, 1)[0m───[35m(5, 2)[0m───[31m(5, 3)[0m───[31m(5, 4)[0m
         │        │        │        │
         │        │        │        │
         (6, 1)───[35m(6, 2)[0m───[35m(6, 3)[0m───[31m(6, 4)[0m───[31m(6, 5)[0m
                  │        │        │        │
                  │        │        │        │
                  (7, 2)───[35m(7, 3)[0m───[35m(7, 4)[0m───[31m(7, 5)[0m───(7, 6)
                           │        │        │
                           │        │        │
                           (8, 3)───[35m(8, 4)[0m───(8, 5)
                                    │
                                    │
                                    (9, 4)
None
Meas types ['onsite0', 'horiz0', 'horiz1']
Prepped onsite, pairs=[(0, 8), (1, 9), (2, 10), (3, 11), (4, 12), (5, 13), (6, 14), (7, 15)]
Prepped horiz, pairs=[(0, 1), (2, 3), (4, 5), (6, 7), (8, 9), (10, 11), (12, 13), (14, 15)]
Prepped horiz, pairs=[(1, 2), (3, 4), (5, 6), (9, 10), (11, 12), (13, 14)]
Set recompilation to False
Got pairs set [(10, 11), (5, 6), (3, 11), (5, 13), (8, 9), (4, 12), (6, 14), (1, 2), (6, 7), (7, 15), (12, 13), (4, 5), (2, 10), (9, 10), (2, 3), (1, 9), (14, 15), (0, 8), (11, 12), (0, 1), (13, 14), (3, 4)]
---Starting to do calibration: delta 3.621135904000001
---Starting to set up measurements: delta 0.6683547179999998
---Starting to run VQE: delta 1.2078078879999996
No optimisation, save file is experiments/8x1_single_zz_x_U_4_nocc_7_d_1-0914-010839/8x1/processed/processed.json
Given params: [[[[[0.603, 0.596, 0.472]]], [[[-0.603, -0.596, -0.472]]], [[[0, 0.596, 0.472]]], [[[0, -0.596, -0.472]]]]]
---Preparing executables
---Running executables, 12 in batch, delta=5.391138171999998
---Extracting values delta=3.8377145319999997
---Extracted values delta=54.154220073999994
===-1.292374889233834 -1.1025909854684917 -0.5738981262812022 0.20366707990113442 1631578188.856299
Computed energies [-1.1974829373511628], params [[[[0.603, 0.596, 0.472]]], [[[-0.603, -0.596, -0.472]]], [[[0, 0.596, 0.472]]], [[[0, -0.596, -0.472]]]]
***-1.1974829373511628 1631578188.8586261
---VQE complete: delta 63.38890915300001
---Starting TFLO
Using saved points
Using params [[[0, 0, 0]], [[0, 0, 0.785398]], [[0, 1.5708, 0.785398]], [[0, 1.5708, 1.5708]], [[0, 5.49779, 0.785398]], [[0, 2.35619, 0.785398]], [[0, 2.35619, 1.5708]], [[0, 5.49779, 1.5708]], [[0, 0.785398, 3.14159]], [[0, 0, 3.14159]], [[0, 5.49779, 2.35619]], [[0, 5.49779, 3.92699]], [[0, 2.35619, 3.14159]], [[0, 4.71239, 2.35619]], [[0, 3.92699, 2.35619]], [[0, 3.92699, 3.92699]], [[0, 0.596, 0.472]], [[0.603, 0.596, 0.472]], [[0, 0, 0]], [[0, 0, -0.785398]], [[0, -1.5708, -0.785398]], [[0, -1.5708, -1.5708]], [[0, -5.49779, -0.785398]], [[0, -2.35619, -0.785398]], [[0, -2.35619, -1.5708]], [[0, -5.49779, -1.5708]], [[0, -0.785398, -3.14159]], [[0, 0, -3.14159]], [[0, -5.49779, -2.35619]], [[0, -5.49779, -3.92699]], [[0, -2.35619, -3.14159]], [[0, -4.71239, -2.35619]], [[0, -3.92699, -2.35619]], [[0, -3.92699, -3.92699]], [[0, -0.596, -0.472]], [[-0.603, -0.596, -0.472]]]
---Preparing executables
---Running executables, 108 in batch, delta=46.90000564600001
---Extracting values delta=13.588130292000017
---Extracted values delta=103.54519008300002
---Time for noisy calculation: 164.05342075599998
***TFLON: -0.18465392457309493,0.29372217962592195,0.6261380705871571,0.8581172750281156,1.7194342291595281,2.305727564192084,2.8079427773602217,3.3983219965198783,2.81030984141743,3.6411652346969428,4.775027001856941,5.903542906388207,5.988154637302364,5.907374597444678,5.979317904931063,6.744707709650513,-0.403600093478508,-1.074904175529898,-0.2446328148473529,0.4853853621465243,0.4020676197919999,0.9732945317314149,0.9648043571083802,1.4073164964366487,2.0718229930289285,2.654183954004986,4.066976954634058,3.6580404386614367,4.015423915330147,4.265856914008825,5.008059834767939,6.018486641085212,6.7546549016067035,7.291182705889752,0.2637823376494701,-1.027754247065085 1631578355.027817
Noisy energies by type: {'onsite0': array([5.95528005, 6.07843951, 6.22052263, 6.07581923, 6.38261263,
       6.4627383 , 6.37949167, 6.44133574, 5.44084211, 5.84175084,
       6.40266963, 6.50629614, 6.41888937, 5.99377501, 5.53606911,
       5.47983785, 5.64150943, 3.78063201, 5.81489453, 6.0797505 ,
       5.9339498 , 6.03415244, 5.48897212, 5.54313436, 5.55309168,
       5.72712146, 6.51481795, 5.875     , 5.73409427, 5.44363929,
       5.49276274, 6.25310781, 6.45710708, 6.26145158, 6.38795987,
       4.6313416 ]), 'horiz0': array([-3.77006508, -3.4348781 , -4.70196454, -4.31835749, -2.85681875,
       -4.41317365, -3.84816248, -1.28943338, -0.65606596,  0.07325924,
        0.12324863,  1.14052361, -0.70777903,  0.46390207, -0.03757977,
        0.79963735, -3.88619967, -3.01803885, -3.72059765, -3.21952317,
       -4.79977247, -4.3805986 , -2.59209961, -4.56120896, -3.87613293,
       -1.03362445, -0.60810811,  0.14260679,  0.24973342,  0.78792604,
       -0.87367491,  0.6716161 ,  0.02402135,  0.81240276, -4.09537815,
       -3.88639443]), 'horiz1': array([-2.3698689 , -2.34983923, -0.89242001, -0.89934447, -1.80635965,
        0.25616292,  0.27661358, -1.75358036, -1.9744663 , -2.27384485,
       -1.75089127, -1.74327684,  0.27704429, -0.55030249,  0.48082856,
        0.46523251, -2.15890985, -1.83749733, -2.3389297 , -2.37484197,
       -0.73210971, -0.68025931, -1.93206815,  0.4253911 ,  0.39486424,
       -2.03931306, -1.83973289, -2.35956635, -1.96840378, -1.96570842,
        0.388972  , -0.90623726,  0.27352647,  0.21732837, -2.02879938,
       -1.77270142])}
Using saved exact energies
Data collected can be found at experiments/8x1_single_zz_x_U_4_nocc_7_d_1-0914-010839/8x1
