{'theta': True, 'zeta': True, 'chi': False, 'gamma': True, 'phi': True, 'time': None}
{'theta': False, 'zeta': False, 'chi': False, 'gamma': False, 'phi': False, 'time': None}
                  (3, 2)
                  │
                  │
         (4, 1)───(4, 2)───(4, 3)
         │        │        │
         │        │        │
(5, 0)───(5, 1)───(5, 2)───(5, 3)───(5, 4)
         │        │        │        │
         │        │        │        │
         (6, 1)───(6, 2)───(6, 3)───(6, 4)───(6, 5)
                  │        │        │        │
                  │        │        │        │
                  (7, 2)───(7, 3)───(7, 4)───(7, 5)───(7, 6)
                           │        │        │
                           │        │        │
                           (8, 3)───(8, 4)───(8, 5)
                                    │
                                    │
                                    (9, 4)
Start at: (3, 2), with dr
Using qubits [cirq.GridQubit(3, 2), cirq.GridQubit(4, 2), cirq.GridQubit(4, 3), cirq.GridQubit(5, 3), cirq.GridQubit(5, 4), cirq.GridQubit(6, 4), cirq.GridQubit(6, 5), cirq.GridQubit(7, 5), cirq.GridQubit(4, 1), cirq.GridQubit(5, 1), cirq.GridQubit(5, 2), cirq.GridQubit(6, 2), cirq.GridQubit(6, 3), cirq.GridQubit(7, 3), cirq.GridQubit(7, 4), cirq.GridQubit(8, 4)]
Using qubits, JW:[cirq.GridQubit(3, 2), cirq.GridQubit(4, 2), cirq.GridQubit(4, 3), cirq.GridQubit(5, 3), cirq.GridQubit(5, 4), cirq.GridQubit(6, 4), cirq.GridQubit(6, 5), cirq.GridQubit(7, 5), cirq.GridQubit(4, 1), cirq.GridQubit(5, 1), cirq.GridQubit(5, 2), cirq.GridQubit(6, 2), cirq.GridQubit(6, 3), cirq.GridQubit(7, 3), cirq.GridQubit(7, 4), cirq.GridQubit(8, 4)]
                  [31m(3, 2)[0m
                  │
                  │
         [35m(4, 1)[0m───[31m(4, 2)[0m───[31m(4, 3)[0m
         │        │        │
         │        │        │
(5, 0)───[35m(5, 1)[0m───[35m(5, 2)[0m───[31m(5, 3)[0m───[31m(5, 4)[0m
         │        │        │        │
         │        │        │        │
         (6, 1)───[35m(6, 2)[0m───[35m(6, 3)[0m───[31m(6, 4)[0m───[31m(6, 5)[0m
                  │        │        │        │
                  │        │        │        │
                  (7, 2)───[35m(7, 3)[0m───[35m(7, 4)[0m───[31m(7, 5)[0m───(7, 6)
                           │        │        │
                           │        │        │
                           (8, 3)───[35m(8, 4)[0m───(8, 5)
                                    │
                                    │
                                    (9, 4)
None
Meas types ['onsite0', 'horiz0', 'vert02', 'vert12']
Prepped onsite, pairs=[(0, 8), (1, 9), (2, 10), (3, 11), (4, 12), (5, 13), (6, 14), (7, 15)]
Prepped horiz, pairs=[(0, 1), (2, 3), (4, 5), (6, 7), (8, 9), (10, 11), (12, 13), (14, 15)]
Prepped vert0, pairs=[(1, 2), (3, 4), (5, 6), (9, 10), (11, 12), (13, 14)]
Prepped vert1, pairs=[(1, 2), (3, 4), (5, 6), (9, 10), (11, 12), (13, 14)]
Set recompilation to False
Got pairs set [(10, 11), (5, 6), (3, 11), (5, 13), (8, 9), (4, 12), (6, 14), (1, 2), (6, 7), (7, 15), (12, 13), (4, 5), (2, 10), (9, 10), (2, 3), (1, 9), (14, 15), (0, 8), (11, 12), (0, 1), (13, 14), (3, 4)]
---Starting to do calibration: delta 3.4053310409999993
---Starting to set up measurements: delta 0.8638845719999999
---Starting to run VQE: delta 2.273313787000001
No optimisation, save file is experiments/4x2_single_U_8_nocc_10_d_1-0919-233935/2x4/processed/processed.json
Given params: [[[[[0.941, 0.265, 0.591, 0.59]]], [[[-0.941, -0.265, -0.591, -0.59]]], [[[0, 0.265, 0.591, 0.59]]], [[[0, -0.265, -0.591, -0.59]]]]]
---Preparing executables
---Running executables, 16 in batch, delta=8.603073763000001
---Extracting values delta=2.4174788320000005
---Extracted values delta=69.582627453
===17.621947361853238 16.77249487060303 20.306540570815265 19.329266155063742 1632091262.902539
Computed energies [17.197221116228135], params [[[[0.941, 0.265, 0.591, 0.59]]], [[[-0.941, -0.265, -0.591, -0.59]]], [[[0, 0.265, 0.591, 0.59]]], [[[0, -0.265, -0.591, -0.59]]]]
***17.197221116228135 1632091262.904226
---VQE complete: delta 80.60988662199999
---Starting TFLO
Using saved points
Using params [[[0, 1.5708, 0, 0]], [[0, 3.92699, 4.71239, 0]], [[0, 0.785398, 3.92699, 0]], [[0, 1.5708, 3.14159, 0.785398]], [[0, 3.92699, 0.785398, 3.14159]], [[0, 3.14159, 1.5708, 3.14159]], [[0, 0, 0.785398, 3.92699]], [[0, 4.71239, 2.35619, 3.14159]], [[0, 4.71239, 3.92699, 2.35619]], [[0, 5.49779, 0, 4.71239]], [[0, 0, 0.785398, 5.49779]], [[0, 1.5708, 3.92699, 3.14159]], [[0, 3.92699, 4.71239, 3.92699]], [[0, 1.5708, 3.92699, 3.92699]], [[0, 4.71239, 4.71239, 5.49779]], [[0, 1.5708, 3.92699, 4.71239]], [[0, 0.265, 0.591, 0.59]], [[0.941, 0.265, 0.591, 0.59]], [[0, -1.5708, 0, 0]], [[0, -3.92699, -4.71239, 0]], [[0, -0.785398, -3.92699, 0]], [[0, -1.5708, -3.14159, -0.785398]], [[0, -3.92699, -0.785398, -3.14159]], [[0, -3.14159, -1.5708, -3.14159]], [[0, 0, -0.785398, -3.92699]], [[0, -4.71239, -2.35619, -3.14159]], [[0, -4.71239, -3.92699, -2.35619]], [[0, -5.49779, 0, -4.71239]], [[0, 0, -0.785398, -5.49779]], [[0, -1.5708, -3.92699, -3.14159]], [[0, -3.92699, -4.71239, -3.92699]], [[0, -1.5708, -3.92699, -3.92699]], [[0, -4.71239, -4.71239, -5.49779]], [[0, -1.5708, -3.92699, -4.71239]], [[0, -0.265, -0.591, -0.59]], [[-0.941, -0.265, -0.591, -0.59]]]
---Preparing executables
---Running executables, 144 in batch, delta=77.56394962399999
---Extracting values delta=8.39003107900001
---Extracted values delta=157.16462329100003
---Time for noisy calculation: 243.14627346799998
***TFLON: 19.380693356299652,20.071910802474196,20.84094514677956,21.01624258473499,21.670962177542265,22.331713140946768,22.922954456324543,22.542090769913283,24.09655400403648,24.450195307845863,25.214773080571156,26.92475296860083,26.68301545532365,28.432046147174535,28.274145508940585,29.49669911007809,20.076013493377722,17.459881864743927,19.39338815752045,20.173055794502464,19.79273653228843,20.84457020785056,21.669074521367396,22.886017837458965,23.18331024815211,23.727673152727583,24.211992034478698,24.259709064893837,25.95752429098671,26.020848488782313,26.671629799821304,27.54377512628489,28.347333266552212,28.813720370600567,19.16369287888317,16.894220142130017 1632091508.918632
Noisy energies by type: {'onsite0': array([25.05288578, 25.31393342, 25.57503715, 25.30643985, 25.52912384,
       25.34316618, 25.76156218, 24.83828221, 25.51875938, 25.50684932,
       25.44057377, 25.75443861, 25.45121019, 25.68823529, 25.33466934,
       25.65977584, 25.96724517, 21.84860149, 24.94929881, 25.51859851,
       24.68495111, 24.89159685, 25.10432446, 25.49886678, 25.35253227,
       25.39713863, 25.15428857, 25.19207242, 25.62553838, 24.92415871,
       24.99802372, 24.92168675, 25.29872674, 25.08565737, 25.07761642,
       21.45324085]), 'horiz0': array([-1.45539906, -1.55072464, -1.40343461, -1.2492746 , -1.26837147,
       -0.65768194, -1.36008796, -0.39778714, -0.71302999, -1.54513364,
       -1.1840903 , -0.06951188, -0.43897273,  0.40122511, -0.0095037 ,
        0.700611  , -1.52790819, -1.0570789 , -1.49208025, -1.50226017,
       -1.45576132, -1.333159  , -1.20513506, -0.70897269, -1.20154044,
       -0.47747518, -0.80195599, -1.53487179, -1.06402439, -0.25138926,
       -0.55544505,  0.14220183, -0.01973847,  0.63960703, -1.50855683,
       -1.33164813]), 'vert02': array([-2.35717797, -1.74864063, -1.61620948, -1.48952618, -0.97725   ,
       -0.54340756, -0.30934374, -0.44953454, -0.72032677,  0.18248175,
        0.71133501,  0.14438503,  0.16747221,  0.72181343,  1.28657508,
        1.26900866, -2.21041667, -1.7278312 , -2.19866186, -1.95491301,
       -1.83490801, -1.40030597, -0.66938189, -0.15903308,  0.12289812,
        0.04101942, -0.59027081,  0.31578947,  1.01949861,  0.14175578,
        0.35911736,  0.77304091,  1.27989328,  1.22466422, -2.07485107,
       -1.5974765 ]), 'vert12': array([-1.85961538, -1.94265734, -1.71444791, -1.55139649, -1.61254019,
       -1.81036354, -1.16917602, -1.44886975,  0.01115138,  0.30599788,
        0.2469546 ,  1.09544122,  1.50330579,  1.6207723 ,  1.66240479,
        1.86730361, -2.15290682, -1.60380952, -1.86516854, -1.88836954,
       -1.60154525, -1.31356168, -1.56073298, -1.74484318, -1.09057971,
       -1.23300971,  0.44993026,  0.28671896,  0.37651169,  1.20632325,
        1.86993377,  1.70684564,  1.78845171,  1.86379174, -2.33051564,
       -1.62989608])}
Using saved exact energies
Data collected can be found at experiments/4x2_single_U_8_nocc_10_d_1-0919-233935/2x4
