{'theta': True, 'zeta': True, 'chi': False, 'gamma': True, 'phi': True, 'time': None}
{'theta': False, 'zeta': False, 'chi': False, 'gamma': False, 'phi': False, 'time': None}
                  (3, 2)
                  │
                  │
         (4, 1)───(4, 2)───(4, 3)
         │        │        │
         │        │        │
(5, 0)───(5, 1)───(5, 2)───(5, 3)───(5, 4)
         │        │        │        │
         │        │        │        │
         (6, 1)───(6, 2)───(6, 3)───(6, 4)───(6, 5)
                  │        │        │        │
                  │        │        │        │
                  (7, 2)───(7, 3)───(7, 4)───(7, 5)───(7, 6)
                           │        │        │
                           │        │        │
                           (8, 3)───(8, 4)───(8, 5)
                                    │
                                    │
                                    (9, 4)
Start at: (3, 2), with dr
Using qubits [cirq.GridQubit(3, 2), cirq.GridQubit(4, 2), cirq.GridQubit(4, 3), cirq.GridQubit(5, 3), cirq.GridQubit(5, 4), cirq.GridQubit(6, 4), cirq.GridQubit(6, 5), cirq.GridQubit(7, 5), cirq.GridQubit(4, 1), cirq.GridQubit(5, 1), cirq.GridQubit(5, 2), cirq.GridQubit(6, 2), cirq.GridQubit(6, 3), cirq.GridQubit(7, 3), cirq.GridQubit(7, 4), cirq.GridQubit(8, 4)]
Using qubits, JW:[cirq.GridQubit(3, 2), cirq.GridQubit(4, 2), cirq.GridQubit(4, 3), cirq.GridQubit(5, 3), cirq.GridQubit(5, 4), cirq.GridQubit(6, 4), cirq.GridQubit(6, 5), cirq.GridQubit(7, 5), cirq.GridQubit(4, 1), cirq.GridQubit(5, 1), cirq.GridQubit(5, 2), cirq.GridQubit(6, 2), cirq.GridQubit(6, 3), cirq.GridQubit(7, 3), cirq.GridQubit(7, 4), cirq.GridQubit(8, 4)]
                  [31m(3, 2)[0m
                  │
                  │
         [35m(4, 1)[0m───[31m(4, 2)[0m───[31m(4, 3)[0m
         │        │        │
         │        │        │
(5, 0)───[35m(5, 1)[0m───[35m(5, 2)[0m───[31m(5, 3)[0m───[31m(5, 4)[0m
         │        │        │        │
         │        │        │        │
         (6, 1)───[35m(6, 2)[0m───[35m(6, 3)[0m───[31m(6, 4)[0m───[31m(6, 5)[0m
                  │        │        │        │
                  │        │        │        │
                  (7, 2)───[35m(7, 3)[0m───[35m(7, 4)[0m───[31m(7, 5)[0m───(7, 6)
                           │        │        │
                           │        │        │
                           (8, 3)───[35m(8, 4)[0m───(8, 5)
                                    │
                                    │
                                    (9, 4)
None
Meas types ['onsite0', 'horiz0', 'vert02', 'vert12']
Prepped onsite, pairs=[(0, 8), (1, 9), (2, 10), (3, 11), (4, 12), (5, 13), (6, 14), (7, 15)]
Prepped horiz, pairs=[(0, 1), (2, 3), (4, 5), (6, 7), (8, 9), (10, 11), (12, 13), (14, 15)]
Prepped vert0, pairs=[(1, 2), (3, 4), (5, 6), (9, 10), (11, 12), (13, 14)]
Prepped vert1, pairs=[(1, 2), (3, 4), (5, 6), (9, 10), (11, 12), (13, 14)]
Set recompilation to False
Got pairs set [(10, 11), (5, 6), (3, 11), (5, 13), (8, 9), (4, 12), (6, 14), (1, 2), (6, 7), (7, 15), (12, 13), (4, 5), (2, 10), (9, 10), (2, 3), (1, 9), (14, 15), (0, 8), (11, 12), (0, 1), (13, 14), (3, 4)]
---Starting to do calibration: delta 3.4634695989999997
---Starting to set up measurements: delta 0.858373585999999
---Starting to run VQE: delta 2.227616525
No optimisation, save file is experiments/4x2_single_U_4_nocc_11_d_1-0915-234353/2x4/processed/processed.json
Given params: [[[[[0.526, 0.297, 0.641, 0.423]]], [[[-0.526, -0.297, -0.641, -0.423]]], [[[0, 0.297, 0.641, 0.423]]], [[[0, -0.297, -0.641, -0.423]]]]]
---Preparing executables
---Running executables, 16 in batch, delta=8.426177206999999
---Extracting values delta=3.6424355409999976
---Extracted values delta=69.695975402
===9.302829554497158 8.581565802457972 9.445128860467472 9.136643557419337 1631745922.304804
Computed energies [8.942197678477566], params [[[[0.526, 0.297, 0.641, 0.423]]], [[[-0.526, -0.297, -0.641, -0.423]]], [[[0, 0.297, 0.641, 0.423]]], [[[0, -0.297, -0.641, -0.423]]]]
***8.942197678477566 1631745922.306557
---VQE complete: delta 81.77151069599999
---Starting TFLO
Using saved points
Using params [[[0, 0, 0, 0]], [[0, 1.5708, 4.71239, 0]], [[0, 3.14159, 3.14159, 0]], [[0, 3.14159, 3.92699, 0.785398]], [[0, 1.5708, 3.14159, 1.5708]], [[0, 3.92699, 3.92699, 1.5708]], [[0, 5.49779, 0, 3.92699]], [[0, 0, 1.5708, 3.92699]], [[0, 3.92699, 5.49779, 3.92699]], [[0, 0, 4.71239, 3.14159]], [[0, 3.92699, 5.49779, 5.49779]], [[0, 5.49779, 4.71239, 3.92699]], [[0, 0.785398, 3.14159, 3.92699]], [[0, 0.785398, 4.71239, 5.49779]], [[0, 1.5708, 2.35619, 5.49779]], [[0, 0, 3.92699, 5.49779]], [[0, 0.297, 0.641, 0.423]], [[0.526, 0.297, 0.641, 0.423]], [[0, 0, 0, 0]], [[0, -1.5708, -4.71239, 0]], [[0, -3.14159, -3.14159, 0]], [[0, -3.14159, -3.92699, -0.785398]], [[0, -1.5708, -3.14159, -1.5708]], [[0, -3.92699, -3.92699, -1.5708]], [[0, -5.49779, 0, -3.92699]], [[0, 0, -1.5708, -3.92699]], [[0, -3.92699, -5.49779, -3.92699]], [[0, 0, -4.71239, -3.14159]], [[0, -3.92699, -5.49779, -5.49779]], [[0, -5.49779, -4.71239, -3.92699]], [[0, -0.785398, -3.14159, -3.92699]], [[0, -0.785398, -4.71239, -5.49779]], [[0, -1.5708, -2.35619, -5.49779]], [[0, 0, -3.92699, -5.49779]], [[0, -0.297, -0.641, -0.423]], [[-0.526, -0.297, -0.641, -0.423]]]
---Preparing executables
---Running executables, 144 in batch, delta=77.637253372
---Extracting values delta=8.71370272499999
---Extracted values delta=151.955109149
---Time for noisy calculation: 238.331874809
***TFLON: 9.397885439949091,9.89139263214591,10.195196321459113,10.686230831342153,11.8949986018256,11.778617084307385,13.0182349042522,13.616613370779351,14.097412008650714,15.216108087198386,15.621689658354041,16.35685192099255,17.391699314662972,17.939391876516364,19.146875659419244,19.53688641119566,9.468647833622482,9.443274387121575,9.3512979654176,10.50077528311548,10.696498031879562,11.24508796664631,12.589363862966046,12.317498127358647,12.868665967653596,14.165203454743722,14.746253814996914,15.400217894638063,16.03416350799538,16.879349650318993,17.985539457523586,17.383646090343067,19.401941789862626,19.84459418351888,9.3547006206155,8.570367839610814 1631746163.50318
Noisy energies by type: {'onsite0': array([14.99008811, 15.22675026, 14.85816145, 15.09174065, 15.03395062,
       15.23003195, 15.08629962, 15.0765115 , 14.84242258, 14.97419695,
       14.97521552, 14.97792138, 14.85321344, 15.156639  , 14.92184154,
       15.02094935, 15.16787507, 14.38269915, 15.07821699, 15.13160011,
       14.91419492, 15.0061448 , 15.16511868, 15.12438836, 14.75782277,
       15.09677419, 15.14535346, 14.89041096, 15.19812549, 14.98915401,
       15.23009079, 15.00664962, 15.12933086, 15.10308739, 15.04403927,
       14.08581206]), 'horiz0': array([-2.10623354, -2.10519012, -2.08588957, -2.01768173, -1.22438163,
       -1.77840756, -2.13927577, -0.78241694, -1.52692868, -0.80350085,
       -1.30664395, -0.47483835,  1.04962921, -0.20141728,  1.58066283,
        1.22694273, -2.10624049, -1.77051719, -2.16142073, -1.69903433,
       -1.78109173, -1.72839854, -1.14035088, -1.58945136, -2.09452171,
       -0.70501802, -1.77517241, -0.83709207, -1.56396298, -0.45249243,
        1.01592779, -0.26891426,  1.52308543,  1.39331897, -2.16985794,
       -2.18852924]), 'vert02': array([-1.96642755, -1.71148756, -1.31030818, -1.35280127, -0.84430653,
       -1.08270284, -0.10384615,  0.26681187,  0.13021254, -0.08728943,
        0.96016448,  0.51974214,  0.88473768,  1.55340538,  1.50459856,
        1.69972383, -1.90562191, -1.70641137, -2.0002809 , -1.77789845,
       -1.1847467 , -1.15148219, -0.89155983, -0.78094252,  0.08126122,
        0.63925662,  0.23976153,  0.00451241,  1.0628179 ,  0.61754022,
        0.93523516,  1.35667996,  1.53336951,  1.74192753, -1.76292983,
       -1.63857678]), 'vert12': array([-1.51954158, -1.51867995, -1.26676737, -1.03502682, -1.07026386,
       -0.59030446,  0.17505721, -0.94429307,  0.65170557,  1.13270142,
        0.99295361,  1.33402675,  0.60411899,  1.43076477,  1.13977273,
        1.58927051, -1.68736484, -1.4624962 , -1.56521739, -1.15389204,
       -1.25185846, -0.88117611, -0.54384411, -0.43649635,  0.1241037 ,
       -0.86580934,  1.13631124,  1.34238659,  1.3371831 ,  1.72514785,
        0.80428571,  1.28923077,  1.21615599,  1.6062603 , -1.75655088,
       -1.68833819])}
Using saved exact energies
Data collected can be found at experiments/4x2_single_U_4_nocc_11_d_1-0915-234353/2x4
