2021-09-06 20:49:42,412 - fhvqe.experiment:553 - DEBUG - number of moments preoptimization: 27
2021-09-06 20:49:42,422 - fhvqe.experiment:554 - DEBUG - depth preoptimization: 27
2021-09-06 20:49:42,660 - fhvqe.experiment:595 - DEBUG - number of moments post-optimization and calibration: 21
2021-09-06 20:49:42,668 - fhvqe.experiment:596 - DEBUG - depth post-optimization and calibration: 21
2021-09-06 20:49:42,681 - fhvqe.experiment:553 - DEBUG - number of moments preoptimization: 56
2021-09-06 20:49:42,699 - fhvqe.experiment:554 - DEBUG - depth preoptimization: 56
2021-09-06 20:49:43,146 - fhvqe.experiment:595 - DEBUG - number of moments post-optimization and calibration: 49
2021-09-06 20:49:43,171 - fhvqe.experiment:596 - DEBUG - depth post-optimization and calibration: 49
2021-09-06 20:49:43,208 - fhvqe.experiment:151 - DEBUG - Preparing exact analysis function for onsite
2021-09-06 20:49:43,798 - fhvqe.vqe_experiment:947 - DEBUG - Executables, measurement onsite0:
2021-09-06 20:49:43,831 - fhvqe.experiment:553 - DEBUG - number of moments preoptimization: 56
2021-09-06 20:49:43,853 - fhvqe.experiment:554 - DEBUG - depth preoptimization: 56
2021-09-06 20:49:44,291 - fhvqe.experiment:595 - DEBUG - number of moments post-optimization and calibration: 49
2021-09-06 20:49:44,314 - fhvqe.experiment:596 - DEBUG - depth post-optimization and calibration: 49
2021-09-06 20:49:44,448 - fhvqe.vqe_experiment:958 - DEBUG - Moment 0:
  ╷ 1 2 3 4 5
╶─┼───────────
4 │     X
  │
5 │ X X X X
  │
6 │   X X X X
  │
7 │     X X X
  │
8 │       X
  │
Moment 1:
  ╷ 1         2         3
╶─┼───────────────────────────
4 │ iSwap^0.5 iSwap^0.5─iSwap
  │ │
5 │ iSwap
  │
Moment 2:
  ╷ 1                                  2                                  3                                   4 5
╶─┼───────────────────────────────────────────────────────────────────────────────────────────────────────────────
3 │                                    X
  │
4 │ PhXZ(a=0.724226978233973,x=1,z=0)  PhXZ(a=0.7179456954470733,x=1,z=0) PhXZ(a=-1.2179456954470733,x=1,z=0)
  │
5 │ PhXZ(a=-1.224226978233973,x=1,z=0) X                                  X                                   X
  │
6 │                                    X                                  X                                   X X
  │
7 │                                                                       X                                   X X
  │
8 │                                                                                                           X
  │
Moment 3:
  ╷ 1         2         3
╶─┼───────────────────────────
4 │ iSwap^0.5 iSwap^0.5─iSwap
  │ │
5 │ iSwap
  │
Moment 4:
  ╷ 1                   2                   3                  4 5
╶─┼────────────────────────────────────────────────────────────────
3 │                     X
  │
4 │ PhXZ(a=0.5,x=1,z=0) PhXZ(a=0.5,x=1,z=0) PhXZ(a=-1,x=1,z=0)
  │
5 │ PhXZ(a=-1,x=1,z=0)  X                   X                  X
  │
6 │                     X                   X                  X X
  │
7 │                                         X                  X X
  │
8 │                                                            X
  │
Moment 5:
  ╷ 1         2         3
╶─┼───────────────────────────────
3 │           iSwap^0.5
  │           │
4 │           iSwap     iSwap^0.5
  │                     │
5 │ iSwap^0.5─iSwap     iSwap
  │
Moment 6:
  ╷ 1                                  2                                   3                                   4 5
╶─┼────────────────────────────────────────────────────────────────────────────────────────────────────────────────
3 │                                    PhXZ(a=0.704057953787798,x=1,z=0)
  │
4 │ X                                  PhXZ(a=-1.204057953787798,x=1,z=0)  PhXZ(a=0.6929560758058326,x=1,z=0)
  │
5 │ PhXZ(a=0.7003324198278864,x=1,z=0) PhXZ(a=-1.2003324198278864,x=1,z=0) PhXZ(a=-1.1929560758058326,x=1,z=0) X
  │
6 │                                    X                                   X                                   X X
  │
7 │                                                                        X                                   X X
  │
8 │                                                                                                            X
  │
Moment 7:
  ╷ 1         2         3
╶─┼───────────────────────────────
3 │           iSwap^0.5
  │           │
4 │           iSwap     iSwap^0.5
  │                     │
5 │ iSwap^0.5─iSwap     iSwap
  │
Moment 8:
  ╷ 1                   2                   3                   4 5
╶─┼─────────────────────────────────────────────────────────────────
3 │                     PhXZ(a=0.5,x=1,z=0)
  │
4 │ X                   PhXZ(a=-1,x=1,z=0)  PhXZ(a=0.5,x=1,z=0)
  │
5 │ PhXZ(a=0.5,x=1,z=0) PhXZ(a=-1,x=1,z=0)  PhXZ(a=-1,x=1,z=0)  X
  │
6 │                     X                   X                   X X
  │
7 │                                         X                   X X
  │
8 │                                                             X
  │
Moment 9:
  ╷ 2         3         4
╶─┼───────────────────────────
4 │ iSwap^0.5─iSwap
  │
5 │ iSwap^0.5 iSwap^0.5─iSwap
  │ │
6 │ iSwap
  │
Moment 10:
  ╷ 1 2                                  3                                  4                                   5
╶─┼───────────────────────────────────────────────────────────────────────────────────────────────────────────────
3 │   X
  │
4 │ X PhXZ(a=0.6654639814315237,x=1,z=0) PhXZ(a=-1.165463981431524,x=1,z=0)
  │
5 │ X PhXZ(a=0.678435316556165,x=1,z=0)  PhXZ(a=0.6729573286828512,x=1,z=0) PhXZ(a=-1.1729573286828512,x=1,z=0)
  │
6 │   PhXZ(a=-1.178435316556165,x=1,z=0) X                                  X                                   X
  │
7 │                                      X                                  X                                   X
  │
8 │                                                                         X
  │
Moment 11:
  ╷ 2         3         4
╶─┼───────────────────────────
4 │ iSwap^0.5─iSwap
  │
5 │ iSwap^0.5 iSwap^0.5─iSwap
  │ │
6 │ iSwap
  │
Moment 12:
  ╷ 1 2                   3                   4                  5
╶─┼────────────────────────────────────────────────────────────────
3 │   X
  │
4 │ X PhXZ(a=0.5,x=1,z=0) PhXZ(a=-1,x=1,z=0)
  │
5 │ X PhXZ(a=0.5,x=1,z=0) PhXZ(a=0.5,x=1,z=0) PhXZ(a=-1,x=1,z=0)
  │
6 │   PhXZ(a=-1,x=1,z=0)  X                   X                  X
  │
7 │                       X                   X                  X
  │
8 │                                           X
  │
Moment 13:
  ╷ 2         3         4
╶─┼───────────────────────────────
4 │           iSwap^0.5
  │           │
5 │           iSwap     iSwap^0.5
  │                     │
6 │ iSwap^0.5─iSwap     iSwap
  │
Moment 14:
  ╷ 1 2                                  3                                   4                                   5
╶─┼────────────────────────────────────────────────────────────────────────────────────────────────────────────────
3 │   X
  │
4 │ X X                                  PhXZ(a=0.6335653643222248,x=1,z=0)
  │
5 │ X X                                  PhXZ(a=-1.133565364322225,x=1,z=0)  PhXZ(a=0.6548361452676354,x=1,z=0)
  │
6 │   PhXZ(a=0.6575376652938638,x=1,z=0) PhXZ(a=-1.1575376652938638,x=1,z=0) PhXZ(a=-1.1548361452676354,x=1,z=0) X
  │
7 │                                      X                                   X                                   X
  │
8 │                                                                          X
  │
Moment 15:
  ╷ 2         3         4
╶─┼───────────────────────────────
4 │           iSwap^0.5
  │           │
5 │           iSwap     iSwap^0.5
  │                     │
6 │ iSwap^0.5─iSwap     iSwap
  │
Moment 16:
  ╷ 1 2                   3                   4                   5
╶─┼─────────────────────────────────────────────────────────────────
3 │   X
  │
4 │ X X                   PhXZ(a=0.5,x=1,z=0)
  │
5 │ X X                   PhXZ(a=-1,x=1,z=0)  PhXZ(a=0.5,x=1,z=0)
  │
6 │   PhXZ(a=0.5,x=1,z=0) PhXZ(a=-1,x=1,z=0)  PhXZ(a=-1,x=1,z=0)  X
  │
7 │                       X                   X                   X
  │
8 │                                           X
  │
Moment 17:
  ╷ 3         4         5
╶─┼───────────────────────────
5 │ iSwap^0.5─iSwap
  │
6 │ iSwap^0.5 iSwap^0.5─iSwap
  │ │
7 │ iSwap
  │
Moment 18:
  ╷ 1 2 3                                   4                                   5
╶─┼─────────────────────────────────────────────────────────────────────────────────────────────────────────────────
3 │   X
  │
4 │ X X X
  │
5 │ X X PhXZ(a=0.6051742174468056,x=1,z=0)  PhXZ(a=-1.1051742174468056,x=1,z=0)
  │
6 │   X PhXZ(a=0.6360099707633242,x=1,z=0)  PhXZ(a=0.6366441792637423,x=1,z=0)  PhXZ(a=-1.1366441792637423,x=1,z=0)
  │
7 │     PhXZ(a=-1.1360099707633242,x=1,z=0) X                                   X
  │
8 │                                         X
  │
Moment 19:
  ╷ 3         4         5
╶─┼───────────────────────────
5 │ iSwap^0.5─iSwap
  │
6 │ iSwap^0.5 iSwap^0.5─iSwap
  │ │
7 │ iSwap
  │
Moment 20:
  ╷ 1 2 3                   4                   5
╶─┼────────────────────────────────────────────────────────────────
3 │   X
  │
4 │ X X X
  │
5 │ X X PhXZ(a=0.5,x=1,z=0) PhXZ(a=-1,x=1,z=0)
  │
6 │   X PhXZ(a=0.5,x=1,z=0) PhXZ(a=0.5,x=1,z=0) PhXZ(a=-1,x=1,z=0)
  │
7 │     PhXZ(a=-1,x=1,z=0)  X                   X
  │
8 │                         X
  │
Moment 21:
  ╷ 3         4         5
╶─┼───────────────────────────────
5 │           iSwap^0.5
  │           │
6 │           iSwap     iSwap^0.5
  │                     │
7 │ iSwap^0.5─iSwap     iSwap
  │
Moment 22:
  ╷ 1 2 3                                  4                                   5
╶─┼────────────────────────────────────────────────────────────────────────────────────────────────────────────────
3 │   X
  │
4 │ X X X
  │
5 │ X X X                                  PhXZ(a=0.577065944721159,x=1,z=0)
  │
6 │   X X                                  PhXZ(a=-1.0770659447211592,x=1,z=0) PhXZ(a=0.618060389172697,x=1,z=0)
  │
7 │     PhXZ(a=0.6112657349663502,x=1,z=0) PhXZ(a=-1.1112657349663502,x=1,z=0) PhXZ(a=-1.1180603891726972,x=1,z=0)
  │
8 │                                        X
  │
Moment 23:
  ╷ 3         4         5
╶─┼───────────────────────────────
5 │           iSwap^0.5
  │           │
6 │           iSwap     iSwap^0.5
  │                     │
7 │ iSwap^0.5─iSwap     iSwap
  │
Moment 24:
  ╷ 1 2 3                   4                   5
╶─┼─────────────────────────────────────────────────────────────────
3 │   X
  │
4 │ X X X
  │
5 │ X X X                   PhXZ(a=0.5,x=1,z=0)
  │
6 │   X X                   PhXZ(a=-1,x=1,z=0)  PhXZ(a=0.5,x=1,z=0)
  │
7 │     PhXZ(a=0.5,x=1,z=0) PhXZ(a=-1,x=1,z=0)  PhXZ(a=-1,x=1,z=0)
  │
8 │                         X
  │
Moment 25:
  ╷ 4         5
╶─┼─────────────────
6 │ iSwap^0.5─iSwap
  │
7 │ iSwap^0.5
  │ │
8 │ iSwap
  │
Moment 26:
  ╷ 1 2 3 4                                  5
╶─┼──────────────────────────────────────────────────────────────────────────────
3 │   X
  │
4 │ X X X
  │
5 │ X X X X
  │
6 │   X X PhXZ(a=0.5453815559394333,x=1,z=0) PhXZ(a=-1.0453815559394333,x=1,z=0)
  │
7 │     X PhXZ(a=0.5778248518167539,x=1,z=0) X
  │
8 │       PhXZ(a=-1.077824851816754,x=1,z=0)
  │
Moment 27:
  ╷ 4         5
╶─┼─────────────────
6 │ iSwap^0.5─iSwap
  │
7 │ iSwap^0.5
  │ │
8 │ iSwap
  │
Moment 28:
  ╷ 1 2 3 4                   5
╶─┼─────────────────────────────
3 │   X
  │
4 │ X X X
  │
5 │ X X X X
  │
6 │   X X PhXZ(a=0.5,x=1,z=0) X
  │
7 │     X PhXZ(a=0.5,x=1,z=0) X
  │
8 │       X
  │
Moment 29:
  ╷ 1         2         3         4         5
╶─┼───────────────────────────────────────────────
4 │ iSwap^0.5─iSwap
  │
5 │           iSwap^0.5─iSwap
  │
6 │                     iSwap^0.5─iSwap
  │
7 │                               iSwap^0.5─iSwap
  │
Moment 30:
  ╷ 1 2 3 4 5
╶─┼───────────
3 │   X
  │
4 │ X X X
  │
5 │ X X X X
  │
6 │   X X X X
  │
7 │     X X X
  │
8 │       X
  │
Moment 31:
  ╷ 1         2         3         4         5
╶─┼───────────────────────────────────────────────
4 │ iSwap^0.5─iSwap
  │
5 │           iSwap^0.5─iSwap
  │
6 │                     iSwap^0.5─iSwap
  │
7 │                               iSwap^0.5─iSwap
  │
Moment 32:
  ╷ 1                                                                       2                                                                       3                                                                       4                                                                       5
╶─┼───────────────────────────────────────────────────────────────────────────────────────────────────────────────────────────────────────────────────────────────────────────────────────────────────────────────────────────────────────────────────────────────────────────────────────────────────────────────────────────────────────────────────────────────────────
3 │                                                                         PhXZ(a=-0.8408450569081047,x=0.9178119637360114,z=0.8408450569081047)
  │
4 │ PhXZ(a=-0.34084505690810496,x=0.9178119637360114,z=0.34084505690810496) PhXZ(a=0.6591549430918953,x=0.5,z=-0.6591549430918957)                  PhXZ(a=-0.8408450569081047,x=0.9178119637360114,z=0.8408450569081047)
  │
5 │ PhXZ(a=0.15915494309189526,x=0.5,z=-0.15915494309189537)                PhXZ(a=-0.34084505690810496,x=0.9178119637360114,z=0.34084505690810496) PhXZ(a=0.6591549430918953,x=0.5,z=-0.6591549430918957)                  PhXZ(a=-0.8408450569081047,x=0.9178119637360114,z=0.8408450569081047)
  │
6 │                                                                         PhXZ(a=0.15915494309189526,x=0.5,z=-0.15915494309189537)                PhXZ(a=-0.34084505690810496,x=0.9178119637360114,z=0.34084505690810496) PhXZ(a=0.6591549430918953,x=0.5,z=-0.6591549430918957)                  PhXZ(a=-0.8408450569081047,x=0.9178119637360114,z=0.8408450569081047)
  │
7 │                                                                                                                                                 PhXZ(a=0.15915494309189526,x=0.5,z=-0.15915494309189537)                PhXZ(a=-0.34084505690810496,x=0.9178119637360114,z=0.34084505690810496) PhXZ(a=0.6591549430918953,x=0.5,z=-0.6591549430918957)
  │
8 │                                                                                                                                                                                                                         PhXZ(a=0.15915494309189526,x=0.5,z=-0.15915494309189537)
  │
Moment 33:
  ╷ 1         2         3         4         5
╶─┼───────────────────────────────────────────────────
3 │           iSwap^0.5
  │           │
4 │ iSwap^0.5 iSwap     iSwap^0.5
  │ │                   │
5 │ iSwap     iSwap^0.5 iSwap     iSwap^0.5
  │           │                   │
6 │           iSwap     iSwap^0.5 iSwap     iSwap^0.5
  │                     │                   │
7 │                     iSwap     iSwap^0.5 iSwap
  │                               │
8 │                               iSwap
  │
Moment 34:
  ╷ 1                                    2                                    3                                    4                                    5
╶─┼──────────────────────────────────────────────────────────────────────────────────────────────────────────────────────────────────────────────────────────────────────────────────────────
3 │                                      PhXZ(a=-1,x=0.7724433334064007,z=-1)
  │
4 │ PhXZ(a=-1,x=0.7724433334064007,z=-1) X                                    PhXZ(a=-1,x=0.7724433334064007,z=-1)
  │
5 │ X                                    PhXZ(a=-1,x=0.7724433334064007,z=-1) X                                    PhXZ(a=-1,x=0.7724433334064007,z=-1)
  │
6 │                                      X                                    PhXZ(a=-1,x=0.7724433334064007,z=-1) X                                    PhXZ(a=-1,x=0.7724433334064007,z=-1)
  │
7 │                                                                           X                                    PhXZ(a=-1,x=0.7724433334064007,z=-1) X
  │
8 │                                                                                                                X
  │
Moment 35:
  ╷ 1         2         3         4         5
╶─┼───────────────────────────────────────────────────
3 │           iSwap^0.5
  │           │
4 │ iSwap^0.5 iSwap     iSwap^0.5
  │ │                   │
5 │ iSwap     iSwap^0.5 iSwap     iSwap^0.5
  │           │                   │
6 │           iSwap     iSwap^0.5 iSwap     iSwap^0.5
  │                     │                   │
7 │                     iSwap     iSwap^0.5 iSwap
  │                               │
8 │                               iSwap
  │
Moment 36:
  ╷ 1                                   2                                   3                                   4                                   5
╶─┼─────────────────────────────────────────────────────────────────────────────────────────────────────────────────────────────────────────────────────────────────────────────────────
3 │                                     PhXZ(a=-1,x=0.9178119637360114,z=0)
  │
4 │ PhXZ(a=-1,x=0.9178119637360114,z=0) PhXZ(a=-1,x=0.5,z=0)                PhXZ(a=-1,x=0.9178119637360114,z=0)
  │
5 │ PhXZ(a=-1,x=0.5,z=0)                PhXZ(a=-1,x=0.9178119637360114,z=0) PhXZ(a=-1,x=0.5,z=0)                PhXZ(a=-1,x=0.9178119637360114,z=0)
  │
6 │                                     PhXZ(a=-1,x=0.5,z=0)                PhXZ(a=-1,x=0.9178119637360114,z=0) PhXZ(a=-1,x=0.5,z=0)                PhXZ(a=-1,x=0.9178119637360114,z=0)
  │
7 │                                                                         PhXZ(a=-1,x=0.5,z=0)                PhXZ(a=-1,x=0.9178119637360114,z=0) PhXZ(a=-1,x=0.5,z=0)
  │
8 │                                                                                                             PhXZ(a=-1,x=0.5,z=0)
  │
Moment 37:
  ╷ 1         2         3         4         5
╶─┼───────────────────────────────────────────────
4 │ iSwap^0.5─iSwap
  │
5 │           iSwap^0.5─iSwap
  │
6 │                     iSwap^0.5─iSwap
  │
7 │                               iSwap^0.5─iSwap
  │
Moment 38:
  ╷ 1 2 3 4 5
╶─┼───────────
3 │   X
  │
4 │ X X X
  │
5 │ X X X X
  │
6 │   X X X X
  │
7 │     X X X
  │
8 │       X
  │
Moment 39:
  ╷ 1         2         3         4         5
╶─┼───────────────────────────────────────────────
4 │ iSwap^0.5─iSwap
  │
5 │           iSwap^0.5─iSwap
  │
6 │                     iSwap^0.5─iSwap
  │
7 │                               iSwap^0.5─iSwap
  │
Moment 40:
  ╷ 1                                  2                                  3                                  4                                  5
╶─┼───────────────────────────────────────────────────────────────────────────────────────────────────────────────────────────────────────────────────────────────────
3 │                                    PhXZ(a=0.125,x=1,z=0)
  │
4 │ PhXZ(a=0.3749999999999998,x=1,z=0) PhXZ(a=0.125,x=1,z=0)              PhXZ(a=0.125,x=1,z=0)
  │
5 │ PhXZ(a=-1.125,x=1,z=0)             PhXZ(a=0.3749999999999998,x=1,z=0) PhXZ(a=0.125,x=1,z=0)              PhXZ(a=0.125,x=1,z=0)
  │
6 │                                    PhXZ(a=-1.125,x=1,z=0)             PhXZ(a=0.3749999999999998,x=1,z=0) PhXZ(a=0.125,x=1,z=0)              PhXZ(a=0.125,x=1,z=0)
  │
7 │                                                                       PhXZ(a=-1.125,x=1,z=0)             PhXZ(a=0.3749999999999998,x=1,z=0) PhXZ(a=0.125,x=1,z=0)
  │
8 │                                                                                                          PhXZ(a=-1.125,x=1,z=0)
  │
Moment 41:
  ╷ 1         2         3         4         5
╶─┼───────────────────────────────────────────────────
3 │           iSwap^0.5
  │           │
4 │ iSwap^0.5 iSwap     iSwap^0.5
  │ │                   │
5 │ iSwap     iSwap^0.5 iSwap     iSwap^0.5
  │           │                   │
6 │           iSwap     iSwap^0.5 iSwap     iSwap^0.5
  │                     │                   │
7 │                     iSwap     iSwap^0.5 iSwap
  │                               │
8 │                               iSwap
  │
Moment 42:
  ╷ 1                                   2                                   3                                   4                                   5
╶─┼─────────────────────────────────────────────────────────────────────────────────────────────────────────────────────────────────────────────────────────────────────────────────────
3 │                                     PhXZ(a=-0.4204225284540525,x=1,z=0)
  │
4 │ PhXZ(a=-0.4204225284540525,x=1,z=0) PhXZ(a=-1.0795774715459476,x=1,z=0) PhXZ(a=-0.4204225284540525,x=1,z=0)
  │
5 │ PhXZ(a=-1.0795774715459476,x=1,z=0) PhXZ(a=-0.4204225284540525,x=1,z=0) PhXZ(a=-1.0795774715459476,x=1,z=0) PhXZ(a=-0.4204225284540525,x=1,z=0)
  │
6 │                                     PhXZ(a=-1.0795774715459476,x=1,z=0) PhXZ(a=-0.4204225284540525,x=1,z=0) PhXZ(a=-1.0795774715459476,x=1,z=0) PhXZ(a=-0.4204225284540525,x=1,z=0)
  │
7 │                                                                         PhXZ(a=-1.0795774715459476,x=1,z=0) PhXZ(a=-0.4204225284540525,x=1,z=0) PhXZ(a=-1.0795774715459476,x=1,z=0)
  │
8 │                                                                                                             PhXZ(a=-1.0795774715459476,x=1,z=0)
  │
Moment 43:
  ╷ 1         2         3         4         5
╶─┼───────────────────────────────────────────────────
3 │           iSwap^0.5
  │           │
4 │ iSwap^0.5 iSwap     iSwap^0.5
  │ │                   │
5 │ iSwap     iSwap^0.5 iSwap     iSwap^0.5
  │           │                   │
6 │           iSwap     iSwap^0.5 iSwap     iSwap^0.5
  │                     │                   │
7 │                     iSwap     iSwap^0.5 iSwap
  │                               │
8 │                               iSwap
  │
Moment 44:
  ╷ 1                                  2                                  3                                  4                                   5
╶─┼──────────────────────────────────────────────────────────────────────────────────────────────────────────────────────────────────────────────────────────────────────────────────
3 │                                    PhXZ(a=0.375,x=1,z=0)
  │
4 │ PhXZ(a=0.375,x=1,z=0)              PhXZ(a=0.2499999999999999,x=1,z=0) PhXZ(a=0.2499999999999999,x=1,z=0)
  │
5 │ PhXZ(a=0.2499999999999999,x=1,z=0) PhXZ(a=0.2499999999999999,x=1,z=0) PhXZ(a=0.2499999999999999,x=1,z=0) PhXZ(a=0.2499999999999999,x=1,z=0)
  │
6 │                                    PhXZ(a=0.2499999999999999,x=1,z=0) PhXZ(a=0.2499999999999999,x=1,z=0) PhXZ(a=0.2499999999999999,x=1,z=0)  PhXZ(a=0.2499999999999999,x=1,z=0)
  │
7 │                                                                       PhXZ(a=0.2499999999999999,x=1,z=0) PhXZ(a=0.2499999999999999,x=1,z=0)  PhXZ(a=0.12499999999999989,x=1,z=0)
  │
8 │                                                                                                          PhXZ(a=0.12499999999999989,x=1,z=0)
  │
Moment 45:
  ╷ 1         2         3         4         5
╶─┼───────────────────────────────────────────────
4 │           iSwap^0.5─iSwap
  │
5 │ iSwap^0.5─iSwap     iSwap^0.5─iSwap
  │
6 │           iSwap^0.5─iSwap     iSwap^0.5─iSwap
  │
7 │                     iSwap^0.5─iSwap
  │
Moment 46:
  ╷ 1                                   2                                   3                                   4                                   5
╶─┼─────────────────────────────────────────────────────────────────────────────────────────────────────────────────────────────────────────────────────────────────────────────────────
3 │                                     X
  │
4 │ X                                   PhXZ(a=-0.4204225284540525,x=1,z=0) PhXZ(a=-1.0795774715459476,x=1,z=0)
  │
5 │ PhXZ(a=-0.4204225284540525,x=1,z=0) PhXZ(a=-1.0795774715459476,x=1,z=0) PhXZ(a=-0.4204225284540525,x=1,z=0) PhXZ(a=-1.0795774715459476,x=1,z=0)
  │
6 │                                     PhXZ(a=-0.4204225284540525,x=1,z=0) PhXZ(a=-1.0795774715459476,x=1,z=0) PhXZ(a=-0.4204225284540525,x=1,z=0) PhXZ(a=-1.0795774715459476,x=1,z=0)
  │
7 │                                                                         PhXZ(a=-0.4204225284540525,x=1,z=0) PhXZ(a=-1.0795774715459476,x=1,z=0) X
  │
8 │                                                                                                             X
  │
Moment 47:
  ╷ 1         2         3         4         5
╶─┼───────────────────────────────────────────────
4 │           iSwap^0.5─iSwap
  │
5 │ iSwap^0.5─iSwap     iSwap^0.5─iSwap
  │
6 │           iSwap^0.5─iSwap     iSwap^0.5─iSwap
  │
7 │                     iSwap^0.5─iSwap
  │
Moment 48:
  ╷ 1                         2                                      3                                      4                                      5
╶─┼───────────────────────────────────────────────────────────────────────────────────────────────────────────────────────────────────────────────────────────────────────────────────────
4 │                           PhXZ(a=-0.75,x=0,z=-0.75)              PhXZ(a=0.7499999999999998,x=0,z=-0.25)
  │
5 │ PhXZ(a=-0.75,x=0,z=-0.75) PhXZ(a=0.7499999999999998,x=0,z=-0.25) PhXZ(a=-0.75,x=0,z=-0.75)              PhXZ(a=0.7499999999999998,x=0,z=-0.25)
  │
6 │                           PhXZ(a=-0.75,x=0,z=-0.75)              PhXZ(a=0.7499999999999998,x=0,z=-0.25) PhXZ(a=-0.75,x=0,z=-0.75)              PhXZ(a=0.7499999999999998,x=0,z=-0.25)
  │
7 │                                                                  PhXZ(a=-0.75,x=0,z=-0.75)              PhXZ(a=0.7499999999999998,x=0,z=-0.25)
  │
Moment 49:
  ╷ 1 2      3 4 5
╶─┼────────────────
3 │   M('x')
  │   │
4 │ M─M──────M───┐
  │ │        │   │
5 │ M─M      M─M │
  │   │        │ │
6 │   M──────M M─M
  │          │   │
7 │          M─M M
  │            │
8 │            M
  │

2021-09-06 20:49:44,453 - fhvqe.experiment:151 - DEBUG - Preparing exact analysis function for horiz
2021-09-06 20:49:45,429 - fhvqe.vqe_experiment:940 - DEBUG - horiz0:
           ┌──────────────────┐                ┌──────────────────┐
(3, 2): ────iSwap─────────────────Rz(1.25π)─────iSwap─────────────────Z───────────────────
            │                                   │
(4, 1): ────┼────────iSwap────────Rz(1.25π)─────┼────────iSwap────────Z───────────────────
            │        │                          │        │
(4, 2): ────iSwap^0.5┼────────────Rz(-0.25π)────iSwap^0.5┼────────────PhXZ(a=0,x=0,z=0)───
                     │                                   │
(4, 3): ────iSwap────┼────────────Rz(1.25π)─────iSwap────┼────────────Z───────────────────
            │        │                          │        │
(5, 1): ────┼────────iSwap^0.5────Rz(-0.25π)────┼────────iSwap^0.5────PhXZ(a=0,x=0,z=0)───
            │                                   │
(5, 2): ────┼────────iSwap────────Rz(1.25π)─────┼────────iSwap────────Z───────────────────
            │        │                          │        │
(5, 3): ────iSwap^0.5┼────────────Rz(-0.25π)────iSwap^0.5┼────────────PhXZ(a=0,x=0,z=0)───
                     │                                   │
(5, 4): ────iSwap────┼────────────Rz(1.25π)─────iSwap────┼────────────Z───────────────────
            │        │                          │        │
(6, 2): ────┼────────iSwap^0.5────Rz(-0.25π)────┼────────iSwap^0.5────PhXZ(a=0,x=0,z=0)───
            │                                   │
(6, 3): ────┼────────iSwap────────Rz(1.25π)─────┼────────iSwap────────Z───────────────────
            │        │                          │        │
(6, 4): ────iSwap^0.5┼────────────Rz(-0.25π)────iSwap^0.5┼────────────PhXZ(a=0,x=0,z=0)───
                     │                                   │
(6, 5): ────iSwap────┼────────────Rz(1.25π)─────iSwap────┼────────────Z───────────────────
            │        │                          │        │
(7, 3): ────┼────────iSwap^0.5────Rz(-0.25π)────┼────────iSwap^0.5────PhXZ(a=0,x=0,z=0)───
            │                                   │
(7, 4): ────┼────────iSwap────────Rz(1.25π)─────┼────────iSwap────────Z───────────────────
            │        │                          │        │
(7, 5): ────iSwap^0.5┼────────────Rz(-0.25π)────iSwap^0.5┼────────────PhXZ(a=0,x=0,z=0)───
                     │                                   │
(8, 4): ─────────────iSwap^0.5────Rz(-0.25π)─────────────iSwap^0.5────PhXZ(a=0,x=0,z=0)───
           └──────────────────┘                └──────────────────┘
2021-09-06 20:49:45,448 - fhvqe.vqe_experiment:947 - DEBUG - Executables, measurement horiz0:
2021-09-06 20:49:45,475 - fhvqe.experiment:553 - DEBUG - number of moments preoptimization: 60
2021-09-06 20:49:45,494 - fhvqe.experiment:554 - DEBUG - depth preoptimization: 60
2021-09-06 20:49:45,858 - fhvqe.experiment:595 - DEBUG - number of moments post-optimization and calibration: 53
2021-09-06 20:49:45,882 - fhvqe.experiment:596 - DEBUG - depth post-optimization and calibration: 53
2021-09-06 20:49:46,032 - fhvqe.vqe_experiment:958 - DEBUG - Moment 0:
  ╷ 1 2 3 4 5
╶─┼───────────
4 │     X
  │
5 │ X X X X
  │
6 │   X X X X
  │
7 │     X X X
  │
8 │       X
  │
Moment 1:
  ╷ 1         2         3
╶─┼───────────────────────────
4 │ iSwap^0.5 iSwap^0.5─iSwap
  │ │
5 │ iSwap
  │
Moment 2:
  ╷ 1                                  2                                  3                                   4 5
╶─┼───────────────────────────────────────────────────────────────────────────────────────────────────────────────
3 │                                    X
  │
4 │ PhXZ(a=0.724226978233973,x=1,z=0)  PhXZ(a=0.7179456954470733,x=1,z=0) PhXZ(a=-1.2179456954470733,x=1,z=0)
  │
5 │ PhXZ(a=-1.224226978233973,x=1,z=0) X                                  X                                   X
  │
6 │                                    X                                  X                                   X X
  │
7 │                                                                       X                                   X X
  │
8 │                                                                                                           X
  │
Moment 3:
  ╷ 1         2         3
╶─┼───────────────────────────
4 │ iSwap^0.5 iSwap^0.5─iSwap
  │ │
5 │ iSwap
  │
Moment 4:
  ╷ 1                   2                   3                  4 5
╶─┼────────────────────────────────────────────────────────────────
3 │                     X
  │
4 │ PhXZ(a=0.5,x=1,z=0) PhXZ(a=0.5,x=1,z=0) PhXZ(a=-1,x=1,z=0)
  │
5 │ PhXZ(a=-1,x=1,z=0)  X                   X                  X
  │
6 │                     X                   X                  X X
  │
7 │                                         X                  X X
  │
8 │                                                            X
  │
Moment 5:
  ╷ 1         2         3
╶─┼───────────────────────────────
3 │           iSwap^0.5
  │           │
4 │           iSwap     iSwap^0.5
  │                     │
5 │ iSwap^0.5─iSwap     iSwap
  │
Moment 6:
  ╷ 1                                  2                                   3                                   4 5
╶─┼────────────────────────────────────────────────────────────────────────────────────────────────────────────────
3 │                                    PhXZ(a=0.704057953787798,x=1,z=0)
  │
4 │ X                                  PhXZ(a=-1.204057953787798,x=1,z=0)  PhXZ(a=0.6929560758058326,x=1,z=0)
  │
5 │ PhXZ(a=0.7003324198278864,x=1,z=0) PhXZ(a=-1.2003324198278864,x=1,z=0) PhXZ(a=-1.1929560758058326,x=1,z=0) X
  │
6 │                                    X                                   X                                   X X
  │
7 │                                                                        X                                   X X
  │
8 │                                                                                                            X
  │
Moment 7:
  ╷ 1         2         3
╶─┼───────────────────────────────
3 │           iSwap^0.5
  │           │
4 │           iSwap     iSwap^0.5
  │                     │
5 │ iSwap^0.5─iSwap     iSwap
  │
Moment 8:
  ╷ 1                   2                   3                   4 5
╶─┼─────────────────────────────────────────────────────────────────
3 │                     PhXZ(a=0.5,x=1,z=0)
  │
4 │ X                   PhXZ(a=-1,x=1,z=0)  PhXZ(a=0.5,x=1,z=0)
  │
5 │ PhXZ(a=0.5,x=1,z=0) PhXZ(a=-1,x=1,z=0)  PhXZ(a=-1,x=1,z=0)  X
  │
6 │                     X                   X                   X X
  │
7 │                                         X                   X X
  │
8 │                                                             X
  │
Moment 9:
  ╷ 2         3         4
╶─┼───────────────────────────
4 │ iSwap^0.5─iSwap
  │
5 │ iSwap^0.5 iSwap^0.5─iSwap
  │ │
6 │ iSwap
  │
Moment 10:
  ╷ 1 2                                  3                                  4                                   5
╶─┼───────────────────────────────────────────────────────────────────────────────────────────────────────────────
3 │   X
  │
4 │ X PhXZ(a=0.6654639814315237,x=1,z=0) PhXZ(a=-1.165463981431524,x=1,z=0)
  │
5 │ X PhXZ(a=0.678435316556165,x=1,z=0)  PhXZ(a=0.6729573286828512,x=1,z=0) PhXZ(a=-1.1729573286828512,x=1,z=0)
  │
6 │   PhXZ(a=-1.178435316556165,x=1,z=0) X                                  X                                   X
  │
7 │                                      X                                  X                                   X
  │
8 │                                                                         X
  │
Moment 11:
  ╷ 2         3         4
╶─┼───────────────────────────
4 │ iSwap^0.5─iSwap
  │
5 │ iSwap^0.5 iSwap^0.5─iSwap
  │ │
6 │ iSwap
  │
Moment 12:
  ╷ 1 2                   3                   4                  5
╶─┼────────────────────────────────────────────────────────────────
3 │   X
  │
4 │ X PhXZ(a=0.5,x=1,z=0) PhXZ(a=-1,x=1,z=0)
  │
5 │ X PhXZ(a=0.5,x=1,z=0) PhXZ(a=0.5,x=1,z=0) PhXZ(a=-1,x=1,z=0)
  │
6 │   PhXZ(a=-1,x=1,z=0)  X                   X                  X
  │
7 │                       X                   X                  X
  │
8 │                                           X
  │
Moment 13:
  ╷ 2         3         4
╶─┼───────────────────────────────
4 │           iSwap^0.5
  │           │
5 │           iSwap     iSwap^0.5
  │                     │
6 │ iSwap^0.5─iSwap     iSwap
  │
Moment 14:
  ╷ 1 2                                  3                                   4                                   5
╶─┼────────────────────────────────────────────────────────────────────────────────────────────────────────────────
3 │   X
  │
4 │ X X                                  PhXZ(a=0.6335653643222248,x=1,z=0)
  │
5 │ X X                                  PhXZ(a=-1.133565364322225,x=1,z=0)  PhXZ(a=0.6548361452676354,x=1,z=0)
  │
6 │   PhXZ(a=0.6575376652938638,x=1,z=0) PhXZ(a=-1.1575376652938638,x=1,z=0) PhXZ(a=-1.1548361452676354,x=1,z=0) X
  │
7 │                                      X                                   X                                   X
  │
8 │                                                                          X
  │
Moment 15:
  ╷ 2         3         4
╶─┼───────────────────────────────
4 │           iSwap^0.5
  │           │
5 │           iSwap     iSwap^0.5
  │                     │
6 │ iSwap^0.5─iSwap     iSwap
  │
Moment 16:
  ╷ 1 2                   3                   4                   5
╶─┼─────────────────────────────────────────────────────────────────
3 │   X
  │
4 │ X X                   PhXZ(a=0.5,x=1,z=0)
  │
5 │ X X                   PhXZ(a=-1,x=1,z=0)  PhXZ(a=0.5,x=1,z=0)
  │
6 │   PhXZ(a=0.5,x=1,z=0) PhXZ(a=-1,x=1,z=0)  PhXZ(a=-1,x=1,z=0)  X
  │
7 │                       X                   X                   X
  │
8 │                                           X
  │
Moment 17:
  ╷ 3         4         5
╶─┼───────────────────────────
5 │ iSwap^0.5─iSwap
  │
6 │ iSwap^0.5 iSwap^0.5─iSwap
  │ │
7 │ iSwap
  │
Moment 18:
  ╷ 1 2 3                                   4                                   5
╶─┼─────────────────────────────────────────────────────────────────────────────────────────────────────────────────
3 │   X
  │
4 │ X X X
  │
5 │ X X PhXZ(a=0.6051742174468056,x=1,z=0)  PhXZ(a=-1.1051742174468056,x=1,z=0)
  │
6 │   X PhXZ(a=0.6360099707633242,x=1,z=0)  PhXZ(a=0.6366441792637423,x=1,z=0)  PhXZ(a=-1.1366441792637423,x=1,z=0)
  │
7 │     PhXZ(a=-1.1360099707633242,x=1,z=0) X                                   X
  │
8 │                                         X
  │
Moment 19:
  ╷ 3         4         5
╶─┼───────────────────────────
5 │ iSwap^0.5─iSwap
  │
6 │ iSwap^0.5 iSwap^0.5─iSwap
  │ │
7 │ iSwap
  │
Moment 20:
  ╷ 1 2 3                   4                   5
╶─┼────────────────────────────────────────────────────────────────
3 │   X
  │
4 │ X X X
  │
5 │ X X PhXZ(a=0.5,x=1,z=0) PhXZ(a=-1,x=1,z=0)
  │
6 │   X PhXZ(a=0.5,x=1,z=0) PhXZ(a=0.5,x=1,z=0) PhXZ(a=-1,x=1,z=0)
  │
7 │     PhXZ(a=-1,x=1,z=0)  X                   X
  │
8 │                         X
  │
Moment 21:
  ╷ 3         4         5
╶─┼───────────────────────────────
5 │           iSwap^0.5
  │           │
6 │           iSwap     iSwap^0.5
  │                     │
7 │ iSwap^0.5─iSwap     iSwap
  │
Moment 22:
  ╷ 1 2 3                                  4                                   5
╶─┼────────────────────────────────────────────────────────────────────────────────────────────────────────────────
3 │   X
  │
4 │ X X X
  │
5 │ X X X                                  PhXZ(a=0.577065944721159,x=1,z=0)
  │
6 │   X X                                  PhXZ(a=-1.0770659447211592,x=1,z=0) PhXZ(a=0.618060389172697,x=1,z=0)
  │
7 │     PhXZ(a=0.6112657349663502,x=1,z=0) PhXZ(a=-1.1112657349663502,x=1,z=0) PhXZ(a=-1.1180603891726972,x=1,z=0)
  │
8 │                                        X
  │
Moment 23:
  ╷ 3         4         5
╶─┼───────────────────────────────
5 │           iSwap^0.5
  │           │
6 │           iSwap     iSwap^0.5
  │                     │
7 │ iSwap^0.5─iSwap     iSwap
  │
Moment 24:
  ╷ 1 2 3                   4                   5
╶─┼─────────────────────────────────────────────────────────────────
3 │   X
  │
4 │ X X X
  │
5 │ X X X                   PhXZ(a=0.5,x=1,z=0)
  │
6 │   X X                   PhXZ(a=-1,x=1,z=0)  PhXZ(a=0.5,x=1,z=0)
  │
7 │     PhXZ(a=0.5,x=1,z=0) PhXZ(a=-1,x=1,z=0)  PhXZ(a=-1,x=1,z=0)
  │
8 │                         X
  │
Moment 25:
  ╷ 4         5
╶─┼─────────────────
6 │ iSwap^0.5─iSwap
  │
7 │ iSwap^0.5
  │ │
8 │ iSwap
  │
Moment 26:
  ╷ 1 2 3 4                                  5
╶─┼──────────────────────────────────────────────────────────────────────────────
3 │   X
  │
4 │ X X X
  │
5 │ X X X X
  │
6 │   X X PhXZ(a=0.5453815559394333,x=1,z=0) PhXZ(a=-1.0453815559394333,x=1,z=0)
  │
7 │     X PhXZ(a=0.5778248518167539,x=1,z=0) X
  │
8 │       PhXZ(a=-1.077824851816754,x=1,z=0)
  │
Moment 27:
  ╷ 4         5
╶─┼─────────────────
6 │ iSwap^0.5─iSwap
  │
7 │ iSwap^0.5
  │ │
8 │ iSwap
  │
Moment 28:
  ╷ 1 2 3 4                   5
╶─┼─────────────────────────────
3 │   X
  │
4 │ X X X
  │
5 │ X X X X
  │
6 │   X X PhXZ(a=0.5,x=1,z=0) X
  │
7 │     X PhXZ(a=0.5,x=1,z=0) X
  │
8 │       X
  │
Moment 29:
  ╷ 1         2         3         4         5
╶─┼───────────────────────────────────────────────
4 │ iSwap^0.5─iSwap
  │
5 │           iSwap^0.5─iSwap
  │
6 │                     iSwap^0.5─iSwap
  │
7 │                               iSwap^0.5─iSwap
  │
Moment 30:
  ╷ 1 2 3 4 5
╶─┼───────────
3 │   X
  │
4 │ X X X
  │
5 │ X X X X
  │
6 │   X X X X
  │
7 │     X X X
  │
8 │       X
  │
Moment 31:
  ╷ 1         2         3         4         5
╶─┼───────────────────────────────────────────────
4 │ iSwap^0.5─iSwap
  │
5 │           iSwap^0.5─iSwap
  │
6 │                     iSwap^0.5─iSwap
  │
7 │                               iSwap^0.5─iSwap
  │
Moment 32:
  ╷ 1                                                                       2                                                                       3                                                                       4                                                                       5
╶─┼───────────────────────────────────────────────────────────────────────────────────────────────────────────────────────────────────────────────────────────────────────────────────────────────────────────────────────────────────────────────────────────────────────────────────────────────────────────────────────────────────────────────────────────────────────
3 │                                                                         PhXZ(a=-0.8408450569081047,x=0.9178119637360114,z=0.8408450569081047)
  │
4 │ PhXZ(a=-0.34084505690810496,x=0.9178119637360114,z=0.34084505690810496) PhXZ(a=0.6591549430918953,x=0.5,z=-0.6591549430918957)                  PhXZ(a=-0.8408450569081047,x=0.9178119637360114,z=0.8408450569081047)
  │
5 │ PhXZ(a=0.15915494309189526,x=0.5,z=-0.15915494309189537)                PhXZ(a=-0.34084505690810496,x=0.9178119637360114,z=0.34084505690810496) PhXZ(a=0.6591549430918953,x=0.5,z=-0.6591549430918957)                  PhXZ(a=-0.8408450569081047,x=0.9178119637360114,z=0.8408450569081047)
  │
6 │                                                                         PhXZ(a=0.15915494309189526,x=0.5,z=-0.15915494309189537)                PhXZ(a=-0.34084505690810496,x=0.9178119637360114,z=0.34084505690810496) PhXZ(a=0.6591549430918953,x=0.5,z=-0.6591549430918957)                  PhXZ(a=-0.8408450569081047,x=0.9178119637360114,z=0.8408450569081047)
  │
7 │                                                                                                                                                 PhXZ(a=0.15915494309189526,x=0.5,z=-0.15915494309189537)                PhXZ(a=-0.34084505690810496,x=0.9178119637360114,z=0.34084505690810496) PhXZ(a=0.6591549430918953,x=0.5,z=-0.6591549430918957)
  │
8 │                                                                                                                                                                                                                         PhXZ(a=0.15915494309189526,x=0.5,z=-0.15915494309189537)
  │
Moment 33:
  ╷ 1         2         3         4         5
╶─┼───────────────────────────────────────────────────
3 │           iSwap^0.5
  │           │
4 │ iSwap^0.5 iSwap     iSwap^0.5
  │ │                   │
5 │ iSwap     iSwap^0.5 iSwap     iSwap^0.5
  │           │                   │
6 │           iSwap     iSwap^0.5 iSwap     iSwap^0.5
  │                     │                   │
7 │                     iSwap     iSwap^0.5 iSwap
  │                               │
8 │                               iSwap
  │
Moment 34:
  ╷ 1                                    2                                    3                                    4                                    5
╶─┼──────────────────────────────────────────────────────────────────────────────────────────────────────────────────────────────────────────────────────────────────────────────────────────
3 │                                      PhXZ(a=-1,x=0.7724433334064007,z=-1)
  │
4 │ PhXZ(a=-1,x=0.7724433334064007,z=-1) X                                    PhXZ(a=-1,x=0.7724433334064007,z=-1)
  │
5 │ X                                    PhXZ(a=-1,x=0.7724433334064007,z=-1) X                                    PhXZ(a=-1,x=0.7724433334064007,z=-1)
  │
6 │                                      X                                    PhXZ(a=-1,x=0.7724433334064007,z=-1) X                                    PhXZ(a=-1,x=0.7724433334064007,z=-1)
  │
7 │                                                                           X                                    PhXZ(a=-1,x=0.7724433334064007,z=-1) X
  │
8 │                                                                                                                X
  │
Moment 35:
  ╷ 1         2         3         4         5
╶─┼───────────────────────────────────────────────────
3 │           iSwap^0.5
  │           │
4 │ iSwap^0.5 iSwap     iSwap^0.5
  │ │                   │
5 │ iSwap     iSwap^0.5 iSwap     iSwap^0.5
  │           │                   │
6 │           iSwap     iSwap^0.5 iSwap     iSwap^0.5
  │                     │                   │
7 │                     iSwap     iSwap^0.5 iSwap
  │                               │
8 │                               iSwap
  │
Moment 36:
  ╷ 1                                   2                                   3                                   4                                   5
╶─┼─────────────────────────────────────────────────────────────────────────────────────────────────────────────────────────────────────────────────────────────────────────────────────
3 │                                     PhXZ(a=-1,x=0.9178119637360114,z=0)
  │
4 │ PhXZ(a=-1,x=0.9178119637360114,z=0) PhXZ(a=-1,x=0.5,z=0)                PhXZ(a=-1,x=0.9178119637360114,z=0)
  │
5 │ PhXZ(a=-1,x=0.5,z=0)                PhXZ(a=-1,x=0.9178119637360114,z=0) PhXZ(a=-1,x=0.5,z=0)                PhXZ(a=-1,x=0.9178119637360114,z=0)
  │
6 │                                     PhXZ(a=-1,x=0.5,z=0)                PhXZ(a=-1,x=0.9178119637360114,z=0) PhXZ(a=-1,x=0.5,z=0)                PhXZ(a=-1,x=0.9178119637360114,z=0)
  │
7 │                                                                         PhXZ(a=-1,x=0.5,z=0)                PhXZ(a=-1,x=0.9178119637360114,z=0) PhXZ(a=-1,x=0.5,z=0)
  │
8 │                                                                                                             PhXZ(a=-1,x=0.5,z=0)
  │
Moment 37:
  ╷ 1         2         3         4         5
╶─┼───────────────────────────────────────────────
4 │ iSwap^0.5─iSwap
  │
5 │           iSwap^0.5─iSwap
  │
6 │                     iSwap^0.5─iSwap
  │
7 │                               iSwap^0.5─iSwap
  │
Moment 38:
  ╷ 1 2 3 4 5
╶─┼───────────
3 │   X
  │
4 │ X X X
  │
5 │ X X X X
  │
6 │   X X X X
  │
7 │     X X X
  │
8 │       X
  │
Moment 39:
  ╷ 1         2         3         4         5
╶─┼───────────────────────────────────────────────
4 │ iSwap^0.5─iSwap
  │
5 │           iSwap^0.5─iSwap
  │
6 │                     iSwap^0.5─iSwap
  │
7 │                               iSwap^0.5─iSwap
  │
Moment 40:
  ╷ 1                                  2                                  3                                  4                                  5
╶─┼───────────────────────────────────────────────────────────────────────────────────────────────────────────────────────────────────────────────────────────────────
3 │                                    PhXZ(a=0.125,x=1,z=0)
  │
4 │ PhXZ(a=0.3749999999999998,x=1,z=0) PhXZ(a=0.125,x=1,z=0)              PhXZ(a=0.125,x=1,z=0)
  │
5 │ PhXZ(a=-1.125,x=1,z=0)             PhXZ(a=0.3749999999999998,x=1,z=0) PhXZ(a=0.125,x=1,z=0)              PhXZ(a=0.125,x=1,z=0)
  │
6 │                                    PhXZ(a=-1.125,x=1,z=0)             PhXZ(a=0.3749999999999998,x=1,z=0) PhXZ(a=0.125,x=1,z=0)              PhXZ(a=0.125,x=1,z=0)
  │
7 │                                                                       PhXZ(a=-1.125,x=1,z=0)             PhXZ(a=0.3749999999999998,x=1,z=0) PhXZ(a=0.125,x=1,z=0)
  │
8 │                                                                                                          PhXZ(a=-1.125,x=1,z=0)
  │
Moment 41:
  ╷ 1         2         3         4         5
╶─┼───────────────────────────────────────────────────
3 │           iSwap^0.5
  │           │
4 │ iSwap^0.5 iSwap     iSwap^0.5
  │ │                   │
5 │ iSwap     iSwap^0.5 iSwap     iSwap^0.5
  │           │                   │
6 │           iSwap     iSwap^0.5 iSwap     iSwap^0.5
  │                     │                   │
7 │                     iSwap     iSwap^0.5 iSwap
  │                               │
8 │                               iSwap
  │
Moment 42:
  ╷ 1                                   2                                   3                                   4                                   5
╶─┼─────────────────────────────────────────────────────────────────────────────────────────────────────────────────────────────────────────────────────────────────────────────────────
3 │                                     PhXZ(a=-0.4204225284540525,x=1,z=0)
  │
4 │ PhXZ(a=-0.4204225284540525,x=1,z=0) PhXZ(a=-1.0795774715459476,x=1,z=0) PhXZ(a=-0.4204225284540525,x=1,z=0)
  │
5 │ PhXZ(a=-1.0795774715459476,x=1,z=0) PhXZ(a=-0.4204225284540525,x=1,z=0) PhXZ(a=-1.0795774715459476,x=1,z=0) PhXZ(a=-0.4204225284540525,x=1,z=0)
  │
6 │                                     PhXZ(a=-1.0795774715459476,x=1,z=0) PhXZ(a=-0.4204225284540525,x=1,z=0) PhXZ(a=-1.0795774715459476,x=1,z=0) PhXZ(a=-0.4204225284540525,x=1,z=0)
  │
7 │                                                                         PhXZ(a=-1.0795774715459476,x=1,z=0) PhXZ(a=-0.4204225284540525,x=1,z=0) PhXZ(a=-1.0795774715459476,x=1,z=0)
  │
8 │                                                                                                             PhXZ(a=-1.0795774715459476,x=1,z=0)
  │
Moment 43:
  ╷ 1         2         3         4         5
╶─┼───────────────────────────────────────────────────
3 │           iSwap^0.5
  │           │
4 │ iSwap^0.5 iSwap     iSwap^0.5
  │ │                   │
5 │ iSwap     iSwap^0.5 iSwap     iSwap^0.5
  │           │                   │
6 │           iSwap     iSwap^0.5 iSwap     iSwap^0.5
  │                     │                   │
7 │                     iSwap     iSwap^0.5 iSwap
  │                               │
8 │                               iSwap
  │
Moment 44:
  ╷ 1                                  2                                  3                                  4                                   5
╶─┼──────────────────────────────────────────────────────────────────────────────────────────────────────────────────────────────────────────────────────────────────────────────────
3 │                                    PhXZ(a=0.375,x=1,z=0)
  │
4 │ PhXZ(a=0.375,x=1,z=0)              PhXZ(a=0.2499999999999999,x=1,z=0) PhXZ(a=0.2499999999999999,x=1,z=0)
  │
5 │ PhXZ(a=0.2499999999999999,x=1,z=0) PhXZ(a=0.2499999999999999,x=1,z=0) PhXZ(a=0.2499999999999999,x=1,z=0) PhXZ(a=0.2499999999999999,x=1,z=0)
  │
6 │                                    PhXZ(a=0.2499999999999999,x=1,z=0) PhXZ(a=0.2499999999999999,x=1,z=0) PhXZ(a=0.2499999999999999,x=1,z=0)  PhXZ(a=0.2499999999999999,x=1,z=0)
  │
7 │                                                                       PhXZ(a=0.2499999999999999,x=1,z=0) PhXZ(a=0.2499999999999999,x=1,z=0)  PhXZ(a=0.12499999999999989,x=1,z=0)
  │
8 │                                                                                                          PhXZ(a=0.12499999999999989,x=1,z=0)
  │
Moment 45:
  ╷ 1         2         3         4         5
╶─┼───────────────────────────────────────────────
4 │           iSwap^0.5─iSwap
  │
5 │ iSwap^0.5─iSwap     iSwap^0.5─iSwap
  │
6 │           iSwap^0.5─iSwap     iSwap^0.5─iSwap
  │
7 │                     iSwap^0.5─iSwap
  │
Moment 46:
  ╷ 1                                   2                                   3                                   4                                   5
╶─┼─────────────────────────────────────────────────────────────────────────────────────────────────────────────────────────────────────────────────────────────────────────────────────
3 │                                     X
  │
4 │ X                                   PhXZ(a=-0.4204225284540525,x=1,z=0) PhXZ(a=-1.0795774715459476,x=1,z=0)
  │
5 │ PhXZ(a=-0.4204225284540525,x=1,z=0) PhXZ(a=-1.0795774715459476,x=1,z=0) PhXZ(a=-0.4204225284540525,x=1,z=0) PhXZ(a=-1.0795774715459476,x=1,z=0)
  │
6 │                                     PhXZ(a=-0.4204225284540525,x=1,z=0) PhXZ(a=-1.0795774715459476,x=1,z=0) PhXZ(a=-0.4204225284540525,x=1,z=0) PhXZ(a=-1.0795774715459476,x=1,z=0)
  │
7 │                                                                         PhXZ(a=-0.4204225284540525,x=1,z=0) PhXZ(a=-1.0795774715459476,x=1,z=0) X
  │
8 │                                                                                                             X
  │
Moment 47:
  ╷ 1         2         3         4         5
╶─┼───────────────────────────────────────────────
4 │           iSwap^0.5─iSwap
  │
5 │ iSwap^0.5─iSwap     iSwap^0.5─iSwap
  │
6 │           iSwap^0.5─iSwap     iSwap^0.5─iSwap
  │
7 │                     iSwap^0.5─iSwap
  │
Moment 48:
  ╷ 1                     2                                   3                                   4                                   5
╶─┼───────────────────────────────────────────────────────────────────────────────────────────────────────────────────────────────────────────────────────────────────────
3 │                       X
  │
4 │ X                     PhXZ(a=0.375,x=1,z=0)               PhXZ(a=0.12499999999999989,x=1,z=0)
  │
5 │ PhXZ(a=0.375,x=1,z=0) PhXZ(a=0.12499999999999989,x=1,z=0) PhXZ(a=0.375,x=1,z=0)               PhXZ(a=0.12499999999999989,x=1,z=0)
  │
6 │                       PhXZ(a=0.375,x=1,z=0)               PhXZ(a=0.12499999999999989,x=1,z=0) PhXZ(a=0.375,x=1,z=0)               PhXZ(a=0.12499999999999989,x=1,z=0)
  │
7 │                                                           PhXZ(a=0.375,x=1,z=0)               PhXZ(a=0.12499999999999989,x=1,z=0) X
  │
8 │                                                                                               X
  │
Moment 49:
  ╷ 1         2         3         4         5
╶─┼───────────────────────────────────────────────────
3 │           iSwap^0.5
  │           │
4 │ iSwap^0.5 iSwap     iSwap^0.5
  │ │                   │
5 │ iSwap     iSwap^0.5 iSwap     iSwap^0.5
  │           │                   │
6 │           iSwap     iSwap^0.5 iSwap     iSwap^0.5
  │                     │                   │
7 │                     iSwap     iSwap^0.5 iSwap
  │                               │
8 │                               iSwap
  │
Moment 50:
  ╷ 1                      2                      3                      4                      5
╶─┼────────────────────────────────────────────────────────────────────────────────────────────────────────────────────
3 │                        PhXZ(a=0.625,x=1,z=0)
  │
4 │ PhXZ(a=0.625,x=1,z=0)  PhXZ(a=-1.125,x=1,z=0) PhXZ(a=0.625,x=1,z=0)
  │
5 │ PhXZ(a=-1.125,x=1,z=0) PhXZ(a=0.625,x=1,z=0)  PhXZ(a=-1.125,x=1,z=0) PhXZ(a=0.625,x=1,z=0)
  │
6 │                        PhXZ(a=-1.125,x=1,z=0) PhXZ(a=0.625,x=1,z=0)  PhXZ(a=-1.125,x=1,z=0) PhXZ(a=0.625,x=1,z=0)
  │
7 │                                               PhXZ(a=-1.125,x=1,z=0) PhXZ(a=0.625,x=1,z=0)  PhXZ(a=-1.125,x=1,z=0)
  │
8 │                                                                      PhXZ(a=-1.125,x=1,z=0)
  │
Moment 51:
  ╷ 1         2         3         4         5
╶─┼───────────────────────────────────────────────────
3 │           iSwap^0.5
  │           │
4 │ iSwap^0.5 iSwap     iSwap^0.5
  │ │                   │
5 │ iSwap     iSwap^0.5 iSwap     iSwap^0.5
  │           │                   │
6 │           iSwap     iSwap^0.5 iSwap     iSwap^0.5
  │                     │                   │
7 │                     iSwap     iSwap^0.5 iSwap
  │                               │
8 │                               iSwap
  │
Moment 52:
  ╷ 1                 2                 3                 4                 5
╶─┼───────────────────────────────────────────────────────────────────────────────────────────
3 │                   Z
  │
4 │ Z                 PhXZ(a=0,x=0,z=0) Z
  │
5 │ PhXZ(a=0,x=0,z=0) Z                 PhXZ(a=0,x=0,z=0) Z
  │
6 │                   PhXZ(a=0,x=0,z=0) Z                 PhXZ(a=0,x=0,z=0) Z
  │
7 │                                     PhXZ(a=0,x=0,z=0) Z                 PhXZ(a=0,x=0,z=0)
  │
8 │                                                       PhXZ(a=0,x=0,z=0)
  │
Moment 53:
  ╷ 1 2      3 4 5
╶─┼────────────────
3 │   M('x')
  │   │
4 │ M─M──────M───┐
  │ │        │   │
5 │ M─M      M─M │
  │   │        │ │
6 │   M──────M M─M
  │          │   │
7 │          M─M M
  │            │
8 │            M
  │

2021-09-06 20:49:46,032 - fhvqe.experiment:151 - DEBUG - Preparing exact analysis function for horiz
2021-09-06 20:49:46,709 - fhvqe.vqe_experiment:940 - DEBUG - horiz1:

2021-09-06 20:49:46,710 - fhvqe.experiment:658 - INFO - Preparing executables.
2021-09-06 20:49:46,711 - fhvqe.experiment:662 - DEBUG - ansatz with params: [[1. 1. 1.]]
2021-09-06 20:49:46,736 - fhvqe.experiment:553 - DEBUG - number of moments preoptimization: 56
2021-09-06 20:49:46,755 - fhvqe.experiment:554 - DEBUG - depth preoptimization: 56
2021-09-06 20:49:47,091 - fhvqe.experiment:595 - DEBUG - number of moments post-optimization and calibration: 49
2021-09-06 20:49:47,113 - fhvqe.experiment:596 - DEBUG - depth post-optimization and calibration: 49
2021-09-06 20:49:47,137 - fhvqe.experiment:553 - DEBUG - number of moments preoptimization: 60
2021-09-06 20:49:47,156 - fhvqe.experiment:554 - DEBUG - depth preoptimization: 60
2021-09-06 20:49:47,514 - fhvqe.experiment:595 - DEBUG - number of moments post-optimization and calibration: 53
2021-09-06 20:49:47,537 - fhvqe.experiment:596 - DEBUG - depth post-optimization and calibration: 53
2021-09-06 20:49:47,565 - fhvqe.experiment:553 - DEBUG - number of moments preoptimization: 54
2021-09-06 20:49:47,581 - fhvqe.experiment:554 - DEBUG - depth preoptimization: 54
2021-09-06 20:49:47,897 - fhvqe.experiment:595 - DEBUG - number of moments post-optimization and calibration: 49
2021-09-06 20:49:47,919 - fhvqe.experiment:596 - DEBUG - depth post-optimization and calibration: 49
2021-09-06 20:49:47,939 - fhvqe.experiment:662 - DEBUG - ansatz with params: [[0.71822551 0.87411875 0.4565479 ]]
2021-09-06 20:49:47,963 - fhvqe.experiment:553 - DEBUG - number of moments preoptimization: 56
2021-09-06 20:49:47,981 - fhvqe.experiment:554 - DEBUG - depth preoptimization: 56
2021-09-06 20:49:48,319 - fhvqe.experiment:595 - DEBUG - number of moments post-optimization and calibration: 49
2021-09-06 20:49:48,341 - fhvqe.experiment:596 - DEBUG - depth post-optimization and calibration: 49
2021-09-06 20:49:48,366 - fhvqe.experiment:553 - DEBUG - number of moments preoptimization: 60
2021-09-06 20:49:48,386 - fhvqe.experiment:554 - DEBUG - depth preoptimization: 60
2021-09-06 20:49:48,744 - fhvqe.experiment:595 - DEBUG - number of moments post-optimization and calibration: 53
2021-09-06 20:49:48,767 - fhvqe.experiment:596 - DEBUG - depth post-optimization and calibration: 53
2021-09-06 20:49:48,795 - fhvqe.experiment:553 - DEBUG - number of moments preoptimization: 54
2021-09-06 20:49:48,811 - fhvqe.experiment:554 - DEBUG - depth preoptimization: 54
2021-09-06 20:49:49,122 - fhvqe.experiment:595 - DEBUG - number of moments post-optimization and calibration: 49
2021-09-06 20:49:49,143 - fhvqe.experiment:596 - DEBUG - depth post-optimization and calibration: 49
2021-09-06 20:49:49,163 - fhvqe.experiment:662 - DEBUG - ansatz with params: [[0.71822551 0.87411875 0.4565479 ]]
2021-09-06 20:49:49,187 - fhvqe.experiment:553 - DEBUG - number of moments preoptimization: 56
2021-09-06 20:49:49,205 - fhvqe.experiment:554 - DEBUG - depth preoptimization: 56
2021-09-06 20:49:49,529 - fhvqe.experiment:595 - DEBUG - number of moments post-optimization and calibration: 49
2021-09-06 20:49:49,550 - fhvqe.experiment:596 - DEBUG - depth post-optimization and calibration: 49
2021-09-06 20:49:49,574 - fhvqe.experiment:553 - DEBUG - number of moments preoptimization: 60
2021-09-06 20:49:49,593 - fhvqe.experiment:554 - DEBUG - depth preoptimization: 60
2021-09-06 20:49:49,961 - fhvqe.experiment:595 - DEBUG - number of moments post-optimization and calibration: 53
2021-09-06 20:49:49,985 - fhvqe.experiment:596 - DEBUG - depth post-optimization and calibration: 53
2021-09-06 20:49:50,014 - fhvqe.experiment:553 - DEBUG - number of moments preoptimization: 54
2021-09-06 20:49:50,030 - fhvqe.experiment:554 - DEBUG - depth preoptimization: 54
2021-09-06 20:49:50,341 - fhvqe.experiment:595 - DEBUG - number of moments post-optimization and calibration: 49
2021-09-06 20:49:50,362 - fhvqe.experiment:596 - DEBUG - depth post-optimization and calibration: 49
2021-09-06 20:49:50,382 - fhvqe.experiment:662 - DEBUG - ansatz with params: [[0.68318843 0.79373937 0.49821159]]
2021-09-06 20:49:50,406 - fhvqe.experiment:553 - DEBUG - number of moments preoptimization: 56
2021-09-06 20:49:50,424 - fhvqe.experiment:554 - DEBUG - depth preoptimization: 56
2021-09-06 20:49:50,757 - fhvqe.experiment:595 - DEBUG - number of moments post-optimization and calibration: 49
2021-09-06 20:49:50,778 - fhvqe.experiment:596 - DEBUG - depth post-optimization and calibration: 49
2021-09-06 20:49:50,802 - fhvqe.experiment:553 - DEBUG - number of moments preoptimization: 60
2021-09-06 20:49:50,822 - fhvqe.experiment:554 - DEBUG - depth preoptimization: 60
2021-09-06 20:49:51,181 - fhvqe.experiment:595 - DEBUG - number of moments post-optimization and calibration: 53
2021-09-06 20:49:51,204 - fhvqe.experiment:596 - DEBUG - depth post-optimization and calibration: 53
2021-09-06 20:49:51,233 - fhvqe.experiment:553 - DEBUG - number of moments preoptimization: 54
2021-09-06 20:49:51,249 - fhvqe.experiment:554 - DEBUG - depth preoptimization: 54
2021-09-06 20:49:51,558 - fhvqe.experiment:595 - DEBUG - number of moments post-optimization and calibration: 49
2021-09-06 20:49:51,579 - fhvqe.experiment:596 - DEBUG - depth post-optimization and calibration: 49
2021-09-06 20:49:51,599 - fhvqe.experiment:662 - DEBUG - ansatz with params: [[0.68318843 0.79373937 0.49821159]]
2021-09-06 20:49:51,623 - fhvqe.experiment:553 - DEBUG - number of moments preoptimization: 56
2021-09-06 20:49:51,640 - fhvqe.experiment:554 - DEBUG - depth preoptimization: 56
2021-09-06 20:49:51,967 - fhvqe.experiment:595 - DEBUG - number of moments post-optimization and calibration: 49
2021-09-06 20:49:51,988 - fhvqe.experiment:596 - DEBUG - depth post-optimization and calibration: 49
2021-09-06 20:49:52,012 - fhvqe.experiment:553 - DEBUG - number of moments preoptimization: 60
2021-09-06 20:49:52,032 - fhvqe.experiment:554 - DEBUG - depth preoptimization: 60
2021-09-06 20:49:52,389 - fhvqe.experiment:595 - DEBUG - number of moments post-optimization and calibration: 53
2021-09-06 20:49:52,412 - fhvqe.experiment:596 - DEBUG - depth post-optimization and calibration: 53
2021-09-06 20:49:52,440 - fhvqe.experiment:553 - DEBUG - number of moments preoptimization: 54
2021-09-06 20:49:52,457 - fhvqe.experiment:554 - DEBUG - depth preoptimization: 54
2021-09-06 20:49:52,765 - fhvqe.experiment:595 - DEBUG - number of moments post-optimization and calibration: 49
2021-09-06 20:49:52,786 - fhvqe.experiment:596 - DEBUG - depth post-optimization and calibration: 49
2021-09-06 20:49:52,806 - fhvqe.experiment:662 - DEBUG - ansatz with params: [[0.66750337 0.68401025 0.44171238]]
2021-09-06 20:49:52,830 - fhvqe.experiment:553 - DEBUG - number of moments preoptimization: 56
2021-09-06 20:49:52,848 - fhvqe.experiment:554 - DEBUG - depth preoptimization: 56
2021-09-06 20:49:53,173 - fhvqe.experiment:595 - DEBUG - number of moments post-optimization and calibration: 49
2021-09-06 20:49:53,194 - fhvqe.experiment:596 - DEBUG - depth post-optimization and calibration: 49
2021-09-06 20:49:53,218 - fhvqe.experiment:553 - DEBUG - number of moments preoptimization: 60
2021-09-06 20:49:53,238 - fhvqe.experiment:554 - DEBUG - depth preoptimization: 60
2021-09-06 20:49:53,595 - fhvqe.experiment:595 - DEBUG - number of moments post-optimization and calibration: 53
2021-09-06 20:49:53,618 - fhvqe.experiment:596 - DEBUG - depth post-optimization and calibration: 53
2021-09-06 20:49:53,647 - fhvqe.experiment:553 - DEBUG - number of moments preoptimization: 54
2021-09-06 20:49:53,663 - fhvqe.experiment:554 - DEBUG - depth preoptimization: 54
2021-09-06 20:49:53,978 - fhvqe.experiment:595 - DEBUG - number of moments post-optimization and calibration: 49
2021-09-06 20:49:53,999 - fhvqe.experiment:596 - DEBUG - depth post-optimization and calibration: 49
2021-09-06 20:49:54,019 - fhvqe.experiment:662 - DEBUG - ansatz with params: [[0.66750337 0.68401025 0.44171238]]
2021-09-06 20:49:54,043 - fhvqe.experiment:553 - DEBUG - number of moments preoptimization: 56
2021-09-06 20:49:54,060 - fhvqe.experiment:554 - DEBUG - depth preoptimization: 56
2021-09-06 20:49:54,394 - fhvqe.experiment:595 - DEBUG - number of moments post-optimization and calibration: 49
2021-09-06 20:49:54,416 - fhvqe.experiment:596 - DEBUG - depth post-optimization and calibration: 49
2021-09-06 20:49:54,440 - fhvqe.experiment:553 - DEBUG - number of moments preoptimization: 60
2021-09-06 20:49:54,459 - fhvqe.experiment:554 - DEBUG - depth preoptimization: 60
2021-09-06 20:49:54,816 - fhvqe.experiment:595 - DEBUG - number of moments post-optimization and calibration: 53
2021-09-06 20:49:54,839 - fhvqe.experiment:596 - DEBUG - depth post-optimization and calibration: 53
2021-09-06 20:49:54,868 - fhvqe.experiment:553 - DEBUG - number of moments preoptimization: 54
2021-09-06 20:49:54,892 - fhvqe.experiment:554 - DEBUG - depth preoptimization: 54
2021-09-06 20:49:55,242 - fhvqe.experiment:595 - DEBUG - number of moments post-optimization and calibration: 49
2021-09-06 20:49:55,263 - fhvqe.experiment:596 - DEBUG - depth post-optimization and calibration: 49
2021-09-06 20:49:55,283 - fhvqe.experiment:662 - DEBUG - ansatz with params: [[0.6549361  0.67150225 0.41143991]]
2021-09-06 20:49:55,308 - fhvqe.experiment:553 - DEBUG - number of moments preoptimization: 56
2021-09-06 20:49:55,326 - fhvqe.experiment:554 - DEBUG - depth preoptimization: 56
2021-09-06 20:49:55,666 - fhvqe.experiment:595 - DEBUG - number of moments post-optimization and calibration: 49
2021-09-06 20:49:55,688 - fhvqe.experiment:596 - DEBUG - depth post-optimization and calibration: 49
2021-09-06 20:49:55,712 - fhvqe.experiment:553 - DEBUG - number of moments preoptimization: 60
2021-09-06 20:49:55,732 - fhvqe.experiment:554 - DEBUG - depth preoptimization: 60
2021-09-06 20:49:56,095 - fhvqe.experiment:595 - DEBUG - number of moments post-optimization and calibration: 53
2021-09-06 20:49:56,118 - fhvqe.experiment:596 - DEBUG - depth post-optimization and calibration: 53
2021-09-06 20:49:56,148 - fhvqe.experiment:553 - DEBUG - number of moments preoptimization: 54
2021-09-06 20:49:56,170 - fhvqe.experiment:554 - DEBUG - depth preoptimization: 54
2021-09-06 20:49:56,554 - fhvqe.experiment:595 - DEBUG - number of moments post-optimization and calibration: 49
2021-09-06 20:49:56,575 - fhvqe.experiment:596 - DEBUG - depth post-optimization and calibration: 49
2021-09-06 20:49:56,595 - fhvqe.experiment:662 - DEBUG - ansatz with params: [[0.6549361  0.67150225 0.41143991]]
2021-09-06 20:49:56,619 - fhvqe.experiment:553 - DEBUG - number of moments preoptimization: 56
2021-09-06 20:49:56,636 - fhvqe.experiment:554 - DEBUG - depth preoptimization: 56
2021-09-06 20:49:56,979 - fhvqe.experiment:595 - DEBUG - number of moments post-optimization and calibration: 49
2021-09-06 20:49:57,000 - fhvqe.experiment:596 - DEBUG - depth post-optimization and calibration: 49
2021-09-06 20:49:57,024 - fhvqe.experiment:553 - DEBUG - number of moments preoptimization: 60
2021-09-06 20:49:57,044 - fhvqe.experiment:554 - DEBUG - depth preoptimization: 60
2021-09-06 20:49:57,411 - fhvqe.experiment:595 - DEBUG - number of moments post-optimization and calibration: 53
2021-09-06 20:49:57,434 - fhvqe.experiment:596 - DEBUG - depth post-optimization and calibration: 53
2021-09-06 20:49:57,462 - fhvqe.experiment:553 - DEBUG - number of moments preoptimization: 54
2021-09-06 20:49:57,479 - fhvqe.experiment:554 - DEBUG - depth preoptimization: 54
2021-09-06 20:49:57,789 - fhvqe.experiment:595 - DEBUG - number of moments post-optimization and calibration: 49
2021-09-06 20:49:57,811 - fhvqe.experiment:596 - DEBUG - depth post-optimization and calibration: 49
2021-09-06 20:49:57,831 - fhvqe.experiment:662 - DEBUG - ansatz with params: [[0.6426747  0.65571922 0.422963  ]]
2021-09-06 20:49:57,855 - fhvqe.experiment:553 - DEBUG - number of moments preoptimization: 56
2021-09-06 20:49:57,872 - fhvqe.experiment:554 - DEBUG - depth preoptimization: 56
2021-09-06 20:49:58,200 - fhvqe.experiment:595 - DEBUG - number of moments post-optimization and calibration: 49
2021-09-06 20:49:58,221 - fhvqe.experiment:596 - DEBUG - depth post-optimization and calibration: 49
2021-09-06 20:49:58,245 - fhvqe.experiment:553 - DEBUG - number of moments preoptimization: 60
2021-09-06 20:49:58,265 - fhvqe.experiment:554 - DEBUG - depth preoptimization: 60
2021-09-06 20:49:58,621 - fhvqe.experiment:595 - DEBUG - number of moments post-optimization and calibration: 53
2021-09-06 20:49:58,645 - fhvqe.experiment:596 - DEBUG - depth post-optimization and calibration: 53
2021-09-06 20:49:58,673 - fhvqe.experiment:553 - DEBUG - number of moments preoptimization: 54
2021-09-06 20:49:58,690 - fhvqe.experiment:554 - DEBUG - depth preoptimization: 54
2021-09-06 20:49:59,000 - fhvqe.experiment:595 - DEBUG - number of moments post-optimization and calibration: 49
2021-09-06 20:49:59,021 - fhvqe.experiment:596 - DEBUG - depth post-optimization and calibration: 49
2021-09-06 20:49:59,041 - fhvqe.experiment:662 - DEBUG - ansatz with params: [[0.6426747  0.65571922 0.422963  ]]
2021-09-06 20:49:59,065 - fhvqe.experiment:553 - DEBUG - number of moments preoptimization: 56
2021-09-06 20:49:59,082 - fhvqe.experiment:554 - DEBUG - depth preoptimization: 56
2021-09-06 20:49:59,409 - fhvqe.experiment:595 - DEBUG - number of moments post-optimization and calibration: 49
2021-09-06 20:49:59,430 - fhvqe.experiment:596 - DEBUG - depth post-optimization and calibration: 49
2021-09-06 20:49:59,454 - fhvqe.experiment:553 - DEBUG - number of moments preoptimization: 60
2021-09-06 20:49:59,474 - fhvqe.experiment:554 - DEBUG - depth preoptimization: 60
2021-09-06 20:49:59,830 - fhvqe.experiment:595 - DEBUG - number of moments post-optimization and calibration: 53
2021-09-06 20:49:59,854 - fhvqe.experiment:596 - DEBUG - depth post-optimization and calibration: 53
2021-09-06 20:49:59,882 - fhvqe.experiment:553 - DEBUG - number of moments preoptimization: 54
2021-09-06 20:49:59,898 - fhvqe.experiment:554 - DEBUG - depth preoptimization: 54
2021-09-06 20:50:00,212 - fhvqe.experiment:595 - DEBUG - number of moments post-optimization and calibration: 49
2021-09-06 20:50:00,233 - fhvqe.experiment:596 - DEBUG - depth post-optimization and calibration: 49
2021-09-06 20:50:00,254 - fhvqe.experiment:662 - DEBUG - ansatz with params: [[0.62902195 0.63727472 0.43579562]]
2021-09-06 20:50:00,277 - fhvqe.experiment:553 - DEBUG - number of moments preoptimization: 56
2021-09-06 20:50:00,295 - fhvqe.experiment:554 - DEBUG - depth preoptimization: 56
2021-09-06 20:50:00,628 - fhvqe.experiment:595 - DEBUG - number of moments post-optimization and calibration: 49
2021-09-06 20:50:00,649 - fhvqe.experiment:596 - DEBUG - depth post-optimization and calibration: 49
2021-09-06 20:50:00,673 - fhvqe.experiment:553 - DEBUG - number of moments preoptimization: 60
2021-09-06 20:50:00,693 - fhvqe.experiment:554 - DEBUG - depth preoptimization: 60
2021-09-06 20:50:01,053 - fhvqe.experiment:595 - DEBUG - number of moments post-optimization and calibration: 53
2021-09-06 20:50:01,076 - fhvqe.experiment:596 - DEBUG - depth post-optimization and calibration: 53
2021-09-06 20:50:01,104 - fhvqe.experiment:553 - DEBUG - number of moments preoptimization: 54
2021-09-06 20:50:01,120 - fhvqe.experiment:554 - DEBUG - depth preoptimization: 54
2021-09-06 20:50:01,430 - fhvqe.experiment:595 - DEBUG - number of moments post-optimization and calibration: 49
2021-09-06 20:50:01,451 - fhvqe.experiment:596 - DEBUG - depth post-optimization and calibration: 49
2021-09-06 20:50:01,471 - fhvqe.experiment:662 - DEBUG - ansatz with params: [[0.62902195 0.63727472 0.43579562]]
2021-09-06 20:50:01,496 - fhvqe.experiment:553 - DEBUG - number of moments preoptimization: 56
2021-09-06 20:50:01,514 - fhvqe.experiment:554 - DEBUG - depth preoptimization: 56
2021-09-06 20:50:01,850 - fhvqe.experiment:595 - DEBUG - number of moments post-optimization and calibration: 49
2021-09-06 20:50:01,872 - fhvqe.experiment:596 - DEBUG - depth post-optimization and calibration: 49
2021-09-06 20:50:01,905 - fhvqe.experiment:553 - DEBUG - number of moments preoptimization: 60
2021-09-06 20:50:01,928 - fhvqe.experiment:554 - DEBUG - depth preoptimization: 60
2021-09-06 20:50:02,291 - fhvqe.experiment:595 - DEBUG - number of moments post-optimization and calibration: 53
2021-09-06 20:50:02,314 - fhvqe.experiment:596 - DEBUG - depth post-optimization and calibration: 53
2021-09-06 20:50:02,343 - fhvqe.experiment:553 - DEBUG - number of moments preoptimization: 54
2021-09-06 20:50:02,359 - fhvqe.experiment:554 - DEBUG - depth preoptimization: 54
2021-09-06 20:50:02,668 - fhvqe.experiment:595 - DEBUG - number of moments post-optimization and calibration: 49
2021-09-06 20:50:02,689 - fhvqe.experiment:596 - DEBUG - depth post-optimization and calibration: 49
2021-09-06 20:50:02,710 - fhvqe.experiment:662 - DEBUG - ansatz with params: [[0.59898418 0.63894195 0.44353195]]
2021-09-06 20:50:02,734 - fhvqe.experiment:553 - DEBUG - number of moments preoptimization: 56
2021-09-06 20:50:02,751 - fhvqe.experiment:554 - DEBUG - depth preoptimization: 56
2021-09-06 20:50:03,077 - fhvqe.experiment:595 - DEBUG - number of moments post-optimization and calibration: 49
2021-09-06 20:50:03,099 - fhvqe.experiment:596 - DEBUG - depth post-optimization and calibration: 49
2021-09-06 20:50:03,123 - fhvqe.experiment:553 - DEBUG - number of moments preoptimization: 60
2021-09-06 20:50:03,142 - fhvqe.experiment:554 - DEBUG - depth preoptimization: 60
2021-09-06 20:50:03,498 - fhvqe.experiment:595 - DEBUG - number of moments post-optimization and calibration: 53
2021-09-06 20:50:03,522 - fhvqe.experiment:596 - DEBUG - depth post-optimization and calibration: 53
2021-09-06 20:50:03,550 - fhvqe.experiment:553 - DEBUG - number of moments preoptimization: 54
2021-09-06 20:50:03,566 - fhvqe.experiment:554 - DEBUG - depth preoptimization: 54
2021-09-06 20:50:03,879 - fhvqe.experiment:595 - DEBUG - number of moments post-optimization and calibration: 49
2021-09-06 20:50:03,900 - fhvqe.experiment:596 - DEBUG - depth post-optimization and calibration: 49
2021-09-06 20:50:03,920 - fhvqe.experiment:662 - DEBUG - ansatz with params: [[0.59898418 0.63894195 0.44353195]]
2021-09-06 20:50:03,944 - fhvqe.experiment:553 - DEBUG - number of moments preoptimization: 56
2021-09-06 20:50:03,961 - fhvqe.experiment:554 - DEBUG - depth preoptimization: 56
2021-09-06 20:50:04,288 - fhvqe.experiment:595 - DEBUG - number of moments post-optimization and calibration: 49
2021-09-06 20:50:04,309 - fhvqe.experiment:596 - DEBUG - depth post-optimization and calibration: 49
2021-09-06 20:50:04,334 - fhvqe.experiment:553 - DEBUG - number of moments preoptimization: 60
2021-09-06 20:50:04,353 - fhvqe.experiment:554 - DEBUG - depth preoptimization: 60
2021-09-06 20:50:04,710 - fhvqe.experiment:595 - DEBUG - number of moments post-optimization and calibration: 53
2021-09-06 20:50:04,733 - fhvqe.experiment:596 - DEBUG - depth post-optimization and calibration: 53
2021-09-06 20:50:04,762 - fhvqe.experiment:553 - DEBUG - number of moments preoptimization: 54
2021-09-06 20:50:04,778 - fhvqe.experiment:554 - DEBUG - depth preoptimization: 54
2021-09-06 20:50:05,089 - fhvqe.experiment:595 - DEBUG - number of moments post-optimization and calibration: 49
2021-09-06 20:50:05,110 - fhvqe.experiment:596 - DEBUG - depth post-optimization and calibration: 49
2021-09-06 20:50:05,130 - fhvqe.experiment:662 - DEBUG - ansatz with params: [[0.59319669 0.60655904 0.43733216]]
2021-09-06 20:50:05,154 - fhvqe.experiment:553 - DEBUG - number of moments preoptimization: 56
2021-09-06 20:50:05,172 - fhvqe.experiment:554 - DEBUG - depth preoptimization: 56
2021-09-06 20:50:05,521 - fhvqe.experiment:595 - DEBUG - number of moments post-optimization and calibration: 49
2021-09-06 20:50:05,542 - fhvqe.experiment:596 - DEBUG - depth post-optimization and calibration: 49
2021-09-06 20:50:05,566 - fhvqe.experiment:553 - DEBUG - number of moments preoptimization: 60
2021-09-06 20:50:05,586 - fhvqe.experiment:554 - DEBUG - depth preoptimization: 60
2021-09-06 20:50:05,943 - fhvqe.experiment:595 - DEBUG - number of moments post-optimization and calibration: 53
2021-09-06 20:50:05,966 - fhvqe.experiment:596 - DEBUG - depth post-optimization and calibration: 53
2021-09-06 20:50:05,994 - fhvqe.experiment:553 - DEBUG - number of moments preoptimization: 54
2021-09-06 20:50:06,011 - fhvqe.experiment:554 - DEBUG - depth preoptimization: 54
2021-09-06 20:50:06,323 - fhvqe.experiment:595 - DEBUG - number of moments post-optimization and calibration: 49
2021-09-06 20:50:06,344 - fhvqe.experiment:596 - DEBUG - depth post-optimization and calibration: 49
2021-09-06 20:50:06,364 - fhvqe.experiment:662 - DEBUG - ansatz with params: [[0.59319669 0.60655904 0.43733216]]
2021-09-06 20:50:06,389 - fhvqe.experiment:553 - DEBUG - number of moments preoptimization: 56
2021-09-06 20:50:06,406 - fhvqe.experiment:554 - DEBUG - depth preoptimization: 56
2021-09-06 20:50:06,732 - fhvqe.experiment:595 - DEBUG - number of moments post-optimization and calibration: 49
2021-09-06 20:50:06,754 - fhvqe.experiment:596 - DEBUG - depth post-optimization and calibration: 49
2021-09-06 20:50:06,778 - fhvqe.experiment:553 - DEBUG - number of moments preoptimization: 60
2021-09-06 20:50:06,797 - fhvqe.experiment:554 - DEBUG - depth preoptimization: 60
2021-09-06 20:50:07,166 - fhvqe.experiment:595 - DEBUG - number of moments post-optimization and calibration: 53
2021-09-06 20:50:07,189 - fhvqe.experiment:596 - DEBUG - depth post-optimization and calibration: 53
2021-09-06 20:50:07,219 - fhvqe.experiment:553 - DEBUG - number of moments preoptimization: 54
2021-09-06 20:50:07,235 - fhvqe.experiment:554 - DEBUG - depth preoptimization: 54
2021-09-06 20:50:07,545 - fhvqe.experiment:595 - DEBUG - number of moments post-optimization and calibration: 49
2021-09-06 20:50:07,566 - fhvqe.experiment:596 - DEBUG - depth post-optimization and calibration: 49
2021-09-06 20:50:07,587 - fhvqe.experiment:662 - DEBUG - ansatz with params: [[0.57655564 0.61294312 0.455847  ]]
2021-09-06 20:50:07,610 - fhvqe.experiment:553 - DEBUG - number of moments preoptimization: 56
2021-09-06 20:50:07,628 - fhvqe.experiment:554 - DEBUG - depth preoptimization: 56
2021-09-06 20:50:07,978 - fhvqe.experiment:595 - DEBUG - number of moments post-optimization and calibration: 49
2021-09-06 20:50:07,999 - fhvqe.experiment:596 - DEBUG - depth post-optimization and calibration: 49
2021-09-06 20:50:08,023 - fhvqe.experiment:553 - DEBUG - number of moments preoptimization: 60
2021-09-06 20:50:08,043 - fhvqe.experiment:554 - DEBUG - depth preoptimization: 60
2021-09-06 20:50:08,428 - fhvqe.experiment:595 - DEBUG - number of moments post-optimization and calibration: 53
2021-09-06 20:50:08,452 - fhvqe.experiment:596 - DEBUG - depth post-optimization and calibration: 53
2021-09-06 20:50:08,480 - fhvqe.experiment:553 - DEBUG - number of moments preoptimization: 54
2021-09-06 20:50:08,496 - fhvqe.experiment:554 - DEBUG - depth preoptimization: 54
2021-09-06 20:50:08,808 - fhvqe.experiment:595 - DEBUG - number of moments post-optimization and calibration: 49
2021-09-06 20:50:08,829 - fhvqe.experiment:596 - DEBUG - depth post-optimization and calibration: 49
2021-09-06 20:50:08,849 - fhvqe.experiment:662 - DEBUG - ansatz with params: [[0.57655564 0.61294312 0.455847  ]]
2021-09-06 20:50:08,873 - fhvqe.experiment:553 - DEBUG - number of moments preoptimization: 56
2021-09-06 20:50:08,891 - fhvqe.experiment:554 - DEBUG - depth preoptimization: 56
2021-09-06 20:50:09,221 - fhvqe.experiment:595 - DEBUG - number of moments post-optimization and calibration: 49
2021-09-06 20:50:09,242 - fhvqe.experiment:596 - DEBUG - depth post-optimization and calibration: 49
2021-09-06 20:50:09,266 - fhvqe.experiment:553 - DEBUG - number of moments preoptimization: 60
2021-09-06 20:50:09,285 - fhvqe.experiment:554 - DEBUG - depth preoptimization: 60
2021-09-06 20:50:09,642 - fhvqe.experiment:595 - DEBUG - number of moments post-optimization and calibration: 53
2021-09-06 20:50:09,665 - fhvqe.experiment:596 - DEBUG - depth post-optimization and calibration: 53
2021-09-06 20:50:09,693 - fhvqe.experiment:553 - DEBUG - number of moments preoptimization: 54
2021-09-06 20:50:09,710 - fhvqe.experiment:554 - DEBUG - depth preoptimization: 54
2021-09-06 20:50:10,027 - fhvqe.experiment:595 - DEBUG - number of moments post-optimization and calibration: 49
2021-09-06 20:50:10,049 - fhvqe.experiment:596 - DEBUG - depth post-optimization and calibration: 49
2021-09-06 20:50:10,069 - fhvqe.experiment:662 - DEBUG - ansatz with params: [[0.5661812  0.58315106 0.47449641]]
2021-09-06 20:50:10,093 - fhvqe.experiment:553 - DEBUG - number of moments preoptimization: 56
2021-09-06 20:50:10,110 - fhvqe.experiment:554 - DEBUG - depth preoptimization: 56
2021-09-06 20:50:10,438 - fhvqe.experiment:595 - DEBUG - number of moments post-optimization and calibration: 49
2021-09-06 20:50:10,459 - fhvqe.experiment:596 - DEBUG - depth post-optimization and calibration: 49
2021-09-06 20:50:10,483 - fhvqe.experiment:553 - DEBUG - number of moments preoptimization: 60
2021-09-06 20:50:10,503 - fhvqe.experiment:554 - DEBUG - depth preoptimization: 60
2021-09-06 20:50:10,868 - fhvqe.experiment:595 - DEBUG - number of moments post-optimization and calibration: 53
2021-09-06 20:50:10,891 - fhvqe.experiment:596 - DEBUG - depth post-optimization and calibration: 53
2021-09-06 20:50:10,919 - fhvqe.experiment:553 - DEBUG - number of moments preoptimization: 54
2021-09-06 20:50:10,935 - fhvqe.experiment:554 - DEBUG - depth preoptimization: 54
2021-09-06 20:50:11,248 - fhvqe.experiment:595 - DEBUG - number of moments post-optimization and calibration: 49
2021-09-06 20:50:11,269 - fhvqe.experiment:596 - DEBUG - depth post-optimization and calibration: 49
2021-09-06 20:50:11,289 - fhvqe.experiment:662 - DEBUG - ansatz with params: [[0.5661812  0.58315106 0.47449641]]
2021-09-06 20:50:11,313 - fhvqe.experiment:553 - DEBUG - number of moments preoptimization: 56
2021-09-06 20:50:11,331 - fhvqe.experiment:554 - DEBUG - depth preoptimization: 56
2021-09-06 20:50:11,655 - fhvqe.experiment:595 - DEBUG - number of moments post-optimization and calibration: 49
2021-09-06 20:50:11,676 - fhvqe.experiment:596 - DEBUG - depth post-optimization and calibration: 49
2021-09-06 20:50:11,700 - fhvqe.experiment:553 - DEBUG - number of moments preoptimization: 60
2021-09-06 20:50:11,720 - fhvqe.experiment:554 - DEBUG - depth preoptimization: 60
2021-09-06 20:50:12,078 - fhvqe.experiment:595 - DEBUG - number of moments post-optimization and calibration: 53
2021-09-06 20:50:12,101 - fhvqe.experiment:596 - DEBUG - depth post-optimization and calibration: 53
2021-09-06 20:50:12,129 - fhvqe.experiment:553 - DEBUG - number of moments preoptimization: 54
2021-09-06 20:50:12,146 - fhvqe.experiment:554 - DEBUG - depth preoptimization: 54
2021-09-06 20:50:12,456 - fhvqe.experiment:595 - DEBUG - number of moments post-optimization and calibration: 49
2021-09-06 20:50:12,477 - fhvqe.experiment:596 - DEBUG - depth post-optimization and calibration: 49
