{'theta': True, 'zeta': True, 'chi': False, 'gamma': True, 'phi': True, 'time': None}
{'theta': False, 'zeta': False, 'chi': False, 'gamma': False, 'phi': False, 'time': None}
Start at: (3, 2), with dr
Using qubits [cirq.GridQubit(3, 2), cirq.GridQubit(4, 2), cirq.GridQubit(4, 3), cirq.GridQubit(5, 3), cirq.GridQubit(5, 4), cirq.GridQubit(6, 4), cirq.GridQubit(6, 5), cirq.GridQubit(7, 5), cirq.GridQubit(4, 1), cirq.GridQubit(5, 1), cirq.GridQubit(5, 2), cirq.GridQubit(6, 2), cirq.GridQubit(6, 3), cirq.GridQubit(7, 3), cirq.GridQubit(7, 4), cirq.GridQubit(8, 4)]
Using qubits, JW:[cirq.GridQubit(3, 2), cirq.GridQubit(4, 2), cirq.GridQubit(4, 3), cirq.GridQubit(5, 3), cirq.GridQubit(5, 4), cirq.GridQubit(6, 4), cirq.GridQubit(6, 5), cirq.GridQubit(7, 5), cirq.GridQubit(4, 1), cirq.GridQubit(5, 1), cirq.GridQubit(5, 2), cirq.GridQubit(6, 2), cirq.GridQubit(6, 3), cirq.GridQubit(7, 3), cirq.GridQubit(7, 4), cirq.GridQubit(8, 4)]
Meas types ['onsite0', 'horiz0', 'horiz1']
Prepped onsite, pairs=[(0, 8), (1, 9), (2, 10), (3, 11), (4, 12), (5, 13), (6, 14), (7, 15)]
Prepped horiz, pairs=[(0, 1), (2, 3), (4, 5), (6, 7), (8, 9), (10, 11), (12, 13), (14, 15)]
Prepped horiz, pairs=[(1, 2), (3, 4), (5, 6), (9, 10), (11, 12), (13, 14)]
Set recompilation to False
Got pairs set [(10, 11), (5, 6), (3, 11), (5, 13), (8, 9), (4, 12), (6, 14), (1, 2), (6, 7), (7, 15), (12, 13), (4, 5), (2, 10), (9, 10), (2, 3), (1, 9), (14, 15), (0, 8), (11, 12), (0, 1), (13, 14), (3, 4)]
---Starting to do calibration: delta 0.08883595300000025
---Starting to set up measurements: delta 0.809237263
---Starting to run VQE: delta 3.514261242
No optimisation, save file is experiments/d44043abf5ca481a9696b6c8f3bebcde-0906-204942/8x1/processed/processed.json
parameters.json
---Preparing executables
---Running executables, 63 in batch, delta=25.787441202000004
---Extracting values delta=27.505977502
---Extracted values delta=0.9345048959999929
===-3.46479070186615 -4.302142024040222 -4.302142024040222 -4.389495134353638 -4.389495134353638 -4.467173248529434 -4.467173248529434 -4.4735457599163055 -4.4735457599163055 -4.485169738531113 -4.485169738531113 -4.496960282325745 -4.496960282325745 -4.50383386015892 -4.50383386015892 -4.513059079647064 -4.513059079647064 -4.515870571136475 -4.515870571136475 -4.524906128644943 -4.524906128644943 1630957840.94827
Computed energies [-3.46479070186615, -4.302142024040222, -4.302142024040222, -4.389495134353638, -4.389495134353638, -4.467173248529434, -4.467173248529434, -4.4735457599163055, -4.4735457599163055, -4.485169738531113, -4.485169738531113, -4.496960282325745, -4.496960282325745, -4.50383386015892, -4.50383386015892, -4.513059079647064, -4.513059079647064, -4.515870571136475, -4.515870571136475, -4.524906128644943, -4.524906128644943], params [[[[1.0, 1.0, 1.0]]], [[[0.7182255082564886, 0.8741187468518987, 0.4565478967658425]]], [[[0.7182255082564886, 0.8741187468518987, 0.4565478967658425]]], [[[0.6831884279378536, 0.79373937457073, 0.49821159337479226]]], [[[0.6831884279378536, 0.79373937457073, 0.49821159337479226]]], [[[0.6675033678988307, 0.6840102532166537, 0.44171237540573516]]], [[[0.6675033678988307, 0.6840102532166537, 0.44171237540573516]]], [[[0.6549361027500048, 0.6715022494174858, 0.4114399085008957]]], [[[0.6549361027500048, 0.6715022494174858, 0.4114399085008957]]], [[[0.6426746977842187, 0.6557192241425254, 0.4229629977288421]]], [[[0.6426746977842187, 0.6557192241425254, 0.4229629977288421]]], [[[0.6290219480801803, 0.6372747233769668, 0.4357956247016906]]], [[[0.6290219480801803, 0.6372747233769668, 0.4357956247016906]]], [[[0.598984176407393, 0.6389419451135653, 0.4435319506147952]]], [[[0.598984176407393, 0.6389419451135653, 0.4435319506147952]]], [[[0.5931966947244005, 0.6065590432767335, 0.43733215811709036]]], [[[0.5931966947244005, 0.6065590432767335, 0.43733215811709036]]], [[[0.5765556418349593, 0.612943116443955, 0.4558469957377084]]], [[[0.5765556418349593, 0.612943116443955, 0.4558469957377084]]], [[[0.5661812047512104, 0.5831510559642066, 0.47449640683303224]]], [[[0.5661812047512104, 0.5831510559642066, 0.47449640683303224]]]]
***[-3.4647907  -4.30214202 -4.30214202 -4.38949513 -4.38949513 -4.46717325
 -4.46717325 -4.47354576 -4.47354576 -4.48516974 -4.48516974 -4.49696028
 -4.49696028 -4.50383386 -4.50383386 -4.51305908 -4.51305908 -4.51587057
 -4.51587057 -4.52490613 -4.52490613] 1630957840.954936
---VQE complete: delta 54.243290834
Data collected can be found at experiments/d44043abf5ca481a9696b6c8f3bebcde-0906-204942/8x1
