{'theta': True, 'zeta': True, 'chi': False, 'gamma': True, 'phi': True, 'time': None}
{'theta': False, 'zeta': False, 'chi': False, 'gamma': False, 'phi': False, 'time': None}
                  (3, 2)
                  │
                  │
         (4, 1)───(4, 2)───(4, 3)
         │        │        │
         │        │        │
(5, 0)───(5, 1)───(5, 2)───(5, 3)───(5, 4)
         │        │        │        │
         │        │        │        │
         (6, 1)───(6, 2)───(6, 3)───(6, 4)───(6, 5)
                  │        │        │        │
                  │        │        │        │
                  (7, 2)───(7, 3)───(7, 4)───(7, 5)───(7, 6)
                           │        │        │
                           │        │        │
                           (8, 3)───(8, 4)───(8, 5)
                                    │
                                    │
                                    (9, 4)
Start at: (3, 2), with dr
Using qubits [cirq.GridQubit(3, 2), cirq.GridQubit(4, 2), cirq.GridQubit(4, 3), cirq.GridQubit(5, 3), cirq.GridQubit(5, 4), cirq.GridQubit(6, 4), cirq.GridQubit(6, 5), cirq.GridQubit(7, 5), cirq.GridQubit(4, 1), cirq.GridQubit(5, 1), cirq.GridQubit(5, 2), cirq.GridQubit(6, 2), cirq.GridQubit(6, 3), cirq.GridQubit(7, 3), cirq.GridQubit(7, 4), cirq.GridQubit(8, 4)]
Using qubits, JW:[cirq.GridQubit(3, 2), cirq.GridQubit(4, 2), cirq.GridQubit(4, 3), cirq.GridQubit(5, 3), cirq.GridQubit(5, 4), cirq.GridQubit(6, 4), cirq.GridQubit(6, 5), cirq.GridQubit(7, 5), cirq.GridQubit(4, 1), cirq.GridQubit(5, 1), cirq.GridQubit(5, 2), cirq.GridQubit(6, 2), cirq.GridQubit(6, 3), cirq.GridQubit(7, 3), cirq.GridQubit(7, 4), cirq.GridQubit(8, 4)]
                  [31m(3, 2)[0m
                  │
                  │
         [35m(4, 1)[0m───[31m(4, 2)[0m───[31m(4, 3)[0m
         │        │        │
         │        │        │
(5, 0)───[35m(5, 1)[0m───[35m(5, 2)[0m───[31m(5, 3)[0m───[31m(5, 4)[0m
         │        │        │        │
         │        │        │        │
         (6, 1)───[35m(6, 2)[0m───[35m(6, 3)[0m───[31m(6, 4)[0m───[31m(6, 5)[0m
                  │        │        │        │
                  │        │        │        │
                  (7, 2)───[35m(7, 3)[0m───[35m(7, 4)[0m───[31m(7, 5)[0m───(7, 6)
                           │        │        │
                           │        │        │
                           (8, 3)───[35m(8, 4)[0m───(8, 5)
                                    │
                                    │
                                    (9, 4)
None
Meas types ['onsite0', 'horiz0', 'horiz1']
Prepped onsite, pairs=[(0, 8), (1, 9), (2, 10), (3, 11), (4, 12), (5, 13), (6, 14), (7, 15)]
Prepped horiz, pairs=[(0, 1), (2, 3), (4, 5), (6, 7), (8, 9), (10, 11), (12, 13), (14, 15)]
Prepped horiz, pairs=[(1, 2), (3, 4), (5, 6), (9, 10), (11, 12), (13, 14)]
Set recompilation to False
Got pairs set [(10, 11), (5, 6), (3, 11), (5, 13), (8, 9), (4, 12), (6, 14), (1, 2), (6, 7), (7, 15), (12, 13), (4, 5), (2, 10), (9, 10), (2, 3), (1, 9), (14, 15), (0, 8), (11, 12), (0, 1), (13, 14), (3, 4)]
---Starting to do calibration: delta 3.6321534279999987
---Starting to set up measurements: delta 0.6489198890000001
---Starting to run VQE: delta 1.219963625
No optimisation, save file is experiments/8x1_single_zz_x_U_4_nocc_4_d_1-0914-030140/8x1/processed/processed.json
Given params: [[[[[0.58, 0.567, 0.678]]], [[[-0.58, -0.567, -0.678]]], [[[0, 0.567, 0.678]]], [[[0, -0.567, -0.678]]]]]
---Preparing executables
---Running executables, 12 in batch, delta=4.852708503999999
---Extracting values delta=2.7334634579999992
---Extracted values delta=53.509551015
===-2.9805064234144183 -3.178623714506454 -2.7121428867243336 -2.5794010652261314 1631584966.628704
Computed energies [-3.079565068960436], params [[[[0.58, 0.567, 0.678]]], [[[-0.58, -0.567, -0.678]]], [[[0, 0.567, 0.678]]], [[[0, -0.567, -0.678]]]]
***-3.079565068960436 1631584966.6312199
---VQE complete: delta 61.102008292
---Starting TFLO
Using saved points
Using params [[[0, 0, 0]], [[0, 0, 0.785398]], [[0, 4.71239, 0]], [[0, 0, 1.5708]], [[0, 2.35619, 0.785398]], [[0, 4.71239, 0.785398]], [[0, 5.49779, 1.5708]], [[0, 3.92699, 0.785398]], [[0, 5.49779, 5.49779]], [[0, 0.785398, 3.92699]], [[0, 5.49779, 3.14159]], [[0, 1.5708, 5.49779]], [[0, 4.71239, 2.35619]], [[0, 2.35619, 5.49779]], [[0, 3.92699, 2.35619]], [[0, 3.14159, 4.71239]], [[0, 0.567, 0.678]], [[0.58, 0.567, 0.678]], [[0, 0, 0]], [[0, 0, -0.785398]], [[0, -4.71239, 0]], [[0, 0, -1.5708]], [[0, -2.35619, -0.785398]], [[0, -4.71239, -0.785398]], [[0, -5.49779, -1.5708]], [[0, -3.92699, -0.785398]], [[0, -5.49779, -5.49779]], [[0, -0.785398, -3.92699]], [[0, -5.49779, -3.14159]], [[0, -1.5708, -5.49779]], [[0, -4.71239, -2.35619]], [[0, -2.35619, -5.49779]], [[0, -3.92699, -2.35619]], [[0, -3.14159, -4.71239]], [[0, -0.567, -0.678]], [[-0.58, -0.567, -0.678]]]
---Preparing executables
---Running executables, 108 in batch, delta=45.28805465500001
---Extracting values delta=11.754512902000002
---Extracted values delta=99.555135966
---Time for noisy calculation: 156.615204565
***TFLON: -2.477112941413954,-2.3345290997105885,-1.7737097448577896,-2.17054021981316,-1.1280162397371991,-0.8556635211494363,-1.075443444102714,-0.7446422653244756,-0.2398974341915816,-0.45185366639729785,0.27351893924004367,0.8124376772678221,0.5194280919675269,1.6966780268403723,1.0766216304244327,2.0052489504804933,-2.6090796614353966,-2.9036001567503966,-2.3970054064509023,-2.331922967918589,-1.580862760833828,-1.811257943013798,-1.7916078881006259,-0.7367941020848561,-0.8026195515591299,-0.18389308469198706,-0.04001294817877055,-0.01019442576288343,-0.06815301543152197,1.0644441986893327,1.1246115327091555,1.2847824061633992,1.6917631986781694,1.7111965025549423,-2.577949183853686,-3.1564047342548105 1631585125.295271
Noisy energies by type: {'onsite0': array([2.15820352, 2.19207257, 2.18010963, 1.99140625, 2.44379732,
       2.25044652, 2.03121913, 2.04532803, 2.04575026, 1.980484  ,
       2.52506909, 2.1216872 , 1.94210729, 2.40749766, 1.9006772 ,
       2.26646594, 2.06935258, 1.16974093, 2.23137876, 2.03325416,
       2.22247532, 2.02574767, 1.8343997 , 2.03694719, 2.00454545,
       2.32883299, 2.1121813 , 2.1530343 , 2.01571268, 2.2979206 ,
       2.31638632, 2.09476117, 2.42629108, 2.29741697, 2.14888718,
       1.25946044]), 'horiz0': array([-2.15949896, -2.03086028, -2.46769101, -1.67693943, -2.71419113,
       -1.58433467, -0.8971482 , -1.92550143, -0.08316918, -0.30971787,
       -0.03844474,  0.24036734,  0.17709034,  0.2149088 ,  0.04686834,
        0.35272505, -2.34006425, -1.9899913 , -2.14922919, -1.85679513,
       -2.23778295, -1.36768743, -2.78308437, -1.21577442, -0.58379666,
       -1.62759488,  0.0847078 ,  0.06421631,  0.12038141,  0.29267286,
        0.35222672,  0.0530504 ,  0.13338595,  0.05926511, -2.35563666,
       -2.3083987 ]), 'horiz1': array([-2.47581751, -2.49574139, -1.48612836, -2.48500704, -0.85762243,
       -1.52177537, -2.20951437, -0.86446886, -2.20247851, -2.12261979,
       -2.21310541, -1.54961686, -1.59976954, -0.92572843, -0.87092391,
       -0.61394203, -2.33836799, -2.08334979, -2.47915498, -2.50838199,
       -1.56555513, -2.46931818, -0.84292322, -1.55796688, -2.22336834,
       -0.8851312 , -2.23690205, -2.22744503, -2.2042471 , -1.52614926,
       -1.5440015 , -0.86302916, -0.86791383, -0.64548558, -2.37119971,
       -2.10746647])}
Using saved exact energies
Data collected can be found at experiments/8x1_single_zz_x_U_4_nocc_4_d_1-0914-030140/8x1
