{'theta': True, 'zeta': True, 'chi': False, 'gamma': True, 'phi': True, 'time': None}
{'theta': False, 'zeta': False, 'chi': False, 'gamma': False, 'phi': False, 'time': None}
                  (3, 2)
                  │
                  │
         (4, 1)───(4, 2)───(4, 3)
         │        │        │
         │        │        │
(5, 0)───(5, 1)───(5, 2)───(5, 3)───(5, 4)
         │        │        │        │
         │        │        │        │
         (6, 1)───(6, 2)───(6, 3)───(6, 4)───(6, 5)
                  │        │        │        │
                  │        │        │        │
                  (7, 2)───(7, 3)───(7, 4)───(7, 5)───(7, 6)
                           │        │        │
                           │        │        │
                           (8, 3)───(8, 4)───(8, 5)
                                    │
                                    │
                                    (9, 4)
Start at: (3, 2), with dr
Using qubits [cirq.GridQubit(3, 2), cirq.GridQubit(4, 2), cirq.GridQubit(4, 3), cirq.GridQubit(5, 3), cirq.GridQubit(5, 4), cirq.GridQubit(6, 4), cirq.GridQubit(6, 5), cirq.GridQubit(7, 5), cirq.GridQubit(4, 1), cirq.GridQubit(5, 1), cirq.GridQubit(5, 2), cirq.GridQubit(6, 2), cirq.GridQubit(6, 3), cirq.GridQubit(7, 3), cirq.GridQubit(7, 4), cirq.GridQubit(8, 4)]
Using qubits, JW:[cirq.GridQubit(3, 2), cirq.GridQubit(4, 2), cirq.GridQubit(4, 3), cirq.GridQubit(5, 3), cirq.GridQubit(5, 4), cirq.GridQubit(6, 4), cirq.GridQubit(6, 5), cirq.GridQubit(7, 5), cirq.GridQubit(4, 1), cirq.GridQubit(5, 1), cirq.GridQubit(5, 2), cirq.GridQubit(6, 2), cirq.GridQubit(6, 3), cirq.GridQubit(7, 3), cirq.GridQubit(7, 4), cirq.GridQubit(8, 4)]
                  [31m(3, 2)[0m
                  │
                  │
         [35m(4, 1)[0m───[31m(4, 2)[0m───[31m(4, 3)[0m
         │        │        │
         │        │        │
(5, 0)───[35m(5, 1)[0m───[35m(5, 2)[0m───[31m(5, 3)[0m───[31m(5, 4)[0m
         │        │        │        │
         │        │        │        │
         (6, 1)───[35m(6, 2)[0m───[35m(6, 3)[0m───[31m(6, 4)[0m───[31m(6, 5)[0m
                  │        │        │        │
                  │        │        │        │
                  (7, 2)───[35m(7, 3)[0m───[35m(7, 4)[0m───[31m(7, 5)[0m───(7, 6)
                           │        │        │
                           │        │        │
                           (8, 3)───[35m(8, 4)[0m───(8, 5)
                                    │
                                    │
                                    (9, 4)
None
Meas types ['onsite0', 'horiz0', 'horiz1']
Prepped onsite, pairs=[(0, 8), (1, 9), (2, 10), (3, 11), (4, 12), (5, 13), (6, 14), (7, 15)]
Prepped horiz, pairs=[(0, 1), (2, 3), (4, 5), (6, 7), (8, 9), (10, 11), (12, 13), (14, 15)]
Prepped horiz, pairs=[(1, 2), (3, 4), (5, 6), (9, 10), (11, 12), (13, 14)]
Set recompilation to False
Got pairs set [(10, 11), (5, 6), (3, 11), (5, 13), (8, 9), (4, 12), (6, 14), (1, 2), (6, 7), (7, 15), (12, 13), (4, 5), (2, 10), (9, 10), (2, 3), (1, 9), (14, 15), (0, 8), (11, 12), (0, 1), (13, 14), (3, 4)]
---Starting to do calibration: delta 3.895391063
---Starting to set up measurements: delta 0.7093821889999994
---Starting to run VQE: delta 1.9161634870000004
No optimisation, save file is experiments/8x1_single_zz_x_U_8_nocc_15_d_1-0914-213946/8x1/processed/processed.json
Given params: [[[[[1.073, 0.991, 0.977]]], [[[-1.073, -0.991, -0.977]]], [[[0, 0.991, 0.977]]], [[[0, -0.991, -0.977]]]]]
---Preparing executables
---Running executables, 12 in batch, delta=4.93604642
---Extracting values delta=2.2889660759999977
---Extracted values delta=87.521903327
===54.67592151138193 54.44213124655189 54.6513139849128 54.499157319965235 1631652087.3000891
Computed energies [54.559026378966905], params [[[[1.073, 0.991, 0.977]]], [[[-1.073, -0.991, -0.977]]], [[[0, 0.991, 0.977]]], [[[0, -0.991, -0.977]]]]
***54.559026378966905 1631652087.302742
---VQE complete: delta 94.75370744
---Starting TFLO
Using saved points
Using params [[[0, 0, 0]], [[0, 0, 0.785398]], [[0, 1.5708, 0.785398]], [[0, 5.49779, 0.785398]], [[0, 3.92699, 0]], [[0, 4.71239, 0.785398]], [[0, 3.14159, 0.785398]], [[0, 0, 4.71239]], [[0, 0.785398, 3.92699]], [[0, 5.49779, 3.14159]], [[0, 4.71239, 4.71239]], [[0, 1.5708, 4.71239]], [[0, 3.14159, 5.49779]], [[0, 3.92699, 4.71239]], [[0, 3.92699, 2.35619]], [[0, 3.92699, 3.92699]], [[0, 0.991, 0.977]], [[1.073, 0.991, 0.977]], [[0, 0, 0]], [[0, 0, -0.785398]], [[0, -1.5708, -0.785398]], [[0, -5.49779, -0.785398]], [[0, -3.92699, 0]], [[0, -4.71239, -0.785398]], [[0, -3.14159, -0.785398]], [[0, 0, -4.71239]], [[0, -0.785398, -3.92699]], [[0, -5.49779, -3.14159]], [[0, -4.71239, -4.71239]], [[0, -1.5708, -4.71239]], [[0, -3.14159, -5.49779]], [[0, -3.92699, -4.71239]], [[0, -3.92699, -2.35619]], [[0, -3.92699, -3.92699]], [[0, -0.991, -0.977]], [[-1.073, -0.991, -0.977]]]
---Preparing executables
---Running executables, 108 in batch, delta=64.03917768199999
---Extracting values delta=5.499584079999977
---Extracted values delta=127.43182790999998
---Time for noisy calculation: 196.989721134
***TFLON: 54.549804003686354,54.55079415664245,54.774237189445536,54.61230490527045,54.739567401810845,54.741701002631196,54.98123823944285,54.922520011605755,55.074951817177194,54.766346659414744,54.81226447779835,55.29870278091583,55.14183005373834,54.96162655734871,55.084984744617586,55.05165880181391,54.64118251226337,54.67711692800444,54.54595626507041,54.660106693723606,54.48318851152201,54.80585622336365,54.83826344663534,54.95104472950868,54.814519978879865,54.70482695702073,54.73699076202747,54.98026235396401,55.10029458327687,55.01873817404806,55.24322742276833,55.327401281706905,55.32616049091182,55.431298622576286,54.46624882950113,54.459831770906945 1631652288.1738298
Noisy energies by type: {'onsite0': array([56., 56., 56., 56., 56., 56., 56., 56., 56., 56., 56., 56., 56.,
       56., 56., 56., 56., 56., 56., 56., 56., 56., 56., 56., 56., 56.,
       56., 56., 56., 56., 56., 56., 56., 56., 56., 56.]), 'horiz0': array([-0.71330117, -0.72685674, -0.74028122, -0.62600321, -0.73721591,
       -0.58882236, -0.62207897, -0.33456699, -0.29815685, -0.49116873,
       -0.49750416, -0.22853186, -0.45364566, -0.47644684, -0.35754399,
       -0.40026774, -0.78252274, -0.77883096, -0.70834708, -0.61101892,
       -0.82020132, -0.56609924, -0.72176407, -0.53885074, -0.73786752,
       -0.53407862, -0.49159971, -0.41172134, -0.40636298, -0.29459963,
       -0.32244318, -0.2961165 , -0.27664006, -0.15292459, -0.75443383,
       -0.77582714]), 'horiz1': array([-0.73689482, -0.7223491 , -0.48548159, -0.76169188, -0.52321669,
       -0.66947664, -0.39668279, -0.742913  , -0.62689133, -0.74248461,
       -0.69023136, -0.47276536, -0.40452428, -0.56192661, -0.55747126,
       -0.54807346, -0.57629475, -0.54405211, -0.74569665, -0.72887439,
       -0.69661017, -0.62804454, -0.43997248, -0.51010453, -0.4476125 ,
       -0.76109443, -0.77140953, -0.6080163 , -0.49334244, -0.6866622 ,
       -0.4343294 , -0.37648221, -0.39719945, -0.41577678, -0.77931734,
       -0.76434109])}
Using saved exact energies
Data collected can be found at experiments/8x1_single_zz_x_U_8_nocc_15_d_1-0914-213946/8x1
