{'theta': True, 'zeta': True, 'chi': False, 'gamma': True, 'phi': True, 'time': None}
{'theta': False, 'zeta': False, 'chi': False, 'gamma': False, 'phi': False, 'time': None}
                  (3, 2)
                  │
                  │
         (4, 1)───(4, 2)───(4, 3)
         │        │        │
         │        │        │
(5, 0)───(5, 1)───(5, 2)───(5, 3)───(5, 4)
         │        │        │        │
         │        │        │        │
         (6, 1)───(6, 2)───(6, 3)───(6, 4)───(6, 5)
                  │        │        │        │
                  │        │        │        │
                  (7, 2)───(7, 3)───(7, 4)───(7, 5)───(7, 6)
                           │        │        │
                           │        │        │
                           (8, 3)───(8, 4)───(8, 5)
                                    │
                                    │
                                    (9, 4)
Start at: (3, 2), with dr
Using qubits [cirq.GridQubit(3, 2), cirq.GridQubit(4, 2), cirq.GridQubit(4, 3), cirq.GridQubit(5, 3), cirq.GridQubit(5, 4), cirq.GridQubit(6, 4), cirq.GridQubit(6, 5), cirq.GridQubit(7, 5), cirq.GridQubit(4, 1), cirq.GridQubit(5, 1), cirq.GridQubit(5, 2), cirq.GridQubit(6, 2), cirq.GridQubit(6, 3), cirq.GridQubit(7, 3), cirq.GridQubit(7, 4), cirq.GridQubit(8, 4)]
Using qubits, JW:[cirq.GridQubit(3, 2), cirq.GridQubit(4, 2), cirq.GridQubit(4, 3), cirq.GridQubit(5, 3), cirq.GridQubit(5, 4), cirq.GridQubit(6, 4), cirq.GridQubit(6, 5), cirq.GridQubit(7, 5), cirq.GridQubit(4, 1), cirq.GridQubit(5, 1), cirq.GridQubit(5, 2), cirq.GridQubit(6, 2), cirq.GridQubit(6, 3), cirq.GridQubit(7, 3), cirq.GridQubit(7, 4), cirq.GridQubit(8, 4)]
                  [31m(3, 2)[0m
                  │
                  │
         [35m(4, 1)[0m───[31m(4, 2)[0m───[31m(4, 3)[0m
         │        │        │
         │        │        │
(5, 0)───[35m(5, 1)[0m───[35m(5, 2)[0m───[31m(5, 3)[0m───[31m(5, 4)[0m
         │        │        │        │
         │        │        │        │
         (6, 1)───[35m(6, 2)[0m───[35m(6, 3)[0m───[31m(6, 4)[0m───[31m(6, 5)[0m
                  │        │        │        │
                  │        │        │        │
                  (7, 2)───[35m(7, 3)[0m───[35m(7, 4)[0m───[31m(7, 5)[0m───(7, 6)
                           │        │        │
                           │        │        │
                           (8, 3)───[35m(8, 4)[0m───(8, 5)
                                    │
                                    │
                                    (9, 4)
None
Meas types ['onsite0', 'horiz0', 'horiz1']
Prepped onsite, pairs=[(0, 8), (1, 9), (2, 10), (3, 11), (4, 12), (5, 13), (6, 14), (7, 15)]
Prepped horiz, pairs=[(0, 1), (2, 3), (4, 5), (6, 7), (8, 9), (10, 11), (12, 13), (14, 15)]
Prepped horiz, pairs=[(1, 2), (3, 4), (5, 6), (9, 10), (11, 12), (13, 14)]
Set recompilation to False
Got pairs set [(10, 11), (5, 6), (3, 11), (5, 13), (8, 9), (4, 12), (6, 14), (1, 2), (6, 7), (7, 15), (12, 13), (4, 5), (2, 10), (9, 10), (2, 3), (1, 9), (14, 15), (0, 8), (11, 12), (0, 1), (13, 14), (3, 4)]
---Starting to do calibration: delta 2.5096394449999995
---Starting to set up measurements: delta 0.6561631629999995
---Starting to run VQE: delta 1.2061314259999998
No optimisation, save file is experiments/8x1_single_zz_x_U_4_nocc_8_d_1-0914-031723/8x1/processed/processed.json
Given params: [[[[[0.723, 0.726, 0.477]]], [[[-0.723, -0.726, -0.477]]], [[[0, 0.726, 0.477]]], [[[0, -0.726, -0.477]]]]]
---Preparing executables
---Running executables, 12 in batch, delta=5.1778126040000005
---Extracting values delta=2.939072210000001
---Extracted values delta=55.17206561799999
===0.712107128247794 0.6807382967706601 1.2380031578281185 2.5817177355732914 1631585910.71261
Computed energies [0.696422712509227], params [[[[0.723, 0.726, 0.477]]], [[[-0.723, -0.726, -0.477]]], [[[0, 0.726, 0.477]]], [[[0, -0.726, -0.477]]]]
***0.696422712509227 1631585910.7149282
---VQE complete: delta 63.294791244
---Starting TFLO
Using saved points
Using params [[[0, 0, 0]], [[0, 5.49779, 0]], [[0, 1.5708, 0.785398]], [[0, 1.5708, 1.5708]], [[0, 5.49779, 0.785398]], [[0, 2.35619, 0.785398]], [[0, 2.35619, 1.5708]], [[0, 3.14159, 0]], [[0, 0.785398, 3.14159]], [[0, 0, 3.14159]], [[0, 0, 4.71239]], [[0, 0.785398, 5.49779]], [[0, 4.71239, 5.49779]], [[0, 4.71239, 2.35619]], [[0, 3.14159, 3.14159]], [[0, 3.92699, 3.92699]], [[0, 0.726, 0.477]], [[0.723, 0.726, 0.477]], [[0, 0, 0]], [[0, -5.49779, 0]], [[0, -1.5708, -0.785398]], [[0, -1.5708, -1.5708]], [[0, -5.49779, -0.785398]], [[0, -2.35619, -0.785398]], [[0, -2.35619, -1.5708]], [[0, -3.14159, 0]], [[0, -0.785398, -3.14159]], [[0, 0, -3.14159]], [[0, 0, -4.71239]], [[0, -0.785398, -5.49779]], [[0, -4.71239, -5.49779]], [[0, -4.71239, -2.35619]], [[0, -3.14159, -3.14159]], [[0, -3.92699, -3.92699]], [[0, -0.726, -0.477]], [[-0.723, -0.726, -0.477]]]
---Preparing executables
---Running executables, 108 in batch, delta=46.74569673699999
---Extracting values delta=13.159464611000018
---Extracted values delta=105.11412357600003
---Time for noisy calculation: 165.036645976
***TFLON: 1.688997085621518,2.979821369550436,2.3061548480149803,2.71310322379932,4.304604394431545,4.069725190057727,4.697230732731282,4.488325877670844,5.03490284263829,6.200551824735614,7.196019565654161,6.832594557967615,8.624217969872667,8.451036110754176,8.84755470623572,9.162420388017757,1.439996459289786,0.7251109853593396,1.7157136395216028,1.6180558774681195,2.6594198100081097,3.2062411810234304,2.8805748243038156,3.4813001655286313,4.445530984309584,4.489976974480399,6.5871770397413085,6.0015295221928,6.836248021323902,8.304488381371229,7.558095529098848,7.932380343855587,8.630245490697105,9.420631885666921,2.72727925764836,0.6586932132052277 1631586077.789151
Noisy energies by type: {'onsite0': array([7.95302999, 8.77901024, 8.3238419 , 8.12850717, 8.59106221,
       8.71645624, 8.61325249, 7.950941  , 7.37024973, 7.93823649,
       8.10828414, 7.57045875, 8.16333857, 8.1745614 , 8.01834862,
       7.48225108, 7.61669506, 5.1202946 , 7.91985279, 7.50874048,
       8.10701496, 8.08421053, 7.46660903, 7.50360628, 7.61774461,
       7.91282268, 8.86189684, 8.08268298, 8.14561028, 8.67536914,
       8.21024967, 8.31585705, 7.97455471, 8.57735523, 8.77568134,
       6.19426142]), 'horiz0': array([-4.20525657, -4.55708361, -5.24888889, -4.68198307, -3.063279  ,
       -5.15811865, -4.48242142, -4.72912251, -0.5961042 ,  0.27568157,
        1.11635291,  1.09788954,  0.45367259,  0.26751883, -0.4674901 ,
        0.55858748, -4.32356503, -2.92755617, -4.18580376, -4.11641221,
       -5.42748735, -4.84621993, -2.91410198, -5.00276419, -4.26536253,
       -4.66815343, -0.99821429, -0.18206708,  0.66828794,  0.87952941,
       -0.06298494,  0.28115744, -0.60335439,  0.29426548, -4.69253605,
       -4.30128489]), 'horiz1': array([-2.05877633, -1.24210526, -0.76879817, -0.73342088, -1.22317881,
        0.5113876 ,  0.56639966,  1.26650738, -1.73924269, -2.01336623,
       -2.02861749, -1.83575373,  0.00720681,  0.00895588,  1.29669618,
        1.12158183, -1.85313357, -1.46762745, -2.01833539, -1.77427238,
       -0.02010779, -0.03174941, -1.67193223,  0.98045808,  1.09314891,
        1.24530773, -1.27650551, -1.89908638, -1.97765019, -1.25041017,
       -0.5891692 , -0.66463415,  1.25904517,  0.54901118, -1.35586604,
       -1.23428332])}
Using saved exact energies
Data collected can be found at experiments/8x1_single_zz_x_U_4_nocc_8_d_1-0914-031723/8x1
