{'theta': True, 'zeta': True, 'chi': False, 'gamma': True, 'phi': True, 'time': None}
{'theta': False, 'zeta': False, 'chi': False, 'gamma': False, 'phi': False, 'time': None}
                  (3, 2)
                  │
                  │
         (4, 1)───(4, 2)───(4, 3)
         │        │        │
         │        │        │
(5, 0)───(5, 1)───(5, 2)───(5, 3)───(5, 4)
         │        │        │        │
         │        │        │        │
         (6, 1)───(6, 2)───(6, 3)───(6, 4)───(6, 5)
                  │        │        │        │
                  │        │        │        │
                  (7, 2)───(7, 3)───(7, 4)───(7, 5)───(7, 6)
                           │        │        │
                           │        │        │
                           (8, 3)───(8, 4)───(8, 5)
                                    │
                                    │
                                    (9, 4)
Start at: (3, 2), with dr
Using qubits [cirq.GridQubit(3, 2), cirq.GridQubit(4, 2), cirq.GridQubit(4, 3), cirq.GridQubit(5, 3), cirq.GridQubit(5, 4), cirq.GridQubit(6, 4), cirq.GridQubit(6, 5), cirq.GridQubit(7, 5), cirq.GridQubit(4, 1), cirq.GridQubit(5, 1), cirq.GridQubit(5, 2), cirq.GridQubit(6, 2), cirq.GridQubit(6, 3), cirq.GridQubit(7, 3), cirq.GridQubit(7, 4), cirq.GridQubit(8, 4)]
Using qubits, JW:[cirq.GridQubit(3, 2), cirq.GridQubit(4, 2), cirq.GridQubit(4, 3), cirq.GridQubit(5, 3), cirq.GridQubit(5, 4), cirq.GridQubit(6, 4), cirq.GridQubit(6, 5), cirq.GridQubit(7, 5), cirq.GridQubit(4, 1), cirq.GridQubit(5, 1), cirq.GridQubit(5, 2), cirq.GridQubit(6, 2), cirq.GridQubit(6, 3), cirq.GridQubit(7, 3), cirq.GridQubit(7, 4), cirq.GridQubit(8, 4)]
                  [31m(3, 2)[0m
                  │
                  │
         [35m(4, 1)[0m───[31m(4, 2)[0m───[31m(4, 3)[0m
         │        │        │
         │        │        │
(5, 0)───[35m(5, 1)[0m───[35m(5, 2)[0m───[31m(5, 3)[0m───[31m(5, 4)[0m
         │        │        │        │
         │        │        │        │
         (6, 1)───[35m(6, 2)[0m───[35m(6, 3)[0m───[31m(6, 4)[0m───[31m(6, 5)[0m
                  │        │        │        │
                  │        │        │        │
                  (7, 2)───[35m(7, 3)[0m───[35m(7, 4)[0m───[31m(7, 5)[0m───(7, 6)
                           │        │        │
                           │        │        │
                           (8, 3)───[35m(8, 4)[0m───(8, 5)
                                    │
                                    │
                                    (9, 4)
None
Meas types ['onsite0', 'horiz0', 'vert02', 'vert12']
Prepped onsite, pairs=[(0, 8), (1, 9), (2, 10), (3, 11), (4, 12), (5, 13), (6, 14), (7, 15)]
Prepped horiz, pairs=[(0, 1), (2, 3), (4, 5), (6, 7), (8, 9), (10, 11), (12, 13), (14, 15)]
Prepped vert0, pairs=[(1, 2), (3, 4), (5, 6), (9, 10), (11, 12), (13, 14)]
Prepped vert1, pairs=[(1, 2), (3, 4), (5, 6), (9, 10), (11, 12), (13, 14)]
Set recompilation to False
Got pairs set [(10, 11), (5, 6), (3, 11), (5, 13), (8, 9), (4, 12), (6, 14), (1, 2), (6, 7), (7, 15), (12, 13), (4, 5), (2, 10), (9, 10), (2, 3), (1, 9), (14, 15), (0, 8), (11, 12), (0, 1), (13, 14), (3, 4)]
---Starting to do calibration: delta 3.777933258
---Starting to set up measurements: delta 0.8480438410000009
---Starting to run VQE: delta 2.198645278999999
No optimisation, save file is experiments/4x2_single_U_8_nocc_5_d_1-0919-214705/2x4/processed/processed.json
Given params: [[[[[0.783, 0.447, 0.624, 0.388]]], [[[-0.783, -0.447, -0.624, -0.388]]], [[[0, 0.447, 0.624, 0.388]]], [[[0, -0.447, -0.624, -0.388]]]]]
---Preparing executables
---Running executables, 16 in batch, delta=8.229932012000003
---Extracting values delta=3.980416805000001
---Extracted values delta=76.453808088
===-0.24076702838377506 -1.2159901128377504 0.950953678347509 0.5337160182924454 1632084521.0780768
Computed energies [-0.7283785706107627], params [[[[0.783, 0.447, 0.624, 0.388]]], [[[-0.783, -0.447, -0.624, -0.388]]], [[[0, 0.447, 0.624, 0.388]]], [[[0, -0.447, -0.624, -0.388]]]]
***-0.7283785706107627 1632084521.080064
---VQE complete: delta 88.67138910999999
---Starting TFLO
Using saved points
Using params [[[0, 3.14159, 0, 0]], [[0, 4.71239, 4.71239, 0]], [[0, 2.35619, 3.14159, 0]], [[0, 0.785398, 3.92699, 0.785398]], [[0, 0, 3.14159, 1.5708]], [[0, 0.785398, 3.92699, 1.5708]], [[0, 4.71239, 0, 3.92699]], [[0, 3.14159, 1.5708, 3.92699]], [[0, 4.71239, 5.49779, 3.92699]], [[0, 0, 4.71239, 3.14159]], [[0, 3.14159, 5.49779, 5.49779]], [[0, 0.785398, 4.71239, 3.92699]], [[0, 3.14159, 3.14159, 3.92699]], [[0, 2.35619, 4.71239, 5.49779]], [[0, 3.92699, 2.35619, 5.49779]], [[0, 0, 3.92699, 5.49779]], [[0, 0.447, 0.624, 0.388]], [[0.783, 0.447, 0.624, 0.388]], [[0, -3.14159, 0, 0]], [[0, -4.71239, -4.71239, 0]], [[0, -2.35619, -3.14159, 0]], [[0, -0.785398, -3.92699, -0.785398]], [[0, 0, -3.14159, -1.5708]], [[0, -0.785398, -3.92699, -1.5708]], [[0, -4.71239, 0, -3.92699]], [[0, -3.14159, -1.5708, -3.92699]], [[0, -4.71239, -5.49779, -3.92699]], [[0, 0, -4.71239, -3.14159]], [[0, -3.14159, -5.49779, -5.49779]], [[0, -0.785398, -4.71239, -3.92699]], [[0, -3.14159, -3.14159, -3.92699]], [[0, -2.35619, -4.71239, -5.49779]], [[0, -3.92699, -2.35619, -5.49779]], [[0, 0, -3.92699, -5.49779]], [[0, -0.447, -0.624, -0.388]], [[-0.783, -0.447, -0.624, -0.388]]]
---Preparing executables
---Running executables, 144 in batch, delta=74.8483467
---Extracting values delta=8.615908542
---Extracted values delta=145.204756256
---Time for noisy calculation: 228.69517842299996
***TFLON: 1.0538974153680118,1.2849574570958542,2.023853233741794,2.024956201516062,2.5353916805117698,3.4070628044143376,3.966664802542696,5.2829126386792815,5.583391335581078,6.14556402067856,6.439684963517246,7.222814255657831,8.405816510882305,8.038083800501754,9.121992995796866,10.615593239576086,0.7183502558033066,-0.24173850904433514,0.9317785029423893,0.8620138039532779,1.364142639928119,2.084158487935365,3.360201021853907,3.650736275476802,3.983156433076888,5.392194707682383,6.023147000125511,6.470214759062408,6.923084247346241,7.672493206375424,8.507244653810465,8.517668759799651,9.898421546189976,10.67049620184783,0.3923724598235063,-1.2327771218295982 1632084752.678057
Noisy energies by type: {'onsite0': array([6.22300263, 6.23059668, 6.54711802, 6.04801477, 5.92564528,
       6.08935673, 6.26086957, 5.8729097 , 6.14670462, 6.19561631,
       6.23247399, 6.10449129, 6.39098803, 6.0906879 , 5.75022302,
       6.18923933, 6.11416289, 3.8974359 , 6.24772313, 6.15424386,
       5.71323698, 5.87004754, 6.22937256, 5.90305536, 5.9373244 ,
       5.99683902, 6.12129261, 6.03766896, 6.22817552, 6.11439114,
       6.01846431, 5.82280781, 6.45059978, 6.07567568, 5.88563459,
       3.64685315]), 'horiz0': array([-2.03139968, -2.07950401, -2.04251112, -1.83233676, -1.54185693,
       -1.43603689, -2.17376452, -0.42509   , -1.55268976, -1.02835821,
       -1.68121042, -0.75237643,  0.55617268, -0.55785513,  1.0223066 ,
        1.31627013, -1.98606272, -1.40596666, -2.10851751, -2.15751445,
       -1.89366844, -1.84104046, -1.47788485, -1.43714215, -2.18452521,
       -0.53959924, -1.40618956, -0.79520384, -1.30525522, -0.53492869,
        0.96297187,  0.04375932,  1.07198178,  1.42486562, -2.08328912,
       -1.986731  ]), 'vert02': array([-1.40106124, -1.31541057, -1.22342135, -1.51910377, -1.18443472,
       -1.18106904, -0.14603175,  0.35309462,  0.06533536, -0.31096145,
        0.86758805,  0.3367713 ,  0.64312182,  1.06978305,  1.1868536 ,
        1.58175803, -2.05951807, -1.64802149, -1.43951242, -1.64801279,
       -1.06304051, -1.26324238, -0.87056776, -0.85583371,  0.04885923,
        0.4272665 ,  0.16180371, -0.13971568,  0.89422856,  0.48964261,
        0.7829582 ,  1.09250585,  1.35488855,  1.54053447, -1.77083333,
       -1.48950276]), 'vert12': array([-1.7366443 , -1.55072464, -1.25733231, -0.67161804, -0.66396195,
       -0.06518799,  0.0255915 , -0.51800167,  0.92404111,  1.28926737,
        1.02083333,  1.53392809,  0.81553398,  1.43546798,  1.16260979,
        1.52832575, -1.35023184, -1.08518625, -1.7679147 , -1.48670281,
       -1.39238539, -0.68160622, -0.52071892,  0.04065676,  0.181498  ,
       -0.49231157,  1.14624023,  1.36746532,  1.10593539,  1.60338814,
        0.74285028,  1.55859577,  1.02095144,  1.62942043, -1.63913967,
       -1.40339651])}
Using saved exact energies
Data collected can be found at experiments/4x2_single_U_8_nocc_5_d_1-0919-214705/2x4
