{'theta': True, 'zeta': True, 'chi': False, 'gamma': True, 'phi': True, 'time': None}
{'theta': False, 'zeta': False, 'chi': False, 'gamma': False, 'phi': False, 'time': None}
                  (3, 2)
                  │
                  │
         (4, 1)───(4, 2)───(4, 3)
         │        │        │
         │        │        │
(5, 0)───(5, 1)───(5, 2)───(5, 3)───(5, 4)
         │        │        │        │
         │        │        │        │
         (6, 1)───(6, 2)───(6, 3)───(6, 4)───(6, 5)
                  │        │        │        │
                  │        │        │        │
                  (7, 2)───(7, 3)───(7, 4)───(7, 5)───(7, 6)
                           │        │        │
                           │        │        │
                           (8, 3)───(8, 4)───(8, 5)
                                    │
                                    │
                                    (9, 4)
Start at: (3, 2), with dr
Using qubits [cirq.GridQubit(3, 2), cirq.GridQubit(4, 2), cirq.GridQubit(4, 3), cirq.GridQubit(5, 3), cirq.GridQubit(5, 4), cirq.GridQubit(6, 4), cirq.GridQubit(6, 5), cirq.GridQubit(7, 5), cirq.GridQubit(4, 1), cirq.GridQubit(5, 1), cirq.GridQubit(5, 2), cirq.GridQubit(6, 2), cirq.GridQubit(6, 3), cirq.GridQubit(7, 3), cirq.GridQubit(7, 4), cirq.GridQubit(8, 4)]
Using qubits, JW:[cirq.GridQubit(3, 2), cirq.GridQubit(4, 2), cirq.GridQubit(4, 3), cirq.GridQubit(5, 3), cirq.GridQubit(5, 4), cirq.GridQubit(6, 4), cirq.GridQubit(6, 5), cirq.GridQubit(7, 5), cirq.GridQubit(4, 1), cirq.GridQubit(5, 1), cirq.GridQubit(5, 2), cirq.GridQubit(6, 2), cirq.GridQubit(6, 3), cirq.GridQubit(7, 3), cirq.GridQubit(7, 4), cirq.GridQubit(8, 4)]
                  [31m(3, 2)[0m
                  │
                  │
         [35m(4, 1)[0m───[31m(4, 2)[0m───[31m(4, 3)[0m
         │        │        │
         │        │        │
(5, 0)───[35m(5, 1)[0m───[35m(5, 2)[0m───[31m(5, 3)[0m───[31m(5, 4)[0m
         │        │        │        │
         │        │        │        │
         (6, 1)───[35m(6, 2)[0m───[35m(6, 3)[0m───[31m(6, 4)[0m───[31m(6, 5)[0m
                  │        │        │        │
                  │        │        │        │
                  (7, 2)───[35m(7, 3)[0m───[35m(7, 4)[0m───[31m(7, 5)[0m───(7, 6)
                           │        │        │
                           │        │        │
                           (8, 3)───[35m(8, 4)[0m───(8, 5)
                                    │
                                    │
                                    (9, 4)
None
Meas types ['onsite0', 'horiz0', 'vert02', 'vert12']
Prepped onsite, pairs=[(0, 8), (1, 9), (2, 10), (3, 11), (4, 12), (5, 13), (6, 14), (7, 15)]
Prepped horiz, pairs=[(0, 1), (2, 3), (4, 5), (6, 7), (8, 9), (10, 11), (12, 13), (14, 15)]
Prepped vert0, pairs=[(1, 2), (3, 4), (5, 6), (9, 10), (11, 12), (13, 14)]
Prepped vert1, pairs=[(1, 2), (3, 4), (5, 6), (9, 10), (11, 12), (13, 14)]
Set recompilation to False
Got pairs set [(10, 11), (5, 6), (3, 11), (5, 13), (8, 9), (4, 12), (6, 14), (1, 2), (6, 7), (7, 15), (12, 13), (4, 5), (2, 10), (9, 10), (2, 3), (1, 9), (14, 15), (0, 8), (11, 12), (0, 1), (13, 14), (3, 4)]
---Starting to do calibration: delta 3.335600639000001
---Starting to set up measurements: delta 0.8624220300000012
---Starting to run VQE: delta 2.269318279
No optimisation, save file is experiments/4x2_single_U_4_nocc_10_d_1-0915-233805/2x4/processed/processed.json
Given params: [[[[[0.527, 0.279, 0.628, 0.618]]], [[[-0.527, -0.279, -0.628, -0.618]]], [[[0, 0.279, 0.628, 0.618]]], [[[0, -0.279, -0.628, -0.618]]]]]
---Preparing executables
---Running executables, 16 in batch, delta=9.075225714999998
---Extracting values delta=2.5891804910000005
---Extracted values delta=72.977950155
===6.573209502407497 5.978899485484453 7.381973509080938 6.84467440996251 1631745576.901878
Computed energies [6.276054493945975], params [[[[0.527, 0.279, 0.628, 0.618]]], [[[-0.527, -0.279, -0.628, -0.618]]], [[[0, 0.279, 0.628, 0.618]]], [[[0, -0.279, -0.628, -0.618]]]]
***6.276054493945975 1631745576.903612
---VQE complete: delta 84.649095437
---Starting TFLO
Using saved points
Using params [[[0, 1.5708, 0, 0]], [[0, 1.5708, 4.71239, 0]], [[0, 1.5708, 2.35619, 0.785398]], [[0, 1.5708, 3.14159, 0.785398]], [[0, 1.5708, 0.785398, 3.14159]], [[0, 1.5708, 0, 3.14159]], [[0, 2.35619, 0.785398, 3.92699]], [[0, 2.35619, 2.35619, 3.14159]], [[0, 4.71239, 3.92699, 2.35619]], [[0, 0, 0, 4.71239]], [[0, 4.71239, 0.785398, 5.49779]], [[0, 1.5708, 3.92699, 3.14159]], [[0, 3.92699, 4.71239, 3.92699]], [[0, 3.14159, 3.92699, 3.92699]], [[0, 1.5708, 4.71239, 5.49779]], [[0, 3.14159, 3.92699, 4.71239]], [[0, 0.279, 0.628, 0.618]], [[0.527, 0.279, 0.628, 0.618]], [[0, -1.5708, 0, 0]], [[0, -1.5708, -4.71239, 0]], [[0, -1.5708, -2.35619, -0.785398]], [[0, -1.5708, -3.14159, -0.785398]], [[0, -1.5708, -0.785398, -3.14159]], [[0, -1.5708, 0, -3.14159]], [[0, -2.35619, -0.785398, -3.92699]], [[0, -2.35619, -2.35619, -3.14159]], [[0, -4.71239, -3.92699, -2.35619]], [[0, 0, 0, -4.71239]], [[0, -4.71239, -0.785398, -5.49779]], [[0, -1.5708, -3.92699, -3.14159]], [[0, -3.92699, -4.71239, -3.92699]], [[0, -3.14159, -3.92699, -3.92699]], [[0, -1.5708, -4.71239, -5.49779]], [[0, -3.14159, -3.92699, -4.71239]], [[0, -0.279, -0.628, -0.618]], [[-0.527, -0.279, -0.628, -0.618]]]
---Preparing executables
---Running executables, 144 in batch, delta=79.58371734100001
---Extracting values delta=9.951997818999985
---Extracted values delta=157.048192583
---Time for noisy calculation: 246.609937451
***TFLON: 7.483037194391423,7.546480505536986,7.696388218764405,8.879450343792126,9.482200560893418,9.544438474955388,10.773494977736664,11.659176738945034,11.381423427155802,11.732406968570796,12.573261710747664,14.03959141899764,14.0251822040293,15.135971804859935,15.175217975820013,16.364290437628675,7.289170854600232,6.597511395892811,7.335779953011492,8.176756711771702,8.50735485785802,8.881557898966044,9.596832792309495,10.084075979379222,10.842619012194726,11.790412203189163,11.883558654958604,12.126141570228295,12.726250877099542,13.601987117715543,14.109303148432375,14.637413613374749,14.870843756015908,15.807474246188834,6.827170422006279,5.930513486723095 1631745826.375459
Noisy energies by type: {'onsite0': array([12.7586695 , 12.5978022 , 12.29078014, 12.74662513, 13.02273308,
       12.73417722, 12.99020113, 12.51929466, 12.81507031, 12.70844687,
       12.76841841, 12.89035869, 12.76235049, 12.8921371 , 12.68037573,
       12.97885196, 12.99333498, 11.83782397, 12.76791721, 12.75030215,
       13.00728509, 12.62812421, 12.62063918, 12.70245861, 12.44067797,
       12.77640534, 12.66832422, 12.7667827 , 12.8622871 , 12.51550585,
       12.61742984, 12.60769819, 12.81818182, 12.73243723, 12.64542236,
       11.44458098]), 'horiz0': array([-1.41179527, -1.36871048, -1.17308766, -1.11917098, -1.06353968,
       -1.44034378, -0.9359082 ,  0.41668969, -0.59629023, -1.44712148,
       -1.11462882,  0.17562821, -0.19200435,  0.53517457, -0.33008173,
        0.80042017, -1.49255319, -1.24404933, -1.4669443 , -1.09842418,
       -1.34255701, -1.22184655, -1.105919  , -1.30716902, -0.88567073,
       -0.40530883, -0.77607362, -1.37160121, -1.30932642, -0.1870801 ,
       -0.60625946, -0.2641703 , -0.34321051,  0.18427902, -1.5253716 ,
       -1.5228978 ]), 'vert02': array([-2.09577114, -1.79362671, -1.40216551, -1.31744422, -0.71595826,
       -0.93721634, -0.24330528, -0.11252599, -0.84073979,  0.25350726,
        0.63163163,  0.04683479,  0.11894954,  0.36394469,  1.27607656,
        0.86701337, -2.23379571, -2.10880164, -2.11668347, -1.96149924,
       -1.45797995, -1.43854526, -0.33111276, -0.49182801,  0.2034898 ,
        0.20844789, -0.420653  ,  0.45778429,  0.82419929,  0.12490905,
        0.38803419,  0.67482517,  1.0539439 ,  1.0662106 , -2.10656541,
       -1.9369706 ]), 'vert12': array([-1.76806589, -1.88898451, -2.01913876, -1.43055958, -1.76103458,
       -0.81217862, -1.03749268, -1.16428163,  0.00338314,  0.21757432,
        0.28784049,  0.92676973,  1.33588652,  1.34471545,  1.54884742,
        1.71800493, -1.97781522, -1.8874616 , -1.84850949, -1.51362202,
       -1.69939327, -1.0861745 , -1.58677463, -0.81938559, -0.91587802,
       -0.7891322 ,  0.41196106,  0.2731758 ,  0.34909091,  1.14865233,
        1.71009859,  1.61906055,  1.34192855,  1.82454739, -2.18631492,
       -2.05419909])}
Using saved exact energies
Data collected can be found at experiments/4x2_single_U_4_nocc_10_d_1-0915-233805/2x4
