{'theta': True, 'zeta': True, 'chi': False, 'gamma': True, 'phi': True, 'time': None}
{'theta': False, 'zeta': False, 'chi': False, 'gamma': False, 'phi': False, 'time': None}
(cirq.GridQubit(3, 2), cirq.GridQubit(4, 2)) = [0.005653352934596179]
(cirq.GridQubit(4, 1), cirq.GridQubit(5, 1)) = [0.007375015732618062]
(cirq.GridQubit(4, 2), cirq.GridQubit(5, 2)) = [0.00700440704363417]
(cirq.GridQubit(4, 3), cirq.GridQubit(5, 3)) = [0.00842885403620891]
(cirq.GridQubit(5, 0), cirq.GridQubit(5, 1)) = [0.007143743381215151]
(cirq.GridQubit(5, 1), cirq.GridQubit(5, 2)) = [0.007232199681100754]
(cirq.GridQubit(5, 1), cirq.GridQubit(6, 1)) = [0.006847979209530453]
(cirq.GridQubit(5, 2), cirq.GridQubit(5, 3)) = [0.005365521924709626]
(cirq.GridQubit(5, 2), cirq.GridQubit(6, 2)) = [0.009054877847637977]
(cirq.GridQubit(5, 3), cirq.GridQubit(5, 4)) = [0.004709536197255504]
(cirq.GridQubit(5, 3), cirq.GridQubit(6, 3)) = [0.0059856756579679815]
(cirq.GridQubit(5, 4), cirq.GridQubit(6, 4)) = [0.004651029460094991]
(cirq.GridQubit(6, 1), cirq.GridQubit(6, 2)) = [0.00792094837289739]
(cirq.GridQubit(6, 2), cirq.GridQubit(6, 3)) = [0.007011248412327475]
(cirq.GridQubit(6, 3), cirq.GridQubit(6, 4)) = [0.008591080011911889]
(cirq.GridQubit(6, 3), cirq.GridQubit(7, 3)) = [0.007132916363217168]
(cirq.GridQubit(6, 4), cirq.GridQubit(6, 5)) = [0.006546439558907491]
(cirq.GridQubit(6, 5), cirq.GridQubit(7, 5)) = [0.005374354358644029]
(cirq.GridQubit(7, 2), cirq.GridQubit(7, 3)) = [0.005801452337931445]
(cirq.GridQubit(7, 3), cirq.GridQubit(7, 4)) = [0.007189246112731862]
(cirq.GridQubit(7, 3), cirq.GridQubit(8, 3)) = [0.007149153734468561]
(cirq.GridQubit(7, 4), cirq.GridQubit(7, 5)) = [0.007115721498997363]
(cirq.GridQubit(7, 4), cirq.GridQubit(8, 4)) = [0.008183566995623004]
(cirq.GridQubit(7, 5), cirq.GridQubit(7, 6)) = [0.007730965482185048]
(cirq.GridQubit(7, 5), cirq.GridQubit(8, 5)) = [0.007667429199111786]
(cirq.GridQubit(8, 3), cirq.GridQubit(8, 4)) = [0.009143646022778867]
(cirq.GridQubit(8, 4), cirq.GridQubit(9, 4)) = [0.006191280976748176]
                  (3, 2)
                  │
                  │
         (4, 1)───(4, 2)───(4, 3)
         │        │        │
         │        │        │
(5, 0)───(5, 1)───(5, 2)───(5, 3)───(5, 4)
         │        │        │        │
         │        │        │        │
         (6, 1)───(6, 2)───(6, 3)───(6, 4)───(6, 5)
                  │        │        │        │
                  │        │        │        │
                  (7, 2)───(7, 3)───(7, 4)───(7, 5)───(7, 6)
                           │        │        │
                           │        │        │
                           (8, 3)───(8, 4)───(8, 5)
                                    │
                                    │
                                    (9, 4)
Start at: (3, 2), with dr
Using qubits [cirq.GridQubit(3, 2), cirq.GridQubit(4, 2), cirq.GridQubit(4, 3), cirq.GridQubit(5, 3), cirq.GridQubit(5, 4), cirq.GridQubit(6, 4), cirq.GridQubit(6, 5), cirq.GridQubit(7, 5), cirq.GridQubit(4, 1), cirq.GridQubit(5, 1), cirq.GridQubit(5, 2), cirq.GridQubit(6, 2), cirq.GridQubit(6, 3), cirq.GridQubit(7, 3), cirq.GridQubit(7, 4), cirq.GridQubit(8, 4)]
Using qubits, JW:[cirq.GridQubit(3, 2), cirq.GridQubit(4, 2), cirq.GridQubit(4, 3), cirq.GridQubit(5, 3), cirq.GridQubit(5, 4), cirq.GridQubit(6, 4), cirq.GridQubit(6, 5), cirq.GridQubit(7, 5), cirq.GridQubit(4, 1), cirq.GridQubit(5, 1), cirq.GridQubit(5, 2), cirq.GridQubit(6, 2), cirq.GridQubit(6, 3), cirq.GridQubit(7, 3), cirq.GridQubit(7, 4), cirq.GridQubit(8, 4)]
                  [31m(3, 2)[0m
                  │
                  │
         [35m(4, 1)[0m───[31m(4, 2)[0m───[31m(4, 3)[0m
         │        │        │
         │        │        │
(5, 0)───[35m(5, 1)[0m───[35m(5, 2)[0m───[31m(5, 3)[0m───[31m(5, 4)[0m
         │        │        │        │
         │        │        │        │
         (6, 1)───[35m(6, 2)[0m───[35m(6, 3)[0m───[31m(6, 4)[0m───[31m(6, 5)[0m
                  │        │        │        │
                  │        │        │        │
                  (7, 2)───[35m(7, 3)[0m───[35m(7, 4)[0m───[31m(7, 5)[0m───(7, 6)
                           │        │        │
                           │        │        │
                           (8, 3)───[35m(8, 4)[0m───(8, 5)
                                    │
                                    │
                                    (9, 4)
None
Set recompilation to False
Got pairs set [(10, 11), (5, 6), (3, 11), (5, 13), (8, 9), (4, 12), (6, 14), (1, 2), (6, 7), (7, 15), (12, 13), (4, 5), (2, 10), (9, 10), (2, 3), (1, 9), (14, 15), (0, 8), (11, 12), (0, 1), (13, 14), (3, 4)]
---Starting to do calibration: delta 3.1150839579999996
---Starting to set up measurements: delta 1.2651396000000013
---Starting to run VQE: delta 2.1868910800000005
Running BayesMGD: n_evals 15, nshots 1000, max_iter 50, max_evals 300
---Preparing executables
---Running executables delta=2.41132569
---Extracting values delta=1.7865985629999983
---Extracted values delta=10.647145572
---Preparing executables
---Running executables delta=59.370341081999996
---Extracting values delta=11.775164900000007
---Extracted values delta=60.250987954999985
[26.86608946608947, 26.738560023000954]
2  :--------------------------------
fit_params:  [-0.292 -1.016 -0.412  0.839 -0.456 -0.165 -0.09   0.782  2.205 25.143]
current: 26.739+/-0.199  params:  [0.982 0.981 0.973]  grad:  [0.091 0.099 0.138]  gamma_k: 0.1977  delta_k: 0.6000
---Preparing executables
---Running executables delta=61.43893708600001
---Extracting values delta=12.651623701999995
---Extracted values delta=74.173000129
[26.86608946608947, 26.738560023000954, 26.738560023000954, 26.74464484943958]
3  :--------------------------------
fit_params:  [ 0.51  -0.442 -0.371  0.287 -0.275 -0.36  -0.878  1.266  1.932 25.398]
current: 26.745+/-0.155  params:  [0.959 0.94  0.979]  grad:  [ 0.151  0.263 -0.038]  gamma_k: 0.1548  delta_k: 0.5594
---Preparing executables
---Running executables delta=62.01283496499997
---Extracting values delta=10.937556927999992
---Extracted values delta=83.43017171399998
[26.86608946608947, 26.738560023000954, 26.738560023000954, 26.74464484943958, 26.74464484943958, 26.683546060772866]
4  :--------------------------------
fit_params:  [ 0.257 -0.139 -0.335  0.175 -0.133 -0.18  -0.457  0.342  1.115 26.146]
current: 26.684+/-0.105  params:  [0.945 0.931 0.996]  grad:  [ 0.104  0.065 -0.133]  gamma_k: 0.1302  delta_k: 0.5370
---Preparing executables
---Running executables delta=62.55600850799999
---Extracting values delta=11.89061927900002
---Extracted values delta=83.28353185200001
[26.86608946608947, 26.738560023000954, 26.738560023000954, 26.74464484943958, 26.74464484943958, 26.683546060772866, 26.683546060772866, 26.70046199926078]
5  :--------------------------------
fit_params:  [ 0.086 -0.064  0.094  0.21  -0.154 -0.173 -0.242  0.083  0.403 26.535]
current: 26.700+/-0.105  params:  [0.945 0.93  0.999]  grad:  [ 0.004  0.016 -0.026]  gamma_k: 0.1139  delta_k: 0.5216
---Preparing executables
---Running executables delta=62.82580997399998
---Extracting values delta=11.033621589999939
---Extracted values delta=83.612741433
[26.86608946608947, 26.738560023000954, 26.738560023000954, 26.74464484943958, 26.74464484943958, 26.683546060772866, 26.683546060772866, 26.70046199926078, 26.70046199926078, 26.665740202870865]
6  :--------------------------------
fit_params:  [ 0.117 -0.054 -0.006  0.078 -0.094 -0.075 -0.224  0.168  0.408 26.422]
current: 26.666+/-0.101  params:  [0.949 0.923 0.991]  grad:  [-0.045  0.065  0.078]  gamma_k: 0.1020  delta_k: 0.5100
---Preparing executables
---Running executables delta=64.56431949400007
---Extracting values delta=11.83404000400003
---Extracted values delta=91.03103411699999
[26.86608946608947, 26.738560023000954, 26.738560023000954, 26.74464484943958, 26.74464484943958, 26.683546060772866, 26.683546060772866, 26.70046199926078, 26.70046199926078, 26.665740202870865, 26.665740202870865, 26.680217910824812]
7  :--------------------------------
fit_params:  [ 0.07  -0.005  0.007  0.108 -0.13   0.026 -0.058  0.014  0.213 26.443]
current: 26.680+/-0.098  params:  [0.948 0.898 0.988]  grad:  [0.018 0.262 0.029]  gamma_k: 0.0930  delta_k: 0.5007
---Preparing executables
---Running executables delta=59.070060496999986
---Extracting values delta=11.800310357999933
---Extracted values delta=60.850507425000046
[26.86608946608947, 26.738560023000954, 26.738560023000954, 26.74464484943958, 26.74464484943958, 26.683546060772866, 26.683546060772866, 26.70046199926078, 26.70046199926078, 26.665740202870865, 26.665740202870865, 26.680217910824812, 26.680217910824812, 26.65803999089577]
8  :--------------------------------
fit_params:  [ 0.149  0.132  0.087  0.056 -0.108 -0.011 -0.153 -0.224  0.246 26.555]
current: 26.658+/-0.095  params:  [0.946 0.89  0.972]  grad:  [0.016 0.097 0.192]  gamma_k: 0.0858  delta_k: 0.4929
---Preparing executables
---Running executables delta=59.86055242600014
---Extracting values delta=11.108572990000084
---Extracted values delta=59.749011525000014
[26.86608946608947, 26.738560023000954, 26.738560023000954, 26.74464484943958, 26.74464484943958, 26.683546060772866, 26.683546060772866, 26.70046199926078, 26.70046199926078, 26.665740202870865, 26.665740202870865, 26.680217910824812, 26.680217910824812, 26.65803999089577, 26.65803999089577, 26.617940450607495]
9  :--------------------------------
fit_params:  [ 0.144  0.075  0.021  0.014 -0.159  0.006 -0.058 -0.028  0.224 26.525]
current: 26.618+/-0.108  params:  [0.952 0.879 0.974]  grad:  [-0.069  0.143 -0.026]  gamma_k: 0.0799  delta_k: 0.4863
---Preparing executables
---Running executables delta=59.43042177500001
---Extracting values delta=11.197796831999995
---Extracted values delta=59.58874080500004
[26.86608946608947, 26.738560023000954, 26.738560023000954, 26.74464484943958, 26.74464484943958, 26.683546060772866, 26.683546060772866, 26.70046199926078, 26.70046199926078, 26.665740202870865, 26.665740202870865, 26.680217910824812, 26.680217910824812, 26.65803999089577, 26.65803999089577, 26.617940450607495, 26.617940450607495, 26.666745605921605]
10  :--------------------------------
fit_params:  [ 0.118  0.026 -0.046  0.    -0.148 -0.011  0.069  0.137  0.3   26.389]
current: 26.667+/-0.086  params:  [0.951 0.867 0.98 ]  grad:  [ 0.007  0.161 -0.09 ]  gamma_k: 0.0750  delta_k: 0.4806
---Preparing executables
---Running executables delta=59.232997759
---Extracting values delta=11.21238439800004
---Extracted values delta=59.86849307900002
[26.86608946608947, 26.738560023000954, 26.738560023000954, 26.74464484943958, 26.74464484943958, 26.683546060772866, 26.683546060772866, 26.70046199926078, 26.70046199926078, 26.665740202870865, 26.665740202870865, 26.680217910824812, 26.680217910824812, 26.65803999089577, 26.65803999089577, 26.617940450607495, 26.617940450607495, 26.666745605921605, 26.666745605921605, 26.636832921091568]
11  :--------------------------------
fit_params:  [ 0.081  0.146 -0.022 -0.045 -0.064 -0.113  0.007  0.17   0.203 26.487]
current: 26.637+/-0.080  params:  [0.954 0.858 0.992]  grad:  [-0.042  0.117 -0.158]  gamma_k: 0.0708  delta_k: 0.4755
***26.64+/-0.08 1630456418.33862
---VQE complete: delta 1456.758675337
Data collected can be found at experiments/8x1_bayesmgd_zz_x_U_4_nocc_15_d_1-0901/8x1
