{'theta': True, 'zeta': True, 'chi': False, 'gamma': True, 'phi': True, 'time': None}
{'theta': False, 'zeta': False, 'chi': False, 'gamma': False, 'phi': False, 'time': None}
(cirq.GridQubit(3, 2), cirq.GridQubit(4, 2)) = [0.005653352934596179]
(cirq.GridQubit(4, 1), cirq.GridQubit(5, 1)) = [0.007375015732618062]
(cirq.GridQubit(4, 2), cirq.GridQubit(5, 2)) = [0.00700440704363417]
(cirq.GridQubit(4, 3), cirq.GridQubit(5, 3)) = [0.00842885403620891]
(cirq.GridQubit(5, 0), cirq.GridQubit(5, 1)) = [0.007143743381215151]
(cirq.GridQubit(5, 1), cirq.GridQubit(5, 2)) = [0.007232199681100754]
(cirq.GridQubit(5, 1), cirq.GridQubit(6, 1)) = [0.006847979209530453]
(cirq.GridQubit(5, 2), cirq.GridQubit(5, 3)) = [0.005365521924709626]
(cirq.GridQubit(5, 2), cirq.GridQubit(6, 2)) = [0.009054877847637977]
(cirq.GridQubit(5, 3), cirq.GridQubit(5, 4)) = [0.004709536197255504]
(cirq.GridQubit(5, 3), cirq.GridQubit(6, 3)) = [0.0059856756579679815]
(cirq.GridQubit(5, 4), cirq.GridQubit(6, 4)) = [0.004651029460094991]
(cirq.GridQubit(6, 1), cirq.GridQubit(6, 2)) = [0.00792094837289739]
(cirq.GridQubit(6, 2), cirq.GridQubit(6, 3)) = [0.007011248412327475]
(cirq.GridQubit(6, 3), cirq.GridQubit(6, 4)) = [0.008591080011911889]
(cirq.GridQubit(6, 3), cirq.GridQubit(7, 3)) = [0.007132916363217168]
(cirq.GridQubit(6, 4), cirq.GridQubit(6, 5)) = [0.006546439558907491]
(cirq.GridQubit(6, 5), cirq.GridQubit(7, 5)) = [0.005374354358644029]
(cirq.GridQubit(7, 2), cirq.GridQubit(7, 3)) = [0.005801452337931445]
(cirq.GridQubit(7, 3), cirq.GridQubit(7, 4)) = [0.007189246112731862]
(cirq.GridQubit(7, 3), cirq.GridQubit(8, 3)) = [0.007149153734468561]
(cirq.GridQubit(7, 4), cirq.GridQubit(7, 5)) = [0.007115721498997363]
(cirq.GridQubit(7, 4), cirq.GridQubit(8, 4)) = [0.008183566995623004]
(cirq.GridQubit(7, 5), cirq.GridQubit(7, 6)) = [0.007730965482185048]
(cirq.GridQubit(7, 5), cirq.GridQubit(8, 5)) = [0.007667429199111786]
(cirq.GridQubit(8, 3), cirq.GridQubit(8, 4)) = [0.009143646022778867]
(cirq.GridQubit(8, 4), cirq.GridQubit(9, 4)) = [0.006191280976748176]
                  (3, 2)
                  │
                  │
         (4, 1)───(4, 2)───(4, 3)
         │        │        │
         │        │        │
(5, 0)───(5, 1)───(5, 2)───(5, 3)───(5, 4)
         │        │        │        │
         │        │        │        │
         (6, 1)───(6, 2)───(6, 3)───(6, 4)───(6, 5)
                  │        │        │        │
                  │        │        │        │
                  (7, 2)───(7, 3)───(7, 4)───(7, 5)───(7, 6)
                           │        │        │
                           │        │        │
                           (8, 3)───(8, 4)───(8, 5)
                                    │
                                    │
                                    (9, 4)
Start at: (3, 2), with dr
Using qubits [cirq.GridQubit(3, 2), cirq.GridQubit(4, 2), cirq.GridQubit(4, 3), cirq.GridQubit(5, 3), cirq.GridQubit(5, 4), cirq.GridQubit(6, 4), cirq.GridQubit(6, 5), cirq.GridQubit(7, 5), cirq.GridQubit(4, 1), cirq.GridQubit(5, 1), cirq.GridQubit(5, 2), cirq.GridQubit(6, 2), cirq.GridQubit(6, 3), cirq.GridQubit(7, 3), cirq.GridQubit(7, 4), cirq.GridQubit(8, 4)]
Using qubits, JW:[cirq.GridQubit(3, 2), cirq.GridQubit(4, 2), cirq.GridQubit(4, 3), cirq.GridQubit(5, 3), cirq.GridQubit(5, 4), cirq.GridQubit(6, 4), cirq.GridQubit(6, 5), cirq.GridQubit(7, 5), cirq.GridQubit(4, 1), cirq.GridQubit(5, 1), cirq.GridQubit(5, 2), cirq.GridQubit(6, 2), cirq.GridQubit(6, 3), cirq.GridQubit(7, 3), cirq.GridQubit(7, 4), cirq.GridQubit(8, 4)]
                  [31m(3, 2)[0m
                  │
                  │
         [35m(4, 1)[0m───[31m(4, 2)[0m───[31m(4, 3)[0m
         │        │        │
         │        │        │
(5, 0)───[35m(5, 1)[0m───[35m(5, 2)[0m───[31m(5, 3)[0m───[31m(5, 4)[0m
         │        │        │        │
         │        │        │        │
         (6, 1)───[35m(6, 2)[0m───[35m(6, 3)[0m───[31m(6, 4)[0m───[31m(6, 5)[0m
                  │        │        │        │
                  │        │        │        │
                  (7, 2)───[35m(7, 3)[0m───[35m(7, 4)[0m───[31m(7, 5)[0m───(7, 6)
                           │        │        │
                           │        │        │
                           (8, 3)───[35m(8, 4)[0m───(8, 5)
                                    │
                                    │
                                    (9, 4)
None
Set recompilation to False
Got pairs set [(10, 11), (5, 6), (3, 11), (5, 13), (8, 9), (4, 12), (6, 14), (1, 2), (6, 7), (7, 15), (12, 13), (4, 5), (2, 10), (9, 10), (2, 3), (1, 9), (14, 15), (0, 8), (11, 12), (0, 1), (13, 14), (3, 4)]
---Starting to do calibration: delta 4.550233282999999
---Starting to set up measurements: delta 1.4242208309999995
---Starting to run VQE: delta 2.380170510000001
Running BayesMGD: n_evals 15, nshots 1000, max_iter 50, max_evals 300
---Preparing executables
---Running executables delta=2.949411626
---Extracting values delta=2.379686228999997
---Extracted values delta=6.248603118999998
---Preparing executables
---Running executables delta=69.95740839199999
---Extracting values delta=16.593082435
---Extracted values delta=67.46157708300001
[-1.372687177280551, -2.4855662647518324]
2  :--------------------------------
fit_params:  [ 0.949  1.388  0.892  0.261 -0.303 -0.069  0.163 -1.876  0.056 -2.793]
current: -2.486+/-0.201  params:  [0.609 0.746 0.784]  grad:  [1.978 1.285 1.095]  gamma_k: 0.1977  delta_k: 0.6000
---Preparing executables
---Running executables delta=104.000479542
---Extracting values delta=12.933679883000025
---Extracted values delta=69.33617420500002
[-1.372687177280551, -2.4855662647518324, -2.4855662647518324, -2.1635718647153093]
3  :--------------------------------
fit_params:  [ 0.9    1.751  1.6    0.746 -0.94   0.317 -0.21  -3.421 -1.143 -0.938]
current: -2.164+/-0.119  params:  [0.528 0.653 0.676]  grad:  [0.526 0.598 0.693]  gamma_k: 0.1548  delta_k: 0.5594
---Preparing executables
---Running executables delta=210.159376319
---Extracting values delta=16.35297965699999
---Extracted values delta=69.35860226500006
[-1.372687177280551, -2.4855662647518324, -2.4855662647518324, -2.1635718647153093, -2.1635718647153093, -2.014291014476652]
4  :--------------------------------
fit_params:  [ 1.093  1.259  1.649  0.922 -0.251 -0.4   -2.138 -1.78  -1.221 -0.552]
current: -2.014+/-0.104  params:  [0.543 0.615 0.647]  grad:  [-0.119  0.299  0.223]  gamma_k: 0.1302  delta_k: 0.5370
---Preparing executables
---Running executables delta=174.90994856400005
---Extracting values delta=13.269609370000012
---Extracted values delta=69.28374084200004
[-1.372687177280551, -2.4855662647518324, -2.4855662647518324, -2.1635718647153093, -2.1635718647153093, -2.014291014476652, -2.014291014476652, -2.074289655428647]
5  :--------------------------------
fit_params:  [ 1.526  2.323  1.333  1.126  0.193 -0.376 -2.864 -3.226 -1.345 -0.027]
current: -2.074+/-0.105  params:  [0.494 0.573 0.633]  grad:  [0.427 0.366 0.128]  gamma_k: 0.1139  delta_k: 0.5216
---Preparing executables
---Running executables delta=107.20587943999988
---Extracting values delta=15.241331545999856
---Extracted values delta=67.99386870700005
[-1.372687177280551, -2.4855662647518324, -2.4855662647518324, -2.1635718647153093, -2.1635718647153093, -2.014291014476652, -2.014291014476652, -2.074289655428647, -2.074289655428647, -2.128078765682893]
6  :--------------------------------
fit_params:  [ 1.172  2.063  1.247  0.748  0.314 -0.88  -3.099 -2.492 -1.25   0.285]
current: -2.128+/-0.088  params:  [0.564 0.624 0.67 ]  grad:  [-0.686 -0.501 -0.37 ]  gamma_k: 0.1020  delta_k: 0.5100
---Preparing executables
---Running executables delta=117.13867062000008
---Extracting values delta=14.035832078999874
---Extracted values delta=67.18824678800001
[-1.372687177280551, -2.4855662647518324, -2.4855662647518324, -2.1635718647153093, -2.1635718647153093, -2.014291014476652, -2.014291014476652, -2.074289655428647, -2.074289655428647, -2.128078765682893, -2.128078765682893, -2.2018801040607867]
7  :--------------------------------
fit_params:  [ 1.554  1.959  1.14   0.933  0.494 -0.677 -3.622 -2.74  -1.018  0.114]
current: -2.202+/-0.106  params:  [0.568 0.638 0.65 ]  grad:  [-0.041 -0.15   0.224]  gamma_k: 0.0930  delta_k: 0.5007
---Preparing executables
---Running executables delta=95.37737530300001
---Extracting values delta=12.805444175000048
---Extracted values delta=67.313075776
[-1.372687177280551, -2.4855662647518324, -2.4855662647518324, -2.1635718647153093, -2.1635718647153093, -2.014291014476652, -2.014291014476652, -2.074289655428647, -2.074289655428647, -2.128078765682893, -2.128078765682893, -2.2018801040607867, -2.2018801040607867, -2.2506503912321696]
8  :--------------------------------
fit_params:  [ 1.611  2.383  1.67   0.511  0.095 -0.531 -3.016 -2.609 -1.407 -0.137]
current: -2.251+/-0.079  params:  [0.603 0.61  0.633]  grad:  [-0.41   0.322  0.193]  gamma_k: 0.0858  delta_k: 0.4929
---Preparing executables
---Running executables delta=100.23286469200002
---Extracting values delta=14.972169867000048
---Extracted values delta=69.13637604099995
[-1.372687177280551, -2.4855662647518324, -2.4855662647518324, -2.1635718647153093, -2.1635718647153093, -2.014291014476652, -2.014291014476652, -2.074289655428647, -2.074289655428647, -2.128078765682893, -2.128078765682893, -2.2018801040607867, -2.2018801040607867, -2.2506503912321696, -2.2506503912321696, -2.309069476005588]
9  :--------------------------------
fit_params:  [ 1.845  2.011  0.904  0.208  0.458 -0.158 -2.511 -2.142 -1.667 -0.527]
current: -2.309+/-0.088  params:  [0.56  0.581 0.646]  grad:  [ 0.548  0.364 -0.162]  gamma_k: 0.0799  delta_k: 0.4863
---Preparing executables
---Running executables delta=100.87281304899989
---Extracting values delta=13.147013648999973
---Extracted values delta=67.839051574
[-1.372687177280551, -2.4855662647518324, -2.4855662647518324, -2.1635718647153093, -2.1635718647153093, -2.014291014476652, -2.014291014476652, -2.074289655428647, -2.074289655428647, -2.128078765682893, -2.128078765682893, -2.2018801040607867, -2.2018801040607867, -2.2506503912321696, -2.2506503912321696, -2.309069476005588, -2.309069476005588, -2.3517559675362683]
10  :--------------------------------
fit_params:  [ 1.532  1.563  1.441  0.405  0.464 -0.212 -2.703 -1.928 -2.188 -0.311]
current: -2.352+/-0.096  params:  [0.553 0.576 0.65 ]  grad:  [ 0.082  0.069 -0.054]  gamma_k: 0.0750  delta_k: 0.4806
---Preparing executables
---Running executables delta=118.45420008999986
---Extracting values delta=14.069380139000032
---Extracted values delta=67.22620446899987
[-1.372687177280551, -2.4855662647518324, -2.4855662647518324, -2.1635718647153093, -2.1635718647153093, -2.014291014476652, -2.014291014476652, -2.074289655428647, -2.074289655428647, -2.128078765682893, -2.128078765682893, -2.2018801040607867, -2.2018801040607867, -2.2506503912321696, -2.2506503912321696, -2.309069476005588, -2.309069476005588, -2.3517559675362683, -2.3517559675362683, -2.3291196032060077]
11  :--------------------------------
fit_params:  [ 1.46   1.206  1.461  0.847  0.169  0.169 -2.839 -2.441 -2.377 -0.01 ]
current: -2.329+/-0.101  params:  [0.555 0.569 0.657]  grad:  [-0.027  0.106 -0.095]  gamma_k: 0.0708  delta_k: 0.4755
***-2.33+/-0.10 1630488953.165911
---VQE complete: delta 2036.1072028639999
Data collected can be found at experiments/8x1_bayesmgd_zz_x_U_4_nocc_5_d_1-0901/8x1
