{'theta': True, 'zeta': True, 'chi': False, 'gamma': True, 'phi': True, 'time': None}
{'theta': False, 'zeta': False, 'chi': False, 'gamma': False, 'phi': False, 'time': None}
                  (3, 2)
                  │
                  │
         (4, 1)───(4, 2)───(4, 3)
         │        │        │
         │        │        │
(5, 0)───(5, 1)───(5, 2)───(5, 3)───(5, 4)
         │        │        │        │
         │        │        │        │
         (6, 1)───(6, 2)───(6, 3)───(6, 4)───(6, 5)
                  │        │        │        │
                  │        │        │        │
                  (7, 2)───(7, 3)───(7, 4)───(7, 5)───(7, 6)
                           │        │        │
                           │        │        │
                           (8, 3)───(8, 4)───(8, 5)
                                    │
                                    │
                                    (9, 4)
Start at: (3, 2), with dr
Using qubits [cirq.GridQubit(3, 2), cirq.GridQubit(4, 2), cirq.GridQubit(4, 3), cirq.GridQubit(5, 3), cirq.GridQubit(5, 4), cirq.GridQubit(6, 4), cirq.GridQubit(6, 5), cirq.GridQubit(7, 5), cirq.GridQubit(4, 1), cirq.GridQubit(5, 1), cirq.GridQubit(5, 2), cirq.GridQubit(6, 2), cirq.GridQubit(6, 3), cirq.GridQubit(7, 3), cirq.GridQubit(7, 4), cirq.GridQubit(8, 4)]
Using qubits, JW:[cirq.GridQubit(3, 2), cirq.GridQubit(4, 2), cirq.GridQubit(4, 3), cirq.GridQubit(5, 3), cirq.GridQubit(5, 4), cirq.GridQubit(6, 4), cirq.GridQubit(6, 5), cirq.GridQubit(7, 5), cirq.GridQubit(4, 1), cirq.GridQubit(5, 1), cirq.GridQubit(5, 2), cirq.GridQubit(6, 2), cirq.GridQubit(6, 3), cirq.GridQubit(7, 3), cirq.GridQubit(7, 4), cirq.GridQubit(8, 4)]
                  [31m(3, 2)[0m
                  │
                  │
         [35m(4, 1)[0m───[31m(4, 2)[0m───[31m(4, 3)[0m
         │        │        │
         │        │        │
(5, 0)───[35m(5, 1)[0m───[35m(5, 2)[0m───[31m(5, 3)[0m───[31m(5, 4)[0m
         │        │        │        │
         │        │        │        │
         (6, 1)───[35m(6, 2)[0m───[35m(6, 3)[0m───[31m(6, 4)[0m───[31m(6, 5)[0m
                  │        │        │        │
                  │        │        │        │
                  (7, 2)───[35m(7, 3)[0m───[35m(7, 4)[0m───[31m(7, 5)[0m───(7, 6)
                           │        │        │
                           │        │        │
                           (8, 3)───[35m(8, 4)[0m───(8, 5)
                                    │
                                    │
                                    (9, 4)
None
Meas types ['onsite0', 'horiz0', 'vert02', 'vert12']
Prepped onsite, pairs=[(0, 8), (1, 9), (2, 10), (3, 11), (4, 12), (5, 13), (6, 14), (7, 15)]
Prepped horiz, pairs=[(0, 1), (2, 3), (4, 5), (6, 7), (8, 9), (10, 11), (12, 13), (14, 15)]
Prepped vert0, pairs=[(1, 2), (3, 4), (5, 6), (9, 10), (11, 12), (13, 14)]
Prepped vert1, pairs=[(1, 2), (3, 4), (5, 6), (9, 10), (11, 12), (13, 14)]
Set recompilation to False
Got pairs set [(10, 11), (5, 6), (3, 11), (5, 13), (8, 9), (4, 12), (6, 14), (1, 2), (6, 7), (7, 15), (12, 13), (4, 5), (2, 10), (9, 10), (2, 3), (1, 9), (14, 15), (0, 8), (11, 12), (0, 1), (13, 14), (3, 4)]
---Starting to do calibration: delta 3.412047473000001
---Starting to set up measurements: delta 0.9850442019999992
---Starting to run VQE: delta 2.5018967529999987
No optimisation, save file is experiments/4x2_single_U_4_nocc_14_d_1-0915-212144/2x4/processed/processed.json
Given params: [[[[[0.325, 0.536, 0.575, 0.566]]], [[[-0.325, -0.536, -0.575, -0.566]]], [[[0, 0.536, 0.575, 0.566]]], [[[0, -0.536, -0.575, -0.566]]]]]
---Preparing executables
---Running executables, 16 in batch, delta=8.644942418999998
---Extracting values delta=2.6370347469999977
---Extracted values delta=67.85628276899999
===21.148781578875372 20.719462148683906 21.175184511728922 20.968262555974214 1631737390.091097
Computed energies [20.934121863779637], params [[[[0.325, 0.536, 0.575, 0.566]]], [[[-0.325, -0.536, -0.575, -0.566]]], [[[0, 0.536, 0.575, 0.566]]], [[[0, -0.536, -0.575, -0.566]]]]
***20.934121863779637 1631737390.096144
---VQE complete: delta 79.150121789
---Starting TFLO
Using saved points
Using params [[[0, 1.5708, 0, 0]], [[0, 4.71239, 0, 1.5708]], [[0, 5.49779, 0.785398, 2.35619]], [[0, 3.92699, 1.5708, 2.35619]], [[0, 2.35619, 3.14159, 1.5708]], [[0, 2.35619, 0.785398, 3.92699]], [[0, 0, 4.71239, 2.35619]], [[0, 2.35619, 2.35619, 3.14159]], [[0, 5.49779, 5.49779, 4.71239]], [[0, 0, 1.5708, 4.71239]], [[0, 1.5708, 3.92699, 3.14159]], [[0, 1.5708, 4.71239, 4.71239]], [[0, 0, 3.14159, 3.92699]], [[0, 5.49779, 3.92699, 3.92699]], [[0, 3.92699, 2.35619, 5.49779]], [[0, 0, 3.92699, 5.49779]], [[0, 0.536, 0.575, 0.566]], [[0.325, 0.536, 0.575, 0.566]], [[0, -1.5708, 0, 0]], [[0, -4.71239, 0, -1.5708]], [[0, -5.49779, -0.785398, -2.35619]], [[0, -3.92699, -1.5708, -2.35619]], [[0, -2.35619, -3.14159, -1.5708]], [[0, -2.35619, -0.785398, -3.92699]], [[0, 0, -4.71239, -2.35619]], [[0, -2.35619, -2.35619, -3.14159]], [[0, -5.49779, -5.49779, -4.71239]], [[0, 0, -1.5708, -4.71239]], [[0, -1.5708, -3.92699, -3.14159]], [[0, -1.5708, -4.71239, -4.71239]], [[0, 0, -3.14159, -3.92699]], [[0, -5.49779, -3.92699, -3.92699]], [[0, -3.92699, -2.35619, -5.49779]], [[0, 0, -3.92699, -5.49779]], [[0, -0.536, -0.575, -0.566]], [[-0.325, -0.536, -0.575, -0.566]]]
---Preparing executables
---Running executables, 144 in batch, delta=83.24132487400001
---Extracting values delta=10.267631918000006
---Extracted values delta=143.729793507
---Time for noisy calculation: 237.26294196700002
***TFLON: 21.170253322122054,21.100816101204337,21.114360210260642,21.229505738049582,22.544374401225564,22.89344496633592,23.394846033023555,23.456561094667336,23.904239099545745,23.9783848316981,24.39183128138358,24.660953016904653,25.24526925750833,25.074561735996923,24.951065381918507,26.32503265608025,21.05544151528534,21.15169063898961,21.351409586575652,21.41719523817101,21.350522195380485,22.7025616893022,24.12593977412189,23.075211906491997,23.871328777049392,24.992569119717377,24.07564297364979,23.975866554299394,25.703647181238768,25.094477148980676,25.627908305329395,25.67026423398666,26.35746703102389,26.535684222267037,20.957463080715776,20.7909176289961 1631737630.408557
Noisy energies by type: {'onsite0': array([24.61090304, 24.6315059 , 24.63321033, 24.4744255 , 24.69585614,
       24.81686841, 24.57213115, 24.53384321, 24.50197316, 24.5778672 ,
       24.68536304, 24.55547054, 24.60117548, 24.73019702, 24.39581882,
       24.58484032, 24.55522641, 24.4109254 , 24.61472234, 24.66841908,
       24.62203024, 24.68817204, 24.55072464, 24.54588608, 24.49762166,
       24.50207312, 24.52959502, 24.59398202, 24.52777778, 24.47058824,
       24.56882129, 24.60143559, 24.62823985, 24.52956887, 24.48238707,
       24.43119584]), 'horiz0': array([-1.34524384e+00, -1.47262136e+00, -1.45364648e+00, -1.24339036e+00,
       -1.05642766e+00, -9.81439565e-01, -8.36470096e-01, -3.33611343e-01,
       -9.10873440e-01, -1.96480938e-01, -2.52676660e-01, -4.40514469e-01,
        3.57598978e-01, -7.19137036e-02,  4.48745520e-01,  7.52435065e-01,
       -1.34754797e+00, -1.27681499e+00, -1.37883598e+00, -1.45431364e+00,
       -1.40926944e+00, -6.34482759e-01, -1.20794487e-01, -9.54769369e-01,
       -6.19209040e-01,  5.35420099e-01, -9.54037267e-01, -2.99685958e-01,
        5.31545741e-01, -1.50093809e-03,  7.54281163e-01,  4.58457605e-01,
        1.02182700e+00,  1.01453958e+00, -1.41544477e+00, -1.51886066e+00]), 'vert02': array([-0.89333333, -1.21581492, -0.93310265, -0.85056221, -0.59709119,
       -0.22725451, -0.60607211, -0.22698908, -0.07439577,  0.19910787,
       -0.21779254,  0.20890774,  0.15835052,  0.02998847,  0.13371469,
        0.4441539 , -1.00265487, -0.97055164, -1.01603017, -0.84159566,
       -0.8655526 , -0.39143969, -0.21922933,  0.1406953 , -0.58552381,
        0.27369219,  0.08139535,  0.10886355,  0.06879699,  0.21252236,
        0.24917552,  0.08768586,  0.30804954,  0.58834311, -1.09049774,
       -1.21515508]), 'vert12': array([-1.20207254, -0.84225352, -1.13210099, -1.1509672 , -0.49796288,
       -0.71472937,  0.26525709, -0.5166817 ,  0.38753515, -0.6021093 ,
        0.17693744,  0.3370892 ,  0.12814428,  0.38628995, -0.02721365,
        0.54360336, -1.14958205, -1.01186813, -0.8684466 , -0.95531453,
       -0.996686  , -0.95968791, -0.08476105, -0.6566001 ,  0.57843996,
       -0.31861629,  0.41868988, -0.42729306,  0.57552667,  0.41286749,
        0.05563033,  0.52268519,  0.39935065,  0.40323267, -1.01898148,
       -0.90626247])}
Using saved exact energies
Data collected can be found at experiments/4x2_single_U_4_nocc_14_d_1-0915-212144/2x4
