{'theta': True, 'zeta': True, 'chi': False, 'gamma': True, 'phi': True, 'time': None}
{'theta': False, 'zeta': False, 'chi': False, 'gamma': False, 'phi': False, 'time': None}
                  (3, 2)
                  │
                  │
         (4, 1)───(4, 2)───(4, 3)
         │        │        │
         │        │        │
(5, 0)───(5, 1)───(5, 2)───(5, 3)───(5, 4)
         │        │        │        │
         │        │        │        │
         (6, 1)───(6, 2)───(6, 3)───(6, 4)───(6, 5)
                  │        │        │        │
                  │        │        │        │
                  (7, 2)───(7, 3)───(7, 4)───(7, 5)───(7, 6)
                           │        │        │
                           │        │        │
                           (8, 3)───(8, 4)───(8, 5)
                                    │
                                    │
                                    (9, 4)
Start at: (3, 2), with dr
Using qubits [cirq.GridQubit(3, 2), cirq.GridQubit(4, 2), cirq.GridQubit(4, 3), cirq.GridQubit(5, 3), cirq.GridQubit(5, 4), cirq.GridQubit(6, 4), cirq.GridQubit(6, 5), cirq.GridQubit(7, 5), cirq.GridQubit(4, 1), cirq.GridQubit(5, 1), cirq.GridQubit(5, 2), cirq.GridQubit(6, 2), cirq.GridQubit(6, 3), cirq.GridQubit(7, 3), cirq.GridQubit(7, 4), cirq.GridQubit(8, 4)]
Using qubits, JW:[cirq.GridQubit(3, 2), cirq.GridQubit(4, 2), cirq.GridQubit(4, 3), cirq.GridQubit(5, 3), cirq.GridQubit(5, 4), cirq.GridQubit(6, 4), cirq.GridQubit(6, 5), cirq.GridQubit(7, 5), cirq.GridQubit(4, 1), cirq.GridQubit(5, 1), cirq.GridQubit(5, 2), cirq.GridQubit(6, 2), cirq.GridQubit(6, 3), cirq.GridQubit(7, 3), cirq.GridQubit(7, 4), cirq.GridQubit(8, 4)]
                  [31m(3, 2)[0m
                  │
                  │
         [35m(4, 1)[0m───[31m(4, 2)[0m───[31m(4, 3)[0m
         │        │        │
         │        │        │
(5, 0)───[35m(5, 1)[0m───[35m(5, 2)[0m───[31m(5, 3)[0m───[31m(5, 4)[0m
         │        │        │        │
         │        │        │        │
         (6, 1)───[35m(6, 2)[0m───[35m(6, 3)[0m───[31m(6, 4)[0m───[31m(6, 5)[0m
                  │        │        │        │
                  │        │        │        │
                  (7, 2)───[35m(7, 3)[0m───[35m(7, 4)[0m───[31m(7, 5)[0m───(7, 6)
                           │        │        │
                           │        │        │
                           (8, 3)───[35m(8, 4)[0m───(8, 5)
                                    │
                                    │
                                    (9, 4)
None
Meas types ['onsite0', 'horiz0', 'vert02', 'vert12']
Prepped onsite, pairs=[(0, 8), (1, 9), (2, 10), (3, 11), (4, 12), (5, 13), (6, 14), (7, 15)]
Prepped horiz, pairs=[(0, 1), (2, 3), (4, 5), (6, 7), (8, 9), (10, 11), (12, 13), (14, 15)]
Prepped vert0, pairs=[(1, 2), (3, 4), (5, 6), (9, 10), (11, 12), (13, 14)]
Prepped vert1, pairs=[(1, 2), (3, 4), (5, 6), (9, 10), (11, 12), (13, 14)]
Set recompilation to False
Got pairs set [(10, 11), (5, 6), (3, 11), (5, 13), (8, 9), (4, 12), (6, 14), (1, 2), (6, 7), (7, 15), (12, 13), (4, 5), (2, 10), (9, 10), (2, 3), (1, 9), (14, 15), (0, 8), (11, 12), (0, 1), (13, 14), (3, 4)]
---Starting to do calibration: delta 3.3740229609999997
---Starting to set up measurements: delta 0.9470125410000012
---Starting to run VQE: delta 2.2810351450000006
No optimisation, save file is experiments/4x2_single_U_4_nocc_8_d_1-0915-232632/2x4/processed/processed.json
Given params: [[[[[0.525, 0.694, 0.426, 0.519]]], [[[-0.525, -0.694, -0.426, -0.519]]], [[[0, 0.694, 0.426, 0.519]]], [[[0, -0.694, -0.426, -0.519]]]]]
---Preparing executables
---Running executables, 16 in batch, delta=8.463652831999998
---Extracting values delta=7.004795439999999
---Extracted values delta=76.441092669
===1.4556641028408106 0.7818023945391925 1.6938401432032564 2.132033754052875 1631744890.6565812
Computed energies [1.1187332486900017], params [[[[0.525, 0.694, 0.426, 0.519]]], [[[-0.525, -0.694, -0.426, -0.519]]], [[[0, 0.694, 0.426, 0.519]]], [[[0, -0.694, -0.426, -0.519]]]]
***1.1187332486900017 1631744890.658271
---VQE complete: delta 91.916524361
---Starting TFLO
Using saved points
Using params [[[0, 2.35619, 0, 0]], [[0, 2.35619, 0, 1.5708]], [[0, 3.92699, 4.71239, 0.785398]], [[0, 4.71239, 0.785398, 3.14159]], [[0, 0.785398, 3.14159, 1.5708]], [[0, 1.5708, 0, 3.92699]], [[0, 1.5708, 0, 4.71239]], [[0, 2.35619, 5.49779, 3.92699]], [[0, 0, 4.71239, 3.14159]], [[0, 5.49779, 1.5708, 4.71239]], [[0, 0.785398, 4.71239, 3.92699]], [[0, 0, 1.5708, 5.49779]], [[0, 2.35619, 3.14159, 3.92699]], [[0, 4.71239, 2.35619, 4.71239]], [[0, 3.14159, 3.92699, 4.71239]], [[0, 2.35619, 3.92699, 5.49779]], [[0, 0.694, 0.426, 0.519]], [[0.525, 0.694, 0.426, 0.519]], [[0, -2.35619, 0, 0]], [[0, -2.35619, 0, -1.5708]], [[0, -3.92699, -4.71239, -0.785398]], [[0, -4.71239, -0.785398, -3.14159]], [[0, -0.785398, -3.14159, -1.5708]], [[0, -1.5708, 0, -3.92699]], [[0, -1.5708, 0, -4.71239]], [[0, -2.35619, -5.49779, -3.92699]], [[0, 0, -4.71239, -3.14159]], [[0, -5.49779, -1.5708, -4.71239]], [[0, -0.785398, -4.71239, -3.92699]], [[0, 0, -1.5708, -5.49779]], [[0, -2.35619, -3.14159, -3.92699]], [[0, -4.71239, -2.35619, -4.71239]], [[0, -3.14159, -3.92699, -4.71239]], [[0, -2.35619, -3.92699, -5.49779]], [[0, -0.694, -0.426, -0.519]], [[-0.525, -0.694, -0.426, -0.519]]]
---Preparing executables
---Running executables, 144 in batch, delta=76.905590132
---Extracting values delta=8.684727552999988
---Extracted values delta=152.361319206
---Time for noisy calculation: 237.97816856499998
***TFLON: 2.460462802417787,2.147727454361663,2.1672735777814127,2.6981747881069955,3.336792156279245,3.852456637821695,4.469352346362618,5.1770795901300986,6.352011690854392,6.834909276671005,7.544748078121181,8.180388555170449,10.090746225812346,9.251741247746,10.402743377488495,11.626851052209517,1.7159825751206135,1.5994277874769476,1.7060977201550533,2.259647325353448,3.199944434656274,3.8444960181558536,4.6636669388110725,4.861791967954571,5.605785742588558,5.946419176132584,7.220908131405077,7.438205207090358,8.54372569192112,8.812200598242466,9.103648641257077,9.533360469949473,10.78320168325753,11.132974467425433,2.086049066908732,0.7727575789090495 1631745131.507422
Noisy energies by type: {'onsite0': array([8.49938195, 8.42518677, 8.02880746, 8.1452973 , 7.76657124,
       8.51463918, 8.3475341 , 8.37168142, 8.18421604, 8.21030226,
       8.0882047 , 8.16827344, 8.49668165, 8.13492562, 8.15624314,
       8.31870061, 7.88594342, 6.81437671, 7.54351536, 7.58918919,
       8.24120603, 7.97718149, 8.53687929, 7.92105816, 8.16290357,
       7.84542261, 8.01551337, 8.15131989, 8.18200706, 8.18087534,
       7.5696634 , 8.05653105, 8.15959253, 7.91199492, 8.36173768,
       6.8513599 ]), 'horiz0': array([-2.88504489, -2.89699955, -2.80207863, -2.70033822, -2.03076923,
       -2.82517182, -2.83859801, -2.32692732, -1.47820314, -0.72402235,
       -0.8611482 , -0.11699164,  1.30436681,  0.72439893,  1.137577  ,
        1.83141083, -2.85054152, -2.1542887 , -2.79644777, -2.8690609 ,
       -2.7767033 , -2.47216981, -1.83271294, -2.77581314, -2.71007952,
       -2.18365158, -1.38060026, -0.62217195, -0.71883173, -0.08856406,
        1.32693147,  1.09366755,  1.31525122,  1.77690461, -2.95749835,
       -2.89899666]), 'vert02': array([-1.60724821, -1.69647812, -1.4887107 , -0.98177247, -1.17551558,
       -0.91407045, -0.46335352, -0.85506946, -0.87264053,  0.21085992,
       -0.52717168,  0.47282609, -0.07229947,  0.3662912 ,  0.06830197,
        0.44670813, -1.91273477, -1.79879042, -1.49482312, -1.13734177,
       -1.3663261 , -0.45426   , -1.01161103, -0.10440123,  0.16959419,
        0.03453267, -0.26538071,  0.35119048,  0.17722302,  0.55174577,
        0.21373888,  0.5352409 ,  0.55460963,  0.6652884 , -1.69725738,
       -1.57838284]), 'vert12': array([-1.54662605, -1.68398164, -1.57074455, -1.76501182, -1.22349428,
       -0.92294026, -0.57623023, -0.01260504,  0.51863933, -0.86223055,
        0.84486325, -0.34371933,  0.36199723,  0.0261255 ,  1.04062127,
        1.03003148, -1.40668456, -1.2618698 , -1.54614675, -1.32313919,
       -0.8982322 , -1.20625567, -1.02888838, -0.17905182, -0.01663249,
        0.25011547,  0.85137573, -0.44213322,  0.90332734,  0.16814355,
       -0.00668511, -0.15207903,  0.7537483 ,  0.77878654, -1.62093288,
       -1.60122283])}
Using saved exact energies
Data collected can be found at experiments/4x2_single_U_4_nocc_8_d_1-0915-232632/2x4
