{'theta': True, 'zeta': True, 'chi': False, 'gamma': True, 'phi': True, 'time': None}
{'theta': False, 'zeta': False, 'chi': False, 'gamma': False, 'phi': False, 'time': None}
                  (3, 2)
                  │
                  │
         (4, 1)───(4, 2)───(4, 3)
         │        │        │
         │        │        │
(5, 0)───(5, 1)───(5, 2)───(5, 3)───(5, 4)
         │        │        │        │
         │        │        │        │
         (6, 1)───(6, 2)───(6, 3)───(6, 4)───(6, 5)
                  │        │        │        │
                  │        │        │        │
                  (7, 2)───(7, 3)───(7, 4)───(7, 5)───(7, 6)
                           │        │        │
                           │        │        │
                           (8, 3)───(8, 4)───(8, 5)
                                    │
                                    │
                                    (9, 4)
Start at: (3, 2), with dr
Using qubits [cirq.GridQubit(3, 2), cirq.GridQubit(4, 2), cirq.GridQubit(4, 3), cirq.GridQubit(5, 3), cirq.GridQubit(5, 4), cirq.GridQubit(6, 4), cirq.GridQubit(6, 5), cirq.GridQubit(7, 5), cirq.GridQubit(4, 1), cirq.GridQubit(5, 1), cirq.GridQubit(5, 2), cirq.GridQubit(6, 2), cirq.GridQubit(6, 3), cirq.GridQubit(7, 3), cirq.GridQubit(7, 4), cirq.GridQubit(8, 4)]
Using qubits, JW:[cirq.GridQubit(3, 2), cirq.GridQubit(4, 2), cirq.GridQubit(4, 3), cirq.GridQubit(5, 3), cirq.GridQubit(5, 4), cirq.GridQubit(6, 4), cirq.GridQubit(6, 5), cirq.GridQubit(7, 5), cirq.GridQubit(4, 1), cirq.GridQubit(5, 1), cirq.GridQubit(5, 2), cirq.GridQubit(6, 2), cirq.GridQubit(6, 3), cirq.GridQubit(7, 3), cirq.GridQubit(7, 4), cirq.GridQubit(8, 4)]
                  [31m(3, 2)[0m
                  │
                  │
         [35m(4, 1)[0m───[31m(4, 2)[0m───[31m(4, 3)[0m
         │        │        │
         │        │        │
(5, 0)───[35m(5, 1)[0m───[35m(5, 2)[0m───[31m(5, 3)[0m───[31m(5, 4)[0m
         │        │        │        │
         │        │        │        │
         (6, 1)───[35m(6, 2)[0m───[35m(6, 3)[0m───[31m(6, 4)[0m───[31m(6, 5)[0m
                  │        │        │        │
                  │        │        │        │
                  (7, 2)───[35m(7, 3)[0m───[35m(7, 4)[0m───[31m(7, 5)[0m───(7, 6)
                           │        │        │
                           │        │        │
                           (8, 3)───[35m(8, 4)[0m───(8, 5)
                                    │
                                    │
                                    (9, 4)
None
Meas types ['onsite0', 'horiz0', 'vert02', 'vert12']
Prepped onsite, pairs=[(0, 8), (1, 9), (2, 10), (3, 11), (4, 12), (5, 13), (6, 14), (7, 15)]
Prepped horiz, pairs=[(0, 1), (2, 3), (4, 5), (6, 7), (8, 9), (10, 11), (12, 13), (14, 15)]
Prepped vert0, pairs=[(1, 2), (3, 4), (5, 6), (9, 10), (11, 12), (13, 14)]
Prepped vert1, pairs=[(1, 2), (3, 4), (5, 6), (9, 10), (11, 12), (13, 14)]
Set recompilation to False
Got pairs set [(10, 11), (5, 6), (3, 11), (5, 13), (8, 9), (4, 12), (6, 14), (1, 2), (6, 7), (7, 15), (12, 13), (4, 5), (2, 10), (9, 10), (2, 3), (1, 9), (14, 15), (0, 8), (11, 12), (0, 1), (13, 14), (3, 4)]
---Starting to do calibration: delta 3.313490751
---Starting to set up measurements: delta 0.8639144890000008
---Starting to run VQE: delta 2.2638810740000004
No optimisation, save file is experiments/4x2_single_U_8_nocc_7_d_1-0919-215830/2x4/processed/processed.json
Given params: [[[[[0.926, 0.539, 0.496, 0.511]]], [[[-0.926, -0.539, -0.496, -0.511]]], [[[0, 0.539, 0.496, 0.511]]], [[[0, -0.539, -0.496, -0.511]]]]]
---Preparing executables
---Running executables, 16 in batch, delta=8.579872629999999
---Extracting values delta=2.682600919000002
---Extracted values delta=80.518688322
===4.433397323003486 3.259217843090763 6.423072840676222 6.342483549674153 1632085208.824556
Computed energies [3.8463075830471247], params [[[[0.926, 0.539, 0.496, 0.511]]], [[[-0.926, -0.539, -0.496, -0.511]]], [[[0, 0.539, 0.496, 0.511]]], [[[0, -0.539, -0.496, -0.511]]]]
***3.8463075830471247 1632085208.826549
---VQE complete: delta 91.78991553499999
---Starting TFLO
Using saved points
Using params [[[0, 3.14159, 0, 0]], [[0, 1.5708, 4.71239, 0]], [[0, 3.14159, 3.14159, 0]], [[0, 4.71239, 3.92699, 0.785398]], [[0, 0, 3.14159, 1.5708]], [[0, 3.92699, 3.92699, 1.5708]], [[0, 3.14159, 0, 3.92699]], [[0, 2.35619, 1.5708, 3.92699]], [[0, 1.5708, 5.49779, 3.92699]], [[0, 5.49779, 4.71239, 3.14159]], [[0, 0, 5.49779, 5.49779]], [[0, 0, 4.71239, 3.92699]], [[0, 0, 3.14159, 3.92699]], [[0, 5.49779, 4.71239, 5.49779]], [[0, 1.5708, 2.35619, 5.49779]], [[0, 0, 3.92699, 5.49779]], [[0, 0.539, 0.496, 0.511]], [[0.926, 0.539, 0.496, 0.511]], [[0, -3.14159, 0, 0]], [[0, -1.5708, -4.71239, 0]], [[0, -3.14159, -3.14159, 0]], [[0, -4.71239, -3.92699, -0.785398]], [[0, 0, -3.14159, -1.5708]], [[0, -3.92699, -3.92699, -1.5708]], [[0, -3.14159, 0, -3.92699]], [[0, -2.35619, -1.5708, -3.92699]], [[0, -1.5708, -5.49779, -3.92699]], [[0, -5.49779, -4.71239, -3.14159]], [[0, 0, -5.49779, -5.49779]], [[0, 0, -4.71239, -3.92699]], [[0, 0, -3.14159, -3.92699]], [[0, -5.49779, -4.71239, -5.49779]], [[0, -1.5708, -2.35619, -5.49779]], [[0, 0, -3.92699, -5.49779]], [[0, -0.539, -0.496, -0.511]], [[-0.926, -0.539, -0.496, -0.511]]]
---Preparing executables
---Running executables, 144 in batch, delta=84.79864988699998
---Extracting values delta=9.279031771999996
---Extracted values delta=144.59352739
---Time for noisy calculation: 238.698726082
***TFLON: 6.115432095257182,6.191423907566938,6.753783360264405,7.867469832843076,8.214596184083684,8.133322454888091,8.75831398033888,10.568866647165063,10.212788821036982,11.207924659880172,12.006899340966775,12.725058024775205,13.576533917009577,14.544333837185487,15.25687658353737,16.371818393979908,6.501868715641226,4.379204599076435,6.372725141902942,7.041579654194578,6.799221333435441,6.778373026360305,8.303068237369887,8.869424590231729,9.716484256969986,11.374694633742578,10.916982428442665,11.884356600930591,12.32928809732302,13.293126885716358,13.940148221689421,14.420188153341666,15.633720234304016,15.92863537702868,6.1725515803221676,3.13943243242203 1632085450.866307
Noisy energies by type: {'onsite0': array([11.84703297, 12.12522361, 12.06548305, 13.01160938, 12.19474197,
       12.24586913, 12.14184397, 12.2346236 , 12.16596406, 12.32183908,
       12.0839779 , 12.26220363, 12.04828402, 12.39446837, 11.98427018,
       12.4073247 , 12.31431431,  8.73978889, 12.01461187, 12.27586207,
       11.93026375, 11.44434706, 12.06583991, 12.13625515, 11.84562686,
       12.21438388, 11.75513933, 11.97256751, 12.26713226, 12.06914894,
       11.96897851, 12.17398831, 12.05889015, 12.1268574 , 12.21621622,
        8.14760781]), 'horiz0': array([-2.17606838, -2.10359116, -2.11753974, -2.16958787, -1.5474553 ,
       -1.79068639, -2.15408729, -0.51681957, -1.78075856, -1.03223513,
       -1.42597403, -0.57424058,  0.9345101 ,  0.12593306,  1.64152722,
        1.50082762, -2.1226807 , -1.42023748, -2.13990148, -2.02660861,
       -2.11348206, -2.17103448, -1.65480769, -1.74953875, -2.13079961,
       -0.2879257 , -1.69054178, -1.14253188, -1.55975437, -0.70679435,
        0.81641366, -0.00317749,  1.67212731,  1.22120658, -2.1451818 ,
       -2.04513495]), 'vert02': array([-1.69673791, -1.92656004, -1.53386545, -1.59180439, -1.37107517,
       -1.44381769, -0.53654108, -0.15678463, -0.63543517, -0.86346537,
        0.49070069, -0.24927212,  0.24467593,  0.67942255,  0.95648191,
        1.12615039, -2.16766021, -1.81550802, -1.68352913, -1.70703654,
       -1.52037829, -1.51027624, -0.97779244, -1.00908304, -0.03196245,
        0.16055148,  0.15076041, -0.04280822,  0.83511684,  0.52367568,
        0.87956698,  1.14285714,  1.10383244,  1.43428319, -1.97176528,
       -1.47892473]), 'vert12': array([-1.85879459, -1.90364851, -1.6602945 , -1.38274728, -1.06161532,
       -0.8780426 , -0.69290162, -0.99215276,  0.46301849,  0.78178607,
        0.85819477,  1.2863671 ,  0.34906386,  1.34450985,  0.67459727,
        1.33751568, -1.52210469, -1.12483879, -1.81845612, -1.50063727,
       -1.49718206, -0.98466331, -1.13017154, -0.50820877,  0.03361946,
       -0.71231502,  0.70162446,  1.09712919,  0.78679337,  1.40709662,
        0.27518907,  1.10652018,  0.79887033,  1.14628821, -1.92671756,
       -1.48411569])}
Using saved exact energies
Data collected can be found at experiments/4x2_single_U_8_nocc_7_d_1-0919-215830/2x4
