{'theta': True, 'zeta': True, 'chi': False, 'gamma': True, 'phi': True, 'time': None}
{'theta': False, 'zeta': False, 'chi': False, 'gamma': False, 'phi': False, 'time': None}
                  (3, 2)
                  │
                  │
         (4, 1)───(4, 2)───(4, 3)
         │        │        │
         │        │        │
(5, 0)───(5, 1)───(5, 2)───(5, 3)───(5, 4)
         │        │        │        │
         │        │        │        │
         (6, 1)───(6, 2)───(6, 3)───(6, 4)───(6, 5)
                  │        │        │        │
                  │        │        │        │
                  (7, 2)───(7, 3)───(7, 4)───(7, 5)───(7, 6)
                           │        │        │
                           │        │        │
                           (8, 3)───(8, 4)───(8, 5)
                                    │
                                    │
                                    (9, 4)
Start at: (3, 2), with dr
Using qubits [cirq.GridQubit(3, 2), cirq.GridQubit(4, 2), cirq.GridQubit(4, 3), cirq.GridQubit(5, 3), cirq.GridQubit(5, 4), cirq.GridQubit(6, 4), cirq.GridQubit(6, 5), cirq.GridQubit(7, 5), cirq.GridQubit(4, 1), cirq.GridQubit(5, 1), cirq.GridQubit(5, 2), cirq.GridQubit(6, 2), cirq.GridQubit(6, 3), cirq.GridQubit(7, 3), cirq.GridQubit(7, 4), cirq.GridQubit(8, 4)]
Using qubits, JW:[cirq.GridQubit(3, 2), cirq.GridQubit(4, 2), cirq.GridQubit(4, 3), cirq.GridQubit(5, 3), cirq.GridQubit(5, 4), cirq.GridQubit(6, 4), cirq.GridQubit(6, 5), cirq.GridQubit(7, 5), cirq.GridQubit(4, 1), cirq.GridQubit(5, 1), cirq.GridQubit(5, 2), cirq.GridQubit(6, 2), cirq.GridQubit(6, 3), cirq.GridQubit(7, 3), cirq.GridQubit(7, 4), cirq.GridQubit(8, 4)]
                  [31m(3, 2)[0m
                  │
                  │
         [35m(4, 1)[0m───[31m(4, 2)[0m───[31m(4, 3)[0m
         │        │        │
         │        │        │
(5, 0)───[35m(5, 1)[0m───[35m(5, 2)[0m───[31m(5, 3)[0m───[31m(5, 4)[0m
         │        │        │        │
         │        │        │        │
         (6, 1)───[35m(6, 2)[0m───[35m(6, 3)[0m───[31m(6, 4)[0m───[31m(6, 5)[0m
                  │        │        │        │
                  │        │        │        │
                  (7, 2)───[35m(7, 3)[0m───[35m(7, 4)[0m───[31m(7, 5)[0m───(7, 6)
                           │        │        │
                           │        │        │
                           (8, 3)───[35m(8, 4)[0m───(8, 5)
                                    │
                                    │
                                    (9, 4)
None
Meas types ['onsite0', 'horiz0', 'vert02', 'vert12']
Prepped onsite, pairs=[(0, 8), (1, 9), (2, 10), (3, 11), (4, 12), (5, 13), (6, 14), (7, 15)]
Prepped horiz, pairs=[(0, 1), (2, 3), (4, 5), (6, 7), (8, 9), (10, 11), (12, 13), (14, 15)]
Prepped vert0, pairs=[(1, 2), (3, 4), (5, 6), (9, 10), (11, 12), (13, 14)]
Prepped vert1, pairs=[(1, 2), (3, 4), (5, 6), (9, 10), (11, 12), (13, 14)]
Set recompilation to False
Got pairs set [(10, 11), (5, 6), (3, 11), (5, 13), (8, 9), (4, 12), (6, 14), (1, 2), (6, 7), (7, 15), (12, 13), (4, 5), (2, 10), (9, 10), (2, 3), (1, 9), (14, 15), (0, 8), (11, 12), (0, 1), (13, 14), (3, 4)]
---Starting to do calibration: delta 3.5080697999999995
---Starting to set up measurements: delta 0.868528864
---Starting to run VQE: delta 2.274701519999999
No optimisation, save file is experiments/4x2_single_U_8_nocc_7_d_1-0920-004507/2x4/processed/processed.json
Given params: [[[[[0.926, 0.539, 0.496, 0.511]]], [[[-0.926, -0.539, -0.496, -0.511]]], [[[0, 0.539, 0.496, 0.511]]], [[[0, -0.539, -0.496, -0.511]]]]]
---Preparing executables
---Running executables, 16 in batch, delta=8.635274289
---Extracting values delta=2.5870758040000013
---Extracted values delta=74.400350303
===4.323260431582121 3.166360497267136 6.2335118472596545 6.21899151002729 1632095199.8988092
Computed energies [3.7448104644246283], params [[[[0.926, 0.539, 0.496, 0.511]]], [[[-0.926, -0.539, -0.496, -0.511]]], [[[0, 0.539, 0.496, 0.511]]], [[[0, -0.539, -0.496, -0.511]]]]
***3.7448104644246283 1632095199.9006321
---VQE complete: delta 85.630396962
---Starting TFLO
Using saved points
Using params [[[0, 3.14159, 0, 0]], [[0, 1.5708, 4.71239, 0]], [[0, 3.14159, 3.14159, 0]], [[0, 4.71239, 3.92699, 0.785398]], [[0, 0, 3.14159, 1.5708]], [[0, 3.92699, 3.92699, 1.5708]], [[0, 3.14159, 0, 3.92699]], [[0, 2.35619, 1.5708, 3.92699]], [[0, 1.5708, 5.49779, 3.92699]], [[0, 5.49779, 4.71239, 3.14159]], [[0, 0, 5.49779, 5.49779]], [[0, 0, 4.71239, 3.92699]], [[0, 0, 3.14159, 3.92699]], [[0, 5.49779, 4.71239, 5.49779]], [[0, 1.5708, 2.35619, 5.49779]], [[0, 0, 3.92699, 5.49779]], [[0, 0.539, 0.496, 0.511]], [[0.926, 0.539, 0.496, 0.511]], [[0, -3.14159, 0, 0]], [[0, -1.5708, -4.71239, 0]], [[0, -3.14159, -3.14159, 0]], [[0, -4.71239, -3.92699, -0.785398]], [[0, 0, -3.14159, -1.5708]], [[0, -3.92699, -3.92699, -1.5708]], [[0, -3.14159, 0, -3.92699]], [[0, -2.35619, -1.5708, -3.92699]], [[0, -1.5708, -5.49779, -3.92699]], [[0, -5.49779, -4.71239, -3.14159]], [[0, 0, -5.49779, -5.49779]], [[0, 0, -4.71239, -3.92699]], [[0, 0, -3.14159, -3.92699]], [[0, -5.49779, -4.71239, -5.49779]], [[0, -1.5708, -2.35619, -5.49779]], [[0, 0, -3.92699, -5.49779]], [[0, -0.539, -0.496, -0.511]], [[-0.926, -0.539, -0.496, -0.511]]]
---Preparing executables
---Running executables, 144 in batch, delta=77.68011616699998
---Extracting values delta=9.088730079000015
---Extracted values delta=149.10428943600002
---Time for noisy calculation: 235.901074412
***TFLON: 6.0593229588694655,6.078102840565542,6.66163840455669,7.719211295874961,8.115191560717044,8.3415369631741,8.653503043239267,10.509789519433545,10.143262828517202,11.309055892830541,12.15764001857837,12.846954099691565,13.66121509084758,14.56474150622263,15.245598883696818,16.165596456699042,6.169395217883654,4.342270165194697,6.294959002069741,7.096130820059125,6.859081416927866,6.746393727677246,8.34385137141951,8.797243194040401,9.800533497567388,11.005798809988999,10.961096105810366,11.977587657426026,12.368287429840343,13.090689173880321,13.974703807897201,14.531151714537481,15.53371846089077,15.926213376300266,6.305249380735566,3.1759280021767577 1632095438.671631
Noisy energies by type: {'onsite0': array([11.96520263, 12.1406495 , 12.1515827 , 12.94446874, 12.2533055 ,
       12.33943134, 12.1203266 , 12.25596433, 12.06313514, 12.43690165,
       12.21116139, 12.33578268, 12.09264673, 12.43233256, 11.90356116,
       12.25941043, 12.18079096,  8.7744309 , 11.95428038, 12.38280904,
       12.03522677, 11.43144654, 11.99553272, 12.15857537, 12.00457771,
       12.03999111, 11.9904906 , 12.13219705, 12.43236132, 12.01318392,
       12.11298445, 12.38899718, 12.12987579, 12.06955756, 12.2743888 ,
        8.20805369]), 'horiz0': array([-2.24166667, -2.17329165, -2.1497093 , -2.17761332, -1.57210031,
       -1.76901605, -2.24948922, -0.56901201, -1.79037801, -1.10973036,
       -1.38672238, -0.64141765,  0.95165711,  0.09494568,  1.66978703,
        1.42819594, -2.18815612, -1.51249363, -2.19189453, -2.02946029,
       -2.13305709, -2.14090599, -1.62742414, -1.80694632, -2.09813543,
       -0.27910238, -1.77240102, -1.18375376, -1.60548327, -0.79034104,
        0.78954454, -0.08216783,  1.65441696,  1.28974943, -2.13549666,
       -2.03485496]), 'vert02': array([-1.77039931, -1.91050501, -1.66811186, -1.63918653, -1.41572775,
       -1.42106392, -0.53261572, -0.19151325, -0.57482185, -0.85499659,
        0.46642584, -0.19728624,  0.24953358,  0.69315189,  0.97457627,
        1.13362734, -2.19965745, -1.79897746, -1.68349607, -1.72520801,
       -1.54345385, -1.55266552, -1.00825524, -1.04714286, -0.05718771,
        0.08501848,  0.05924171, -0.07513116,  0.81676823,  0.46218127,
        0.84491288,  1.10133277,  1.04798422,  1.43447976, -1.93825441,
       -1.54278628]), 'vert12': array([-1.8938137 , -1.97875   , -1.67212314, -1.40845759, -1.15028587,
       -0.80781441, -0.68471862, -0.98564955,  0.44532755,  0.83688119,
        0.86677517,  1.34987531,  0.36737767,  1.34431138,  0.69767442,
        1.34436275, -1.62358217, -1.12068966, -1.78393078, -1.53200993,
       -1.49963441, -0.99148131, -1.01600197, -0.50724299, -0.04872107,
       -0.8401084 ,  0.68376482,  1.10427553,  0.72464115,  1.40566502,
        0.22726193,  1.12298959,  0.70144149,  1.13242663, -1.89538835,
       -1.45448446])}
Using saved exact energies
Data collected can be found at experiments/4x2_single_U_8_nocc_7_d_1-0920-004507/2x4
