{'theta': True, 'zeta': True, 'chi': False, 'gamma': True, 'phi': True, 'time': None}
{'theta': False, 'zeta': False, 'chi': False, 'gamma': False, 'phi': False, 'time': None}
                  (3, 2)
                  │
                  │
         (4, 1)───(4, 2)───(4, 3)
         │        │        │
         │        │        │
(5, 0)───(5, 1)───(5, 2)───(5, 3)───(5, 4)
         │        │        │        │
         │        │        │        │
         (6, 1)───(6, 2)───(6, 3)───(6, 4)───(6, 5)
                  │        │        │        │
                  │        │        │        │
                  (7, 2)───(7, 3)───(7, 4)───(7, 5)───(7, 6)
                           │        │        │
                           │        │        │
                           (8, 3)───(8, 4)───(8, 5)
                                    │
                                    │
                                    (9, 4)
Start at: (3, 2), with dr
Using qubits [cirq.GridQubit(3, 2), cirq.GridQubit(4, 2), cirq.GridQubit(4, 3), cirq.GridQubit(5, 3), cirq.GridQubit(5, 4), cirq.GridQubit(6, 4), cirq.GridQubit(6, 5), cirq.GridQubit(7, 5), cirq.GridQubit(4, 1), cirq.GridQubit(5, 1), cirq.GridQubit(5, 2), cirq.GridQubit(6, 2), cirq.GridQubit(6, 3), cirq.GridQubit(7, 3), cirq.GridQubit(7, 4), cirq.GridQubit(8, 4)]
Using qubits, JW:[cirq.GridQubit(3, 2), cirq.GridQubit(4, 2), cirq.GridQubit(4, 3), cirq.GridQubit(5, 3), cirq.GridQubit(5, 4), cirq.GridQubit(6, 4), cirq.GridQubit(6, 5), cirq.GridQubit(7, 5), cirq.GridQubit(4, 1), cirq.GridQubit(5, 1), cirq.GridQubit(5, 2), cirq.GridQubit(6, 2), cirq.GridQubit(6, 3), cirq.GridQubit(7, 3), cirq.GridQubit(7, 4), cirq.GridQubit(8, 4)]
                  [31m(3, 2)[0m
                  │
                  │
         [35m(4, 1)[0m───[31m(4, 2)[0m───[31m(4, 3)[0m
         │        │        │
         │        │        │
(5, 0)───[35m(5, 1)[0m───[35m(5, 2)[0m───[31m(5, 3)[0m───[31m(5, 4)[0m
         │        │        │        │
         │        │        │        │
         (6, 1)───[35m(6, 2)[0m───[35m(6, 3)[0m───[31m(6, 4)[0m───[31m(6, 5)[0m
                  │        │        │        │
                  │        │        │        │
                  (7, 2)───[35m(7, 3)[0m───[35m(7, 4)[0m───[31m(7, 5)[0m───(7, 6)
                           │        │        │
                           │        │        │
                           (8, 3)───[35m(8, 4)[0m───(8, 5)
                                    │
                                    │
                                    (9, 4)
None
Meas types ['onsite0', 'horiz0', 'horiz1']
Prepped onsite, pairs=[(0, 8), (1, 9), (2, 10), (3, 11), (4, 12), (5, 13), (6, 14), (7, 15)]
Prepped horiz, pairs=[(0, 1), (2, 3), (4, 5), (6, 7), (8, 9), (10, 11), (12, 13), (14, 15)]
Prepped horiz, pairs=[(1, 2), (3, 4), (5, 6), (9, 10), (11, 12), (13, 14)]
Set recompilation to False
Got pairs set [(10, 11), (5, 6), (3, 11), (5, 13), (8, 9), (4, 12), (6, 14), (1, 2), (6, 7), (7, 15), (12, 13), (4, 5), (2, 10), (9, 10), (2, 3), (1, 9), (14, 15), (0, 8), (11, 12), (0, 1), (13, 14), (3, 4)]
---Starting to do calibration: delta 3.540770339
---Starting to set up measurements: delta 0.6067039850000011
---Starting to run VQE: delta 1.0834528300000006
No optimisation, save file is experiments/8x1_single_zz_x_U_8_nocc_2_d_1-0915-004120/8x1/processed/processed.json
Given params: [[[[[0.804, 0.486, 0.603]]], [[[-0.804, -0.486, -0.603]]], [[[0, 0.486, 0.603]]], [[[0, -0.486, -0.603]]]]]
---Preparing executables
---Running executables, 12 in batch, delta=4.427884670999999
---Extracting values delta=2.4475792239999983
---Extracted values delta=66.714816203
===-2.0160156605239172 -2.0942633484017867 -1.6434915703560287 -1.5884665196304537 1631662959.154196
Computed energies [-2.055139504462852], params [[[[0.804, 0.486, 0.603]]], [[[-0.804, -0.486, -0.603]]], [[[0, 0.486, 0.603]]], [[[0, -0.486, -0.603]]]]
***-2.055139504462852 1631662959.156266
---VQE complete: delta 73.595628278
---Starting TFLO
Using saved points
Using params [[[0, 0, 0]], [[0, 0.785398, 1.5708]], [[0, 5.49779, 0.785398]], [[0, 0.785398, 2.35619]], [[0, 2.35619, 0]], [[0, 3.14159, 0.785398]], [[0, 0, 3.14159]], [[0, 0.785398, 5.49779]], [[0, 5.49779, 3.92699]], [[0, 4.71239, 4.71239]], [[0, 2.35619, 5.49779]], [[0, 1.5708, 3.92699]], [[0, 3.14159, 4.71239]], [[0, 2.35619, 3.14159]], [[0, 2.35619, 3.92699]], [[0, 3.14159, 3.92699]], [[0, 0.486, 0.603]], [[0.804, 0.486, 0.603]], [[0, 0, 0]], [[0, -0.785398, -1.5708]], [[0, -5.49779, -0.785398]], [[0, -0.785398, -2.35619]], [[0, -2.35619, 0]], [[0, -3.14159, -0.785398]], [[0, 0, -3.14159]], [[0, -0.785398, -5.49779]], [[0, -5.49779, -3.92699]], [[0, -4.71239, -4.71239]], [[0, -2.35619, -5.49779]], [[0, -1.5708, -3.92699]], [[0, -3.14159, -4.71239]], [[0, -2.35619, -3.14159]], [[0, -2.35619, -3.92699]], [[0, -3.14159, -3.92699]], [[0, -0.486, -0.603]], [[-0.804, -0.486, -0.603]]]
---Preparing executables
---Running executables, 108 in batch, delta=40.823217510000006
---Extracting values delta=5.326776733000003
---Extracted values delta=96.706635105
---Time for noisy calculation: 142.87487774200002
***TFLON: -1.5164142387293758,-1.394639909400557,-0.9536582081279201,-1.4493003449214972,-1.2301477974488004,-1.290443873395489,-0.8481158009596401,-1.169658397330224,-0.49992218995656335,-0.6728181998178716,-0.6815867699147716,-0.43706963537421806,-0.4754993340681042,-0.2019395652553021,-0.1426399987153234,-0.2252800321001276,-1.6128008936342146,-2.039191845418284,-1.500144869743546,-1.4733057480149565,-1.5975604234633844,-0.9668997602044294,-1.3341965013518928,-1.1735927582625054,-0.8668335985005337,-0.3286356603146444,-0.9373842256561588,-0.8037259887984072,-0.3391098423013058,-0.4484535584228724,-0.41100261193393195,-0.31563047963372426,-0.2401127921717212,-0.10424875581747328,-1.5727857702340087,-2.04423828867172 1631663104.066574
Noisy energies by type: {'onsite0': array([1.27404162, 1.24587389, 1.3435256 , 0.98643856, 1.46945677,
       1.08117595, 1.33777038, 1.00449198, 1.44313725, 1.13870602,
       1.20379965, 1.48627104, 1.10375671, 1.50448833, 1.47011597,
       1.1744907 , 1.1618839 , 0.43936337, 1.26490985, 1.17196262,
       0.99658392, 1.41293084, 1.11606314, 1.15976331, 1.33661373,
       1.50322437, 1.04363803, 1.1638009 , 1.13900741, 1.06207522,
       1.05056051, 1.10636424, 1.05729967, 1.1869117 , 1.20043621,
       0.51171961]), 'horiz0': array([-1.4227907 , -1.3008872 , -1.08197674, -1.08873975, -1.61074458,
       -1.44318824, -0.82102132, -0.81857143, -0.72178939, -0.76531112,
       -0.8127968 , -0.70345843, -0.63144902, -0.6639698 , -0.5687251 ,
       -0.48600509, -1.41413598, -1.20241217, -1.44270958, -1.44616164,
       -1.27549947, -1.16825238, -1.54447853, -1.41443715, -0.85736354,
       -0.58998435, -0.65181598, -0.71263815, -0.5751938 , -0.47219361,
       -0.50530471, -0.49961725, -0.37321294, -0.35712522, -1.50630546,
       -1.40067179]), 'horiz1': array([-1.36766516, -1.3396266 , -1.21520706, -1.34699915, -1.08885999,
       -0.92843159, -1.36486486, -1.35557895, -1.22127005, -1.04621309,
       -1.07258962, -1.21988225, -0.94780702, -1.0424581 , -1.04403087,
       -0.91376564, -1.36054881, -1.27614305, -1.32234513, -1.19910672,
       -1.31864487, -1.21157822, -0.90578111, -0.91891892, -1.34608379,
       -1.24187568, -1.32920628, -1.25488874, -0.90292345, -1.03833516,
       -0.95625841, -0.92237747, -0.92419952, -0.93403524, -1.26691651,
       -1.15528611])}
Using saved exact energies
Data collected can be found at experiments/8x1_single_zz_x_U_8_nocc_2_d_1-0915-004120/8x1
