{'theta': True, 'zeta': True, 'chi': False, 'gamma': True, 'phi': True, 'time': None}
{'theta': False, 'zeta': False, 'chi': False, 'gamma': False, 'phi': False, 'time': None}
                  (3, 2)
                  │
                  │
         (4, 1)───(4, 2)───(4, 3)
         │        │        │
         │        │        │
(5, 0)───(5, 1)───(5, 2)───(5, 3)───(5, 4)
         │        │        │        │
         │        │        │        │
         (6, 1)───(6, 2)───(6, 3)───(6, 4)───(6, 5)
                  │        │        │        │
                  │        │        │        │
                  (7, 2)───(7, 3)───(7, 4)───(7, 5)───(7, 6)
                           │        │        │
                           │        │        │
                           (8, 3)───(8, 4)───(8, 5)
                                    │
                                    │
                                    (9, 4)
Start at: (3, 2), with dr
Using qubits [cirq.GridQubit(3, 2), cirq.GridQubit(4, 2), cirq.GridQubit(4, 3), cirq.GridQubit(5, 3), cirq.GridQubit(5, 4), cirq.GridQubit(6, 4), cirq.GridQubit(6, 5), cirq.GridQubit(7, 5), cirq.GridQubit(4, 1), cirq.GridQubit(5, 1), cirq.GridQubit(5, 2), cirq.GridQubit(6, 2), cirq.GridQubit(6, 3), cirq.GridQubit(7, 3), cirq.GridQubit(7, 4), cirq.GridQubit(8, 4)]
Using qubits, JW:[cirq.GridQubit(3, 2), cirq.GridQubit(4, 2), cirq.GridQubit(4, 3), cirq.GridQubit(5, 3), cirq.GridQubit(5, 4), cirq.GridQubit(6, 4), cirq.GridQubit(6, 5), cirq.GridQubit(7, 5), cirq.GridQubit(4, 1), cirq.GridQubit(5, 1), cirq.GridQubit(5, 2), cirq.GridQubit(6, 2), cirq.GridQubit(6, 3), cirq.GridQubit(7, 3), cirq.GridQubit(7, 4), cirq.GridQubit(8, 4)]
                  [31m(3, 2)[0m
                  │
                  │
         [35m(4, 1)[0m───[31m(4, 2)[0m───[31m(4, 3)[0m
         │        │        │
         │        │        │
(5, 0)───[35m(5, 1)[0m───[35m(5, 2)[0m───[31m(5, 3)[0m───[31m(5, 4)[0m
         │        │        │        │
         │        │        │        │
         (6, 1)───[35m(6, 2)[0m───[35m(6, 3)[0m───[31m(6, 4)[0m───[31m(6, 5)[0m
                  │        │        │        │
                  │        │        │        │
                  (7, 2)───[35m(7, 3)[0m───[35m(7, 4)[0m───[31m(7, 5)[0m───(7, 6)
                           │        │        │
                           │        │        │
                           (8, 3)───[35m(8, 4)[0m───(8, 5)
                                    │
                                    │
                                    (9, 4)
None
Meas types ['onsite0', 'horiz0', 'vert02', 'vert12']
Prepped onsite, pairs=[(0, 8), (1, 9), (2, 10), (3, 11), (4, 12), (5, 13), (6, 14), (7, 15)]
Prepped horiz, pairs=[(0, 1), (2, 3), (4, 5), (6, 7), (8, 9), (10, 11), (12, 13), (14, 15)]
Prepped vert0, pairs=[(1, 2), (3, 4), (5, 6), (9, 10), (11, 12), (13, 14)]
Prepped vert1, pairs=[(1, 2), (3, 4), (5, 6), (9, 10), (11, 12), (13, 14)]
Set recompilation to False
Got pairs set [(10, 11), (5, 6), (3, 11), (5, 13), (8, 9), (4, 12), (6, 14), (1, 2), (6, 7), (7, 15), (12, 13), (4, 5), (2, 10), (9, 10), (2, 3), (1, 9), (14, 15), (0, 8), (11, 12), (0, 1), (13, 14), (3, 4)]
---Starting to do calibration: delta 3.683812799000001
---Starting to set up measurements: delta 0.973478128
---Starting to run VQE: delta 2.7468107180000008
No optimisation, save file is experiments/4x2_single_U_4_nocc_7_d_1-0915-220137/2x4/processed/processed.json
Given params: [[[[[0.574, 0.461, 0.543, 0.513]]], [[[-0.574, -0.461, -0.543, -0.513]]], [[[0, 0.461, 0.543, 0.513]]], [[[0, -0.461, -0.543, -0.513]]]]]
---Preparing executables
---Running executables, 16 in batch, delta=10.885014615999998
---Extracting values delta=2.5560025599999996
---Extracted values delta=75.159189884
===0.06430181389216694 -0.6823874430620345 0.34693906686643605 0.1227135916099984 1631739793.4124641
Computed energies [-0.30904281458493377], params [[[[0.574, 0.461, 0.543, 0.513]]], [[[-0.574, -0.461, -0.543, -0.513]]], [[[0, 0.461, 0.543, 0.513]]], [[[0, -0.461, -0.543, -0.513]]]]
***-0.30904281458493377 1631739793.414144
---VQE complete: delta 88.60835785399999
---Starting TFLO
Using saved points
Using params [[[0, 3.14159, 0, 0]], [[0, 0, 1.5708, 0]], [[0, 3.14159, 3.14159, 0]], [[0, 1.5708, 3.92699, 0.785398]], [[0, 0, 3.14159, 1.5708]], [[0, 4.71239, 3.92699, 1.5708]], [[0, 1.5708, 0, 3.92699]], [[0, 2.35619, 1.5708, 3.92699]], [[0, 4.71239, 5.49779, 3.92699]], [[0, 3.14159, 4.71239, 3.14159]], [[0, 0, 5.49779, 5.49779]], [[0, 1.5708, 4.71239, 3.92699]], [[0, 0, 3.14159, 3.92699]], [[0, 0.785398, 4.71239, 5.49779]], [[0, 4.71239, 2.35619, 5.49779]], [[0, 0, 3.92699, 5.49779]], [[0, 0.461, 0.543, 0.513]], [[0.574, 0.461, 0.543, 0.513]], [[0, -3.14159, 0, 0]], [[0, 0, -1.5708, 0]], [[0, -3.14159, -3.14159, 0]], [[0, -1.5708, -3.92699, -0.785398]], [[0, 0, -3.14159, -1.5708]], [[0, -4.71239, -3.92699, -1.5708]], [[0, -1.5708, 0, -3.92699]], [[0, -2.35619, -1.5708, -3.92699]], [[0, -4.71239, -5.49779, -3.92699]], [[0, -3.14159, -4.71239, -3.14159]], [[0, 0, -5.49779, -5.49779]], [[0, -1.5708, -4.71239, -3.92699]], [[0, 0, -3.14159, -3.92699]], [[0, -0.785398, -4.71239, -5.49779]], [[0, -4.71239, -2.35619, -5.49779]], [[0, 0, -3.92699, -5.49779]], [[0, -0.461, -0.543, -0.513]], [[-0.574, -0.461, -0.543, -0.513]]]
---Preparing executables
---Running executables, 144 in batch, delta=82.172568307
---Extracting values delta=9.479523669000002
---Extracted values delta=150.54158837199998
---Time for noisy calculation: 242.220225302
***TFLON: 0.2245273354046231,0.6315668645276575,0.552406256543374,1.5397894257694207,1.991672407038954,2.115264087324043,2.8220342155904063,4.470122158529562,4.270466173252973,4.367963868889536,6.249760794407415,6.377713634992761,7.368101362113263,8.235289473393918,8.334569441860372,10.09253687546169,0.4157897086723106,0.0956231908421663,0.4401030471124432,0.20492873099701692,0.8692616511700417,1.5906376904224298,2.4080987009744845,2.48362606706181,3.9408755988006936,5.138108995031071,5.301677107598386,5.456537754822808,6.0686418343892425,6.610614346286912,7.866933744674392,7.741693729255009,9.219559773346765,9.723364028553886,0.17222964100690175,-0.7059420844823443 1631740038.855202
Noisy energies by type: {'onsite0': array([5.99652627, 6.19262099, 5.9161843 , 6.44631766, 6.11792342,
       6.31079895, 6.2711492 , 6.13738381, 6.01517857, 6.14096916,
       6.17329607, 6.3052514 , 6.13530363, 6.19503849, 6.00989886,
       6.20163247, 6.19412879, 5.06302916, 5.92556274, 6.25947392,
       5.95195063, 5.73984089, 6.14363202, 5.97265031, 5.82645012,
       6.04560849, 6.03747577, 6.05499665, 6.20686677, 6.08254249,
       6.02469136, 6.26350461, 6.18254675, 6.11165699, 6.07830783,
       4.87407407]), 'horiz0': array([-2.17676538e+00, -2.17411642e+00, -2.07506297e+00, -1.89413903e+00,
       -1.53683095e+00, -1.90627886e+00, -2.22771815e+00, -5.45366795e-01,
       -1.56857855e+00, -1.28933525e+00, -1.25323349e+00, -7.11188005e-01,
        7.68550369e-01, -1.16306118e-03,  8.67517606e-01,  1.47292003e+00,
       -2.13100209e+00, -1.67881425e+00, -2.16869482e+00, -2.14244535e+00,
       -1.93292249e+00, -1.79325479e+00, -1.72025723e+00, -1.76705991e+00,
       -1.98767818e+00, -2.74741151e-01, -1.73282443e+00, -1.07147798e+00,
       -1.65401326e+00, -8.18525520e-01,  8.13393871e-01, -4.27328908e-01,
        1.31286481e+00,  1.20325939e+00, -2.13746898e+00, -2.13331743e+00]), 'vert02': array([-1.70948617e+00, -1.95502392e+00, -1.57428941e+00, -1.75488260e+00,
       -1.40795792e+00, -1.30042105e+00, -5.39293598e-01, -2.02338129e-03,
       -5.61497326e-01, -8.15946986e-01,  5.10834585e-01, -2.39186296e-01,
        2.18911309e-01,  7.93752674e-01,  8.72444634e-01,  1.11193029e+00,
       -2.13021461e+00, -1.87986464e+00, -1.57661854e+00, -1.91161334e+00,
       -1.41274725e+00, -1.20463576e+00, -1.06029061e+00, -1.24591924e+00,
        7.14914210e-02,  1.38949672e-01,  1.56418554e-01, -1.15772941e-01,
        8.06203209e-01,  2.81407035e-01,  8.36271485e-01,  9.33557611e-01,
        1.11875548e+00,  1.34789157e+00, -1.79178082e+00, -1.64303124e+00]), 'vert12': array([-1.88574739, -1.43191377, -1.71442567, -1.25750661, -1.18146214,
       -0.98883495, -0.68210323, -1.11987148,  0.38536348,  0.33227694,
        0.81886364,  1.02283654,  0.24533606,  1.24766137,  0.58470834,
        1.30605408, -1.51712238, -1.40872708, -1.74014633, -2.0004865 ,
       -1.73701923, -1.15131265, -0.95498548, -0.47604509,  0.03061224,
       -0.77170802,  0.84060721,  0.58879203,  0.70958512,  1.06519035,
        0.19257703,  0.97196041,  0.60539273,  1.06055608, -1.97682839,
       -1.80366748])}
Using saved exact energies
Data collected can be found at experiments/4x2_single_U_4_nocc_7_d_1-0915-220137/2x4
