{'theta': True, 'zeta': True, 'chi': False, 'gamma': True, 'phi': True, 'time': None}
{'theta': False, 'zeta': False, 'chi': False, 'gamma': False, 'phi': False, 'time': None}
Qubits: 4 2 5 3
Using qubits [cirq.GridQubit(5, 3), cirq.GridQubit(6, 3), cirq.GridQubit(7, 3), cirq.GridQubit(8, 3), cirq.GridQubit(5, 4), cirq.GridQubit(6, 4), cirq.GridQubit(7, 4), cirq.GridQubit(8, 4)]
Using qubits, JW:[cirq.GridQubit(5, 3), cirq.GridQubit(6, 3), cirq.GridQubit(7, 3), cirq.GridQubit(8, 3), cirq.GridQubit(5, 4), cirq.GridQubit(6, 4), cirq.GridQubit(7, 4), cirq.GridQubit(8, 4)]
Meas types ['onsite0', 'horiz0', 'horiz1']
Prepped onsite, pairs=[(0, 4), (1, 5), (2, 6), (3, 7)]
Prepped horiz, pairs=[(0, 1), (2, 3), (4, 5), (6, 7)]
Prepped horiz, pairs=[(1, 2), (5, 6)]
Set recompilation to False
Got pairs set [(0, 1), (1, 2), (0, 4), (1, 5), (3, 7), (2, 3), (6, 7), (4, 5), (2, 6), (5, 6)]
---Starting to do calibration: delta 0.05212589600000683
---Starting to set up measurements: delta 0.28521577800006526
---Starting to run VQE: delta 0.4215848179999284
No optimisation, save file is experiments/66d6f8fa0de44dc9a049ccc2db35ad92-1014-104913/4x1/processed/processed.json
parameters.json
Given params: [[[[[0.511, 0.433, 0.576], [0.487, 0.535, 0.468]]], [[[-0.511, -0.433, -0.576], [-0.487, -0.535, -0.468]]], [[[0, 0.433, 0.576], [0, 0.535, 0.468]]], [[[0, -0.433, -0.576], [0, -0.535, -0.468]]]]]
---Preparing executables
---Running executables, 12 in batch, delta=1.3628686929998821
---Extracting values delta=11.535080287000028
---Extracted values delta=3.1882870780000303
===10.38658 10.38621 10.387879999999997 10.38773 1634204969.880558
Computed energies [10.386395], params [[[[0.511, 0.433, 0.576], [0.487, 0.535, 0.468]]], [[[-0.511, -0.433, -0.576], [-0.487, -0.535, -0.468]]], [[[0, 0.433, 0.576], [0, 0.535, 0.468]]], [[[0, -0.433, -0.576], [0, -0.535, -0.468]]]]
***10.386395 1634204969.882168
---VQE complete: delta 16.09134511100001
---Starting TFLO
Using saved points
Using params [[[0, 3.18362, 6.2764], [0, 3.8246, 5.84549]], [[0, 2.6901, 2.99716], [0, 3.34154, 1.63886]], [[0, 0.841172, 0.857071], [0, 2.83507, 0.132099]], [[0, 0.919596, 3.58906], [0, 2.34207, 4.81843]], [[0, 2.02167, 0.711094], [0, 2.87848, 1.92383]], [[0, 3.07888, 1.31344], [0, 4.01245, 3.64854]], [[0, 5.49346, 5.73656], [0, 1.32223, 3.05705]], [[0, 5.44561, 1.68616], [0, 5.99541, 0.440987]], [[0, 5.75192, 6.00118], [0, 4.30115, 3.98124]], [[0, 3.7131, 0.592184], [0, 4.51095, 4.07368]], [[0, 2.7152, 1.86577], [0, 0.588014, 2.06039]], [[0, 2.57569, 4.7256], [0, 3.85901, 0.371302]], [[0, 4.65032, 0.953688], [0, 4.94274, 3.13591]], [[0, 0.299448, 3.22459], [0, 4.5425, 2.32293]], [[0, 5.54704, 4.13572], [0, 4.5425, 2.32293]], [[0, 4.016, 5.5268], [0, 4.80713, 0.271348]], [[0, 0.433, 0.576], [0, 0.535, 0.468]], [[0.511, 0.433, 0.576], [0.487, 0.535, 0.468]], [[0, -3.18362, -6.2764], [0, -3.8246, -5.84549]], [[0, -2.6901, -2.99716], [0, -3.34154, -1.63886]], [[0, -0.841172, -0.857071], [0, -2.83507, -0.132099]], [[0, -0.919596, -3.58906], [0, -2.34207, -4.81843]], [[0, -2.02167, -0.711094], [0, -2.87848, -1.92383]], [[0, -3.07888, -1.31344], [0, -4.01245, -3.64854]], [[0, -5.49346, -5.73656], [0, -1.32223, -3.05705]], [[0, -5.44561, -1.68616], [0, -5.99541, -0.440987]], [[0, -5.75192, -6.00118], [0, -4.30115, -3.98124]], [[0, -3.7131, -0.592184], [0, -4.51095, -4.07368]], [[0, -2.7152, -1.86577], [0, -0.588014, -2.06039]], [[0, -2.57569, -4.7256], [0, -3.85901, -0.371302]], [[0, -4.65032, -0.953688], [0, -4.94274, -3.13591]], [[0, -0.299448, -3.22459], [0, -4.5425, -2.32293]], [[0, -5.54704, -4.13572], [0, -4.5425, -2.32293]], [[0, -4.016, -5.5268], [0, -4.80713, -0.271348]], [[0, -0.433, -0.576], [0, -0.535, -0.468]], [[-0.511, -0.433, -0.576], [-0.487, -0.535, -0.468]]]
---Preparing executables
---Running executables, 108 in batch, delta=10.649285329999884
---Extracting values delta=29.129659055000047
---Extracted values delta=6.339267583000037
---Time for noisy calculation: 46.14450267899997
***TFLON: 10.386199999999999,10.523149999999998,10.671,10.78055,10.9493,11.0786,11.2124,11.346550000000002,11.519449999999997,11.62185,11.784949999999998,11.9395,12.0387,12.174249999999999,12.310649999999999,12.41775,10.386299999999999,10.389249999999999,10.3889,10.535350000000001,10.665949999999999,10.797799999999999,10.9532,11.0898,11.2042,11.3583,11.50675,11.634450000000001,11.782599999999999,11.9365,12.050500000000001,12.19135,12.3163,12.43435,10.38915,10.38335 1634205016.039423
Noisy energies by type: {'onsite0': array([12., 12., 12., 12., 12., 12., 12., 12., 12., 12., 12., 12., 12.,
       12., 12., 12., 12., 12., 12., 12., 12., 12., 12., 12., 12., 12.,
       12., 12., 12., 12., 12., 12., 12., 12., 12., 12.]), 'horiz0': array([-0.9385, -0.8644, -0.9631, -0.47  , -0.4623, -0.4711, -0.2775,
       -0.1344, -0.0195, -0.0772,  0.2808,  0.3171,  0.1446,  0.1968,
        0.465 ,  0.9033, -0.9166, -0.9197, -0.932 , -0.8592, -0.9632,
       -0.4547, -0.4634, -0.4698, -0.2863, -0.1283, -0.0254, -0.0673,
        0.2854,  0.3163,  0.1552,  0.2132,  0.4736,  0.9167, -0.92  ,
       -0.9255]), 'horiz1': array([-0.6753 , -0.61245, -0.3659 , -0.74945, -0.5884 , -0.4503 ,
       -0.5101 , -0.51905, -0.46105, -0.30095, -0.49585, -0.3776 ,
       -0.1059 , -0.02255, -0.15435, -0.48555, -0.6971 , -0.69105,
       -0.6791 , -0.60545, -0.37085, -0.7475 , -0.5834 , -0.4404 ,
       -0.5095 , -0.5134 , -0.46785, -0.29825, -0.5028 , -0.3798 ,
       -0.1047 , -0.02185, -0.1573 , -0.48235, -0.69085, -0.69115])}
Using saved exact energies
Data collected can be found at experiments/66d6f8fa0de44dc9a049ccc2db35ad92-1014-104913/4x1
