{'theta': True, 'zeta': True, 'chi': False, 'gamma': True, 'phi': True, 'time': None}
{'theta': False, 'zeta': False, 'chi': False, 'gamma': False, 'phi': False, 'time': None}
                  (3, 2)
                  │
                  │
         (4, 1)───(4, 2)───(4, 3)
         │        │        │
         │        │        │
(5, 0)───(5, 1)───(5, 2)───(5, 3)───(5, 4)
         │        │        │        │
         │        │        │        │
         (6, 1)───(6, 2)───(6, 3)───(6, 4)───(6, 5)
                  │        │        │        │
                  │        │        │        │
                  (7, 2)───(7, 3)───(7, 4)───(7, 5)───(7, 6)
                           │        │        │
                           │        │        │
                           (8, 3)───(8, 4)───(8, 5)
                                    │
                                    │
                                    (9, 4)
Start at: (3, 2), with dr
Using qubits [cirq.GridQubit(3, 2), cirq.GridQubit(4, 2), cirq.GridQubit(4, 3), cirq.GridQubit(5, 3), cirq.GridQubit(5, 4), cirq.GridQubit(6, 4), cirq.GridQubit(6, 5), cirq.GridQubit(7, 5), cirq.GridQubit(4, 1), cirq.GridQubit(5, 1), cirq.GridQubit(5, 2), cirq.GridQubit(6, 2), cirq.GridQubit(6, 3), cirq.GridQubit(7, 3), cirq.GridQubit(7, 4), cirq.GridQubit(8, 4)]
Using qubits, JW:[cirq.GridQubit(3, 2), cirq.GridQubit(4, 2), cirq.GridQubit(4, 3), cirq.GridQubit(5, 3), cirq.GridQubit(5, 4), cirq.GridQubit(6, 4), cirq.GridQubit(6, 5), cirq.GridQubit(7, 5), cirq.GridQubit(4, 1), cirq.GridQubit(5, 1), cirq.GridQubit(5, 2), cirq.GridQubit(6, 2), cirq.GridQubit(6, 3), cirq.GridQubit(7, 3), cirq.GridQubit(7, 4), cirq.GridQubit(8, 4)]
                  [31m(3, 2)[0m
                  │
                  │
         [35m(4, 1)[0m───[31m(4, 2)[0m───[31m(4, 3)[0m
         │        │        │
         │        │        │
(5, 0)───[35m(5, 1)[0m───[35m(5, 2)[0m───[31m(5, 3)[0m───[31m(5, 4)[0m
         │        │        │        │
         │        │        │        │
         (6, 1)───[35m(6, 2)[0m───[35m(6, 3)[0m───[31m(6, 4)[0m───[31m(6, 5)[0m
                  │        │        │        │
                  │        │        │        │
                  (7, 2)───[35m(7, 3)[0m───[35m(7, 4)[0m───[31m(7, 5)[0m───(7, 6)
                           │        │        │
                           │        │        │
                           (8, 3)───[35m(8, 4)[0m───(8, 5)
                                    │
                                    │
                                    (9, 4)
None
Meas types ['onsite0', 'horiz0', 'vert02', 'vert12']
Prepped onsite, pairs=[(0, 8), (1, 9), (2, 10), (3, 11), (4, 12), (5, 13), (6, 14), (7, 15)]
Prepped horiz, pairs=[(0, 1), (2, 3), (4, 5), (6, 7), (8, 9), (10, 11), (12, 13), (14, 15)]
Prepped vert0, pairs=[(1, 2), (3, 4), (5, 6), (9, 10), (11, 12), (13, 14)]
Prepped vert1, pairs=[(1, 2), (3, 4), (5, 6), (9, 10), (11, 12), (13, 14)]
Set recompilation to False
Got pairs set [(10, 11), (5, 6), (3, 11), (5, 13), (8, 9), (4, 12), (6, 14), (1, 2), (6, 7), (7, 15), (12, 13), (4, 5), (2, 10), (9, 10), (2, 3), (1, 9), (14, 15), (0, 8), (11, 12), (0, 1), (13, 14), (3, 4)]
---Starting to do calibration: delta 3.3639667180000004
---Starting to set up measurements: delta 0.8574003349999995
---Starting to run VQE: delta 2.167364721
No optimisation, save file is experiments/4x2_single_U_4_nocc_4_d_1-0915-230346/2x4/processed/processed.json
Given params: [[[[[0.467, 0.481, 0.417, 0.389]]], [[[-0.467, -0.481, -0.417, -0.389]]], [[[0, 0.481, 0.417, 0.389]]], [[[0, -0.481, -0.417, -0.389]]]]]
---Preparing executables
---Running executables, 16 in batch, delta=8.347737275
---Extracting values delta=2.4068668329999987
---Extracted values delta=72.835253102
===-4.165240237304072 -4.564815779483419 -4.200253816975317 -4.107816368134614 1631743516.0560791
Computed energies [-4.365028008393746], params [[[[0.467, 0.481, 0.417, 0.389]]], [[[-0.467, -0.481, -0.417, -0.389]]], [[[0, 0.481, 0.417, 0.389]]], [[[0, -0.481, -0.417, -0.389]]]]
***-4.365028008393746 1631743516.057832
---VQE complete: delta 83.598294986
---Starting TFLO
Using saved points
Using params [[[0, 0, 0, 0]], [[0, 0, 0, 1.5708]], [[0, 3.92699, 4.71239, 0.785398]], [[0, 3.92699, 0.785398, 3.14159]], [[0, 4.71239, 3.14159, 1.5708]], [[0, 0.785398, 0, 3.92699]], [[0, 0.785398, 0, 4.71239]], [[0, 0.785398, 5.49779, 3.92699]], [[0, 4.71239, 4.71239, 3.14159]], [[0, 3.14159, 1.5708, 4.71239]], [[0, 0, 4.71239, 3.92699]], [[0, 1.5708, 1.5708, 5.49779]], [[0, 0.785398, 3.14159, 3.92699]], [[0, 4.71239, 2.35619, 4.71239]], [[0, 1.5708, 3.92699, 4.71239]], [[0, 0, 3.92699, 5.49779]], [[0, 0.481, 0.417, 0.389]], [[0.467, 0.481, 0.417, 0.389]], [[0, 0, 0, 0]], [[0, 0, 0, -1.5708]], [[0, -3.92699, -4.71239, -0.785398]], [[0, -3.92699, -0.785398, -3.14159]], [[0, -4.71239, -3.14159, -1.5708]], [[0, -0.785398, 0, -3.92699]], [[0, -0.785398, 0, -4.71239]], [[0, -0.785398, -5.49779, -3.92699]], [[0, -4.71239, -4.71239, -3.14159]], [[0, -3.14159, -1.5708, -4.71239]], [[0, 0, -4.71239, -3.92699]], [[0, -1.5708, -1.5708, -5.49779]], [[0, -0.785398, -3.14159, -3.92699]], [[0, -4.71239, -2.35619, -4.71239]], [[0, -1.5708, -3.92699, -4.71239]], [[0, 0, -3.92699, -5.49779]], [[0, -0.481, -0.417, -0.389]], [[-0.467, -0.481, -0.417, -0.389]]]
---Preparing executables
---Running executables, 144 in batch, delta=74.17334875
---Extracting values delta=8.660028832999984
---Extracted values delta=151.13574868500004
---Time for noisy calculation: 233.9947822
***TFLON: -4.2304142342545,-3.3993102474516235,-2.6532817716317862,-1.927810870783328,-1.7871737811846309,-0.8588554514965846,-0.13006665889218177,0.4720638905796636,1.311448195690474,2.477744931834346,2.8204041819680103,3.8303728742756507,4.22987689336305,4.642003767607759,6.002565904758564,6.673828134998891,-4.226369506403573,-4.2369622877301785,-4.184838861189743,-3.4715529822203646,-2.725494441134912,-1.494788067006247,-1.1692306399114436,-0.4364316561192009,0.38094488662967657,1.0520515673398128,1.696768914261443,2.4215993504091298,2.939128722236112,3.721190730093222,4.80488427760408,4.720685329255705,6.005618353956553,6.689945941263388,-4.052012893327852,-4.538991979731403 1631743752.9970372
Noisy energies by type: {'onsite0': array([2.0761488 , 2.00127253, 2.00913242, 1.86145205, 2.03393891,
       1.84786642, 1.8735098 , 1.79647668, 2.01372998, 1.92331351,
       1.92983939, 2.04894235, 1.78779189, 2.04864434, 2.15835777,
       1.85672636, 1.98086124, 1.26547231, 2.04773167, 1.98703742,
       2.11481865, 2.06050955, 2.05879917, 2.29222011, 2.2931181 ,
       2.22674419, 2.04078303, 2.05151832, 1.94434137, 2.09446809,
       2.29096103, 2.0825371 , 1.98633823, 2.0042337 , 2.08095554,
       1.42779062]), 'horiz0': array([-3.01486576, -2.99497487, -2.85057471, -2.42684063, -2.19093923,
       -2.92838196, -2.98069669, -2.26550698, -1.52128623, -0.24660018,
       -0.7998176 ,  0.07602339,  1.06985048,  1.21444106,  1.29145729,
        1.99653904, -3.04465308, -2.55534351, -2.99115847, -3.04575451,
       -2.79517051, -2.45587903, -1.95403296, -2.96671227, -2.88981675,
       -2.26140511, -1.34933107, -0.56903397, -0.77799956, -0.05861136,
        1.23385878,  1.28362126,  1.46936977,  1.93190578, -2.98126999,
       -2.94591431]), 'vert02': array([-1.75549508, -1.46409389, -0.90416166, -0.30111675, -0.72587899,
        0.15654067,  0.67267628, -0.02434198, -0.09865381,  0.85017639,
        0.21911236,  1.14677024,  0.63836941,  0.94799103,  0.95513748,
        1.23234163, -1.77658   , -1.65204936, -1.72470877, -1.22011932,
       -1.30576846, -0.17992424, -0.80910754,  0.24548509,  0.65973378,
        0.11788868, -0.20843422,  0.8881716 ,  0.23525721,  1.20629067,
        0.57693947,  0.97281029,  0.93408163,  1.12632221, -1.48362936,
       -1.40393281]), 'vert12': array([-1.53620219, -0.94151401, -0.90767781, -1.06130553, -0.90429448,
        0.06511942,  0.30444395,  0.96543616,  0.91765826, -0.04914478,
        1.47127004,  0.5586369 ,  0.73386512,  0.43092734,  1.59761337,
        1.5882211 , -1.38599767, -1.29504173, -1.5167033 , -1.19271658,
       -0.73937412, -0.91949434, -0.46488931, -0.00742459,  0.31790976,
        0.96882381,  1.21375117,  0.0509434 ,  1.53752969,  0.47904333,
        0.703125  ,  0.38171668,  1.61582872,  1.62748425, -1.66806909,
       -1.61693548])}
Using saved exact energies
Data collected can be found at experiments/4x2_single_U_4_nocc_4_d_1-0915-230346/2x4
