{'theta': True, 'zeta': True, 'chi': False, 'gamma': True, 'phi': True, 'time': None}
{'theta': False, 'zeta': False, 'chi': False, 'gamma': False, 'phi': False, 'time': None}
                  (3, 2)
                  │
                  │
         (4, 1)───(4, 2)───(4, 3)
         │        │        │
         │        │        │
(5, 0)───(5, 1)───(5, 2)───(5, 3)───(5, 4)
         │        │        │        │
         │        │        │        │
         (6, 1)───(6, 2)───(6, 3)───(6, 4)───(6, 5)
                  │        │        │        │
                  │        │        │        │
                  (7, 2)───(7, 3)───(7, 4)───(7, 5)───(7, 6)
                           │        │        │
                           │        │        │
                           (8, 3)───(8, 4)───(8, 5)
                                    │
                                    │
                                    (9, 4)
Start at: (3, 2), with dr
Using qubits [cirq.GridQubit(3, 2), cirq.GridQubit(4, 2), cirq.GridQubit(4, 3), cirq.GridQubit(5, 3), cirq.GridQubit(5, 4), cirq.GridQubit(6, 4), cirq.GridQubit(6, 5), cirq.GridQubit(7, 5), cirq.GridQubit(4, 1), cirq.GridQubit(5, 1), cirq.GridQubit(5, 2), cirq.GridQubit(6, 2), cirq.GridQubit(6, 3), cirq.GridQubit(7, 3), cirq.GridQubit(7, 4), cirq.GridQubit(8, 4)]
Using qubits, JW:[cirq.GridQubit(3, 2), cirq.GridQubit(4, 2), cirq.GridQubit(4, 3), cirq.GridQubit(5, 3), cirq.GridQubit(5, 4), cirq.GridQubit(6, 4), cirq.GridQubit(6, 5), cirq.GridQubit(7, 5), cirq.GridQubit(4, 1), cirq.GridQubit(5, 1), cirq.GridQubit(5, 2), cirq.GridQubit(6, 2), cirq.GridQubit(6, 3), cirq.GridQubit(7, 3), cirq.GridQubit(7, 4), cirq.GridQubit(8, 4)]
                  [31m(3, 2)[0m
                  │
                  │
         [35m(4, 1)[0m───[31m(4, 2)[0m───[31m(4, 3)[0m
         │        │        │
         │        │        │
(5, 0)───[35m(5, 1)[0m───[35m(5, 2)[0m───[31m(5, 3)[0m───[31m(5, 4)[0m
         │        │        │        │
         │        │        │        │
         (6, 1)───[35m(6, 2)[0m───[35m(6, 3)[0m───[31m(6, 4)[0m───[31m(6, 5)[0m
                  │        │        │        │
                  │        │        │        │
                  (7, 2)───[35m(7, 3)[0m───[35m(7, 4)[0m───[31m(7, 5)[0m───(7, 6)
                           │        │        │
                           │        │        │
                           (8, 3)───[35m(8, 4)[0m───(8, 5)
                                    │
                                    │
                                    (9, 4)
None
Meas types ['onsite0', 'horiz0', 'vert02', 'vert12']
Prepped onsite, pairs=[(0, 8), (1, 9), (2, 10), (3, 11), (4, 12), (5, 13), (6, 14), (7, 15)]
Prepped horiz, pairs=[(0, 1), (2, 3), (4, 5), (6, 7), (8, 9), (10, 11), (12, 13), (14, 15)]
Prepped vert0, pairs=[(1, 2), (3, 4), (5, 6), (9, 10), (11, 12), (13, 14)]
Prepped vert1, pairs=[(1, 2), (3, 4), (5, 6), (9, 10), (11, 12), (13, 14)]
Set recompilation to False
Got pairs set [(10, 11), (5, 6), (3, 11), (5, 13), (8, 9), (4, 12), (6, 14), (1, 2), (6, 7), (7, 15), (12, 13), (4, 5), (2, 10), (9, 10), (2, 3), (1, 9), (14, 15), (0, 8), (11, 12), (0, 1), (13, 14), (3, 4)]
---Starting to do calibration: delta 3.072915386
---Starting to set up measurements: delta 0.8586126479999994
---Starting to run VQE: delta 2.1976740479999997
No optimisation, save file is experiments/4x2_single_U_8_nocc_4_d_1-0919-214143/2x4/processed/processed.json
Given params: [[[[[0.717, 0.53, 0.419, 0.236]]], [[[-0.717, -0.53, -0.419, -0.236]]], [[[0, 0.53, 0.419, 0.236]]], [[[0, -0.53, -0.419, -0.236]]]]]
---Preparing executables
---Running executables, 16 in batch, delta=7.988796809999998
---Extracting values delta=2.759230516999999
---Extracted values delta=68.29526082
===-3.058750759085379 -3.4400336683270663 -2.0514847139204773 -1.746051975154344 1632084188.209895
Computed energies [-3.2493922137062228], params [[[[0.717, 0.53, 0.419, 0.236]]], [[[-0.717, -0.53, -0.419, -0.236]]], [[[0, 0.53, 0.419, 0.236]]], [[[0, -0.53, -0.419, -0.236]]]]
***-3.2493922137062228 1632084188.211688
---VQE complete: delta 79.05106355999999
---Starting TFLO
Using saved points
Using params [[[0, 0, 0, 0]], [[0, 3.14159, 0, 1.5708]], [[0, 4.71239, 4.71239, 0.785398]], [[0, 3.92699, 0.785398, 3.14159]], [[0, 2.35619, 3.14159, 1.5708]], [[0, 1.5708, 0, 3.92699]], [[0, 5.49779, 0, 4.71239]], [[0, 1.5708, 5.49779, 3.92699]], [[0, 0, 4.71239, 3.14159]], [[0, 0, 1.5708, 4.71239]], [[0, 0, 4.71239, 3.92699]], [[0, 0.785398, 1.5708, 5.49779]], [[0, 0.785398, 3.14159, 3.92699]], [[0, 0, 2.35619, 4.71239]], [[0, 0.785398, 3.92699, 4.71239]], [[0, 0, 3.92699, 5.49779]], [[0, 0.53, 0.419, 0.236]], [[0.717, 0.53, 0.419, 0.236]], [[0, 0, 0, 0]], [[0, -3.14159, 0, -1.5708]], [[0, -4.71239, -4.71239, -0.785398]], [[0, -3.92699, -0.785398, -3.14159]], [[0, -2.35619, -3.14159, -1.5708]], [[0, -1.5708, 0, -3.92699]], [[0, -5.49779, 0, -4.71239]], [[0, -1.5708, -5.49779, -3.92699]], [[0, 0, -4.71239, -3.14159]], [[0, 0, -1.5708, -4.71239]], [[0, 0, -4.71239, -3.92699]], [[0, -0.785398, -1.5708, -5.49779]], [[0, -0.785398, -3.14159, -3.92699]], [[0, 0, -2.35619, -4.71239]], [[0, -0.785398, -3.92699, -4.71239]], [[0, 0, -3.92699, -5.49779]], [[0, -0.53, -0.419, -0.236]], [[-0.717, -0.53, -0.419, -0.236]]]
---Preparing executables
---Running executables, 144 in batch, delta=71.685067916
---Extracting values delta=8.29517931800001
---Extracted values delta=146.919439498
---Time for noisy calculation: 226.92529083099998
***TFLON: -1.800604139301767,-0.9498560720620552,-0.5867896828255926,0.18256101856454965,1.2019569199930915,1.6724362178900394,2.5500540347137854,2.4486921798156844,3.8876500150712103,4.452658743331535,5.1998071199565015,5.859135732361215,6.23621107953262,6.907883003155606,7.721430532687348,8.848747393836708,-2.022399261425402,-2.844725821761012,-1.7575047526861063,-1.0630798008806162,-0.8163945703839917,0.835132578500444,0.9095145856782674,1.4056048861152919,1.8362265603304047,3.0894488196640175,3.858006301136161,4.569860406578088,5.038260900254513,6.12268096105711,7.265351103486841,6.759292316180259,8.469980717828003,8.815745619939602,-1.5184758005285741,-3.2412971031775437 1632084417.997762
Noisy energies by type: {'onsite0': array([4.06377325, 4.02155887, 4.03335471, 3.69553327, 4.56531846,
       4.24941873, 4.43996641, 3.8444298 , 4.24347826, 4.23960776,
       4.27024609, 3.98671685, 3.61423137, 4.24909052, 3.81101676,
       4.06940479, 3.71003887, 1.82940109, 4.09285714, 4.01359966,
       4.15387714, 4.24591816, 3.78568439, 3.8330494 , 3.6720517 ,
       4.21821234, 4.22971592, 4.03686636, 3.96340956, 4.22103691,
       4.62478778, 3.99828105, 4.51410658, 4.06169237, 4.33757225,
       2.22336329]), 'horiz0': array([-2.89481707e+00, -2.84974958e+00, -2.84300578e+00, -2.29845815e+00,
       -2.01795332e+00, -2.85538613e+00, -2.93009259e+00, -2.34346874e+00,
       -1.36791081e+00, -5.56792873e-01, -8.46434656e-01,  4.09711684e-02,
        1.17070781e+00,  1.23839611e+00,  1.36954968e+00,  1.94200881e+00,
       -2.81370092e+00, -2.12050985e+00, -2.86862052e+00, -2.86003293e+00,
       -2.83047016e+00, -2.46028603e+00, -1.76968326e+00, -2.79855791e+00,
       -3.02862137e+00, -2.22855807e+00, -1.31350221e+00, -4.01932367e-01,
       -7.55989765e-01,  1.87309764e-03,  1.28319783e+00,  1.34253092e+00,
        1.46957520e+00,  1.98213058e+00, -2.88628065e+00, -2.82173351e+00]), 'vert02': array([-1.64077244, -1.11845251, -0.92904046, -0.37974119, -0.62669377,
        0.25456453,  0.47420395,  0.35334773, -0.07426486,  0.7722599 ,
        0.42179682,  1.13414905,  0.70178106,  0.97864999,  1.04222649,
        1.33368599, -1.65549264, -1.5299366 , -1.679029  , -0.96478433,
       -1.43576567, -0.12322275, -0.45471349,  0.2767335 ,  0.62050573,
        0.21988137, -0.19342604,  0.88534759,  0.27988027,  1.21933086,
        0.62711501,  0.98454604,  0.86387656,  1.15412036, -1.49208534,
       -1.37414516]), 'vert12': array([-1.32878788, -1.00321285, -0.84809816, -0.83477292, -0.71871445,
        0.02383909,  0.56597626,  0.59438339,  1.08634743, -0.00241604,
        1.35419887,  0.69729866,  0.74949084,  0.44174638,  1.4986376 ,
        1.5036478 , -1.26324458, -1.02368046, -1.30271238, -1.2518622 ,
       -0.70403587, -0.82727681, -0.65177305,  0.09437989,  0.5722905 ,
        0.87991319,  1.13521863,  0.04957882,  1.55096084,  0.6804401 ,
        0.73025048,  0.4339343 ,  1.62242237,  1.6178023 , -1.47768207,
       -1.26878173])}
Using saved exact energies
Data collected can be found at experiments/4x2_single_U_8_nocc_4_d_1-0919-214143/2x4
