{'theta': True, 'zeta': True, 'chi': False, 'gamma': True, 'phi': True, 'time': None}
{'theta': False, 'zeta': False, 'chi': False, 'gamma': False, 'phi': False, 'time': None}
                  (3, 2)
                  │
                  │
         (4, 1)───(4, 2)───(4, 3)
         │        │        │
         │        │        │
(5, 0)───(5, 1)───(5, 2)───(5, 3)───(5, 4)
         │        │        │        │
         │        │        │        │
         (6, 1)───(6, 2)───(6, 3)───(6, 4)───(6, 5)
                  │        │        │        │
                  │        │        │        │
                  (7, 2)───(7, 3)───(7, 4)───(7, 5)───(7, 6)
                           │        │        │
                           │        │        │
                           (8, 3)───(8, 4)───(8, 5)
                                    │
                                    │
                                    (9, 4)
Start at: (3, 2), with dr
Using qubits [cirq.GridQubit(3, 2), cirq.GridQubit(4, 2), cirq.GridQubit(4, 3), cirq.GridQubit(5, 3), cirq.GridQubit(5, 4), cirq.GridQubit(6, 4), cirq.GridQubit(6, 5), cirq.GridQubit(7, 5), cirq.GridQubit(4, 1), cirq.GridQubit(5, 1), cirq.GridQubit(5, 2), cirq.GridQubit(6, 2), cirq.GridQubit(6, 3), cirq.GridQubit(7, 3), cirq.GridQubit(7, 4), cirq.GridQubit(8, 4)]
Using qubits, JW:[cirq.GridQubit(3, 2), cirq.GridQubit(4, 2), cirq.GridQubit(4, 3), cirq.GridQubit(5, 3), cirq.GridQubit(5, 4), cirq.GridQubit(6, 4), cirq.GridQubit(6, 5), cirq.GridQubit(7, 5), cirq.GridQubit(4, 1), cirq.GridQubit(5, 1), cirq.GridQubit(5, 2), cirq.GridQubit(6, 2), cirq.GridQubit(6, 3), cirq.GridQubit(7, 3), cirq.GridQubit(7, 4), cirq.GridQubit(8, 4)]
                  [31m(3, 2)[0m
                  │
                  │
         [35m(4, 1)[0m───[31m(4, 2)[0m───[31m(4, 3)[0m
         │        │        │
         │        │        │
(5, 0)───[35m(5, 1)[0m───[35m(5, 2)[0m───[31m(5, 3)[0m───[31m(5, 4)[0m
         │        │        │        │
         │        │        │        │
         (6, 1)───[35m(6, 2)[0m───[35m(6, 3)[0m───[31m(6, 4)[0m───[31m(6, 5)[0m
                  │        │        │        │
                  │        │        │        │
                  (7, 2)───[35m(7, 3)[0m───[35m(7, 4)[0m───[31m(7, 5)[0m───(7, 6)
                           │        │        │
                           │        │        │
                           (8, 3)───[35m(8, 4)[0m───(8, 5)
                                    │
                                    │
                                    (9, 4)
None
Meas types ['onsite0', 'horiz0', 'horiz1']
Prepped onsite, pairs=[(0, 8), (1, 9), (2, 10), (3, 11), (4, 12), (5, 13), (6, 14), (7, 15)]
Prepped horiz, pairs=[(0, 1), (2, 3), (4, 5), (6, 7), (8, 9), (10, 11), (12, 13), (14, 15)]
Prepped horiz, pairs=[(1, 2), (3, 4), (5, 6), (9, 10), (11, 12), (13, 14)]
Set recompilation to False
Got pairs set [(10, 11), (5, 6), (3, 11), (5, 13), (8, 9), (4, 12), (6, 14), (1, 2), (6, 7), (7, 15), (12, 13), (4, 5), (2, 10), (9, 10), (2, 3), (1, 9), (14, 15), (0, 8), (11, 12), (0, 1), (13, 14), (3, 4)]
---Starting to do calibration: delta 4.678282106
---Starting to set up measurements: delta 0.6077653440000006
---Starting to run VQE: delta 1.0632580590000007
No optimisation, save file is experiments/8x1_single_zz_x_U_4_nocc_2_d_1-0914-004846/8x1/processed/processed.json
Given params: [[[[[0.7, 0.674, 0.791]]], [[[-0.7, -0.674, -0.791]]], [[[0, 0.674, 0.791]]], [[[0, -0.674, -0.791]]]]]
---Preparing executables
---Running executables, 12 in batch, delta=4.515614300999999
---Extracting values delta=2.757722172000001
---Extracted values delta=53.94713205200001
===-2.2287504589663554 -2.332257491498993 -2.2072070383335656 -2.219727673808886 1631576993.7319748
Computed energies [-2.280503975232674], params [[[[0.7, 0.674, 0.791]]], [[[-0.7, -0.674, -0.791]]], [[[0, 0.674, 0.791]]], [[[0, -0.674, -0.791]]]]
***-2.280503975232674 1631576993.734422
---VQE complete: delta 61.22648625800001
---Starting TFLO
Using saved points
Using params [[[0, 0, 0]], [[0, 0.785398, 1.5708]], [[0, 1.5708, 0]], [[0, 1.5708, 1.5708]], [[0, 2.35619, 0]], [[0, 5.49779, 1.5708]], [[0, 1.5708, 2.35619]], [[0, 0, 3.92699]], [[0, 0.785398, 4.71239]], [[0, 1.5708, 5.49779]], [[0, 2.35619, 2.35619]], [[0, 1.5708, 3.92699]], [[0, 3.92699, 4.71239]], [[0, 3.14159, 2.35619]], [[0, 3.92699, 2.35619]], [[0, 3.14159, 3.92699]], [[0, 0.674, 0.791]], [[0.7, 0.674, 0.791]], [[0, 0, 0]], [[0, -0.785398, -1.5708]], [[0, -1.5708, 0]], [[0, -1.5708, -1.5708]], [[0, -2.35619, 0]], [[0, -5.49779, -1.5708]], [[0, -1.5708, -2.35619]], [[0, 0, -3.92699]], [[0, -0.785398, -4.71239]], [[0, -1.5708, -5.49779]], [[0, -2.35619, -2.35619]], [[0, -1.5708, -3.92699]], [[0, -3.92699, -4.71239]], [[0, -3.14159, -2.35619]], [[0, -3.92699, -2.35619]], [[0, -3.14159, -3.92699]], [[0, -0.674, -0.791]], [[-0.7, -0.674, -0.791]]]
---Preparing executables
---Running executables, 108 in batch, delta=40.280127402000005
---Extracting values delta=12.426813995000003
---Extracted values delta=98.941852063
---Time for noisy calculation: 151.665760433
***TFLON: -2.2285220344322494,-2.045179761431113,-2.1461365577902614,-2.0142594703746766,-1.932561035863491,-1.491256900858886,-1.8408520647062068,-1.6229468144496844,-1.6221232707810334,-1.557487815510227,-1.4055563720397872,-1.1688224590969138,-1.0950157400379132,-1.0394996493988975,-0.9351756152795234,-0.8602346460564188,-2.2130074823871047,-2.2991774576163193,-2.150246200600522,-2.0975243852273664,-1.8921607077549933,-1.9532387749199225,-1.9530093442916299,-1.7948803161656839,-1.4391151878462267,-1.4525966733618163,-1.192627591100918,-0.9174604931546751,-1.1983063264918883,-0.9784615798968477,-1.048027581341072,-0.9823056417165709,-0.7648637359341034,-0.625376074044297,-2.2178383082317614,-2.34031373994997 1631577147.52384
Noisy energies by type: {'onsite0': array([0.60073559, 0.60699787, 0.68127262, 0.65108973, 0.75291375,
       0.58028412, 0.52346858, 0.6084807 , 0.58789402, 0.54915785,
       0.57593067, 0.74775635, 0.53501629, 0.58088969, 0.51673469,
       0.56513908, 0.62125549, 0.28772478, 0.6351243 , 0.55537849,
       0.66800805, 0.55872757, 0.52503053, 0.58106767, 0.69392713,
       0.6079614 , 0.58434093, 0.70271325, 0.59827344, 0.53482339,
       0.60061538, 0.59895624, 0.76897959, 0.56750757, 0.61964039,
       0.31046488]), 'horiz0': array([-1.42804952, -1.25609473, -1.56671632, -1.38709677, -1.62410579,
       -0.80499469, -1.09021297, -0.82996485, -0.82639334, -0.82757149,
       -0.92075285, -0.68468076, -0.68518933, -0.67395727, -0.49650892,
       -0.4691137 , -1.43677343, -1.27508691, -1.41993464, -1.40665188,
       -1.4758082 , -1.4220448 , -1.54570136, -1.00349406, -1.0585333 ,
       -0.64546749, -0.50356528, -0.5231207 , -0.85473497, -0.414279  ,
       -0.57615894, -0.60560832, -0.4767575 , -0.25827659, -1.52915673,
       -1.46069918]), 'horiz1': array([-1.40120811, -1.39608291, -1.26069286, -1.27825243, -1.061369  ,
       -1.26654633, -1.27410767, -1.40146266, -1.38362396, -1.27907418,
       -1.06073419, -1.23189805, -0.94484269, -0.94643206, -0.95540139,
       -0.95626003, -1.39748954, -1.31181534, -1.36543586, -1.24625099,
       -1.08436055, -1.08992154, -0.93233851, -1.37245393, -1.07450901,
       -1.41509058, -1.27340324, -1.09705305, -0.94184479, -1.09900596,
       -1.07248403, -0.97565356, -1.05708583, -0.93460705, -1.30832196,
       -1.19007944])}
Using saved exact energies
Data collected can be found at experiments/8x1_single_zz_x_U_4_nocc_2_d_1-0914-004846/8x1
