{'theta': True, 'zeta': True, 'chi': False, 'gamma': True, 'phi': True, 'time': None}
{'theta': False, 'zeta': False, 'chi': False, 'gamma': False, 'phi': False, 'time': None}
                  (3, 2)
                  │
                  │
         (4, 1)───(4, 2)───(4, 3)
         │        │        │
         │        │        │
(5, 0)───(5, 1)───(5, 2)───(5, 3)───(5, 4)
         │        │        │        │
         │        │        │        │
         (6, 1)───(6, 2)───(6, 3)───(6, 4)───(6, 5)
                  │        │        │        │
                  │        │        │        │
                  (7, 2)───(7, 3)───(7, 4)───(7, 5)───(7, 6)
                           │        │        │
                           │        │        │
                           (8, 3)───(8, 4)───(8, 5)
                                    │
                                    │
                                    (9, 4)
Start at: (3, 2), with dr
Using qubits [cirq.GridQubit(3, 2), cirq.GridQubit(4, 2), cirq.GridQubit(4, 3), cirq.GridQubit(5, 3), cirq.GridQubit(5, 4), cirq.GridQubit(6, 4), cirq.GridQubit(6, 5), cirq.GridQubit(7, 5), cirq.GridQubit(4, 1), cirq.GridQubit(5, 1), cirq.GridQubit(5, 2), cirq.GridQubit(6, 2), cirq.GridQubit(6, 3), cirq.GridQubit(7, 3), cirq.GridQubit(7, 4), cirq.GridQubit(8, 4)]
Using qubits, JW:[cirq.GridQubit(3, 2), cirq.GridQubit(4, 2), cirq.GridQubit(4, 3), cirq.GridQubit(5, 3), cirq.GridQubit(5, 4), cirq.GridQubit(6, 4), cirq.GridQubit(6, 5), cirq.GridQubit(7, 5), cirq.GridQubit(4, 1), cirq.GridQubit(5, 1), cirq.GridQubit(5, 2), cirq.GridQubit(6, 2), cirq.GridQubit(6, 3), cirq.GridQubit(7, 3), cirq.GridQubit(7, 4), cirq.GridQubit(8, 4)]
                  [31m(3, 2)[0m
                  │
                  │
         [35m(4, 1)[0m───[31m(4, 2)[0m───[31m(4, 3)[0m
         │        │        │
         │        │        │
(5, 0)───[35m(5, 1)[0m───[35m(5, 2)[0m───[31m(5, 3)[0m───[31m(5, 4)[0m
         │        │        │        │
         │        │        │        │
         (6, 1)───[35m(6, 2)[0m───[35m(6, 3)[0m───[31m(6, 4)[0m───[31m(6, 5)[0m
                  │        │        │        │
                  │        │        │        │
                  (7, 2)───[35m(7, 3)[0m───[35m(7, 4)[0m───[31m(7, 5)[0m───(7, 6)
                           │        │        │
                           │        │        │
                           (8, 3)───[35m(8, 4)[0m───(8, 5)
                                    │
                                    │
                                    (9, 4)
None
Meas types ['onsite0', 'horiz0', 'horiz1']
Prepped onsite, pairs=[(0, 8), (1, 9), (2, 10), (3, 11), (4, 12), (5, 13), (6, 14), (7, 15)]
Prepped horiz, pairs=[(0, 1), (2, 3), (4, 5), (6, 7), (8, 9), (10, 11), (12, 13), (14, 15)]
Prepped horiz, pairs=[(1, 2), (3, 4), (5, 6), (9, 10), (11, 12), (13, 14)]
Set recompilation to False
Got pairs set [(10, 11), (5, 6), (3, 11), (5, 13), (8, 9), (4, 12), (6, 14), (1, 2), (6, 7), (7, 15), (12, 13), (4, 5), (2, 10), (9, 10), (2, 3), (1, 9), (14, 15), (0, 8), (11, 12), (0, 1), (13, 14), (3, 4)]
---Starting to do calibration: delta 3.568060687999999
---Starting to set up measurements: delta 0.7070927979999997
---Starting to run VQE: delta 1.240308558999999
No optimisation, save file is experiments/8x1_single_zz_x_U_8_nocc_6_d_1-0914-220251/8x1/processed/processed.json
Given params: [[[[[0.92, 0.623, 0.597]]], [[[-0.92, -0.623, -0.597]]], [[[0, 0.623, 0.597]]], [[[0, -0.623, -0.597]]]]]
---Preparing executables
---Running executables, 12 in batch, delta=5.253458758999999
---Extracting values delta=3.287986987
---Extracted values delta=95.825826004
===0.21160720052659276 -0.1821703221990325 2.6728807432987294 3.6773546740215655 1631653480.904157
Computed energies [0.014718439163780128], params [[[[0.92, 0.623, 0.597]]], [[[-0.92, -0.623, -0.597]]], [[[0, 0.623, 0.597]]], [[[0, -0.623, -0.597]]]]
***0.014718439163780128 1631653480.908586
---VQE complete: delta 104.381804757
---Starting TFLO
Using saved points
Using params [[[0, 0, 0]], [[0, 0, 0.785398]], [[0, 0.785398, 1.5708]], [[0, 4.71239, 0]], [[0, 0.785398, 2.35619]], [[0, 3.92699, 0]], [[0, 2.35619, 1.5708]], [[0, 5.49779, 1.5708]], [[0, 0.785398, 3.14159]], [[0, 0, 5.49779]], [[0, 5.49779, 4.71239]], [[0, 5.49779, 3.14159]], [[0, 4.71239, 4.71239]], [[0, 4.71239, 3.92699]], [[0, 3.92699, 2.35619]], [[0, 3.14159, 3.14159]], [[0, 0.623, 0.597]], [[0.92, 0.623, 0.597]], [[0, 0, 0]], [[0, 0, -0.785398]], [[0, -0.785398, -1.5708]], [[0, -4.71239, 0]], [[0, -0.785398, -2.35619]], [[0, -3.92699, 0]], [[0, -2.35619, -1.5708]], [[0, -5.49779, -1.5708]], [[0, -0.785398, -3.14159]], [[0, 0, -5.49779]], [[0, -5.49779, -4.71239]], [[0, -5.49779, -3.14159]], [[0, -4.71239, -4.71239]], [[0, -4.71239, -3.92699]], [[0, -3.92699, -2.35619]], [[0, -3.14159, -3.14159]], [[0, -0.623, -0.597]], [[-0.92, -0.623, -0.597]]]
---Preparing executables
---Running executables, 108 in batch, delta=55.45749570599999
---Extracting values delta=7.447399052999998
---Extracted values delta=107.16800726299999
---Time for noisy calculation: 170.09504428799997
***TFLON: 3.1253998258948674,3.4792297384218465,3.0611912612335312,4.115285539877681,3.6722769250268836,4.578648301593451,6.442418121510372,6.718870693005462,5.451397547900131,7.792809710819235,8.712615748922033,8.788966142633932,8.71702792676274,9.536976928551171,8.621100046666966,10.081678930686005,2.6574709932220113,0.19816662059440815,3.020267683638874,3.446793573661563,4.460105018953122,4.364284383677131,6.087195154793525,6.308261967410418,4.970385398297092,5.80413460567684,7.3297799358301,7.7890472885032525,7.376862417386589,6.9524820680172095,8.679715217909209,8.73364961243829,10.059573114097631,9.725287877659467,3.796958749747724,-0.1768777274086153 1631653653.0987
Noisy energies by type: {'onsite0': array([ 9.20856064,  9.36065888,  8.73109401,  9.07117896,  8.08194234,
        8.36855961,  9.75643225,  9.94159737,  8.20438513,  9.09056244,
        9.875     ,  9.92851593,  8.99558287,  9.37419599,  8.33276092,
        9.41874883,  8.73580912,  4.39110114,  9.09068063,  8.98148148,
        9.78867015,  9.02870442, 10.07826265,  9.96095109,  8.56251234,
        8.61206398,  9.98002397,  9.3808    ,  8.80139508,  8.22379709,
        9.13948456,  8.86034816,  9.8782344 ,  9.30593253,  9.8509165 ,
        4.81341719]), 'horiz0': array([-3.48835357, -3.29527559, -3.51326509, -3.72322835, -2.22593443,
       -3.66141112, -3.26792767, -1.04355363, -0.59317363,  1.26351209,
        1.07598784,  1.02597956,  0.94038107,  1.32834008,  0.44678653,
        0.356231  , -3.74647294, -2.4442633 , -3.45436429, -2.95143707,
       -3.18007968, -3.54034524, -1.88196586, -3.5479594 , -3.44854521,
       -0.67396933, -0.49543147,  0.92624729,  0.67755596,  0.90482026,
        0.59309494,  0.96902564,  0.25198777,  0.15459922, -3.70315915,
       -3.13632902]), 'horiz1': array([-2.59480724, -2.58615355, -2.15663766, -1.23266507, -2.18373098,
       -0.12850019, -0.04608646, -2.17917305, -2.15981395, -2.56126482,
       -2.23837209, -2.16552934, -1.21893601, -1.16555914, -0.1584474 ,
        0.3066991 , -2.33186519, -1.74867122, -2.61604866, -2.58325084,
       -2.14848545, -1.1240748 , -2.10910163, -0.10472973, -0.14358174,
       -2.13396005, -2.15481256, -2.518     , -2.10208862, -2.17613528,
       -1.05286428, -1.09572419, -0.07064905,  0.26475612, -2.3507986 ,
       -1.8539659 ])}
Using saved exact energies
Data collected can be found at experiments/8x1_single_zz_x_U_8_nocc_6_d_1-0914-220251/8x1
