{'theta': True, 'zeta': True, 'chi': False, 'gamma': True, 'phi': True, 'time': None}
{'theta': False, 'zeta': False, 'chi': False, 'gamma': False, 'phi': False, 'time': None}
                  (3, 2)
                  │
                  │
         (4, 1)───(4, 2)───(4, 3)
         │        │        │
         │        │        │
(5, 0)───(5, 1)───(5, 2)───(5, 3)───(5, 4)
         │        │        │        │
         │        │        │        │
         (6, 1)───(6, 2)───(6, 3)───(6, 4)───(6, 5)
                  │        │        │        │
                  │        │        │        │
                  (7, 2)───(7, 3)───(7, 4)───(7, 5)───(7, 6)
                           │        │        │
                           │        │        │
                           (8, 3)───(8, 4)───(8, 5)
                                    │
                                    │
                                    (9, 4)
Start at: (3, 2), with dr
Using qubits [cirq.GridQubit(3, 2), cirq.GridQubit(4, 2), cirq.GridQubit(4, 3), cirq.GridQubit(5, 3), cirq.GridQubit(5, 4), cirq.GridQubit(6, 4), cirq.GridQubit(6, 5), cirq.GridQubit(7, 5), cirq.GridQubit(4, 1), cirq.GridQubit(5, 1), cirq.GridQubit(5, 2), cirq.GridQubit(6, 2), cirq.GridQubit(6, 3), cirq.GridQubit(7, 3), cirq.GridQubit(7, 4), cirq.GridQubit(8, 4)]
Using qubits, JW:[cirq.GridQubit(3, 2), cirq.GridQubit(4, 2), cirq.GridQubit(4, 3), cirq.GridQubit(5, 3), cirq.GridQubit(5, 4), cirq.GridQubit(6, 4), cirq.GridQubit(6, 5), cirq.GridQubit(7, 5), cirq.GridQubit(4, 1), cirq.GridQubit(5, 1), cirq.GridQubit(5, 2), cirq.GridQubit(6, 2), cirq.GridQubit(6, 3), cirq.GridQubit(7, 3), cirq.GridQubit(7, 4), cirq.GridQubit(8, 4)]
                  [31m(3, 2)[0m
                  │
                  │
         [35m(4, 1)[0m───[31m(4, 2)[0m───[31m(4, 3)[0m
         │        │        │
         │        │        │
(5, 0)───[35m(5, 1)[0m───[35m(5, 2)[0m───[31m(5, 3)[0m───[31m(5, 4)[0m
         │        │        │        │
         │        │        │        │
         (6, 1)───[35m(6, 2)[0m───[35m(6, 3)[0m───[31m(6, 4)[0m───[31m(6, 5)[0m
                  │        │        │        │
                  │        │        │        │
                  (7, 2)───[35m(7, 3)[0m───[35m(7, 4)[0m───[31m(7, 5)[0m───(7, 6)
                           │        │        │
                           │        │        │
                           (8, 3)───[35m(8, 4)[0m───(8, 5)
                                    │
                                    │
                                    (9, 4)
None
Meas types ['onsite0', 'horiz0', 'vert02', 'vert12']
Prepped onsite, pairs=[(0, 8), (1, 9), (2, 10), (3, 11), (4, 12), (5, 13), (6, 14), (7, 15)]
Prepped horiz, pairs=[(0, 1), (2, 3), (4, 5), (6, 7), (8, 9), (10, 11), (12, 13), (14, 15)]
Prepped vert0, pairs=[(1, 2), (3, 4), (5, 6), (9, 10), (11, 12), (13, 14)]
Prepped vert1, pairs=[(1, 2), (3, 4), (5, 6), (9, 10), (11, 12), (13, 14)]
Set recompilation to False
Got pairs set [(10, 11), (5, 6), (3, 11), (5, 13), (8, 9), (4, 12), (6, 14), (1, 2), (6, 7), (7, 15), (12, 13), (4, 5), (2, 10), (9, 10), (2, 3), (1, 9), (14, 15), (0, 8), (11, 12), (0, 1), (13, 14), (3, 4)]
---Starting to do calibration: delta 3.5638415420000005
---Starting to set up measurements: delta 0.8479634300000001
---Starting to run VQE: delta 2.2080231169999998
No optimisation, save file is experiments/4x2_single_U_8_nocc_11_d_1-0919-234516/2x4/processed/processed.json
Given params: [[[[[0.793, 0.363, 0.614, 0.507]]], [[[-0.793, -0.363, -0.614, -0.507]]], [[[0, 0.363, 0.614, 0.507]]], [[[0, -0.363, -0.614, -0.507]]]]]
---Preparing executables
---Running executables, 16 in batch, delta=8.533059633999999
---Extracting values delta=2.456034332999998
---Extracted values delta=72.308934187
===22.97472487592485 22.17767246117323 24.504295113113162 24.23472886389881 1632091606.235191
Computed energies [22.57619866854904], params [[[[0.793, 0.363, 0.614, 0.507]]], [[[-0.793, -0.363, -0.614, -0.507]]], [[[0, 0.363, 0.614, 0.507]]], [[[0, -0.363, -0.614, -0.507]]]]
***22.57619866854904 1632091606.236903
---VQE complete: delta 83.304830232
---Starting TFLO
Using saved points
Using params [[[0, 0, 0, 0]], [[0, 1.5708, 4.71239, 0]], [[0, 3.14159, 3.14159, 0]], [[0, 3.14159, 3.92699, 0.785398]], [[0, 0.785398, 3.14159, 1.5708]], [[0, 4.71239, 3.92699, 1.5708]], [[0, 0.785398, 0, 3.92699]], [[0, 0, 1.5708, 3.92699]], [[0, 0, 5.49779, 3.92699]], [[0, 0, 4.71239, 3.14159]], [[0, 4.71239, 5.49779, 5.49779]], [[0, 3.92699, 4.71239, 3.92699]], [[0, 3.14159, 3.14159, 3.92699]], [[0, 0.785398, 4.71239, 5.49779]], [[0, 4.71239, 2.35619, 5.49779]], [[0, 0, 3.92699, 5.49779]], [[0, 0.363, 0.614, 0.507]], [[0.793, 0.363, 0.614, 0.507]], [[0, 0, 0, 0]], [[0, -1.5708, -4.71239, 0]], [[0, -3.14159, -3.14159, 0]], [[0, -3.14159, -3.92699, -0.785398]], [[0, -0.785398, -3.14159, -1.5708]], [[0, -4.71239, -3.92699, -1.5708]], [[0, -0.785398, 0, -3.92699]], [[0, 0, -1.5708, -3.92699]], [[0, 0, -5.49779, -3.92699]], [[0, 0, -4.71239, -3.14159]], [[0, -4.71239, -5.49779, -5.49779]], [[0, -3.92699, -4.71239, -3.92699]], [[0, -3.14159, -3.14159, -3.92699]], [[0, -0.785398, -4.71239, -5.49779]], [[0, -4.71239, -2.35619, -5.49779]], [[0, 0, -3.92699, -5.49779]], [[0, -0.363, -0.614, -0.507]], [[-0.793, -0.363, -0.614, -0.507]]]
---Preparing executables
---Running executables, 144 in batch, delta=75.386500686
---Extracting values delta=9.146632697000001
---Extracted values delta=160.153961832
---Time for noisy calculation: 244.712996762
***TFLON: 24.225356027440125,24.842662198332057,25.035279843404904,25.993915147788886,26.213617805205327,26.714191910185296,27.907514512285708,28.534632170399906,29.551561909663896,30.229368682680402,30.672762854702377,31.34109082510159,32.51950471164003,33.20994427902108,33.606322757178894,34.79368668720702,24.38108243212711,22.87911154390574,24.264945601090204,24.917312811816807,25.223640802814977,25.698136262299414,27.103835867719706,26.790454842079626,28.217039196694174,29.24221024468742,29.780004290835773,30.289919358851712,31.06367874645163,31.653080016132318,32.26396395798449,32.8319754611765,33.93541755172338,35.086949611462295,24.369768688278832,22.252875899529894 1632091853.828372
Noisy energies by type: {'onsite0': array([29.91798797, 30.11727249, 29.84133504, 30.46130111, 29.66364122,
       30.14703557, 29.996755  , 30.22439554, 29.91491653, 30.09112457,
       29.94850236, 30.24915825, 30.00210748, 30.28176502, 29.92972557,
       29.97185981, 30.29462366, 27.72665148, 30.05128205, 30.08837602,
       29.94050598, 29.95652174, 30.0467706 , 29.78028747, 30.21387124,
       30.07624633, 30.07672634, 30.01409214, 30.06382436, 30.25796662,
       29.96149733, 30.11788413, 30.05794832, 30.23241271, 30.10235768,
       27.61071061]), 'horiz0': array([-2.16905948, -2.16256158, -2.14397104, -2.10214306, -1.50218723,
       -1.86286178, -2.19810003, -1.06685879, -1.60947712, -1.00615213,
       -1.53041363, -0.7560054 ,  0.93570031, -0.08760684,  1.17807848,
        1.46850829, -2.22345199, -1.70895296, -2.26368997, -2.04345307,
       -2.03798202, -1.99825175, -1.42162162, -1.66439523, -2.20875995,
       -0.60982659, -1.70284793, -1.02436998, -1.55765086, -0.79173291,
        0.66457252, -0.16098901,  1.2630137 ,  1.47004104, -2.23188827,
       -2.23262523]), 'vert02': array([-1.87129283, -1.66559226, -1.33122363, -1.32440242, -0.8891914 ,
       -1.00735294,  0.05336788,  0.36105911,  0.26798202, -0.00261028,
        1.07911065,  0.49613003,  0.77076167,  1.4949232 ,  1.31313646,
        1.69286974, -1.87898465, -1.60314105, -1.94925198, -1.63819385,
       -1.34810684, -1.31627517, -0.78655793, -0.99319372,  0.26305715,
        0.5689243 ,  0.37094281, -0.00977027,  1.16093943,  0.47526502,
        0.77431097,  1.37549505,  1.60848454,  1.67214774, -1.6593723 ,
       -1.4908706 ]), 'vert12': array([-1.65227964, -1.44645645, -1.33086053, -1.04084049, -1.05864479,
       -0.56262894,  0.05549166, -0.98396369,  0.97814048,  1.14700652,
        1.17556346,  1.35180794,  0.81093525,  1.5208629 ,  1.18538225,
        1.66044885, -1.81110458, -1.53544593, -1.5733945 , -1.48941629,
       -1.33077631, -0.94385856, -0.73475518, -0.33224368, -0.05112923,
       -0.7931338 ,  1.03518307,  1.30996747,  1.39656582,  1.71158129,
        0.86358314,  1.49958529,  1.005971  ,  1.71234812, -1.84132841,
       -1.63433888])}
Using saved exact energies
Data collected can be found at experiments/4x2_single_U_8_nocc_11_d_1-0919-234516/2x4
