{'theta': True, 'zeta': True, 'chi': False, 'gamma': True, 'phi': True, 'time': None}
{'theta': False, 'zeta': False, 'chi': False, 'gamma': False, 'phi': False, 'time': None}
                  (3, 2)
                  │
                  │
         (4, 1)───(4, 2)───(4, 3)
         │        │        │
         │        │        │
(5, 0)───(5, 1)───(5, 2)───(5, 3)───(5, 4)
         │        │        │        │
         │        │        │        │
         (6, 1)───(6, 2)───(6, 3)───(6, 4)───(6, 5)
                  │        │        │        │
                  │        │        │        │
                  (7, 2)───(7, 3)───(7, 4)───(7, 5)───(7, 6)
                           │        │        │
                           │        │        │
                           (8, 3)───(8, 4)───(8, 5)
                                    │
                                    │
                                    (9, 4)
Start at: (3, 2), with dr
Using qubits [cirq.GridQubit(3, 2), cirq.GridQubit(4, 2), cirq.GridQubit(4, 3), cirq.GridQubit(5, 3), cirq.GridQubit(5, 4), cirq.GridQubit(6, 4), cirq.GridQubit(6, 5), cirq.GridQubit(7, 5), cirq.GridQubit(4, 1), cirq.GridQubit(5, 1), cirq.GridQubit(5, 2), cirq.GridQubit(6, 2), cirq.GridQubit(6, 3), cirq.GridQubit(7, 3), cirq.GridQubit(7, 4), cirq.GridQubit(8, 4)]
Using qubits, JW:[cirq.GridQubit(3, 2), cirq.GridQubit(4, 2), cirq.GridQubit(4, 3), cirq.GridQubit(5, 3), cirq.GridQubit(5, 4), cirq.GridQubit(6, 4), cirq.GridQubit(6, 5), cirq.GridQubit(7, 5), cirq.GridQubit(4, 1), cirq.GridQubit(5, 1), cirq.GridQubit(5, 2), cirq.GridQubit(6, 2), cirq.GridQubit(6, 3), cirq.GridQubit(7, 3), cirq.GridQubit(7, 4), cirq.GridQubit(8, 4)]
                  [31m(3, 2)[0m
                  │
                  │
         [35m(4, 1)[0m───[31m(4, 2)[0m───[31m(4, 3)[0m
         │        │        │
         │        │        │
(5, 0)───[35m(5, 1)[0m───[35m(5, 2)[0m───[31m(5, 3)[0m───[31m(5, 4)[0m
         │        │        │        │
         │        │        │        │
         (6, 1)───[35m(6, 2)[0m───[35m(6, 3)[0m───[31m(6, 4)[0m───[31m(6, 5)[0m
                  │        │        │        │
                  │        │        │        │
                  (7, 2)───[35m(7, 3)[0m───[35m(7, 4)[0m───[31m(7, 5)[0m───(7, 6)
                           │        │        │
                           │        │        │
                           (8, 3)───[35m(8, 4)[0m───(8, 5)
                                    │
                                    │
                                    (9, 4)
None
Meas types ['onsite0', 'horiz0', 'horiz1']
Prepped onsite, pairs=[(0, 8), (1, 9), (2, 10), (3, 11), (4, 12), (5, 13), (6, 14), (7, 15)]
Prepped horiz, pairs=[(0, 1), (2, 3), (4, 5), (6, 7), (8, 9), (10, 11), (12, 13), (14, 15)]
Prepped horiz, pairs=[(1, 2), (3, 4), (5, 6), (9, 10), (11, 12), (13, 14)]
Set recompilation to False
Got pairs set [(10, 11), (5, 6), (3, 11), (5, 13), (8, 9), (4, 12), (6, 14), (1, 2), (6, 7), (7, 15), (12, 13), (4, 5), (2, 10), (9, 10), (2, 3), (1, 9), (14, 15), (0, 8), (11, 12), (0, 1), (13, 14), (3, 4)]
---Starting to do calibration: delta 3.398746750000001
---Starting to set up measurements: delta 0.640146541
---Starting to run VQE: delta 1.1473179509999998
No optimisation, save file is experiments/8x1_single_zz_x_U_8_nocc_4_d_1-0915-004912/8x1/processed/processed.json
Given params: [[[[[0.919, 0.443, 0.673]]], [[[-0.919, -0.443, -0.673]]], [[[0, 0.443, 0.673]]], [[[0, -0.443, -0.673]]]]]
---Preparing executables
---Running executables, 12 in batch, delta=4.866943087000001
---Extracting values delta=2.2818709750000004
---Extracted values delta=53.960993061
===-1.917379868908497 -2.345707583382647 -0.6652197181082125 -0.5023808338109936 1631663419.199861
Computed energies [-2.131543726145572], params [[[[0.919, 0.443, 0.673]]], [[[-0.919, -0.443, -0.673]]], [[[0, 0.443, 0.673]]], [[[0, -0.443, -0.673]]]]
***-2.131543726145572 1631663419.2025962
---VQE complete: delta 61.115616088
---Starting TFLO
Using saved points
Using params [[[0, 0.785398, 0.785398]], [[0, 0, 0.785398]], [[0, 4.71239, 0]], [[0, 0, 1.5708]], [[0, 2.35619, 0.785398]], [[0, 4.71239, 0.785398]], [[0, 2.35619, 1.5708]], [[0, 0.785398, 3.14159]], [[0, 5.49779, 5.49779]], [[0, 0.785398, 3.92699]], [[0, 4.71239, 4.71239]], [[0, 1.5708, 3.92699]], [[0, 3.92699, 5.49779]], [[0, 3.92699, 4.71239]], [[0, 2.35619, 4.71239]], [[0, 3.14159, 4.71239]], [[0, 0.443, 0.673]], [[0.919, 0.443, 0.673]], [[0, -0.785398, -0.785398]], [[0, 0, -0.785398]], [[0, -4.71239, 0]], [[0, 0, -1.5708]], [[0, -2.35619, -0.785398]], [[0, -4.71239, -0.785398]], [[0, -2.35619, -1.5708]], [[0, -0.785398, -3.14159]], [[0, -5.49779, -5.49779]], [[0, -0.785398, -3.92699]], [[0, -4.71239, -4.71239]], [[0, -1.5708, -3.92699]], [[0, -3.92699, -5.49779]], [[0, -3.92699, -4.71239]], [[0, -2.35619, -4.71239]], [[0, -3.14159, -4.71239]], [[0, -0.443, -0.673]], [[-0.919, -0.443, -0.673]]]
---Preparing executables
---Running executables, 108 in batch, delta=44.002346406
---Extracting values delta=6.170777231000002
---Extracted values delta=105.14881378300001
---Time for noisy calculation: 155.338731326
***TFLON: -0.6904061181011065,-0.2201231033059674,0.32793173920496055,-0.0788265801031387,1.4358851948941678,1.3900203516369156,1.5503249303600168,0.4550026413469288,1.946246632772811,1.4821271374736416,2.336647872142369,2.737202341422602,2.822818425609008,3.2922895410873845,4.246181734848203,4.21456296410657,-0.5481096092929625,-1.8340012187724872,-0.4944432233436018,-0.351147608306118,0.5324768349486255,0.02618096256633473,0.08232835267582572,1.2849174602015838,0.7750614569387047,2.0143471619853077,1.9028640283210736,2.1260894717282945,2.6012200531959366,2.3628734263721314,3.66273599365107,3.591096422084664,3.3016352164656366,3.905180362053269,-0.42239386011560587,-2.298547235595283 1631663576.56882
Noisy energies by type: {'onsite0': array([4.03245267, 4.35435082, 4.35520629, 4.13110798, 5.12595495,
       4.52045221, 4.7827957 , 3.68279462, 4.21428571, 3.99683794,
       3.87418398, 4.41443902, 3.80906921, 4.00992935, 4.72546012,
       4.4831439 , 4.07446141, 1.62889166, 4.16053234, 3.98996236,
       4.32894995, 3.95826377, 3.74000379, 4.12852665, 3.94582393,
       4.93414141, 4.19808437, 4.26774848, 4.30337298, 3.87550744,
       4.82988552, 4.65558195, 3.98293912, 4.54307265, 4.24135815,
       1.65275395]), 'horiz0': array([-2.52560834, -2.10708042, -2.49719626, -1.70691524, -2.7589053 ,
       -1.57989071, -2.36543102, -1.07077061, -0.11860203, -0.33388158,
       -0.01583113, -0.13680235, -0.13845808,  0.12189324,  0.41537508,
        0.31248693, -2.30926366, -1.68465281, -2.5292491 , -1.92121717,
       -2.2343022 , -1.48612008, -2.82807902, -1.29176421, -2.3448131 ,
       -0.77093544, -0.10736261, -0.03110624, -0.18699533, -0.05064342,
       -0.29256595, -0.18919505,  0.14088755, -0.03161718, -2.30772478,
       -2.15130119]), 'horiz1': array([-2.19725045, -2.4673935 , -1.53007829, -2.50301932, -0.93116445,
       -1.55054115, -0.86703975, -2.15702136, -2.14943705, -2.18082923,
       -1.52170497, -1.54043433, -0.84779271, -0.83953304, -0.89465347,
       -0.58106787, -2.31330736, -1.77824007, -2.12572646, -2.41989279,
       -1.56217092, -2.44596273, -0.82959641, -1.55184498, -0.82594937,
       -2.14885882, -2.18785773, -2.11055276, -1.5151576 , -1.4619906 ,
       -0.87458358, -0.87529047, -0.82219146, -0.60627511, -2.35602723,
       -1.8       ])}
Using saved exact energies
Data collected can be found at experiments/8x1_single_zz_x_U_8_nocc_4_d_1-0915-004912/8x1
