{'theta': True, 'zeta': True, 'chi': False, 'gamma': True, 'phi': True, 'time': None}
{'theta': False, 'zeta': False, 'chi': False, 'gamma': False, 'phi': False, 'time': None}
                  (3, 2)
                  │
                  │
         (4, 1)───(4, 2)───(4, 3)
         │        │        │
         │        │        │
(5, 0)───(5, 1)───(5, 2)───(5, 3)───(5, 4)
         │        │        │        │
         │        │        │        │
         (6, 1)───(6, 2)───(6, 3)───(6, 4)───(6, 5)
                  │        │        │        │
                  │        │        │        │
                  (7, 2)───(7, 3)───(7, 4)───(7, 5)───(7, 6)
                           │        │        │
                           │        │        │
                           (8, 3)───(8, 4)───(8, 5)
                                    │
                                    │
                                    (9, 4)
Start at: (3, 2), with dr
Using qubits [cirq.GridQubit(3, 2), cirq.GridQubit(4, 2), cirq.GridQubit(4, 3), cirq.GridQubit(5, 3), cirq.GridQubit(5, 4), cirq.GridQubit(6, 4), cirq.GridQubit(6, 5), cirq.GridQubit(7, 5), cirq.GridQubit(4, 1), cirq.GridQubit(5, 1), cirq.GridQubit(5, 2), cirq.GridQubit(6, 2), cirq.GridQubit(6, 3), cirq.GridQubit(7, 3), cirq.GridQubit(7, 4), cirq.GridQubit(8, 4)]
Using qubits, JW:[cirq.GridQubit(3, 2), cirq.GridQubit(4, 2), cirq.GridQubit(4, 3), cirq.GridQubit(5, 3), cirq.GridQubit(5, 4), cirq.GridQubit(6, 4), cirq.GridQubit(6, 5), cirq.GridQubit(7, 5), cirq.GridQubit(4, 1), cirq.GridQubit(5, 1), cirq.GridQubit(5, 2), cirq.GridQubit(6, 2), cirq.GridQubit(6, 3), cirq.GridQubit(7, 3), cirq.GridQubit(7, 4), cirq.GridQubit(8, 4)]
                  [31m(3, 2)[0m
                  │
                  │
         [35m(4, 1)[0m───[31m(4, 2)[0m───[31m(4, 3)[0m
         │        │        │
         │        │        │
(5, 0)───[35m(5, 1)[0m───[35m(5, 2)[0m───[31m(5, 3)[0m───[31m(5, 4)[0m
         │        │        │        │
         │        │        │        │
         (6, 1)───[35m(6, 2)[0m───[35m(6, 3)[0m───[31m(6, 4)[0m───[31m(6, 5)[0m
                  │        │        │        │
                  │        │        │        │
                  (7, 2)───[35m(7, 3)[0m───[35m(7, 4)[0m───[31m(7, 5)[0m───(7, 6)
                           │        │        │
                           │        │        │
                           (8, 3)───[35m(8, 4)[0m───(8, 5)
                                    │
                                    │
                                    (9, 4)
None
Meas types ['onsite0', 'horiz0', 'vert02', 'vert12']
Prepped onsite, pairs=[(0, 8), (1, 9), (2, 10), (3, 11), (4, 12), (5, 13), (6, 14), (7, 15)]
Prepped horiz, pairs=[(0, 1), (2, 3), (4, 5), (6, 7), (8, 9), (10, 11), (12, 13), (14, 15)]
Prepped vert0, pairs=[(1, 2), (3, 4), (5, 6), (9, 10), (11, 12), (13, 14)]
Prepped vert1, pairs=[(1, 2), (3, 4), (5, 6), (9, 10), (11, 12), (13, 14)]
Set recompilation to False
Got pairs set [(10, 11), (5, 6), (3, 11), (5, 13), (8, 9), (4, 12), (6, 14), (1, 2), (6, 7), (7, 15), (12, 13), (4, 5), (2, 10), (9, 10), (2, 3), (1, 9), (14, 15), (0, 8), (11, 12), (0, 1), (13, 14), (3, 4)]
---Starting to do calibration: delta 3.280718749
---Starting to set up measurements: delta 0.8630866200000007
---Starting to run VQE: delta 2.277107954
No optimisation, save file is experiments/4x2_single_U_8_nocc_6_d_1-0919-231644/2x4/processed/processed.json
Given params: [[[[[1, 0.338, 0.62, 0.421]]], [[[-1, -0.338, -0.62, -0.421]]], [[[0, 0.338, 0.62, 0.421]]], [[[0, -0.338, -0.62, -0.421]]]]]
---Preparing executables
---Running executables, 16 in batch, delta=8.578633187000001
---Extracting values delta=3.4041848199999976
---Extracted values delta=70.967527873
===1.4433133033611893 0.5506265072289853 3.964111483203912 3.483420019571507 1632089894.3768692
Computed energies [0.9969699052950873], params [[[[1, 0.338, 0.62, 0.421]]], [[[-1, -0.338, -0.62, -0.421]]], [[[0, 0.338, 0.62, 0.421]]], [[[0, -0.338, -0.62, -0.421]]]]
***0.9969699052950873 1632089894.378722
---VQE complete: delta 82.958159557
---Starting TFLO
Using saved points
Using params [[[0, 0.785398, 0, 0]], [[0, 0, 1.5708, 0]], [[0, 0.785398, 3.92699, 0]], [[0, 3.92699, 3.14159, 0.785398]], [[0, 2.35619, 0.785398, 3.14159]], [[0, 3.14159, 1.5708, 3.14159]], [[0, 1.5708, 0.785398, 3.92699]], [[0, 0, 2.35619, 3.14159]], [[0, 4.71239, 3.92699, 2.35619]], [[0, 1.5708, 0, 4.71239]], [[0, 3.92699, 0.785398, 5.49779]], [[0, 2.35619, 3.92699, 3.14159]], [[0, 0, 4.71239, 3.92699]], [[0, 5.49779, 3.92699, 3.92699]], [[0, 3.92699, 4.71239, 5.49779]], [[0, 1.5708, 3.92699, 4.71239]], [[0, 0.338, 0.62, 0.421]], [[1, 0.338, 0.62, 0.421]], [[0, -0.785398, 0, 0]], [[0, 0, -1.5708, 0]], [[0, -0.785398, -3.92699, 0]], [[0, -3.92699, -3.14159, -0.785398]], [[0, -2.35619, -0.785398, -3.14159]], [[0, -3.14159, -1.5708, -3.14159]], [[0, -1.5708, -0.785398, -3.92699]], [[0, 0, -2.35619, -3.14159]], [[0, -4.71239, -3.92699, -2.35619]], [[0, -1.5708, 0, -4.71239]], [[0, -3.92699, -0.785398, -5.49779]], [[0, -2.35619, -3.92699, -3.14159]], [[0, 0, -4.71239, -3.92699]], [[0, -5.49779, -3.92699, -3.92699]], [[0, -3.92699, -4.71239, -5.49779]], [[0, -1.5708, -3.92699, -4.71239]], [[0, -0.338, -0.62, -0.421]], [[-1, -0.338, -0.62, -0.421]]]
---Preparing executables
---Running executables, 144 in batch, delta=79.196245655
---Extracting values delta=9.592443067000005
---Extracted values delta=154.59419459699998
---Time for noisy calculation: 243.408611583
***TFLON: 3.4641580338480757,3.977434864556997,4.366973599578219,4.612196821304138,6.325456269380191,6.634218606845086,7.558603910574156,6.753212951027392,8.356585870516621,8.675104794490641,9.238504369698742,10.45056859021782,11.077337743802735,12.32914754004167,12.127114622726063,13.059753642648463,4.242654071141532,1.6041590200993596,3.8991942277418863,4.105739425309584,3.8355516487030226,4.858724444532444,6.286575512501319,6.887130741473056,7.775562084034632,8.123850180669217,8.006394413323246,9.190348499526273,9.381230806305325,9.741907934794302,10.874951017161095,11.526636538151447,12.238927822132624,12.733646671701683,3.596282607424187,0.41711234593696345 1632090140.8420491
Noisy energies by type: {'onsite0': array([9.04865585, 9.28909953, 9.21625164, 9.12596401, 9.63379092,
       9.14872673, 9.73928336, 8.94000453, 9.79016108, 9.38094232,
       9.03128911, 9.76883562, 9.22586207, 9.94790097, 9.33961841,
       9.56883344, 9.90458799, 5.66159437, 9.46153846, 9.46232724,
       8.79881028, 9.25574404, 9.04308998, 9.34783574, 9.01375943,
       9.21935056, 8.98902954, 9.47619048, 9.44506852, 9.00662252,
       9.13947591, 8.85940509, 9.05904602, 9.28499231, 9.23258452,
       4.94723722]), 'horiz0': array([-1.32508436, -1.38541153, -1.27813653, -1.32066938, -1.14408117,
       -0.56471125, -0.99435538, -0.2745679 , -0.80924855, -1.38813406,
       -1.05177994, -0.15909605, -0.23787167,  0.29723607,  0.02020202,
        0.58039572, -1.37142857, -0.91306413, -1.38223191, -1.36316776,
       -1.35719202, -1.31229013, -0.7815924 , -0.48695247, -0.56520699,
       -0.20898217, -0.72970015, -1.16138614, -1.33238704, -0.2860476 ,
       -0.46487985,  0.25713012,  0.21796626,  0.40788863, -1.35500348,
       -1.2803677 ]), 'vert02': array([-2.60351648, -2.33573034, -2.03859422, -1.43735668, -0.55467749,
       -0.32886335, -0.11989214, -0.46315078, -0.71933912,  0.47264377,
        0.79544989, -0.21437526,  0.28353396,  0.59262492,  1.17108954,
        1.0777972 , -2.55176443, -1.81344462, -2.36359415, -2.17393238,
       -1.92636986, -1.61462014, -0.50991501, -0.38529282,  0.19401378,
        0.16125469, -0.81396839,  0.48901345,  0.82086657,  0.06215439,
        0.38871275,  0.67883212,  1.18024003,  1.20204822, -2.24475997,
       -1.6683087 ]), 'vert12': array([-1.65589697, -1.59052279, -1.53254729, -1.75574113, -1.60957599,
       -1.62093352, -1.06643192, -1.4490729 ,  0.09501247,  0.20965276,
        0.46354531,  1.05520428,  1.80581339,  1.49138559,  1.59620466,
        1.83272727, -1.73874092, -1.33092659, -1.81651818, -1.81948767,
       -1.67969675, -1.47010933, -1.46500705, -1.5884597 , -0.86700414,
       -1.04777291,  0.56103342,  0.38653071,  0.44768275,  0.95917862,
        1.81164221,  1.7312692 ,  1.78167551,  1.83871751, -2.03653846,
       -1.58144848])}
Using saved exact energies
Data collected can be found at experiments/4x2_single_U_8_nocc_6_d_1-0919-231644/2x4
