2021-09-14 06:49:03,077 - fhvqe.experiment:553 - DEBUG - number of moments preoptimization: 38
2021-09-14 06:49:03,084 - fhvqe.experiment:554 - DEBUG - depth preoptimization: 38
2021-09-14 06:49:03,153 - fhvqe.experiment:595 - DEBUG - number of moments post-optimization and calibration: 25
2021-09-14 06:49:03,158 - fhvqe.experiment:596 - DEBUG - depth post-optimization and calibration: 25
2021-09-14 06:49:03,168 - fhvqe.experiment:553 - DEBUG - number of moments preoptimization: 51
2021-09-14 06:49:03,176 - fhvqe.experiment:554 - DEBUG - depth preoptimization: 51
2021-09-14 06:49:03,251 - fhvqe.experiment:595 - DEBUG - number of moments post-optimization and calibration: 37
2021-09-14 06:49:03,257 - fhvqe.experiment:596 - DEBUG - depth post-optimization and calibration: 37
2021-09-14 06:49:03,271 - fhvqe.experiment:82 - DEBUG - Preparing analysis function for onsite
2021-09-14 06:49:03,271 - fhvqe.vqe_experiment:947 - DEBUG - Executables, measurement onsite0:
2021-09-14 06:49:03,292 - fhvqe.experiment:553 - DEBUG - number of moments preoptimization: 51
2021-09-14 06:49:03,301 - fhvqe.experiment:554 - DEBUG - depth preoptimization: 51
2021-09-14 06:49:03,377 - fhvqe.experiment:595 - DEBUG - number of moments post-optimization and calibration: 37
2021-09-14 06:49:03,383 - fhvqe.experiment:596 - DEBUG - depth post-optimization and calibration: 37
2021-09-14 06:49:03,443 - fhvqe.vqe_experiment:958 - DEBUG - Moment 0:
  ╷ 3 4
╶─┼─────
5 │ X X
  │
6 │ X X
  │
7 │ X
  │
Moment 1:
  ╷ 3         4
╶─┼─────────────────────
6 │           iSwap^0.5
  │           │
7 │ iSwap^0.5 iSwap
  │ │
8 │ iSwap
  │
Moment 2:
  ╷ 3                      4
╶─┼────────────────────────────────────────────────
6 │                        Rz(4.291854645100725)
  │
7 │ Rz(4.331497687171457)  Rz(-1.1502619915109313)
  │
8 │ Rz(-1.189905033581664)
  │
Moment 3:
  ╷ 3         4
╶─┼─────────────────────
6 │           iSwap^0.5
  │           │
7 │ iSwap^0.5 iSwap
  │ │
8 │ iSwap
  │
Moment 4:
  ╷ 3                 4
╶─┼─────────────────────────────────────
6 │                   Z
  │
7 │ Z                 PhXZ(a=0,x=0,z=0)
  │
8 │ PhXZ(a=0,x=0,z=0)
  │
Moment 5:
  ╷ 3         4
╶─┼─────────────────────
5 │           iSwap^0.5
  │           │
6 │ iSwap^0.5 iSwap
  │ │
7 │ iSwap     iSwap^0.5
  │           │
8 │           iSwap
  │
Moment 6:
  ╷ 3                       4
╶─┼─────────────────────────────────────────────────
5 │                         Rz(4.027669777382407)
  │
6 │ Rz(4.007517209681659)   Rz(-0.8860771237926137)
  │
7 │ Rz(-0.8659245560918661) Rz(4.027669777382407)
  │
8 │                         Rz(-0.8860771237926134)
  │
Moment 7:
  ╷ 3         4
╶─┼─────────────────────
5 │           iSwap^0.5
  │           │
6 │ iSwap^0.5 iSwap
  │ │
7 │ iSwap     iSwap^0.5
  │           │
8 │           iSwap
  │
Moment 8:
  ╷ 3                 4
╶─┼─────────────────────────────────────
5 │                   Z
  │
6 │ Z                 PhXZ(a=0,x=0,z=0)
  │
7 │ PhXZ(a=0,x=0,z=0) Z
  │
8 │                   PhXZ(a=0,x=0,z=0)
  │
Moment 9:
  ╷ 3         4
╶─┼─────────────────────
5 │ iSwap^0.5
  │ │
6 │ iSwap     iSwap^0.5
  │           │
7 │           iSwap
  │
Moment 10:
  ╷ 3                       4
╶─┼─────────────────────────────────────────────────
5 │ Rz(3.695167012486838)
  │
6 │ Rz(-0.5535743588970453) Rz(3.562126988873758)
  │
7 │                         Rz(-0.4205343352839652)
  │
Moment 11:
  ╷ 3         4
╶─┼─────────────────────
5 │ iSwap^0.5
  │ │
6 │ iSwap     iSwap^0.5
  │           │
7 │           iSwap
  │
Moment 12:
  ╷ 3                                                                        4
╶─┼────────────────────────────────────────────────────────────────────────────────────────────────────────────────────────────────────
5 │ PhXZ(a=-0.9204225284540524,x=0.04010328141741559,z=-0.07957747154594763) PhXZ(a=0.07957747154594767,x=-0.5,z=-0.07957747154594767)
  │
6 │ PhXZ(a=0.07957747154594763,x=0.04010328141741559,z=0.9204225284540524)   PhXZ(a=0.07957747154594763,x=0.5,z=0.9204225284540524)
  │
7 │ PhXZ(a=0.07957747154594767,x=0.04010328141741558,z=0.9204225284540524)   PhXZ(a=-0.9204225284540524,x=0.5,z=-0.07957747154594763)
  │
8 │ PhXZ(a=0.07957747154594767,x=0.04010328141741558,z=0.9204225284540524)   PhXZ(a=0.07957747154594767,x=-0.5,z=-0.07957747154594767)
  │
Moment 13:
  ╷ 3         4
╶─┼─────────────────
5 │ iSwap^0.5─iSwap
  │
6 │ iSwap^0.5─iSwap
  │
7 │ iSwap^0.5─iSwap
  │
8 │ iSwap^0.5─iSwap
  │
Moment 14:
  ╷ 3
╶─┼───────────────────────────────────────
5 │ PhXZ(a=1,x=-0.11283656610933077,z=-1)
  │
6 │ PhXZ(a=1,x=-0.11283656610933077,z=-1)
  │
7 │ PhXZ(a=1,x=-0.11283656610933077,z=-1)
  │
8 │ PhXZ(a=1,x=-0.11283656610933077,z=-1)
  │
Moment 15:
  ╷ 3         4
╶─┼─────────────────
5 │ iSwap^0.5─iSwap
  │
6 │ iSwap^0.5─iSwap
  │
7 │ iSwap^0.5─iSwap
  │
8 │ iSwap^0.5─iSwap
  │
Moment 16:
  ╷ 3                                       4
╶─┼──────────────────────────────────────────────────────────────────────────────────────
5 │ PhXZ(a=0,x=0.04010328141741559,z=-0.25) PhXZ(a=0,x=0.5,z=-0.25)
  │
6 │ PhXZ(a=0,x=0.04010328141741559,z=0.25)  PhXZ(a=-1.1102230246251565e-16,x=0.5,z=0.25)
  │
7 │ PhXZ(a=0,x=0.04010328141741559,z=-0.25) PhXZ(a=0,x=0.5,z=-0.25)
  │
8 │ PhXZ(a=0,x=0.04010328141741559,z=0.25)  PhXZ(a=-1.1102230246251565e-16,x=0.5,z=0.25)
  │
Moment 17:
  ╷ 3         4
╶─┼─────────────────────
5 │ iSwap^0.5 iSwap^0.5
  │ │         │
6 │ iSwap     iSwap
  │
7 │ iSwap^0.5 iSwap^0.5
  │ │         │
8 │ iSwap     iSwap
  │
Moment 18:
  ╷ 3                                                     4
╶─┼─────────────────────────────────────────────────────────────────────────────────────────────────────────────
5 │ PhXZ(a=-0.5795774715459476,x=0,z=-0.9204225284540524) PhXZ(a=-0.5795774715459476,x=0,z=-0.9204225284540524)
  │
6 │ Rz(-0.25)                                             Rz(-0.25)
  │
7 │ PhXZ(a=-0.5795774715459476,x=0,z=-0.9204225284540524) PhXZ(a=-0.5795774715459476,x=0,z=-0.9204225284540524)
  │
8 │ Rz(-0.25)                                             Rz(-0.25)
  │
Moment 19:
  ╷ 3         4
╶─┼─────────────────────
5 │ iSwap^0.5 iSwap^0.5
  │ │         │
6 │ iSwap     iSwap
  │
7 │ iSwap^0.5 iSwap^0.5
  │ │         │
8 │ iSwap     iSwap
  │
Moment 20:
  ╷ 3                                      4
╶─┼───────────────────────────────────────────────────────────────────────────────
5 │ PhXZ(a=-0.75,x=0,z=-0.75)              PhXZ(a=-0.75,x=0,z=-0.75)
  │
6 │ PhXZ(a=-1,x=0,z=-0.5)                  PhXZ(a=-1,x=0,z=-0.5)
  │
7 │ PhXZ(a=-1,x=0,z=-0.5)                  PhXZ(a=-1,x=0,z=-0.5)
  │
8 │ PhXZ(a=0.7499999999999998,x=0,z=-0.25) PhXZ(a=0.7499999999999998,x=0,z=-0.25)
  │
Moment 21:
  ╷ 3         4
╶─┼─────────────────────
6 │ iSwap^0.5 iSwap^0.5
  │ │         │
7 │ iSwap     iSwap
  │
Moment 22:
  ╷ 3                                                     4
╶─┼─────────────────────────────────────────────────────────────────────────────────────────────────────────────
6 │ PhXZ(a=-0.5795774715459476,x=0,z=-0.9204225284540524) PhXZ(a=-0.5795774715459476,x=0,z=-0.9204225284540524)
  │
7 │ Rz(-0.25)                                             Rz(-0.25)
  │
Moment 23:
  ╷ 3         4
╶─┼─────────────────────
6 │ iSwap^0.5 iSwap^0.5
  │ │         │
7 │ iSwap     iSwap
  │
Moment 24:
  ╷ 3                                                                      4
╶─┼──────────────────────────────────────────────────────────────────────────────────────────────────────────────────────────────────
5 │ PhXZ(a=0.07957747154594767,x=0.04010328141741558,z=0.9204225284540524) PhXZ(a=0.07957747154594767,x=-0.5,z=-0.07957747154594767)
  │
6 │ PhXZ(a=0.8295774715459476,x=0.04010328141741559,z=0.17042252845405237) PhXZ(a=-0.17042252845405237,x=0.5,z=-0.8295774715459476)
  │
7 │ PhXZ(a=0.32957747154594763,x=0.04010328141741559,z=0.6704225284540524) PhXZ(a=-0.6704225284540524,x=0.5,z=-0.32957747154594763)
  │
8 │ PhXZ(a=0.07957747154594767,x=0.04010328141741558,z=0.9204225284540524) PhXZ(a=0.07957747154594767,x=-0.5,z=-0.07957747154594767)
  │
Moment 25:
  ╷ 3         4
╶─┼─────────────────
5 │ iSwap^0.5─iSwap
  │
6 │ iSwap^0.5─iSwap
  │
7 │ iSwap^0.5─iSwap
  │
8 │ iSwap^0.5─iSwap
  │
Moment 26:
  ╷ 3
╶─┼───────────────────────────────────────
5 │ PhXZ(a=1,x=-0.11283656610933077,z=-1)
  │
6 │ PhXZ(a=1,x=-0.11283656610933077,z=-1)
  │
7 │ PhXZ(a=1,x=-0.11283656610933077,z=-1)
  │
8 │ PhXZ(a=1,x=-0.11283656610933077,z=-1)
  │
Moment 27:
  ╷ 3         4
╶─┼─────────────────
5 │ iSwap^0.5─iSwap
  │
6 │ iSwap^0.5─iSwap
  │
7 │ iSwap^0.5─iSwap
  │
8 │ iSwap^0.5─iSwap
  │
Moment 28:
  ╷ 3                                       4
╶─┼──────────────────────────────────────────────────────────────────────────────────────
5 │ PhXZ(a=0,x=0.04010328141741559,z=-0.25) PhXZ(a=0,x=0.5,z=-0.25)
  │
6 │ PhXZ(a=0,x=0.04010328141741559,z=0.25)  PhXZ(a=-1.1102230246251565e-16,x=0.5,z=0.25)
  │
7 │ PhXZ(a=0,x=0.04010328141741559,z=-0.25) PhXZ(a=0,x=0.5,z=-0.25)
  │
8 │ PhXZ(a=0,x=0.04010328141741559,z=0.25)  PhXZ(a=-1.1102230246251565e-16,x=0.5,z=0.25)
  │
Moment 29:
  ╷ 3         4
╶─┼─────────────────────
5 │ iSwap^0.5 iSwap^0.5
  │ │         │
6 │ iSwap     iSwap
  │
7 │ iSwap^0.5 iSwap^0.5
  │ │         │
8 │ iSwap     iSwap
  │
Moment 30:
  ╷ 3                                                     4
╶─┼─────────────────────────────────────────────────────────────────────────────────────────────────────────────
5 │ PhXZ(a=-0.5795774715459476,x=0,z=-0.9204225284540524) PhXZ(a=-0.5795774715459476,x=0,z=-0.9204225284540524)
  │
6 │ Rz(-0.25)                                             Rz(-0.25)
  │
7 │ PhXZ(a=-0.5795774715459476,x=0,z=-0.9204225284540524) PhXZ(a=-0.5795774715459476,x=0,z=-0.9204225284540524)
  │
8 │ Rz(-0.25)                                             Rz(-0.25)
  │
Moment 31:
  ╷ 3         4
╶─┼─────────────────────
5 │ iSwap^0.5 iSwap^0.5
  │ │         │
6 │ iSwap     iSwap
  │
7 │ iSwap^0.5 iSwap^0.5
  │ │         │
8 │ iSwap     iSwap
  │
Moment 32:
  ╷ 3                                      4
╶─┼───────────────────────────────────────────────────────────────────────────────
5 │ PhXZ(a=-0.75,x=0,z=-0.75)              PhXZ(a=-0.75,x=0,z=-0.75)
  │
6 │ PhXZ(a=-1,x=0,z=-0.5)                  PhXZ(a=-1,x=0,z=-0.5)
  │
7 │ PhXZ(a=-1,x=0,z=-0.5)                  PhXZ(a=-1,x=0,z=-0.5)
  │
8 │ PhXZ(a=0.7499999999999998,x=0,z=-0.25) PhXZ(a=0.7499999999999998,x=0,z=-0.25)
  │
Moment 33:
  ╷ 3         4
╶─┼─────────────────────
6 │ iSwap^0.5 iSwap^0.5
  │ │         │
7 │ iSwap     iSwap
  │
Moment 34:
  ╷ 3                                                     4
╶─┼─────────────────────────────────────────────────────────────────────────────────────────────────────────────
6 │ PhXZ(a=-0.5795774715459476,x=0,z=-0.9204225284540524) PhXZ(a=-0.5795774715459476,x=0,z=-0.9204225284540524)
  │
7 │ Rz(-0.25)                                             Rz(-0.25)
  │
Moment 35:
  ╷ 3         4
╶─┼─────────────────────
6 │ iSwap^0.5 iSwap^0.5
  │ │         │
7 │ iSwap     iSwap
  │
Moment 36:
  ╷ 3                                      4
╶─┼───────────────────────────────────────────────────────────────────────────────
6 │ PhXZ(a=-0.75,x=0,z=-0.75)              PhXZ(a=-0.75,x=0,z=-0.75)
  │
7 │ PhXZ(a=0.7499999999999998,x=0,z=-0.25) PhXZ(a=0.7499999999999998,x=0,z=-0.25)
  │
Moment 37:
  ╷ 3      4
╶─┼──────────
5 │ M('x')─M
  │ │      │
6 │ M      M
  │ │      │
7 │ M      M
  │ │      │
8 │ M      M
  │

2021-09-14 06:49:03,445 - fhvqe.experiment:82 - DEBUG - Preparing analysis function for horiz
2021-09-14 06:49:03,455 - fhvqe.vqe_experiment:940 - DEBUG - horiz0:
           ┌──────────────────┐                ┌──────────────────┐
(5, 3): ────iSwap─────────────────Rz(1.25π)─────iSwap─────────────────Z───────────────────
            │                                   │
(5, 4): ────┼────────iSwap────────Rz(1.25π)─────┼────────iSwap────────Z───────────────────
            │        │                          │        │
(6, 3): ────iSwap^0.5┼────────────Rz(-0.25π)────iSwap^0.5┼────────────PhXZ(a=0,x=0,z=0)───
                     │                                   │
(6, 4): ─────────────iSwap^0.5────Rz(-0.25π)─────────────iSwap^0.5────PhXZ(a=0,x=0,z=0)───

(7, 3): ────iSwap─────────────────Rz(1.25π)─────iSwap─────────────────Z───────────────────
            │                                   │
(7, 4): ────┼────────iSwap────────Rz(1.25π)─────┼────────iSwap────────Z───────────────────
            │        │                          │        │
(8, 3): ────iSwap^0.5┼────────────Rz(-0.25π)────iSwap^0.5┼────────────PhXZ(a=0,x=0,z=0)───
                     │                                   │
(8, 4): ─────────────iSwap^0.5────Rz(-0.25π)─────────────iSwap^0.5────PhXZ(a=0,x=0,z=0)───
           └──────────────────┘                └──────────────────┘
2021-09-14 06:49:03,465 - fhvqe.vqe_experiment:947 - DEBUG - Executables, measurement horiz0:
2021-09-14 06:49:03,485 - fhvqe.experiment:553 - DEBUG - number of moments preoptimization: 55
2021-09-14 06:49:03,495 - fhvqe.experiment:554 - DEBUG - depth preoptimization: 55
2021-09-14 06:49:03,570 - fhvqe.experiment:595 - DEBUG - number of moments post-optimization and calibration: 41
2021-09-14 06:49:03,576 - fhvqe.experiment:596 - DEBUG - depth post-optimization and calibration: 41
2021-09-14 06:49:03,644 - fhvqe.vqe_experiment:958 - DEBUG - Moment 0:
  ╷ 3 4
╶─┼─────
5 │ X X
  │
6 │ X X
  │
7 │ X
  │
Moment 1:
  ╷ 3         4
╶─┼─────────────────────
6 │           iSwap^0.5
  │           │
7 │ iSwap^0.5 iSwap
  │ │
8 │ iSwap
  │
Moment 2:
  ╷ 3                      4
╶─┼────────────────────────────────────────────────
6 │                        Rz(4.291854645100725)
  │
7 │ Rz(4.331497687171457)  Rz(-1.1502619915109313)
  │
8 │ Rz(-1.189905033581664)
  │
Moment 3:
  ╷ 3         4
╶─┼─────────────────────
6 │           iSwap^0.5
  │           │
7 │ iSwap^0.5 iSwap
  │ │
8 │ iSwap
  │
Moment 4:
  ╷ 3                 4
╶─┼─────────────────────────────────────
6 │                   Z
  │
7 │ Z                 PhXZ(a=0,x=0,z=0)
  │
8 │ PhXZ(a=0,x=0,z=0)
  │
Moment 5:
  ╷ 3         4
╶─┼─────────────────────
5 │           iSwap^0.5
  │           │
6 │ iSwap^0.5 iSwap
  │ │
7 │ iSwap     iSwap^0.5
  │           │
8 │           iSwap
  │
Moment 6:
  ╷ 3                       4
╶─┼─────────────────────────────────────────────────
5 │                         Rz(4.027669777382407)
  │
6 │ Rz(4.007517209681659)   Rz(-0.8860771237926137)
  │
7 │ Rz(-0.8659245560918661) Rz(4.027669777382407)
  │
8 │                         Rz(-0.8860771237926134)
  │
Moment 7:
  ╷ 3         4
╶─┼─────────────────────
5 │           iSwap^0.5
  │           │
6 │ iSwap^0.5 iSwap
  │ │
7 │ iSwap     iSwap^0.5
  │           │
8 │           iSwap
  │
Moment 8:
  ╷ 3                 4
╶─┼─────────────────────────────────────
5 │                   Z
  │
6 │ Z                 PhXZ(a=0,x=0,z=0)
  │
7 │ PhXZ(a=0,x=0,z=0) Z
  │
8 │                   PhXZ(a=0,x=0,z=0)
  │
Moment 9:
  ╷ 3         4
╶─┼─────────────────────
5 │ iSwap^0.5
  │ │
6 │ iSwap     iSwap^0.5
  │           │
7 │           iSwap
  │
Moment 10:
  ╷ 3                       4
╶─┼─────────────────────────────────────────────────
5 │ Rz(3.695167012486838)
  │
6 │ Rz(-0.5535743588970453) Rz(3.562126988873758)
  │
7 │                         Rz(-0.4205343352839652)
  │
Moment 11:
  ╷ 3         4
╶─┼─────────────────────
5 │ iSwap^0.5
  │ │
6 │ iSwap     iSwap^0.5
  │           │
7 │           iSwap
  │
Moment 12:
  ╷ 3                                                                        4
╶─┼────────────────────────────────────────────────────────────────────────────────────────────────────────────────────────────────────
5 │ PhXZ(a=-0.9204225284540524,x=0.04010328141741559,z=-0.07957747154594763) PhXZ(a=0.07957747154594767,x=-0.5,z=-0.07957747154594767)
  │
6 │ PhXZ(a=0.07957747154594763,x=0.04010328141741559,z=0.9204225284540524)   PhXZ(a=0.07957747154594763,x=0.5,z=0.9204225284540524)
  │
7 │ PhXZ(a=0.07957747154594767,x=0.04010328141741558,z=0.9204225284540524)   PhXZ(a=-0.9204225284540524,x=0.5,z=-0.07957747154594763)
  │
8 │ PhXZ(a=0.07957747154594767,x=0.04010328141741558,z=0.9204225284540524)   PhXZ(a=0.07957747154594767,x=-0.5,z=-0.07957747154594767)
  │
Moment 13:
  ╷ 3         4
╶─┼─────────────────
5 │ iSwap^0.5─iSwap
  │
6 │ iSwap^0.5─iSwap
  │
7 │ iSwap^0.5─iSwap
  │
8 │ iSwap^0.5─iSwap
  │
Moment 14:
  ╷ 3
╶─┼───────────────────────────────────────
5 │ PhXZ(a=1,x=-0.11283656610933077,z=-1)
  │
6 │ PhXZ(a=1,x=-0.11283656610933077,z=-1)
  │
7 │ PhXZ(a=1,x=-0.11283656610933077,z=-1)
  │
8 │ PhXZ(a=1,x=-0.11283656610933077,z=-1)
  │
Moment 15:
  ╷ 3         4
╶─┼─────────────────
5 │ iSwap^0.5─iSwap
  │
6 │ iSwap^0.5─iSwap
  │
7 │ iSwap^0.5─iSwap
  │
8 │ iSwap^0.5─iSwap
  │
Moment 16:
  ╷ 3                                       4
╶─┼──────────────────────────────────────────────────────────────────────────────────────
5 │ PhXZ(a=0,x=0.04010328141741559,z=-0.25) PhXZ(a=0,x=0.5,z=-0.25)
  │
6 │ PhXZ(a=0,x=0.04010328141741559,z=0.25)  PhXZ(a=-1.1102230246251565e-16,x=0.5,z=0.25)
  │
7 │ PhXZ(a=0,x=0.04010328141741559,z=-0.25) PhXZ(a=0,x=0.5,z=-0.25)
  │
8 │ PhXZ(a=0,x=0.04010328141741559,z=0.25)  PhXZ(a=-1.1102230246251565e-16,x=0.5,z=0.25)
  │
Moment 17:
  ╷ 3         4
╶─┼─────────────────────
5 │ iSwap^0.5 iSwap^0.5
  │ │         │
6 │ iSwap     iSwap
  │
7 │ iSwap^0.5 iSwap^0.5
  │ │         │
8 │ iSwap     iSwap
  │
Moment 18:
  ╷ 3                                                     4
╶─┼─────────────────────────────────────────────────────────────────────────────────────────────────────────────
5 │ PhXZ(a=-0.5795774715459476,x=0,z=-0.9204225284540524) PhXZ(a=-0.5795774715459476,x=0,z=-0.9204225284540524)
  │
6 │ Rz(-0.25)                                             Rz(-0.25)
  │
7 │ PhXZ(a=-0.5795774715459476,x=0,z=-0.9204225284540524) PhXZ(a=-0.5795774715459476,x=0,z=-0.9204225284540524)
  │
8 │ Rz(-0.25)                                             Rz(-0.25)
  │
Moment 19:
  ╷ 3         4
╶─┼─────────────────────
5 │ iSwap^0.5 iSwap^0.5
  │ │         │
6 │ iSwap     iSwap
  │
7 │ iSwap^0.5 iSwap^0.5
  │ │         │
8 │ iSwap     iSwap
  │
Moment 20:
  ╷ 3                                      4
╶─┼───────────────────────────────────────────────────────────────────────────────
5 │ PhXZ(a=-0.75,x=0,z=-0.75)              PhXZ(a=-0.75,x=0,z=-0.75)
  │
6 │ PhXZ(a=-1,x=0,z=-0.5)                  PhXZ(a=-1,x=0,z=-0.5)
  │
7 │ PhXZ(a=-1,x=0,z=-0.5)                  PhXZ(a=-1,x=0,z=-0.5)
  │
8 │ PhXZ(a=0.7499999999999998,x=0,z=-0.25) PhXZ(a=0.7499999999999998,x=0,z=-0.25)
  │
Moment 21:
  ╷ 3         4
╶─┼─────────────────────
6 │ iSwap^0.5 iSwap^0.5
  │ │         │
7 │ iSwap     iSwap
  │
Moment 22:
  ╷ 3                                                     4
╶─┼─────────────────────────────────────────────────────────────────────────────────────────────────────────────
6 │ PhXZ(a=-0.5795774715459476,x=0,z=-0.9204225284540524) PhXZ(a=-0.5795774715459476,x=0,z=-0.9204225284540524)
  │
7 │ Rz(-0.25)                                             Rz(-0.25)
  │
Moment 23:
  ╷ 3         4
╶─┼─────────────────────
6 │ iSwap^0.5 iSwap^0.5
  │ │         │
7 │ iSwap     iSwap
  │
Moment 24:
  ╷ 3                                                                      4
╶─┼──────────────────────────────────────────────────────────────────────────────────────────────────────────────────────────────────
5 │ PhXZ(a=0.07957747154594767,x=0.04010328141741558,z=0.9204225284540524) PhXZ(a=0.07957747154594767,x=-0.5,z=-0.07957747154594767)
  │
6 │ PhXZ(a=0.8295774715459476,x=0.04010328141741559,z=0.17042252845405237) PhXZ(a=-0.17042252845405237,x=0.5,z=-0.8295774715459476)
  │
7 │ PhXZ(a=0.32957747154594763,x=0.04010328141741559,z=0.6704225284540524) PhXZ(a=-0.6704225284540524,x=0.5,z=-0.32957747154594763)
  │
8 │ PhXZ(a=0.07957747154594767,x=0.04010328141741558,z=0.9204225284540524) PhXZ(a=0.07957747154594767,x=-0.5,z=-0.07957747154594767)
  │
Moment 25:
  ╷ 3         4
╶─┼─────────────────
5 │ iSwap^0.5─iSwap
  │
6 │ iSwap^0.5─iSwap
  │
7 │ iSwap^0.5─iSwap
  │
8 │ iSwap^0.5─iSwap
  │
Moment 26:
  ╷ 3
╶─┼───────────────────────────────────────
5 │ PhXZ(a=1,x=-0.11283656610933077,z=-1)
  │
6 │ PhXZ(a=1,x=-0.11283656610933077,z=-1)
  │
7 │ PhXZ(a=1,x=-0.11283656610933077,z=-1)
  │
8 │ PhXZ(a=1,x=-0.11283656610933077,z=-1)
  │
Moment 27:
  ╷ 3         4
╶─┼─────────────────
5 │ iSwap^0.5─iSwap
  │
6 │ iSwap^0.5─iSwap
  │
7 │ iSwap^0.5─iSwap
  │
8 │ iSwap^0.5─iSwap
  │
Moment 28:
  ╷ 3                                       4
╶─┼──────────────────────────────────────────────────────────────────────────────────────
5 │ PhXZ(a=0,x=0.04010328141741559,z=-0.25) PhXZ(a=0,x=0.5,z=-0.25)
  │
6 │ PhXZ(a=0,x=0.04010328141741559,z=0.25)  PhXZ(a=-1.1102230246251565e-16,x=0.5,z=0.25)
  │
7 │ PhXZ(a=0,x=0.04010328141741559,z=-0.25) PhXZ(a=0,x=0.5,z=-0.25)
  │
8 │ PhXZ(a=0,x=0.04010328141741559,z=0.25)  PhXZ(a=-1.1102230246251565e-16,x=0.5,z=0.25)
  │
Moment 29:
  ╷ 3         4
╶─┼─────────────────────
5 │ iSwap^0.5 iSwap^0.5
  │ │         │
6 │ iSwap     iSwap
  │
7 │ iSwap^0.5 iSwap^0.5
  │ │         │
8 │ iSwap     iSwap
  │
Moment 30:
  ╷ 3                                                     4
╶─┼─────────────────────────────────────────────────────────────────────────────────────────────────────────────
5 │ PhXZ(a=-0.5795774715459476,x=0,z=-0.9204225284540524) PhXZ(a=-0.5795774715459476,x=0,z=-0.9204225284540524)
  │
6 │ Rz(-0.25)                                             Rz(-0.25)
  │
7 │ PhXZ(a=-0.5795774715459476,x=0,z=-0.9204225284540524) PhXZ(a=-0.5795774715459476,x=0,z=-0.9204225284540524)
  │
8 │ Rz(-0.25)                                             Rz(-0.25)
  │
Moment 31:
  ╷ 3         4
╶─┼─────────────────────
5 │ iSwap^0.5 iSwap^0.5
  │ │         │
6 │ iSwap     iSwap
  │
7 │ iSwap^0.5 iSwap^0.5
  │ │         │
8 │ iSwap     iSwap
  │
Moment 32:
  ╷ 3                                      4
╶─┼───────────────────────────────────────────────────────────────────────────────
5 │ PhXZ(a=-0.75,x=0,z=-0.75)              PhXZ(a=-0.75,x=0,z=-0.75)
  │
6 │ PhXZ(a=-1,x=0,z=-0.5)                  PhXZ(a=-1,x=0,z=-0.5)
  │
7 │ PhXZ(a=-1,x=0,z=-0.5)                  PhXZ(a=-1,x=0,z=-0.5)
  │
8 │ PhXZ(a=0.7499999999999998,x=0,z=-0.25) PhXZ(a=0.7499999999999998,x=0,z=-0.25)
  │
Moment 33:
  ╷ 3         4
╶─┼─────────────────────
6 │ iSwap^0.5 iSwap^0.5
  │ │         │
7 │ iSwap     iSwap
  │
Moment 34:
  ╷ 3                                                     4
╶─┼─────────────────────────────────────────────────────────────────────────────────────────────────────────────
6 │ PhXZ(a=-0.5795774715459476,x=0,z=-0.9204225284540524) PhXZ(a=-0.5795774715459476,x=0,z=-0.9204225284540524)
  │
7 │ Rz(-0.25)                                             Rz(-0.25)
  │
Moment 35:
  ╷ 3         4
╶─┼─────────────────────
6 │ iSwap^0.5 iSwap^0.5
  │ │         │
7 │ iSwap     iSwap
  │
Moment 36:
  ╷ 3                                      4
╶─┼───────────────────────────────────────────────────────────────────────────────
6 │ PhXZ(a=-0.75,x=0,z=-0.75)              PhXZ(a=-0.75,x=0,z=-0.75)
  │
7 │ PhXZ(a=0.7499999999999998,x=0,z=-0.25) PhXZ(a=0.7499999999999998,x=0,z=-0.25)
  │
Moment 37:
  ╷ 3         4
╶─┼─────────────────────
5 │ iSwap^0.5 iSwap^0.5
  │ │         │
6 │ iSwap     iSwap
  │
7 │ iSwap^0.5 iSwap^0.5
  │ │         │
8 │ iSwap     iSwap
  │
Moment 38:
  ╷ 3                       4
╶─┼─────────────────────────────────────────────────
5 │ Rz(3.9269908169872414)  Rz(3.9269908169872414)
  │
6 │ Rz(-0.7853981633974483) Rz(-0.7853981633974483)
  │
7 │ Rz(3.9269908169872414)  Rz(3.9269908169872414)
  │
8 │ Rz(-0.7853981633974483) Rz(-0.7853981633974483)
  │
Moment 39:
  ╷ 3         4
╶─┼─────────────────────
5 │ iSwap^0.5 iSwap^0.5
  │ │         │
6 │ iSwap     iSwap
  │
7 │ iSwap^0.5 iSwap^0.5
  │ │         │
8 │ iSwap     iSwap
  │
Moment 40:
  ╷ 3                 4
╶─┼─────────────────────────────────────
5 │ Z                 Z
  │
6 │ PhXZ(a=0,x=0,z=0) PhXZ(a=0,x=0,z=0)
  │
7 │ Z                 Z
  │
8 │ PhXZ(a=0,x=0,z=0) PhXZ(a=0,x=0,z=0)
  │
Moment 41:
  ╷ 3      4
╶─┼──────────
5 │ M('x')─M
  │ │      │
6 │ M      M
  │ │      │
7 │ M      M
  │ │      │
8 │ M      M
  │

2021-09-14 06:49:03,644 - fhvqe.experiment:82 - DEBUG - Preparing analysis function for horiz
2021-09-14 06:49:03,644 - fhvqe.vqe_experiment:940 - DEBUG - horiz1:

2021-09-14 06:49:03,645 - fhvqe.experiment:658 - INFO - Preparing executables.
2021-09-14 06:49:03,645 - fhvqe.experiment:662 - DEBUG - ansatz with params: [[0.296 0.719 0.843]
 [0.73  0.598 0.206]]
2021-09-14 06:49:03,664 - fhvqe.experiment:553 - DEBUG - number of moments preoptimization: 51
2021-09-14 06:49:03,673 - fhvqe.experiment:554 - DEBUG - depth preoptimization: 51
2021-09-14 06:49:03,750 - fhvqe.experiment:595 - DEBUG - number of moments post-optimization and calibration: 37
2021-09-14 06:49:03,756 - fhvqe.experiment:596 - DEBUG - depth post-optimization and calibration: 37
2021-09-14 06:49:03,769 - fhvqe.experiment:553 - DEBUG - number of moments preoptimization: 55
2021-09-14 06:49:03,779 - fhvqe.experiment:554 - DEBUG - depth preoptimization: 55
2021-09-14 06:49:03,855 - fhvqe.experiment:595 - DEBUG - number of moments post-optimization and calibration: 41
2021-09-14 06:49:03,862 - fhvqe.experiment:596 - DEBUG - depth post-optimization and calibration: 41
2021-09-14 06:49:03,876 - fhvqe.experiment:553 - DEBUG - number of moments preoptimization: 49
2021-09-14 06:49:03,887 - fhvqe.experiment:554 - DEBUG - depth preoptimization: 49
2021-09-14 06:49:03,959 - fhvqe.experiment:595 - DEBUG - number of moments post-optimization and calibration: 37
2021-09-14 06:49:03,965 - fhvqe.experiment:596 - DEBUG - depth post-optimization and calibration: 37
2021-09-14 06:49:03,975 - fhvqe.experiment:662 - DEBUG - ansatz with params: [[-0.296 -0.719 -0.843]
 [-0.73  -0.598 -0.206]]
2021-09-14 06:49:03,994 - fhvqe.experiment:553 - DEBUG - number of moments preoptimization: 51
2021-09-14 06:49:04,003 - fhvqe.experiment:554 - DEBUG - depth preoptimization: 51
2021-09-14 06:49:04,076 - fhvqe.experiment:595 - DEBUG - number of moments post-optimization and calibration: 37
2021-09-14 06:49:04,082 - fhvqe.experiment:596 - DEBUG - depth post-optimization and calibration: 37
2021-09-14 06:49:04,095 - fhvqe.experiment:553 - DEBUG - number of moments preoptimization: 55
2021-09-14 06:49:04,104 - fhvqe.experiment:554 - DEBUG - depth preoptimization: 55
2021-09-14 06:49:04,179 - fhvqe.experiment:595 - DEBUG - number of moments post-optimization and calibration: 41
2021-09-14 06:49:04,187 - fhvqe.experiment:596 - DEBUG - depth post-optimization and calibration: 41
2021-09-14 06:49:04,202 - fhvqe.experiment:553 - DEBUG - number of moments preoptimization: 49
2021-09-14 06:49:04,211 - fhvqe.experiment:554 - DEBUG - depth preoptimization: 49
2021-09-14 06:49:04,286 - fhvqe.experiment:595 - DEBUG - number of moments post-optimization and calibration: 37
2021-09-14 06:49:04,291 - fhvqe.experiment:596 - DEBUG - depth post-optimization and calibration: 37
2021-09-14 06:49:04,302 - fhvqe.experiment:662 - DEBUG - ansatz with params: [[0.    0.719 0.843]
 [0.    0.598 0.206]]
2021-09-14 06:49:04,321 - fhvqe.experiment:553 - DEBUG - number of moments preoptimization: 51
2021-09-14 06:49:04,330 - fhvqe.experiment:554 - DEBUG - depth preoptimization: 51
2021-09-14 06:49:04,403 - fhvqe.experiment:595 - DEBUG - number of moments post-optimization and calibration: 37
2021-09-14 06:49:04,410 - fhvqe.experiment:596 - DEBUG - depth post-optimization and calibration: 37
2021-09-14 06:49:04,422 - fhvqe.experiment:553 - DEBUG - number of moments preoptimization: 55
2021-09-14 06:49:04,431 - fhvqe.experiment:554 - DEBUG - depth preoptimization: 55
2021-09-14 06:49:04,505 - fhvqe.experiment:595 - DEBUG - number of moments post-optimization and calibration: 41
2021-09-14 06:49:04,512 - fhvqe.experiment:596 - DEBUG - depth post-optimization and calibration: 41
2021-09-14 06:49:04,526 - fhvqe.experiment:553 - DEBUG - number of moments preoptimization: 49
2021-09-14 06:49:04,534 - fhvqe.experiment:554 - DEBUG - depth preoptimization: 49
2021-09-14 06:49:04,601 - fhvqe.experiment:595 - DEBUG - number of moments post-optimization and calibration: 37
2021-09-14 06:49:04,607 - fhvqe.experiment:596 - DEBUG - depth post-optimization and calibration: 37
2021-09-14 06:49:04,617 - fhvqe.experiment:662 - DEBUG - ansatz with params: [[ 0.    -0.719 -0.843]
 [ 0.    -0.598 -0.206]]
2021-09-14 06:49:04,636 - fhvqe.experiment:553 - DEBUG - number of moments preoptimization: 51
2021-09-14 06:49:04,645 - fhvqe.experiment:554 - DEBUG - depth preoptimization: 51
2021-09-14 06:49:04,720 - fhvqe.experiment:595 - DEBUG - number of moments post-optimization and calibration: 37
2021-09-14 06:49:04,726 - fhvqe.experiment:596 - DEBUG - depth post-optimization and calibration: 37
2021-09-14 06:49:04,738 - fhvqe.experiment:553 - DEBUG - number of moments preoptimization: 55
2021-09-14 06:49:04,751 - fhvqe.experiment:554 - DEBUG - depth preoptimization: 55
2021-09-14 06:49:04,832 - fhvqe.experiment:595 - DEBUG - number of moments post-optimization and calibration: 41
2021-09-14 06:49:04,841 - fhvqe.experiment:596 - DEBUG - depth post-optimization and calibration: 41
2021-09-14 06:49:04,862 - fhvqe.experiment:553 - DEBUG - number of moments preoptimization: 49
2021-09-14 06:49:04,870 - fhvqe.experiment:554 - DEBUG - depth preoptimization: 49
2021-09-14 06:49:04,949 - fhvqe.experiment:595 - DEBUG - number of moments post-optimization and calibration: 37
2021-09-14 06:49:04,955 - fhvqe.experiment:596 - DEBUG - depth post-optimization and calibration: 37
2021-09-14 06:49:46,769 - fhvqe.experiment:151 - DEBUG - Preparing exact analysis function for onsite
2021-09-14 06:49:46,770 - fhvqe.experiment:151 - DEBUG - Preparing exact analysis function for horiz
2021-09-14 06:49:46,771 - fhvqe.experiment:151 - DEBUG - Preparing exact analysis function for horiz
2021-09-14 06:49:46,772 - fhvqe.error_mitigation:1235 - INFO - About to mitigate, theta=[[0.296, 0.719, 0.843], [0.73, 0.598, 0.206]]
2021-09-14 06:49:46,773 - fhvqe.error_mitigation:1298 - DEBUG - About to run TFLO, params=[[[0, 3.18362, 6.2764], [0, 3.8246, 5.84549]], [[0, 2.6901, 2.99716], [0, 3.34154, 1.63886]], [[0, 0.841172, 0.857071], [0, 2.83507, 0.132099]], [[0, 0.919596, 3.58906], [0, 2.34207, 4.81843]], [[0, 2.02167, 0.711094], [0, 2.87848, 1.92383]], [[0, 3.07888, 1.31344], [0, 4.01245, 3.64854]], [[0, 5.49346, 5.73656], [0, 1.32223, 3.05705]], [[0, 5.44561, 1.68616], [0, 5.99541, 0.440987]], [[0, 5.75192, 6.00118], [0, 4.30115, 3.98124]], [[0, 3.7131, 0.592184], [0, 4.51095, 4.07368]], [[0, 2.7152, 1.86577], [0, 0.588014, 2.06039]], [[0, 2.57569, 4.7256], [0, 3.85901, 0.371302]], [[0, 4.65032, 0.953688], [0, 4.94274, 3.13591]], [[0, 0.299448, 3.22459], [0, 4.5425, 2.32293]], [[0, 5.54704, 4.13572], [0, 4.5425, 2.32293]], [[0, 4.016, 5.5268], [0, 4.80713, 0.271348]], [[0, 0.719, 0.843], [0, 0.598, 0.206]], [[0.296, 0.719, 0.843], [0.73, 0.598, 0.206]], [[0, -3.18362, -6.2764], [0, -3.8246, -5.84549]], [[0, -2.6901, -2.99716], [0, -3.34154, -1.63886]], [[0, -0.841172, -0.857071], [0, -2.83507, -0.132099]], [[0, -0.919596, -3.58906], [0, -2.34207, -4.81843]], [[0, -2.02167, -0.711094], [0, -2.87848, -1.92383]], [[0, -3.07888, -1.31344], [0, -4.01245, -3.64854]], [[0, -5.49346, -5.73656], [0, -1.32223, -3.05705]], [[0, -5.44561, -1.68616], [0, -5.99541, -0.440987]], [[0, -5.75192, -6.00118], [0, -4.30115, -3.98124]], [[0, -3.7131, -0.592184], [0, -4.51095, -4.07368]], [[0, -2.7152, -1.86577], [0, -0.588014, -2.06039]], [[0, -2.57569, -4.7256], [0, -3.85901, -0.371302]], [[0, -4.65032, -0.953688], [0, -4.94274, -3.13591]], [[0, -0.299448, -3.22459], [0, -4.5425, -2.32293]], [[0, -5.54704, -4.13572], [0, -4.5425, -2.32293]], [[0, -4.016, -5.5268], [0, -4.80713, -0.271348]], [[0, -0.719, -0.843], [0, -0.598, -0.206]], [[-0.296, -0.719, -0.843], [-0.73, -0.598, -0.206]]]
2021-09-14 06:49:46,773 - fhvqe.experiment:658 - INFO - Preparing executables.
2021-09-14 06:49:46,773 - fhvqe.experiment:662 - DEBUG - ansatz with params: [[0.      3.18362 6.2764 ]
 [0.      3.8246  5.84549]]
2021-09-14 06:49:46,794 - fhvqe.experiment:553 - DEBUG - number of moments preoptimization: 51
2021-09-14 06:49:46,802 - fhvqe.experiment:554 - DEBUG - depth preoptimization: 51
2021-09-14 06:49:46,879 - fhvqe.experiment:595 - DEBUG - number of moments post-optimization and calibration: 37
2021-09-14 06:49:46,885 - fhvqe.experiment:596 - DEBUG - depth post-optimization and calibration: 37
2021-09-14 06:49:46,897 - fhvqe.experiment:553 - DEBUG - number of moments preoptimization: 55
2021-09-14 06:49:46,906 - fhvqe.experiment:554 - DEBUG - depth preoptimization: 55
2021-09-14 06:49:46,979 - fhvqe.experiment:595 - DEBUG - number of moments post-optimization and calibration: 41
2021-09-14 06:49:46,986 - fhvqe.experiment:596 - DEBUG - depth post-optimization and calibration: 41
2021-09-14 06:49:47,001 - fhvqe.experiment:553 - DEBUG - number of moments preoptimization: 49
2021-09-14 06:49:47,009 - fhvqe.experiment:554 - DEBUG - depth preoptimization: 49
2021-09-14 06:49:47,075 - fhvqe.experiment:595 - DEBUG - number of moments post-optimization and calibration: 37
2021-09-14 06:49:47,081 - fhvqe.experiment:596 - DEBUG - depth post-optimization and calibration: 37
2021-09-14 06:49:47,091 - fhvqe.experiment:662 - DEBUG - ansatz with params: [[0.      2.6901  2.99716]
 [0.      3.34154 1.63886]]
2021-09-14 06:49:47,110 - fhvqe.experiment:553 - DEBUG - number of moments preoptimization: 51
2021-09-14 06:49:47,118 - fhvqe.experiment:554 - DEBUG - depth preoptimization: 51
2021-09-14 06:49:47,191 - fhvqe.experiment:595 - DEBUG - number of moments post-optimization and calibration: 37
2021-09-14 06:49:47,198 - fhvqe.experiment:596 - DEBUG - depth post-optimization and calibration: 37
2021-09-14 06:49:47,210 - fhvqe.experiment:553 - DEBUG - number of moments preoptimization: 55
2021-09-14 06:49:47,219 - fhvqe.experiment:554 - DEBUG - depth preoptimization: 55
2021-09-14 06:49:47,293 - fhvqe.experiment:595 - DEBUG - number of moments post-optimization and calibration: 41
2021-09-14 06:49:47,300 - fhvqe.experiment:596 - DEBUG - depth post-optimization and calibration: 41
2021-09-14 06:49:47,314 - fhvqe.experiment:553 - DEBUG - number of moments preoptimization: 49
2021-09-14 06:49:47,322 - fhvqe.experiment:554 - DEBUG - depth preoptimization: 49
2021-09-14 06:49:47,389 - fhvqe.experiment:595 - DEBUG - number of moments post-optimization and calibration: 37
2021-09-14 06:49:47,395 - fhvqe.experiment:596 - DEBUG - depth post-optimization and calibration: 37
2021-09-14 06:49:47,405 - fhvqe.experiment:662 - DEBUG - ansatz with params: [[0.       0.841172 0.857071]
 [0.       2.83507  0.132099]]
2021-09-14 06:49:47,424 - fhvqe.experiment:553 - DEBUG - number of moments preoptimization: 51
2021-09-14 06:49:47,433 - fhvqe.experiment:554 - DEBUG - depth preoptimization: 51
2021-09-14 06:49:47,505 - fhvqe.experiment:595 - DEBUG - number of moments post-optimization and calibration: 37
2021-09-14 06:49:47,511 - fhvqe.experiment:596 - DEBUG - depth post-optimization and calibration: 37
2021-09-14 06:49:47,523 - fhvqe.experiment:553 - DEBUG - number of moments preoptimization: 55
2021-09-14 06:49:47,533 - fhvqe.experiment:554 - DEBUG - depth preoptimization: 55
2021-09-14 06:49:47,606 - fhvqe.experiment:595 - DEBUG - number of moments post-optimization and calibration: 41
2021-09-14 06:49:47,612 - fhvqe.experiment:596 - DEBUG - depth post-optimization and calibration: 41
2021-09-14 06:49:47,626 - fhvqe.experiment:553 - DEBUG - number of moments preoptimization: 49
2021-09-14 06:49:47,635 - fhvqe.experiment:554 - DEBUG - depth preoptimization: 49
2021-09-14 06:49:47,702 - fhvqe.experiment:595 - DEBUG - number of moments post-optimization and calibration: 37
2021-09-14 06:49:47,708 - fhvqe.experiment:596 - DEBUG - depth post-optimization and calibration: 37
2021-09-14 06:49:47,717 - fhvqe.experiment:662 - DEBUG - ansatz with params: [[0.       0.919596 3.58906 ]
 [0.       2.34207  4.81843 ]]
2021-09-14 06:49:47,737 - fhvqe.experiment:553 - DEBUG - number of moments preoptimization: 51
2021-09-14 06:49:47,745 - fhvqe.experiment:554 - DEBUG - depth preoptimization: 51
2021-09-14 06:49:47,818 - fhvqe.experiment:595 - DEBUG - number of moments post-optimization and calibration: 37
2021-09-14 06:49:47,824 - fhvqe.experiment:596 - DEBUG - depth post-optimization and calibration: 37
2021-09-14 06:49:47,836 - fhvqe.experiment:553 - DEBUG - number of moments preoptimization: 55
2021-09-14 06:49:47,845 - fhvqe.experiment:554 - DEBUG - depth preoptimization: 55
2021-09-14 06:49:47,919 - fhvqe.experiment:595 - DEBUG - number of moments post-optimization and calibration: 41
2021-09-14 06:49:47,925 - fhvqe.experiment:596 - DEBUG - depth post-optimization and calibration: 41
2021-09-14 06:49:47,939 - fhvqe.experiment:553 - DEBUG - number of moments preoptimization: 49
2021-09-14 06:49:47,948 - fhvqe.experiment:554 - DEBUG - depth preoptimization: 49
2021-09-14 06:49:48,020 - fhvqe.experiment:595 - DEBUG - number of moments post-optimization and calibration: 37
2021-09-14 06:49:48,025 - fhvqe.experiment:596 - DEBUG - depth post-optimization and calibration: 37
2021-09-14 06:49:48,035 - fhvqe.experiment:662 - DEBUG - ansatz with params: [[0.       2.02167  0.711094]
 [0.       2.87848  1.92383 ]]
2021-09-14 06:49:48,054 - fhvqe.experiment:553 - DEBUG - number of moments preoptimization: 51
2021-09-14 06:49:48,063 - fhvqe.experiment:554 - DEBUG - depth preoptimization: 51
2021-09-14 06:49:48,136 - fhvqe.experiment:595 - DEBUG - number of moments post-optimization and calibration: 37
2021-09-14 06:49:48,142 - fhvqe.experiment:596 - DEBUG - depth post-optimization and calibration: 37
2021-09-14 06:49:48,154 - fhvqe.experiment:553 - DEBUG - number of moments preoptimization: 55
2021-09-14 06:49:48,163 - fhvqe.experiment:554 - DEBUG - depth preoptimization: 55
2021-09-14 06:49:48,235 - fhvqe.experiment:595 - DEBUG - number of moments post-optimization and calibration: 41
2021-09-14 06:49:48,242 - fhvqe.experiment:596 - DEBUG - depth post-optimization and calibration: 41
2021-09-14 06:49:48,256 - fhvqe.experiment:553 - DEBUG - number of moments preoptimization: 49
2021-09-14 06:49:48,264 - fhvqe.experiment:554 - DEBUG - depth preoptimization: 49
2021-09-14 06:49:48,330 - fhvqe.experiment:595 - DEBUG - number of moments post-optimization and calibration: 37
2021-09-14 06:49:48,336 - fhvqe.experiment:596 - DEBUG - depth post-optimization and calibration: 37
2021-09-14 06:49:48,346 - fhvqe.experiment:662 - DEBUG - ansatz with params: [[0.      3.07888 1.31344]
 [0.      4.01245 3.64854]]
2021-09-14 06:49:48,365 - fhvqe.experiment:553 - DEBUG - number of moments preoptimization: 51
2021-09-14 06:49:48,373 - fhvqe.experiment:554 - DEBUG - depth preoptimization: 51
2021-09-14 06:49:48,449 - fhvqe.experiment:595 - DEBUG - number of moments post-optimization and calibration: 37
2021-09-14 06:49:48,455 - fhvqe.experiment:596 - DEBUG - depth post-optimization and calibration: 37
2021-09-14 06:49:48,467 - fhvqe.experiment:553 - DEBUG - number of moments preoptimization: 55
2021-09-14 06:49:48,476 - fhvqe.experiment:554 - DEBUG - depth preoptimization: 55
2021-09-14 06:49:48,549 - fhvqe.experiment:595 - DEBUG - number of moments post-optimization and calibration: 41
2021-09-14 06:49:48,556 - fhvqe.experiment:596 - DEBUG - depth post-optimization and calibration: 41
2021-09-14 06:49:48,569 - fhvqe.experiment:553 - DEBUG - number of moments preoptimization: 49
2021-09-14 06:49:48,577 - fhvqe.experiment:554 - DEBUG - depth preoptimization: 49
2021-09-14 06:49:48,645 - fhvqe.experiment:595 - DEBUG - number of moments post-optimization and calibration: 37
2021-09-14 06:49:48,651 - fhvqe.experiment:596 - DEBUG - depth post-optimization and calibration: 37
2021-09-14 06:49:48,660 - fhvqe.experiment:662 - DEBUG - ansatz with params: [[0.      5.49346 5.73656]
 [0.      1.32223 3.05705]]
2021-09-14 06:49:48,680 - fhvqe.experiment:553 - DEBUG - number of moments preoptimization: 51
2021-09-14 06:49:48,689 - fhvqe.experiment:554 - DEBUG - depth preoptimization: 51
2021-09-14 06:49:48,762 - fhvqe.experiment:595 - DEBUG - number of moments post-optimization and calibration: 37
2021-09-14 06:49:48,768 - fhvqe.experiment:596 - DEBUG - depth post-optimization and calibration: 37
2021-09-14 06:49:48,779 - fhvqe.experiment:553 - DEBUG - number of moments preoptimization: 55
2021-09-14 06:49:48,789 - fhvqe.experiment:554 - DEBUG - depth preoptimization: 55
2021-09-14 06:49:48,863 - fhvqe.experiment:595 - DEBUG - number of moments post-optimization and calibration: 41
2021-09-14 06:49:48,870 - fhvqe.experiment:596 - DEBUG - depth post-optimization and calibration: 41
2021-09-14 06:49:48,885 - fhvqe.experiment:553 - DEBUG - number of moments preoptimization: 49
2021-09-14 06:49:48,892 - fhvqe.experiment:554 - DEBUG - depth preoptimization: 49
2021-09-14 06:49:48,959 - fhvqe.experiment:595 - DEBUG - number of moments post-optimization and calibration: 37
2021-09-14 06:49:48,965 - fhvqe.experiment:596 - DEBUG - depth post-optimization and calibration: 37
2021-09-14 06:49:48,974 - fhvqe.experiment:662 - DEBUG - ansatz with params: [[0.       5.44561  1.68616 ]
 [0.       5.99541  0.440987]]
2021-09-14 06:49:48,994 - fhvqe.experiment:553 - DEBUG - number of moments preoptimization: 51
2021-09-14 06:49:49,002 - fhvqe.experiment:554 - DEBUG - depth preoptimization: 51
2021-09-14 06:49:49,075 - fhvqe.experiment:595 - DEBUG - number of moments post-optimization and calibration: 37
2021-09-14 06:49:49,080 - fhvqe.experiment:596 - DEBUG - depth post-optimization and calibration: 37
2021-09-14 06:49:49,092 - fhvqe.experiment:553 - DEBUG - number of moments preoptimization: 55
2021-09-14 06:49:49,102 - fhvqe.experiment:554 - DEBUG - depth preoptimization: 55
2021-09-14 06:49:49,175 - fhvqe.experiment:595 - DEBUG - number of moments post-optimization and calibration: 41
2021-09-14 06:49:49,182 - fhvqe.experiment:596 - DEBUG - depth post-optimization and calibration: 41
2021-09-14 06:49:49,196 - fhvqe.experiment:553 - DEBUG - number of moments preoptimization: 49
2021-09-14 06:49:49,204 - fhvqe.experiment:554 - DEBUG - depth preoptimization: 49
2021-09-14 06:49:49,270 - fhvqe.experiment:595 - DEBUG - number of moments post-optimization and calibration: 37
2021-09-14 06:49:49,276 - fhvqe.experiment:596 - DEBUG - depth post-optimization and calibration: 37
2021-09-14 06:49:49,286 - fhvqe.experiment:662 - DEBUG - ansatz with params: [[0.      5.75192 6.00118]
 [0.      4.30115 3.98124]]
2021-09-14 06:49:49,305 - fhvqe.experiment:553 - DEBUG - number of moments preoptimization: 51
2021-09-14 06:49:49,313 - fhvqe.experiment:554 - DEBUG - depth preoptimization: 51
2021-09-14 06:49:49,387 - fhvqe.experiment:595 - DEBUG - number of moments post-optimization and calibration: 37
2021-09-14 06:49:49,393 - fhvqe.experiment:596 - DEBUG - depth post-optimization and calibration: 37
2021-09-14 06:49:49,405 - fhvqe.experiment:553 - DEBUG - number of moments preoptimization: 55
2021-09-14 06:49:49,414 - fhvqe.experiment:554 - DEBUG - depth preoptimization: 55
2021-09-14 06:49:49,487 - fhvqe.experiment:595 - DEBUG - number of moments post-optimization and calibration: 41
2021-09-14 06:49:49,494 - fhvqe.experiment:596 - DEBUG - depth post-optimization and calibration: 41
2021-09-14 06:49:49,507 - fhvqe.experiment:553 - DEBUG - number of moments preoptimization: 49
2021-09-14 06:49:49,516 - fhvqe.experiment:554 - DEBUG - depth preoptimization: 49
2021-09-14 06:49:49,581 - fhvqe.experiment:595 - DEBUG - number of moments post-optimization and calibration: 37
2021-09-14 06:49:49,588 - fhvqe.experiment:596 - DEBUG - depth post-optimization and calibration: 37
2021-09-14 06:49:49,598 - fhvqe.experiment:662 - DEBUG - ansatz with params: [[0.       3.7131   0.592184]
 [0.       4.51095  4.07368 ]]
2021-09-14 06:49:49,617 - fhvqe.experiment:553 - DEBUG - number of moments preoptimization: 51
2021-09-14 06:49:49,625 - fhvqe.experiment:554 - DEBUG - depth preoptimization: 51
2021-09-14 06:49:49,699 - fhvqe.experiment:595 - DEBUG - number of moments post-optimization and calibration: 37
2021-09-14 06:49:49,704 - fhvqe.experiment:596 - DEBUG - depth post-optimization and calibration: 37
2021-09-14 06:49:49,717 - fhvqe.experiment:553 - DEBUG - number of moments preoptimization: 55
2021-09-14 06:49:49,727 - fhvqe.experiment:554 - DEBUG - depth preoptimization: 55
2021-09-14 06:49:49,802 - fhvqe.experiment:595 - DEBUG - number of moments post-optimization and calibration: 41
2021-09-14 06:49:49,809 - fhvqe.experiment:596 - DEBUG - depth post-optimization and calibration: 41
2021-09-14 06:49:49,824 - fhvqe.experiment:553 - DEBUG - number of moments preoptimization: 49
2021-09-14 06:49:49,832 - fhvqe.experiment:554 - DEBUG - depth preoptimization: 49
2021-09-14 06:49:49,899 - fhvqe.experiment:595 - DEBUG - number of moments post-optimization and calibration: 37
2021-09-14 06:49:49,905 - fhvqe.experiment:596 - DEBUG - depth post-optimization and calibration: 37
2021-09-14 06:49:49,914 - fhvqe.experiment:662 - DEBUG - ansatz with params: [[0.       2.7152   1.86577 ]
 [0.       0.588014 2.06039 ]]
2021-09-14 06:49:49,934 - fhvqe.experiment:553 - DEBUG - number of moments preoptimization: 51
2021-09-14 06:49:49,943 - fhvqe.experiment:554 - DEBUG - depth preoptimization: 51
2021-09-14 06:49:50,015 - fhvqe.experiment:595 - DEBUG - number of moments post-optimization and calibration: 37
2021-09-14 06:49:50,021 - fhvqe.experiment:596 - DEBUG - depth post-optimization and calibration: 37
2021-09-14 06:49:50,034 - fhvqe.experiment:553 - DEBUG - number of moments preoptimization: 55
2021-09-14 06:49:50,043 - fhvqe.experiment:554 - DEBUG - depth preoptimization: 55
2021-09-14 06:49:50,118 - fhvqe.experiment:595 - DEBUG - number of moments post-optimization and calibration: 41
2021-09-14 06:49:50,125 - fhvqe.experiment:596 - DEBUG - depth post-optimization and calibration: 41
2021-09-14 06:49:50,139 - fhvqe.experiment:553 - DEBUG - number of moments preoptimization: 49
2021-09-14 06:49:50,147 - fhvqe.experiment:554 - DEBUG - depth preoptimization: 49
2021-09-14 06:49:50,213 - fhvqe.experiment:595 - DEBUG - number of moments post-optimization and calibration: 37
2021-09-14 06:49:50,219 - fhvqe.experiment:596 - DEBUG - depth post-optimization and calibration: 37
2021-09-14 06:49:50,229 - fhvqe.experiment:662 - DEBUG - ansatz with params: [[0.       2.57569  4.7256  ]
 [0.       3.85901  0.371302]]
2021-09-14 06:49:50,248 - fhvqe.experiment:553 - DEBUG - number of moments preoptimization: 51
2021-09-14 06:49:50,256 - fhvqe.experiment:554 - DEBUG - depth preoptimization: 51
2021-09-14 06:49:50,329 - fhvqe.experiment:595 - DEBUG - number of moments post-optimization and calibration: 37
2021-09-14 06:49:50,335 - fhvqe.experiment:596 - DEBUG - depth post-optimization and calibration: 37
2021-09-14 06:49:50,347 - fhvqe.experiment:553 - DEBUG - number of moments preoptimization: 55
2021-09-14 06:49:50,357 - fhvqe.experiment:554 - DEBUG - depth preoptimization: 55
2021-09-14 06:49:50,430 - fhvqe.experiment:595 - DEBUG - number of moments post-optimization and calibration: 41
2021-09-14 06:49:50,437 - fhvqe.experiment:596 - DEBUG - depth post-optimization and calibration: 41
2021-09-14 06:49:50,451 - fhvqe.experiment:553 - DEBUG - number of moments preoptimization: 49
2021-09-14 06:49:50,460 - fhvqe.experiment:554 - DEBUG - depth preoptimization: 49
2021-09-14 06:49:50,526 - fhvqe.experiment:595 - DEBUG - number of moments post-optimization and calibration: 37
2021-09-14 06:49:50,531 - fhvqe.experiment:596 - DEBUG - depth post-optimization and calibration: 37
2021-09-14 06:49:50,541 - fhvqe.experiment:662 - DEBUG - ansatz with params: [[0.       4.65032  0.953688]
 [0.       4.94274  3.13591 ]]
2021-09-14 06:49:50,561 - fhvqe.experiment:553 - DEBUG - number of moments preoptimization: 51
2021-09-14 06:49:50,569 - fhvqe.experiment:554 - DEBUG - depth preoptimization: 51
2021-09-14 06:49:50,642 - fhvqe.experiment:595 - DEBUG - number of moments post-optimization and calibration: 37
2021-09-14 06:49:50,648 - fhvqe.experiment:596 - DEBUG - depth post-optimization and calibration: 37
2021-09-14 06:49:50,660 - fhvqe.experiment:553 - DEBUG - number of moments preoptimization: 55
2021-09-14 06:49:50,670 - fhvqe.experiment:554 - DEBUG - depth preoptimization: 55
2021-09-14 06:49:50,742 - fhvqe.experiment:595 - DEBUG - number of moments post-optimization and calibration: 41
2021-09-14 06:49:50,749 - fhvqe.experiment:596 - DEBUG - depth post-optimization and calibration: 41
2021-09-14 06:49:50,765 - fhvqe.experiment:553 - DEBUG - number of moments preoptimization: 49
2021-09-14 06:49:50,773 - fhvqe.experiment:554 - DEBUG - depth preoptimization: 49
2021-09-14 06:49:50,839 - fhvqe.experiment:595 - DEBUG - number of moments post-optimization and calibration: 37
2021-09-14 06:49:50,845 - fhvqe.experiment:596 - DEBUG - depth post-optimization and calibration: 37
2021-09-14 06:49:50,855 - fhvqe.experiment:662 - DEBUG - ansatz with params: [[0.       0.299448 3.22459 ]
 [0.       4.5425   2.32293 ]]
2021-09-14 06:49:50,874 - fhvqe.experiment:553 - DEBUG - number of moments preoptimization: 51
2021-09-14 06:49:50,882 - fhvqe.experiment:554 - DEBUG - depth preoptimization: 51
2021-09-14 06:49:50,955 - fhvqe.experiment:595 - DEBUG - number of moments post-optimization and calibration: 37
2021-09-14 06:49:50,961 - fhvqe.experiment:596 - DEBUG - depth post-optimization and calibration: 37
2021-09-14 06:49:50,973 - fhvqe.experiment:553 - DEBUG - number of moments preoptimization: 55
2021-09-14 06:49:50,982 - fhvqe.experiment:554 - DEBUG - depth preoptimization: 55
2021-09-14 06:49:51,055 - fhvqe.experiment:595 - DEBUG - number of moments post-optimization and calibration: 41
2021-09-14 06:49:51,062 - fhvqe.experiment:596 - DEBUG - depth post-optimization and calibration: 41
2021-09-14 06:49:51,076 - fhvqe.experiment:553 - DEBUG - number of moments preoptimization: 49
2021-09-14 06:49:51,084 - fhvqe.experiment:554 - DEBUG - depth preoptimization: 49
2021-09-14 06:49:51,151 - fhvqe.experiment:595 - DEBUG - number of moments post-optimization and calibration: 37
2021-09-14 06:49:51,157 - fhvqe.experiment:596 - DEBUG - depth post-optimization and calibration: 37
2021-09-14 06:49:51,167 - fhvqe.experiment:662 - DEBUG - ansatz with params: [[0.      5.54704 4.13572]
 [0.      4.5425  2.32293]]
2021-09-14 06:49:51,187 - fhvqe.experiment:553 - DEBUG - number of moments preoptimization: 51
2021-09-14 06:49:51,195 - fhvqe.experiment:554 - DEBUG - depth preoptimization: 51
2021-09-14 06:49:51,268 - fhvqe.experiment:595 - DEBUG - number of moments post-optimization and calibration: 37
2021-09-14 06:49:51,274 - fhvqe.experiment:596 - DEBUG - depth post-optimization and calibration: 37
2021-09-14 06:49:51,285 - fhvqe.experiment:553 - DEBUG - number of moments preoptimization: 55
2021-09-14 06:49:51,295 - fhvqe.experiment:554 - DEBUG - depth preoptimization: 55
2021-09-14 06:49:51,368 - fhvqe.experiment:595 - DEBUG - number of moments post-optimization and calibration: 41
2021-09-14 06:49:51,375 - fhvqe.experiment:596 - DEBUG - depth post-optimization and calibration: 41
2021-09-14 06:49:51,389 - fhvqe.experiment:553 - DEBUG - number of moments preoptimization: 49
2021-09-14 06:49:51,397 - fhvqe.experiment:554 - DEBUG - depth preoptimization: 49
2021-09-14 06:49:51,464 - fhvqe.experiment:595 - DEBUG - number of moments post-optimization and calibration: 37
2021-09-14 06:49:51,470 - fhvqe.experiment:596 - DEBUG - depth post-optimization and calibration: 37
2021-09-14 06:49:51,479 - fhvqe.experiment:662 - DEBUG - ansatz with params: [[0.       4.016    5.5268  ]
 [0.       4.80713  0.271348]]
2021-09-14 06:49:51,499 - fhvqe.experiment:553 - DEBUG - number of moments preoptimization: 51
2021-09-14 06:49:51,507 - fhvqe.experiment:554 - DEBUG - depth preoptimization: 51
2021-09-14 06:49:51,579 - fhvqe.experiment:595 - DEBUG - number of moments post-optimization and calibration: 37
2021-09-14 06:49:51,585 - fhvqe.experiment:596 - DEBUG - depth post-optimization and calibration: 37
2021-09-14 06:49:51,598 - fhvqe.experiment:553 - DEBUG - number of moments preoptimization: 55
2021-09-14 06:49:51,607 - fhvqe.experiment:554 - DEBUG - depth preoptimization: 55
2021-09-14 06:49:51,680 - fhvqe.experiment:595 - DEBUG - number of moments post-optimization and calibration: 41
2021-09-14 06:49:51,687 - fhvqe.experiment:596 - DEBUG - depth post-optimization and calibration: 41
2021-09-14 06:49:51,701 - fhvqe.experiment:553 - DEBUG - number of moments preoptimization: 49
2021-09-14 06:49:51,709 - fhvqe.experiment:554 - DEBUG - depth preoptimization: 49
2021-09-14 06:49:51,775 - fhvqe.experiment:595 - DEBUG - number of moments post-optimization and calibration: 37
2021-09-14 06:49:51,781 - fhvqe.experiment:596 - DEBUG - depth post-optimization and calibration: 37
2021-09-14 06:49:51,791 - fhvqe.experiment:662 - DEBUG - ansatz with params: [[0.    0.719 0.843]
 [0.    0.598 0.206]]
2021-09-14 06:49:51,810 - fhvqe.experiment:553 - DEBUG - number of moments preoptimization: 51
2021-09-14 06:49:51,818 - fhvqe.experiment:554 - DEBUG - depth preoptimization: 51
2021-09-14 06:49:51,891 - fhvqe.experiment:595 - DEBUG - number of moments post-optimization and calibration: 37
2021-09-14 06:49:51,897 - fhvqe.experiment:596 - DEBUG - depth post-optimization and calibration: 37
2021-09-14 06:49:51,909 - fhvqe.experiment:553 - DEBUG - number of moments preoptimization: 55
2021-09-14 06:49:51,918 - fhvqe.experiment:554 - DEBUG - depth preoptimization: 55
2021-09-14 06:49:51,992 - fhvqe.experiment:595 - DEBUG - number of moments post-optimization and calibration: 41
2021-09-14 06:49:51,999 - fhvqe.experiment:596 - DEBUG - depth post-optimization and calibration: 41
2021-09-14 06:49:52,013 - fhvqe.experiment:553 - DEBUG - number of moments preoptimization: 49
2021-09-14 06:49:52,021 - fhvqe.experiment:554 - DEBUG - depth preoptimization: 49
2021-09-14 06:49:52,086 - fhvqe.experiment:595 - DEBUG - number of moments post-optimization and calibration: 37
2021-09-14 06:49:52,093 - fhvqe.experiment:596 - DEBUG - depth post-optimization and calibration: 37
2021-09-14 06:49:52,102 - fhvqe.experiment:662 - DEBUG - ansatz with params: [[0.296 0.719 0.843]
 [0.73  0.598 0.206]]
2021-09-14 06:49:52,121 - fhvqe.experiment:553 - DEBUG - number of moments preoptimization: 51
2021-09-14 06:49:52,130 - fhvqe.experiment:554 - DEBUG - depth preoptimization: 51
2021-09-14 06:49:52,204 - fhvqe.experiment:595 - DEBUG - number of moments post-optimization and calibration: 37
2021-09-14 06:49:52,210 - fhvqe.experiment:596 - DEBUG - depth post-optimization and calibration: 37
2021-09-14 06:49:52,221 - fhvqe.experiment:553 - DEBUG - number of moments preoptimization: 55
2021-09-14 06:49:52,231 - fhvqe.experiment:554 - DEBUG - depth preoptimization: 55
2021-09-14 06:49:52,304 - fhvqe.experiment:595 - DEBUG - number of moments post-optimization and calibration: 41
2021-09-14 06:49:52,311 - fhvqe.experiment:596 - DEBUG - depth post-optimization and calibration: 41
2021-09-14 06:49:52,326 - fhvqe.experiment:553 - DEBUG - number of moments preoptimization: 49
2021-09-14 06:49:52,333 - fhvqe.experiment:554 - DEBUG - depth preoptimization: 49
2021-09-14 06:49:52,401 - fhvqe.experiment:595 - DEBUG - number of moments post-optimization and calibration: 37
2021-09-14 06:49:52,407 - fhvqe.experiment:596 - DEBUG - depth post-optimization and calibration: 37
2021-09-14 06:49:52,416 - fhvqe.experiment:662 - DEBUG - ansatz with params: [[ 0.      -3.18362 -6.2764 ]
 [ 0.      -3.8246  -5.84549]]
2021-09-14 06:49:52,437 - fhvqe.experiment:553 - DEBUG - number of moments preoptimization: 51
2021-09-14 06:49:52,445 - fhvqe.experiment:554 - DEBUG - depth preoptimization: 51
2021-09-14 06:49:52,522 - fhvqe.experiment:595 - DEBUG - number of moments post-optimization and calibration: 37
2021-09-14 06:49:52,529 - fhvqe.experiment:596 - DEBUG - depth post-optimization and calibration: 37
2021-09-14 06:49:52,544 - fhvqe.experiment:553 - DEBUG - number of moments preoptimization: 55
2021-09-14 06:49:52,564 - fhvqe.experiment:554 - DEBUG - depth preoptimization: 55
2021-09-14 06:49:52,663 - fhvqe.experiment:595 - DEBUG - number of moments post-optimization and calibration: 41
2021-09-14 06:49:52,670 - fhvqe.experiment:596 - DEBUG - depth post-optimization and calibration: 41
2021-09-14 06:49:52,686 - fhvqe.experiment:553 - DEBUG - number of moments preoptimization: 49
2021-09-14 06:49:52,698 - fhvqe.experiment:554 - DEBUG - depth preoptimization: 49
2021-09-14 06:49:52,772 - fhvqe.experiment:595 - DEBUG - number of moments post-optimization and calibration: 37
2021-09-14 06:49:52,778 - fhvqe.experiment:596 - DEBUG - depth post-optimization and calibration: 37
2021-09-14 06:49:52,788 - fhvqe.experiment:662 - DEBUG - ansatz with params: [[ 0.      -2.6901  -2.99716]
 [ 0.      -3.34154 -1.63886]]
2021-09-14 06:49:52,808 - fhvqe.experiment:553 - DEBUG - number of moments preoptimization: 51
2021-09-14 06:49:52,817 - fhvqe.experiment:554 - DEBUG - depth preoptimization: 51
2021-09-14 06:49:52,894 - fhvqe.experiment:595 - DEBUG - number of moments post-optimization and calibration: 37
2021-09-14 06:49:52,900 - fhvqe.experiment:596 - DEBUG - depth post-optimization and calibration: 37
2021-09-14 06:49:52,913 - fhvqe.experiment:553 - DEBUG - number of moments preoptimization: 55
2021-09-14 06:49:52,922 - fhvqe.experiment:554 - DEBUG - depth preoptimization: 55
2021-09-14 06:49:52,998 - fhvqe.experiment:595 - DEBUG - number of moments post-optimization and calibration: 41
2021-09-14 06:49:53,005 - fhvqe.experiment:596 - DEBUG - depth post-optimization and calibration: 41
2021-09-14 06:49:53,019 - fhvqe.experiment:553 - DEBUG - number of moments preoptimization: 49
2021-09-14 06:49:53,028 - fhvqe.experiment:554 - DEBUG - depth preoptimization: 49
2021-09-14 06:49:53,098 - fhvqe.experiment:595 - DEBUG - number of moments post-optimization and calibration: 37
2021-09-14 06:49:53,104 - fhvqe.experiment:596 - DEBUG - depth post-optimization and calibration: 37
2021-09-14 06:49:53,114 - fhvqe.experiment:662 - DEBUG - ansatz with params: [[ 0.       -0.841172 -0.857071]
 [ 0.       -2.83507  -0.132099]]
2021-09-14 06:49:53,137 - fhvqe.experiment:553 - DEBUG - number of moments preoptimization: 51
2021-09-14 06:49:53,145 - fhvqe.experiment:554 - DEBUG - depth preoptimization: 51
2021-09-14 06:49:53,222 - fhvqe.experiment:595 - DEBUG - number of moments post-optimization and calibration: 37
2021-09-14 06:49:53,229 - fhvqe.experiment:596 - DEBUG - depth post-optimization and calibration: 37
2021-09-14 06:49:53,241 - fhvqe.experiment:553 - DEBUG - number of moments preoptimization: 55
2021-09-14 06:49:53,250 - fhvqe.experiment:554 - DEBUG - depth preoptimization: 55
2021-09-14 06:49:53,328 - fhvqe.experiment:595 - DEBUG - number of moments post-optimization and calibration: 41
2021-09-14 06:49:53,335 - fhvqe.experiment:596 - DEBUG - depth post-optimization and calibration: 41
2021-09-14 06:49:53,349 - fhvqe.experiment:553 - DEBUG - number of moments preoptimization: 49
2021-09-14 06:49:53,357 - fhvqe.experiment:554 - DEBUG - depth preoptimization: 49
2021-09-14 06:49:53,428 - fhvqe.experiment:595 - DEBUG - number of moments post-optimization and calibration: 37
2021-09-14 06:49:53,434 - fhvqe.experiment:596 - DEBUG - depth post-optimization and calibration: 37
2021-09-14 06:49:53,444 - fhvqe.experiment:662 - DEBUG - ansatz with params: [[ 0.       -0.919596 -3.58906 ]
 [ 0.       -2.34207  -4.81843 ]]
2021-09-14 06:49:53,464 - fhvqe.experiment:553 - DEBUG - number of moments preoptimization: 51
2021-09-14 06:49:53,472 - fhvqe.experiment:554 - DEBUG - depth preoptimization: 51
2021-09-14 06:49:53,548 - fhvqe.experiment:595 - DEBUG - number of moments post-optimization and calibration: 37
2021-09-14 06:49:53,554 - fhvqe.experiment:596 - DEBUG - depth post-optimization and calibration: 37
2021-09-14 06:49:53,567 - fhvqe.experiment:553 - DEBUG - number of moments preoptimization: 55
2021-09-14 06:49:53,577 - fhvqe.experiment:554 - DEBUG - depth preoptimization: 55
2021-09-14 06:49:53,653 - fhvqe.experiment:595 - DEBUG - number of moments post-optimization and calibration: 41
2021-09-14 06:49:53,661 - fhvqe.experiment:596 - DEBUG - depth post-optimization and calibration: 41
2021-09-14 06:49:53,675 - fhvqe.experiment:553 - DEBUG - number of moments preoptimization: 49
2021-09-14 06:49:53,683 - fhvqe.experiment:554 - DEBUG - depth preoptimization: 49
2021-09-14 06:49:53,758 - fhvqe.experiment:595 - DEBUG - number of moments post-optimization and calibration: 37
2021-09-14 06:49:53,765 - fhvqe.experiment:596 - DEBUG - depth post-optimization and calibration: 37
2021-09-14 06:49:53,776 - fhvqe.experiment:662 - DEBUG - ansatz with params: [[ 0.       -2.02167  -0.711094]
 [ 0.       -2.87848  -1.92383 ]]
2021-09-14 06:49:53,797 - fhvqe.experiment:553 - DEBUG - number of moments preoptimization: 51
2021-09-14 06:49:53,805 - fhvqe.experiment:554 - DEBUG - depth preoptimization: 51
2021-09-14 06:49:53,889 - fhvqe.experiment:595 - DEBUG - number of moments post-optimization and calibration: 37
2021-09-14 06:49:53,895 - fhvqe.experiment:596 - DEBUG - depth post-optimization and calibration: 37
2021-09-14 06:49:53,908 - fhvqe.experiment:553 - DEBUG - number of moments preoptimization: 55
2021-09-14 06:49:53,918 - fhvqe.experiment:554 - DEBUG - depth preoptimization: 55
2021-09-14 06:49:53,993 - fhvqe.experiment:595 - DEBUG - number of moments post-optimization and calibration: 41
2021-09-14 06:49:54,001 - fhvqe.experiment:596 - DEBUG - depth post-optimization and calibration: 41
2021-09-14 06:49:54,016 - fhvqe.experiment:553 - DEBUG - number of moments preoptimization: 49
2021-09-14 06:49:54,024 - fhvqe.experiment:554 - DEBUG - depth preoptimization: 49
2021-09-14 06:49:54,093 - fhvqe.experiment:595 - DEBUG - number of moments post-optimization and calibration: 37
2021-09-14 06:49:54,100 - fhvqe.experiment:596 - DEBUG - depth post-optimization and calibration: 37
2021-09-14 06:49:54,110 - fhvqe.experiment:662 - DEBUG - ansatz with params: [[ 0.      -3.07888 -1.31344]
 [ 0.      -4.01245 -3.64854]]
2021-09-14 06:49:54,131 - fhvqe.experiment:553 - DEBUG - number of moments preoptimization: 51
2021-09-14 06:49:54,139 - fhvqe.experiment:554 - DEBUG - depth preoptimization: 51
2021-09-14 06:49:54,215 - fhvqe.experiment:595 - DEBUG - number of moments post-optimization and calibration: 37
2021-09-14 06:49:54,221 - fhvqe.experiment:596 - DEBUG - depth post-optimization and calibration: 37
2021-09-14 06:49:54,233 - fhvqe.experiment:553 - DEBUG - number of moments preoptimization: 55
2021-09-14 06:49:54,243 - fhvqe.experiment:554 - DEBUG - depth preoptimization: 55
2021-09-14 06:49:54,319 - fhvqe.experiment:595 - DEBUG - number of moments post-optimization and calibration: 41
2021-09-14 06:49:54,326 - fhvqe.experiment:596 - DEBUG - depth post-optimization and calibration: 41
2021-09-14 06:49:54,341 - fhvqe.experiment:553 - DEBUG - number of moments preoptimization: 49
2021-09-14 06:49:54,350 - fhvqe.experiment:554 - DEBUG - depth preoptimization: 49
2021-09-14 06:49:54,421 - fhvqe.experiment:595 - DEBUG - number of moments post-optimization and calibration: 37
2021-09-14 06:49:54,427 - fhvqe.experiment:596 - DEBUG - depth post-optimization and calibration: 37
2021-09-14 06:49:54,437 - fhvqe.experiment:662 - DEBUG - ansatz with params: [[ 0.      -5.49346 -5.73656]
 [ 0.      -1.32223 -3.05705]]
2021-09-14 06:49:54,457 - fhvqe.experiment:553 - DEBUG - number of moments preoptimization: 51
2021-09-14 06:49:54,466 - fhvqe.experiment:554 - DEBUG - depth preoptimization: 51
2021-09-14 06:49:54,541 - fhvqe.experiment:595 - DEBUG - number of moments post-optimization and calibration: 37
2021-09-14 06:49:54,548 - fhvqe.experiment:596 - DEBUG - depth post-optimization and calibration: 37
2021-09-14 06:49:54,560 - fhvqe.experiment:553 - DEBUG - number of moments preoptimization: 55
2021-09-14 06:49:54,569 - fhvqe.experiment:554 - DEBUG - depth preoptimization: 55
2021-09-14 06:49:54,645 - fhvqe.experiment:595 - DEBUG - number of moments post-optimization and calibration: 41
2021-09-14 06:49:54,652 - fhvqe.experiment:596 - DEBUG - depth post-optimization and calibration: 41
2021-09-14 06:49:54,667 - fhvqe.experiment:553 - DEBUG - number of moments preoptimization: 49
2021-09-14 06:49:54,675 - fhvqe.experiment:554 - DEBUG - depth preoptimization: 49
2021-09-14 06:49:54,752 - fhvqe.experiment:595 - DEBUG - number of moments post-optimization and calibration: 37
2021-09-14 06:49:54,760 - fhvqe.experiment:596 - DEBUG - depth post-optimization and calibration: 37
2021-09-14 06:49:54,772 - fhvqe.experiment:662 - DEBUG - ansatz with params: [[ 0.       -5.44561  -1.68616 ]
 [ 0.       -5.99541  -0.440987]]
2021-09-14 06:49:54,797 - fhvqe.experiment:553 - DEBUG - number of moments preoptimization: 51
2021-09-14 06:49:54,806 - fhvqe.experiment:554 - DEBUG - depth preoptimization: 51
2021-09-14 06:49:54,896 - fhvqe.experiment:595 - DEBUG - number of moments post-optimization and calibration: 37
2021-09-14 06:49:54,904 - fhvqe.experiment:596 - DEBUG - depth post-optimization and calibration: 37
2021-09-14 06:49:54,920 - fhvqe.experiment:553 - DEBUG - number of moments preoptimization: 55
2021-09-14 06:49:54,932 - fhvqe.experiment:554 - DEBUG - depth preoptimization: 55
2021-09-14 06:49:55,029 - fhvqe.experiment:595 - DEBUG - number of moments post-optimization and calibration: 41
2021-09-14 06:49:55,038 - fhvqe.experiment:596 - DEBUG - depth post-optimization and calibration: 41
2021-09-14 06:49:55,055 - fhvqe.experiment:553 - DEBUG - number of moments preoptimization: 49
2021-09-14 06:49:55,066 - fhvqe.experiment:554 - DEBUG - depth preoptimization: 49
2021-09-14 06:49:55,155 - fhvqe.experiment:595 - DEBUG - number of moments post-optimization and calibration: 37
2021-09-14 06:49:55,163 - fhvqe.experiment:596 - DEBUG - depth post-optimization and calibration: 37
2021-09-14 06:49:55,174 - fhvqe.experiment:662 - DEBUG - ansatz with params: [[ 0.      -5.75192 -6.00118]
 [ 0.      -4.30115 -3.98124]]
2021-09-14 06:49:55,294 - fhvqe.experiment:553 - DEBUG - number of moments preoptimization: 51
2021-09-14 06:49:55,305 - fhvqe.experiment:554 - DEBUG - depth preoptimization: 51
2021-09-14 06:49:55,419 - fhvqe.experiment:595 - DEBUG - number of moments post-optimization and calibration: 37
2021-09-14 06:49:55,427 - fhvqe.experiment:596 - DEBUG - depth post-optimization and calibration: 37
2021-09-14 06:49:55,442 - fhvqe.experiment:553 - DEBUG - number of moments preoptimization: 55
2021-09-14 06:49:55,454 - fhvqe.experiment:554 - DEBUG - depth preoptimization: 55
2021-09-14 06:49:55,567 - fhvqe.experiment:595 - DEBUG - number of moments post-optimization and calibration: 41
2021-09-14 06:49:55,574 - fhvqe.experiment:596 - DEBUG - depth post-optimization and calibration: 41
2021-09-14 06:49:55,590 - fhvqe.experiment:553 - DEBUG - number of moments preoptimization: 49
2021-09-14 06:49:55,600 - fhvqe.experiment:554 - DEBUG - depth preoptimization: 49
2021-09-14 06:49:55,684 - fhvqe.experiment:595 - DEBUG - number of moments post-optimization and calibration: 37
2021-09-14 06:49:55,690 - fhvqe.experiment:596 - DEBUG - depth post-optimization and calibration: 37
2021-09-14 06:49:55,700 - fhvqe.experiment:662 - DEBUG - ansatz with params: [[ 0.       -3.7131   -0.592184]
 [ 0.       -4.51095  -4.07368 ]]
2021-09-14 06:49:55,723 - fhvqe.experiment:553 - DEBUG - number of moments preoptimization: 51
2021-09-14 06:49:55,731 - fhvqe.experiment:554 - DEBUG - depth preoptimization: 51
2021-09-14 06:49:55,805 - fhvqe.experiment:595 - DEBUG - number of moments post-optimization and calibration: 37
2021-09-14 06:49:55,811 - fhvqe.experiment:596 - DEBUG - depth post-optimization and calibration: 37
2021-09-14 06:49:55,825 - fhvqe.experiment:553 - DEBUG - number of moments preoptimization: 55
2021-09-14 06:49:55,834 - fhvqe.experiment:554 - DEBUG - depth preoptimization: 55
2021-09-14 06:49:55,907 - fhvqe.experiment:595 - DEBUG - number of moments post-optimization and calibration: 41
2021-09-14 06:49:55,914 - fhvqe.experiment:596 - DEBUG - depth post-optimization and calibration: 41
2021-09-14 06:49:55,928 - fhvqe.experiment:553 - DEBUG - number of moments preoptimization: 49
2021-09-14 06:49:55,937 - fhvqe.experiment:554 - DEBUG - depth preoptimization: 49
2021-09-14 06:49:56,003 - fhvqe.experiment:595 - DEBUG - number of moments post-optimization and calibration: 37
2021-09-14 06:49:56,009 - fhvqe.experiment:596 - DEBUG - depth post-optimization and calibration: 37
2021-09-14 06:49:56,019 - fhvqe.experiment:662 - DEBUG - ansatz with params: [[ 0.       -2.7152   -1.86577 ]
 [ 0.       -0.588014 -2.06039 ]]
2021-09-14 06:49:56,038 - fhvqe.experiment:553 - DEBUG - number of moments preoptimization: 51
2021-09-14 06:49:56,047 - fhvqe.experiment:554 - DEBUG - depth preoptimization: 51
2021-09-14 06:49:56,124 - fhvqe.experiment:595 - DEBUG - number of moments post-optimization and calibration: 37
2021-09-14 06:49:56,142 - fhvqe.experiment:596 - DEBUG - depth post-optimization and calibration: 37
2021-09-14 06:49:56,160 - fhvqe.experiment:553 - DEBUG - number of moments preoptimization: 55
2021-09-14 06:49:56,172 - fhvqe.experiment:554 - DEBUG - depth preoptimization: 55
2021-09-14 06:49:56,256 - fhvqe.experiment:595 - DEBUG - number of moments post-optimization and calibration: 41
2021-09-14 06:49:56,262 - fhvqe.experiment:596 - DEBUG - depth post-optimization and calibration: 41
2021-09-14 06:49:56,276 - fhvqe.experiment:553 - DEBUG - number of moments preoptimization: 49
2021-09-14 06:49:56,285 - fhvqe.experiment:554 - DEBUG - depth preoptimization: 49
2021-09-14 06:49:56,351 - fhvqe.experiment:595 - DEBUG - number of moments post-optimization and calibration: 37
2021-09-14 06:49:56,357 - fhvqe.experiment:596 - DEBUG - depth post-optimization and calibration: 37
2021-09-14 06:49:56,367 - fhvqe.experiment:662 - DEBUG - ansatz with params: [[ 0.       -2.57569  -4.7256  ]
 [ 0.       -3.85901  -0.371302]]
2021-09-14 06:49:56,386 - fhvqe.experiment:553 - DEBUG - number of moments preoptimization: 51
2021-09-14 06:49:56,395 - fhvqe.experiment:554 - DEBUG - depth preoptimization: 51
2021-09-14 06:49:56,468 - fhvqe.experiment:595 - DEBUG - number of moments post-optimization and calibration: 37
2021-09-14 06:49:56,474 - fhvqe.experiment:596 - DEBUG - depth post-optimization and calibration: 37
2021-09-14 06:49:56,486 - fhvqe.experiment:553 - DEBUG - number of moments preoptimization: 55
2021-09-14 06:49:56,496 - fhvqe.experiment:554 - DEBUG - depth preoptimization: 55
2021-09-14 06:49:56,571 - fhvqe.experiment:595 - DEBUG - number of moments post-optimization and calibration: 41
2021-09-14 06:49:56,579 - fhvqe.experiment:596 - DEBUG - depth post-optimization and calibration: 41
2021-09-14 06:49:56,593 - fhvqe.experiment:553 - DEBUG - number of moments preoptimization: 49
2021-09-14 06:49:56,602 - fhvqe.experiment:554 - DEBUG - depth preoptimization: 49
2021-09-14 06:49:56,669 - fhvqe.experiment:595 - DEBUG - number of moments post-optimization and calibration: 37
2021-09-14 06:49:56,675 - fhvqe.experiment:596 - DEBUG - depth post-optimization and calibration: 37
2021-09-14 06:49:56,685 - fhvqe.experiment:662 - DEBUG - ansatz with params: [[ 0.       -4.65032  -0.953688]
 [ 0.       -4.94274  -3.13591 ]]
2021-09-14 06:49:56,704 - fhvqe.experiment:553 - DEBUG - number of moments preoptimization: 51
2021-09-14 06:49:56,713 - fhvqe.experiment:554 - DEBUG - depth preoptimization: 51
2021-09-14 06:49:56,787 - fhvqe.experiment:595 - DEBUG - number of moments post-optimization and calibration: 37
2021-09-14 06:49:56,792 - fhvqe.experiment:596 - DEBUG - depth post-optimization and calibration: 37
2021-09-14 06:49:56,804 - fhvqe.experiment:553 - DEBUG - number of moments preoptimization: 55
2021-09-14 06:49:56,813 - fhvqe.experiment:554 - DEBUG - depth preoptimization: 55
2021-09-14 06:49:56,887 - fhvqe.experiment:595 - DEBUG - number of moments post-optimization and calibration: 41
2021-09-14 06:49:56,893 - fhvqe.experiment:596 - DEBUG - depth post-optimization and calibration: 41
2021-09-14 06:49:56,907 - fhvqe.experiment:553 - DEBUG - number of moments preoptimization: 49
2021-09-14 06:49:56,915 - fhvqe.experiment:554 - DEBUG - depth preoptimization: 49
2021-09-14 06:49:56,982 - fhvqe.experiment:595 - DEBUG - number of moments post-optimization and calibration: 37
2021-09-14 06:49:56,988 - fhvqe.experiment:596 - DEBUG - depth post-optimization and calibration: 37
2021-09-14 06:49:56,998 - fhvqe.experiment:662 - DEBUG - ansatz with params: [[ 0.       -0.299448 -3.22459 ]
 [ 0.       -4.5425   -2.32293 ]]
2021-09-14 06:49:57,016 - fhvqe.experiment:553 - DEBUG - number of moments preoptimization: 51
2021-09-14 06:49:57,025 - fhvqe.experiment:554 - DEBUG - depth preoptimization: 51
2021-09-14 06:49:57,099 - fhvqe.experiment:595 - DEBUG - number of moments post-optimization and calibration: 37
2021-09-14 06:49:57,105 - fhvqe.experiment:596 - DEBUG - depth post-optimization and calibration: 37
2021-09-14 06:49:57,116 - fhvqe.experiment:553 - DEBUG - number of moments preoptimization: 55
2021-09-14 06:49:57,126 - fhvqe.experiment:554 - DEBUG - depth preoptimization: 55
2021-09-14 06:49:57,200 - fhvqe.experiment:595 - DEBUG - number of moments post-optimization and calibration: 41
2021-09-14 06:49:57,207 - fhvqe.experiment:596 - DEBUG - depth post-optimization and calibration: 41
2021-09-14 06:49:57,222 - fhvqe.experiment:553 - DEBUG - number of moments preoptimization: 49
2021-09-14 06:49:57,230 - fhvqe.experiment:554 - DEBUG - depth preoptimization: 49
2021-09-14 06:49:57,298 - fhvqe.experiment:595 - DEBUG - number of moments post-optimization and calibration: 37
2021-09-14 06:49:57,305 - fhvqe.experiment:596 - DEBUG - depth post-optimization and calibration: 37
2021-09-14 06:49:57,314 - fhvqe.experiment:662 - DEBUG - ansatz with params: [[ 0.      -5.54704 -4.13572]
 [ 0.      -4.5425  -2.32293]]
2021-09-14 06:49:57,333 - fhvqe.experiment:553 - DEBUG - number of moments preoptimization: 51
2021-09-14 06:49:57,342 - fhvqe.experiment:554 - DEBUG - depth preoptimization: 51
2021-09-14 06:49:57,415 - fhvqe.experiment:595 - DEBUG - number of moments post-optimization and calibration: 37
2021-09-14 06:49:57,421 - fhvqe.experiment:596 - DEBUG - depth post-optimization and calibration: 37
2021-09-14 06:49:57,434 - fhvqe.experiment:553 - DEBUG - number of moments preoptimization: 55
2021-09-14 06:49:57,443 - fhvqe.experiment:554 - DEBUG - depth preoptimization: 55
2021-09-14 06:49:57,516 - fhvqe.experiment:595 - DEBUG - number of moments post-optimization and calibration: 41
2021-09-14 06:49:57,524 - fhvqe.experiment:596 - DEBUG - depth post-optimization and calibration: 41
2021-09-14 06:49:57,539 - fhvqe.experiment:553 - DEBUG - number of moments preoptimization: 49
2021-09-14 06:49:57,547 - fhvqe.experiment:554 - DEBUG - depth preoptimization: 49
2021-09-14 06:49:57,614 - fhvqe.experiment:595 - DEBUG - number of moments post-optimization and calibration: 37
2021-09-14 06:49:57,619 - fhvqe.experiment:596 - DEBUG - depth post-optimization and calibration: 37
2021-09-14 06:49:57,629 - fhvqe.experiment:662 - DEBUG - ansatz with params: [[ 0.       -4.016    -5.5268  ]
 [ 0.       -4.80713  -0.271348]]
2021-09-14 06:49:57,648 - fhvqe.experiment:553 - DEBUG - number of moments preoptimization: 51
2021-09-14 06:49:57,658 - fhvqe.experiment:554 - DEBUG - depth preoptimization: 51
2021-09-14 06:49:57,734 - fhvqe.experiment:595 - DEBUG - number of moments post-optimization and calibration: 37
2021-09-14 06:49:57,739 - fhvqe.experiment:596 - DEBUG - depth post-optimization and calibration: 37
2021-09-14 06:49:57,751 - fhvqe.experiment:553 - DEBUG - number of moments preoptimization: 55
2021-09-14 06:49:57,761 - fhvqe.experiment:554 - DEBUG - depth preoptimization: 55
2021-09-14 06:49:57,834 - fhvqe.experiment:595 - DEBUG - number of moments post-optimization and calibration: 41
2021-09-14 06:49:57,841 - fhvqe.experiment:596 - DEBUG - depth post-optimization and calibration: 41
2021-09-14 06:49:57,855 - fhvqe.experiment:553 - DEBUG - number of moments preoptimization: 49
2021-09-14 06:49:57,863 - fhvqe.experiment:554 - DEBUG - depth preoptimization: 49
2021-09-14 06:49:57,930 - fhvqe.experiment:595 - DEBUG - number of moments post-optimization and calibration: 37
2021-09-14 06:49:57,935 - fhvqe.experiment:596 - DEBUG - depth post-optimization and calibration: 37
2021-09-14 06:49:57,945 - fhvqe.experiment:662 - DEBUG - ansatz with params: [[ 0.    -0.719 -0.843]
 [ 0.    -0.598 -0.206]]
2021-09-14 06:49:57,965 - fhvqe.experiment:553 - DEBUG - number of moments preoptimization: 51
2021-09-14 06:49:57,973 - fhvqe.experiment:554 - DEBUG - depth preoptimization: 51
2021-09-14 06:49:58,046 - fhvqe.experiment:595 - DEBUG - number of moments post-optimization and calibration: 37
2021-09-14 06:49:58,051 - fhvqe.experiment:596 - DEBUG - depth post-optimization and calibration: 37
2021-09-14 06:49:58,064 - fhvqe.experiment:553 - DEBUG - number of moments preoptimization: 55
2021-09-14 06:49:58,073 - fhvqe.experiment:554 - DEBUG - depth preoptimization: 55
2021-09-14 06:49:58,146 - fhvqe.experiment:595 - DEBUG - number of moments post-optimization and calibration: 41
2021-09-14 06:49:58,152 - fhvqe.experiment:596 - DEBUG - depth post-optimization and calibration: 41
2021-09-14 06:49:58,167 - fhvqe.experiment:553 - DEBUG - number of moments preoptimization: 49
2021-09-14 06:49:58,175 - fhvqe.experiment:554 - DEBUG - depth preoptimization: 49
2021-09-14 06:49:58,241 - fhvqe.experiment:595 - DEBUG - number of moments post-optimization and calibration: 37
2021-09-14 06:49:58,247 - fhvqe.experiment:596 - DEBUG - depth post-optimization and calibration: 37
2021-09-14 06:49:58,257 - fhvqe.experiment:662 - DEBUG - ansatz with params: [[-0.296 -0.719 -0.843]
 [-0.73  -0.598 -0.206]]
2021-09-14 06:49:58,276 - fhvqe.experiment:553 - DEBUG - number of moments preoptimization: 51
2021-09-14 06:49:58,284 - fhvqe.experiment:554 - DEBUG - depth preoptimization: 51
2021-09-14 06:49:58,359 - fhvqe.experiment:595 - DEBUG - number of moments post-optimization and calibration: 37
2021-09-14 06:49:58,364 - fhvqe.experiment:596 - DEBUG - depth post-optimization and calibration: 37
2021-09-14 06:49:58,376 - fhvqe.experiment:553 - DEBUG - number of moments preoptimization: 55
2021-09-14 06:49:58,385 - fhvqe.experiment:554 - DEBUG - depth preoptimization: 55
2021-09-14 06:49:58,461 - fhvqe.experiment:595 - DEBUG - number of moments post-optimization and calibration: 41
2021-09-14 06:49:58,468 - fhvqe.experiment:596 - DEBUG - depth post-optimization and calibration: 41
2021-09-14 06:49:58,482 - fhvqe.experiment:553 - DEBUG - number of moments preoptimization: 49
2021-09-14 06:49:58,490 - fhvqe.experiment:554 - DEBUG - depth preoptimization: 49
2021-09-14 06:49:58,558 - fhvqe.experiment:595 - DEBUG - number of moments post-optimization and calibration: 37
2021-09-14 06:49:58,563 - fhvqe.experiment:596 - DEBUG - depth post-optimization and calibration: 37
