{'theta': True, 'zeta': True, 'chi': False, 'gamma': True, 'phi': True, 'time': None}
{'theta': False, 'zeta': False, 'chi': False, 'gamma': False, 'phi': False, 'time': None}
                  (3, 2)
                  │
                  │
         (4, 1)───(4, 2)───(4, 3)
         │        │        │
         │        │        │
(5, 0)───(5, 1)───(5, 2)───(5, 3)───(5, 4)
         │        │        │        │
         │        │        │        │
         (6, 1)───(6, 2)───(6, 3)───(6, 4)───(6, 5)
                  │        │        │        │
                  │        │        │        │
                  (7, 2)───(7, 3)───(7, 4)───(7, 5)───(7, 6)
                           │        │        │
                           │        │        │
                           (8, 3)───(8, 4)───(8, 5)
                                    │
                                    │
                                    (9, 4)
Qubits: 4 2 5 3
Using qubits [cirq.GridQubit(5, 3), cirq.GridQubit(6, 3), cirq.GridQubit(7, 3), cirq.GridQubit(8, 3), cirq.GridQubit(5, 4), cirq.GridQubit(6, 4), cirq.GridQubit(7, 4), cirq.GridQubit(8, 4)]
Using qubits, JW:[cirq.GridQubit(5, 3), cirq.GridQubit(6, 3), cirq.GridQubit(7, 3), cirq.GridQubit(8, 3), cirq.GridQubit(5, 4), cirq.GridQubit(6, 4), cirq.GridQubit(7, 4), cirq.GridQubit(8, 4)]
                  (3, 2)
                  │
                  │
         (4, 1)───(4, 2)───(4, 3)
         │        │        │
         │        │        │
(5, 0)───(5, 1)───(5, 2)───[31m(5, 3)[0m───[35m(5, 4)[0m
         │        │        │        │
         │        │        │        │
         (6, 1)───(6, 2)───[31m(6, 3)[0m───[35m(6, 4)[0m───(6, 5)
                  │        │        │        │
                  │        │        │        │
                  (7, 2)───[31m(7, 3)[0m───[35m(7, 4)[0m───(7, 5)───(7, 6)
                           │        │        │
                           │        │        │
                           [31m(8, 3)[0m───[35m(8, 4)[0m───(8, 5)
                                    │
                                    │
                                    (9, 4)
None
Meas types ['onsite0', 'horiz0', 'horiz1']
Prepped onsite, pairs=[(0, 4), (1, 5), (2, 6), (3, 7)]
Prepped horiz, pairs=[(0, 1), (2, 3), (4, 5), (6, 7)]
Prepped horiz, pairs=[(1, 2), (5, 6)]
Set recompilation to False
Got pairs set [(0, 1), (1, 2), (2, 6), (6, 7), (4, 5), (5, 6), (1, 5), (2, 3), (0, 4), (3, 7)]
---Starting to do calibration: delta 3.1833648709999993
---Starting to set up measurements: delta 0.2096810609999995
---Starting to run VQE: delta 0.3773237939999987
No optimisation, save file is experiments/4x1_single_d2-0914-064859/4x1/processed/processed.json
Given params: [[[[[0.296, 0.719, 0.843], [0.73, 0.598, 0.206]]], [[[-0.296, -0.719, -0.843], [-0.73, -0.598, -0.206]]], [[[0, 0.719, 0.843], [0, 0.598, 0.206]]], [[[0, -0.719, -0.843], [0, -0.598, -0.206]]]]]
---Preparing executables
---Running executables, 12 in batch, delta=1.3194744860000007
---Extracting values delta=2.6864527220000003
---Extracted values delta=39.113938962
===2.036202264606236 2.022086155433693 2.68131330631957 2.786993706678489 1631598586.767883
Computed energies [2.0291442100199646], params [[[[0.296, 0.719, 0.843], [0.73, 0.598, 0.206]]], [[[-0.296, -0.719, -0.843], [-0.73, -0.598, -0.206]]], [[[0, 0.719, 0.843], [0, 0.598, 0.206]]], [[[0, -0.719, -0.843], [0, -0.598, -0.206]]]]
***2.0291442100199646 1631598586.769265
---VQE complete: delta 43.12305285
---Starting TFLO
Using saved points
Using params [[[0, 3.18362, 6.2764], [0, 3.8246, 5.84549]], [[0, 2.6901, 2.99716], [0, 3.34154, 1.63886]], [[0, 0.841172, 0.857071], [0, 2.83507, 0.132099]], [[0, 0.919596, 3.58906], [0, 2.34207, 4.81843]], [[0, 2.02167, 0.711094], [0, 2.87848, 1.92383]], [[0, 3.07888, 1.31344], [0, 4.01245, 3.64854]], [[0, 5.49346, 5.73656], [0, 1.32223, 3.05705]], [[0, 5.44561, 1.68616], [0, 5.99541, 0.440987]], [[0, 5.75192, 6.00118], [0, 4.30115, 3.98124]], [[0, 3.7131, 0.592184], [0, 4.51095, 4.07368]], [[0, 2.7152, 1.86577], [0, 0.588014, 2.06039]], [[0, 2.57569, 4.7256], [0, 3.85901, 0.371302]], [[0, 4.65032, 0.953688], [0, 4.94274, 3.13591]], [[0, 0.299448, 3.22459], [0, 4.5425, 2.32293]], [[0, 5.54704, 4.13572], [0, 4.5425, 2.32293]], [[0, 4.016, 5.5268], [0, 4.80713, 0.271348]], [[0, 0.719, 0.843], [0, 0.598, 0.206]], [[0.296, 0.719, 0.843], [0.73, 0.598, 0.206]], [[0, -3.18362, -6.2764], [0, -3.8246, -5.84549]], [[0, -2.6901, -2.99716], [0, -3.34154, -1.63886]], [[0, -0.841172, -0.857071], [0, -2.83507, -0.132099]], [[0, -0.919596, -3.58906], [0, -2.34207, -4.81843]], [[0, -2.02167, -0.711094], [0, -2.87848, -1.92383]], [[0, -3.07888, -1.31344], [0, -4.01245, -3.64854]], [[0, -5.49346, -5.73656], [0, -1.32223, -3.05705]], [[0, -5.44561, -1.68616], [0, -5.99541, -0.440987]], [[0, -5.75192, -6.00118], [0, -4.30115, -3.98124]], [[0, -3.7131, -0.592184], [0, -4.51095, -4.07368]], [[0, -2.7152, -1.86577], [0, -0.588014, -2.06039]], [[0, -2.57569, -4.7256], [0, -3.85901, -0.371302]], [[0, -4.65032, -0.953688], [0, -4.94274, -3.13591]], [[0, -0.299448, -3.22459], [0, -4.5425, -2.32293]], [[0, -5.54704, -4.13572], [0, -4.5425, -2.32293]], [[0, -4.016, -5.5268], [0, -4.80713, -0.271348]], [[0, -0.719, -0.843], [0, -0.598, -0.206]], [[-0.296, -0.719, -0.843], [-0.73, -0.598, -0.206]]]
---Preparing executables
---Running executables, 108 in batch, delta=11.799499755000006
---Extracting values delta=6.168525615999997
---Extracted values delta=68.469366828
---Time for noisy calculation: 86.44727588500001
***TFLON: 2.7875724507106883,3.0607365105264273,3.5042214163685417,3.6754134389071615,4.4035024095832505,4.360273240397645,5.368774663260824,5.010199655106241,5.4955385257871905,5.537713194211131,5.957352360702725,6.783578333620597,6.367002248868201,7.507987901911527,7.950514544461836,8.284572856342304,2.656327459437178,2.0396265763184993,2.692340910367186,3.14413503809211,3.3217842763883474,3.7289391955563347,3.9621150970676404,4.747433841539897,4.521716636493387,5.3245070094110005,5.440258195876596,6.475509319184947,6.516470509252509,6.595092414268144,7.396991425051519,7.389315990504414,7.339673151227106,8.019004784534882,2.78103768238983,2.004306523086449 1631598673.2226439
Noisy energies by type: {'onsite0': array([6.01131874, 6.06845305, 6.0491969 , 6.11679329, 6.14876033,
       6.00785899, 6.12012737, 6.0626496 , 6.06276981, 5.96971027,
       6.0780848 , 5.96570645, 5.92460531, 6.05422362, 6.11921689,
       5.96951481, 6.03447514, 4.99420088, 6.01015677, 6.10126877,
       5.97734813, 5.98770812, 5.99932104, 5.97037723, 6.05143445,
       6.01497468, 6.00798449, 5.98774919, 5.95777351, 6.01394577,
       6.1016197 , 6.01384238, 5.82422907, 5.9424906 , 6.10092552,
       4.91791126]), 'horiz0': array([-2.53398693, -2.355767  , -2.48951911, -1.42426384, -1.3043782 ,
       -1.24506294, -0.31608046, -0.67098332, -0.16576221, -0.36750593,
        0.23466826,  0.62713864, -0.07318734,  0.59937851,  1.30542547,
        2.43283582, -2.5021184 , -2.12967611, -2.35578758, -2.3233613 ,
       -2.55534991, -1.15279336, -1.32357109, -1.27319347, -1.01204392,
       -0.09750618, -0.39819285,  0.09709544,  1.06224066,  0.81384083,
        0.73525248,  0.56611374,  1.03623875,  2.49009372, -2.58443633,
       -2.21657872]), 'horiz1': array([-0.68975936, -0.65194954, -0.05545637, -1.01711601, -0.44087972,
       -0.40252281, -0.43527225, -0.38146663, -0.40146907, -0.06449115,
       -0.3554007 ,  0.19073324,  0.51558428,  0.85438577,  0.52587219,
       -0.11777778, -0.87602928, -0.8248982 , -0.96202827, -0.63377243,
       -0.10021394, -1.10597557, -0.71363485,  0.05025009, -0.51767389,
       -0.59296149, -0.16953345,  0.39066469, -0.50354367, -0.23269418,
        0.56011924,  0.80935987,  0.47920533, -0.41357954, -0.73545151,
       -0.69702602])}
Using saved exact energies
Data collected can be found at experiments/4x1_single_d2-0914-064859/4x1
