{'theta': True, 'zeta': True, 'chi': False, 'gamma': True, 'phi': True, 'time': None}
{'theta': False, 'zeta': False, 'chi': False, 'gamma': False, 'phi': False, 'time': None}
                  (3, 2)
                  │
                  │
         (4, 1)───(4, 2)───(4, 3)
         │        │        │
         │        │        │
(5, 0)───(5, 1)───(5, 2)───(5, 3)───(5, 4)
         │        │        │        │
         │        │        │        │
         (6, 1)───(6, 2)───(6, 3)───(6, 4)───(6, 5)
                  │        │        │        │
                  │        │        │        │
                  (7, 2)───(7, 3)───(7, 4)───(7, 5)───(7, 6)
                           │        │        │
                           │        │        │
                           (8, 3)───(8, 4)───(8, 5)
                                    │
                                    │
                                    (9, 4)
Start at: (3, 2), with dr
Using qubits [cirq.GridQubit(3, 2), cirq.GridQubit(4, 2), cirq.GridQubit(4, 3), cirq.GridQubit(5, 3), cirq.GridQubit(5, 4), cirq.GridQubit(6, 4), cirq.GridQubit(6, 5), cirq.GridQubit(7, 5), cirq.GridQubit(4, 1), cirq.GridQubit(5, 1), cirq.GridQubit(5, 2), cirq.GridQubit(6, 2), cirq.GridQubit(6, 3), cirq.GridQubit(7, 3), cirq.GridQubit(7, 4), cirq.GridQubit(8, 4)]
Using qubits, JW:[cirq.GridQubit(3, 2), cirq.GridQubit(4, 2), cirq.GridQubit(4, 3), cirq.GridQubit(5, 3), cirq.GridQubit(5, 4), cirq.GridQubit(6, 4), cirq.GridQubit(6, 5), cirq.GridQubit(7, 5), cirq.GridQubit(4, 1), cirq.GridQubit(5, 1), cirq.GridQubit(5, 2), cirq.GridQubit(6, 2), cirq.GridQubit(6, 3), cirq.GridQubit(7, 3), cirq.GridQubit(7, 4), cirq.GridQubit(8, 4)]
                  [31m(3, 2)[0m
                  │
                  │
         [35m(4, 1)[0m───[31m(4, 2)[0m───[31m(4, 3)[0m
         │        │        │
         │        │        │
(5, 0)───[35m(5, 1)[0m───[35m(5, 2)[0m───[31m(5, 3)[0m───[31m(5, 4)[0m
         │        │        │        │
         │        │        │        │
         (6, 1)───[35m(6, 2)[0m───[35m(6, 3)[0m───[31m(6, 4)[0m───[31m(6, 5)[0m
                  │        │        │        │
                  │        │        │        │
                  (7, 2)───[35m(7, 3)[0m───[35m(7, 4)[0m───[31m(7, 5)[0m───(7, 6)
                           │        │        │
                           │        │        │
                           (8, 3)───[35m(8, 4)[0m───(8, 5)
                                    │
                                    │
                                    (9, 4)
None
Meas types ['onsite0', 'horiz0', 'horiz1']
Prepped onsite, pairs=[(0, 8), (1, 9), (2, 10), (3, 11), (4, 12), (5, 13), (6, 14), (7, 15)]
Prepped horiz, pairs=[(0, 1), (2, 3), (4, 5), (6, 7), (8, 9), (10, 11), (12, 13), (14, 15)]
Prepped horiz, pairs=[(1, 2), (3, 4), (5, 6), (9, 10), (11, 12), (13, 14)]
Set recompilation to False
Got pairs set [(10, 11), (5, 6), (3, 11), (5, 13), (8, 9), (4, 12), (6, 14), (1, 2), (6, 7), (7, 15), (12, 13), (4, 5), (2, 10), (9, 10), (2, 3), (1, 9), (14, 15), (0, 8), (11, 12), (0, 1), (13, 14), (3, 4)]
---Starting to do calibration: delta 3.0579111799999987
---Starting to set up measurements: delta 0.6932751790000005
---Starting to run VQE: delta 1.770166563
No optimisation, save file is experiments/8x1_single_zz_x_U_8_nocc_13_d_1-0914-213114/8x1/processed/processed.json
Given params: [[[[[0.743, 0.544, 0.564]]], [[[-0.743, -0.544, -0.564]]], [[[0, 0.544, 0.564]]], [[[0, -0.544, -0.564]]]]]
---Preparing executables
---Running executables, 12 in batch, delta=5.295044601999999
---Extracting values delta=2.1991387409999987
---Extracted values delta=48.078908948999995
===37.57075507512036 37.29912289998063 38.32575921094425 38.3037430103582 1631651535.769751
Computed energies [37.434938987550495], params [[[[0.743, 0.544, 0.564]]], [[[-0.743, -0.544, -0.564]]], [[[0, 0.544, 0.564]]], [[[0, -0.544, -0.564]]]]
***37.434938987550495 1631651535.772649
---VQE complete: delta 55.57913835299999
---Starting TFLO
Using saved points
Using params [[[0, 0, 0]], [[0, 0, 0.785398]], [[0, 1.5708, 0.785398]], [[0, 5.49779, 0.785398]], [[0, 2.35619, 0.785398]], [[0, 4.71239, 0.785398]], [[0, 1.5708, 2.35619]], [[0, 0.785398, 3.14159]], [[0, 5.49779, 5.49779]], [[0, 0.785398, 3.92699]], [[0, 5.49779, 3.14159]], [[0, 1.5708, 5.49779]], [[0, 3.92699, 5.49779]], [[0, 3.92699, 4.71239]], [[0, 2.35619, 4.71239]], [[0, 3.92699, 3.92699]], [[0, 0.544, 0.564]], [[0.743, 0.544, 0.564]], [[0, 0, 0]], [[0, 0, -0.785398]], [[0, -1.5708, -0.785398]], [[0, -5.49779, -0.785398]], [[0, -2.35619, -0.785398]], [[0, -4.71239, -0.785398]], [[0, -1.5708, -2.35619]], [[0, -0.785398, -3.14159]], [[0, -5.49779, -5.49779]], [[0, -0.785398, -3.92699]], [[0, -5.49779, -3.14159]], [[0, -1.5708, -5.49779]], [[0, -3.92699, -5.49779]], [[0, -3.92699, -4.71239]], [[0, -2.35619, -4.71239]], [[0, -3.92699, -3.92699]], [[0, -0.544, -0.564]], [[-0.743, -0.544, -0.564]]]
---Preparing executables
---Running executables, 108 in batch, delta=49.452396464
---Extracting values delta=5.788069820000004
---Extracted values delta=104.177232476
---Time for noisy calculation: 159.43532123299997
***TFLON: 38.128989462333195,38.41800832260625,39.07646407961317,39.09899700802109,39.35900312660026,39.57969000674987,39.25595133553974,39.59123336204903,39.715303794064766,40.228064141226845,40.4929470075521,40.299539560806615,40.092151298062724,40.53795505425516,41.03104206540642,41.27519623396934,38.349386052311615,37.62750276220854,38.097025475430954,38.343467914414816,38.008977412344386,38.819479633435805,38.479624128406066,39.28679922326336,39.87634709387589,40.07610288348943,39.970023002364364,40.12227327544622,39.93252552964101,40.83477030621337,40.75053660788131,40.65361948846238,40.891767097199285,41.10522451690059,38.28484531661151,37.30939433469769 1631651697.376171
Noisy energies by type: {'onsite0': array([42.12438085, 42.28268925, 42.52619392, 42.63109049, 42.37370242,
       42.5760709 , 41.87432471, 42.05754141, 42.16370922, 42.23260929,
       42.50577953, 41.87365517, 41.73311723, 41.8726674 , 41.976131  ,
       42.23427453, 42.15034674, 40.96544276, 42.0781707 , 42.09745293,
       41.86066923, 41.96353741, 41.77091103, 41.92428124, 42.59928591,
       42.62146893, 42.40948276, 42.30092341, 41.99256506, 42.59482529,
       42.35977413, 41.99520384, 41.99295202, 42.10605249, 42.28632138,
       41.10782241]), 'horiz0': array([-2.09050154, -1.95950852, -2.21611493, -1.70353015, -2.06234568,
       -1.53706552, -1.38187702, -0.7511254 , -0.60811197, -0.36337039,
       -0.30895334, -0.313754  , -0.58761747, -0.25600231, -0.06595265,
        0.05772595, -2.06958371, -1.80314045, -2.0787062 , -1.84178611,
       -2.37219989, -1.4443204 , -2.23736946, -1.36840571, -1.31967213,
       -0.75437556, -0.7563786 , -0.39790898, -0.40648096, -0.35818067,
       -0.65657143, -0.41688889, -0.04232963, -0.12087264, -2.15637173,
       -2.10160719]), 'horiz1': array([-1.90488984, -1.90517241, -1.23361491, -1.82856333, -0.95235362,
       -1.45931538, -1.23649635, -1.71518265, -1.84029345, -1.64117476,
       -1.70387918, -1.26036161, -1.05334847, -1.07871003, -0.87913629,
       -1.01680425, -1.73137698, -1.53479955, -1.90243902, -1.91219891,
       -1.47949193, -1.69973738, -1.05391744, -1.26907631, -1.40326669,
       -1.79099049, -1.68308116, -1.78074116, -1.65355857, -1.40187431,
       -0.9526661 , -0.92469546, -1.05885529, -0.87995533, -1.84510433,
       -1.69682088])}
Using saved exact energies
Data collected can be found at experiments/8x1_single_zz_x_U_8_nocc_13_d_1-0914-213114/8x1
