{'theta': True, 'zeta': True, 'chi': False, 'gamma': True, 'phi': True, 'time': None}
{'theta': False, 'zeta': False, 'chi': False, 'gamma': False, 'phi': False, 'time': None}
                  (3, 2)
                  │
                  │
         (4, 1)───(4, 2)───(4, 3)
         │        │        │
         │        │        │
(5, 0)───(5, 1)───(5, 2)───(5, 3)───(5, 4)
         │        │        │        │
         │        │        │        │
         (6, 1)───(6, 2)───(6, 3)───(6, 4)───(6, 5)
                  │        │        │        │
                  │        │        │        │
                  (7, 2)───(7, 3)───(7, 4)───(7, 5)───(7, 6)
                           │        │        │
                           │        │        │
                           (8, 3)───(8, 4)───(8, 5)
                                    │
                                    │
                                    (9, 4)
Start at: (3, 2), with dr
Using qubits [cirq.GridQubit(3, 2), cirq.GridQubit(4, 2), cirq.GridQubit(4, 3), cirq.GridQubit(5, 3), cirq.GridQubit(5, 4), cirq.GridQubit(6, 4), cirq.GridQubit(6, 5), cirq.GridQubit(7, 5), cirq.GridQubit(4, 1), cirq.GridQubit(5, 1), cirq.GridQubit(5, 2), cirq.GridQubit(6, 2), cirq.GridQubit(6, 3), cirq.GridQubit(7, 3), cirq.GridQubit(7, 4), cirq.GridQubit(8, 4)]
Using qubits, JW:[cirq.GridQubit(3, 2), cirq.GridQubit(4, 2), cirq.GridQubit(4, 3), cirq.GridQubit(5, 3), cirq.GridQubit(5, 4), cirq.GridQubit(6, 4), cirq.GridQubit(6, 5), cirq.GridQubit(7, 5), cirq.GridQubit(4, 1), cirq.GridQubit(5, 1), cirq.GridQubit(5, 2), cirq.GridQubit(6, 2), cirq.GridQubit(6, 3), cirq.GridQubit(7, 3), cirq.GridQubit(7, 4), cirq.GridQubit(8, 4)]
                  [31m(3, 2)[0m
                  │
                  │
         [35m(4, 1)[0m───[31m(4, 2)[0m───[31m(4, 3)[0m
         │        │        │
         │        │        │
(5, 0)───[35m(5, 1)[0m───[35m(5, 2)[0m───[31m(5, 3)[0m───[31m(5, 4)[0m
         │        │        │        │
         │        │        │        │
         (6, 1)───[35m(6, 2)[0m───[35m(6, 3)[0m───[31m(6, 4)[0m───[31m(6, 5)[0m
                  │        │        │        │
                  │        │        │        │
                  (7, 2)───[35m(7, 3)[0m───[35m(7, 4)[0m───[31m(7, 5)[0m───(7, 6)
                           │        │        │
                           │        │        │
                           (8, 3)───[35m(8, 4)[0m───(8, 5)
                                    │
                                    │
                                    (9, 4)
None
Meas types ['onsite0', 'horiz0', 'horiz1']
Prepped onsite, pairs=[(0, 8), (1, 9), (2, 10), (3, 11), (4, 12), (5, 13), (6, 14), (7, 15)]
Prepped horiz, pairs=[(0, 1), (2, 3), (4, 5), (6, 7), (8, 9), (10, 11), (12, 13), (14, 15)]
Prepped horiz, pairs=[(1, 2), (3, 4), (5, 6), (9, 10), (11, 12), (13, 14)]
Set recompilation to False
Got pairs set [(10, 11), (5, 6), (3, 11), (5, 13), (8, 9), (4, 12), (6, 14), (1, 2), (6, 7), (7, 15), (12, 13), (4, 5), (2, 10), (9, 10), (2, 3), (1, 9), (14, 15), (0, 8), (11, 12), (0, 1), (13, 14), (3, 4)]
---Starting to do calibration: delta 3.648143471000001
---Starting to set up measurements: delta 0.6958991949999991
---Starting to run VQE: delta 1.272952386
No optimisation, save file is experiments/8x1_single_zz_x_U_8_nocc_9_d_1-0914-221655/8x1/processed/processed.json
Given params: [[[[[1.053, 0.597, 0.467]]], [[[-1.053, -0.597, -0.467]]], [[[0, 0.597, 0.467]]], [[[0, -0.597, -0.467]]]]]
---Preparing executables
---Running executables, 12 in batch, delta=5.337033950000002
---Extracting values delta=2.1975624899999993
---Extracted values delta=97.317882286
===11.373164538101067 10.319853003197098 13.317715782201851 15.155098766204645 1631654325.810962
Computed energies [10.846508770649082], params [[[[1.053, 0.597, 0.467]]], [[[-1.053, -0.597, -0.467]]], [[[0, 0.597, 0.467]]], [[[0, -0.597, -0.467]]]]
***10.846508770649082 1631654325.814139
---VQE complete: delta 104.859987376
---Starting TFLO
Using saved points
Using params [[[0, 0, 0]], [[0, 0, 0.785398]], [[0, 1.5708, 0.785398]], [[0, 1.5708, 1.5708]], [[0, 5.49779, 0.785398]], [[0, 2.35619, 0.785398]], [[0, 2.35619, 1.5708]], [[0, 5.49779, 1.5708]], [[0, 0.785398, 3.14159]], [[0, 0, 3.14159]], [[0, 5.49779, 2.35619]], [[0, 5.49779, 3.92699]], [[0, 2.35619, 3.14159]], [[0, 4.71239, 2.35619]], [[0, 3.92699, 2.35619]], [[0, 3.92699, 3.92699]], [[0, 0.597, 0.467]], [[1.053, 0.597, 0.467]], [[0, 0, 0]], [[0, 0, -0.785398]], [[0, -1.5708, -0.785398]], [[0, -1.5708, -1.5708]], [[0, -5.49779, -0.785398]], [[0, -2.35619, -0.785398]], [[0, -2.35619, -1.5708]], [[0, -5.49779, -1.5708]], [[0, -0.785398, -3.14159]], [[0, 0, -3.14159]], [[0, -5.49779, -2.35619]], [[0, -5.49779, -3.92699]], [[0, -2.35619, -3.14159]], [[0, -4.71239, -2.35619]], [[0, -3.92699, -2.35619]], [[0, -3.92699, -3.92699]], [[0, -0.597, -0.467]], [[-1.053, -0.597, -0.467]]]
---Preparing executables
---Running executables, 108 in batch, delta=59.331973338
---Extracting values delta=7.488982574999994
---Extracted values delta=112.19293530799999
---Time for noisy calculation: 179.031484905
***TFLON: 14.023848410116747,14.48567536877584,14.873499346135928,15.06956196370355,16.716595384833226,16.78335282880074,16.946602235932286,18.313570981050173,16.318016545694274,18.062633387301243,19.989908313899473,20.690182907285426,20.58699326729723,20.035829561880817,19.165005383406232,20.313468935463014,13.358737383344392,11.317563515558135,13.840653217409486,14.776921529092945,14.757275481523445,15.433938512265552,14.58753342220862,14.890974572106815,15.881210854907849,16.353606195755383,18.999037883028784,17.552356381178953,17.363039432100404,17.595570055326455,18.644032749395368,20.11781872816369,21.393591945721877,21.666958232428797,15.158254730243353,10.380465145828332 1631654507.072022
Noisy energies by type: {'onsite0': array([20.05797101, 20.00167364, 20.52369779, 20.27988879, 20.9913774 ,
       21.24901186, 20.80703378, 21.01967721, 18.98550078, 20.02190396,
       21.35952849, 21.12916112, 21.37176312, 20.11674347, 18.92041522,
       19.08578913, 19.33891024, 14.5283102 , 19.88781917, 20.47302546,
       20.12328767, 20.25402202, 19.1272236 , 18.86351931, 19.18559794,
       19.57069847, 21.39230279, 19.94923858, 19.39644191, 19.19896081,
       18.92011258, 20.6185567 , 21.18185745, 20.93721028, 21.25042017,
       15.14743326]), 'horiz0': array([-3.62858375, -3.1294382 , -4.58015069, -4.20020146, -2.59120249,
       -4.51379567, -3.97303982, -0.96001927, -0.63240506,  0.37618497,
        0.37415284,  1.19872851, -0.87380778,  0.4422087 , -0.25063761,
        0.70785505, -3.71571572, -1.77228185, -3.6874178 , -3.33859649,
       -4.84105379, -4.29742489, -2.44736842, -4.4470852 , -3.7715173 ,
       -1.04941725, -0.75061234, -0.06165617,  0.07498836,  0.5352145 ,
       -0.78878631,  0.57651992,  0.10588794,  0.57563313, -4.13555213,
       -3.33614536]), 'horiz1': array([-2.40553886, -2.38656007, -1.07004776, -1.01012536, -1.68357953,
        0.04813665,  0.11260828, -1.74608696, -2.03507917, -2.33545554,
       -1.74377301, -1.63770673,  0.08903793, -0.52312261,  0.49522777,
        0.51982475, -2.26445714, -1.43846484, -2.35974815, -2.35750744,
       -0.5249584 , -0.52265861, -2.09232176,  0.47454046,  0.46713021,
       -2.16767502, -1.64265257, -2.33522603, -2.10839083, -2.13860526,
        0.51270648, -1.07725789,  0.10584656,  0.15411482, -1.95661331,
       -1.43082276])}
Using saved exact energies
Data collected can be found at experiments/8x1_single_zz_x_U_8_nocc_9_d_1-0914-221655/8x1
