{'theta': True, 'zeta': True, 'chi': False, 'gamma': True, 'phi': True, 'time': None}
{'theta': False, 'zeta': False, 'chi': False, 'gamma': False, 'phi': False, 'time': None}
                  (3, 2)
                  │
                  │
         (4, 1)───(4, 2)───(4, 3)
         │        │        │
         │        │        │
(5, 0)───(5, 1)───(5, 2)───(5, 3)───(5, 4)
         │        │        │        │
         │        │        │        │
         (6, 1)───(6, 2)───(6, 3)───(6, 4)───(6, 5)
                  │        │        │        │
                  │        │        │        │
                  (7, 2)───(7, 3)───(7, 4)───(7, 5)───(7, 6)
                           │        │        │
                           │        │        │
                           (8, 3)───(8, 4)───(8, 5)
                                    │
                                    │
                                    (9, 4)
Start at: (3, 2), with dr
Using qubits [cirq.GridQubit(3, 2), cirq.GridQubit(4, 2), cirq.GridQubit(4, 3), cirq.GridQubit(5, 3), cirq.GridQubit(5, 4), cirq.GridQubit(6, 4), cirq.GridQubit(6, 5), cirq.GridQubit(7, 5), cirq.GridQubit(4, 1), cirq.GridQubit(5, 1), cirq.GridQubit(5, 2), cirq.GridQubit(6, 2), cirq.GridQubit(6, 3), cirq.GridQubit(7, 3), cirq.GridQubit(7, 4), cirq.GridQubit(8, 4)]
Using qubits, JW:[cirq.GridQubit(3, 2), cirq.GridQubit(4, 2), cirq.GridQubit(4, 3), cirq.GridQubit(5, 3), cirq.GridQubit(5, 4), cirq.GridQubit(6, 4), cirq.GridQubit(6, 5), cirq.GridQubit(7, 5), cirq.GridQubit(4, 1), cirq.GridQubit(5, 1), cirq.GridQubit(5, 2), cirq.GridQubit(6, 2), cirq.GridQubit(6, 3), cirq.GridQubit(7, 3), cirq.GridQubit(7, 4), cirq.GridQubit(8, 4)]
                  [31m(3, 2)[0m
                  │
                  │
         [35m(4, 1)[0m───[31m(4, 2)[0m───[31m(4, 3)[0m
         │        │        │
         │        │        │
(5, 0)───[35m(5, 1)[0m───[35m(5, 2)[0m───[31m(5, 3)[0m───[31m(5, 4)[0m
         │        │        │        │
         │        │        │        │
         (6, 1)───[35m(6, 2)[0m───[35m(6, 3)[0m───[31m(6, 4)[0m───[31m(6, 5)[0m
                  │        │        │        │
                  │        │        │        │
                  (7, 2)───[35m(7, 3)[0m───[35m(7, 4)[0m───[31m(7, 5)[0m───(7, 6)
                           │        │        │
                           │        │        │
                           (8, 3)───[35m(8, 4)[0m───(8, 5)
                                    │
                                    │
                                    (9, 4)
None
Meas types ['onsite0', 'horiz0', 'horiz1']
Prepped onsite, pairs=[(0, 8), (1, 9), (2, 10), (3, 11), (4, 12), (5, 13), (6, 14), (7, 15)]
Prepped horiz, pairs=[(0, 1), (2, 3), (4, 5), (6, 7), (8, 9), (10, 11), (12, 13), (14, 15)]
Prepped horiz, pairs=[(1, 2), (3, 4), (5, 6), (9, 10), (11, 12), (13, 14)]
Set recompilation to False
Got pairs set [(10, 11), (5, 6), (3, 11), (5, 13), (8, 9), (4, 12), (6, 14), (1, 2), (6, 7), (7, 15), (12, 13), (4, 5), (2, 10), (9, 10), (2, 3), (1, 9), (14, 15), (0, 8), (11, 12), (0, 1), (13, 14), (3, 4)]
---Starting to do calibration: delta 5.280107014
---Starting to set up measurements: delta 0.9344262520000015
---Starting to run VQE: delta 1.6696092189999998
No optimisation, save file is experiments/8x1_single_zz_x_U_4_nocc_5_d_1-0916-224728/8x1/processed/processed.json
Given params: [[[[[0.555, 0.569, 0.657]]], [[[-0.555, -0.569, -0.657]]], [[[0, 0.569, 0.657]]], [[[0, -0.569, -0.657]]]]]
---Preparing executables
---Running executables, 12 in batch, delta=5.745963441999999
---Extracting values delta=2.8030574480000006
---Extracted values delta=51.242908240000006
===-2.702196890807873 -2.777099045728231 -2.1302068523875746 -2.008235106854849 1631828916.1283798
Computed energies [-2.739647968268052], params [[[[0.555, 0.569, 0.657]]], [[[-0.555, -0.569, -0.657]]], [[[0, 0.569, 0.657]]], [[[0, -0.569, -0.657]]]]
***-2.739647968268052 1631828916.136343
---VQE complete: delta 59.803520382
---Starting TFLO
Using saved points
Using params [[[0, 0, 0]], [[0, 0, 0.785398]], [[0, 0.785398, 1.5708]], [[0, 4.71239, 0]], [[0, 2.35619, 0.785398]], [[0, 2.35619, 0]], [[0, 1.5708, 2.35619]], [[0, 3.14159, 0.785398]], [[0, 3.92699, 0.785398]], [[0, 5.49779, 5.49779]], [[0, 0.785398, 5.49779]], [[0, 4.71239, 5.49779]], [[0, 1.5708, 3.92699]], [[0, 4.71239, 3.92699]], [[0, 3.92699, 2.35619]], [[0, 2.35619, 4.71239]], [[0, 0.569, 0.657]], [[0.555, 0.569, 0.657]], [[0, 0, 0]], [[0, 0, -0.785398]], [[0, -0.785398, -1.5708]], [[0, -4.71239, 0]], [[0, -2.35619, -0.785398]], [[0, -2.35619, 0]], [[0, -1.5708, -2.35619]], [[0, -3.14159, -0.785398]], [[0, -3.92699, -0.785398]], [[0, -5.49779, -5.49779]], [[0, -0.785398, -5.49779]], [[0, -4.71239, -5.49779]], [[0, -1.5708, -3.92699]], [[0, -4.71239, -3.92699]], [[0, -3.92699, -2.35619]], [[0, -2.35619, -4.71239]], [[0, -0.569, -0.657]], [[-0.555, -0.569, -0.657]]]
---Preparing executables
---Running executables, 108 in batch, delta=51.277706174
---Extracting values delta=7.909227103000006
---Extracted values delta=106.195264313
---Time for noisy calculation: 165.40010642200002
***TFLON: -2.008878134523558,-1.830186920543186,-1.7971392356760374,-0.9445941448635116,-0.31684008691591115,-0.048709247673761724,-0.3993766305255875,0.39205883857373647,0.5813952473720243,1.3353085514903253,1.66251520002703,1.7278338220603566,2.367816369960752,2.8809970217933967,2.615252507353176,3.695463443827453,-2.0552183441894334,-2.6688667080594497,-1.9555740270251913,-1.678158168099432,-1.6568875210891663,-0.785177441063468,-0.9190449858324453,-0.4317551226094527,0.11207159021631896,0.4478261555960835,1.0461483400715492,1.4043047149713832,1.9700916222203881,2.327652392526969,2.045850658726163,2.389796187826983,3.1212497870957288,3.2939743283450924,-1.9878790696452016,-2.646418763639671 1631829083.853013
Noisy energies by type: {'onsite0': array([3.02721617, 3.10064875, 3.15028337, 3.09956367, 3.33567525,
       3.26157407, 3.06487524, 2.92771322, 2.86963371, 3.04700162,
       2.84710425, 2.77868186, 3.22396576, 3.27223616, 2.71459269,
       3.17217119, 3.02823529, 1.97922791, 3.02681072, 2.97067624,
       3.02347791, 3.12231633, 2.64921674, 2.76467054, 3.26972909,
       2.99149693, 3.24179925, 3.12367491, 3.34134909, 3.36301236,
       2.86979063, 3.02881291, 3.2304038 , 2.79169992, 3.13148372,
       2.13141994]), 'horiz0': array([-2.61567164, -2.50383738, -2.93555317, -2.81650607, -3.20175251,
       -2.8762515 , -2.24983888, -2.51784964, -1.87842466,  0.36208369,
        0.84895728,  0.20146678,  0.32135011,  0.80490798,  0.31571399,
        0.91688628, -2.87657042, -2.60205832, -2.62292733, -2.24944185,
       -2.59967085, -2.6899613 , -3.19074764, -2.82170372, -1.93565513,
       -2.49787994, -1.79665493,  0.30513089,  0.73302008,  0.20965373,
        0.42182274,  0.53702577,  0.29150824,  0.89317995, -2.84095591,
       -2.68616567]), 'horiz1': array([-2.42042267, -2.42699829, -2.01186944, -1.22765174, -0.45076283,
       -0.43403182, -1.21441299, -0.01780473, -0.40981381, -2.07377676,
       -2.03354633, -1.25231481, -1.1774995 , -1.19614711, -0.41505418,
       -0.39359403, -2.20688322, -2.04603629, -2.35945742, -2.39939256,
       -2.08069459, -1.21753247, -0.37751408, -0.37472194, -1.22200237,
       -0.04579084, -0.39899598, -2.02450109, -2.10427755, -1.24501369,
       -1.24576271, -1.17604249, -0.40066225, -0.39090554, -2.27840687,
       -2.09167303])}
Using saved exact energies
Data collected can be found at experiments/8x1_single_zz_x_U_4_nocc_5_d_1-0916-224728/8x1
