{'theta': True, 'zeta': True, 'chi': False, 'gamma': True, 'phi': True, 'time': None}
{'theta': False, 'zeta': False, 'chi': False, 'gamma': False, 'phi': False, 'time': None}
                  (3, 2)
                  │
                  │
         (4, 1)───(4, 2)───(4, 3)
         │        │        │
         │        │        │
(5, 0)───(5, 1)───(5, 2)───(5, 3)───(5, 4)
         │        │        │        │
         │        │        │        │
         (6, 1)───(6, 2)───(6, 3)───(6, 4)───(6, 5)
                  │        │        │        │
                  │        │        │        │
                  (7, 2)───(7, 3)───(7, 4)───(7, 5)───(7, 6)
                           │        │        │
                           │        │        │
                           (8, 3)───(8, 4)───(8, 5)
                                    │
                                    │
                                    (9, 4)
Start at: (3, 2), with dr
Using qubits [cirq.GridQubit(3, 2), cirq.GridQubit(4, 2), cirq.GridQubit(4, 3), cirq.GridQubit(5, 3), cirq.GridQubit(5, 4), cirq.GridQubit(6, 4), cirq.GridQubit(6, 5), cirq.GridQubit(7, 5), cirq.GridQubit(4, 1), cirq.GridQubit(5, 1), cirq.GridQubit(5, 2), cirq.GridQubit(6, 2), cirq.GridQubit(6, 3), cirq.GridQubit(7, 3), cirq.GridQubit(7, 4), cirq.GridQubit(8, 4)]
Using qubits, JW:[cirq.GridQubit(3, 2), cirq.GridQubit(4, 2), cirq.GridQubit(4, 3), cirq.GridQubit(5, 3), cirq.GridQubit(5, 4), cirq.GridQubit(6, 4), cirq.GridQubit(6, 5), cirq.GridQubit(7, 5), cirq.GridQubit(4, 1), cirq.GridQubit(5, 1), cirq.GridQubit(5, 2), cirq.GridQubit(6, 2), cirq.GridQubit(6, 3), cirq.GridQubit(7, 3), cirq.GridQubit(7, 4), cirq.GridQubit(8, 4)]
                  [31m(3, 2)[0m
                  │
                  │
         [35m(4, 1)[0m───[31m(4, 2)[0m───[31m(4, 3)[0m
         │        │        │
         │        │        │
(5, 0)───[35m(5, 1)[0m───[35m(5, 2)[0m───[31m(5, 3)[0m───[31m(5, 4)[0m
         │        │        │        │
         │        │        │        │
         (6, 1)───[35m(6, 2)[0m───[35m(6, 3)[0m───[31m(6, 4)[0m───[31m(6, 5)[0m
                  │        │        │        │
                  │        │        │        │
                  (7, 2)───[35m(7, 3)[0m───[35m(7, 4)[0m───[31m(7, 5)[0m───(7, 6)
                           │        │        │
                           │        │        │
                           (8, 3)───[35m(8, 4)[0m───(8, 5)
                                    │
                                    │
                                    (9, 4)
None
Meas types ['onsite0', 'horiz0', 'horiz1']
Prepped onsite, pairs=[(0, 8), (1, 9), (2, 10), (3, 11), (4, 12), (5, 13), (6, 14), (7, 15)]
Prepped horiz, pairs=[(0, 1), (2, 3), (4, 5), (6, 7), (8, 9), (10, 11), (12, 13), (14, 15)]
Prepped horiz, pairs=[(1, 2), (3, 4), (5, 6), (9, 10), (11, 12), (13, 14)]
Set recompilation to False
Got pairs set [(10, 11), (5, 6), (3, 11), (5, 13), (8, 9), (4, 12), (6, 14), (1, 2), (6, 7), (7, 15), (12, 13), (4, 5), (2, 10), (9, 10), (2, 3), (1, 9), (14, 15), (0, 8), (11, 12), (0, 1), (13, 14), (3, 4)]
---Starting to do calibration: delta 3.5258169759999998
---Starting to set up measurements: delta 0.6609428590000004
---Starting to run VQE: delta 1.156040278999999
No optimisation, save file is experiments/8x1_single_zz_x_U_8_nocc_14_d_1-0914-233908/8x1/processed/processed.json
Given params: [[[[[0.7, 0.66, 0.601]]], [[[-0.7, -0.66, -0.601]]], [[[0, 0.66, 0.601]]], [[[0, -0.66, -0.601]]]]]
---Preparing executables
---Running executables, 12 in batch, delta=4.776317675000001
---Extracting values delta=3.6288877829999997
---Extracted values delta=53.318109724
===46.059710918337984 45.76452362365477 46.46592481011512 46.382986038303 1631659215.948701
Computed energies [45.912117270996376], params [[[[0.7, 0.66, 0.601]]], [[[-0.7, -0.66, -0.601]]], [[[0, 0.66, 0.601]]], [[[0, -0.66, -0.601]]]]
***45.912117270996376 1631659215.9511712
---VQE complete: delta 61.728758526
---Starting TFLO
Using saved points
Using params [[[0, 0, 0]], [[0, 0.785398, 1.5708]], [[0, 5.49779, 0.785398]], [[0, 0.785398, 2.35619]], [[0, 2.35619, 0]], [[0, 3.14159, 0.785398]], [[0, 0, 3.14159]], [[0, 0.785398, 5.49779]], [[0, 5.49779, 3.92699]], [[0, 4.71239, 4.71239]], [[0, 2.35619, 5.49779]], [[0, 1.5708, 3.92699]], [[0, 3.14159, 4.71239]], [[0, 2.35619, 3.14159]], [[0, 2.35619, 3.92699]], [[0, 3.14159, 3.92699]], [[0, 0.66, 0.601]], [[0.7, 0.66, 0.601]], [[0, 0, 0]], [[0, -0.785398, -1.5708]], [[0, -5.49779, -0.785398]], [[0, -0.785398, -2.35619]], [[0, -2.35619, 0]], [[0, -3.14159, -0.785398]], [[0, 0, -3.14159]], [[0, -0.785398, -5.49779]], [[0, -5.49779, -3.92699]], [[0, -4.71239, -4.71239]], [[0, -2.35619, -5.49779]], [[0, -1.5708, -3.92699]], [[0, -3.14159, -4.71239]], [[0, -2.35619, -3.14159]], [[0, -2.35619, -3.92699]], [[0, -3.14159, -3.92699]], [[0, -0.66, -0.601]], [[-0.7, -0.66, -0.601]]]
---Preparing executables
---Running executables, 108 in batch, delta=45.380286966
---Extracting values delta=6.889027831000007
---Extracted values delta=96.56850863400001
---Time for noisy calculation: 148.855273327
***TFLON: 46.50416880019456,46.53034027189219,47.00880650397734,46.47400615211152,47.249493238297184,46.99355241664199,46.926835176071606,47.15306063017859,47.36538619615144,46.96559644252879,47.53676540227709,47.99280105197962,47.410176667525164,48.108566141669144,48.3318861088681,47.79539474053119,46.44225177928794,46.05151659926261,46.42120480400848,46.533234137430206,46.955504230495954,46.94128517588939,46.45160007950705,46.994553256418094,46.97772697568925,47.38184539992157,46.94792333075067,47.203416776721156,47.327128330884605,47.24659852672143,47.71522162677651,47.53244209844043,47.74406787492343,48.03419694047036,46.35876714377942,45.789073879824265 1631659367.327019
Noisy energies by type: {'onsite0': array([49.33410943, 49.28398134, 49.73358349, 49.04869832, 49.5255814 ,
       49.16      , 49.38126238, 49.09440362, 49.70116389, 49.25943971,
       49.1521347 , 49.51910641, 48.96568627, 49.51741294, 49.57655846,
       49.11577028, 49.20219914, 48.59886669, 49.2690583 , 49.41698278,
       49.14184606, 49.61264822, 49.08412288, 49.23515439, 49.32564841,
       49.67095851, 49.07024191, 49.11290323, 49.09190974, 49.04307869,
       49.03828829, 49.04978417, 49.07892551, 49.10375771, 49.33783784,
       48.60942127]), 'horiz0': array([-1.30976126, -1.43951916, -1.17829457, -1.24208145, -1.40519975,
       -1.29564894, -0.89699864, -0.6208574 , -0.80949445, -0.93333333,
       -0.78761062, -0.49152542, -0.70234114, -0.58956585, -0.42009419,
       -0.46466542, -1.40487062, -1.30198675, -1.30625954, -1.37122345,
       -0.91906355, -1.16357309, -1.53548002, -1.3783455 , -0.87616752,
       -0.73235017, -0.81992337, -0.8597427 , -0.65653688, -0.50015175,
       -0.48256538, -0.4906367 , -0.2969678 , -0.20555378, -1.41789288,
       -1.39621576]), 'horiz1': array([-1.52017937, -1.31412191, -1.54648241, -1.33261072, -0.87088841,
       -0.87079864, -1.55742857, -1.32048558, -1.52628324, -1.36050993,
       -0.82775867, -1.03477993, -0.85316847, -0.81928094, -0.82457816,
       -0.85571013, -1.35507674, -1.24536333, -1.54159395, -1.51252519,
       -1.26727829, -1.50778996, -1.09704278, -0.86225564, -1.47175392,
       -1.55676294, -1.30239521, -1.04974374, -1.10824453, -1.29632842,
       -0.84050128, -1.02670537, -1.03788983, -0.86400699, -1.56117782,
       -1.42413163])}
Using saved exact energies
Data collected can be found at experiments/8x1_single_zz_x_U_8_nocc_14_d_1-0914-233908/8x1
