{'theta': True, 'zeta': True, 'chi': False, 'gamma': True, 'phi': True, 'time': None}
{'theta': False, 'zeta': False, 'chi': False, 'gamma': False, 'phi': False, 'time': None}
                  (3, 2)
                  │
                  │
         (4, 1)───(4, 2)───(4, 3)
         │        │        │
         │        │        │
(5, 0)───(5, 1)───(5, 2)───(5, 3)───(5, 4)
         │        │        │        │
         │        │        │        │
         (6, 1)───(6, 2)───(6, 3)───(6, 4)───(6, 5)
                  │        │        │        │
                  │        │        │        │
                  (7, 2)───(7, 3)───(7, 4)───(7, 5)───(7, 6)
                           │        │        │
                           │        │        │
                           (8, 3)───(8, 4)───(8, 5)
                                    │
                                    │
                                    (9, 4)
Start at: (3, 2), with dr
Using qubits [cirq.GridQubit(3, 2), cirq.GridQubit(4, 2), cirq.GridQubit(4, 3), cirq.GridQubit(5, 3), cirq.GridQubit(5, 4), cirq.GridQubit(6, 4), cirq.GridQubit(6, 5), cirq.GridQubit(7, 5), cirq.GridQubit(4, 1), cirq.GridQubit(5, 1), cirq.GridQubit(5, 2), cirq.GridQubit(6, 2), cirq.GridQubit(6, 3), cirq.GridQubit(7, 3), cirq.GridQubit(7, 4), cirq.GridQubit(8, 4)]
Using qubits, JW:[cirq.GridQubit(3, 2), cirq.GridQubit(4, 2), cirq.GridQubit(4, 3), cirq.GridQubit(5, 3), cirq.GridQubit(5, 4), cirq.GridQubit(6, 4), cirq.GridQubit(6, 5), cirq.GridQubit(7, 5), cirq.GridQubit(4, 1), cirq.GridQubit(5, 1), cirq.GridQubit(5, 2), cirq.GridQubit(6, 2), cirq.GridQubit(6, 3), cirq.GridQubit(7, 3), cirq.GridQubit(7, 4), cirq.GridQubit(8, 4)]
                  [31m(3, 2)[0m
                  │
                  │
         [35m(4, 1)[0m───[31m(4, 2)[0m───[31m(4, 3)[0m
         │        │        │
         │        │        │
(5, 0)───[35m(5, 1)[0m───[35m(5, 2)[0m───[31m(5, 3)[0m───[31m(5, 4)[0m
         │        │        │        │
         │        │        │        │
         (6, 1)───[35m(6, 2)[0m───[35m(6, 3)[0m───[31m(6, 4)[0m───[31m(6, 5)[0m
                  │        │        │        │
                  │        │        │        │
                  (7, 2)───[35m(7, 3)[0m───[35m(7, 4)[0m───[31m(7, 5)[0m───(7, 6)
                           │        │        │
                           │        │        │
                           (8, 3)───[35m(8, 4)[0m───(8, 5)
                                    │
                                    │
                                    (9, 4)
None
Meas types ['onsite0', 'horiz0', 'horiz1']
Prepped onsite, pairs=[(0, 8), (1, 9), (2, 10), (3, 11), (4, 12), (5, 13), (6, 14), (7, 15)]
Prepped horiz, pairs=[(0, 1), (2, 3), (4, 5), (6, 7), (8, 9), (10, 11), (12, 13), (14, 15)]
Prepped horiz, pairs=[(1, 2), (3, 4), (5, 6), (9, 10), (11, 12), (13, 14)]
Set recompilation to False
Got pairs set [(10, 11), (5, 6), (3, 11), (5, 13), (8, 9), (4, 12), (6, 14), (1, 2), (6, 7), (7, 15), (12, 13), (4, 5), (2, 10), (9, 10), (2, 3), (1, 9), (14, 15), (0, 8), (11, 12), (0, 1), (13, 14), (3, 4)]
---Starting to do calibration: delta 3.1183251390000004
---Starting to set up measurements: delta 0.6297551200000004
---Starting to run VQE: delta 1.1197224190000004
No optimisation, save file is experiments/8x1_single_zz_x_U_8_nocc_3_d_1-0915-004511/8x1/processed/processed.json
Given params: [[[[[0.769, 0.546, 0.546]]], [[[-0.769, -0.546, -0.546]]], [[[0, 0.546, 0.546]]], [[[0, -0.546, -0.546]]]]]
---Preparing executables
---Running executables, 12 in batch, delta=5.088068335000001
---Extracting values delta=2.394703630000002
---Extracted values delta=67.731571909
===-2.306760506997247 -2.2855069034565973 -1.6009234536168921 -1.2432960839072176 1631663191.6480482
Computed energies [-2.2961337052269224], params [[[[0.769, 0.546, 0.546]]], [[[-0.769, -0.546, -0.546]]], [[[0, 0.546, 0.546]]], [[[0, -0.546, -0.546]]]]
***-2.2961337052269224 1631663191.650323
---VQE complete: delta 75.219455507
---Starting TFLO
Using saved points
Using params [[[0, 0, 0]], [[0, 0, 0.785398]], [[0, 1.5708, 0.785398]], [[0, 5.49779, 0.785398]], [[0, 2.35619, 0.785398]], [[0, 4.71239, 0.785398]], [[0, 1.5708, 2.35619]], [[0, 0.785398, 3.14159]], [[0, 5.49779, 5.49779]], [[0, 0.785398, 3.92699]], [[0, 5.49779, 3.14159]], [[0, 1.5708, 5.49779]], [[0, 3.92699, 5.49779]], [[0, 3.92699, 4.71239]], [[0, 2.35619, 4.71239]], [[0, 3.92699, 3.92699]], [[0, 0.546, 0.546]], [[0.769, 0.546, 0.546]], [[0, 0, 0]], [[0, 0, -0.785398]], [[0, -1.5708, -0.785398]], [[0, -5.49779, -0.785398]], [[0, -2.35619, -0.785398]], [[0, -4.71239, -0.785398]], [[0, -1.5708, -2.35619]], [[0, -0.785398, -3.14159]], [[0, -5.49779, -5.49779]], [[0, -0.785398, -3.92699]], [[0, -5.49779, -3.14159]], [[0, -1.5708, -5.49779]], [[0, -3.92699, -5.49779]], [[0, -3.92699, -4.71239]], [[0, -2.35619, -4.71239]], [[0, -3.92699, -3.92699]], [[0, -0.546, -0.546]], [[-0.769, -0.546, -0.546]]]
---Preparing executables
---Running executables, 108 in batch, delta=43.37666395000001
---Extracting values delta=6.183337055999999
---Extracted values delta=101.20438414
---Time for noisy calculation: 150.78481778399998
***TFLON: -1.3976015337865446,-1.2851659276971157,-1.1332800921656434,-0.4425514817797662,-0.420529265265267,-0.2137123214699428,-0.8570380278552241,-0.9313997856882665,0.2648331649516926,-0.38209626230702076,0.5045302429445384,0.5543275008978259,0.6518683376382979,0.7900202606305373,1.278040487598679,1.2883687711418403,-1.6124341874284362,-2.3000500853347026,-1.4117167574332656,-1.2887299271329986,-1.4721964401601848,-1.1475201132189579,-1.0219147556442434,-0.47284475520361724,-0.13977183711512486,0.11781480111432563,-0.006923859523745968,0.4182401998533396,-0.1738467902600307,0.875543132128257,1.1061780213113104,1.0617186944932406,1.0040234418833929,1.4532392883588297,-1.3270820122238052,-2.2954862344979485 1631663344.476489
Noisy energies by type: {'onsite0': array([2.14545455, 2.20079611, 2.39664681, 2.43734192, 2.58969805,
       2.23002309, 2.13391116, 1.89473684, 2.25968537, 1.97116419,
       2.57526633, 2.06322215, 1.86398905, 1.80871127, 2.23791509,
       2.02645847, 2.00224669, 0.89832307, 2.14967177, 2.16717194,
       1.93686083, 1.87826087, 1.89765828, 1.99594686, 2.47705236,
       2.58306118, 2.01222707, 2.38994801, 1.83399209, 2.18483723,
       2.47307608, 2.28344721, 1.87483815, 2.39219166, 2.28822496,
       1.06723224]), 'horiz0': array([-1.67360326, -1.59792355, -2.20334686, -1.24739282, -2.1134715 ,
       -1.24232365, -1.64732593, -1.11068409, -0.3701603 , -0.59469418,
       -0.44199628, -0.19581251, -0.38532332, -0.18267602, -0.06874557,
        0.06222654, -1.79905313, -1.5758221 , -1.66742909, -1.56281873,
       -2.1645325 , -1.26530612, -2.09009009, -1.12079883, -1.43418561,
       -0.78784088, -0.2887372 , -0.27116067, -0.23212583, -0.09059059,
       -0.46091516, -0.31439765, -0.0591716 , -0.05275954, -1.83994465,
       -1.73401593]), 'horiz1': array([-1.86945282, -1.88803849, -1.32658005, -1.63250058, -0.89675581,
       -1.20141176, -1.34362325, -1.71545254, -1.62469191, -1.75856628,
       -1.6287398 , -1.31308213, -0.82679739, -0.83601499, -0.89112903,
       -0.80031624, -1.81562774, -1.62255106, -1.89395944, -1.89308313,
       -1.24452477, -1.76047486, -0.82948295, -1.34799278, -1.18263859,
       -1.6774055 , -1.73041373, -1.70054714, -1.77571305, -1.21870351,
       -0.90598291, -0.90733087, -0.81164311, -0.88619283, -1.77536232,
       -1.62870254])}
Using saved exact energies
Data collected can be found at experiments/8x1_single_zz_x_U_8_nocc_3_d_1-0915-004511/8x1
