{'theta': True, 'zeta': True, 'chi': False, 'gamma': True, 'phi': True, 'time': None}
{'theta': False, 'zeta': False, 'chi': False, 'gamma': False, 'phi': False, 'time': None}
Start at: (3, 2), with dr
Using qubits [cirq.GridQubit(3, 2), cirq.GridQubit(4, 2), cirq.GridQubit(4, 3), cirq.GridQubit(5, 3), cirq.GridQubit(5, 4), cirq.GridQubit(6, 4), cirq.GridQubit(6, 5), cirq.GridQubit(7, 5), cirq.GridQubit(4, 1), cirq.GridQubit(5, 1), cirq.GridQubit(5, 2), cirq.GridQubit(6, 2), cirq.GridQubit(6, 3), cirq.GridQubit(7, 3), cirq.GridQubit(7, 4), cirq.GridQubit(8, 4)]
Using qubits, JW:[cirq.GridQubit(3, 2), cirq.GridQubit(4, 2), cirq.GridQubit(4, 3), cirq.GridQubit(5, 3), cirq.GridQubit(5, 4), cirq.GridQubit(6, 4), cirq.GridQubit(6, 5), cirq.GridQubit(7, 5), cirq.GridQubit(4, 1), cirq.GridQubit(5, 1), cirq.GridQubit(5, 2), cirq.GridQubit(6, 2), cirq.GridQubit(6, 3), cirq.GridQubit(7, 3), cirq.GridQubit(7, 4), cirq.GridQubit(8, 4)]
Meas types ['onsite0', 'horiz0', 'vert02', 'vert12']
Prepped onsite, pairs=[(0, 8), (1, 9), (2, 10), (3, 11), (4, 12), (5, 13), (6, 14), (7, 15)]
Prepped horiz, pairs=[(0, 1), (2, 3), (4, 5), (6, 7), (8, 9), (10, 11), (12, 13), (14, 15)]
Prepped vert0, pairs=[(1, 2), (3, 4), (5, 6), (9, 10), (11, 12), (13, 14)]
Prepped vert1, pairs=[(1, 2), (3, 4), (5, 6), (9, 10), (11, 12), (13, 14)]
Set recompilation to False
Got pairs set [(3, 4), (4, 12), (12, 13), (5, 13), (8, 9), (0, 8), (1, 9), (13, 14), (6, 14), (4, 5), (5, 6), (14, 15), (0, 1), (9, 10), (10, 11), (1, 2), (2, 10), (6, 7), (7, 15), (3, 11), (2, 3), (11, 12)]
---Starting to do calibration: delta 0.19883235700035584
---Starting to set up measurements: delta 0.84687661199996
---Starting to run VQE: delta 2.156433849000223
No optimisation, save file is experiments/67301ad007bd4506aa25804a71eee3e8-1211-222725/2x4/processed/processed.json
parameters.json
Given params: [[[[[0.439, 0.373, 0.576, 0.473]]], [[[-0.439, -0.373, -0.576, -0.473]]], [[[0, 0.373, 0.576, 0.473]]], [[[0, -0.373, -0.576, -0.473]]]]]
---Preparing executables
---Running executables, 16 in batch, delta=7.194670773000325
---Extracting values delta=33.57703268199975
---Extracted values delta=5.723308724000162
===8.98569 8.990869999999997 9.569439999999998 9.55918 1639261694.966304
Computed energies [8.98828], params [[[[0.439, 0.373, 0.576, 0.473]]], [[[-0.439, -0.373, -0.576, -0.473]]], [[[0, 0.373, 0.576, 0.473]]], [[[0, -0.373, -0.576, -0.473]]]]
***8.98828 1639261694.967756
---VQE complete: delta 46.50503429899982
---Starting TFLO
Using saved points
Using params [[[0, 4.71239, 0, 0]], [[0, 0, 0, 1.5708]], [[0, 3.14159, 4.71239, 0.785398]], [[0, 1.5708, 0.785398, 3.14159]], [[0, 3.14159, 3.14159, 1.5708]], [[0, 3.14159, 0, 3.92699]], [[0, 1.5708, 0, 4.71239]], [[0, 3.92699, 5.49779, 3.92699]], [[0, 1.5708, 4.71239, 3.14159]], [[0, 3.14159, 1.5708, 4.71239]], [[0, 4.71239, 4.71239, 3.92699]], [[0, 3.14159, 1.5708, 5.49779]], [[0, 3.14159, 3.14159, 3.92699]], [[0, 5.49779, 2.35619, 4.71239]], [[0, 3.14159, 3.92699, 4.71239]], [[0, 0, 3.92699, 5.49779]], [[0, 0.373, 0.576, 0.473]], [[0.439, 0.373, 0.576, 0.473]], [[0, -4.71239, 0, 0]], [[0, 0, 0, -1.5708]], [[0, -3.14159, -4.71239, -0.785398]], [[0, -1.5708, -0.785398, -3.14159]], [[0, -3.14159, -3.14159, -1.5708]], [[0, -3.14159, 0, -3.92699]], [[0, -1.5708, 0, -4.71239]], [[0, -3.92699, -5.49779, -3.92699]], [[0, -1.5708, -4.71239, -3.14159]], [[0, -3.14159, -1.5708, -4.71239]], [[0, -4.71239, -4.71239, -3.92699]], [[0, -3.14159, -1.5708, -5.49779]], [[0, -3.14159, -3.14159, -3.92699]], [[0, -5.49779, -2.35619, -4.71239]], [[0, -3.14159, -3.92699, -4.71239]], [[0, 0, -3.92699, -5.49779]], [[0, -0.373, -0.576, -0.473]], [[-0.439, -0.373, -0.576, -0.473]]]
---Preparing executables
---Running executables, 144 in batch, delta=62.44622403299991
---Extracting values delta=157.87589187100002
---Extracted values delta=10.191842738000105
---Time for noisy calculation: 230.54587887699972
***TFLON: 9.551549999999999,10.562900000000003,11.519350000000001,12.6894,13.496949999999998,14.52375,15.6514,16.716549999999998,17.7679,18.6343,19.83595,20.463599999999996,21.8388,22.118000000000002,23.838449999999998,25.002899999999997,9.574600000000002,9.008799999999999,9.527849999999997,10.5537,11.500549999999999,12.657,13.5222,14.489999999999997,15.6506,16.68245,17.719549999999998,18.69935,19.797999999999995,20.474800000000002,21.807599999999997,22.0797,23.90925,25.01295,9.577049999999998,8.982600000000001 1639261928.652558
Noisy energies by type: {'onsite0': array([18.0078, 18.0054, 17.998 , 17.9986, 17.9794, 18.0186, 18.0002,
       18.0016, 18.0118, 17.9892, 18.0322, 17.9862, 18.0358, 18.0112,
       17.9858, 18.001 , 18.0224, 17.0596, 18.0002, 17.9892, 17.9804,
       17.9716, 17.9866, 17.9998, 18.0134, 17.991 , 17.9528, 18.009 ,
       18.001 , 18.0138, 17.998 , 18.0186, 18.0278, 18.0268, 18.0162,
       17.062 ]), 'horiz0': array([-4.    , -4.    , -3.8536, -3.4208, -2.8357, -4.    , -4.    ,
       -3.19  , -1.9991, -0.6094, -1.2292, -0.1445,  1.5304,  1.845 ,
        1.8145,  2.5661, -3.9899, -3.7957, -4.    , -4.    , -3.8471,
       -3.4131, -2.8143, -4.    , -4.    , -3.2   , -2.0076, -0.564 ,
       -1.2258, -0.1701,  1.5302,  1.8078,  1.8246,  2.5764, -3.9909,
       -3.8032]), 'vert02': array([-2.22645e+00, -1.70530e+00, -1.65010e+00, -3.10800e-01,
       -8.35350e-01,  2.58850e-01,  8.32050e-01,  3.73000e-01,
       -8.40000e-03,  1.25835e+00,  6.90550e-01,  1.64025e+00,
        1.13995e+00,  1.57575e+00,  1.56910e+00,  1.98290e+00,
       -2.11860e+00, -2.01750e+00, -2.23580e+00, -1.72090e+00,
       -1.65470e+00, -3.19550e-01, -8.39150e-01,  2.45450e-01,
        8.11550e-01,  3.58600e-01,  7.00000e-04,  1.25875e+00,
        6.84350e-01,  1.66250e+00,  1.13685e+00,  1.57395e+00,
        1.59115e+00,  1.97170e+00, -2.11730e+00, -2.02585e+00]), 'vert12': array([-2.2298 , -1.7372 , -0.97495, -1.5776 , -0.8114 ,  0.2463 ,
        0.81915,  1.53195,  1.7636 , -0.00385,  2.3424 ,  0.98165,
        1.13265,  0.68605,  2.46905,  2.4529 , -2.3393 , -2.2376 ,
       -2.23655, -1.7146 , -0.97805, -1.58195, -0.81095,  0.24475,
        0.82565,  1.53285,  1.77365, -0.0044 ,  2.33845,  0.9686 ,
        1.14255,  0.67935,  2.4657 ,  2.43805, -2.33095, -2.25035])}
Using saved exact energies
Data collected can be found at experiments/67301ad007bd4506aa25804a71eee3e8-1211-222725/2x4
Getting settings from paper_data/4x2_U4_d1/single/4x2_single_U_4_nocc_13_d_1-0915-211601/2x4/settings.json
{'theta': True, 'zeta': True, 'chi': False, 'gamma': True, 'phi': True, 'time': None}
{'theta': False, 'zeta': False, 'chi': False, 'gamma': False, 'phi': False, 'time': None}
Start at: (3, 2), with dr
Using qubits [cirq.GridQubit(3, 2), cirq.GridQubit(4, 2), cirq.GridQubit(4, 3), cirq.GridQubit(5, 3), cirq.GridQubit(5, 4), cirq.GridQubit(6, 4), cirq.GridQubit(6, 5), cirq.GridQubit(7, 5), cirq.GridQubit(4, 1), cirq.GridQubit(5, 1), cirq.GridQubit(5, 2), cirq.GridQubit(6, 2), cirq.GridQubit(6, 3), cirq.GridQubit(7, 3), cirq.GridQubit(7, 4), cirq.GridQubit(8, 4)]
Using qubits, JW:[cirq.GridQubit(3, 2), cirq.GridQubit(4, 2), cirq.GridQubit(4, 3), cirq.GridQubit(5, 3), cirq.GridQubit(5, 4), cirq.GridQubit(6, 4), cirq.GridQubit(6, 5), cirq.GridQubit(7, 5), cirq.GridQubit(4, 1), cirq.GridQubit(5, 1), cirq.GridQubit(5, 2), cirq.GridQubit(6, 2), cirq.GridQubit(6, 3), cirq.GridQubit(7, 3), cirq.GridQubit(7, 4), cirq.GridQubit(8, 4)]
Meas types ['onsite0', 'horiz0', 'vert02', 'vert12']
Prepped onsite, pairs=[(0, 8), (1, 9), (2, 10), (3, 11), (4, 12), (5, 13), (6, 14), (7, 15)]
Prepped horiz, pairs=[(0, 1), (2, 3), (4, 5), (6, 7), (8, 9), (10, 11), (12, 13), (14, 15)]
Prepped vert0, pairs=[(1, 2), (3, 4), (5, 6), (9, 10), (11, 12), (13, 14)]
Prepped vert1, pairs=[(1, 2), (3, 4), (5, 6), (9, 10), (11, 12), (13, 14)]
Set recompilation to False
Got pairs set [(3, 4), (4, 12), (12, 13), (5, 13), (8, 9), (0, 8), (1, 9), (13, 14), (6, 14), (4, 5), (5, 6), (14, 15), (0, 1), (9, 10), (10, 11), (1, 2), (2, 10), (6, 7), (7, 15), (3, 11), (2, 3), (11, 12)]
---Starting to do calibration: delta 0.09203008300028159
---Starting to set up measurements: delta 0.8630122589997882
---Starting to run VQE: delta 2.123398072999862
No optimisation, save file is experiments/54a7fac9e2d54c4f81e46f8a6e9f8fcc-1211-223208/2x4/processed/processed.json
parameters.json
Given params: [[[[[0.381, 0.481, 0.588, 0.423]]], [[[-0.381, -0.481, -0.588, -0.423]]], [[[0, 0.481, 0.588, 0.423]]], [[[0, -0.481, -0.588, -0.423]]]]]
---Preparing executables
---Running executables, 16 in batch, delta=7.292406147999827
---Extracting values delta=32.984380523000254
---Extracted values delta=5.746318022999731
===13.888229999999997 13.899599999999998 14.17919 14.161990000000001 1639261977.837645
Computed energies [13.893914999999996], params [[[[0.381, 0.481, 0.588, 0.423]]], [[[-0.381, -0.481, -0.588, -0.423]]], [[[0, 0.481, 0.588, 0.423]]], [[[0, -0.481, -0.588, -0.423]]]]
***13.893914999999996 1639261977.838967
---VQE complete: delta 46.03210146699985
---Starting TFLO
Using saved points
Using params [[[0, 2.35619, 0, 0]], [[0, 3.14159, 0, 1.5708]], [[0, 0, 4.71239, 0.785398]], [[0, 0, 0.785398, 3.14159]], [[0, 3.14159, 3.14159, 1.5708]], [[0, 1.5708, 0, 3.92699]], [[0, 1.5708, 0, 4.71239]], [[0, 2.35619, 5.49779, 3.92699]], [[0, 2.35619, 4.71239, 3.14159]], [[0, 2.35619, 1.5708, 4.71239]], [[0, 4.71239, 4.71239, 3.92699]], [[0, 3.92699, 1.5708, 5.49779]], [[0, 0.785398, 3.14159, 3.92699]], [[0, 2.35619, 2.35619, 4.71239]], [[0, 2.35619, 3.92699, 4.71239]], [[0, 0, 3.92699, 5.49779]], [[0, 0.481, 0.588, 0.423]], [[0.381, 0.481, 0.588, 0.423]], [[0, -2.35619, 0, 0]], [[0, -3.14159, 0, -1.5708]], [[0, 0, -4.71239, -0.785398]], [[0, 0, -0.785398, -3.14159]], [[0, -3.14159, -3.14159, -1.5708]], [[0, -1.5708, 0, -3.92699]], [[0, -1.5708, 0, -4.71239]], [[0, -2.35619, -5.49779, -3.92699]], [[0, -2.35619, -4.71239, -3.14159]], [[0, -2.35619, -1.5708, -4.71239]], [[0, -4.71239, -4.71239, -3.92699]], [[0, -3.92699, -1.5708, -5.49779]], [[0, -0.785398, -3.14159, -3.92699]], [[0, -2.35619, -2.35619, -4.71239]], [[0, -2.35619, -3.92699, -4.71239]], [[0, 0, -3.92699, -5.49779]], [[0, -0.481, -0.588, -0.423]], [[-0.381, -0.481, -0.588, -0.423]]]
---Preparing executables
---Running executables, 144 in batch, delta=62.316278511999826
---Extracting values delta=155.19662128799973
---Extracted values delta=10.25189479699975
---Time for noisy calculation: 227.79946592199985
***TFLON: 14.15005,14.94455,15.634,16.4818,17.1828,17.872700000000002,18.705000000000002,19.5266,20.34775,21.011699999999998,21.8148,22.35555,23.356949999999998,23.607499999999995,24.950999999999997,25.790000000000003,14.147450000000005,13.913149999999998,14.169350000000001,14.954650000000006,15.626599999999994,16.520400000000002,17.1613,17.823849999999997,18.72615,19.539050000000003,20.316300000000002,21.04255,21.799200000000003,22.36935,23.334300000000002,23.5817,24.892200000000003,25.718450000000004,14.184650000000001,13.897749999999998 1639262208.765446
Noisy energies by type: {'onsite0': array([20.9998, 21.0002, 21.0084, 20.9832, 21.0098, 21.0076, 20.9854,
       21.0112, 21.0144, 20.99  , 21.0088, 20.9914, 21.017 , 21.0282,
       21.016 , 21.0092, 20.9958, 20.5722, 21.0152, 21.0076, 20.978 ,
       21.0024, 20.997 , 20.9954, 21.0056, 20.989 , 20.9812, 21.0128,
       20.9746, 20.9966, 20.9904, 21.0004, 20.994 , 20.984 , 20.999 ,
       20.5524]), 'horiz0': array([-3.    , -3.    , -2.8869, -2.5445, -2.1071, -3.    , -3.    ,
       -2.4025, -1.5029, -0.4499, -0.938 , -0.0968,  1.1484,  1.3773,
        1.3931,  1.9384, -2.9945, -2.9241, -3.    , -3.    , -2.8882,
       -2.5615, -2.1087, -3.    , -3.    , -2.3937, -1.5088, -0.4265,
       -0.936 , -0.099 ,  1.1518,  1.356 ,  1.3614,  1.9177, -2.9937,
       -2.9187]), 'vert02': array([-1.92135, -1.52855, -1.5101 , -0.51025, -0.85535, -0.075  ,
        0.3658 ,  0.01445, -0.2551 ,  0.71615,  0.24535,  0.98195,
        0.59345,  0.9365 ,  0.93   ,  1.24455, -1.8568 , -1.797  ,
       -1.924  , -1.53055, -1.5069 , -0.48935, -0.87005, -0.08975,
        0.36675,  0.0374 , -0.243  ,  0.70855,  0.25845,  0.993  ,
        0.6007 ,  0.95355,  0.9216 ,  1.23025, -1.83325, -1.7897 ]), 'vert12': array([-1.9284 , -1.5271 , -0.9774 , -1.44665, -0.86455, -0.0599 ,
        0.3538 ,  0.90345,  1.09135, -0.24455,  1.49865,  0.479  ,
        0.5981 ,  0.2655 ,  1.6119 ,  1.59785, -1.99705, -1.93795,
       -1.92185, -1.5224 , -0.9563 , -1.43115, -0.85695, -0.0818 ,
        0.3538 ,  0.90635,  1.0869 , -0.2523 ,  1.50215,  0.47875,
        0.5914 ,  0.27175,  1.6152 ,  1.5865 , -1.9874 , -1.94625])}
Using saved exact energies
Data collected can be found at experiments/54a7fac9e2d54c4f81e46f8a6e9f8fcc-1211-223208/2x4
Getting settings from paper_data/4x2_U4_d1/single/4x2_single_U_4_nocc_14_d_1-0915-224220/2x4/settings.json
{'theta': True, 'zeta': True, 'chi': False, 'gamma': True, 'phi': True, 'time': None}
{'theta': False, 'zeta': False, 'chi': False, 'gamma': False, 'phi': False, 'time': None}
Start at: (3, 2), with dr
Using qubits [cirq.GridQubit(3, 2), cirq.GridQubit(4, 2), cirq.GridQubit(4, 3), cirq.GridQubit(5, 3), cirq.GridQubit(5, 4), cirq.GridQubit(6, 4), cirq.GridQubit(6, 5), cirq.GridQubit(7, 5), cirq.GridQubit(4, 1), cirq.GridQubit(5, 1), cirq.GridQubit(5, 2), cirq.GridQubit(6, 2), cirq.GridQubit(6, 3), cirq.GridQubit(7, 3), cirq.GridQubit(7, 4), cirq.GridQubit(8, 4)]
Using qubits, JW:[cirq.GridQubit(3, 2), cirq.GridQubit(4, 2), cirq.GridQubit(4, 3), cirq.GridQubit(5, 3), cirq.GridQubit(5, 4), cirq.GridQubit(6, 4), cirq.GridQubit(6, 5), cirq.GridQubit(7, 5), cirq.GridQubit(4, 1), cirq.GridQubit(5, 1), cirq.GridQubit(5, 2), cirq.GridQubit(6, 2), cirq.GridQubit(6, 3), cirq.GridQubit(7, 3), cirq.GridQubit(7, 4), cirq.GridQubit(8, 4)]
Meas types ['onsite0', 'horiz0', 'vert02', 'vert12']
Prepped onsite, pairs=[(0, 8), (1, 9), (2, 10), (3, 11), (4, 12), (5, 13), (6, 14), (7, 15)]
Prepped horiz, pairs=[(0, 1), (2, 3), (4, 5), (6, 7), (8, 9), (10, 11), (12, 13), (14, 15)]
Prepped vert0, pairs=[(1, 2), (3, 4), (5, 6), (9, 10), (11, 12), (13, 14)]
Prepped vert1, pairs=[(1, 2), (3, 4), (5, 6), (9, 10), (11, 12), (13, 14)]
Set recompilation to False
Got pairs set [(3, 4), (4, 12), (12, 13), (5, 13), (8, 9), (0, 8), (1, 9), (13, 14), (6, 14), (4, 5), (5, 6), (14, 15), (0, 1), (9, 10), (10, 11), (1, 2), (2, 10), (6, 7), (7, 15), (3, 11), (2, 3), (11, 12)]
---Starting to do calibration: delta 0.11011107399963294
---Starting to set up measurements: delta 0.8461686529999497
---Starting to run VQE: delta 2.1700308220001716
No optimisation, save file is experiments/47f12620faef4159878680ca015925fa-1211-223648/2x4/processed/processed.json
parameters.json
Given params: [[[[[0.325, 0.536, 0.575, 0.566]]], [[[-0.325, -0.536, -0.575, -0.566]]], [[[0, 0.536, 0.575, 0.566]]], [[[0, -0.536, -0.575, -0.566]]]]]
---Preparing executables
---Running executables, 16 in batch, delta=7.15374012600023
---Extracting values delta=32.39488693600015
---Extracted values delta=5.6607616879996385
===19.24298 19.233600000000003 19.375600000000002 19.37947 1639262257.174562
Computed energies [19.23829], params [[[[0.325, 0.536, 0.575, 0.566]]], [[[-0.325, -0.536, -0.575, -0.566]]], [[[0, 0.536, 0.575, 0.566]]], [[[0, -0.536, -0.575, -0.566]]]]
***19.23829 1639262257.1759171
---VQE complete: delta 45.21857643900012
---Starting TFLO
Using saved points
Using params [[[0, 1.5708, 0, 0]], [[0, 4.71239, 0, 1.5708]], [[0, 5.49779, 0.785398, 2.35619]], [[0, 3.92699, 1.5708, 2.35619]], [[0, 2.35619, 3.14159, 1.5708]], [[0, 2.35619, 0.785398, 3.92699]], [[0, 0, 4.71239, 2.35619]], [[0, 2.35619, 2.35619, 3.14159]], [[0, 5.49779, 5.49779, 4.71239]], [[0, 0, 1.5708, 4.71239]], [[0, 1.5708, 3.92699, 3.14159]], [[0, 1.5708, 4.71239, 4.71239]], [[0, 0, 3.14159, 3.92699]], [[0, 5.49779, 3.92699, 3.92699]], [[0, 3.92699, 2.35619, 5.49779]], [[0, 0, 3.92699, 5.49779]], [[0, 0.536, 0.575, 0.566]], [[0.325, 0.536, 0.575, 0.566]], [[0, -1.5708, 0, 0]], [[0, -4.71239, 0, -1.5708]], [[0, -5.49779, -0.785398, -2.35619]], [[0, -3.92699, -1.5708, -2.35619]], [[0, -2.35619, -3.14159, -1.5708]], [[0, -2.35619, -0.785398, -3.92699]], [[0, 0, -4.71239, -2.35619]], [[0, -2.35619, -2.35619, -3.14159]], [[0, -5.49779, -5.49779, -4.71239]], [[0, 0, -1.5708, -4.71239]], [[0, -1.5708, -3.92699, -3.14159]], [[0, -1.5708, -4.71239, -4.71239]], [[0, 0, -3.14159, -3.92699]], [[0, -5.49779, -3.92699, -3.92699]], [[0, -3.92699, -2.35619, -5.49779]], [[0, 0, -3.92699, -5.49779]], [[0, -0.536, -0.575, -0.566]], [[-0.325, -0.536, -0.575, -0.566]]]
---Preparing executables
---Running executables, 144 in batch, delta=61.21874745499963
---Extracting values delta=148.61811802600005
---Extracted values delta=10.25977608300036
---Time for noisy calculation: 220.1226365990001
***TFLON: 19.3506,19.8716,20.335350000000005,20.744549999999997,21.37495,21.911999999999995,22.448549999999997,22.964850000000002,23.461499999999997,23.941099999999995,24.4348,25.216300000000004,25.495399999999997,25.6722,26.55085,27.1213,19.387199999999996,19.235199999999995,19.358949999999997,19.917900000000003,20.3243,20.773600000000005,21.36525,21.932199999999998,22.43765,22.95365,23.4213,23.942849999999996,24.40285,25.2148,25.5287,25.6983,26.534299999999998,27.1228,19.36245,19.254299999999997 1639262480.457016
Noisy energies by type: {'onsite0': array([24.5884, 24.594 , 24.7316, 24.668 , 24.5968, 24.725 , 24.6814,
       24.55  , 24.5536, 24.6016, 24.769 , 24.6142, 24.6052, 24.725 ,
       24.5278, 24.6052, 24.6018, 24.3726, 24.6016, 24.6118, 24.7266,
       24.6816, 24.5908, 24.7252, 24.6724, 24.5428, 24.5216, 24.6256,
       24.745 , 24.6042, 24.6244, 24.7342, 24.5172, 24.6134, 24.5848,
       24.3996]), 'horiz0': array([-2.    , -2.    , -1.8163, -1.4009, -1.3981, -1.5988, -1.3796,
       -0.281 , -1.4999, -0.3002, -0.2792, -0.3098,  0.7689,  0.3526,
        1.2846,  1.2998, -1.9949, -1.9586, -2.    , -2.    , -1.825 ,
       -1.3923, -1.4118, -1.5849, -1.3716, -0.2881, -1.5008, -0.3013,
       -0.2987, -0.2892,  0.7662,  0.3722,  1.2857,  1.274 , -1.9935,
       -1.9633]), 'vert02': array([-1.61615e+00, -1.36240e+00, -9.96950e-01, -8.47950e-01,
       -9.12550e-01, -3.05550e-01, -8.33950e-01, -3.31150e-01,
        1.15000e-03,  1.27850e-01, -3.47650e-01,  1.32100e-01,
        5.75500e-02,  4.55000e-03,  4.91350e-01,  4.80750e-01,
       -1.54160e+00, -1.52305e+00, -1.62075e+00, -1.34235e+00,
       -9.92350e-01, -8.40450e-01, -9.07000e-01, -3.05750e-01,
       -8.53250e-01, -3.29750e-01, -2.61500e-02,  1.32450e-01,
       -3.37750e-01,  1.31050e-01,  6.71000e-02,  4.60000e-03,
        4.79850e-01,  5.02650e-01, -1.55185e+00, -1.51995e+00]), 'vert12': array([-1.62165, -1.36   , -1.583  , -1.6746 , -0.9112 , -0.90865,
       -0.0193 , -0.973  ,  0.40665, -0.48815,  0.29265,  0.7798 ,
        0.06375,  0.59005,  0.2471 ,  0.73555, -1.6781 , -1.65575,
       -1.6219 , -1.35155, -1.58495, -1.67525, -0.90675, -0.90235,
       -0.0099 , -0.9713 ,  0.42665, -0.5139 ,  0.2943 ,  0.76875,
        0.071  ,  0.5873 ,  0.25155,  0.73275, -1.677  , -1.66205])}
Using saved exact energies
Data collected can be found at experiments/47f12620faef4159878680ca015925fa-1211-223648/2x4
Getting settings from paper_data/4x2_U4_d1/single/4x2_single_U_4_nocc_15_d_1-0915-224739/2x4/settings.json
{'theta': True, 'zeta': True, 'chi': False, 'gamma': True, 'phi': True, 'time': None}
{'theta': False, 'zeta': False, 'chi': False, 'gamma': False, 'phi': False, 'time': None}
Start at: (3, 2), with dr
Using qubits [cirq.GridQubit(3, 2), cirq.GridQubit(4, 2), cirq.GridQubit(4, 3), cirq.GridQubit(5, 3), cirq.GridQubit(5, 4), cirq.GridQubit(6, 4), cirq.GridQubit(6, 5), cirq.GridQubit(7, 5), cirq.GridQubit(4, 1), cirq.GridQubit(5, 1), cirq.GridQubit(5, 2), cirq.GridQubit(6, 2), cirq.GridQubit(6, 3), cirq.GridQubit(7, 3), cirq.GridQubit(7, 4), cirq.GridQubit(8, 4)]
Using qubits, JW:[cirq.GridQubit(3, 2), cirq.GridQubit(4, 2), cirq.GridQubit(4, 3), cirq.GridQubit(5, 3), cirq.GridQubit(5, 4), cirq.GridQubit(6, 4), cirq.GridQubit(6, 5), cirq.GridQubit(7, 5), cirq.GridQubit(4, 1), cirq.GridQubit(5, 1), cirq.GridQubit(5, 2), cirq.GridQubit(6, 2), cirq.GridQubit(6, 3), cirq.GridQubit(7, 3), cirq.GridQubit(7, 4), cirq.GridQubit(8, 4)]
Meas types ['onsite0', 'horiz0', 'vert02', 'vert12']
Prepped onsite, pairs=[(0, 8), (1, 9), (2, 10), (3, 11), (4, 12), (5, 13), (6, 14), (7, 15)]
Prepped horiz, pairs=[(0, 1), (2, 3), (4, 5), (6, 7), (8, 9), (10, 11), (12, 13), (14, 15)]
Prepped vert0, pairs=[(1, 2), (3, 4), (5, 6), (9, 10), (11, 12), (13, 14)]
Prepped vert1, pairs=[(1, 2), (3, 4), (5, 6), (9, 10), (11, 12), (13, 14)]
Set recompilation to False
Got pairs set [(3, 4), (4, 12), (12, 13), (5, 13), (8, 9), (0, 8), (1, 9), (13, 14), (6, 14), (4, 5), (5, 6), (14, 15), (0, 1), (9, 10), (10, 11), (1, 2), (2, 10), (6, 7), (7, 15), (3, 11), (2, 3), (11, 12)]
---Starting to do calibration: delta 0.09318427700009124
---Starting to set up measurements: delta 0.8444365149998703
---Starting to run VQE: delta 2.016830857000059
No optimisation, save file is experiments/86b66cb854574e64b99de65b4503234c-1211-224120/2x4/processed/processed.json
parameters.json
Given params: [[[[[0.924, 0.94, 0.926, 0.832]]], [[[-0.924, -0.94, -0.926, -0.832]]], [[[0, 0.94, 0.926, 0.832]]], [[[0, -0.94, -0.926, -0.832]]]]]
---Preparing executables
---Running executables, 16 in batch, delta=6.953461215000061
---Extracting values delta=31.111222377000104
---Extracted values delta=5.563704038000196
===25.419580000000003 25.420990000000003 25.41966 25.419079999999997 1639262527.111684
Computed energies [25.420285000000003], params [[[[0.924, 0.94, 0.926, 0.832]]], [[[-0.924, -0.94, -0.926, -0.832]]], [[[0, 0.94, 0.926, 0.832]]], [[[0, -0.94, -0.926, -0.832]]]]
***25.420285000000003 1639262527.1132789
---VQE complete: delta 43.63713010499987
---Starting TFLO
Using saved points
Using params [[[0, 0.785398, 0, 0]], [[0, 0.785398, 0, 1.5708]], [[0, 5.49779, 4.71239, 0.785398]], [[0, 0.785398, 0.785398, 3.14159]], [[0, 5.49779, 3.14159, 1.5708]], [[0, 2.35619, 0, 3.92699]], [[0, 5.49779, 0, 4.71239]], [[0, 1.5708, 5.49779, 3.92699]], [[0, 3.92699, 4.71239, 3.14159]], [[0, 2.35619, 1.5708, 4.71239]], [[0, 3.92699, 4.71239, 3.92699]], [[0, 5.49779, 1.5708, 5.49779]], [[0, 5.49779, 3.14159, 3.92699]], [[0, 2.35619, 2.35619, 4.71239]], [[0, 3.92699, 3.92699, 4.71239]], [[0, 3.14159, 3.92699, 5.49779]], [[0, 0.94, 0.926, 0.832]], [[0.924, 0.94, 0.926, 0.832]], [[0, -0.785398, 0, 0]], [[0, -0.785398, 0, -1.5708]], [[0, -5.49779, -4.71239, -0.785398]], [[0, -0.785398, -0.785398, -3.14159]], [[0, -5.49779, -3.14159, -1.5708]], [[0, -2.35619, 0, -3.92699]], [[0, -5.49779, 0, -4.71239]], [[0, -1.5708, -5.49779, -3.92699]], [[0, -3.92699, -4.71239, -3.14159]], [[0, -2.35619, -1.5708, -4.71239]], [[0, -3.92699, -4.71239, -3.92699]], [[0, -5.49779, -1.5708, -5.49779]], [[0, -5.49779, -3.14159, -3.92699]], [[0, -2.35619, -2.35619, -4.71239]], [[0, -3.92699, -3.92699, -4.71239]], [[0, -3.14159, -3.92699, -5.49779]], [[0, -0.94, -0.926, -0.832]], [[-0.924, -0.94, -0.926, -0.832]]]
---Preparing executables
---Running executables, 144 in batch, delta=57.84672766099993
---Extracting values delta=137.43468997299988
---Extracted values delta=10.224282719000257
---Time for noisy calculation: 205.53184942400003
***TFLON: 25.3802,25.6432,25.885949999999998,26.165149999999997,26.386699999999998,26.60865,26.900949999999998,27.173949999999998,27.43875,27.67655,27.93855,28.10655,28.443150000000003,28.5287,28.95825,29.25135,25.42315,25.4171,25.383250000000004,25.645749999999996,25.8834,26.175699999999996,26.395149999999997,26.61665,26.921950000000002,27.182550000000003,27.4355,27.676950000000005,27.930649999999996,28.101599999999998,28.44915,28.49105,28.972550000000005,29.246149999999997,25.42165,25.41965 1639262735.8334742
Noisy energies by type: {'onsite0': array([28., 28., 28., 28., 28., 28., 28., 28., 28., 28., 28., 28., 28.,
       28., 28., 28., 28., 28., 28., 28., 28., 28., 28., 28., 28., 28.,
       28., 28., 28., 28., 28., 28., 28., 28., 28., 28.]), 'horiz0': array([-1.    , -1.    , -0.961 , -0.8488, -0.7047, -1.    , -1.    ,
       -0.7896, -0.5045, -0.1382, -0.3129, -0.0378,  0.3826,  0.4595,
        0.4635,  0.6484, -0.9815, -0.9824, -1.    , -1.    , -0.9617,
       -0.8551, -0.7081, -1.    , -1.    , -0.7945, -0.5037, -0.1604,
       -0.3124, -0.0422,  0.3786,  0.443 ,  0.4613,  0.639 , -0.9838,
       -0.9852]), 'vert02': array([-0.8133 , -0.67765, -0.6643 , -0.338  , -0.44665, -0.1935 ,
       -0.05355, -0.1705 , -0.2485 ,  0.06985, -0.0773 ,  0.162  ,
        0.03365,  0.14645,  0.13585,  0.24715, -0.72525, -0.72965,
       -0.8056 , -0.6766 , -0.65665, -0.33485, -0.45295, -0.1982 ,
       -0.03455, -0.1547 , -0.2545 ,  0.0793 , -0.09085,  0.15895,
        0.03515,  0.1361 ,  0.14465,  0.242  , -0.7282 , -0.72435]), 'vert12': array([-0.8065 , -0.67915, -0.48875, -0.64805, -0.46195, -0.19785,
       -0.0455 ,  0.13405,  0.19175, -0.2551 ,  0.32875, -0.01765,
        0.0269 , -0.07725,  0.3589 ,  0.3558 , -0.8701 , -0.87085,
       -0.81115, -0.67765, -0.49825, -0.63435, -0.4438 , -0.18515,
       -0.0435 ,  0.13175,  0.1937 , -0.24195,  0.3339 , -0.01515,
        0.0354 , -0.08805,  0.3666 ,  0.36515, -0.86635, -0.8708 ])}
Using saved exact energies
Data collected can be found at experiments/86b66cb854574e64b99de65b4503234c-1211-224120/2x4
