{'theta': True, 'zeta': True, 'chi': False, 'gamma': True, 'phi': True, 'time': None}
{'theta': False, 'zeta': False, 'chi': False, 'gamma': False, 'phi': False, 'time': None}
                  (3, 2)
                  │
                  │
         (4, 1)───(4, 2)───(4, 3)
         │        │        │
         │        │        │
(5, 0)───(5, 1)───(5, 2)───(5, 3)───(5, 4)
         │        │        │        │
         │        │        │        │
         (6, 1)───(6, 2)───(6, 3)───(6, 4)───(6, 5)
                  │        │        │        │
                  │        │        │        │
                  (7, 2)───(7, 3)───(7, 4)───(7, 5)───(7, 6)
                           │        │        │
                           │        │        │
                           (8, 3)───(8, 4)───(8, 5)
                                    │
                                    │
                                    (9, 4)
Start at: (3, 2), with dr
Using qubits [cirq.GridQubit(3, 2), cirq.GridQubit(4, 2), cirq.GridQubit(4, 3), cirq.GridQubit(5, 3), cirq.GridQubit(5, 4), cirq.GridQubit(6, 4), cirq.GridQubit(6, 5), cirq.GridQubit(7, 5), cirq.GridQubit(4, 1), cirq.GridQubit(5, 1), cirq.GridQubit(5, 2), cirq.GridQubit(6, 2), cirq.GridQubit(6, 3), cirq.GridQubit(7, 3), cirq.GridQubit(7, 4), cirq.GridQubit(8, 4)]
Using qubits, JW:[cirq.GridQubit(3, 2), cirq.GridQubit(4, 2), cirq.GridQubit(4, 3), cirq.GridQubit(5, 3), cirq.GridQubit(5, 4), cirq.GridQubit(6, 4), cirq.GridQubit(6, 5), cirq.GridQubit(7, 5), cirq.GridQubit(4, 1), cirq.GridQubit(5, 1), cirq.GridQubit(5, 2), cirq.GridQubit(6, 2), cirq.GridQubit(6, 3), cirq.GridQubit(7, 3), cirq.GridQubit(7, 4), cirq.GridQubit(8, 4)]
                  [31m(3, 2)[0m
                  │
                  │
         [35m(4, 1)[0m───[31m(4, 2)[0m───[31m(4, 3)[0m
         │        │        │
         │        │        │
(5, 0)───[35m(5, 1)[0m───[35m(5, 2)[0m───[31m(5, 3)[0m───[31m(5, 4)[0m
         │        │        │        │
         │        │        │        │
         (6, 1)───[35m(6, 2)[0m───[35m(6, 3)[0m───[31m(6, 4)[0m───[31m(6, 5)[0m
                  │        │        │        │
                  │        │        │        │
                  (7, 2)───[35m(7, 3)[0m───[35m(7, 4)[0m───[31m(7, 5)[0m───(7, 6)
                           │        │        │
                           │        │        │
                           (8, 3)───[35m(8, 4)[0m───(8, 5)
                                    │
                                    │
                                    (9, 4)
None
Meas types ['onsite0', 'horiz0', 'vert02', 'vert12']
Prepped onsite, pairs=[(0, 8), (1, 9), (2, 10), (3, 11), (4, 12), (5, 13), (6, 14), (7, 15)]
Prepped horiz, pairs=[(0, 1), (2, 3), (4, 5), (6, 7), (8, 9), (10, 11), (12, 13), (14, 15)]
Prepped vert0, pairs=[(1, 2), (3, 4), (5, 6), (9, 10), (11, 12), (13, 14)]
Prepped vert1, pairs=[(1, 2), (3, 4), (5, 6), (9, 10), (11, 12), (13, 14)]
Set recompilation to False
Got pairs set [(10, 11), (5, 6), (3, 11), (5, 13), (8, 9), (4, 12), (6, 14), (1, 2), (6, 7), (7, 15), (12, 13), (4, 5), (2, 10), (9, 10), (2, 3), (1, 9), (14, 15), (0, 8), (11, 12), (0, 1), (13, 14), (3, 4)]
---Starting to do calibration: delta 4.488344508
---Starting to set up measurements: delta 2.429588344999999
---Starting to run VQE: delta 4.1011435439999975
No optimisation, save file is experiments/4x2_single_U_8_nocc_14_d_1-0919-211510/2x4/processed/processed.json
Given params: [[[[[0.659, 0.396, 0.454, 0.363]]], [[[-0.659, -0.396, -0.454, -0.363]]], [[[0, 0.396, 0.454, 0.363]]], [[[0, -0.396, -0.454, -0.363]]]]]
---Preparing executables
---Running executables, 16 in batch, delta=11.673987534999998
---Extracting values delta=2.683524105
---Extracted values delta=62.636566699
===45.15210833874138 44.90053073282319 45.49897414141734 45.579743940711694 1632082598.284462
Computed energies [45.026319535782285], params [[[[0.659, 0.396, 0.454, 0.363]]], [[[-0.659, -0.396, -0.454, -0.363]]], [[[0, 0.396, 0.454, 0.363]]], [[[0, -0.396, -0.454, -0.363]]]]
***45.026319535782285 1632082598.286397
---VQE complete: delta 77.00200197000001
---Starting TFLO
Using saved points
Using params [[[0, 1.5708, 0, 0]], [[0, 4.71239, 0, 1.5708]], [[0, 2.35619, 5.49779, 1.5708]], [[0, 3.92699, 1.5708, 2.35619]], [[0, 2.35619, 3.14159, 1.5708]], [[0, 0, 1.5708, 3.14159]], [[0, 3.14159, 0, 4.71239]], [[0, 1.5708, 1.5708, 3.92699]], [[0, 5.49779, 5.49779, 4.71239]], [[0, 0, 1.5708, 4.71239]], [[0, 0, 3.92699, 3.14159]], [[0, 5.49779, 4.71239, 4.71239]], [[0, 0, 3.14159, 3.92699]], [[0, 5.49779, 3.92699, 3.92699]], [[0, 5.49779, 2.35619, 5.49779]], [[0, 0, 3.92699, 5.49779]], [[0, 0.396, 0.454, 0.363]], [[0.659, 0.396, 0.454, 0.363]], [[0, -1.5708, 0, 0]], [[0, -4.71239, 0, -1.5708]], [[0, -2.35619, -5.49779, -1.5708]], [[0, -3.92699, -1.5708, -2.35619]], [[0, -2.35619, -3.14159, -1.5708]], [[0, 0, -1.5708, -3.14159]], [[0, -3.14159, 0, -4.71239]], [[0, -1.5708, -1.5708, -3.92699]], [[0, -5.49779, -5.49779, -4.71239]], [[0, 0, -1.5708, -4.71239]], [[0, 0, -3.92699, -3.14159]], [[0, -5.49779, -4.71239, -4.71239]], [[0, 0, -3.14159, -3.92699]], [[0, -5.49779, -3.92699, -3.92699]], [[0, -5.49779, -2.35619, -5.49779]], [[0, 0, -3.92699, -5.49779]], [[0, -0.396, -0.454, -0.363]], [[-0.659, -0.396, -0.454, -0.363]]]
---Preparing executables
---Running executables, 144 in batch, delta=86.347016724
---Extracting values delta=8.203515743999986
---Extracted values delta=139.60044771300002
---Time for noisy calculation: 234.197143679
***TFLON: 45.347372544799526,45.548803938276095,45.99702607519947,45.869062662825336,46.71163314927241,46.70613693928452,47.48348719895839,48.05635380117468,48.37331809164003,48.30641911601009,48.9305032996686,49.60831793602931,49.53351339216591,49.79289013019443,50.22356875941888,51.00496606467314,45.39034458035653,45.14594752436688,45.72228905609357,45.82553229222086,46.63068625967158,47.13995335987305,47.576815678126614,47.242057177055194,47.94027506599675,48.414218412585775,48.50272313706256,48.85589446185625,49.48527500443965,49.77986605982634,50.07578247192705,49.92259023373732,50.94633594415515,51.06689105563469,45.51393073737268,44.86385962897838 1632082835.416095
Noisy energies by type: {'onsite0': array([49.1907255 , 49.16838001, 49.08124298, 49.09690722, 49.22202487,
       49.15254237, 49.21518987, 49.30766327, 49.05392912, 48.97246263,
       49.23589549, 49.17787505, 49.08366534, 49.42037422, 49.15644742,
       49.12160655, 49.06270627, 48.46463848, 49.15734266, 49.1059761 ,
       49.11067037, 49.38920226, 49.02057613, 49.13987318, 49.22039474,
       49.13314448, 49.06489676, 49.17094972, 49.24366042, 49.10658307,
       49.12040014, 49.02101167, 49.21221147, 49.10487445, 49.06393862,
       48.58536585]), 'horiz0': array([-1.49592834, -1.53560154, -1.46262936, -1.24427212, -1.17148362,
       -0.87611408, -1.57746479, -0.47544366, -1.11886949, -0.25285258,
       -0.28178964, -0.32164243,  0.3613963 , -0.05170976,  0.73992095,
        0.85159725, -1.42815815, -1.30431107, -1.36635606, -1.53641208,
       -1.30632493, -0.83418367, -0.56441718, -0.73830935, -1.42911877,
       -0.37893828, -1.11913657, -0.25451491, -0.00313357, -0.19447878,
        0.69734232,  0.28280255,  0.91456077,  0.99874424, -1.41467976,
       -1.5116629 ]), 'vert02': array([-1.10956252, -1.10827586, -0.8721275 , -0.72641838, -0.66918715,
       -0.40163265, -0.01313131, -0.04677716, -0.01304024,  0.09692671,
       -0.1694725 ,  0.10254403,  0.11913767,  0.03882353,  0.3263119 ,
        0.397474  , -1.09380776, -0.98874946, -1.04732419, -0.87170118,
       -0.75299112, -0.42995356, -0.47004792, -0.32091016,  0.19872561,
        0.21101271,  0.01455224,  0.12439116, -0.17550274,  0.18879822,
        0.13561848,  0.02390892,  0.3388121 ,  0.44846901, -1.10254124,
       -1.18296974]), 'vert12': array([-1.23786210e+00, -9.75698663e-01, -7.49460043e-01, -1.25715406e+00,
       -6.69720950e-01, -1.16865870e+00, -1.41106573e-01, -7.29088639e-01,
        4.51298701e-01, -5.10117647e-01,  1.45869947e-01,  6.49541284e-01,
       -3.06859206e-02,  3.85402139e-01,  8.88494003e-04,  6.34288272e-01,
       -1.15039578e+00, -1.02563043e+00, -1.02137335e+00, -8.72330548e-01,
       -4.20668058e-01, -9.85111663e-01, -4.09295352e-01, -8.38596491e-01,
       -4.97265042e-02, -5.51000488e-01,  5.42410714e-01, -1.84931507e-01,
        4.20250896e-01,  6.78963549e-01,  1.22421525e-01,  5.94867094e-01,
        4.80751604e-01,  5.14803358e-01, -1.03278689e+00, -1.02687358e+00])}
Using saved exact energies
Data collected can be found at experiments/4x2_single_U_8_nocc_14_d_1-0919-211510/2x4
