{'theta': True, 'zeta': True, 'chi': False, 'gamma': True, 'phi': True, 'time': None}
{'theta': False, 'zeta': False, 'chi': False, 'gamma': False, 'phi': False, 'time': None}
                  (3, 2)
                  │
                  │
         (4, 1)───(4, 2)───(4, 3)
         │        │        │
         │        │        │
(5, 0)───(5, 1)───(5, 2)───(5, 3)───(5, 4)
         │        │        │        │
         │        │        │        │
         (6, 1)───(6, 2)───(6, 3)───(6, 4)───(6, 5)
                  │        │        │        │
                  │        │        │        │
                  (7, 2)───(7, 3)───(7, 4)───(7, 5)───(7, 6)
                           │        │        │
                           │        │        │
                           (8, 3)───(8, 4)───(8, 5)
                                    │
                                    │
                                    (9, 4)
Start at: (3, 2), with dr
Using qubits [cirq.GridQubit(3, 2), cirq.GridQubit(4, 2), cirq.GridQubit(4, 3), cirq.GridQubit(5, 3), cirq.GridQubit(5, 4), cirq.GridQubit(6, 4), cirq.GridQubit(6, 5), cirq.GridQubit(7, 5), cirq.GridQubit(4, 1), cirq.GridQubit(5, 1), cirq.GridQubit(5, 2), cirq.GridQubit(6, 2), cirq.GridQubit(6, 3), cirq.GridQubit(7, 3), cirq.GridQubit(7, 4), cirq.GridQubit(8, 4)]
Using qubits, JW:[cirq.GridQubit(3, 2), cirq.GridQubit(4, 2), cirq.GridQubit(4, 3), cirq.GridQubit(5, 3), cirq.GridQubit(5, 4), cirq.GridQubit(6, 4), cirq.GridQubit(6, 5), cirq.GridQubit(7, 5), cirq.GridQubit(4, 1), cirq.GridQubit(5, 1), cirq.GridQubit(5, 2), cirq.GridQubit(6, 2), cirq.GridQubit(6, 3), cirq.GridQubit(7, 3), cirq.GridQubit(7, 4), cirq.GridQubit(8, 4)]
                  [31m(3, 2)[0m
                  │
                  │
         [35m(4, 1)[0m───[31m(4, 2)[0m───[31m(4, 3)[0m
         │        │        │
         │        │        │
(5, 0)───[35m(5, 1)[0m───[35m(5, 2)[0m───[31m(5, 3)[0m───[31m(5, 4)[0m
         │        │        │        │
         │        │        │        │
         (6, 1)───[35m(6, 2)[0m───[35m(6, 3)[0m───[31m(6, 4)[0m───[31m(6, 5)[0m
                  │        │        │        │
                  │        │        │        │
                  (7, 2)───[35m(7, 3)[0m───[35m(7, 4)[0m───[31m(7, 5)[0m───(7, 6)
                           │        │        │
                           │        │        │
                           (8, 3)───[35m(8, 4)[0m───(8, 5)
                                    │
                                    │
                                    (9, 4)
None
Meas types ['onsite0', 'horiz0', 'vert02', 'vert12']
Prepped onsite, pairs=[(0, 8), (1, 9), (2, 10), (3, 11), (4, 12), (5, 13), (6, 14), (7, 15)]
Prepped horiz, pairs=[(0, 1), (2, 3), (4, 5), (6, 7), (8, 9), (10, 11), (12, 13), (14, 15)]
Prepped vert0, pairs=[(1, 2), (3, 4), (5, 6), (9, 10), (11, 12), (13, 14)]
Prepped vert1, pairs=[(1, 2), (3, 4), (5, 6), (9, 10), (11, 12), (13, 14)]
Set recompilation to False
Got pairs set [(10, 11), (5, 6), (3, 11), (5, 13), (8, 9), (4, 12), (6, 14), (1, 2), (6, 7), (7, 15), (12, 13), (4, 5), (2, 10), (9, 10), (2, 3), (1, 9), (14, 15), (0, 8), (11, 12), (0, 1), (13, 14), (3, 4)]
---Starting to do calibration: delta 3.303154288999999
---Starting to set up measurements: delta 0.7938426029999999
---Starting to run VQE: delta 1.976918544
No optimisation, save file is experiments/4x2_single_U_4_nocc_15_d_1-0916-000559/2x4/processed/processed.json
Given params: [[[[[0.924, 0.94, 0.926, 0.832]]], [[[-0.924, -0.94, -0.926, -0.832]]], [[[0, 0.94, 0.926, 0.832]]], [[[0, -0.94, -0.926, -0.832]]]]]
---Preparing executables
---Running executables, 16 in batch, delta=7.863310073999999
---Extracting values delta=3.9029917959999985
---Extracted values delta=70.38698859799999
===26.56986288432019 26.17710485093121 26.430629400774528 26.1624904151731 1631747247.503587
Computed energies [26.3734838676257], params [[[[0.924, 0.94, 0.926, 0.832]]], [[[-0.924, -0.94, -0.926, -0.832]]], [[[0, 0.94, 0.926, 0.832]]], [[[0, -0.94, -0.926, -0.832]]]]
***26.3734838676257 1631747247.505433
---VQE complete: delta 82.161136798
---Starting TFLO
Using saved points
Using params [[[0, 0.785398, 0, 0]], [[0, 0.785398, 0, 1.5708]], [[0, 5.49779, 4.71239, 0.785398]], [[0, 0.785398, 0.785398, 3.14159]], [[0, 5.49779, 3.14159, 1.5708]], [[0, 2.35619, 0, 3.92699]], [[0, 5.49779, 0, 4.71239]], [[0, 1.5708, 5.49779, 3.92699]], [[0, 3.92699, 4.71239, 3.14159]], [[0, 2.35619, 1.5708, 4.71239]], [[0, 3.92699, 4.71239, 3.92699]], [[0, 5.49779, 1.5708, 5.49779]], [[0, 5.49779, 3.14159, 3.92699]], [[0, 2.35619, 2.35619, 4.71239]], [[0, 3.92699, 3.92699, 4.71239]], [[0, 3.14159, 3.92699, 5.49779]], [[0, 0.94, 0.926, 0.832]], [[0.924, 0.94, 0.926, 0.832]], [[0, -0.785398, 0, 0]], [[0, -0.785398, 0, -1.5708]], [[0, -5.49779, -4.71239, -0.785398]], [[0, -0.785398, -0.785398, -3.14159]], [[0, -5.49779, -3.14159, -1.5708]], [[0, -2.35619, 0, -3.92699]], [[0, -5.49779, 0, -4.71239]], [[0, -1.5708, -5.49779, -3.92699]], [[0, -3.92699, -4.71239, -3.14159]], [[0, -2.35619, -1.5708, -4.71239]], [[0, -3.92699, -4.71239, -3.92699]], [[0, -5.49779, -1.5708, -5.49779]], [[0, -5.49779, -3.14159, -3.92699]], [[0, -2.35619, -2.35619, -4.71239]], [[0, -3.92699, -3.92699, -4.71239]], [[0, -3.14159, -3.92699, -5.49779]], [[0, -0.94, -0.926, -0.832]], [[-0.924, -0.94, -0.926, -0.832]]]
---Preparing executables
---Running executables, 144 in batch, delta=67.06406671900001
---Extracting values delta=8.046443350000004
---Extracted values delta=140.439172955
---Time for noisy calculation: 215.57313837299998
***TFLON: 26.227870807473185,26.337950125362752,26.583708738065805,26.736975108210274,26.90978304297921,26.854724328653898,27.040947906600515,27.147302825123994,27.300696442984012,27.863814568417766,27.59207827226001,27.719752587019606,28.081199167664916,28.296131920016144,28.101037427945187,28.435471818991847,26.462215825060905,26.535528224911346,26.30586072454117,26.622601451754026,26.52379683704856,26.677747289590407,26.61946158213992,27.10268314143614,27.381175947557807,27.72307354103,27.61062482926365,28.04137066726387,27.951675158636885,27.95046622225318,28.03430878764867,28.838005822704325,28.65078539450494,28.777609205853764,26.179160962772087,26.209270336122707 1631747465.880304
Noisy energies by type: {'onsite0': array([28., 28., 28., 28., 28., 28., 28., 28., 28., 28., 28., 28., 28.,
       28., 28., 28., 28., 28., 28., 28., 28., 28., 28., 28., 28., 28.,
       28., 28., 28., 28., 28., 28., 28., 28., 28., 28.]), 'horiz0': array([-0.69737519, -0.6580773 , -0.69372532, -0.52681091, -0.61678677,
       -0.6893039 , -0.70367279, -0.65458422, -0.635506  , -0.00442478,
       -0.53524804, -0.15963462, -0.02280405,  0.23624047, -0.17079108,
        0.03343701, -0.68893528, -0.64044944, -0.66897286, -0.6300578 ,
       -0.73231871, -0.61627907, -0.64212329, -0.66350474, -0.69091656,
       -0.38995816, -0.38157895, -0.03171806, -0.199674  , -0.11843818,
        0.11015859,  0.48241206,  0.30677966,  0.38196721, -0.70661157,
       -0.78571429]), 'vert02': array([-0.56283186, -0.43582336, -0.53377538, -0.11839789, -0.23719165,
       -0.13764379, -0.27107242, -0.02435253, -0.27808327,  0.02754934,
       -0.19621749,  0.01855507,  0.03440095,  0.08291937,  0.01470019,
        0.17283047, -0.29291994, -0.25286849, -0.64589235, -0.57036388,
       -0.46910569, -0.3236532 , -0.39457951, -0.10305175, -0.06663855,
       -0.10043154, -0.07929334,  0.09044801,  0.01621403,  0.0981773 ,
       -0.02206495,  0.20812604,  0.05653421,  0.11214199, -0.56409048,
       -0.51045016]), 'vert12': array([-0.51192214, -0.56814921, -0.18879056, -0.61781609, -0.23623853,
       -0.31832797,  0.01569311, -0.17376042,  0.21428571, -0.15930999,
        0.32354381, -0.13916786,  0.06960227, -0.02302793,  0.25712831,
        0.22920434, -0.55592895, -0.57115385, -0.37927407, -0.17697687,
       -0.27477876, -0.38232044, -0.34383562, -0.13076037,  0.13873106,
        0.21346324,  0.07149712, -0.01735928,  0.13513514, -0.0292729 ,
       -0.05378486,  0.14746773,  0.28747153,  0.2835    , -0.55013699,
       -0.49456522])}
Using saved exact energies
Data collected can be found at experiments/4x2_single_U_4_nocc_15_d_1-0916-000559/2x4
