{'theta': True, 'zeta': True, 'chi': False, 'gamma': True, 'phi': True, 'time': None}
{'theta': False, 'zeta': False, 'chi': False, 'gamma': False, 'phi': False, 'time': None}
Start at: (3, 2), with dr
Using qubits [cirq.GridQubit(3, 2), cirq.GridQubit(4, 2), cirq.GridQubit(4, 3), cirq.GridQubit(5, 3), cirq.GridQubit(5, 4), cirq.GridQubit(6, 4), cirq.GridQubit(6, 5), cirq.GridQubit(7, 5), cirq.GridQubit(4, 1), cirq.GridQubit(5, 1), cirq.GridQubit(5, 2), cirq.GridQubit(6, 2), cirq.GridQubit(6, 3), cirq.GridQubit(7, 3), cirq.GridQubit(7, 4), cirq.GridQubit(8, 4)]
Using qubits, JW:[cirq.GridQubit(3, 2), cirq.GridQubit(4, 2), cirq.GridQubit(4, 3), cirq.GridQubit(5, 3), cirq.GridQubit(5, 4), cirq.GridQubit(6, 4), cirq.GridQubit(6, 5), cirq.GridQubit(7, 5), cirq.GridQubit(4, 1), cirq.GridQubit(5, 1), cirq.GridQubit(5, 2), cirq.GridQubit(6, 2), cirq.GridQubit(6, 3), cirq.GridQubit(7, 3), cirq.GridQubit(7, 4), cirq.GridQubit(8, 4)]
Meas types ['onsite0', 'horiz0', 'vert02', 'vert12']
Prepped onsite, pairs=[(0, 8), (1, 9), (2, 10), (3, 11), (4, 12), (5, 13), (6, 14), (7, 15)]
Prepped horiz, pairs=[(0, 1), (2, 3), (4, 5), (6, 7), (8, 9), (10, 11), (12, 13), (14, 15)]
Prepped vert0, pairs=[(1, 2), (3, 4), (5, 6), (9, 10), (11, 12), (13, 14)]
Prepped vert1, pairs=[(1, 2), (3, 4), (5, 6), (9, 10), (11, 12), (13, 14)]
Set recompilation to False
Got pairs set [(3, 4), (4, 12), (12, 13), (5, 13), (8, 9), (0, 8), (1, 9), (13, 14), (6, 14), (4, 5), (5, 6), (14, 15), (0, 1), (9, 10), (10, 11), (1, 2), (2, 10), (6, 7), (7, 15), (3, 11), (2, 3), (11, 12)]
---Starting to do calibration: delta 0.09318427700009124
---Starting to set up measurements: delta 0.8444365149998703
---Starting to run VQE: delta 2.016830857000059
No optimisation, save file is experiments/86b66cb854574e64b99de65b4503234c-1211-224120/2x4/processed/processed.json
parameters.json
Given params: [[[[[0.924, 0.94, 0.926, 0.832]]], [[[-0.924, -0.94, -0.926, -0.832]]], [[[0, 0.94, 0.926, 0.832]]], [[[0, -0.94, -0.926, -0.832]]]]]
---Preparing executables
---Running executables, 16 in batch, delta=6.953461215000061
---Extracting values delta=31.111222377000104
---Extracted values delta=5.563704038000196
===25.419580000000003 25.420990000000003 25.41966 25.419079999999997 1639262527.111684
Computed energies [25.420285000000003], params [[[[0.924, 0.94, 0.926, 0.832]]], [[[-0.924, -0.94, -0.926, -0.832]]], [[[0, 0.94, 0.926, 0.832]]], [[[0, -0.94, -0.926, -0.832]]]]
***25.420285000000003 1639262527.1132789
---VQE complete: delta 43.63713010499987
---Starting TFLO
Using saved points
Using params [[[0, 0.785398, 0, 0]], [[0, 0.785398, 0, 1.5708]], [[0, 5.49779, 4.71239, 0.785398]], [[0, 0.785398, 0.785398, 3.14159]], [[0, 5.49779, 3.14159, 1.5708]], [[0, 2.35619, 0, 3.92699]], [[0, 5.49779, 0, 4.71239]], [[0, 1.5708, 5.49779, 3.92699]], [[0, 3.92699, 4.71239, 3.14159]], [[0, 2.35619, 1.5708, 4.71239]], [[0, 3.92699, 4.71239, 3.92699]], [[0, 5.49779, 1.5708, 5.49779]], [[0, 5.49779, 3.14159, 3.92699]], [[0, 2.35619, 2.35619, 4.71239]], [[0, 3.92699, 3.92699, 4.71239]], [[0, 3.14159, 3.92699, 5.49779]], [[0, 0.94, 0.926, 0.832]], [[0.924, 0.94, 0.926, 0.832]], [[0, -0.785398, 0, 0]], [[0, -0.785398, 0, -1.5708]], [[0, -5.49779, -4.71239, -0.785398]], [[0, -0.785398, -0.785398, -3.14159]], [[0, -5.49779, -3.14159, -1.5708]], [[0, -2.35619, 0, -3.92699]], [[0, -5.49779, 0, -4.71239]], [[0, -1.5708, -5.49779, -3.92699]], [[0, -3.92699, -4.71239, -3.14159]], [[0, -2.35619, -1.5708, -4.71239]], [[0, -3.92699, -4.71239, -3.92699]], [[0, -5.49779, -1.5708, -5.49779]], [[0, -5.49779, -3.14159, -3.92699]], [[0, -2.35619, -2.35619, -4.71239]], [[0, -3.92699, -3.92699, -4.71239]], [[0, -3.14159, -3.92699, -5.49779]], [[0, -0.94, -0.926, -0.832]], [[-0.924, -0.94, -0.926, -0.832]]]
---Preparing executables
---Running executables, 144 in batch, delta=57.84672766099993
---Extracting values delta=137.43468997299988
---Extracted values delta=10.224282719000257
---Time for noisy calculation: 205.53184942400003
***TFLON: 25.3802,25.6432,25.885949999999998,26.165149999999997,26.386699999999998,26.60865,26.900949999999998,27.173949999999998,27.43875,27.67655,27.93855,28.10655,28.443150000000003,28.5287,28.95825,29.25135,25.42315,25.4171,25.383250000000004,25.645749999999996,25.8834,26.175699999999996,26.395149999999997,26.61665,26.921950000000002,27.182550000000003,27.4355,27.676950000000005,27.930649999999996,28.101599999999998,28.44915,28.49105,28.972550000000005,29.246149999999997,25.42165,25.41965 1639262735.8334742
Noisy energies by type: {'onsite0': array([28., 28., 28., 28., 28., 28., 28., 28., 28., 28., 28., 28., 28.,
       28., 28., 28., 28., 28., 28., 28., 28., 28., 28., 28., 28., 28.,
       28., 28., 28., 28., 28., 28., 28., 28., 28., 28.]), 'horiz0': array([-1.    , -1.    , -0.961 , -0.8488, -0.7047, -1.    , -1.    ,
       -0.7896, -0.5045, -0.1382, -0.3129, -0.0378,  0.3826,  0.4595,
        0.4635,  0.6484, -0.9815, -0.9824, -1.    , -1.    , -0.9617,
       -0.8551, -0.7081, -1.    , -1.    , -0.7945, -0.5037, -0.1604,
       -0.3124, -0.0422,  0.3786,  0.443 ,  0.4613,  0.639 , -0.9838,
       -0.9852]), 'vert02': array([-0.8133 , -0.67765, -0.6643 , -0.338  , -0.44665, -0.1935 ,
       -0.05355, -0.1705 , -0.2485 ,  0.06985, -0.0773 ,  0.162  ,
        0.03365,  0.14645,  0.13585,  0.24715, -0.72525, -0.72965,
       -0.8056 , -0.6766 , -0.65665, -0.33485, -0.45295, -0.1982 ,
       -0.03455, -0.1547 , -0.2545 ,  0.0793 , -0.09085,  0.15895,
        0.03515,  0.1361 ,  0.14465,  0.242  , -0.7282 , -0.72435]), 'vert12': array([-0.8065 , -0.67915, -0.48875, -0.64805, -0.46195, -0.19785,
       -0.0455 ,  0.13405,  0.19175, -0.2551 ,  0.32875, -0.01765,
        0.0269 , -0.07725,  0.3589 ,  0.3558 , -0.8701 , -0.87085,
       -0.81115, -0.67765, -0.49825, -0.63435, -0.4438 , -0.18515,
       -0.0435 ,  0.13175,  0.1937 , -0.24195,  0.3339 , -0.01515,
        0.0354 , -0.08805,  0.3666 ,  0.36515, -0.86635, -0.8708 ])}
Using saved exact energies
Data collected can be found at experiments/86b66cb854574e64b99de65b4503234c-1211-224120/2x4
