{'theta': True, 'zeta': True, 'chi': False, 'gamma': True, 'phi': True, 'time': None}
{'theta': False, 'zeta': False, 'chi': False, 'gamma': False, 'phi': False, 'time': None}
                  (3, 2)
                  │
                  │
         (4, 1)───(4, 2)───(4, 3)
         │        │        │
         │        │        │
(5, 0)───(5, 1)───(5, 2)───(5, 3)───(5, 4)
         │        │        │        │
         │        │        │        │
         (6, 1)───(6, 2)───(6, 3)───(6, 4)───(6, 5)
                  │        │        │        │
                  │        │        │        │
                  (7, 2)───(7, 3)───(7, 4)───(7, 5)───(7, 6)
                           │        │        │
                           │        │        │
                           (8, 3)───(8, 4)───(8, 5)
                                    │
                                    │
                                    (9, 4)
Start at: (3, 2), with dr
Using qubits [cirq.GridQubit(3, 2), cirq.GridQubit(4, 2), cirq.GridQubit(4, 3), cirq.GridQubit(5, 3), cirq.GridQubit(5, 4), cirq.GridQubit(6, 4), cirq.GridQubit(6, 5), cirq.GridQubit(7, 5), cirq.GridQubit(4, 1), cirq.GridQubit(5, 1), cirq.GridQubit(5, 2), cirq.GridQubit(6, 2), cirq.GridQubit(6, 3), cirq.GridQubit(7, 3), cirq.GridQubit(7, 4), cirq.GridQubit(8, 4)]
Using qubits, JW:[cirq.GridQubit(3, 2), cirq.GridQubit(4, 2), cirq.GridQubit(4, 3), cirq.GridQubit(5, 3), cirq.GridQubit(5, 4), cirq.GridQubit(6, 4), cirq.GridQubit(6, 5), cirq.GridQubit(7, 5), cirq.GridQubit(4, 1), cirq.GridQubit(5, 1), cirq.GridQubit(5, 2), cirq.GridQubit(6, 2), cirq.GridQubit(6, 3), cirq.GridQubit(7, 3), cirq.GridQubit(7, 4), cirq.GridQubit(8, 4)]
                  [31m(3, 2)[0m
                  │
                  │
         [35m(4, 1)[0m───[31m(4, 2)[0m───[31m(4, 3)[0m
         │        │        │
         │        │        │
(5, 0)───[35m(5, 1)[0m───[35m(5, 2)[0m───[31m(5, 3)[0m───[31m(5, 4)[0m
         │        │        │        │
         │        │        │        │
         (6, 1)───[35m(6, 2)[0m───[35m(6, 3)[0m───[31m(6, 4)[0m───[31m(6, 5)[0m
                  │        │        │        │
                  │        │        │        │
                  (7, 2)───[35m(7, 3)[0m───[35m(7, 4)[0m───[31m(7, 5)[0m───(7, 6)
                           │        │        │
                           │        │        │
                           (8, 3)───[35m(8, 4)[0m───(8, 5)
                                    │
                                    │
                                    (9, 4)
None
Meas types ['onsite0', 'horiz0', 'vert02', 'vert12']
Prepped onsite, pairs=[(0, 8), (1, 9), (2, 10), (3, 11), (4, 12), (5, 13), (6, 14), (7, 15)]
Prepped horiz, pairs=[(0, 1), (2, 3), (4, 5), (6, 7), (8, 9), (10, 11), (12, 13), (14, 15)]
Prepped vert0, pairs=[(1, 2), (3, 4), (5, 6), (9, 10), (11, 12), (13, 14)]
Prepped vert1, pairs=[(1, 2), (3, 4), (5, 6), (9, 10), (11, 12), (13, 14)]
Set recompilation to False
Got pairs set [(3, 4), (4, 12), (12, 13), (5, 13), (8, 9), (0, 8), (1, 9), (13, 14), (6, 14), (4, 5), (5, 6), (14, 15), (0, 1), (9, 10), (10, 11), (1, 2), (2, 10), (6, 7), (7, 15), (3, 11), (2, 3), (11, 12)]
---Starting to do calibration: delta 2.5041839810000965
---Starting to set up measurements: delta 0.5197406869992847
---Starting to run VQE: delta 0.04299295399869152
Running BayesMGD: n_evals 23, nshots 1000, max_iter 50, max_evals 600
---Preparing executables
---Running executables, 4 in batch, delta=1.2185578450007597
---Extracting values delta=2.0570701399992686
---Extracted values delta=7.781925871999192
Running block of size 20...
---Preparing executables
---Running executables, 80 in batch, delta=23.397941949000597
---Extracting values delta=11.915149962000214
---Extracted values delta=66.351349777
Running block of size 20...
---Preparing executables
---Running executables, 80 in batch, delta=23.983581290000075
---Extracting values delta=10.94538595999984
---Extracted values delta=70.17208919199948
Running block of size 6...
---Preparing executables
---Running executables, 24 in batch, delta=7.186606532999576
---Extracting values delta=4.557080783000856
---Extracted values delta=25.33429524100029
[-0.240860530817526, -1.2276101511313515]
2  :--------------------------------
current: -1.228+/-0.889  params:  [0.111 0.634 0.745 0.767]  grad:  [2.87  1.182 0.822 0.753]  gamma_k: 0.3097  delta_k: 0.6000
Running block of size 20...
---Preparing executables
---Running executables, 80 in batch, delta=24.467745661999288
---Extracting values delta=11.258855093999955
---Extracted values delta=69.50219719100096
Running block of size 20...
---Preparing executables
---Running executables, 80 in batch, delta=23.860905957000796
---Extracting values delta=11.142606667001019
---Extracted values delta=68.20981698099968
Running block of size 6...
---Preparing executables
---Running executables, 24 in batch, delta=7.285645750000185
---Extracting values delta=5.089346466000279
---Extracted values delta=25.936960817
[-0.240860530817526, -1.2276101511313515, -0.777307011328032]
3  :--------------------------------
current: -0.777+/-0.230  params:  [0.396 0.543 0.784 0.786]  grad:  [-1.091  0.35  -0.149 -0.072]  gamma_k: 0.2604  delta_k: 0.5594
Running block of size 20...
---Preparing executables
---Running executables, 80 in batch, delta=23.797452691000217
---Extracting values delta=11.695562574999713
---Extracted values delta=64.7055787270001
Running block of size 20...
---Preparing executables
---Running executables, 80 in batch, delta=23.541039138999622
---Extracting values delta=10.872596412000348
---Extracted values delta=67.67471259299964
Running block of size 6...
---Preparing executables
---Running executables, 24 in batch, delta=7.1501876229995105
---Extracting values delta=3.812551087999964
---Extracted values delta=24.916174717000104
[-0.240860530817526, -1.2276101511313515, -0.777307011328032, -1.1213533557790698]
4  :--------------------------------
current: -1.121+/-0.135  params:  [0.429 0.503 0.738 0.799]  grad:  [-0.147  0.175  0.204 -0.059]  gamma_k: 0.2277  delta_k: 0.5370
Running block of size 20...
---Preparing executables
---Running executables, 80 in batch, delta=23.2657344750005
---Extracting values delta=11.121585385999424
---Extracted values delta=66.11113122300048
Running block of size 20...
---Preparing executables
---Running executables, 80 in batch, delta=23.246759606001433
---Extracting values delta=10.960392970000612
---Extracted values delta=69.16981266099901
Running block of size 6...
---Preparing executables
---Running executables, 24 in batch, delta=7.332007195998813
---Extracting values delta=3.8772842140006105
---Extracted values delta=25.835795131999475
[-0.240860530817526, -1.2276101511313515, -0.777307011328032, -1.1213533557790698, -1.2935289886462853]
5  :--------------------------------
current: -1.294+/-0.126  params:  [0.493 0.604 0.719 0.723]  grad:  [-0.316 -0.495  0.091  0.374]  gamma_k: 0.2040  delta_k: 0.5216
Running block of size 20...
---Preparing executables
---Running executables, 80 in batch, delta=23.496600565000335
---Extracting values delta=11.893693106998398
---Extracted values delta=67.77921791399967
Running block of size 20...
---Preparing executables
---Running executables, 80 in batch, delta=23.447278351999557
---Extracting values delta=11.168757646999438
---Extracted values delta=67.47088201800034
Running block of size 6...
---Preparing executables
---Running executables, 24 in batch, delta=7.229719944998578
---Extracting values delta=4.043556693000937
---Extracted values delta=26.680944964000446
[-0.240860530817526, -1.2276101511313515, -0.777307011328032, -1.1213533557790698, -1.2935289886462853, -1.4811049837472539]
6  :--------------------------------
current: -1.481+/-0.112  params:  [0.441 0.616 0.68  0.684]  grad:  [ 0.284 -0.065  0.21   0.206]  gamma_k: 0.1860  delta_k: 0.5100
Running block of size 20...
---Preparing executables
---Running executables, 80 in batch, delta=24.297814059998927
---Extracting values delta=10.550828195000577
---Extracted values delta=65.62659929099937
Running block of size 20...
---Preparing executables
---Running executables, 80 in batch, delta=24.064132595000046
---Extracting values delta=11.067229233000035
---Extracted values delta=69.45261431200015
Running block of size 6...
---Preparing executables
---Running executables, 24 in batch, delta=6.969395096000881
---Extracting values delta=4.091037872000015
---Extracted values delta=26.342225112999586
[-0.240860530817526, -1.2276101511313515, -0.777307011328032, -1.1213533557790698, -1.2935289886462853, -1.4811049837472539, -1.853398517071399]
7  :--------------------------------
current: -1.853+/-0.113  params:  [0.513 0.517 0.627 0.752]  grad:  [-0.424  0.577  0.31  -0.393]  gamma_k: 0.1716  delta_k: 0.5007
Running block of size 20...
---Preparing executables
---Running executables, 80 in batch, delta=23.903152288001365
---Extracting values delta=10.87925910499871
---Extracted values delta=68.18755308600157
Running block of size 20...
---Preparing executables
---Running executables, 80 in batch, delta=23.771471288999237
---Extracting values delta=10.745339604000037
---Extracted values delta=74.32887705800022
Running block of size 6...
---Preparing executables
---Running executables, 24 in batch, delta=7.0458078240008035
---Extracting values delta=4.114803247000964
---Extracted values delta=27.827429483999367
[-0.240860530817526, -1.2276101511313515, -0.777307011328032, -1.1213533557790698, -1.2935289886462853, -1.4811049837472539, -1.853398517071399, -1.5898765353786293]
8  :--------------------------------
current: -1.590+/-0.101  params:  [0.558 0.473 0.639 0.72 ]  grad:  [-0.277  0.276 -0.072  0.197]  gamma_k: 0.1598  delta_k: 0.4929
Running block of size 20...
---Preparing executables
---Running executables, 80 in batch, delta=23.251025498999297
---Extracting values delta=10.737930154000423
---Extracted values delta=67.2913547650005
Running block of size 20...
---Preparing executables
---Running executables, 80 in batch, delta=23.609130128001198
---Extracting values delta=10.777523783001016
---Extracted values delta=71.0532582650012
Running block of size 6...
---Preparing executables
---Running executables, 24 in batch, delta=7.128765079000004
---Extracting values delta=4.2431688779997785
---Extracted values delta=26.556287538000106
[-0.240860530817526, -1.2276101511313515, -0.777307011328032, -1.1213533557790698, -1.2935289886462853, -1.4811049837472539, -1.853398517071399, -1.5898765353786293, -1.6462821922702533]
9  :--------------------------------
current: -1.646+/-0.094  params:  [0.648 0.457 0.605 0.657]  grad:  [-0.601  0.104  0.222  0.424]  gamma_k: 0.1500  delta_k: 0.4863
Running block of size 20...
---Preparing executables
---Running executables, 80 in batch, delta=23.315514682999492
---Extracting values delta=11.286083422999582
---Extracted values delta=67.10092053299923
Running block of size 20...
---Preparing executables
---Running executables, 80 in batch, delta=23.294761618000848
---Extracting values delta=10.730131000000256
---Extracted values delta=68.90439058599986
Running block of size 6...
---Preparing executables
---Running executables, 24 in batch, delta=7.056562530999145
---Extracting values delta=3.6531859650003753
---Extracted values delta=27.41882413500025
[-0.240860530817526, -1.2276101511313515, -0.777307011328032, -1.1213533557790698, -1.2935289886462853, -1.4811049837472539, -1.853398517071399, -1.5898765353786293, -1.6462821922702533, -1.6121948872932976]
10  :--------------------------------
current: -1.612+/-0.075  params:  [0.571 0.35  0.679 0.576]  grad:  [ 0.545  0.758 -0.521  0.572]  gamma_k: 0.1417  delta_k: 0.4806
Running block of size 20...
---Preparing executables
---Running executables, 80 in batch, delta=24.578035173999524
---Extracting values delta=11.763486829000612
---Extracted values delta=67.63900959899911
Running block of size 20...
---Preparing executables
---Running executables, 80 in batch, delta=23.633073244000116
---Extracting values delta=11.188462087000516
---Extracted values delta=68.49198025700025
Running block of size 6...
---Preparing executables
---Running executables, 24 in batch, delta=7.646982033998938
---Extracting values delta=3.574582488003216
---Extracted values delta=27.425669143998675
[-0.240860530817526, -1.2276101511313515, -0.777307011328032, -1.1213533557790698, -1.2935289886462853, -1.4811049837472539, -1.853398517071399, -1.5898765353786293, -1.6462821922702533, -1.6121948872932976, -1.8927837228875601]
11  :--------------------------------
current: -1.893+/-0.088  params:  [0.511 0.357 0.686 0.52 ]  grad:  [ 0.442 -0.054 -0.052  0.416]  gamma_k: 0.1344  delta_k: 0.4755
Running block of size 20...
---Preparing executables
---Running executables, 80 in batch, delta=24.84118481099722
---Extracting values delta=10.80936198100244
---Extracted values delta=67.40282397999908
Running block of size 20...
---Preparing executables
---Running executables, 80 in batch, delta=24.21682645799956
---Extracting values delta=11.119566599998507
---Extracted values delta=68.91358739499992
Running block of size 6...
---Preparing executables
---Running executables, 24 in batch, delta=7.343598645002203
---Extracting values delta=3.91666710699792
---Extracted values delta=27.243963051998435
[-0.240860530817526, -1.2276101511313515, -0.777307011328032, -1.1213533557790698, -1.2935289886462853, -1.4811049837472539, -1.853398517071399, -1.5898765353786293, -1.6462821922702533, -1.6121948872932976, -1.8927837228875601, -1.518962488032679]
12  :--------------------------------
current: -1.519+/-0.114  params:  [0.575 0.345 0.675 0.507]  grad:  [-0.495  0.098  0.085  0.102]  gamma_k: 0.1281  delta_k: 0.4709
Running block of size 20...
---Preparing executables
---Running executables, 80 in batch, delta=23.652494491001562
---Extracting values delta=10.833772283000144
---Extracted values delta=66.03156938699976
Running block of size 20...
---Preparing executables
---Running executables, 80 in batch, delta=24.42406363199916
---Extracting values delta=10.709458962002827
---Extracted values delta=69.25454993899984
Running block of size 6...
---Preparing executables
---Running executables, 24 in batch, delta=7.40317185800086
---Extracting values delta=3.6589756840003247
---Extracted values delta=26.31984486700094
[-0.240860530817526, -1.2276101511313515, -0.777307011328032, -1.1213533557790698, -1.2935289886462853, -1.4811049837472539, -1.853398517071399, -1.5898765353786293, -1.6462821922702533, -1.6121948872932976, -1.8927837228875601, -1.518962488032679, -1.7237736308792386]
13  :--------------------------------
current: -1.724+/-0.093  params:  [0.556 0.377 0.676 0.531]  grad:  [ 0.152 -0.268 -0.009 -0.2  ]  gamma_k: 0.1225  delta_k: 0.4668
Running block of size 20...
---Preparing executables
---Running executables, 80 in batch, delta=23.708143756000936
---Extracting values delta=10.742535419001797
---Extracted values delta=69.6578677260004
Running block of size 20...
---Preparing executables
---Running executables, 80 in batch, delta=23.61707286699675
---Extracting values delta=10.778443171002436
---Extracted values delta=70.11255555699972
Running block of size 6...
---Preparing executables
---Running executables, 24 in batch, delta=7.218252164002479
---Extracting values delta=3.9504633450014808
---Extracted values delta=26.14222661399981
[-0.240860530817526, -1.2276101511313515, -0.777307011328032, -1.1213533557790698, -1.2935289886462853, -1.4811049837472539, -1.853398517071399, -1.5898765353786293, -1.6462821922702533, -1.6121948872932976, -1.8927837228875601, -1.518962488032679, -1.7237736308792386, -1.3449115430835465]
14  :--------------------------------
current: -1.345+/-0.078  params:  [0.564 0.342 0.68  0.579]  grad:  [-0.063  0.299 -0.033 -0.41 ]  gamma_k: 0.1175  delta_k: 0.4631
Running block of size 20...
---Preparing executables
---Running executables, 80 in batch, delta=23.747949631000665
---Extracting values delta=10.881547831999342
---Extracted values delta=67.85042967299887
Running block of size 20...
---Preparing executables
---Running executables, 80 in batch, delta=23.426264762001665
---Extracting values delta=10.741300064997631
---Extracted values delta=70.3403690640007
Running block of size 6...
---Preparing executables
---Running executables, 24 in batch, delta=7.348394615997677
---Extracting values delta=4.022056838999561
---Extracted values delta=28.294783302000724
[-0.240860530817526, -1.2276101511313515, -0.777307011328032, -1.1213533557790698, -1.2935289886462853, -1.4811049837472539, -1.853398517071399, -1.5898765353786293, -1.6462821922702533, -1.6121948872932976, -1.8927837228875601, -1.518962488032679, -1.7237736308792386, -1.3449115430835465, -1.278233495591677]
15  :--------------------------------
current: -1.278+/-0.076  params:  [0.612 0.316 0.686 0.557]  grad:  [-0.426  0.228 -0.053  0.201]  gamma_k: 0.1131  delta_k: 0.4596
***-1.28+/-0.08 1631280762.4771035
---VQE complete: delta 3431.725295639999
Data collected can be found at experiments/4x2_bayesmgd_zz_x_U_4_nocc_6_d_1-0910-133527/2x4
