{'theta': True, 'zeta': True, 'chi': False, 'gamma': True, 'phi': True, 'time': None}
{'theta': False, 'zeta': False, 'chi': False, 'gamma': False, 'phi': False, 'time': None}
                  (3, 2)
                  │
                  │
         (4, 1)───(4, 2)───(4, 3)
         │        │        │
         │        │        │
(5, 0)───(5, 1)───(5, 2)───(5, 3)───(5, 4)
         │        │        │        │
         │        │        │        │
         (6, 1)───(6, 2)───(6, 3)───(6, 4)───(6, 5)
                  │        │        │        │
                  │        │        │        │
                  (7, 2)───(7, 3)───(7, 4)───(7, 5)───(7, 6)
                           │        │        │
                           │        │        │
                           (8, 3)───(8, 4)───(8, 5)
                                    │
                                    │
                                    (9, 4)
Start at: (3, 2), with dr
Using qubits [cirq.GridQubit(3, 2), cirq.GridQubit(4, 2), cirq.GridQubit(4, 3), cirq.GridQubit(5, 3), cirq.GridQubit(5, 4), cirq.GridQubit(6, 4), cirq.GridQubit(6, 5), cirq.GridQubit(7, 5), cirq.GridQubit(4, 1), cirq.GridQubit(5, 1), cirq.GridQubit(5, 2), cirq.GridQubit(6, 2), cirq.GridQubit(6, 3), cirq.GridQubit(7, 3), cirq.GridQubit(7, 4), cirq.GridQubit(8, 4)]
Using qubits, JW:[cirq.GridQubit(3, 2), cirq.GridQubit(4, 2), cirq.GridQubit(4, 3), cirq.GridQubit(5, 3), cirq.GridQubit(5, 4), cirq.GridQubit(6, 4), cirq.GridQubit(6, 5), cirq.GridQubit(7, 5), cirq.GridQubit(4, 1), cirq.GridQubit(5, 1), cirq.GridQubit(5, 2), cirq.GridQubit(6, 2), cirq.GridQubit(6, 3), cirq.GridQubit(7, 3), cirq.GridQubit(7, 4), cirq.GridQubit(8, 4)]
                  [31m(3, 2)[0m
                  │
                  │
         [35m(4, 1)[0m───[31m(4, 2)[0m───[31m(4, 3)[0m
         │        │        │
         │        │        │
(5, 0)───[35m(5, 1)[0m───[35m(5, 2)[0m───[31m(5, 3)[0m───[31m(5, 4)[0m
         │        │        │        │
         │        │        │        │
         (6, 1)───[35m(6, 2)[0m───[35m(6, 3)[0m───[31m(6, 4)[0m───[31m(6, 5)[0m
                  │        │        │        │
                  │        │        │        │
                  (7, 2)───[35m(7, 3)[0m───[35m(7, 4)[0m───[31m(7, 5)[0m───(7, 6)
                           │        │        │
                           │        │        │
                           (8, 3)───[35m(8, 4)[0m───(8, 5)
                                    │
                                    │
                                    (9, 4)
None
Meas types ['onsite0', 'horiz0', 'vert02', 'vert12']
Prepped onsite, pairs=[(0, 8), (1, 9), (2, 10), (3, 11), (4, 12), (5, 13), (6, 14), (7, 15)]
Prepped horiz, pairs=[(0, 1), (2, 3), (4, 5), (6, 7), (8, 9), (10, 11), (12, 13), (14, 15)]
Prepped vert0, pairs=[(1, 2), (3, 4), (5, 6), (9, 10), (11, 12), (13, 14)]
Prepped vert1, pairs=[(1, 2), (3, 4), (5, 6), (9, 10), (11, 12), (13, 14)]
Set recompilation to False
Got pairs set [(10, 11), (5, 6), (3, 11), (5, 13), (8, 9), (4, 12), (6, 14), (1, 2), (6, 7), (7, 15), (12, 13), (4, 5), (2, 10), (9, 10), (2, 3), (1, 9), (14, 15), (0, 8), (11, 12), (0, 1), (13, 14), (3, 4)]
---Starting to do calibration: delta 3.755076895000001
---Starting to set up measurements: delta 0.8624371460000013
---Starting to run VQE: delta 2.506771575
No optimisation, save file is experiments/4x2_single_U_4_nocc_6_d_1-0915-215548/2x4/processed/processed.json
Given params: [[[[[0.612, 0.316, 0.686, 0.557]]], [[[-0.612, -0.316, -0.686, -0.557]]], [[[0, 0.316, 0.686, 0.557]]], [[[0, -0.316, -0.686, -0.557]]]]]
---Preparing executables
---Running executables, 16 in batch, delta=9.767682438000001
---Extracting values delta=2.7344085420000006
---Extracted values delta=77.983221461
===-1.3779546558277787 -1.9940885087531497 -0.7349543913803784 -1.149735678029082 1631739446.254032
Computed energies [-1.686021582290464], params [[[[0.612, 0.316, 0.686, 0.557]]], [[[-0.612, -0.316, -0.686, -0.557]]], [[[0, 0.316, 0.686, 0.557]]], [[[0, -0.316, -0.686, -0.557]]]]
***-1.686021582290464 1631739446.2558908
---VQE complete: delta 90.492403576
---Starting TFLO
Using saved points
Using params [[[0, 0, 0, 0]], [[0, 5.49779, 4.71239, 0]], [[0, 1.5708, 2.35619, 0.785398]], [[0, 4.71239, 3.14159, 0.785398]], [[0, 0.785398, 0.785398, 3.14159]], [[0, 0, 0, 3.14159]], [[0, 2.35619, 0.785398, 3.92699]], [[0, 4.71239, 2.35619, 3.14159]], [[0, 0, 3.92699, 2.35619]], [[0, 0, 0, 4.71239]], [[0, 0, 0.785398, 5.49779]], [[0, 3.92699, 3.92699, 3.14159]], [[0, 2.35619, 4.71239, 3.92699]], [[0, 5.49779, 3.92699, 3.92699]], [[0, 3.14159, 4.71239, 5.49779]], [[0, 4.71239, 3.92699, 4.71239]], [[0, 0.316, 0.686, 0.557]], [[0.612, 0.316, 0.686, 0.557]], [[0, 0, 0, 0]], [[0, -5.49779, -4.71239, 0]], [[0, -1.5708, -2.35619, -0.785398]], [[0, -4.71239, -3.14159, -0.785398]], [[0, -0.785398, -0.785398, -3.14159]], [[0, 0, 0, -3.14159]], [[0, -2.35619, -0.785398, -3.92699]], [[0, -4.71239, -2.35619, -3.14159]], [[0, 0, -3.92699, -2.35619]], [[0, 0, 0, -4.71239]], [[0, 0, -0.785398, -5.49779]], [[0, -3.92699, -3.92699, -3.14159]], [[0, -2.35619, -4.71239, -3.92699]], [[0, -5.49779, -3.92699, -3.92699]], [[0, -3.14159, -4.71239, -5.49779]], [[0, -4.71239, -3.92699, -4.71239]], [[0, -0.316, -0.686, -0.557]], [[-0.612, -0.316, -0.686, -0.557]]]
---Preparing executables
---Running executables, 144 in batch, delta=79.12049186399999
---Extracting values delta=10.327810393000021
---Extracted values delta=150.232205249
---Time for noisy calculation: 239.708046782
***TFLON: -0.8783553753044462,-0.3181576546930296,-0.668278964013109,0.05396488702461655,1.0920516186380027,1.819225342905579,2.968068010457725,2.163435389724045,3.458418392457053,4.094477567699583,4.7639040007777815,4.8068562383178035,5.647937670902005,7.114485176821702,7.203884945549454,8.327194556130733,-0.7312216324171974,-1.2806465511379526,-1.0292766391114074,-0.7038044469272553,0.4808123920145122,0.11513720419778473,1.8986017969603897,2.147340071715937,3.3402284082737275,3.203593998177163,3.9379319857988917,4.503201866261906,5.701728042531637,5.246669005833125,5.846696805030232,7.064122618803779,7.608921363442319,8.217201661797109,-1.2346735349669884,-2.206914843165946 1631739689.231084
Noisy energies by type: {'onsite0': array([4.53688247, 4.6065973 , 4.36094276, 4.77169047, 4.74020711,
       4.56155696, 4.79070806, 4.40708361, 4.73093402, 4.66023772,
       4.65841357, 4.7367033 , 4.71127788, 5.04122068, 4.73957651,
       4.92802113, 4.85876734, 3.47963088, 4.51794072, 4.73796336,
       4.92643285, 4.51465935, 4.66503885, 4.59446503, 4.508886  ,
       4.81521739, 4.5928393 , 4.60474396, 4.68838405, 4.57928735,
       4.68806941, 4.40110006, 4.78417103, 4.50939275, 4.56992777,
       3.22390572]), 'horiz0': array([-1.35852667, -1.25945684, -1.27040315, -1.42438343, -1.2397774 ,
       -1.32732448, -0.97156627, -0.60714286, -0.61019222, -1.33271634,
       -1.10617399, -0.60101476, -0.72074468,  0.23337223, -0.32042173,
        0.545668  , -1.35140562, -1.03224169, -1.34353268, -1.44959128,
       -1.06470981, -1.33649718, -0.85114326, -1.33227561, -0.67530065,
       -0.43784378, -0.73994638, -1.32301294, -0.81755402, -0.19478183,
       -0.66513128,  0.29567957,  0.01678816,  0.78574552, -1.36603597,
       -1.36081519]), 'vert02': array([-2.50726582, -1.79550011, -1.86451613, -1.44223744, -0.89003286,
       -1.05273312,  0.14357081, -0.29663609, -0.92948027,  0.40860445,
        0.88167421, -0.0411104 ,  0.24754953,  0.49278899,  1.13032529,
        1.16028337, -2.50982184, -2.16427056, -2.54044867, -2.27474403,
       -1.31657067, -1.77319367, -0.18743252, -0.4830237 ,  0.17113665,
       -0.1118587 , -0.65346535,  0.81732456,  1.35603372, -0.10833152,
        0.37682441,  0.73895497,  1.11149599,  1.19768177, -2.20043668,
       -2.00233794]), 'vert12': array([-1.54944536, -1.869798  , -1.89430245, -1.85110471, -1.51834524,
       -0.36227402, -0.9946446 , -1.33986928,  0.26715686,  0.35835173,
        0.32999022,  0.71227811,  1.40985494,  1.34710327,  1.65440487,
        1.69322205, -1.72876151, -1.56376518, -1.663236  , -1.7174325 ,
       -2.06433998, -1.2898313 , -1.72786127, -0.63182564, -0.6644936 ,
       -1.0619209 ,  0.73850441,  0.40414628,  0.47486429,  0.970495  ,
        1.44693425,  1.62838802,  1.69646618,  1.72438163, -2.23812865,
       -2.06766744])}
Using saved exact energies
Data collected can be found at experiments/4x2_single_U_4_nocc_6_d_1-0915-215548/2x4
