{'theta': True, 'zeta': True, 'chi': False, 'gamma': True, 'phi': True, 'time': None}
{'theta': False, 'zeta': False, 'chi': False, 'gamma': False, 'phi': False, 'time': None}
                  (3, 2)
                  │
                  │
         (4, 1)───(4, 2)───(4, 3)
         │        │        │
         │        │        │
(5, 0)───(5, 1)───(5, 2)───(5, 3)───(5, 4)
         │        │        │        │
         │        │        │        │
         (6, 1)───(6, 2)───(6, 3)───(6, 4)───(6, 5)
                  │        │        │        │
                  │        │        │        │
                  (7, 2)───(7, 3)───(7, 4)───(7, 5)───(7, 6)
                           │        │        │
                           │        │        │
                           (8, 3)───(8, 4)───(8, 5)
                                    │
                                    │
                                    (9, 4)
Start at: (3, 2), with dr
Using qubits [cirq.GridQubit(3, 2), cirq.GridQubit(4, 2), cirq.GridQubit(4, 3), cirq.GridQubit(5, 3), cirq.GridQubit(5, 4), cirq.GridQubit(6, 4), cirq.GridQubit(6, 5), cirq.GridQubit(7, 5), cirq.GridQubit(4, 1), cirq.GridQubit(5, 1), cirq.GridQubit(5, 2), cirq.GridQubit(6, 2), cirq.GridQubit(6, 3), cirq.GridQubit(7, 3), cirq.GridQubit(7, 4), cirq.GridQubit(8, 4)]
Using qubits, JW:[cirq.GridQubit(3, 2), cirq.GridQubit(4, 2), cirq.GridQubit(4, 3), cirq.GridQubit(5, 3), cirq.GridQubit(5, 4), cirq.GridQubit(6, 4), cirq.GridQubit(6, 5), cirq.GridQubit(7, 5), cirq.GridQubit(4, 1), cirq.GridQubit(5, 1), cirq.GridQubit(5, 2), cirq.GridQubit(6, 2), cirq.GridQubit(6, 3), cirq.GridQubit(7, 3), cirq.GridQubit(7, 4), cirq.GridQubit(8, 4)]
                  [31m(3, 2)[0m
                  │
                  │
         [35m(4, 1)[0m───[31m(4, 2)[0m───[31m(4, 3)[0m
         │        │        │
         │        │        │
(5, 0)───[35m(5, 1)[0m───[35m(5, 2)[0m───[31m(5, 3)[0m───[31m(5, 4)[0m
         │        │        │        │
         │        │        │        │
         (6, 1)───[35m(6, 2)[0m───[35m(6, 3)[0m───[31m(6, 4)[0m───[31m(6, 5)[0m
                  │        │        │        │
                  │        │        │        │
                  (7, 2)───[35m(7, 3)[0m───[35m(7, 4)[0m───[31m(7, 5)[0m───(7, 6)
                           │        │        │
                           │        │        │
                           (8, 3)───[35m(8, 4)[0m───(8, 5)
                                    │
                                    │
                                    (9, 4)
None
Meas types ['onsite0', 'horiz0', 'horiz1']
Prepped onsite, pairs=[(0, 8), (1, 9), (2, 10), (3, 11), (4, 12), (5, 13), (6, 14), (7, 15)]
Prepped horiz, pairs=[(0, 1), (2, 3), (4, 5), (6, 7), (8, 9), (10, 11), (12, 13), (14, 15)]
Prepped horiz, pairs=[(1, 2), (3, 4), (5, 6), (9, 10), (11, 12), (13, 14)]
Set recompilation to False
Got pairs set [(10, 11), (5, 6), (3, 11), (5, 13), (8, 9), (4, 12), (6, 14), (1, 2), (6, 7), (7, 15), (12, 13), (4, 5), (2, 10), (9, 10), (2, 3), (1, 9), (14, 15), (0, 8), (11, 12), (0, 1), (13, 14), (3, 4)]
---Starting to do calibration: delta 3.239535408
---Starting to set up measurements: delta 0.7519804400000005
---Starting to run VQE: delta 1.4948865139999992
No optimisation, save file is experiments/8x1_single_zz_x_U_4_nocc_13_d_1-0913-222109/8x1/processed/processed.json
Given params: [[[[[0.665, 0.611, 0.628]]], [[[-0.665, -0.611, -0.628]]], [[[0, 0.611, 0.628]]], [[[0, -0.611, -0.628]]]]]
---Preparing executables
---Running executables, 12 in batch, delta=5.616860645000001
---Extracting values delta=2.354792313000001
---Extracted values delta=68.40707106299999
===17.092098272360673 16.725689112715134 17.25297452314278 17.097989604397593 1631568151.5177522
Computed energies [16.9088936925379], params [[[[0.665, 0.611, 0.628]]], [[[-0.665, -0.611, -0.628]]], [[[0, 0.611, 0.628]]], [[[0, -0.611, -0.628]]]]
***16.9088936925379 1631568151.522082
---VQE complete: delta 76.389124731
---Starting TFLO
Using saved points
Using params [[[0, 0, 0]], [[0, 0, 0.785398]], [[0, 1.5708, 0.785398]], [[0, 1.5708, 1.5708]], [[0, 2.35619, 0.785398]], [[0, 0, 2.35619]], [[0, 5.49779, 1.5708]], [[0, 3.92699, 0.785398]], [[0, 0, 4.71239]], [[0, 0.785398, 3.92699]], [[0, 2.35619, 2.35619]], [[0, 1.5708, 5.49779]], [[0, 3.92699, 5.49779]], [[0, 2.35619, 3.14159]], [[0, 2.35619, 4.71239]], [[0, 3.92699, 3.92699]], [[0, 0.611, 0.628]], [[0.665, 0.611, 0.628]], [[0, 0, 0]], [[0, 0, -0.785398]], [[0, -1.5708, -0.785398]], [[0, -1.5708, -1.5708]], [[0, -2.35619, -0.785398]], [[0, 0, -2.35619]], [[0, -5.49779, -1.5708]], [[0, -3.92699, -0.785398]], [[0, 0, -4.71239]], [[0, -0.785398, -3.92699]], [[0, -2.35619, -2.35619]], [[0, -1.5708, -5.49779]], [[0, -3.92699, -5.49779]], [[0, -2.35619, -3.14159]], [[0, -2.35619, -4.71239]], [[0, -3.92699, -3.92699]], [[0, -0.611, -0.628]], [[-0.665, -0.611, -0.628]]]
---Preparing executables
---Running executables, 108 in batch, delta=50.352900857999984
---Extracting values delta=12.004798663000003
---Extracted values delta=142.566638934
---Time for noisy calculation: 204.945716303
***TFLON: 17.126580881858438,17.245565057037066,17.875450012243792,17.833987395810453,18.262444712068667,18.03614877635519,18.24109593852862,18.312999245144415,18.881513631711325,19.108103488684225,19.10765711934152,19.39196416127003,19.23356886277592,20.039826843380123,20.013329402866116,20.072439140923507,17.27884557386693,17.070915463993444,17.096082376778345,17.332654919251723,17.096315664633586,17.585019124770977,17.67051110212411,18.278640087428293,18.52024108490822,18.583836135779087,18.631903085382607,18.958387572880486,19.040737387620275,19.62149860244913,19.72105096315584,19.632190562259357,19.94503501238237,20.09875726041368,17.062549060942764,16.708577105169695 1631568360.3535502
Noisy energies by type: {'onsite0': array([21.07198228, 21.1393682 , 21.30486092, 21.08967083, 21.27076223,
       21.08923743, 21.14914567, 21.08896997, 21.09599156, 21.17717068,
       21.04457866, 20.95290252, 20.90712503, 21.25260718, 20.99692308,
       21.03797468, 21.0821089 , 20.50498688, 21.14912281, 21.10390324,
       20.92991272, 21.0262605 , 20.90064851, 21.1506265 , 21.11244378,
       20.99734748, 21.13173333, 21.14679385, 21.06818771, 21.35295664,
       21.2496825 , 20.93714927, 20.98351648, 21.02804746, 21.10520723,
       20.64859438]), 'horiz0': array([-2.07362637, -1.99606078, -2.16873675, -1.97634271, -2.06637307,
       -1.09786477, -1.13706382, -1.68541409, -0.30508475, -0.37812231,
       -0.98610673, -0.29289428, -0.59431818, -0.28616953, -0.08800911,
        0.03214494, -2.08789809, -1.86531792, -2.13348165, -1.87090559,
       -2.3830735 , -1.98446443, -2.17809766, -0.98580755, -0.88084875,
       -1.47732962, -0.59175911, -0.41962175, -0.96662031, -0.26033183,
       -0.61501552, -0.2651357 , -0.01646214, -0.011959  , -2.15509518,
       -2.17015566]), 'horiz1': array([-1.87177503, -1.89774236, -1.26067416, -1.27934072, -0.94194444,
       -1.95522388, -1.77098592, -1.09055663, -1.90939318, -1.69094488,
       -0.95081481, -1.26804408, -1.07923799, -0.92661081, -0.89558456,
       -0.99768049, -1.71536524, -1.56875349, -1.91955878, -1.90034274,
       -1.45052356, -1.45677695, -1.05203975, -1.88617886, -1.71135394,
       -0.93618172, -1.90807114, -1.76878453, -1.06083002, -1.47112621,
       -0.91361601, -1.03982301, -1.02201933, -0.91733121, -1.88756298,
       -1.76986161])}
Using saved exact energies
Data collected can be found at experiments/8x1_single_zz_x_U_4_nocc_13_d_1-0913-222109/8x1
