{'theta': True, 'zeta': True, 'chi': False, 'gamma': True, 'phi': True, 'time': None}
{'theta': False, 'zeta': False, 'chi': False, 'gamma': False, 'phi': False, 'time': None}
(cirq.GridQubit(3, 2), cirq.GridQubit(4, 2)) = [0.005653352934596179]
(cirq.GridQubit(4, 1), cirq.GridQubit(5, 1)) = [0.007375015732618062]
(cirq.GridQubit(4, 2), cirq.GridQubit(5, 2)) = [0.00700440704363417]
(cirq.GridQubit(4, 3), cirq.GridQubit(5, 3)) = [0.00842885403620891]
(cirq.GridQubit(5, 0), cirq.GridQubit(5, 1)) = [0.007143743381215151]
(cirq.GridQubit(5, 1), cirq.GridQubit(5, 2)) = [0.007232199681100754]
(cirq.GridQubit(5, 1), cirq.GridQubit(6, 1)) = [0.006847979209530453]
(cirq.GridQubit(5, 2), cirq.GridQubit(5, 3)) = [0.005365521924709626]
(cirq.GridQubit(5, 2), cirq.GridQubit(6, 2)) = [0.009054877847637977]
(cirq.GridQubit(5, 3), cirq.GridQubit(5, 4)) = [0.004709536197255504]
(cirq.GridQubit(5, 3), cirq.GridQubit(6, 3)) = [0.0059856756579679815]
(cirq.GridQubit(5, 4), cirq.GridQubit(6, 4)) = [0.004651029460094991]
(cirq.GridQubit(6, 1), cirq.GridQubit(6, 2)) = [0.00792094837289739]
(cirq.GridQubit(6, 2), cirq.GridQubit(6, 3)) = [0.007011248412327475]
(cirq.GridQubit(6, 3), cirq.GridQubit(6, 4)) = [0.008591080011911889]
(cirq.GridQubit(6, 3), cirq.GridQubit(7, 3)) = [0.007132916363217168]
(cirq.GridQubit(6, 4), cirq.GridQubit(6, 5)) = [0.006546439558907491]
(cirq.GridQubit(6, 5), cirq.GridQubit(7, 5)) = [0.005374354358644029]
(cirq.GridQubit(7, 2), cirq.GridQubit(7, 3)) = [0.005801452337931445]
(cirq.GridQubit(7, 3), cirq.GridQubit(7, 4)) = [0.007189246112731862]
(cirq.GridQubit(7, 3), cirq.GridQubit(8, 3)) = [0.007149153734468561]
(cirq.GridQubit(7, 4), cirq.GridQubit(7, 5)) = [0.007115721498997363]
(cirq.GridQubit(7, 4), cirq.GridQubit(8, 4)) = [0.008183566995623004]
(cirq.GridQubit(7, 5), cirq.GridQubit(7, 6)) = [0.007730965482185048]
(cirq.GridQubit(7, 5), cirq.GridQubit(8, 5)) = [0.007667429199111786]
(cirq.GridQubit(8, 3), cirq.GridQubit(8, 4)) = [0.009143646022778867]
(cirq.GridQubit(8, 4), cirq.GridQubit(9, 4)) = [0.006191280976748176]
                  (3, 2)
                  │
                  │
         (4, 1)───(4, 2)───(4, 3)
         │        │        │
         │        │        │
(5, 0)───(5, 1)───(5, 2)───(5, 3)───(5, 4)
         │        │        │        │
         │        │        │        │
         (6, 1)───(6, 2)───(6, 3)───(6, 4)───(6, 5)
                  │        │        │        │
                  │        │        │        │
                  (7, 2)───(7, 3)───(7, 4)───(7, 5)───(7, 6)
                           │        │        │
                           │        │        │
                           (8, 3)───(8, 4)───(8, 5)
                                    │
                                    │
                                    (9, 4)
Start at: (3, 2), with dr
Using qubits [cirq.GridQubit(3, 2), cirq.GridQubit(4, 2), cirq.GridQubit(4, 3), cirq.GridQubit(5, 3), cirq.GridQubit(5, 4), cirq.GridQubit(6, 4), cirq.GridQubit(6, 5), cirq.GridQubit(7, 5), cirq.GridQubit(4, 1), cirq.GridQubit(5, 1), cirq.GridQubit(5, 2), cirq.GridQubit(6, 2), cirq.GridQubit(6, 3), cirq.GridQubit(7, 3), cirq.GridQubit(7, 4), cirq.GridQubit(8, 4)]
Using qubits, JW:[cirq.GridQubit(3, 2), cirq.GridQubit(4, 2), cirq.GridQubit(4, 3), cirq.GridQubit(5, 3), cirq.GridQubit(5, 4), cirq.GridQubit(6, 4), cirq.GridQubit(6, 5), cirq.GridQubit(7, 5), cirq.GridQubit(4, 1), cirq.GridQubit(5, 1), cirq.GridQubit(5, 2), cirq.GridQubit(6, 2), cirq.GridQubit(6, 3), cirq.GridQubit(7, 3), cirq.GridQubit(7, 4), cirq.GridQubit(8, 4)]
                  [31m(3, 2)[0m
                  │
                  │
         [35m(4, 1)[0m───[31m(4, 2)[0m───[31m(4, 3)[0m
         │        │        │
         │        │        │
(5, 0)───[35m(5, 1)[0m───[35m(5, 2)[0m───[31m(5, 3)[0m───[31m(5, 4)[0m
         │        │        │        │
         │        │        │        │
         (6, 1)───[35m(6, 2)[0m───[35m(6, 3)[0m───[31m(6, 4)[0m───[31m(6, 5)[0m
                  │        │        │        │
                  │        │        │        │
                  (7, 2)───[35m(7, 3)[0m───[35m(7, 4)[0m───[31m(7, 5)[0m───(7, 6)
                           │        │        │
                           │        │        │
                           (8, 3)───[35m(8, 4)[0m───(8, 5)
                                    │
                                    │
                                    (9, 4)
None
Set recompilation to False
Got pairs set [(10, 11), (5, 6), (3, 11), (5, 13), (8, 9), (4, 12), (6, 14), (1, 2), (6, 7), (7, 15), (12, 13), (4, 5), (2, 10), (9, 10), (2, 3), (1, 9), (14, 15), (0, 8), (11, 12), (0, 1), (13, 14), (3, 4)]
---Starting to do calibration: delta 3.700320893999999
---Starting to set up measurements: delta 2.7051185359999987
---Starting to run VQE: delta 2.7650942789999995
Running BayesMGD: n_evals 15, nshots 1000, max_iter 50, max_evals 300
---Preparing executables
---Running executables delta=2.7973319309999987
---Extracting values delta=1.8317076909999983
---Extracted values delta=5.624375156999999
---Preparing executables
---Running executables delta=63.917755518999996
---Extracting values delta=11.896535737999997
---Extracted values delta=65.262163289
[-1.9064758140338087, -4.422000516061315]
2  :--------------------------------
fit_params:  [ 1.224 -0.133  3.103  0.883  2.065 -2.953 -6.92   5.043 -1.68  -2.799]
current: -4.422+/-0.394  params:  [0.718 0.874 0.457]  grad:  [1.426 0.637 2.75 ]  gamma_k: 0.1977  delta_k: 0.6000
---Preparing executables
---Running executables delta=72.142449527
---Extracting values delta=13.260164608999986
---Extracted values delta=66.724457836
[-1.9064758140338087, -4.422000516061315, -4.422000516061315, -3.30077833488689]
3  :--------------------------------
fit_params:  [ 0.74   1.463  1.18   0.128 -0.812 -0.684 -0.319 -1.598  1.015 -2.38 ]
current: -3.301+/-0.083  params:  [0.683 0.794 0.498]  grad:  [ 0.226  0.519 -0.269]  gamma_k: 0.1548  delta_k: 0.5594
---Preparing executables
---Running executables delta=63.51537367699996
---Extracting values delta=12.20881306299998
---Extracted values delta=70.11527716799998
[-1.9064758140338087, -4.422000516061315, -4.422000516061315, -3.30077833488689, -3.30077833488689, -2.9550858160399742]
4  :--------------------------------
fit_params:  [ 0.482  1.587  0.836  0.151 -0.49  -0.113 -0.289 -1.77   0.45  -2.462]
current: -2.955+/-0.094  params:  [0.668 0.684 0.442]  grad:  [0.12  0.843 0.434]  gamma_k: 0.1302  delta_k: 0.5370
---Preparing executables
---Running executables delta=63.224788700999966
---Extracting values delta=11.903221593000012
---Extracted values delta=64.27926595500003
[-1.9064758140338087, -4.422000516061315, -4.422000516061315, -3.30077833488689, -3.30077833488689, -2.9550858160399742, -2.9550858160399742, -2.8273231802734684]
5  :--------------------------------
fit_params:  [ 0.854  0.538  0.903 -0.047 -0.444  0.015 -0.573 -0.577  0.041 -2.435]
current: -2.827+/-0.075  params:  [0.655 0.672 0.411]  grad:  [0.11  0.11  0.266]  gamma_k: 0.1139  delta_k: 0.5216
---Preparing executables
---Running executables delta=64.41470819799997
---Extracting values delta=11.674588285000027
---Extracted values delta=69.41347457799998
[-1.9064758140338087, -4.422000516061315, -4.422000516061315, -3.30077833488689, -3.30077833488689, -2.9550858160399742, -2.9550858160399742, -2.8273231802734684, -2.8273231802734684, -2.76373844465884]
6  :--------------------------------
fit_params:  [ 0.384  0.514  1.091  0.017 -0.259 -0.079 -0.193 -0.492 -0.566 -2.385]
current: -2.764+/-0.071  params:  [0.643 0.656 0.423]  grad:  [ 0.12   0.155 -0.113]  gamma_k: 0.1020  delta_k: 0.5100
---Preparing executables
---Running executables delta=64.71431191800002
---Extracting values delta=11.677427057999921
---Extracted values delta=78.96171181199998
[-1.9064758140338087, -4.422000516061315, -4.422000516061315, -3.30077833488689, -3.30077833488689, -2.9550858160399742, -2.9550858160399742, -2.8273231802734684, -2.8273231802734684, -2.76373844465884, -2.76373844465884, -2.682620852160396]
7  :--------------------------------
fit_params:  [ 0.116  0.706  0.649  0.163  0.069 -0.138 -0.274 -0.82  -0.594 -2.256]
current: -2.683+/-0.069  params:  [0.629 0.637 0.436]  grad:  [ 0.147  0.198 -0.138]  gamma_k: 0.0930  delta_k: 0.5007
---Preparing executables
---Running executables delta=63.76296960400009
---Extracting values delta=11.651006085999938
---Extracted values delta=69.21778449199996
[-1.9064758140338087, -4.422000516061315, -4.422000516061315, -3.30077833488689, -3.30077833488689, -2.9550858160399742, -2.9550858160399742, -2.8273231802734684, -2.8273231802734684, -2.76373844465884, -2.76373844465884, -2.682620852160396, -2.682620852160396, -2.7897132504518027]
8  :--------------------------------
fit_params:  [ 0.418  0.618  0.876  0.02  -0.084 -0.277 -0.128 -0.591 -0.396 -2.463]
current: -2.790+/-0.060  params:  [0.599 0.639 0.444]  grad:  [ 0.35  -0.019 -0.09 ]  gamma_k: 0.0858  delta_k: 0.4929
---Preparing executables
---Running executables delta=64.64245701699997
---Extracting values delta=12.564456008999969
---Extracted values delta=79.60353899999996
[-1.9064758140338087, -4.422000516061315, -4.422000516061315, -3.30077833488689, -3.30077833488689, -2.9550858160399742, -2.9550858160399742, -2.8273231802734684, -2.8273231802734684, -2.76373844465884, -2.76373844465884, -2.682620852160396, -2.682620852160396, -2.7897132504518027, -2.7897132504518027, -2.7168432001651537]
9  :--------------------------------
fit_params:  [ 0.755  0.775  0.735 -0.342 -0.147  0.17  -0.264 -0.326 -0.615 -2.565]
current: -2.717+/-0.068  params:  [0.593 0.607 0.437]  grad:  [0.072 0.405 0.078]  gamma_k: 0.0799  delta_k: 0.4863
---Preparing executables
---Running executables delta=64.88099553500001
---Extracting values delta=12.858174266999868
---Extracted values delta=74.00551706300007
[-1.9064758140338087, -4.422000516061315, -4.422000516061315, -3.30077833488689, -3.30077833488689, -2.9550858160399742, -2.9550858160399742, -2.8273231802734684, -2.8273231802734684, -2.76373844465884, -2.76373844465884, -2.682620852160396, -2.682620852160396, -2.7897132504518027, -2.7897132504518027, -2.7168432001651537, -2.7168432001651537, -2.713964064605479]
10  :--------------------------------
fit_params:  [ 0.804  0.3    1.1   -0.078 -0.253  0.039 -0.417 -0.391 -0.958 -2.216]
current: -2.714+/-0.055  params:  [0.577 0.613 0.456]  grad:  [ 0.222 -0.085 -0.247]  gamma_k: 0.0750  delta_k: 0.4806
---Preparing executables
---Running executables delta=64.98256570700005
---Extracting values delta=11.76592034700002
---Extracted values delta=78.26102653199996
[-1.9064758140338087, -4.422000516061315, -4.422000516061315, -3.30077833488689, -3.30077833488689, -2.9550858160399742, -2.9550858160399742, -2.8273231802734684, -2.8273231802734684, -2.76373844465884, -2.76373844465884, -2.682620852160396, -2.682620852160396, -2.7897132504518027, -2.7897132504518027, -2.7168432001651537, -2.7168432001651537, -2.713964064605479, -2.713964064605479, -2.7459954936781155]
11  :--------------------------------
fit_params:  [ 0.561  0.315  0.927  0.301 -0.505  0.082 -0.408 -0.387 -0.626 -2.412]
current: -2.746+/-0.058  params:  [0.566 0.583 0.474]  grad:  [ 0.146  0.421 -0.263]  gamma_k: 0.0708  delta_k: 0.4755
***-2.75+/-0.06 1630448239.176061
---VQE complete: delta 1498.084163093
Data collected can be found at experiments/8x1_bayesmgd_zz_x_U_4_nocc_3_d_1-0831/8x1
