{'theta': True, 'zeta': True, 'chi': False, 'gamma': True, 'phi': True, 'time': None}
{'theta': False, 'zeta': False, 'chi': False, 'gamma': False, 'phi': False, 'time': None}
                  (3, 2)
                  │
                  │
         (4, 1)───(4, 2)───(4, 3)
         │        │        │
         │        │        │
(5, 0)───(5, 1)───(5, 2)───(5, 3)───(5, 4)
         │        │        │        │
         │        │        │        │
         (6, 1)───(6, 2)───(6, 3)───(6, 4)───(6, 5)
                  │        │        │        │
                  │        │        │        │
                  (7, 2)───(7, 3)───(7, 4)───(7, 5)───(7, 6)
                           │        │        │
                           │        │        │
                           (8, 3)───(8, 4)───(8, 5)
                                    │
                                    │
                                    (9, 4)
Qubits: 4 2 5 3
Using qubits [cirq.GridQubit(5, 3), cirq.GridQubit(6, 3), cirq.GridQubit(7, 3), cirq.GridQubit(8, 3), cirq.GridQubit(5, 4), cirq.GridQubit(6, 4), cirq.GridQubit(7, 4), cirq.GridQubit(8, 4)]
Using qubits, JW:[cirq.GridQubit(5, 3), cirq.GridQubit(6, 3), cirq.GridQubit(7, 3), cirq.GridQubit(8, 3), cirq.GridQubit(5, 4), cirq.GridQubit(6, 4), cirq.GridQubit(7, 4), cirq.GridQubit(8, 4)]
                  (3, 2)
                  │
                  │
         (4, 1)───(4, 2)───(4, 3)
         │        │        │
         │        │        │
(5, 0)───(5, 1)───(5, 2)───[31m(5, 3)[0m───[35m(5, 4)[0m
         │        │        │        │
         │        │        │        │
         (6, 1)───(6, 2)───[31m(6, 3)[0m───[35m(6, 4)[0m───(6, 5)
                  │        │        │        │
                  │        │        │        │
                  (7, 2)───[31m(7, 3)[0m───[35m(7, 4)[0m───(7, 5)───(7, 6)
                           │        │        │
                           │        │        │
                           [31m(8, 3)[0m───[35m(8, 4)[0m───(8, 5)
                                    │
                                    │
                                    (9, 4)
None
Meas types ['onsite0', 'horiz0', 'horiz1']
Prepped onsite, pairs=[(0, 4), (1, 5), (2, 6), (3, 7)]
Prepped horiz, pairs=[(0, 1), (2, 3), (4, 5), (6, 7)]
Prepped horiz, pairs=[(1, 2), (5, 6)]
Set recompilation to False
Got pairs set [(0, 1), (1, 2), (2, 6), (6, 7), (4, 5), (5, 6), (1, 5), (2, 3), (0, 4), (3, 7)]
---Starting to do calibration: delta 3.3413545750000004
---Starting to set up measurements: delta 0.24500069599999996
---Starting to run VQE: delta 0.3957371579999993
No optimisation, save file is experiments/4x1_single_d2-0914-071708/4x1/processed/processed.json
Given params: [[[[[0.296, 0.719, 0.843], [0.73, 0.598, 0.206]]], [[[-0.296, -0.719, -0.843], [-0.73, -0.598, -0.206]]], [[[0, 0.719, 0.843], [0, 0.598, 0.206]]], [[[0, -0.719, -0.843], [0, -0.598, -0.206]]]]]
---Preparing executables
---Running executables, 12 in batch, delta=1.3877841130000004
---Extracting values delta=2.540343065
---Extracted values delta=37.455332240999994
===2.1299454620151437 2.105736222703494 2.796555412070463 2.8559357140191075 1631600273.683977
Computed energies [2.117840842359319], params [[[[0.296, 0.719, 0.843], [0.73, 0.598, 0.206]]], [[[-0.296, -0.719, -0.843], [-0.73, -0.598, -0.206]]], [[[0, 0.719, 0.843], [0, 0.598, 0.206]]], [[[0, -0.719, -0.843], [0, -0.598, -0.206]]]]
***2.117840842359319 1631600273.685271
---VQE complete: delta 41.38678979
---Starting TFLO
Using saved points
Using params [[[0, 3.18362, 6.2764], [0, 3.8246, 5.84549]], [[0, 2.6901, 2.99716], [0, 3.34154, 1.63886]], [[0, 0.841172, 0.857071], [0, 2.83507, 0.132099]], [[0, 0.919596, 3.58906], [0, 2.34207, 4.81843]], [[0, 2.02167, 0.711094], [0, 2.87848, 1.92383]], [[0, 3.07888, 1.31344], [0, 4.01245, 3.64854]], [[0, 5.49346, 5.73656], [0, 1.32223, 3.05705]], [[0, 5.44561, 1.68616], [0, 5.99541, 0.440987]], [[0, 5.75192, 6.00118], [0, 4.30115, 3.98124]], [[0, 3.7131, 0.592184], [0, 4.51095, 4.07368]], [[0, 2.7152, 1.86577], [0, 0.588014, 2.06039]], [[0, 2.57569, 4.7256], [0, 3.85901, 0.371302]], [[0, 4.65032, 0.953688], [0, 4.94274, 3.13591]], [[0, 0.299448, 3.22459], [0, 4.5425, 2.32293]], [[0, 5.54704, 4.13572], [0, 4.5425, 2.32293]], [[0, 4.016, 5.5268], [0, 4.80713, 0.271348]], [[0, 0.719, 0.843], [0, 0.598, 0.206]], [[0.296, 0.719, 0.843], [0.73, 0.598, 0.206]], [[0, -3.18362, -6.2764], [0, -3.8246, -5.84549]], [[0, -2.6901, -2.99716], [0, -3.34154, -1.63886]], [[0, -0.841172, -0.857071], [0, -2.83507, -0.132099]], [[0, -0.919596, -3.58906], [0, -2.34207, -4.81843]], [[0, -2.02167, -0.711094], [0, -2.87848, -1.92383]], [[0, -3.07888, -1.31344], [0, -4.01245, -3.64854]], [[0, -5.49346, -5.73656], [0, -1.32223, -3.05705]], [[0, -5.44561, -1.68616], [0, -5.99541, -0.440987]], [[0, -5.75192, -6.00118], [0, -4.30115, -3.98124]], [[0, -3.7131, -0.592184], [0, -4.51095, -4.07368]], [[0, -2.7152, -1.86577], [0, -0.588014, -2.06039]], [[0, -2.57569, -4.7256], [0, -3.85901, -0.371302]], [[0, -4.65032, -0.953688], [0, -4.94274, -3.13591]], [[0, -0.299448, -3.22459], [0, -4.5425, -2.32293]], [[0, -5.54704, -4.13572], [0, -4.5425, -2.32293]], [[0, -4.016, -5.5268], [0, -4.80713, -0.271348]], [[0, -0.719, -0.843], [0, -0.598, -0.206]], [[-0.296, -0.719, -0.843], [-0.73, -0.598, -0.206]]]
---Preparing executables
---Running executables, 108 in batch, delta=11.423241013000002
---Extracting values delta=5.478594857999994
---Extracted values delta=71.02726457300001
---Time for noisy calculation: 87.93948840200001
***TFLON: 2.8119354536522034,3.1113490053284596,3.4186106853946674,3.687419831931794,4.2895023192898005,4.345902601097235,5.409208286046446,4.944903841126315,5.354916853775097,5.536615812584456,5.92501085451473,6.852285299894986,6.4081609984285,7.424725154552138,7.798894536447241,8.332510581197303,2.7733946524823425,2.1407165689586227,2.7794121563265977,3.2179810745626978,3.3063329501360497,3.6822547040511213,3.895949632693502,4.84196486356037,4.51686501837999,5.363147009365312,5.347159338575284,6.565024600827959,6.617056320794148,6.573377017477356,7.328243130822674,7.387061739946812,7.392847296331121,7.990649331082941,2.7223460692316697,1.9963818149879373 1631600361.630784
Noisy energies by type: {'onsite0': array([6.01002667, 6.08649643, 6.01185591, 6.11375057, 6.07076959,
       5.98645904, 6.081866  , 6.05606703, 5.98306807, 5.95100802,
       6.04195482, 5.97837715, 5.95460331, 6.0361189 , 6.02966841,
       5.96612364, 6.09699666, 5.        , 6.0518382 , 6.0821087 ,
       5.97290944, 5.95703426, 5.99843137, 5.93727241, 5.99815626,
       6.03593851, 6.02207305, 5.96635351, 5.99841503, 5.98804738,
       6.03478454, 5.98436615, 5.9109884 , 5.93401644, 6.02230483,
       4.87463945]), 'horiz0': array([-2.55771096, -2.33934215, -2.51078152, -1.40744595, -1.35806298,
       -1.25122008, -0.23911761, -0.74009337, -0.25896221, -0.3744011 ,
        0.2385265 ,  0.6554086 , -0.05690694,  0.54505099,  1.24137127,
        2.43732591, -2.47929269, -2.07243943, -2.35900314, -2.30191354,
       -2.55733093, -1.17320261, -1.40514765, -1.18755847, -0.97414103,
       -0.082114  , -0.48478553,  0.19198586,  1.13922652,  0.8020676 ,
        0.74570367,  0.58890623,  1.01582054,  2.45410628, -2.5825943 ,
       -2.20487365]), 'horiz1': array([-0.64038025, -0.63580528, -0.0824637 , -1.01888479, -0.42320429,
       -0.38933636, -0.4335401 , -0.37106982, -0.36918901, -0.03999111,
       -0.35547046,  0.21849955,  0.51046463,  0.84355526,  0.52785486,
       -0.07093896, -0.84430932, -0.786844  , -0.9134229 , -0.56221409,
       -0.10924555, -1.10157694, -0.69733409,  0.09225092, -0.50715021,
       -0.59067751, -0.19012818,  0.40668524, -0.52058523, -0.21673796,
        0.54775493,  0.81378936,  0.46603835, -0.39747339, -0.71736446,
       -0.67338399])}
Using saved exact energies
Data collected can be found at experiments/4x1_single_d2-0914-071708/4x1
