{'theta': True, 'zeta': True, 'chi': False, 'gamma': True, 'phi': True, 'time': None}
{'theta': False, 'zeta': False, 'chi': False, 'gamma': False, 'phi': False, 'time': None}
                  (3, 2)
                  │
                  │
         (4, 1)───(4, 2)───(4, 3)
         │        │        │
         │        │        │
(5, 0)───(5, 1)───(5, 2)───(5, 3)───(5, 4)
         │        │        │        │
         │        │        │        │
         (6, 1)───(6, 2)───(6, 3)───(6, 4)───(6, 5)
                  │        │        │        │
                  │        │        │        │
                  (7, 2)───(7, 3)───(7, 4)───(7, 5)───(7, 6)
                           │        │        │
                           │        │        │
                           (8, 3)───(8, 4)───(8, 5)
                                    │
                                    │
                                    (9, 4)
Qubits: 4 2 5 3
Using qubits [cirq.GridQubit(5, 3), cirq.GridQubit(6, 3), cirq.GridQubit(7, 3), cirq.GridQubit(8, 3), cirq.GridQubit(5, 4), cirq.GridQubit(6, 4), cirq.GridQubit(7, 4), cirq.GridQubit(8, 4)]
Using qubits, JW:[cirq.GridQubit(5, 3), cirq.GridQubit(6, 3), cirq.GridQubit(7, 3), cirq.GridQubit(8, 3), cirq.GridQubit(5, 4), cirq.GridQubit(6, 4), cirq.GridQubit(7, 4), cirq.GridQubit(8, 4)]
                  (3, 2)
                  │
                  │
         (4, 1)───(4, 2)───(4, 3)
         │        │        │
         │        │        │
(5, 0)───(5, 1)───(5, 2)───[31m(5, 3)[0m───[35m(5, 4)[0m
         │        │        │        │
         │        │        │        │
         (6, 1)───(6, 2)───[31m(6, 3)[0m───[35m(6, 4)[0m───(6, 5)
                  │        │        │        │
                  │        │        │        │
                  (7, 2)───[31m(7, 3)[0m───[35m(7, 4)[0m───(7, 5)───(7, 6)
                           │        │        │
                           │        │        │
                           [31m(8, 3)[0m───[35m(8, 4)[0m───(8, 5)
                                    │
                                    │
                                    (9, 4)
None
Meas types ['onsite0', 'horiz0', 'horiz1']
Prepped onsite, pairs=[(0, 4), (1, 5), (2, 6), (3, 7)]
Prepped horiz, pairs=[(0, 1), (2, 3), (4, 5), (6, 7)]
Prepped horiz, pairs=[(1, 2), (5, 6)]
Set recompilation to False
Got pairs set [(0, 1), (1, 2), (2, 6), (6, 7), (4, 5), (5, 6), (1, 5), (2, 3), (0, 4), (3, 7)]
---Starting to do calibration: delta 3.443423631000001
---Starting to set up measurements: delta 0.19354169100000007
---Starting to run VQE: delta 0.3438069920000011
No optimisation, save file is experiments/4x1_single_d2-0914-065342/4x1/processed/processed.json
Given params: [[[[[0.511, 0.433, 0.576], [0.487, 0.535, 0.468]]], [[[-0.511, -0.433, -0.576], [-0.487, -0.535, -0.468]]], [[[0, 0.433, 0.576], [0, 0.535, 0.468]]], [[[0, -0.433, -0.576], [0, -0.535, -0.468]]]]]
---Preparing executables
---Running executables, 12 in batch, delta=1.1673385280000002
---Extracting values delta=2.7952959370000006
---Extracted values delta=37.044413402
===10.661749504451189 10.638668612951355 10.645957975452138 10.626415134201997 1631598867.2142022
Computed energies [10.650209058701272], params [[[[0.511, 0.433, 0.576], [0.487, 0.535, 0.468]]], [[[-0.511, -0.433, -0.576], [-0.487, -0.535, -0.468]]], [[[0, 0.433, 0.576], [0, 0.535, 0.468]]], [[[0, -0.433, -0.576], [0, -0.535, -0.468]]]]
***10.650209058701272 1631598867.216137
---VQE complete: delta 41.010979616
---Starting TFLO
Using saved points
Using params [[[0, 3.18362, 6.2764], [0, 3.8246, 5.84549]], [[0, 2.6901, 2.99716], [0, 3.34154, 1.63886]], [[0, 0.841172, 0.857071], [0, 2.83507, 0.132099]], [[0, 0.919596, 3.58906], [0, 2.34207, 4.81843]], [[0, 2.02167, 0.711094], [0, 2.87848, 1.92383]], [[0, 3.07888, 1.31344], [0, 4.01245, 3.64854]], [[0, 5.49346, 5.73656], [0, 1.32223, 3.05705]], [[0, 5.44561, 1.68616], [0, 5.99541, 0.440987]], [[0, 5.75192, 6.00118], [0, 4.30115, 3.98124]], [[0, 3.7131, 0.592184], [0, 4.51095, 4.07368]], [[0, 2.7152, 1.86577], [0, 0.588014, 2.06039]], [[0, 2.57569, 4.7256], [0, 3.85901, 0.371302]], [[0, 4.65032, 0.953688], [0, 4.94274, 3.13591]], [[0, 0.299448, 3.22459], [0, 4.5425, 2.32293]], [[0, 5.54704, 4.13572], [0, 4.5425, 2.32293]], [[0, 4.016, 5.5268], [0, 4.80713, 0.271348]], [[0, 0.433, 0.576], [0, 0.535, 0.468]], [[0.511, 0.433, 0.576], [0.487, 0.535, 0.468]], [[0, -3.18362, -6.2764], [0, -3.8246, -5.84549]], [[0, -2.6901, -2.99716], [0, -3.34154, -1.63886]], [[0, -0.841172, -0.857071], [0, -2.83507, -0.132099]], [[0, -0.919596, -3.58906], [0, -2.34207, -4.81843]], [[0, -2.02167, -0.711094], [0, -2.87848, -1.92383]], [[0, -3.07888, -1.31344], [0, -4.01245, -3.64854]], [[0, -5.49346, -5.73656], [0, -1.32223, -3.05705]], [[0, -5.44561, -1.68616], [0, -5.99541, -0.440987]], [[0, -5.75192, -6.00118], [0, -4.30115, -3.98124]], [[0, -3.7131, -0.592184], [0, -4.51095, -4.07368]], [[0, -2.7152, -1.86577], [0, -0.588014, -2.06039]], [[0, -2.57569, -4.7256], [0, -3.85901, -0.371302]], [[0, -4.65032, -0.953688], [0, -4.94274, -3.13591]], [[0, -0.299448, -3.22459], [0, -4.5425, -2.32293]], [[0, -5.54704, -4.13572], [0, -4.5425, -2.32293]], [[0, -4.016, -5.5268], [0, -4.80713, -0.271348]], [[0, -0.433, -0.576], [0, -0.535, -0.468]], [[-0.511, -0.433, -0.576], [-0.487, -0.535, -0.468]]]
---Preparing executables
---Running executables, 108 in batch, delta=11.012619004999998
---Extracting values delta=5.2622415510000025
---Extracted values delta=69.500126046
---Time for noisy calculation: 85.783959364
***TFLON: 10.527185850646653,10.691598369315349,10.838058170757993,10.972995472181022,11.001292655981542,10.986886270985783,11.284839718141672,10.831669138801574,11.91913463124387,11.560984504812225,11.549699900284791,11.967373916260026,11.886213702111302,11.909347761546648,12.427342627336373,12.548587909836748,10.633208943128396,10.64497176794419,10.516965676080849,10.644503510711047,10.831342204284017,10.756866531667344,11.125253488393655,11.339145095911794,11.247001788861057,11.962762996638897,11.325094458324424,11.793390161417609,11.988020059230879,11.881661941850801,12.219497784056069,12.394113900445452,12.058763970037019,12.056910851813873,10.630248895606513,10.649071548070022 1631598953.006424
Noisy energies by type: {'onsite0': array([12., 12., 12., 12., 12., 12., 12., 12., 12., 12., 12., 12., 12.,
       12., 12., 12., 12., 12., 12., 12., 12., 12., 12., 12., 12., 12.,
       12., 12., 12., 12., 12., 12., 12., 12., 12., 12.]), 'horiz0': array([-0.88804423, -0.7590609 , -0.86188421, -0.37687398, -0.44387136,
       -0.60722085, -0.13599095, -0.61652079,  0.18244458, -0.16056911,
       -0.06633679,  0.28669451,  0.05761138, -0.03747002,  0.47704823,
        0.89307229, -0.83706721, -0.82268992, -0.84686023, -0.84462094,
       -0.86126313, -0.60179978, -0.38434561, -0.32315372, -0.4730659 ,
        0.41280417, -0.12280216,  0.00792303,  0.52156863,  0.21467511,
        0.23026316,  0.42753404,  0.333431  ,  0.57078196, -0.66540563,
       -0.62961922]), 'horiz1': array([-0.58476992, -0.54934074, -0.30005762, -0.65013055, -0.55483598,
       -0.40589288, -0.57916933, -0.55181007, -0.26330995, -0.27844639,
       -0.38396331, -0.31932059, -0.17139768, -0.05318221, -0.0497056 ,
       -0.34448438, -0.52972385, -0.53233831, -0.63617409, -0.51087555,
       -0.30739467, -0.64133369, -0.4904009 , -0.33770118, -0.27993231,
       -0.45004117, -0.55210338, -0.21453287, -0.53354857, -0.33301317,
       -0.01076537, -0.03342014, -0.27466703, -0.51387111, -0.70434547,
       -0.72130923])}
Using saved exact energies
Data collected can be found at experiments/4x1_single_d2-0914-065342/4x1
