{'theta': True, 'zeta': True, 'chi': False, 'gamma': True, 'phi': True, 'time': None}
{'theta': False, 'zeta': False, 'chi': False, 'gamma': False, 'phi': False, 'time': None}
Start at: (3, 2), with dr
Using qubits [cirq.GridQubit(3, 2), cirq.GridQubit(4, 2), cirq.GridQubit(4, 3), cirq.GridQubit(5, 3), cirq.GridQubit(5, 4), cirq.GridQubit(6, 4), cirq.GridQubit(6, 5), cirq.GridQubit(7, 5), cirq.GridQubit(4, 1), cirq.GridQubit(5, 1), cirq.GridQubit(5, 2), cirq.GridQubit(6, 2), cirq.GridQubit(6, 3), cirq.GridQubit(7, 3), cirq.GridQubit(7, 4), cirq.GridQubit(8, 4)]
Using qubits, JW:[cirq.GridQubit(3, 2), cirq.GridQubit(4, 2), cirq.GridQubit(4, 3), cirq.GridQubit(5, 3), cirq.GridQubit(5, 4), cirq.GridQubit(6, 4), cirq.GridQubit(6, 5), cirq.GridQubit(7, 5), cirq.GridQubit(4, 1), cirq.GridQubit(5, 1), cirq.GridQubit(5, 2), cirq.GridQubit(6, 2), cirq.GridQubit(6, 3), cirq.GridQubit(7, 3), cirq.GridQubit(7, 4), cirq.GridQubit(8, 4)]
Meas types ['onsite0', 'horiz0', 'vert02', 'vert12']
Prepped onsite, pairs=[(0, 8), (1, 9), (2, 10), (3, 11), (4, 12), (5, 13), (6, 14), (7, 15)]
Prepped horiz, pairs=[(0, 1), (2, 3), (4, 5), (6, 7), (8, 9), (10, 11), (12, 13), (14, 15)]
Prepped vert0, pairs=[(1, 2), (3, 4), (5, 6), (9, 10), (11, 12), (13, 14)]
Prepped vert1, pairs=[(1, 2), (3, 4), (5, 6), (9, 10), (11, 12), (13, 14)]
Set recompilation to False
Got pairs set [(3, 4), (4, 12), (12, 13), (5, 13), (8, 9), (0, 8), (1, 9), (13, 14), (6, 14), (4, 5), (5, 6), (14, 15), (0, 1), (9, 10), (10, 11), (1, 2), (2, 10), (6, 7), (7, 15), (3, 11), (2, 3), (11, 12)]
---Starting to do calibration: delta 0.08033751099901565
---Starting to set up measurements: delta 0.5447911200008093
---Starting to run VQE: delta 1.7750218030014366
No optimisation, save file is experiments/57946a4706bf4c449329ee4abfc43fae-0920-135940/2x4/processed/processed.json
parameters.json
---Preparing executables
---Running executables, 180 in batch, delta=52.692803013998855
---Extracting values delta=72.2746622959985
---Extracted values delta=1.688821302001088
===-5.7175304889678955 -6.130520820617676 -6.450503706932068 -6.458829283714294 -6.5707080364227295 -6.576897144317627 -6.674732685089111 -6.6833518743515015 -6.708640217781067 -6.712796568870544 -6.7171995639801025 -6.802093863487244 -6.869189143180847 -6.86043643951416 -6.862431287765503 -6.859648823738098 -6.872050404548645 -6.8739471435546875 -6.87347412109375 -6.86296272277832 -6.867081046104431 -6.8676100969314575 -6.870906233787537 -6.899031639099121 -6.8973387479782104 -6.8936450481414795 -6.9149205684661865 -6.922632932662964 -6.933043837547302 -6.948384761810303 -6.940657734870911 -6.941179990768433 -6.944573760032654 -6.943731784820557 -6.943954229354858 -6.948431372642517 -6.947824239730835 -6.95250678062439 -6.965997099876404 -6.972706913948059 -6.972826600074768 -6.968665599822998 -6.967154860496521 -6.973371386528015 -6.975040435791016 1632142909.8736992
Computed energies [-5.7175304889678955, -6.130520820617676, -6.450503706932068, -6.458829283714294, -6.5707080364227295, -6.576897144317627, -6.674732685089111, -6.6833518743515015, -6.708640217781067, -6.712796568870544, -6.7171995639801025, -6.802093863487244, -6.869189143180847, -6.86043643951416, -6.862431287765503, -6.859648823738098, -6.872050404548645, -6.8739471435546875, -6.87347412109375, -6.86296272277832, -6.867081046104431, -6.8676100969314575, -6.870906233787537, -6.899031639099121, -6.8973387479782104, -6.8936450481414795, -6.9149205684661865, -6.922632932662964, -6.933043837547302, -6.948384761810303, -6.940657734870911, -6.941179990768433, -6.944573760032654, -6.943731784820557, -6.943954229354858, -6.948431372642517, -6.947824239730835, -6.95250678062439, -6.965997099876404, -6.972706913948059, -6.972826600074768, -6.968665599822998, -6.967154860496521, -6.973371386528015, -6.975040435791016], params [[[[0.6732036750460981, 1.3267963249539019, 0.6732036750460981, 0.6732036750460981]]], [[[0.4638473990520332, 1.117440048959837, 0.882559951040163, 0.882559951040163]]], [[[0.26912199904848455, 0.9227146489562884, 0.6878345510366144, 1.0772853510437117]]], [[[0.32063369753619786, 0.8712029504685751, 0.6363228525489011, 1.128797049531425]]], [[[0.215509623069846, 0.7660788760022232, 0.5311987780825492, 1.023672975065073]]], [[[0.2440363610267411, 0.7375521380453282, 0.5597255160394443, 1.0521997130219682]]], [[[0.3196429923974292, 0.66194550667464, 0.6353321474101324, 0.9765930816512801]]], [[[0.2865316496735806, 0.6288341639507914, 0.6684434901339811, 0.9434817389274315]]], [[[0.21515829511017448, 0.5574608093873853, 0.597070135570575, 0.8721083843640254]]], [[[0.22451797410674476, 0.5668204883839556, 0.5877104565740047, 0.8814680633605957]]], [[[0.23727786222529218, 0.5540606002654082, 0.6004703446925521, 0.8942279514791431]]], [[[0.2881752895551521, 0.5031631729355482, 0.5495729173626922, 0.8433305241492832]]], [[[0.3527734114974236, 0.43856505099327675, 0.6141710393049638, 0.7787324022070117]]], [[[0.3407327357256489, 0.42652437522150205, 0.602130363533189, 0.7907730779787864]]], [[[0.31464909853389533, 0.40044073802974844, 0.5760467263414355, 0.7646894407870328]]], [[[0.28926671229494055, 0.4258231242687032, 0.5506643401024808, 0.7393070545480781]]], [[[0.2990635467923079, 0.4160262897713359, 0.5408675056051134, 0.7295102200507108]]], [[[0.3071831487234778, 0.407906687840166, 0.5327479036739435, 0.7376298219818807]]], [[[0.3041903255772986, 0.4108995109863452, 0.5297550805277643, 0.7346369988357014]]], [[[0.2826788269924743, 0.38938801240152093, 0.5512665791125886, 0.7131255002508772]]], [[[0.2922540304791388, 0.3989632158881854, 0.560841782599253, 0.7227007037375416]]], [[[0.2950702847118531, 0.3961469616554711, 0.5636580368319674, 0.725516957970256]]], [[[0.3074214827937723, 0.3837957635735519, 0.5513068387500482, 0.7378681560521752]]], [[[0.32918218951962064, 0.40555647029940023, 0.5295461320241998, 0.7161074493263268]]], [[[0.3238728211978187, 0.4002471019775983, 0.5348555003460017, 0.7107980810045248]]], [[[0.31361429650848116, 0.38998857728826075, 0.5245969756566642, 0.7005395563151873]]], [[[0.331440324410564, 0.40781460519034357, 0.542423003558747, 0.6827135284131045]]], [[[0.34055700011478135, 0.3986979294861262, 0.5515396792629643, 0.6735968527088871]]], [[[0.3494084286218417, 0.40754935799318653, 0.542688250755904, 0.6647454242018268]]], [[[0.36757460415272747, 0.38938318246230075, 0.5245220752250181, 0.646579248670941]]], [[[0.36040612183761533, 0.3822147001471886, 0.5316905575401303, 0.6537477309860531]]], [[[0.36270272780961643, 0.3845113061191897, 0.5339871635121314, 0.6560443369580542]]], [[[0.3677811740448376, 0.3794328598839685, 0.5390656097473526, 0.650965890722833]]], [[[0.3762867390095251, 0.37092729491928106, 0.5305600447826652, 0.6594714556875204]]], [[[0.3748744843889868, 0.37233954953981935, 0.5319722994032035, 0.6580592010669821]]], [[[0.38252303019332906, 0.3646910037354771, 0.5396208452075457, 0.6504106552626399]]], [[[0.3800988106234297, 0.3622667841655777, 0.5420450647774451, 0.6479864356927405]]], [[[0.38959082810034434, 0.3527747666886631, 0.5515370822543597, 0.6384944182158259]]], [[[0.40349775770514984, 0.3666816962934686, 0.5376301526495543, 0.6245874886110204]]], [[[0.42078005890729175, 0.34939939509132667, 0.5203478514474124, 0.6073051874088785]]], [[[0.4212482487204762, 0.3489312052781422, 0.5198796616342279, 0.6068369975956941]]], [[[0.41630525179570826, 0.34398820835337424, 0.5248226585589959, 0.6117799945204621]]], [[[0.4096250018242049, 0.3373079583818709, 0.5181424085874925, 0.6050997445489587]]], [[[0.41692923647491814, 0.3446121930325841, 0.5108381739367793, 0.5977955098982455]]], [[[0.422690453263715, 0.33885097624378724, 0.5165993907255761, 0.5920342931094487]]]]
***[-5.71753049 -6.13052082 -6.45050371 -6.45882928 -6.57070804 -6.57689714
 -6.67473269 -6.68335187 -6.70864022 -6.71279657 -6.71719956 -6.80209386
 -6.86918914 -6.86043644 -6.86243129 -6.85964882 -6.8720504  -6.87394714
 -6.87347412 -6.86296272 -6.86708105 -6.8676101  -6.87090623 -6.89903164
 -6.89733875 -6.89364505 -6.91492057 -6.92263293 -6.93304384 -6.94838476
 -6.94065773 -6.94117999 -6.94457376 -6.94373178 -6.94395423 -6.94843137
 -6.94782424 -6.95250678 -6.9659971  -6.97270691 -6.9728266  -6.9686656
 -6.96715486 -6.97337139 -6.97504044] 1632142909.879538
---VQE complete: delta 126.67648390600152
Data collected can be found at experiments/57946a4706bf4c449329ee4abfc43fae-0920-135940/2x4
