{'theta': True, 'zeta': True, 'chi': False, 'gamma': True, 'phi': True, 'time': None}
{'theta': False, 'zeta': False, 'chi': False, 'gamma': False, 'phi': False, 'time': None}
Start at: (3, 2), with dr
Using qubits [cirq.GridQubit(3, 2), cirq.GridQubit(4, 2), cirq.GridQubit(4, 3), cirq.GridQubit(5, 3), cirq.GridQubit(5, 4), cirq.GridQubit(6, 4), cirq.GridQubit(6, 5), cirq.GridQubit(7, 5), cirq.GridQubit(4, 1), cirq.GridQubit(5, 1), cirq.GridQubit(5, 2), cirq.GridQubit(6, 2), cirq.GridQubit(6, 3), cirq.GridQubit(7, 3), cirq.GridQubit(7, 4), cirq.GridQubit(8, 4)]
Using qubits, JW:[cirq.GridQubit(3, 2), cirq.GridQubit(4, 2), cirq.GridQubit(4, 3), cirq.GridQubit(5, 3), cirq.GridQubit(5, 4), cirq.GridQubit(6, 4), cirq.GridQubit(6, 5), cirq.GridQubit(7, 5), cirq.GridQubit(4, 1), cirq.GridQubit(5, 1), cirq.GridQubit(5, 2), cirq.GridQubit(6, 2), cirq.GridQubit(6, 3), cirq.GridQubit(7, 3), cirq.GridQubit(7, 4), cirq.GridQubit(8, 4)]
Meas types ['onsite0', 'horiz0', 'vert02', 'vert12']
Prepped onsite, pairs=[(0, 8), (1, 9), (2, 10), (3, 11), (4, 12), (5, 13), (6, 14), (7, 15)]
Prepped horiz, pairs=[(0, 1), (2, 3), (4, 5), (6, 7), (8, 9), (10, 11), (12, 13), (14, 15)]
Prepped vert0, pairs=[(1, 2), (3, 4), (5, 6), (9, 10), (11, 12), (13, 14)]
Prepped vert1, pairs=[(1, 2), (3, 4), (5, 6), (9, 10), (11, 12), (13, 14)]
Set recompilation to False
Got pairs set [(3, 4), (4, 12), (12, 13), (5, 13), (8, 9), (0, 8), (1, 9), (13, 14), (6, 14), (4, 5), (5, 6), (14, 15), (0, 1), (9, 10), (10, 11), (1, 2), (2, 10), (6, 7), (7, 15), (3, 11), (2, 3), (11, 12)]
---Starting to do calibration: delta 0.08702440600000116
---Starting to set up measurements: delta 1.2946295509999999
---Starting to run VQE: delta 3.1321430590000006
No optimisation, save file is experiments/3e90b412614c4ee89edca32831c5526e-1021-214413/2x4/processed/processed.json
parameters.json
Given params: [[[[[0.624, 0.331, 0.471, 0.522]]], [[[-0.624, -0.331, -0.471, -0.522]]], [[[0, 0.331, 0.471, 0.522]]], [[[0, -0.331, -0.471, -0.522]]]]]
---Preparing executables
---Running executables, 16 in batch, delta=7.76366412
---Extracting values delta=34.557709024
---Extracted values delta=6.623556153999999
===-4.58201 -4.57092 -4.00493 -4.02192 1634849107.3644469
Computed energies [-4.576465000000001], params [[[[0.624, 0.331, 0.471, 0.522]]], [[[-0.624, -0.331, -0.471, -0.522]]], [[[0, 0.331, 0.471, 0.522]]], [[[0, -0.331, -0.471, -0.522]]]]
***-4.576465000000001 1634849107.367498
---VQE complete: delta 48.956328231
---Starting TFLO
Using saved points
Using params [[[0, 0, 0, 0]], [[0, 2.35619, 0, 1.5708]], [[0, 4.71239, 5.49779, 1.5708]], [[0, 3.92699, 1.5708, 2.35619]], [[0, 3.92699, 3.14159, 1.5708]], [[0, 1.5708, 1.5708, 3.14159]], [[0, 3.92699, 0, 4.71239]], [[0, 0.785398, 1.5708, 3.92699]], [[0, 0.785398, 5.49779, 4.71239]], [[0, 4.71239, 1.5708, 4.71239]], [[0, 3.92699, 3.92699, 3.14159]], [[0, 4.71239, 4.71239, 4.71239]], [[0, 2.35619, 3.14159, 3.92699]], [[0, 0.785398, 3.92699, 3.92699]], [[0, 0.785398, 2.35619, 5.49779]], [[0, 3.92699, 3.92699, 5.49779]], [[0, 0.331, 0.471, 0.522]], [[0.624, 0.331, 0.471, 0.522]], [[0, 0, 0, 0]], [[0, -2.35619, 0, -1.5708]], [[0, -4.71239, -5.49779, -1.5708]], [[0, -3.92699, -1.5708, -2.35619]], [[0, -3.92699, -3.14159, -1.5708]], [[0, -1.5708, -1.5708, -3.14159]], [[0, -3.92699, 0, -4.71239]], [[0, -0.785398, -1.5708, -3.92699]], [[0, -0.785398, -5.49779, -4.71239]], [[0, -4.71239, -1.5708, -4.71239]], [[0, -3.92699, -3.92699, -3.14159]], [[0, -4.71239, -4.71239, -4.71239]], [[0, -2.35619, -3.14159, -3.92699]], [[0, -0.785398, -3.92699, -3.92699]], [[0, -0.785398, -2.35619, -5.49779]], [[0, -3.92699, -3.92699, -5.49779]], [[0, -0.331, -0.471, -0.522]], [[-0.624, -0.331, -0.471, -0.522]]]
---Preparing executables
---Running executables, 144 in batch, delta=93.36009908000001
---Extracting values delta=201.58241967499998
---Extracted values delta=13.396685030000015
---Time for noisy calculation: 308.36527550899996
***TFLON: -4.033449999999999,-3.4983499999999994,-2.96765,-2.5335000000000005,-2.0556,-1.5167499999999998,-0.9736500000000001,-0.4284000000000002,-0.03815000000000013,0.5284499999999996,1.17425,1.7802500000000003,2.05335,2.4125000000000005,3.1029,3.6789,-4.0083,-4.575750000000001,-4.0257,-3.5043499999999996,-2.9763000000000006,-2.57495,-2.0438500000000004,-1.4851,-0.9379,-0.4225500000000002,-0.00725000000000009,0.5539499999999999,1.1583500000000002,1.7974999999999999,2.10575,2.3850499999999997,3.0817499999999995,3.71455,-4.01265,-4.58155 1634849419.366074
Noisy energies by type: {'onsite0': array([1.2084, 1.2272, 1.0856, 1.356 , 1.1764, 1.358 , 1.194 , 1.3252,
       1.0608, 1.2028, 1.4892, 1.1828, 1.1816, 1.4776, 1.0672, 1.1604,
       1.2244, 0.37  , 1.2104, 1.2044, 1.0616, 1.3428, 1.2028, 1.4064,
       1.2428, 1.3488, 1.09  , 1.2156, 1.4992, 1.2112, 1.1984, 1.4508,
       1.0644, 1.2296, 1.202 , 0.3468]), 'horiz0': array([-2.    , -2.    , -1.9135, -1.381 , -1.413 , -0.9951, -2.    ,
       -0.6292, -1.488 , -0.2996, -0.2779, -0.2872,  0.7669,  0.3614,
        1.3019,  1.2958, -1.9965, -1.8866, -2.    , -2.    , -1.9171,
       -1.401 , -1.4246, -0.9899, -2.    , -0.605 , -1.5104, -0.3033,
       -0.303 , -0.3025,  0.7666,  0.3592,  1.2883,  1.2812, -1.9949,
       -1.8809]), 'vert02': array([-1.62705, -1.35655, -1.2988 , -0.836  , -0.91245, -0.48025,
       -0.08425, -0.13375, -0.0309 ,  0.1337 , -0.3457 ,  0.127  ,
        0.04925, -0.00535,  0.4897 ,  0.5002 , -1.56415, -1.4865 ,
       -1.61325, -1.35365, -1.2928 , -0.8463 , -0.9162 , -0.5027 ,
       -0.1014 , -0.16925, -0.01825,  0.1417 , -0.33535,  0.1313 ,
        0.0703 , -0.0041 ,  0.48125,  0.47405, -1.5582 , -1.4842 ]), 'vert12': array([-1.6148 , -1.369  , -0.84095, -1.6725 , -0.90655, -1.3994 ,
       -0.0834 , -0.99065,  0.41995, -0.50845,  0.30865,  0.75765,
        0.0556 ,  0.57885,  0.2441 ,  0.7225 , -1.67205, -1.57265,
       -1.62285, -1.3551 , -0.828  , -1.67045, -0.90585, -1.3989 ,
       -0.0793 , -0.9971 ,  0.4314 , -0.50005,  0.2975 ,  0.7575 ,
        0.07045,  0.57915,  0.2478 ,  0.7297 , -1.66155, -1.56325])}
Using saved exact energies
Data collected can be found at experiments/3e90b412614c4ee89edca32831c5526e-1021-214413/2x4
