{'theta': True, 'zeta': True, 'chi': False, 'gamma': True, 'phi': True, 'time': None}
{'theta': False, 'zeta': False, 'chi': False, 'gamma': False, 'phi': False, 'time': None}
                  (3, 2)
                  │
                  │
         (4, 1)───(4, 2)───(4, 3)
         │        │        │
         │        │        │
(5, 0)───(5, 1)───(5, 2)───(5, 3)───(5, 4)
         │        │        │        │
         │        │        │        │
         (6, 1)───(6, 2)───(6, 3)───(6, 4)───(6, 5)
                  │        │        │        │
                  │        │        │        │
                  (7, 2)───(7, 3)───(7, 4)───(7, 5)───(7, 6)
                           │        │        │
                           │        │        │
                           (8, 3)───(8, 4)───(8, 5)
                                    │
                                    │
                                    (9, 4)
Start at: (3, 2), with dr
Using qubits [cirq.GridQubit(3, 2), cirq.GridQubit(4, 2), cirq.GridQubit(4, 3), cirq.GridQubit(5, 3), cirq.GridQubit(5, 4), cirq.GridQubit(6, 4), cirq.GridQubit(6, 5), cirq.GridQubit(7, 5), cirq.GridQubit(4, 1), cirq.GridQubit(5, 1), cirq.GridQubit(5, 2), cirq.GridQubit(6, 2), cirq.GridQubit(6, 3), cirq.GridQubit(7, 3), cirq.GridQubit(7, 4), cirq.GridQubit(8, 4)]
Using qubits, JW:[cirq.GridQubit(3, 2), cirq.GridQubit(4, 2), cirq.GridQubit(4, 3), cirq.GridQubit(5, 3), cirq.GridQubit(5, 4), cirq.GridQubit(6, 4), cirq.GridQubit(6, 5), cirq.GridQubit(7, 5), cirq.GridQubit(4, 1), cirq.GridQubit(5, 1), cirq.GridQubit(5, 2), cirq.GridQubit(6, 2), cirq.GridQubit(6, 3), cirq.GridQubit(7, 3), cirq.GridQubit(7, 4), cirq.GridQubit(8, 4)]
                  [31m(3, 2)[0m
                  │
                  │
         [35m(4, 1)[0m───[31m(4, 2)[0m───[31m(4, 3)[0m
         │        │        │
         │        │        │
(5, 0)───[35m(5, 1)[0m───[35m(5, 2)[0m───[31m(5, 3)[0m───[31m(5, 4)[0m
         │        │        │        │
         │        │        │        │
         (6, 1)───[35m(6, 2)[0m───[35m(6, 3)[0m───[31m(6, 4)[0m───[31m(6, 5)[0m
                  │        │        │        │
                  │        │        │        │
                  (7, 2)───[35m(7, 3)[0m───[35m(7, 4)[0m───[31m(7, 5)[0m───(7, 6)
                           │        │        │
                           │        │        │
                           (8, 3)───[35m(8, 4)[0m───(8, 5)
                                    │
                                    │
                                    (9, 4)
None
Meas types ['onsite0', 'horiz0', 'vert02', 'vert12']
Prepped onsite, pairs=[(0, 8), (1, 9), (2, 10), (3, 11), (4, 12), (5, 13), (6, 14), (7, 15)]
Prepped horiz, pairs=[(0, 1), (2, 3), (4, 5), (6, 7), (8, 9), (10, 11), (12, 13), (14, 15)]
Prepped vert0, pairs=[(1, 2), (3, 4), (5, 6), (9, 10), (11, 12), (13, 14)]
Prepped vert1, pairs=[(1, 2), (3, 4), (5, 6), (9, 10), (11, 12), (13, 14)]
Set recompilation to False
Got pairs set [(10, 11), (5, 6), (3, 11), (5, 13), (8, 9), (4, 12), (6, 14), (1, 2), (6, 7), (7, 15), (12, 13), (4, 5), (2, 10), (9, 10), (2, 3), (1, 9), (14, 15), (0, 8), (11, 12), (0, 1), (13, 14), (3, 4)]
---Starting to do calibration: delta 3.469075697000001
---Starting to set up measurements: delta 0.8729581920000005
---Starting to run VQE: delta 2.238001239000001
No optimisation, save file is experiments/4x2_single_U_4_nocc_5_d_1-0916-002737/2x4/processed/processed.json
Given params: [[[[[0.512, 0.407, 0.732, 0.51]]], [[[-0.512, -0.407, -0.732, -0.51]]], [[[0, 0.407, 0.732, 0.51]]], [[[0, -0.407, -0.732, -0.51]]]]]
---Preparing executables
---Running executables, 16 in batch, delta=8.483549187
---Extracting values delta=2.7376543039999994
---Extracted values delta=71.57993122
===-2.86645410188487 -3.4929009098429162 -2.686682992292902 -2.76105070297021 1631748547.279843
Computed energies [-3.179677505863893], params [[[[0.512, 0.407, 0.732, 0.51]]], [[[-0.512, -0.407, -0.732, -0.51]]], [[[0, 0.407, 0.732, 0.51]]], [[[0, -0.407, -0.732, -0.51]]]]
***-3.179677505863893 1631748547.2816188
---VQE complete: delta 82.807872586
---Starting TFLO
Using saved points
Using params [[[0, 0, 0, 0]], [[0, 0, 1.5708, 0]], [[0, 4.71239, 3.14159, 0]], [[0, 3.92699, 3.92699, 0.785398]], [[0, 2.35619, 3.14159, 1.5708]], [[0, 3.14159, 3.92699, 1.5708]], [[0, 4.71239, 0, 3.92699]], [[0, 4.71239, 1.5708, 3.92699]], [[0, 5.49779, 5.49779, 3.92699]], [[0, 4.71239, 4.71239, 3.14159]], [[0, 1.5708, 5.49779, 5.49779]], [[0, 0.785398, 4.71239, 3.92699]], [[0, 0, 3.14159, 3.92699]], [[0, 2.35619, 4.71239, 5.49779]], [[0, 3.92699, 2.35619, 5.49779]], [[0, 0, 3.92699, 5.49779]], [[0, 0.407, 0.732, 0.51]], [[0.512, 0.407, 0.732, 0.51]], [[0, 0, 0, 0]], [[0, 0, -1.5708, 0]], [[0, -4.71239, -3.14159, 0]], [[0, -3.92699, -3.92699, -0.785398]], [[0, -2.35619, -3.14159, -1.5708]], [[0, -3.14159, -3.92699, -1.5708]], [[0, -4.71239, 0, -3.92699]], [[0, -4.71239, -1.5708, -3.92699]], [[0, -5.49779, -5.49779, -3.92699]], [[0, -4.71239, -4.71239, -3.14159]], [[0, -1.5708, -5.49779, -5.49779]], [[0, -0.785398, -4.71239, -3.92699]], [[0, 0, -3.14159, -3.92699]], [[0, -2.35619, -4.71239, -5.49779]], [[0, -3.92699, -2.35619, -5.49779]], [[0, 0, -3.92699, -5.49779]], [[0, -0.407, -0.732, -0.51]], [[-0.512, -0.407, -0.732, -0.51]]]
---Preparing executables
---Running executables, 144 in batch, delta=77.125103981
---Extracting values delta=9.283756931999989
---Extracted values delta=154.055771713
---Time for noisy calculation: 240.490895404
***TFLON: -2.576818142434874,-2.306191513104741,-1.558722305668254,-1.070483087805235,0.04735353481108173,0.1527626256961956,0.8970891579545969,1.6629785612791501,2.6992728157119226,2.9159737313300798,3.2575270471187143,4.1884515815566346,4.827096105512567,5.198921553095779,6.484472550304573,7.597474790708656,-2.6531057403139595,-2.985957171194097,-2.7369901236535554,-2.5203960295482655,-1.57710671401792,-1.0517722775952083,0.013602950551204307,0.19826618052861955,1.1672562514924936,1.7416527034483784,2.7719560869875353,3.2908238828668144,3.5944398757258327,4.335518191247828,5.308521712116193,5.80640234781641,6.5951076417585295,7.427918926912833,-2.8156104822165062,-3.387689482005179 1631748790.63688
Noisy energies by type: {'onsite0': array([3.10895884, 3.0049505 , 3.11788705, 3.25185509, 3.22580645,
       3.18015199, 3.06490285, 3.109375  , 3.10829754, 3.11141121,
       2.996737  , 3.05842071, 3.05770887, 3.04284222, 2.92469499,
       3.05249344, 3.08068254, 2.3535729 , 3.05837075, 2.98792117,
       3.04781879, 3.00838529, 2.91317495, 2.99385983, 3.04114053,
       3.07496013, 2.97884459, 2.94319131, 3.14919011, 3.07471764,
       3.03126303, 3.12341704, 3.24568611, 3.01597179, 3.09028375,
       2.2272361 ]), 'horiz0': array([-2.09530516, -2.09273066, -2.08383791, -2.11586106, -1.47826087,
       -1.68277659, -2.13719306, -0.86581318, -1.42191142, -1.05332017,
       -1.75518474, -0.7034627 ,  0.55907714, -0.538041  ,  1.2181411 ,
        1.37950578, -2.12193962, -1.88582487, -2.13664015, -2.09961249,
       -2.07662083, -1.88521701, -1.24406301, -1.46397025, -2.15843347,
       -0.9853606 , -1.42750054, -0.75765361, -1.45937574, -0.60545739,
        0.90849673, -0.02715035,  1.00744634,  1.43258929, -2.14549228,
       -2.04638715]), 'vert02': array([-2.15703174, -1.94657131, -1.10990389, -0.98373078, -0.81225889,
       -0.79511882, -0.03062063,  0.25682113,  0.05028546, -0.09150034,
        0.80801226,  0.21303152,  0.63144105,  1.07778016,  1.23266364,
        1.52557058, -2.16881998, -2.06490436, -2.2025604 , -1.83445877,
       -1.4570671 , -1.24920736, -0.64673913, -0.78263652,  0.07238172,
        0.41075745,  0.0313975 , -0.2753983 ,  0.78440562,  0.31607744,
        0.691076  ,  1.10224648,  1.39925218,  1.38925184, -1.84836601,
       -1.74188377]), 'vert12': array([-1.43344007e+00, -1.27184004e+00, -1.48286756e+00, -1.22274633e+00,
       -8.87933153e-01, -5.49493952e-01,  2.77555756e-17, -8.37404392e-01,
        9.62601239e-01,  9.49383027e-01,  1.20796253e+00,  1.62046205e+00,
        5.78869048e-01,  1.61634018e+00,  1.10897282e+00,  1.63990499e+00,
       -1.44302867e+00, -1.38880085e+00, -1.45616033e+00, -1.57424594e+00,
       -1.09123758e+00, -9.25733207e-01, -1.00876985e+00, -5.48986889e-01,
        2.12167466e-01, -7.58704275e-01,  1.18921454e+00,  1.38068448e+00,
        1.12021989e+00,  1.55018051e+00,  6.77685950e-01,  1.60788918e+00,
        9.42723005e-01,  1.59010601e+00, -1.91203594e+00, -1.82665466e+00])}
Using saved exact energies
Data collected can be found at experiments/4x2_single_U_4_nocc_5_d_1-0916-002737/2x4
