{'theta': True, 'zeta': True, 'chi': False, 'gamma': True, 'phi': True, 'time': None}
{'theta': False, 'zeta': False, 'chi': False, 'gamma': False, 'phi': False, 'time': None}
                  (3, 2)
                  │
                  │
         (4, 1)───(4, 2)───(4, 3)
         │        │        │
         │        │        │
(5, 0)───(5, 1)───(5, 2)───(5, 3)───(5, 4)
         │        │        │        │
         │        │        │        │
         (6, 1)───(6, 2)───(6, 3)───(6, 4)───(6, 5)
                  │        │        │        │
                  │        │        │        │
                  (7, 2)───(7, 3)───(7, 4)───(7, 5)───(7, 6)
                           │        │        │
                           │        │        │
                           (8, 3)───(8, 4)───(8, 5)
                                    │
                                    │
                                    (9, 4)
Start at: (3, 2), with dr
Using qubits [cirq.GridQubit(3, 2), cirq.GridQubit(4, 2), cirq.GridQubit(4, 3), cirq.GridQubit(5, 3), cirq.GridQubit(5, 4), cirq.GridQubit(6, 4), cirq.GridQubit(6, 5), cirq.GridQubit(7, 5), cirq.GridQubit(4, 1), cirq.GridQubit(5, 1), cirq.GridQubit(5, 2), cirq.GridQubit(6, 2), cirq.GridQubit(6, 3), cirq.GridQubit(7, 3), cirq.GridQubit(7, 4), cirq.GridQubit(8, 4)]
Using qubits, JW:[cirq.GridQubit(3, 2), cirq.GridQubit(4, 2), cirq.GridQubit(4, 3), cirq.GridQubit(5, 3), cirq.GridQubit(5, 4), cirq.GridQubit(6, 4), cirq.GridQubit(6, 5), cirq.GridQubit(7, 5), cirq.GridQubit(4, 1), cirq.GridQubit(5, 1), cirq.GridQubit(5, 2), cirq.GridQubit(6, 2), cirq.GridQubit(6, 3), cirq.GridQubit(7, 3), cirq.GridQubit(7, 4), cirq.GridQubit(8, 4)]
                  [31m(3, 2)[0m
                  │
                  │
         [35m(4, 1)[0m───[31m(4, 2)[0m───[31m(4, 3)[0m
         │        │        │
         │        │        │
(5, 0)───[35m(5, 1)[0m───[35m(5, 2)[0m───[31m(5, 3)[0m───[31m(5, 4)[0m
         │        │        │        │
         │        │        │        │
         (6, 1)───[35m(6, 2)[0m───[35m(6, 3)[0m───[31m(6, 4)[0m───[31m(6, 5)[0m
                  │        │        │        │
                  │        │        │        │
                  (7, 2)───[35m(7, 3)[0m───[35m(7, 4)[0m───[31m(7, 5)[0m───(7, 6)
                           │        │        │
                           │        │        │
                           (8, 3)───[35m(8, 4)[0m───(8, 5)
                                    │
                                    │
                                    (9, 4)
None
Meas types ['onsite0', 'horiz0', 'vert02', 'vert12']
Prepped onsite, pairs=[(0, 8), (1, 9), (2, 10), (3, 11), (4, 12), (5, 13), (6, 14), (7, 15)]
Prepped horiz, pairs=[(0, 1), (2, 3), (4, 5), (6, 7), (8, 9), (10, 11), (12, 13), (14, 15)]
Prepped vert0, pairs=[(1, 2), (3, 4), (5, 6), (9, 10), (11, 12), (13, 14)]
Prepped vert1, pairs=[(1, 2), (3, 4), (5, 6), (9, 10), (11, 12), (13, 14)]
Set recompilation to False
Got pairs set [(10, 11), (5, 6), (3, 11), (5, 13), (8, 9), (4, 12), (6, 14), (1, 2), (6, 7), (7, 15), (12, 13), (4, 5), (2, 10), (9, 10), (2, 3), (1, 9), (14, 15), (0, 8), (11, 12), (0, 1), (13, 14), (3, 4)]
---Starting to do calibration: delta 3.1856914960000005
---Starting to set up measurements: delta 0.8855988759999995
---Starting to run VQE: delta 2.4535812339999996
No optimisation, save file is experiments/4x2_single_U_8_nocc_11_d_1-0919-222216/2x4/processed/processed.json
Given params: [[[[[0.793, 0.363, 0.614, 0.507]]], [[[-0.793, -0.363, -0.614, -0.507]]], [[[0, 0.363, 0.614, 0.507]]], [[[0, -0.363, -0.614, -0.507]]]]]
---Preparing executables
---Running executables, 16 in batch, delta=9.164854014
---Extracting values delta=2.6646879820000002
---Extracted values delta=71.737253215
===23.046363030263986 22.167085157324863 24.608880599160116 24.254096734337335 1632086626.5973701
Computed energies [22.606724093794426], params [[[[0.793, 0.363, 0.614, 0.507]]], [[[-0.793, -0.363, -0.614, -0.507]]], [[[0, 0.363, 0.614, 0.507]]], [[[0, -0.363, -0.614, -0.507]]]]
***22.606724093794426 1632086626.600068
---VQE complete: delta 83.578699333
---Starting TFLO
Using saved points
Using params [[[0, 0, 0, 0]], [[0, 1.5708, 4.71239, 0]], [[0, 3.14159, 3.14159, 0]], [[0, 3.14159, 3.92699, 0.785398]], [[0, 0.785398, 3.14159, 1.5708]], [[0, 4.71239, 3.92699, 1.5708]], [[0, 0.785398, 0, 3.92699]], [[0, 0, 1.5708, 3.92699]], [[0, 0, 5.49779, 3.92699]], [[0, 0, 4.71239, 3.14159]], [[0, 4.71239, 5.49779, 5.49779]], [[0, 3.92699, 4.71239, 3.92699]], [[0, 3.14159, 3.14159, 3.92699]], [[0, 0.785398, 4.71239, 5.49779]], [[0, 4.71239, 2.35619, 5.49779]], [[0, 0, 3.92699, 5.49779]], [[0, 0.363, 0.614, 0.507]], [[0.793, 0.363, 0.614, 0.507]], [[0, 0, 0, 0]], [[0, -1.5708, -4.71239, 0]], [[0, -3.14159, -3.14159, 0]], [[0, -3.14159, -3.92699, -0.785398]], [[0, -0.785398, -3.14159, -1.5708]], [[0, -4.71239, -3.92699, -1.5708]], [[0, -0.785398, 0, -3.92699]], [[0, 0, -1.5708, -3.92699]], [[0, 0, -5.49779, -3.92699]], [[0, 0, -4.71239, -3.14159]], [[0, -4.71239, -5.49779, -5.49779]], [[0, -3.92699, -4.71239, -3.92699]], [[0, -3.14159, -3.14159, -3.92699]], [[0, -0.785398, -4.71239, -5.49779]], [[0, -4.71239, -2.35619, -5.49779]], [[0, 0, -3.92699, -5.49779]], [[0, -0.363, -0.614, -0.507]], [[-0.793, -0.363, -0.614, -0.507]]]
---Preparing executables
---Running executables, 144 in batch, delta=88.587734821
---Extracting values delta=9.839086732999988
---Extracted values delta=150.973718359
---Time for noisy calculation: 249.426621882
***TFLON: 24.232458569929967,24.787578186834114,25.03962661274165,25.713795664156056,26.33675269728734,26.724273187155408,27.780867316390225,28.556102256187756,29.707647729671905,30.2063199550028,30.72137119281124,31.26319878080502,32.53279848832999,33.0466724085217,33.38223961664767,34.95866127302248,24.58775634781812,22.949342870821756,24.308752604603473,25.1377557424144,25.074095704834477,25.882349041953972,27.335610559615237,26.809927343452692,28.3798924269093,29.547253566771154,29.805212470084438,30.47874958337492,31.02884326835498,31.46480714524346,32.1192526907339,32.764034275544034,33.947543402616006,34.86296159634899,24.343372465311322,22.13447904053939 1632086879.352385
Noisy energies by type: {'onsite0': array([29.97109663, 30.08888889, 29.99892761, 30.16737288, 29.72381217,
       30.187119  , 29.90174854, 30.12614615, 30.03843031, 30.05523653,
       29.93796322, 30.24657534, 29.98874296, 30.12188659, 30.01064963,
       30.11893669, 30.39276018, 27.63881237, 29.9942029 , 30.15626757,
       29.73845298, 30.11685393, 30.08780488, 29.78799894, 30.1894498 ,
       30.30218152, 30.11726735, 30.06519922, 30.1400209 , 30.13088042,
       29.91266376, 30.07517205, 30.04805125, 30.01758593, 30.06429392,
       27.52308473]), 'horiz0': array([-2.18683328, -2.17369589, -2.15246098, -2.02868503, -1.48823017,
       -1.91412894, -2.19703872, -0.99240876, -1.63385827, -0.94256175,
       -1.47195467, -0.66986341,  0.94586895, -0.12396221,  1.01169916,
        1.42953397, -2.21310472, -1.6930111 , -2.1492767 , -1.95368782,
       -2.03592462, -1.97961561, -1.29649278, -1.69474279, -2.14412286,
       -0.66063738, -1.66235592, -0.94874683, -1.59711846, -0.8011599 ,
        0.57632933, -0.205     ,  1.27863777,  1.43207763, -2.19021066,
       -2.23799127]), 'vert02': array([-1.90009138, -1.63728814, -1.3667407 , -1.36940401, -0.85770308,
       -0.99020941,  0.05800274,  0.38561191,  0.25348118, -0.03345023,
        1.08802456,  0.3845943 ,  0.76610262,  1.51063278,  1.23869611,
        1.70524412, -1.85165522, -1.55636144, -1.87380733, -1.64289709,
       -1.3277729 , -1.33994083, -0.76414823, -1.00387168,  0.28609769,
        0.68164794,  0.38095238,  0.03616394,  1.1660696 ,  0.47885474,
        0.80986115,  1.3869969 ,  1.59079016,  1.67446138, -1.60612557,
       -1.49411457]), 'vert12': array([-1.6517134 , -1.49032667, -1.44009932, -1.05548817, -1.04112623,
       -0.55850746,  0.01815476, -0.96324704,  1.04959451,  1.1270954 ,
        1.16733808,  1.30189255,  0.83208396,  1.53811525,  1.12119472,
        1.70494649, -1.7402439 , -1.44009695, -1.66236627, -1.42192691,
       -1.30065975, -0.91494845, -0.69155331, -0.27945713,  0.04846779,
       -0.77593852,  0.96934866,  1.32613325,  1.31987123,  1.65623188,
        0.82039845,  1.50686532,  1.03006421,  1.73883666, -1.92458522,
       -1.65649985])}
Using saved exact energies
Data collected can be found at experiments/4x2_single_U_8_nocc_11_d_1-0919-222216/2x4
