{'theta': True, 'zeta': True, 'chi': False, 'gamma': True, 'phi': True, 'time': None}
{'theta': False, 'zeta': False, 'chi': False, 'gamma': False, 'phi': False, 'time': None}
                  (3, 2)
                  │
                  │
         (4, 1)───(4, 2)───(4, 3)
         │        │        │
         │        │        │
(5, 0)───(5, 1)───(5, 2)───(5, 3)───(5, 4)
         │        │        │        │
         │        │        │        │
         (6, 1)───(6, 2)───(6, 3)───(6, 4)───(6, 5)
                  │        │        │        │
                  │        │        │        │
                  (7, 2)───(7, 3)───(7, 4)───(7, 5)───(7, 6)
                           │        │        │
                           │        │        │
                           (8, 3)───(8, 4)───(8, 5)
                                    │
                                    │
                                    (9, 4)
Start at: (3, 2), with dr
Using qubits [cirq.GridQubit(3, 2), cirq.GridQubit(4, 2), cirq.GridQubit(4, 3), cirq.GridQubit(5, 3), cirq.GridQubit(5, 4), cirq.GridQubit(6, 4), cirq.GridQubit(6, 5), cirq.GridQubit(7, 5), cirq.GridQubit(4, 1), cirq.GridQubit(5, 1), cirq.GridQubit(5, 2), cirq.GridQubit(6, 2), cirq.GridQubit(6, 3), cirq.GridQubit(7, 3), cirq.GridQubit(7, 4), cirq.GridQubit(8, 4)]
Using qubits, JW:[cirq.GridQubit(3, 2), cirq.GridQubit(4, 2), cirq.GridQubit(4, 3), cirq.GridQubit(5, 3), cirq.GridQubit(5, 4), cirq.GridQubit(6, 4), cirq.GridQubit(6, 5), cirq.GridQubit(7, 5), cirq.GridQubit(4, 1), cirq.GridQubit(5, 1), cirq.GridQubit(5, 2), cirq.GridQubit(6, 2), cirq.GridQubit(6, 3), cirq.GridQubit(7, 3), cirq.GridQubit(7, 4), cirq.GridQubit(8, 4)]
                  [31m(3, 2)[0m
                  │
                  │
         [35m(4, 1)[0m───[31m(4, 2)[0m───[31m(4, 3)[0m
         │        │        │
         │        │        │
(5, 0)───[35m(5, 1)[0m───[35m(5, 2)[0m───[31m(5, 3)[0m───[31m(5, 4)[0m
         │        │        │        │
         │        │        │        │
         (6, 1)───[35m(6, 2)[0m───[35m(6, 3)[0m───[31m(6, 4)[0m───[31m(6, 5)[0m
                  │        │        │        │
                  │        │        │        │
                  (7, 2)───[35m(7, 3)[0m───[35m(7, 4)[0m───[31m(7, 5)[0m───(7, 6)
                           │        │        │
                           │        │        │
                           (8, 3)───[35m(8, 4)[0m───(8, 5)
                                    │
                                    │
                                    (9, 4)
None
Meas types ['onsite0', 'horiz0', 'vert02', 'vert12']
Prepped onsite, pairs=[(0, 8), (1, 9), (2, 10), (3, 11), (4, 12), (5, 13), (6, 14), (7, 15)]
Prepped horiz, pairs=[(0, 1), (2, 3), (4, 5), (6, 7), (8, 9), (10, 11), (12, 13), (14, 15)]
Prepped vert0, pairs=[(1, 2), (3, 4), (5, 6), (9, 10), (11, 12), (13, 14)]
Prepped vert1, pairs=[(1, 2), (3, 4), (5, 6), (9, 10), (11, 12), (13, 14)]
Set recompilation to False
Got pairs set [(10, 11), (5, 6), (3, 11), (5, 13), (8, 9), (4, 12), (6, 14), (1, 2), (6, 7), (7, 15), (12, 13), (4, 5), (2, 10), (9, 10), (2, 3), (1, 9), (14, 15), (0, 8), (11, 12), (0, 1), (13, 14), (3, 4)]
---Starting to do calibration: delta 3.2431458420000006
---Starting to set up measurements: delta 0.8266262639999997
---Starting to run VQE: delta 2.0995666140000004
No optimisation, save file is experiments/4x2_single_U_8_nocc_2_d_1-0919-213104/2x4/processed/processed.json
Given params: [[[[[0.624, 0.331, 0.471, 0.522]]], [[[-0.624, -0.331, -0.471, -0.522]]], [[[0, 0.331, 0.471, 0.522]]], [[[0, -0.331, -0.471, -0.522]]]]]
---Preparing executables
---Running executables, 16 in batch, delta=8.002175523999998
---Extracting values delta=3.4589989600000024
---Extracted values delta=69.58619474000001
===-2.8976805272207935 -3.172062124241826 -2.576202341657586 -2.71928672933302 1632083551.6178749
Computed energies [-3.03487132573131], params [[[[0.624, 0.331, 0.471, 0.522]]], [[[-0.624, -0.331, -0.471, -0.522]]], [[[0, 0.331, 0.471, 0.522]]], [[[0, -0.331, -0.471, -0.522]]]]
***-3.03487132573131 1632083551.619563
---VQE complete: delta 81.054247124
---Starting TFLO
Using saved points
Using params [[[0, 0, 0, 0]], [[0, 2.35619, 0, 1.5708]], [[0, 4.71239, 5.49779, 1.5708]], [[0, 3.92699, 1.5708, 2.35619]], [[0, 3.92699, 3.14159, 1.5708]], [[0, 1.5708, 1.5708, 3.14159]], [[0, 3.92699, 0, 4.71239]], [[0, 0.785398, 1.5708, 3.92699]], [[0, 0.785398, 5.49779, 4.71239]], [[0, 4.71239, 1.5708, 4.71239]], [[0, 3.92699, 3.92699, 3.14159]], [[0, 4.71239, 4.71239, 4.71239]], [[0, 2.35619, 3.14159, 3.92699]], [[0, 0.785398, 3.92699, 3.92699]], [[0, 0.785398, 2.35619, 5.49779]], [[0, 3.92699, 3.92699, 5.49779]], [[0, 0.331, 0.471, 0.522]], [[0.624, 0.331, 0.471, 0.522]], [[0, 0, 0, 0]], [[0, -2.35619, 0, -1.5708]], [[0, -4.71239, -5.49779, -1.5708]], [[0, -3.92699, -1.5708, -2.35619]], [[0, -3.92699, -3.14159, -1.5708]], [[0, -1.5708, -1.5708, -3.14159]], [[0, -3.92699, 0, -4.71239]], [[0, -0.785398, -1.5708, -3.92699]], [[0, -0.785398, -5.49779, -4.71239]], [[0, -4.71239, -1.5708, -4.71239]], [[0, -3.92699, -3.92699, -3.14159]], [[0, -4.71239, -4.71239, -4.71239]], [[0, -2.35619, -3.14159, -3.92699]], [[0, -0.785398, -3.92699, -3.92699]], [[0, -0.785398, -2.35619, -5.49779]], [[0, -3.92699, -3.92699, -5.49779]], [[0, -0.331, -0.471, -0.522]], [[-0.624, -0.331, -0.471, -0.522]]]
---Preparing executables
---Running executables, 144 in batch, delta=72.35303348699999
---Extracting values delta=8.387989121000004
---Extracted values delta=143.483135336
---Time for noisy calculation: 224.247169155
***TFLON: -2.7802680123265127,-2.2539981774681705,-2.0441228779168568,-1.4659526341158629,-1.2785922582793403,-0.7109343273270206,-0.7966749497733274,-0.2938606489114245,0.013166081035037303,0.7194011779200364,0.5585147315807418,1.284158177694924,2.1404959048565164,1.8189613931844715,2.317664745014127,2.7067386072213706,-2.62750639057432,-2.847463956349312,-2.6805773295685507,-2.0086011312793914,-1.6375214453933262,-1.3562033699057028,-0.9154658362620605,-0.40238516165747384,-0.24530828758079778,0.24342723427830398,0.37010654311748203,0.7357661089563545,1.4758245212297516,1.6352746154928859,1.8840500769233437,2.2890227333099213,3.000253084919392,3.23750076681607,-2.725400179991372,-3.1355936264688253 1632083778.709217
Noisy energies by type: {'onsite0': array([1.08568865, 1.23296214, 1.03759068, 1.03558634, 1.09874497,
       1.33076553, 1.0332574 , 1.08325359, 1.0422601 , 1.19228961,
       1.1561939 , 1.18675497, 1.44274455, 1.3832307 , 0.96225088,
       1.02007084, 1.07962963, 0.57791737, 1.14658588, 1.20143713,
       1.14335135, 1.34048007, 1.31650055, 1.20558498, 1.20361991,
       1.00071344, 1.0701675 , 1.15841142, 1.382565  , 0.94752885,
       0.95045954, 1.23899516, 1.15923567, 1.21780673, 1.08902589,
       0.53514124]), 'horiz0': array([-1.51312172, -1.4888261 , -1.42985522, -0.88963398, -1.06140845,
       -0.71755725, -1.4799903 , -0.41258564, -1.09124183, -0.13686085,
       -0.4314433 , -0.37881773,  0.56970965,  0.11623567,  0.97538462,
        0.78500886, -1.47377423, -1.25887446, -1.5011236 , -1.45411141,
       -1.40269939, -0.97183099, -0.98316663, -0.57419684, -1.4215    ,
       -0.28743416, -1.02824318, -0.27422124, -0.07407407, -0.06307978,
        0.63249133,  0.40830281,  1.06173444,  1.09993012, -1.51388535,
       -1.47355227]), 'vert02': array([-1.21821461, -0.96393226, -0.83999107, -0.56239718, -0.63601184,
       -0.30891566, -0.07669881, -0.20205011, -0.14465997,  0.03090458,
       -0.2591944 , -0.01282051,  0.06194483, -0.04646883,  0.328507  ,
        0.2853067 , -1.18713035, -1.16705662, -1.21555657, -0.87911335,
       -0.96416235, -0.64954414, -0.62163994, -0.2756455 , -0.06588974,
        0.01840073,  0.03030988,  0.11707423, -0.19366977,  0.12764104,
        0.07688755,  0.10006933,  0.41484099,  0.39849291, -1.07613868,
       -1.06393585]), 'vert12': array([-1.13462033, -1.03420195, -0.81186727, -1.04950782, -0.67991694,
       -1.01522694, -0.27324324, -0.76247849,  0.20680778, -0.36693216,
        0.09295853,  0.48904146,  0.06609687,  0.36596386,  0.05152225,
        0.6163522 , -1.04623144, -0.99945025, -1.11048304, -0.87681351,
       -0.41401106, -1.07530832, -0.62715983, -0.7581278 ,  0.03846154,
       -0.48825277,  0.29787234, -0.2654983 ,  0.36100336,  0.62318451,
        0.22421165,  0.54165543,  0.36444198,  0.52127101, -1.22440204,
       -1.13324675])}
Using saved exact energies
Data collected can be found at experiments/4x2_single_U_8_nocc_2_d_1-0919-213104/2x4
