{'theta': True, 'zeta': True, 'chi': False, 'gamma': True, 'phi': True, 'time': None}
{'theta': False, 'zeta': False, 'chi': False, 'gamma': False, 'phi': False, 'time': None}
                  (3, 2)
                  │
                  │
         (4, 1)───(4, 2)───(4, 3)
         │        │        │
         │        │        │
(5, 0)───(5, 1)───(5, 2)───(5, 3)───(5, 4)
         │        │        │        │
         │        │        │        │
         (6, 1)───(6, 2)───(6, 3)───(6, 4)───(6, 5)
                  │        │        │        │
                  │        │        │        │
                  (7, 2)───(7, 3)───(7, 4)───(7, 5)───(7, 6)
                           │        │        │
                           │        │        │
                           (8, 3)───(8, 4)───(8, 5)
                                    │
                                    │
                                    (9, 4)
Start at: (3, 2), with dr
Using qubits [cirq.GridQubit(3, 2), cirq.GridQubit(4, 2), cirq.GridQubit(4, 3), cirq.GridQubit(5, 3), cirq.GridQubit(5, 4), cirq.GridQubit(6, 4), cirq.GridQubit(6, 5), cirq.GridQubit(7, 5), cirq.GridQubit(4, 1), cirq.GridQubit(5, 1), cirq.GridQubit(5, 2), cirq.GridQubit(6, 2), cirq.GridQubit(6, 3), cirq.GridQubit(7, 3), cirq.GridQubit(7, 4), cirq.GridQubit(8, 4)]
Using qubits, JW:[cirq.GridQubit(3, 2), cirq.GridQubit(4, 2), cirq.GridQubit(4, 3), cirq.GridQubit(5, 3), cirq.GridQubit(5, 4), cirq.GridQubit(6, 4), cirq.GridQubit(6, 5), cirq.GridQubit(7, 5), cirq.GridQubit(4, 1), cirq.GridQubit(5, 1), cirq.GridQubit(5, 2), cirq.GridQubit(6, 2), cirq.GridQubit(6, 3), cirq.GridQubit(7, 3), cirq.GridQubit(7, 4), cirq.GridQubit(8, 4)]
                  [31m(3, 2)[0m
                  │
                  │
         [35m(4, 1)[0m───[31m(4, 2)[0m───[31m(4, 3)[0m
         │        │        │
         │        │        │
(5, 0)───[35m(5, 1)[0m───[35m(5, 2)[0m───[31m(5, 3)[0m───[31m(5, 4)[0m
         │        │        │        │
         │        │        │        │
         (6, 1)───[35m(6, 2)[0m───[35m(6, 3)[0m───[31m(6, 4)[0m───[31m(6, 5)[0m
                  │        │        │        │
                  │        │        │        │
                  (7, 2)───[35m(7, 3)[0m───[35m(7, 4)[0m───[31m(7, 5)[0m───(7, 6)
                           │        │        │
                           │        │        │
                           (8, 3)───[35m(8, 4)[0m───(8, 5)
                                    │
                                    │
                                    (9, 4)
None
Meas types ['onsite0', 'horiz0', 'horiz1']
Prepped onsite, pairs=[(0, 8), (1, 9), (2, 10), (3, 11), (4, 12), (5, 13), (6, 14), (7, 15)]
Prepped horiz, pairs=[(0, 1), (2, 3), (4, 5), (6, 7), (8, 9), (10, 11), (12, 13), (14, 15)]
Prepped horiz, pairs=[(1, 2), (3, 4), (5, 6), (9, 10), (11, 12), (13, 14)]
Set recompilation to False
Got pairs set [(10, 11), (5, 6), (3, 11), (5, 13), (8, 9), (4, 12), (6, 14), (1, 2), (6, 7), (7, 15), (12, 13), (4, 5), (2, 10), (9, 10), (2, 3), (1, 9), (14, 15), (0, 8), (11, 12), (0, 1), (13, 14), (3, 4)]
---Starting to do calibration: delta 3.1535080949999994
---Starting to set up measurements: delta 0.6013284500000005
---Starting to run VQE: delta 1.0701514739999993
No optimisation, save file is experiments/8x1_single_zz_x_U_4_nocc_14_d_1-0914-024703/8x1/processed/processed.json
Given params: [[[[[0.626, 0.627, 0.685]]], [[[-0.626, -0.627, -0.685]]], [[[0, 0.627, 0.685]]], [[[0, -0.627, -0.685]]]]]
---Preparing executables
---Running executables, 12 in batch, delta=4.481127793999999
---Extracting values delta=2.7898117030000016
---Extracted values delta=47.524704588
===21.748033936951504 21.46778701292637 21.84194828565859 21.677713707647168 1631584082.681746
Computed energies [21.607910474938937], params [[[[0.626, 0.627, 0.685]]], [[[-0.626, -0.627, -0.685]]], [[[0, 0.627, 0.685]]], [[[0, -0.627, -0.685]]]]
***21.607910474938937 1631584082.683724
---VQE complete: delta 54.800302845
---Starting TFLO
Using saved points
Using params [[[0, 0, 0]], [[0, 0.785398, 1.5708]], [[0, 1.5708, 0]], [[0, 1.5708, 1.5708]], [[0, 2.35619, 0]], [[0, 5.49779, 1.5708]], [[0, 1.5708, 2.35619]], [[0, 0, 3.92699]], [[0, 0.785398, 4.71239]], [[0, 1.5708, 5.49779]], [[0, 2.35619, 2.35619]], [[0, 1.5708, 3.92699]], [[0, 3.92699, 4.71239]], [[0, 3.14159, 2.35619]], [[0, 3.92699, 2.35619]], [[0, 3.14159, 3.92699]], [[0, 0.627, 0.685]], [[0.626, 0.627, 0.685]], [[0, 0, 0]], [[0, -0.785398, -1.5708]], [[0, -1.5708, 0]], [[0, -1.5708, -1.5708]], [[0, -2.35619, 0]], [[0, -5.49779, -1.5708]], [[0, -1.5708, -2.35619]], [[0, 0, -3.92699]], [[0, -0.785398, -4.71239]], [[0, -1.5708, -5.49779]], [[0, -2.35619, -2.35619]], [[0, -1.5708, -3.92699]], [[0, -3.92699, -4.71239]], [[0, -3.14159, -2.35619]], [[0, -3.92699, -2.35619]], [[0, -3.14159, -3.92699]], [[0, -0.627, -0.685]], [[-0.626, -0.627, -0.685]]]
---Preparing executables
---Running executables, 108 in batch, delta=40.566927697
---Extracting values delta=11.400706916000004
---Extracted values delta=100.25001629499998
---Time for noisy calculation: 152.233818287
***TFLON: 21.860837319769555,21.8778170849322,22.293342434779394,22.1748179792915,22.48352334824115,22.200948821187904,22.354152201360257,22.527012620841276,22.872253878851012,22.766784339513368,22.91516650995635,23.304769992650453,22.603103163122864,23.08368878958992,22.97225160353101,23.253897737785735,21.79605737680783,21.728925594399097,21.888338201801783,21.809999547151357,21.719034372795814,21.949538165960675,21.83975089308467,22.665117474930643,22.299065471260494,22.160736069211225,22.475071708415722,22.76141912450295,22.661110796560276,22.704251243369225,23.02617234417283,23.321183744260296,23.637000716030105,23.51294932930125,21.697999525267594,21.470333696147797 1631584236.973299
Noisy energies by type: {'onsite0': array([24.71707029, 24.62531017, 24.60040334, 24.60272238, 24.76098152,
       24.69141966, 24.47619048, 24.73858224, 24.64125561, 24.4744186 ,
       24.56850192, 24.77891817, 24.55454811, 24.59531349, 24.52436341,
       24.54686567, 24.60212443, 24.33752445, 24.70732419, 24.67190684,
       24.61538462, 24.65543289, 24.50272597, 24.64304539, 24.76676218,
       24.58796822, 24.70215827, 24.76086957, 24.5875037 , 24.54489164,
       24.52266368, 24.61307114, 24.73600904, 24.62065217, 24.67629567,
       24.3619665 ]), 'horiz0': array([-1.32521848, -1.44364326, -1.29422836, -1.39120715, -1.43486842,
       -0.98000678, -1.0919794 , -0.70692826, -0.46505951, -0.68794326,
       -0.81102648, -0.43740195, -0.87741546, -0.64237228, -0.51074322,
       -0.46975309, -1.41041744, -1.3458445 , -1.32685888, -1.36040308,
       -1.53486962, -1.40547039, -1.5641345 , -0.67153748, -1.14688746,
       -0.90238743, -0.68726356, -0.66793651, -0.86118806, -0.50123457,
       -0.64329366, -0.46649969, -0.24553571, -0.23448706, -1.40531077,
       -1.42980686]), 'horiz1': array([-1.53101449, -1.30384983, -1.01283255, -1.03669725, -0.84258975,
       -1.51046406, -1.03005888, -1.50464135, -1.30394222, -1.019691  ,
       -0.84230893, -1.03674623, -1.07402949, -0.86925242, -1.04136858,
       -0.82321485, -1.39564962, -1.26275435, -1.49212711, -1.50150421,
       -1.36148062, -1.30042433, -1.09884058, -1.30639043, -1.32080925,
       -1.52484472, -1.53982301, -1.33151393, -1.06520485, -1.33940583,
       -0.85319767, -0.82538771, -0.85347261, -0.87321579, -1.57298537,
       -1.46182595])}
Using saved exact energies
Data collected can be found at experiments/8x1_single_zz_x_U_4_nocc_14_d_1-0914-024703/8x1
