{'theta': True, 'zeta': True, 'chi': False, 'gamma': True, 'phi': True, 'time': None}
{'theta': False, 'zeta': False, 'chi': False, 'gamma': False, 'phi': False, 'time': None}
                  (3, 2)
                  │
                  │
         (4, 1)───(4, 2)───(4, 3)
         │        │        │
         │        │        │
(5, 0)───(5, 1)───(5, 2)───(5, 3)───(5, 4)
         │        │        │        │
         │        │        │        │
         (6, 1)───(6, 2)───(6, 3)───(6, 4)───(6, 5)
                  │        │        │        │
                  │        │        │        │
                  (7, 2)───(7, 3)───(7, 4)───(7, 5)───(7, 6)
                           │        │        │
                           │        │        │
                           (8, 3)───(8, 4)───(8, 5)
                                    │
                                    │
                                    (9, 4)
Start at: (3, 2), with dr
Using qubits [cirq.GridQubit(3, 2), cirq.GridQubit(4, 2), cirq.GridQubit(4, 3), cirq.GridQubit(5, 3), cirq.GridQubit(5, 4), cirq.GridQubit(6, 4), cirq.GridQubit(6, 5), cirq.GridQubit(7, 5), cirq.GridQubit(4, 1), cirq.GridQubit(5, 1), cirq.GridQubit(5, 2), cirq.GridQubit(6, 2), cirq.GridQubit(6, 3), cirq.GridQubit(7, 3), cirq.GridQubit(7, 4), cirq.GridQubit(8, 4)]
Using qubits, JW:[cirq.GridQubit(3, 2), cirq.GridQubit(4, 2), cirq.GridQubit(4, 3), cirq.GridQubit(5, 3), cirq.GridQubit(5, 4), cirq.GridQubit(6, 4), cirq.GridQubit(6, 5), cirq.GridQubit(7, 5), cirq.GridQubit(4, 1), cirq.GridQubit(5, 1), cirq.GridQubit(5, 2), cirq.GridQubit(6, 2), cirq.GridQubit(6, 3), cirq.GridQubit(7, 3), cirq.GridQubit(7, 4), cirq.GridQubit(8, 4)]
                  [31m(3, 2)[0m
                  │
                  │
         [35m(4, 1)[0m───[31m(4, 2)[0m───[31m(4, 3)[0m
         │        │        │
         │        │        │
(5, 0)───[35m(5, 1)[0m───[35m(5, 2)[0m───[31m(5, 3)[0m───[31m(5, 4)[0m
         │        │        │        │
         │        │        │        │
         (6, 1)───[35m(6, 2)[0m───[35m(6, 3)[0m───[31m(6, 4)[0m───[31m(6, 5)[0m
                  │        │        │        │
                  │        │        │        │
                  (7, 2)───[35m(7, 3)[0m───[35m(7, 4)[0m───[31m(7, 5)[0m───(7, 6)
                           │        │        │
                           │        │        │
                           (8, 3)───[35m(8, 4)[0m───(8, 5)
                                    │
                                    │
                                    (9, 4)
None
Meas types ['onsite0', 'horiz0', 'vert02', 'vert12']
Prepped onsite, pairs=[(0, 8), (1, 9), (2, 10), (3, 11), (4, 12), (5, 13), (6, 14), (7, 15)]
Prepped horiz, pairs=[(0, 1), (2, 3), (4, 5), (6, 7), (8, 9), (10, 11), (12, 13), (14, 15)]
Prepped vert0, pairs=[(1, 2), (3, 4), (5, 6), (9, 10), (11, 12), (13, 14)]
Prepped vert1, pairs=[(1, 2), (3, 4), (5, 6), (9, 10), (11, 12), (13, 14)]
Set recompilation to False
Got pairs set [(10, 11), (5, 6), (3, 11), (5, 13), (8, 9), (4, 12), (6, 14), (1, 2), (6, 7), (7, 15), (12, 13), (4, 5), (2, 10), (9, 10), (2, 3), (1, 9), (14, 15), (0, 8), (11, 12), (0, 1), (13, 14), (3, 4)]
---Starting to do calibration: delta 3.5098127989999997
---Starting to set up measurements: delta 0.8643002150000001
---Starting to run VQE: delta 2.2357350769999993
No optimisation, save file is experiments/4x2_single_U_8_nocc_8_d_1-0919-220418/2x4/processed/processed.json
Given params: [[[[[1.057, 0.594, 0.49, 0.484]]], [[[-1.057, -0.594, -0.49, -0.484]]], [[[0, 0.594, 0.49, 0.484]]], [[[0, -0.594, -0.49, -0.484]]]]]
---Preparing executables
---Running executables, 16 in batch, delta=8.547247358000002
---Extracting values delta=2.615824761999999
---Extracted values delta=73.01745343099999
===7.853239283324739 6.350808356110445 9.39721681978101 10.57594728353423 1632085549.531559
Computed energies [7.1020238197175924], params [[[[1.057, 0.594, 0.49, 0.484]]], [[[-1.057, -0.594, -0.49, -0.484]]], [[[0, 0.594, 0.49, 0.484]]], [[[0, -0.594, -0.49, -0.484]]]]
***7.1020238197175924 1632085549.533338
---VQE complete: delta 84.188460225
---Starting TFLO
Using saved points
Using params [[[0, 1.5708, 0, 0]], [[0, 3.92699, 0, 1.5708]], [[0, 3.92699, 4.71239, 0.785398]], [[0, 2.35619, 0.785398, 3.14159]], [[0, 5.49779, 3.14159, 1.5708]], [[0, 0.785398, 0, 3.92699]], [[0, 0, 0, 4.71239]], [[0, 2.35619, 5.49779, 3.92699]], [[0, 1.5708, 4.71239, 3.14159]], [[0, 0.785398, 1.5708, 4.71239]], [[0, 0, 4.71239, 3.92699]], [[0, 2.35619, 1.5708, 5.49779]], [[0, 3.14159, 3.14159, 3.92699]], [[0, 0.785398, 2.35619, 4.71239]], [[0, 1.5708, 3.92699, 4.71239]], [[0, 3.14159, 3.92699, 5.49779]], [[0, 0.594, 0.49, 0.484]], [[1.057, 0.594, 0.49, 0.484]], [[0, -1.5708, 0, 0]], [[0, -3.92699, 0, -1.5708]], [[0, -3.92699, -4.71239, -0.785398]], [[0, -2.35619, -0.785398, -3.14159]], [[0, -5.49779, -3.14159, -1.5708]], [[0, -0.785398, 0, -3.92699]], [[0, 0, 0, -4.71239]], [[0, -2.35619, -5.49779, -3.92699]], [[0, -1.5708, -4.71239, -3.14159]], [[0, -0.785398, -1.5708, -4.71239]], [[0, 0, -4.71239, -3.92699]], [[0, -2.35619, -1.5708, -5.49779]], [[0, -3.14159, -3.14159, -3.92699]], [[0, -0.785398, -2.35619, -4.71239]], [[0, -1.5708, -3.92699, -4.71239]], [[0, -3.14159, -3.92699, -5.49779]], [[0, -0.594, -0.49, -0.484]], [[-1.057, -0.594, -0.49, -0.484]]]
---Preparing executables
---Running executables, 144 in batch, delta=76.766001891
---Extracting values delta=8.899071839999976
---Extracted values delta=154.23055700899997
---Time for noisy calculation: 239.921982604
***TFLON: 9.827353951939694,8.971755831974816,10.161123328623527,11.13878120003092,12.356192557253362,10.5667120449705,12.156653087791279,13.387073127927064,13.915798324189197,14.612298431183424,15.465811599169328,16.647928311519202,17.339442551072956,17.209355661806306,19.27573914575756,19.363979870448077,9.301733036992042,7.916514773414757,9.822286758153282,11.543500356429144,11.54837035604446,11.466166294608712,11.389072213961933,13.607247656311749,13.642855801956276,13.755737647478458,15.336715425849597,16.559273544740684,16.758304781219152,16.886879218769206,17.788079541661844,18.512058715522457,18.972993794527337,19.78111146639458,10.61508536094495,6.305149935056275 1632085792.337245
Noisy energies by type: {'onsite0': array([16.07594937, 15.51475139, 16.13235926, 16.72710911, 16.99375673,
       15.4449883 , 16.25913043, 16.61298025, 16.01231852, 15.95950704,
       16.14551754, 16.55301103, 16.09513514, 15.673293  , 16.59433551,
       16.14548604, 15.70817383, 11.50081339, 15.98589065, 16.81873374,
       16.71373556, 15.17091226, 15.60416224, 16.84201274, 16.4686765 ,
       15.64688237, 16.17522124, 16.80086674, 16.35487311, 16.03665721,
       16.11458792, 16.63320805, 15.98428977, 16.31098493, 16.96948712,
       11.18392969]), 'horiz0': array([-2.92759022, -2.91210896, -2.81123389, -2.58417752, -2.36667462,
       -2.93177212, -2.9306448 , -2.29626335, -1.37542125, -0.51647834,
       -0.98143116, -0.1620651 ,  1.01144592,  1.29373399,  1.44472535,
        1.80314422, -2.87875752, -1.35074432, -2.97296004, -2.90315366,
       -2.89474912, -2.30105553, -2.2090229 , -2.90288594, -2.96386611,
       -2.27545721, -1.30380623, -0.20022447, -0.83179464,  0.05589479,
        1.17560074,  1.56238447,  1.52714454,  1.85159339, -2.98892815,
       -2.4381896 ]), 'vert02': array([-1.85260371, -1.91486321, -1.75206791, -1.22742475, -1.19198774,
       -1.06082365, -0.59028078, -0.99518728, -1.13076437,  0.09758167,
       -0.56703204,  0.42368973, -0.21497081,  0.39105903,  0.16797789,
        0.32639626, -1.98023443, -1.28456439, -1.75791391, -1.13753213,
       -1.32153647, -0.41517094, -0.85114424, -0.20318471,  0.05840972,
        0.05798687, -0.11954662,  0.33780567,  0.26225334,  0.39752103,
        0.42828861,  0.60413425,  0.70369556,  0.81049318, -1.68383017,
       -1.21852577]), 'vert12': array([-1.46840149, -1.71602339, -1.40793413, -1.77672564, -1.07890181,
       -0.88568047, -0.58155177,  0.0655435 ,  0.40966543, -0.92831194,
        0.86875726, -0.16670735,  0.4478323 , -0.14873035,  1.0687004 ,
        1.08895335, -1.54744885, -0.9489899 , -1.43272994, -1.23454759,
       -0.94907961, -0.98851949, -1.15492289, -0.12869444,  0.07963568,
        0.32632562,  0.58484704, -0.3791744 ,  0.97297297,  0.39680619,
        0.06960227, -0.28766806,  0.75786394,  0.80803996, -1.68164344,
       -1.22206439])}
Using saved exact energies
Data collected can be found at experiments/4x2_single_U_8_nocc_8_d_1-0919-220418/2x4
