{'theta': True, 'zeta': True, 'chi': False, 'gamma': True, 'phi': True, 'time': None}
{'theta': False, 'zeta': False, 'chi': False, 'gamma': False, 'phi': False, 'time': None}
                  (3, 2)
                  │
                  │
         (4, 1)───(4, 2)───(4, 3)
         │        │        │
         │        │        │
(5, 0)───(5, 1)───(5, 2)───(5, 3)───(5, 4)
         │        │        │        │
         │        │        │        │
         (6, 1)───(6, 2)───(6, 3)───(6, 4)───(6, 5)
                  │        │        │        │
                  │        │        │        │
                  (7, 2)───(7, 3)───(7, 4)───(7, 5)───(7, 6)
                           │        │        │
                           │        │        │
                           (8, 3)───(8, 4)───(8, 5)
                                    │
                                    │
                                    (9, 4)
Start at: (3, 2), with dr
Using qubits [cirq.GridQubit(3, 2), cirq.GridQubit(4, 2), cirq.GridQubit(4, 3), cirq.GridQubit(5, 3), cirq.GridQubit(5, 4), cirq.GridQubit(6, 4), cirq.GridQubit(6, 5), cirq.GridQubit(7, 5), cirq.GridQubit(4, 1), cirq.GridQubit(5, 1), cirq.GridQubit(5, 2), cirq.GridQubit(6, 2), cirq.GridQubit(6, 3), cirq.GridQubit(7, 3), cirq.GridQubit(7, 4), cirq.GridQubit(8, 4)]
Using qubits, JW:[cirq.GridQubit(3, 2), cirq.GridQubit(4, 2), cirq.GridQubit(4, 3), cirq.GridQubit(5, 3), cirq.GridQubit(5, 4), cirq.GridQubit(6, 4), cirq.GridQubit(6, 5), cirq.GridQubit(7, 5), cirq.GridQubit(4, 1), cirq.GridQubit(5, 1), cirq.GridQubit(5, 2), cirq.GridQubit(6, 2), cirq.GridQubit(6, 3), cirq.GridQubit(7, 3), cirq.GridQubit(7, 4), cirq.GridQubit(8, 4)]
                  [31m(3, 2)[0m
                  │
                  │
         [35m(4, 1)[0m───[31m(4, 2)[0m───[31m(4, 3)[0m
         │        │        │
         │        │        │
(5, 0)───[35m(5, 1)[0m───[35m(5, 2)[0m───[31m(5, 3)[0m───[31m(5, 4)[0m
         │        │        │        │
         │        │        │        │
         (6, 1)───[35m(6, 2)[0m───[35m(6, 3)[0m───[31m(6, 4)[0m───[31m(6, 5)[0m
                  │        │        │        │
                  │        │        │        │
                  (7, 2)───[35m(7, 3)[0m───[35m(7, 4)[0m───[31m(7, 5)[0m───(7, 6)
                           │        │        │
                           │        │        │
                           (8, 3)───[35m(8, 4)[0m───(8, 5)
                                    │
                                    │
                                    (9, 4)
None
Meas types ['onsite0', 'horiz0', 'vert02', 'vert12']
Prepped onsite, pairs=[(0, 8), (1, 9), (2, 10), (3, 11), (4, 12), (5, 13), (6, 14), (7, 15)]
Prepped horiz, pairs=[(0, 1), (2, 3), (4, 5), (6, 7), (8, 9), (10, 11), (12, 13), (14, 15)]
Prepped vert0, pairs=[(1, 2), (3, 4), (5, 6), (9, 10), (11, 12), (13, 14)]
Prepped vert1, pairs=[(1, 2), (3, 4), (5, 6), (9, 10), (11, 12), (13, 14)]
Set recompilation to False
Got pairs set [(10, 11), (5, 6), (3, 11), (5, 13), (8, 9), (4, 12), (6, 14), (1, 2), (6, 7), (7, 15), (12, 13), (4, 5), (2, 10), (9, 10), (2, 3), (1, 9), (14, 15), (0, 8), (11, 12), (0, 1), (13, 14), (3, 4)]
---Starting to do calibration: delta 3.656812104
---Starting to set up measurements: delta 0.9001156439999995
---Starting to run VQE: delta 2.1658262290000003
No optimisation, save file is experiments/4x2_single_U_4_nocc_2_d_1-0915-225300/2x4/processed/processed.json
Given params: [[[[[0.295, 0.76, 0.672, 0.638]]], [[[-0.295, -0.76, -0.672, -0.638]]], [[[0, 0.76, 0.672, 0.638]]], [[[0, -0.76, -0.672, -0.638]]]]]
---Preparing executables
---Running executables, 16 in batch, delta=7.785025525000002
---Extracting values delta=2.284699775
---Extracted values delta=74.774628302
===-2.90788110017843 -3.288429999331182 -3.012444874102429 -3.1419567574320006 1631742872.3424902
Computed energies [-3.0981555497548063], params [[[[0.295, 0.76, 0.672, 0.638]]], [[[-0.295, -0.76, -0.672, -0.638]]], [[[0, 0.76, 0.672, 0.638]]], [[[0, -0.76, -0.672, -0.638]]]]
***-3.0981555497548063 1631742872.34417
---VQE complete: delta 84.851300052
---Starting TFLO
Using saved points
Using params [[[0, 0, 0, 0]], [[0, 5.49779, 0, 1.5708]], [[0, 3.92699, 0.785398, 2.35619]], [[0, 3.14159, 1.5708, 2.35619]], [[0, 1.5708, 3.14159, 1.5708]], [[0, 2.35619, 0.785398, 3.92699]], [[0, 0.785398, 4.71239, 2.35619]], [[0, 0.785398, 2.35619, 3.14159]], [[0, 2.35619, 5.49779, 4.71239]], [[0, 5.49779, 1.5708, 4.71239]], [[0, 2.35619, 3.92699, 3.14159]], [[0, 3.92699, 4.71239, 4.71239]], [[0, 5.49779, 3.14159, 3.92699]], [[0, 3.14159, 3.92699, 3.92699]], [[0, 3.92699, 2.35619, 5.49779]], [[0, 3.92699, 3.92699, 5.49779]], [[0, 0.76, 0.672, 0.638]], [[0.295, 0.76, 0.672, 0.638]], [[0, 0, 0, 0]], [[0, -5.49779, 0, -1.5708]], [[0, -3.92699, -0.785398, -2.35619]], [[0, -3.14159, -1.5708, -2.35619]], [[0, -1.5708, -3.14159, -1.5708]], [[0, -2.35619, -0.785398, -3.92699]], [[0, -0.785398, -4.71239, -2.35619]], [[0, -0.785398, -2.35619, -3.14159]], [[0, -2.35619, -5.49779, -4.71239]], [[0, -5.49779, -1.5708, -4.71239]], [[0, -2.35619, -3.92699, -3.14159]], [[0, -3.92699, -4.71239, -4.71239]], [[0, -5.49779, -3.14159, -3.92699]], [[0, -3.14159, -3.92699, -3.92699]], [[0, -3.92699, -2.35619, -5.49779]], [[0, -3.92699, -3.92699, -5.49779]], [[0, -0.76, -0.672, -0.638]], [[-0.295, -0.76, -0.672, -0.638]]]
---Preparing executables
---Running executables, 144 in batch, delta=71.506216467
---Extracting values delta=9.202575792999994
---Extracted values delta=137.37043780499997
---Time for noisy calculation: 218.106771498
***TFLON: -3.23602004277181,-3.0020812648564434,-2.4300807156524913,-1.8359552380260804,-1.8313580969243979,-1.3158310739019425,-1.7603651879930544,-1.1718250313082088,-0.5953557206188482,0.13234337632667958,0.20984041899638242,0.41610403558097653,0.8805254088012373,0.9582914796171045,2.1103086221823526,2.1107093107212807,-2.9592362770407714,-2.9366018140002197,-3.2180222036057606,-2.586019749578759,-2.184612480919557,-2.2161147496267084,-1.82333032360119,-1.0153423461695146,-0.9667466120257177,0.0029488007352654333,-0.3108365364395865,0.4208967014203174,0.12082039068715592,1.0744758252061193,1.522463679581352,1.2152393341645205,2.112838941507428,2.4117128062377526,-3.1874917486582692,-3.304766992074478 1631743093.289192
Noisy energies by type: {'onsite0': array([0.55426357, 0.59599109, 0.5080587 , 0.56794514, 0.6245914 ,
       0.71632807, 0.53536052, 0.44390481, 0.61658626, 0.61109821,
       0.80835906, 0.59128942, 0.72860412, 0.6394052 , 0.48835125,
       0.54647256, 0.63029688, 0.44553377, 0.54795868, 0.58882762,
       0.76112186, 0.61464355, 0.60268977, 0.60968379, 0.66713385,
       0.57889823, 0.43470149, 0.5395733 , 0.58439201, 0.56301748,
       0.47372045, 0.6544065 , 0.62354584, 0.59807828, 0.51147865,
       0.44090056]), 'horiz0': array([-1.51283394, -1.48423927, -1.12432432, -0.75594493, -1.09956204,
       -1.02720284, -1.1886547 , -0.33333333, -1.10746345, -0.04870546,
       -0.31645237, -0.51402097,  0.35598536,  0.0628082 ,  1.08594115,
        0.7810092 , -1.44419994, -1.30496454, -1.48728383, -1.44586313,
       -1.28582616, -1.00604064, -1.03150583, -1.03513514, -1.10810811,
        0.04309697, -1.0629648 , -0.08410513, -0.31186613, -0.21500122,
        0.71173157,  0.20250575,  0.94644204,  0.92862328, -1.43281209,
       -1.46473684]), 'vert02': array([-1.11185309, -0.98867279, -0.58074176, -0.49517766, -0.73860968,
       -0.14971821, -0.80899133, -0.47895363, -0.19673962, -0.02314707,
       -0.40073445, -0.06316916, -0.18807978, -0.09777677,  0.40447898,
        0.20876511, -1.15019861, -1.11439732, -1.16916686, -0.93551986,
       -0.76471963, -0.7731569 , -0.63494687, -0.26257786, -0.4497992 ,
       -0.2224045 , -0.05851308,  0.22027245, -0.28630994,  0.12856134,
        0.15026954, -0.0394862 ,  0.40282931,  0.42627599, -0.98264642,
       -1.01742081]), 'vert12': array([-1.16559658, -1.1251603 , -1.23307332, -1.15277778, -0.61777778,
       -0.8552381 , -0.29807968, -0.80344288,  0.09226109, -0.40690231,
        0.11866818,  0.40200475, -0.0159843 ,  0.35385484,  0.13153724,
        0.57446244, -0.99513461, -0.96277372, -1.1095302 , -0.79346439,
       -0.89518856, -1.05156076, -0.75956739, -0.32731314, -0.07597315,
       -0.39664189,  0.37593985, -0.25484392,  0.13460444,  0.59789823,
        0.18674212,  0.39781329,  0.14002175,  0.45873526, -1.28351189,
       -1.2635099 ])}
Using saved exact energies
Data collected can be found at experiments/4x2_single_U_4_nocc_2_d_1-0915-225300/2x4
