{'theta': True, 'zeta': True, 'chi': False, 'gamma': True, 'phi': True, 'time': None}
{'theta': False, 'zeta': False, 'chi': False, 'gamma': False, 'phi': False, 'time': None}
Start at: (3, 2), with dr
Using qubits [cirq.GridQubit(3, 2), cirq.GridQubit(4, 2), cirq.GridQubit(4, 3), cirq.GridQubit(5, 3), cirq.GridQubit(5, 4), cirq.GridQubit(6, 4), cirq.GridQubit(6, 5), cirq.GridQubit(7, 5), cirq.GridQubit(4, 1), cirq.GridQubit(5, 1), cirq.GridQubit(5, 2), cirq.GridQubit(6, 2), cirq.GridQubit(6, 3), cirq.GridQubit(7, 3), cirq.GridQubit(7, 4), cirq.GridQubit(8, 4)]
Using qubits, JW:[cirq.GridQubit(3, 2), cirq.GridQubit(4, 2), cirq.GridQubit(4, 3), cirq.GridQubit(5, 3), cirq.GridQubit(5, 4), cirq.GridQubit(6, 4), cirq.GridQubit(6, 5), cirq.GridQubit(7, 5), cirq.GridQubit(4, 1), cirq.GridQubit(5, 1), cirq.GridQubit(5, 2), cirq.GridQubit(6, 2), cirq.GridQubit(6, 3), cirq.GridQubit(7, 3), cirq.GridQubit(7, 4), cirq.GridQubit(8, 4)]
Meas types ['onsite0', 'horiz0', 'vert02', 'vert12']
Prepped onsite, pairs=[(0, 8), (1, 9), (2, 10), (3, 11), (4, 12), (5, 13), (6, 14), (7, 15)]
Prepped horiz, pairs=[(0, 1), (2, 3), (4, 5), (6, 7), (8, 9), (10, 11), (12, 13), (14, 15)]
Prepped vert0, pairs=[(1, 2), (3, 4), (5, 6), (9, 10), (11, 12), (13, 14)]
Prepped vert1, pairs=[(1, 2), (3, 4), (5, 6), (9, 10), (11, 12), (13, 14)]
Set recompilation to False
Got pairs set [(3, 4), (4, 12), (12, 13), (5, 13), (8, 9), (0, 8), (1, 9), (13, 14), (6, 14), (4, 5), (5, 6), (14, 15), (0, 1), (9, 10), (10, 11), (1, 2), (2, 10), (6, 7), (7, 15), (3, 11), (2, 3), (11, 12)]
---Starting to do calibration: delta 0.11011107399963294
---Starting to set up measurements: delta 0.8461686529999497
---Starting to run VQE: delta 2.1700308220001716
No optimisation, save file is experiments/47f12620faef4159878680ca015925fa-1211-223648/2x4/processed/processed.json
parameters.json
Given params: [[[[[0.325, 0.536, 0.575, 0.566]]], [[[-0.325, -0.536, -0.575, -0.566]]], [[[0, 0.536, 0.575, 0.566]]], [[[0, -0.536, -0.575, -0.566]]]]]
---Preparing executables
---Running executables, 16 in batch, delta=7.15374012600023
---Extracting values delta=32.39488693600015
---Extracted values delta=5.6607616879996385
===19.24298 19.233600000000003 19.375600000000002 19.37947 1639262257.174562
Computed energies [19.23829], params [[[[0.325, 0.536, 0.575, 0.566]]], [[[-0.325, -0.536, -0.575, -0.566]]], [[[0, 0.536, 0.575, 0.566]]], [[[0, -0.536, -0.575, -0.566]]]]
***19.23829 1639262257.1759171
---VQE complete: delta 45.21857643900012
---Starting TFLO
Using saved points
Using params [[[0, 1.5708, 0, 0]], [[0, 4.71239, 0, 1.5708]], [[0, 5.49779, 0.785398, 2.35619]], [[0, 3.92699, 1.5708, 2.35619]], [[0, 2.35619, 3.14159, 1.5708]], [[0, 2.35619, 0.785398, 3.92699]], [[0, 0, 4.71239, 2.35619]], [[0, 2.35619, 2.35619, 3.14159]], [[0, 5.49779, 5.49779, 4.71239]], [[0, 0, 1.5708, 4.71239]], [[0, 1.5708, 3.92699, 3.14159]], [[0, 1.5708, 4.71239, 4.71239]], [[0, 0, 3.14159, 3.92699]], [[0, 5.49779, 3.92699, 3.92699]], [[0, 3.92699, 2.35619, 5.49779]], [[0, 0, 3.92699, 5.49779]], [[0, 0.536, 0.575, 0.566]], [[0.325, 0.536, 0.575, 0.566]], [[0, -1.5708, 0, 0]], [[0, -4.71239, 0, -1.5708]], [[0, -5.49779, -0.785398, -2.35619]], [[0, -3.92699, -1.5708, -2.35619]], [[0, -2.35619, -3.14159, -1.5708]], [[0, -2.35619, -0.785398, -3.92699]], [[0, 0, -4.71239, -2.35619]], [[0, -2.35619, -2.35619, -3.14159]], [[0, -5.49779, -5.49779, -4.71239]], [[0, 0, -1.5708, -4.71239]], [[0, -1.5708, -3.92699, -3.14159]], [[0, -1.5708, -4.71239, -4.71239]], [[0, 0, -3.14159, -3.92699]], [[0, -5.49779, -3.92699, -3.92699]], [[0, -3.92699, -2.35619, -5.49779]], [[0, 0, -3.92699, -5.49779]], [[0, -0.536, -0.575, -0.566]], [[-0.325, -0.536, -0.575, -0.566]]]
---Preparing executables
---Running executables, 144 in batch, delta=61.21874745499963
---Extracting values delta=148.61811802600005
---Extracted values delta=10.25977608300036
---Time for noisy calculation: 220.1226365990001
***TFLON: 19.3506,19.8716,20.335350000000005,20.744549999999997,21.37495,21.911999999999995,22.448549999999997,22.964850000000002,23.461499999999997,23.941099999999995,24.4348,25.216300000000004,25.495399999999997,25.6722,26.55085,27.1213,19.387199999999996,19.235199999999995,19.358949999999997,19.917900000000003,20.3243,20.773600000000005,21.36525,21.932199999999998,22.43765,22.95365,23.4213,23.942849999999996,24.40285,25.2148,25.5287,25.6983,26.534299999999998,27.1228,19.36245,19.254299999999997 1639262480.457016
Noisy energies by type: {'onsite0': array([24.5884, 24.594 , 24.7316, 24.668 , 24.5968, 24.725 , 24.6814,
       24.55  , 24.5536, 24.6016, 24.769 , 24.6142, 24.6052, 24.725 ,
       24.5278, 24.6052, 24.6018, 24.3726, 24.6016, 24.6118, 24.7266,
       24.6816, 24.5908, 24.7252, 24.6724, 24.5428, 24.5216, 24.6256,
       24.745 , 24.6042, 24.6244, 24.7342, 24.5172, 24.6134, 24.5848,
       24.3996]), 'horiz0': array([-2.    , -2.    , -1.8163, -1.4009, -1.3981, -1.5988, -1.3796,
       -0.281 , -1.4999, -0.3002, -0.2792, -0.3098,  0.7689,  0.3526,
        1.2846,  1.2998, -1.9949, -1.9586, -2.    , -2.    , -1.825 ,
       -1.3923, -1.4118, -1.5849, -1.3716, -0.2881, -1.5008, -0.3013,
       -0.2987, -0.2892,  0.7662,  0.3722,  1.2857,  1.274 , -1.9935,
       -1.9633]), 'vert02': array([-1.61615e+00, -1.36240e+00, -9.96950e-01, -8.47950e-01,
       -9.12550e-01, -3.05550e-01, -8.33950e-01, -3.31150e-01,
        1.15000e-03,  1.27850e-01, -3.47650e-01,  1.32100e-01,
        5.75500e-02,  4.55000e-03,  4.91350e-01,  4.80750e-01,
       -1.54160e+00, -1.52305e+00, -1.62075e+00, -1.34235e+00,
       -9.92350e-01, -8.40450e-01, -9.07000e-01, -3.05750e-01,
       -8.53250e-01, -3.29750e-01, -2.61500e-02,  1.32450e-01,
       -3.37750e-01,  1.31050e-01,  6.71000e-02,  4.60000e-03,
        4.79850e-01,  5.02650e-01, -1.55185e+00, -1.51995e+00]), 'vert12': array([-1.62165, -1.36   , -1.583  , -1.6746 , -0.9112 , -0.90865,
       -0.0193 , -0.973  ,  0.40665, -0.48815,  0.29265,  0.7798 ,
        0.06375,  0.59005,  0.2471 ,  0.73555, -1.6781 , -1.65575,
       -1.6219 , -1.35155, -1.58495, -1.67525, -0.90675, -0.90235,
       -0.0099 , -0.9713 ,  0.42665, -0.5139 ,  0.2943 ,  0.76875,
        0.071  ,  0.5873 ,  0.25155,  0.73275, -1.677  , -1.66205])}
Using saved exact energies
Data collected can be found at experiments/47f12620faef4159878680ca015925fa-1211-223648/2x4
Getting settings from paper_data/4x2_U4_d1/single/4x2_single_U_4_nocc_15_d_1-0915-224739/2x4/settings.json
{'theta': True, 'zeta': True, 'chi': False, 'gamma': True, 'phi': True, 'time': None}
{'theta': False, 'zeta': False, 'chi': False, 'gamma': False, 'phi': False, 'time': None}
Start at: (3, 2), with dr
Using qubits [cirq.GridQubit(3, 2), cirq.GridQubit(4, 2), cirq.GridQubit(4, 3), cirq.GridQubit(5, 3), cirq.GridQubit(5, 4), cirq.GridQubit(6, 4), cirq.GridQubit(6, 5), cirq.GridQubit(7, 5), cirq.GridQubit(4, 1), cirq.GridQubit(5, 1), cirq.GridQubit(5, 2), cirq.GridQubit(6, 2), cirq.GridQubit(6, 3), cirq.GridQubit(7, 3), cirq.GridQubit(7, 4), cirq.GridQubit(8, 4)]
Using qubits, JW:[cirq.GridQubit(3, 2), cirq.GridQubit(4, 2), cirq.GridQubit(4, 3), cirq.GridQubit(5, 3), cirq.GridQubit(5, 4), cirq.GridQubit(6, 4), cirq.GridQubit(6, 5), cirq.GridQubit(7, 5), cirq.GridQubit(4, 1), cirq.GridQubit(5, 1), cirq.GridQubit(5, 2), cirq.GridQubit(6, 2), cirq.GridQubit(6, 3), cirq.GridQubit(7, 3), cirq.GridQubit(7, 4), cirq.GridQubit(8, 4)]
Meas types ['onsite0', 'horiz0', 'vert02', 'vert12']
Prepped onsite, pairs=[(0, 8), (1, 9), (2, 10), (3, 11), (4, 12), (5, 13), (6, 14), (7, 15)]
Prepped horiz, pairs=[(0, 1), (2, 3), (4, 5), (6, 7), (8, 9), (10, 11), (12, 13), (14, 15)]
Prepped vert0, pairs=[(1, 2), (3, 4), (5, 6), (9, 10), (11, 12), (13, 14)]
Prepped vert1, pairs=[(1, 2), (3, 4), (5, 6), (9, 10), (11, 12), (13, 14)]
Set recompilation to False
Got pairs set [(3, 4), (4, 12), (12, 13), (5, 13), (8, 9), (0, 8), (1, 9), (13, 14), (6, 14), (4, 5), (5, 6), (14, 15), (0, 1), (9, 10), (10, 11), (1, 2), (2, 10), (6, 7), (7, 15), (3, 11), (2, 3), (11, 12)]
---Starting to do calibration: delta 0.09318427700009124
---Starting to set up measurements: delta 0.8444365149998703
---Starting to run VQE: delta 2.016830857000059
No optimisation, save file is experiments/86b66cb854574e64b99de65b4503234c-1211-224120/2x4/processed/processed.json
parameters.json
Given params: [[[[[0.924, 0.94, 0.926, 0.832]]], [[[-0.924, -0.94, -0.926, -0.832]]], [[[0, 0.94, 0.926, 0.832]]], [[[0, -0.94, -0.926, -0.832]]]]]
---Preparing executables
---Running executables, 16 in batch, delta=6.953461215000061
---Extracting values delta=31.111222377000104
---Extracted values delta=5.563704038000196
===25.419580000000003 25.420990000000003 25.41966 25.419079999999997 1639262527.111684
Computed energies [25.420285000000003], params [[[[0.924, 0.94, 0.926, 0.832]]], [[[-0.924, -0.94, -0.926, -0.832]]], [[[0, 0.94, 0.926, 0.832]]], [[[0, -0.94, -0.926, -0.832]]]]
***25.420285000000003 1639262527.1132789
---VQE complete: delta 43.63713010499987
---Starting TFLO
Using saved points
Using params [[[0, 0.785398, 0, 0]], [[0, 0.785398, 0, 1.5708]], [[0, 5.49779, 4.71239, 0.785398]], [[0, 0.785398, 0.785398, 3.14159]], [[0, 5.49779, 3.14159, 1.5708]], [[0, 2.35619, 0, 3.92699]], [[0, 5.49779, 0, 4.71239]], [[0, 1.5708, 5.49779, 3.92699]], [[0, 3.92699, 4.71239, 3.14159]], [[0, 2.35619, 1.5708, 4.71239]], [[0, 3.92699, 4.71239, 3.92699]], [[0, 5.49779, 1.5708, 5.49779]], [[0, 5.49779, 3.14159, 3.92699]], [[0, 2.35619, 2.35619, 4.71239]], [[0, 3.92699, 3.92699, 4.71239]], [[0, 3.14159, 3.92699, 5.49779]], [[0, 0.94, 0.926, 0.832]], [[0.924, 0.94, 0.926, 0.832]], [[0, -0.785398, 0, 0]], [[0, -0.785398, 0, -1.5708]], [[0, -5.49779, -4.71239, -0.785398]], [[0, -0.785398, -0.785398, -3.14159]], [[0, -5.49779, -3.14159, -1.5708]], [[0, -2.35619, 0, -3.92699]], [[0, -5.49779, 0, -4.71239]], [[0, -1.5708, -5.49779, -3.92699]], [[0, -3.92699, -4.71239, -3.14159]], [[0, -2.35619, -1.5708, -4.71239]], [[0, -3.92699, -4.71239, -3.92699]], [[0, -5.49779, -1.5708, -5.49779]], [[0, -5.49779, -3.14159, -3.92699]], [[0, -2.35619, -2.35619, -4.71239]], [[0, -3.92699, -3.92699, -4.71239]], [[0, -3.14159, -3.92699, -5.49779]], [[0, -0.94, -0.926, -0.832]], [[-0.924, -0.94, -0.926, -0.832]]]
---Preparing executables
---Running executables, 144 in batch, delta=57.84672766099993
---Extracting values delta=137.43468997299988
---Extracted values delta=10.224282719000257
---Time for noisy calculation: 205.53184942400003
***TFLON: 25.3802,25.6432,25.885949999999998,26.165149999999997,26.386699999999998,26.60865,26.900949999999998,27.173949999999998,27.43875,27.67655,27.93855,28.10655,28.443150000000003,28.5287,28.95825,29.25135,25.42315,25.4171,25.383250000000004,25.645749999999996,25.8834,26.175699999999996,26.395149999999997,26.61665,26.921950000000002,27.182550000000003,27.4355,27.676950000000005,27.930649999999996,28.101599999999998,28.44915,28.49105,28.972550000000005,29.246149999999997,25.42165,25.41965 1639262735.8334742
Noisy energies by type: {'onsite0': array([28., 28., 28., 28., 28., 28., 28., 28., 28., 28., 28., 28., 28.,
       28., 28., 28., 28., 28., 28., 28., 28., 28., 28., 28., 28., 28.,
       28., 28., 28., 28., 28., 28., 28., 28., 28., 28.]), 'horiz0': array([-1.    , -1.    , -0.961 , -0.8488, -0.7047, -1.    , -1.    ,
       -0.7896, -0.5045, -0.1382, -0.3129, -0.0378,  0.3826,  0.4595,
        0.4635,  0.6484, -0.9815, -0.9824, -1.    , -1.    , -0.9617,
       -0.8551, -0.7081, -1.    , -1.    , -0.7945, -0.5037, -0.1604,
       -0.3124, -0.0422,  0.3786,  0.443 ,  0.4613,  0.639 , -0.9838,
       -0.9852]), 'vert02': array([-0.8133 , -0.67765, -0.6643 , -0.338  , -0.44665, -0.1935 ,
       -0.05355, -0.1705 , -0.2485 ,  0.06985, -0.0773 ,  0.162  ,
        0.03365,  0.14645,  0.13585,  0.24715, -0.72525, -0.72965,
       -0.8056 , -0.6766 , -0.65665, -0.33485, -0.45295, -0.1982 ,
       -0.03455, -0.1547 , -0.2545 ,  0.0793 , -0.09085,  0.15895,
        0.03515,  0.1361 ,  0.14465,  0.242  , -0.7282 , -0.72435]), 'vert12': array([-0.8065 , -0.67915, -0.48875, -0.64805, -0.46195, -0.19785,
       -0.0455 ,  0.13405,  0.19175, -0.2551 ,  0.32875, -0.01765,
        0.0269 , -0.07725,  0.3589 ,  0.3558 , -0.8701 , -0.87085,
       -0.81115, -0.67765, -0.49825, -0.63435, -0.4438 , -0.18515,
       -0.0435 ,  0.13175,  0.1937 , -0.24195,  0.3339 , -0.01515,
        0.0354 , -0.08805,  0.3666 ,  0.36515, -0.86635, -0.8708 ])}
Using saved exact energies
Data collected can be found at experiments/86b66cb854574e64b99de65b4503234c-1211-224120/2x4
