{'theta': True, 'zeta': True, 'chi': False, 'gamma': True, 'phi': True, 'time': None}
{'theta': False, 'zeta': False, 'chi': False, 'gamma': False, 'phi': False, 'time': None}
                  (3, 2)
                  │
                  │
         (4, 1)───(4, 2)───(4, 3)
         │        │        │
         │        │        │
(5, 0)───(5, 1)───(5, 2)───(5, 3)───(5, 4)
         │        │        │        │
         │        │        │        │
         (6, 1)───(6, 2)───(6, 3)───(6, 4)───(6, 5)
                  │        │        │        │
                  │        │        │        │
                  (7, 2)───(7, 3)───(7, 4)───(7, 5)───(7, 6)
                           │        │        │
                           │        │        │
                           (8, 3)───(8, 4)───(8, 5)
                                    │
                                    │
                                    (9, 4)
Start at: (3, 2), with dr
Using qubits [cirq.GridQubit(3, 2), cirq.GridQubit(4, 2), cirq.GridQubit(4, 3), cirq.GridQubit(5, 3), cirq.GridQubit(5, 4), cirq.GridQubit(6, 4), cirq.GridQubit(6, 5), cirq.GridQubit(7, 5), cirq.GridQubit(4, 1), cirq.GridQubit(5, 1), cirq.GridQubit(5, 2), cirq.GridQubit(6, 2), cirq.GridQubit(6, 3), cirq.GridQubit(7, 3), cirq.GridQubit(7, 4), cirq.GridQubit(8, 4)]
Using qubits, JW:[cirq.GridQubit(3, 2), cirq.GridQubit(4, 2), cirq.GridQubit(4, 3), cirq.GridQubit(5, 3), cirq.GridQubit(5, 4), cirq.GridQubit(6, 4), cirq.GridQubit(6, 5), cirq.GridQubit(7, 5), cirq.GridQubit(4, 1), cirq.GridQubit(5, 1), cirq.GridQubit(5, 2), cirq.GridQubit(6, 2), cirq.GridQubit(6, 3), cirq.GridQubit(7, 3), cirq.GridQubit(7, 4), cirq.GridQubit(8, 4)]
                  [31m(3, 2)[0m
                  │
                  │
         [35m(4, 1)[0m───[31m(4, 2)[0m───[31m(4, 3)[0m
         │        │        │
         │        │        │
(5, 0)───[35m(5, 1)[0m───[35m(5, 2)[0m───[31m(5, 3)[0m───[31m(5, 4)[0m
         │        │        │        │
         │        │        │        │
         (6, 1)───[35m(6, 2)[0m───[35m(6, 3)[0m───[31m(6, 4)[0m───[31m(6, 5)[0m
                  │        │        │        │
                  │        │        │        │
                  (7, 2)───[35m(7, 3)[0m───[35m(7, 4)[0m───[31m(7, 5)[0m───(7, 6)
                           │        │        │
                           │        │        │
                           (8, 3)───[35m(8, 4)[0m───(8, 5)
                                    │
                                    │
                                    (9, 4)
None
Meas types ['onsite0', 'horiz0', 'vert02', 'vert12']
Prepped onsite, pairs=[(0, 8), (1, 9), (2, 10), (3, 11), (4, 12), (5, 13), (6, 14), (7, 15)]
Prepped horiz, pairs=[(0, 1), (2, 3), (4, 5), (6, 7), (8, 9), (10, 11), (12, 13), (14, 15)]
Prepped vert0, pairs=[(1, 2), (3, 4), (5, 6), (9, 10), (11, 12), (13, 14)]
Prepped vert1, pairs=[(1, 2), (3, 4), (5, 6), (9, 10), (11, 12), (13, 14)]
Set recompilation to False
Got pairs set [(3, 4), (4, 12), (12, 13), (5, 13), (8, 9), (0, 8), (1, 9), (13, 14), (6, 14), (4, 5), (5, 6), (14, 15), (0, 1), (9, 10), (10, 11), (1, 2), (2, 10), (6, 7), (7, 15), (3, 11), (2, 3), (11, 12)]
---Starting to do calibration: delta 2.2324626129993703
---Starting to set up measurements: delta 0.5146268120006425
opt deets: [1]
---Starting to run VQE: delta 0.040027815999565064
---Preparing executables
---Running executables, 24 in batch, delta=6.626923354999235
---Extracting values delta=2.9738227050002024
---Extracted values delta=31.188693554000565
Measured energies [-2.22665468 -3.23805576]
0 : current:  -2.7323552215163565  params:  [[0.73623426 1.26376574 0.73623426 0.73623426]]  grad:  [[ 2.00174363 -2.00174363  2.00174363  2.00174363]]  ak:  0.131767995173414
---Preparing executables
---Running executables, 24 in batch, delta=6.7418121570008225
---Extracting values delta=2.840197513000021
---Extracted values delta=30.15067396000086
Measured energies [-2.4905551 -3.7537138]
1 : current:  -3.1221344522612444  params:  [[0.39529179 0.92282327 0.39529179 1.07717673]]  grad:  [[ 3.30276826  3.30276826  3.30276826 -3.30276826]]  ak:  0.1032293042623224
---Preparing executables
---Running executables, 24 in batch, delta=6.767259305001062
---Extracting values delta=2.7480086060004396
---Extracted values delta=30.129766804999235
Measured energies [-3.49923551 -4.21310651]
2 : current:  -3.8561710142226504  params:  [[0.2473559  0.77488739 0.54322767 0.92924084]]  grad:  [[ 1.70405513  1.70405513 -1.70405513  1.70405513]]  ak:  0.08681402276010429
---Preparing executables
---Running executables, 24 in batch, delta=6.7727277020003385
---Extracting values delta=2.4175871689985797
---Extracted values delta=31.421751351999774
Measured energies [-3.97759181 -4.07811122]
3 : current:  -4.027851516442873  params:  [[0.29350738 0.82103887 0.58937914 0.88308937]]  grad:  [[-0.60804475 -0.60804475 -0.60804475  0.60804475]]  ak:  0.07590144658134437
---Preparing executables
---Running executables, 24 in batch, delta=6.916475937998257
---Extracting values delta=3.1314910569999483
---Extracted values delta=33.761691154999426
Measured energies [-3.69766619 -4.21529987]
4 : current:  -3.9564830301487883  params:  [[0.37531139 0.73923486 0.50757513 0.80128536]]  grad:  [[-1.2027951  1.2027951  1.2027951  1.2027951]]  ak:  0.06801159232896291
---Preparing executables
---Running executables, 24 in batch, delta=7.701547760001631
---Extracting values delta=2.976079067999308
---Extracted values delta=30.540523823001422
Measured energies [-4.03699892 -4.33266966]
5 : current:  -4.184834290903518  params:  [[0.39544709 0.75937056 0.48743943 0.78114966]]  grad:  [[-0.32485216 -0.32485216  0.32485216  0.32485216]]  ak:  0.06198419646431135
---Preparing executables
---Running executables, 24 in batch, delta=7.399767692999376
---Extracting values delta=2.2018093059996318
---Extracted values delta=31.12540074000026
Measured energies [-4.01732304 -4.2689737 ]
6 : current:  -4.143148368119647  params:  [[0.36902916 0.73295263 0.51385736 0.75473173]]  grad:  [[ 0.46187976  0.46187976 -0.46187976  0.46187976]]  ak:  0.05719654866019038
---Preparing executables
---Running executables, 24 in batch, delta=6.849738079999952
---Extracting values delta=2.161483355999735
---Extracted values delta=31.532227350999165
Measured energies [-3.97949993 -4.18283281]
7 : current:  -4.081166373840804  params:  [[0.42972648 0.67225531 0.57455468 0.69403441]]  grad:  [[-1.13918305  1.13918305 -1.13918305  1.13918305]]  ak:  0.05328144629241565
---Preparing executables
---Running executables, 24 in batch, delta=6.68807746299899
---Extracting values delta=1.8156273670010705
---Extracted values delta=30.50641657900087
Measured energies [-4.2116052  -4.36206338]
8 : current:  -4.286834286687858  params:  [[0.45153722 0.65044457 0.55274394 0.71584515]]  grad:  [[-0.43615456  0.43615456  0.43615456 -0.43615456]]  ak:  0.05000690723392863
---Preparing executables
---Running executables, 24 in batch, delta=6.712618111001575
---Extracting values delta=1.802611324001191
---Extracted values delta=30.237903795999955
Measured energies [-4.18237911 -4.49136243]
9 : current:  -4.336870767749142  params:  [[0.46262326 0.63935854 0.56382998 0.70475911]]  grad:  [[-0.23478192  0.23478192 -0.23478192  0.23478192]]  ak:  0.04721843613094821
---Preparing executables
---Running executables, 24 in batch, delta=6.814847433999603
---Extracting values delta=1.952450938999391
---Extracted values delta=30.764781930000026
Measured energies [-4.26808712 -4.44627477]
10 : current:  -4.357180944741703  params:  [[0.4708207  0.64755598 0.57202742 0.69656167]]  grad:  [[-0.18294286 -0.18294286 -0.18294286  0.18294286]]  ak:  0.044808755848694926
---Preparing executables
---Running executables, 24 in batch, delta=6.821294006000244
---Extracting values delta=3.2705636419996154
---Extracted values delta=30.651211923999654
Measured energies [-4.16508306 -4.44841365]
11 : current:  -4.306748354434527  params:  [[0.41082353 0.58755881 0.51203025 0.63656451]]  grad:  [[1.40505929 1.40505929 1.40505929 1.40505929]]  ak:  0.0427008084519461
---Preparing executables
---Running executables, 24 in batch, delta=6.696375589999661
---Extracting values delta=1.8663990069999272
---Extracted values delta=32.11322375300006
Measured energies [-4.13217424 -4.41329664]
12 : current:  -4.272735439980149  params:  [[0.4200521  0.59678738 0.52125882 0.62733594]]  grad:  [[-0.22598181 -0.22598181 -0.22598181  0.22598181]]  ak:  0.04083766650268662
---Preparing executables
---Running executables, 24 in batch, delta=6.5537230579993775
---Extracting values delta=2.086286301000655
---Extracted values delta=31.237415545001568
Measured energies [-4.26026432 -4.56518869]
13 : current:  -4.412726504056643  params:  [[0.43282266 0.58401682 0.53402938 0.61456538]]  grad:  [[-0.32597686  0.32597686 -0.32597686  0.32597686]]  ak:  0.03917626761548003
---Preparing executables
---Running executables, 24 in batch, delta=6.611149423000825
---Extracting values delta=2.3915986539996084
---Extracted values delta=30.64070470600018
Measured energies [-4.36526212 -4.50520287]
14 : current:  -4.435232495656637  params:  [[0.453366   0.60456016 0.51348604 0.59402204]]  grad:  [[-0.54515648 -0.54515648  0.54515648  0.54515648]]  ak:  0.03768337273895953
***-4.435232495656637 1631891655.7474208
---VQE complete: delta 605.3562463939998
Data collected can be found at experiments/4x2_spsa_zz_x_U_4_nocc_4_d_1-0917-160407/2x4
