{'theta': True, 'zeta': True, 'chi': False, 'gamma': True, 'phi': True, 'time': None}
{'theta': False, 'zeta': False, 'chi': False, 'gamma': False, 'phi': False, 'time': None}
                  (3, 2)
                  │
                  │
         (4, 1)───(4, 2)───(4, 3)
         │        │        │
         │        │        │
(5, 0)───(5, 1)───(5, 2)───(5, 3)───(5, 4)
         │        │        │        │
         │        │        │        │
         (6, 1)───(6, 2)───(6, 3)───(6, 4)───(6, 5)
                  │        │        │        │
                  │        │        │        │
                  (7, 2)───(7, 3)───(7, 4)───(7, 5)───(7, 6)
                           │        │        │
                           │        │        │
                           (8, 3)───(8, 4)───(8, 5)
                                    │
                                    │
                                    (9, 4)
Start at: (3, 2), with dr
Using qubits [cirq.GridQubit(3, 2), cirq.GridQubit(4, 2), cirq.GridQubit(4, 3), cirq.GridQubit(5, 3), cirq.GridQubit(5, 4), cirq.GridQubit(6, 4), cirq.GridQubit(6, 5), cirq.GridQubit(7, 5), cirq.GridQubit(4, 1), cirq.GridQubit(5, 1), cirq.GridQubit(5, 2), cirq.GridQubit(6, 2), cirq.GridQubit(6, 3), cirq.GridQubit(7, 3), cirq.GridQubit(7, 4), cirq.GridQubit(8, 4)]
Using qubits, JW:[cirq.GridQubit(3, 2), cirq.GridQubit(4, 2), cirq.GridQubit(4, 3), cirq.GridQubit(5, 3), cirq.GridQubit(5, 4), cirq.GridQubit(6, 4), cirq.GridQubit(6, 5), cirq.GridQubit(7, 5), cirq.GridQubit(4, 1), cirq.GridQubit(5, 1), cirq.GridQubit(5, 2), cirq.GridQubit(6, 2), cirq.GridQubit(6, 3), cirq.GridQubit(7, 3), cirq.GridQubit(7, 4), cirq.GridQubit(8, 4)]
                  [31m(3, 2)[0m
                  │
                  │
         [35m(4, 1)[0m───[31m(4, 2)[0m───[31m(4, 3)[0m
         │        │        │
         │        │        │
(5, 0)───[35m(5, 1)[0m───[35m(5, 2)[0m───[31m(5, 3)[0m───[31m(5, 4)[0m
         │        │        │        │
         │        │        │        │
         (6, 1)───[35m(6, 2)[0m───[35m(6, 3)[0m───[31m(6, 4)[0m───[31m(6, 5)[0m
                  │        │        │        │
                  │        │        │        │
                  (7, 2)───[35m(7, 3)[0m───[35m(7, 4)[0m───[31m(7, 5)[0m───(7, 6)
                           │        │        │
                           │        │        │
                           (8, 3)───[35m(8, 4)[0m───(8, 5)
                                    │
                                    │
                                    (9, 4)
None
Meas types ['onsite0', 'horiz0', 'horiz1']
Prepped onsite, pairs=[(0, 8), (1, 9), (2, 10), (3, 11), (4, 12), (5, 13), (6, 14), (7, 15)]
Prepped horiz, pairs=[(0, 1), (2, 3), (4, 5), (6, 7), (8, 9), (10, 11), (12, 13), (14, 15)]
Prepped horiz, pairs=[(1, 2), (3, 4), (5, 6), (9, 10), (11, 12), (13, 14)]
Set recompilation to False
Got pairs set [(10, 11), (5, 6), (3, 11), (5, 13), (8, 9), (4, 12), (6, 14), (1, 2), (6, 7), (7, 15), (12, 13), (4, 5), (2, 10), (9, 10), (2, 3), (1, 9), (14, 15), (0, 8), (11, 12), (0, 1), (13, 14), (3, 4)]
---Starting to do calibration: delta 4.117002241000001
---Starting to set up measurements: delta 1.5633399489999995
---Starting to run VQE: delta 4.159403452999998
No optimisation, save file is experiments/8x1_single_zz_x_U_8_nocc_13_d_1-0914-233504/8x1/processed/processed.json
Given params: [[[[[0.743, 0.544, 0.564]]], [[[-0.743, -0.544, -0.564]]], [[[0, 0.544, 0.564]]], [[[0, -0.544, -0.564]]]]]
---Preparing executables
---Running executables, 12 in batch, delta=9.692110971999998
---Extracting values delta=2.514766077000001
---Extracted values delta=52.09085474599999
===37.515945756544745 37.231155041569764 38.323366516547296 38.270165826669015 1631658978.8612921
Computed energies [37.37355039905725], params [[[[0.743, 0.544, 0.564]]], [[[-0.743, -0.544, -0.564]]], [[[0, 0.544, 0.564]]], [[[0, -0.544, -0.564]]]]
***37.37355039905725 1631658978.864083
---VQE complete: delta 64.31009349600001
---Starting TFLO
Using saved points
Using params [[[0, 0, 0]], [[0, 0, 0.785398]], [[0, 1.5708, 0.785398]], [[0, 5.49779, 0.785398]], [[0, 2.35619, 0.785398]], [[0, 4.71239, 0.785398]], [[0, 1.5708, 2.35619]], [[0, 0.785398, 3.14159]], [[0, 5.49779, 5.49779]], [[0, 0.785398, 3.92699]], [[0, 5.49779, 3.14159]], [[0, 1.5708, 5.49779]], [[0, 3.92699, 5.49779]], [[0, 3.92699, 4.71239]], [[0, 2.35619, 4.71239]], [[0, 3.92699, 3.92699]], [[0, 0.544, 0.564]], [[0.743, 0.544, 0.564]], [[0, 0, 0]], [[0, 0, -0.785398]], [[0, -1.5708, -0.785398]], [[0, -5.49779, -0.785398]], [[0, -2.35619, -0.785398]], [[0, -4.71239, -0.785398]], [[0, -1.5708, -2.35619]], [[0, -0.785398, -3.14159]], [[0, -5.49779, -5.49779]], [[0, -0.785398, -3.92699]], [[0, -5.49779, -3.14159]], [[0, -1.5708, -5.49779]], [[0, -3.92699, -5.49779]], [[0, -3.92699, -4.71239]], [[0, -2.35619, -4.71239]], [[0, -3.92699, -3.92699]], [[0, -0.544, -0.564]], [[-0.743, -0.544, -0.564]]]
---Preparing executables
---Running executables, 108 in batch, delta=50.15318875200002
---Extracting values delta=7.117652588999988
---Extracted values delta=101.869775001
---Time for noisy calculation: 159.15921376100002
***TFLON: 38.26540483062047,38.406819010315196,39.13319278775665,39.07502330008724,39.55801701018994,39.423181827244065,39.3828244726489,39.48649701463448,39.686318997486765,40.40889301990039,40.41907079538926,40.29694951818491,40.14485241090588,40.53916428019201,41.09544563365962,41.1392327348626,38.24340314025342,37.61109797468463,38.27345282455205,38.34150622038243,38.04597267300511,38.83517749172036,38.43731008417232,39.26916114950805,39.71090448128675,40.0557712670205,39.83454961072839,40.12214700534746,39.88656766865918,40.706702430286775,40.87723375530204,40.67599271490104,40.954746914321056,41.09618550733448,38.36811398099696,37.345239850767356 1631659140.785121
Noisy energies by type: {'onsite0': array([42.22185339, 42.32077503, 42.58753709, 42.59728507, 42.51603413,
       42.49929319, 41.95524557, 41.92491468, 42.14650206, 42.33676976,
       42.46831956, 41.88837463, 41.74369748, 41.90424077, 42.09450549,
       42.13551913, 42.09561528, 40.94306335, 42.25225718, 42.1145281 ,
       41.86046512, 42.01298701, 41.66375546, 41.89946038, 42.50358127,
       42.56831517, 42.30270844, 42.32101489, 41.97104501, 42.44547185,
       42.44078598, 42.0297217 , 41.96313618, 41.98678996, 42.40112202,
       41.17963598]), 'horiz0': array([-2.05720695, -2.02125215, -2.18386203, -1.6993007 , -2.0467581 ,
       -1.59593393, -1.34575443, -0.7504886 , -0.58317188, -0.25610115,
       -0.30864947, -0.30232558, -0.54646018, -0.31306306, -0.07745267,
        0.00728291, -2.07552674, -1.80726016, -2.05837425, -1.87851519,
       -2.34056523, -1.48837209, -2.1529278 , -1.34729136, -1.34334764,
       -0.71615591, -0.74986072, -0.44369645, -0.39555805, -0.33909702,
       -0.64232317, -0.36975551, -0.        , -0.02762103, -2.12603129,
       -2.1414248 ]), 'horiz1': array([-1.8992416 , -1.89270386, -1.27048228, -1.82296107, -0.91125901,
       -1.48017743, -1.22666667, -1.68792906, -1.87701118, -1.67177559,
       -1.74059929, -1.28909953, -1.05238489, -1.05201342, -0.92160719,
       -1.0035693 , -1.77668539, -1.52470522, -1.92043011, -1.8945067 ,
       -1.47392721, -1.68943743, -1.07351757, -1.28300787, -1.44932915,
       -1.796388  , -1.71829811, -1.75517144, -1.68891929, -1.3996724 ,
       -0.92122905, -0.98397347, -1.00838926, -0.86298343, -1.90697674,
       -1.69297133])}
Using saved exact energies
Data collected can be found at experiments/8x1_single_zz_x_U_8_nocc_13_d_1-0914-233504/8x1
