{'theta': True, 'zeta': True, 'chi': False, 'gamma': True, 'phi': True, 'time': None}
{'theta': False, 'zeta': False, 'chi': False, 'gamma': False, 'phi': False, 'time': None}
                  (3, 2)
                  │
                  │
         (4, 1)───(4, 2)───(4, 3)
         │        │        │
         │        │        │
(5, 0)───(5, 1)───(5, 2)───(5, 3)───(5, 4)
         │        │        │        │
         │        │        │        │
         (6, 1)───(6, 2)───(6, 3)───(6, 4)───(6, 5)
                  │        │        │        │
                  │        │        │        │
                  (7, 2)───(7, 3)───(7, 4)───(7, 5)───(7, 6)
                           │        │        │
                           │        │        │
                           (8, 3)───(8, 4)───(8, 5)
                                    │
                                    │
                                    (9, 4)
Start at: (3, 2), with dr
Using qubits [cirq.GridQubit(3, 2), cirq.GridQubit(4, 2), cirq.GridQubit(4, 3), cirq.GridQubit(5, 3), cirq.GridQubit(5, 4), cirq.GridQubit(6, 4), cirq.GridQubit(6, 5), cirq.GridQubit(7, 5), cirq.GridQubit(4, 1), cirq.GridQubit(5, 1), cirq.GridQubit(5, 2), cirq.GridQubit(6, 2), cirq.GridQubit(6, 3), cirq.GridQubit(7, 3), cirq.GridQubit(7, 4), cirq.GridQubit(8, 4)]
Using qubits, JW:[cirq.GridQubit(3, 2), cirq.GridQubit(4, 2), cirq.GridQubit(4, 3), cirq.GridQubit(5, 3), cirq.GridQubit(5, 4), cirq.GridQubit(6, 4), cirq.GridQubit(6, 5), cirq.GridQubit(7, 5), cirq.GridQubit(4, 1), cirq.GridQubit(5, 1), cirq.GridQubit(5, 2), cirq.GridQubit(6, 2), cirq.GridQubit(6, 3), cirq.GridQubit(7, 3), cirq.GridQubit(7, 4), cirq.GridQubit(8, 4)]
                  [31m(3, 2)[0m
                  │
                  │
         [35m(4, 1)[0m───[31m(4, 2)[0m───[31m(4, 3)[0m
         │        │        │
         │        │        │
(5, 0)───[35m(5, 1)[0m───[35m(5, 2)[0m───[31m(5, 3)[0m───[31m(5, 4)[0m
         │        │        │        │
         │        │        │        │
         (6, 1)───[35m(6, 2)[0m───[35m(6, 3)[0m───[31m(6, 4)[0m───[31m(6, 5)[0m
                  │        │        │        │
                  │        │        │        │
                  (7, 2)───[35m(7, 3)[0m───[35m(7, 4)[0m───[31m(7, 5)[0m───(7, 6)
                           │        │        │
                           │        │        │
                           (8, 3)───[35m(8, 4)[0m───(8, 5)
                                    │
                                    │
                                    (9, 4)
None
Meas types ['onsite0', 'horiz0', 'vert02', 'vert12']
Prepped onsite, pairs=[(0, 8), (1, 9), (2, 10), (3, 11), (4, 12), (5, 13), (6, 14), (7, 15)]
Prepped horiz, pairs=[(0, 1), (2, 3), (4, 5), (6, 7), (8, 9), (10, 11), (12, 13), (14, 15)]
Prepped vert0, pairs=[(1, 2), (3, 4), (5, 6), (9, 10), (11, 12), (13, 14)]
Prepped vert1, pairs=[(1, 2), (3, 4), (5, 6), (9, 10), (11, 12), (13, 14)]
Set recompilation to False
Got pairs set [(10, 11), (5, 6), (3, 11), (5, 13), (8, 9), (4, 12), (6, 14), (1, 2), (6, 7), (7, 15), (12, 13), (4, 5), (2, 10), (9, 10), (2, 3), (1, 9), (14, 15), (0, 8), (11, 12), (0, 1), (13, 14), (3, 4)]
---Starting to do calibration: delta 3.592219881
---Starting to set up measurements: delta 0.973436078999999
---Starting to run VQE: delta 2.328934284999999
No optimisation, save file is experiments/4x2_single_U_8_nocc_12_d_1-0919-222806/2x4/processed/processed.json
Given params: [[[[[0.723, 0.474, 0.549, 0.253]]], [[[-0.723, -0.474, -0.549, -0.253]]], [[[0, 0.474, 0.549, 0.253]]], [[[0, -0.474, -0.549, -0.253]]]]]
---Preparing executables
---Running executables, 16 in batch, delta=9.341109492000001
---Extracting values delta=2.6524132059999985
---Extracted values delta=74.06555809000001
===28.9522695377709 28.409732228773397 29.650236255895468 30.227712881982917 1632086979.881997
Computed energies [28.681000883272148], params [[[[0.723, 0.474, 0.549, 0.253]]], [[[-0.723, -0.474, -0.549, -0.253]]], [[[0, 0.474, 0.549, 0.253]]], [[[0, -0.474, -0.549, -0.253]]]]
***28.681000883272148 1632086979.883779
---VQE complete: delta 86.066466717
---Starting TFLO
Using saved points
Using params [[[0, 4.71239, 0, 0]], [[0, 0, 0, 1.5708]], [[0, 3.14159, 4.71239, 0.785398]], [[0, 1.5708, 0.785398, 3.14159]], [[0, 3.14159, 3.14159, 1.5708]], [[0, 0.785398, 0, 3.92699]], [[0, 0, 0, 4.71239]], [[0, 3.14159, 5.49779, 3.92699]], [[0, 1.5708, 4.71239, 3.14159]], [[0, 0, 1.5708, 4.71239]], [[0, 1.5708, 4.71239, 3.92699]], [[0, 3.14159, 1.5708, 5.49779]], [[0, 3.14159, 3.14159, 3.92699]], [[0, 5.49779, 2.35619, 4.71239]], [[0, 2.35619, 3.92699, 4.71239]], [[0, 5.49779, 3.92699, 5.49779]], [[0, 0.474, 0.549, 0.253]], [[0.723, 0.474, 0.549, 0.253]], [[0, -4.71239, 0, 0]], [[0, 0, 0, -1.5708]], [[0, -3.14159, -4.71239, -0.785398]], [[0, -1.5708, -0.785398, -3.14159]], [[0, -3.14159, -3.14159, -1.5708]], [[0, -0.785398, 0, -3.92699]], [[0, 0, 0, -4.71239]], [[0, -3.14159, -5.49779, -3.92699]], [[0, -1.5708, -4.71239, -3.14159]], [[0, 0, -1.5708, -4.71239]], [[0, -1.5708, -4.71239, -3.92699]], [[0, -3.14159, -1.5708, -5.49779]], [[0, -3.14159, -3.14159, -3.92699]], [[0, -5.49779, -2.35619, -4.71239]], [[0, -2.35619, -3.92699, -4.71239]], [[0, -5.49779, -3.92699, -5.49779]], [[0, -0.474, -0.549, -0.253]], [[-0.723, -0.474, -0.549, -0.253]]]
---Preparing executables
---Running executables, 144 in batch, delta=72.12748326699999
---Extracting values delta=8.611578460999993
---Extracted values delta=144.993518451
---Time for noisy calculation: 225.778143235
***TFLON: 29.919117114683644,30.777147790467513,31.08004338711174,32.66000008638519,32.456345113554676,33.08701834892469,34.56321532650229,34.96233593449702,35.87633608241415,36.55411509191599,37.234458015410546,38.205918462727034,38.56195489050892,38.75582326284593,40.33039941608523,41.315716926468426,29.68081824778295,29.059731495423033,29.749852974193647,30.52506769315464,31.54893871619945,32.65061854065231,32.889600727696035,34.21177269375183,34.45664319469283,34.87826707533869,35.9159741832655,36.54773403893972,37.260271676006695,37.92381959778076,38.603433839085874,38.56122290009096,39.68271935436288,40.78812251756347,30.36446128683033,28.58672924673442 1632087208.559734
Noisy energies by type: {'onsite0': array([35.98537095, 35.9449952 , 35.97210924, 36.3045067 , 35.93922341,
       35.65222448, 36.13752571, 36.06937731, 36.01806889, 36.05567071,
       36.10214742, 36.25954198, 35.95654536, 36.09879254, 36.4137931 ,
       36.36384309, 35.70142037, 33.87484355, 35.82834557, 35.93459119,
       36.09715142, 35.77522659, 35.94379391, 36.51968038, 35.99888112,
       35.84382284, 36.03997648, 35.94580571, 36.00122963, 35.99875583,
       36.05824666, 35.82873239, 35.66325917, 35.65893207, 36.20972355,
       34.24863686]), 'horiz0': array([-3.05202629, -2.86555787, -2.9273108 , -2.48087795, -2.09949956,
       -2.9161529 , -2.92816989, -2.46947244, -1.41877794, -0.45328032,
       -0.99444607, -0.0871177 ,  0.99823322,  1.14535246,  1.09738863,
        1.78956835, -2.9914078 , -2.36015831, -2.98929209, -2.99061662,
       -2.83288002, -2.35855263, -1.94425087, -2.84698413, -2.87831003,
       -2.38781665, -1.28417266, -0.59421671, -0.72513857, -0.15724323,
        1.06581598,  1.11708958,  1.32927654,  2.01518027, -2.90166205,
       -2.94578484]), 'vert02': array([-1.57548993, -1.37440334, -1.05161106, -0.05687058, -0.58997214,
        0.21171429,  0.63948372,  0.48461756,  0.2111445 ,  0.96646154,
        0.75034674,  1.15468707,  0.788     ,  1.07673403,  1.24844896,
        1.57757675, -1.56355527, -1.34851485, -1.47005988, -1.18393235,
       -0.97635561,  0.01590457, -0.56685958,  0.2502172 ,  0.64748409,
        0.48935558,  0.08522891,  1.02530222,  0.58126478,  1.13386066,
        0.74373508,  1.17541398,  1.09509569,  1.45771009, -1.48722204,
       -1.48549323]), 'vert12': array([-1.43873762, -0.92788621, -0.91314399, -1.10675808, -0.79340659,
        0.13923248,  0.71437579,  0.8778135 ,  1.06590064, -0.01473684,
        1.37640993,  0.87880711,  0.81917632,  0.43494424,  1.57076872,
        1.58472873, -1.46563905, -1.1064389 , -1.61914062, -1.23497453,
       -0.73897707, -0.78195999, -0.54308273,  0.28885924,  0.68858801,
        0.9329053 ,  1.07494145,  0.17084282,  1.40291584,  0.94844633,
        0.73563611,  0.43998695,  1.59508795,  1.6563001 , -1.45637817,
       -1.23062954])}
Using saved exact energies
Data collected can be found at experiments/4x2_single_U_8_nocc_12_d_1-0919-222806/2x4
