2021-09-14 07:14:41,107 - fhvqe.experiment:553 - DEBUG - number of moments preoptimization: 38
2021-09-14 07:14:41,113 - fhvqe.experiment:554 - DEBUG - depth preoptimization: 38
2021-09-14 07:14:41,178 - fhvqe.experiment:595 - DEBUG - number of moments post-optimization and calibration: 25
2021-09-14 07:14:41,182 - fhvqe.experiment:596 - DEBUG - depth post-optimization and calibration: 25
2021-09-14 07:14:41,192 - fhvqe.experiment:553 - DEBUG - number of moments preoptimization: 51
2021-09-14 07:14:41,200 - fhvqe.experiment:554 - DEBUG - depth preoptimization: 51
2021-09-14 07:14:41,271 - fhvqe.experiment:595 - DEBUG - number of moments post-optimization and calibration: 37
2021-09-14 07:14:41,277 - fhvqe.experiment:596 - DEBUG - depth post-optimization and calibration: 37
2021-09-14 07:14:41,291 - fhvqe.experiment:82 - DEBUG - Preparing analysis function for onsite
2021-09-14 07:14:41,291 - fhvqe.vqe_experiment:947 - DEBUG - Executables, measurement onsite0:
2021-09-14 07:14:41,311 - fhvqe.experiment:553 - DEBUG - number of moments preoptimization: 51
2021-09-14 07:14:41,319 - fhvqe.experiment:554 - DEBUG - depth preoptimization: 51
2021-09-14 07:14:41,390 - fhvqe.experiment:595 - DEBUG - number of moments post-optimization and calibration: 37
2021-09-14 07:14:41,396 - fhvqe.experiment:596 - DEBUG - depth post-optimization and calibration: 37
2021-09-14 07:14:41,453 - fhvqe.vqe_experiment:958 - DEBUG - Moment 0:
  ╷ 3 4
╶─┼─────
5 │ X X
  │
6 │ X X
  │
Moment 1:
  ╷ 3         4
╶─┼─────────────────────
6 │ iSwap^0.5 iSwap^0.5
  │ │         │
7 │ iSwap     iSwap
  │
Moment 2:
  ╷ 3                       4
╶─┼─────────────────────────────────────────────────
6 │ Rz(4.291854645100725)   Rz(4.291854645100725)
  │
7 │ Rz(-1.1502619915109313) Rz(-1.1502619915109313)
  │
Moment 3:
  ╷ 3         4
╶─┼─────────────────────
6 │ iSwap^0.5 iSwap^0.5
  │ │         │
7 │ iSwap     iSwap
  │
Moment 4:
  ╷ 3                 4
╶─┼─────────────────────────────────────
6 │ Z                 Z
  │
7 │ PhXZ(a=0,x=0,z=0) PhXZ(a=0,x=0,z=0)
  │
Moment 5:
  ╷ 3         4
╶─┼─────────────────────
5 │ iSwap^0.5 iSwap^0.5
  │ │         │
6 │ iSwap     iSwap
  │
7 │ iSwap^0.5 iSwap^0.5
  │ │         │
8 │ iSwap     iSwap
  │
Moment 6:
  ╷ 3                       4
╶─┼─────────────────────────────────────────────────
5 │ Rz(4.027669777382407)   Rz(4.027669777382407)
  │
6 │ Rz(-0.8860771237926137) Rz(-0.8860771237926137)
  │
7 │ Rz(4.027669777382407)   Rz(4.027669777382407)
  │
8 │ Rz(-0.8860771237926134) Rz(-0.8860771237926134)
  │
Moment 7:
  ╷ 3         4
╶─┼─────────────────────
5 │ iSwap^0.5 iSwap^0.5
  │ │         │
6 │ iSwap     iSwap
  │
7 │ iSwap^0.5 iSwap^0.5
  │ │         │
8 │ iSwap     iSwap
  │
Moment 8:
  ╷ 3                 4
╶─┼─────────────────────────────────────
5 │ Z                 Z
  │
6 │ PhXZ(a=0,x=0,z=0) PhXZ(a=0,x=0,z=0)
  │
7 │ Z                 Z
  │
8 │ PhXZ(a=0,x=0,z=0) PhXZ(a=0,x=0,z=0)
  │
Moment 9:
  ╷ 3         4
╶─┼─────────────────────
6 │ iSwap^0.5 iSwap^0.5
  │ │         │
7 │ iSwap     iSwap
  │
Moment 10:
  ╷ 3                       4
╶─┼─────────────────────────────────────────────────
6 │ Rz(3.562126988873758)   Rz(3.562126988873758)
  │
7 │ Rz(-0.4205343352839652) Rz(-0.4205343352839652)
  │
Moment 11:
  ╷ 3         4
╶─┼─────────────────────
6 │ iSwap^0.5 iSwap^0.5
  │ │         │
7 │ iSwap     iSwap
  │
Moment 12:
  ╷ 3                                                                        4
╶─┼────────────────────────────────────────────────────────────────────────────────────────────────────────────────────────────────────
5 │ PhXZ(a=0.07957747154594767,x=0.04010328141741558,z=0.9204225284540524)   PhXZ(a=0.07957747154594767,x=-0.5,z=-0.07957747154594767)
  │
6 │ PhXZ(a=-0.9204225284540524,x=0.04010328141741559,z=-0.07957747154594763) PhXZ(a=0.07957747154594763,x=0.5,z=0.9204225284540524)
  │
7 │ PhXZ(a=0.07957747154594763,x=0.04010328141741559,z=0.9204225284540524)   PhXZ(a=-0.9204225284540524,x=0.5,z=-0.07957747154594763)
  │
8 │ PhXZ(a=0.07957747154594767,x=0.04010328141741558,z=0.9204225284540524)   PhXZ(a=0.07957747154594767,x=-0.5,z=-0.07957747154594767)
  │
Moment 13:
  ╷ 3         4
╶─┼─────────────────
5 │ iSwap^0.5─iSwap
  │
6 │ iSwap^0.5─iSwap
  │
7 │ iSwap^0.5─iSwap
  │
8 │ iSwap^0.5─iSwap
  │
Moment 14:
  ╷ 3
╶─┼───────────────────────────────────────
5 │ PhXZ(a=1,x=-0.11283656610933077,z=-1)
  │
6 │ PhXZ(a=1,x=-0.11283656610933077,z=-1)
  │
7 │ PhXZ(a=1,x=-0.11283656610933077,z=-1)
  │
8 │ PhXZ(a=1,x=-0.11283656610933077,z=-1)
  │
Moment 15:
  ╷ 3         4
╶─┼─────────────────
5 │ iSwap^0.5─iSwap
  │
6 │ iSwap^0.5─iSwap
  │
7 │ iSwap^0.5─iSwap
  │
8 │ iSwap^0.5─iSwap
  │
Moment 16:
  ╷ 3                                       4
╶─┼──────────────────────────────────────────────────────────────────────────────────────
5 │ PhXZ(a=0,x=0.04010328141741559,z=-0.25) PhXZ(a=0,x=0.5,z=-0.25)
  │
6 │ PhXZ(a=0,x=0.04010328141741559,z=0.25)  PhXZ(a=-1.1102230246251565e-16,x=0.5,z=0.25)
  │
7 │ PhXZ(a=0,x=0.04010328141741559,z=-0.25) PhXZ(a=0,x=0.5,z=-0.25)
  │
8 │ PhXZ(a=0,x=0.04010328141741559,z=0.25)  PhXZ(a=-1.1102230246251565e-16,x=0.5,z=0.25)
  │
Moment 17:
  ╷ 3         4
╶─┼─────────────────────
5 │ iSwap^0.5 iSwap^0.5
  │ │         │
6 │ iSwap     iSwap
  │
7 │ iSwap^0.5 iSwap^0.5
  │ │         │
8 │ iSwap     iSwap
  │
Moment 18:
  ╷ 3                                                     4
╶─┼─────────────────────────────────────────────────────────────────────────────────────────────────────────────
5 │ PhXZ(a=-0.5795774715459476,x=0,z=-0.9204225284540524) PhXZ(a=-0.5795774715459476,x=0,z=-0.9204225284540524)
  │
6 │ Rz(-0.25)                                             Rz(-0.25)
  │
7 │ PhXZ(a=-0.5795774715459476,x=0,z=-0.9204225284540524) PhXZ(a=-0.5795774715459476,x=0,z=-0.9204225284540524)
  │
8 │ Rz(-0.25)                                             Rz(-0.25)
  │
Moment 19:
  ╷ 3         4
╶─┼─────────────────────
5 │ iSwap^0.5 iSwap^0.5
  │ │         │
6 │ iSwap     iSwap
  │
7 │ iSwap^0.5 iSwap^0.5
  │ │         │
8 │ iSwap     iSwap
  │
Moment 20:
  ╷ 3                                      4
╶─┼───────────────────────────────────────────────────────────────────────────────
5 │ PhXZ(a=-0.75,x=0,z=-0.75)              PhXZ(a=-0.75,x=0,z=-0.75)
  │
6 │ PhXZ(a=-1,x=0,z=-0.5)                  PhXZ(a=-1,x=0,z=-0.5)
  │
7 │ PhXZ(a=-1,x=0,z=-0.5)                  PhXZ(a=-1,x=0,z=-0.5)
  │
8 │ PhXZ(a=0.7499999999999998,x=0,z=-0.25) PhXZ(a=0.7499999999999998,x=0,z=-0.25)
  │
Moment 21:
  ╷ 3         4
╶─┼─────────────────────
6 │ iSwap^0.5 iSwap^0.5
  │ │         │
7 │ iSwap     iSwap
  │
Moment 22:
  ╷ 3                                                     4
╶─┼─────────────────────────────────────────────────────────────────────────────────────────────────────────────
6 │ PhXZ(a=-0.5795774715459476,x=0,z=-0.9204225284540524) PhXZ(a=-0.5795774715459476,x=0,z=-0.9204225284540524)
  │
7 │ Rz(-0.25)                                             Rz(-0.25)
  │
Moment 23:
  ╷ 3         4
╶─┼─────────────────────
6 │ iSwap^0.5 iSwap^0.5
  │ │         │
7 │ iSwap     iSwap
  │
Moment 24:
  ╷ 3                                                                      4
╶─┼──────────────────────────────────────────────────────────────────────────────────────────────────────────────────────────────────
5 │ PhXZ(a=0.07957747154594767,x=0.04010328141741558,z=0.9204225284540524) PhXZ(a=0.07957747154594767,x=-0.5,z=-0.07957747154594767)
  │
6 │ PhXZ(a=0.8295774715459476,x=0.04010328141741559,z=0.17042252845405237) PhXZ(a=-0.17042252845405237,x=0.5,z=-0.8295774715459476)
  │
7 │ PhXZ(a=0.32957747154594763,x=0.04010328141741559,z=0.6704225284540524) PhXZ(a=-0.6704225284540524,x=0.5,z=-0.32957747154594763)
  │
8 │ PhXZ(a=0.07957747154594767,x=0.04010328141741558,z=0.9204225284540524) PhXZ(a=0.07957747154594767,x=-0.5,z=-0.07957747154594767)
  │
Moment 25:
  ╷ 3         4
╶─┼─────────────────
5 │ iSwap^0.5─iSwap
  │
6 │ iSwap^0.5─iSwap
  │
7 │ iSwap^0.5─iSwap
  │
8 │ iSwap^0.5─iSwap
  │
Moment 26:
  ╷ 3
╶─┼───────────────────────────────────────
5 │ PhXZ(a=1,x=-0.11283656610933077,z=-1)
  │
6 │ PhXZ(a=1,x=-0.11283656610933077,z=-1)
  │
7 │ PhXZ(a=1,x=-0.11283656610933077,z=-1)
  │
8 │ PhXZ(a=1,x=-0.11283656610933077,z=-1)
  │
Moment 27:
  ╷ 3         4
╶─┼─────────────────
5 │ iSwap^0.5─iSwap
  │
6 │ iSwap^0.5─iSwap
  │
7 │ iSwap^0.5─iSwap
  │
8 │ iSwap^0.5─iSwap
  │
Moment 28:
  ╷ 3                                       4
╶─┼──────────────────────────────────────────────────────────────────────────────────────
5 │ PhXZ(a=0,x=0.04010328141741559,z=-0.25) PhXZ(a=0,x=0.5,z=-0.25)
  │
6 │ PhXZ(a=0,x=0.04010328141741559,z=0.25)  PhXZ(a=-1.1102230246251565e-16,x=0.5,z=0.25)
  │
7 │ PhXZ(a=0,x=0.04010328141741559,z=-0.25) PhXZ(a=0,x=0.5,z=-0.25)
  │
8 │ PhXZ(a=0,x=0.04010328141741559,z=0.25)  PhXZ(a=-1.1102230246251565e-16,x=0.5,z=0.25)
  │
Moment 29:
  ╷ 3         4
╶─┼─────────────────────
5 │ iSwap^0.5 iSwap^0.5
  │ │         │
6 │ iSwap     iSwap
  │
7 │ iSwap^0.5 iSwap^0.5
  │ │         │
8 │ iSwap     iSwap
  │
Moment 30:
  ╷ 3                                                     4
╶─┼─────────────────────────────────────────────────────────────────────────────────────────────────────────────
5 │ PhXZ(a=-0.5795774715459476,x=0,z=-0.9204225284540524) PhXZ(a=-0.5795774715459476,x=0,z=-0.9204225284540524)
  │
6 │ Rz(-0.25)                                             Rz(-0.25)
  │
7 │ PhXZ(a=-0.5795774715459476,x=0,z=-0.9204225284540524) PhXZ(a=-0.5795774715459476,x=0,z=-0.9204225284540524)
  │
8 │ Rz(-0.25)                                             Rz(-0.25)
  │
Moment 31:
  ╷ 3         4
╶─┼─────────────────────
5 │ iSwap^0.5 iSwap^0.5
  │ │         │
6 │ iSwap     iSwap
  │
7 │ iSwap^0.5 iSwap^0.5
  │ │         │
8 │ iSwap     iSwap
  │
Moment 32:
  ╷ 3                                      4
╶─┼───────────────────────────────────────────────────────────────────────────────
5 │ PhXZ(a=-0.75,x=0,z=-0.75)              PhXZ(a=-0.75,x=0,z=-0.75)
  │
6 │ PhXZ(a=-1,x=0,z=-0.5)                  PhXZ(a=-1,x=0,z=-0.5)
  │
7 │ PhXZ(a=-1,x=0,z=-0.5)                  PhXZ(a=-1,x=0,z=-0.5)
  │
8 │ PhXZ(a=0.7499999999999998,x=0,z=-0.25) PhXZ(a=0.7499999999999998,x=0,z=-0.25)
  │
Moment 33:
  ╷ 3         4
╶─┼─────────────────────
6 │ iSwap^0.5 iSwap^0.5
  │ │         │
7 │ iSwap     iSwap
  │
Moment 34:
  ╷ 3                                                     4
╶─┼─────────────────────────────────────────────────────────────────────────────────────────────────────────────
6 │ PhXZ(a=-0.5795774715459476,x=0,z=-0.9204225284540524) PhXZ(a=-0.5795774715459476,x=0,z=-0.9204225284540524)
  │
7 │ Rz(-0.25)                                             Rz(-0.25)
  │
Moment 35:
  ╷ 3         4
╶─┼─────────────────────
6 │ iSwap^0.5 iSwap^0.5
  │ │         │
7 │ iSwap     iSwap
  │
Moment 36:
  ╷ 3                                      4
╶─┼───────────────────────────────────────────────────────────────────────────────
6 │ PhXZ(a=-0.75,x=0,z=-0.75)              PhXZ(a=-0.75,x=0,z=-0.75)
  │
7 │ PhXZ(a=0.7499999999999998,x=0,z=-0.25) PhXZ(a=0.7499999999999998,x=0,z=-0.25)
  │
Moment 37:
  ╷ 3      4
╶─┼──────────
5 │ M('x')─M
  │ │      │
6 │ M      M
  │ │      │
7 │ M      M
  │ │      │
8 │ M      M
  │

2021-09-14 07:14:41,455 - fhvqe.experiment:82 - DEBUG - Preparing analysis function for horiz
2021-09-14 07:14:41,465 - fhvqe.vqe_experiment:940 - DEBUG - horiz0:
           ┌──────────────────┐                ┌──────────────────┐
(5, 3): ────iSwap─────────────────Rz(1.25π)─────iSwap─────────────────Z───────────────────
            │                                   │
(5, 4): ────┼────────iSwap────────Rz(1.25π)─────┼────────iSwap────────Z───────────────────
            │        │                          │        │
(6, 3): ────iSwap^0.5┼────────────Rz(-0.25π)────iSwap^0.5┼────────────PhXZ(a=0,x=0,z=0)───
                     │                                   │
(6, 4): ─────────────iSwap^0.5────Rz(-0.25π)─────────────iSwap^0.5────PhXZ(a=0,x=0,z=0)───

(7, 3): ────iSwap─────────────────Rz(1.25π)─────iSwap─────────────────Z───────────────────
            │                                   │
(7, 4): ────┼────────iSwap────────Rz(1.25π)─────┼────────iSwap────────Z───────────────────
            │        │                          │        │
(8, 3): ────iSwap^0.5┼────────────Rz(-0.25π)────iSwap^0.5┼────────────PhXZ(a=0,x=0,z=0)───
                     │                                   │
(8, 4): ─────────────iSwap^0.5────Rz(-0.25π)─────────────iSwap^0.5────PhXZ(a=0,x=0,z=0)───
           └──────────────────┘                └──────────────────┘
2021-09-14 07:14:41,474 - fhvqe.vqe_experiment:947 - DEBUG - Executables, measurement horiz0:
2021-09-14 07:14:41,495 - fhvqe.experiment:553 - DEBUG - number of moments preoptimization: 55
2021-09-14 07:14:41,504 - fhvqe.experiment:554 - DEBUG - depth preoptimization: 55
2021-09-14 07:14:41,575 - fhvqe.experiment:595 - DEBUG - number of moments post-optimization and calibration: 41
2021-09-14 07:14:41,582 - fhvqe.experiment:596 - DEBUG - depth post-optimization and calibration: 41
2021-09-14 07:14:41,647 - fhvqe.vqe_experiment:958 - DEBUG - Moment 0:
  ╷ 3 4
╶─┼─────
5 │ X X
  │
6 │ X X
  │
Moment 1:
  ╷ 3         4
╶─┼─────────────────────
6 │ iSwap^0.5 iSwap^0.5
  │ │         │
7 │ iSwap     iSwap
  │
Moment 2:
  ╷ 3                       4
╶─┼─────────────────────────────────────────────────
6 │ Rz(4.291854645100725)   Rz(4.291854645100725)
  │
7 │ Rz(-1.1502619915109313) Rz(-1.1502619915109313)
  │
Moment 3:
  ╷ 3         4
╶─┼─────────────────────
6 │ iSwap^0.5 iSwap^0.5
  │ │         │
7 │ iSwap     iSwap
  │
Moment 4:
  ╷ 3                 4
╶─┼─────────────────────────────────────
6 │ Z                 Z
  │
7 │ PhXZ(a=0,x=0,z=0) PhXZ(a=0,x=0,z=0)
  │
Moment 5:
  ╷ 3         4
╶─┼─────────────────────
5 │ iSwap^0.5 iSwap^0.5
  │ │         │
6 │ iSwap     iSwap
  │
7 │ iSwap^0.5 iSwap^0.5
  │ │         │
8 │ iSwap     iSwap
  │
Moment 6:
  ╷ 3                       4
╶─┼─────────────────────────────────────────────────
5 │ Rz(4.027669777382407)   Rz(4.027669777382407)
  │
6 │ Rz(-0.8860771237926137) Rz(-0.8860771237926137)
  │
7 │ Rz(4.027669777382407)   Rz(4.027669777382407)
  │
8 │ Rz(-0.8860771237926134) Rz(-0.8860771237926134)
  │
Moment 7:
  ╷ 3         4
╶─┼─────────────────────
5 │ iSwap^0.5 iSwap^0.5
  │ │         │
6 │ iSwap     iSwap
  │
7 │ iSwap^0.5 iSwap^0.5
  │ │         │
8 │ iSwap     iSwap
  │
Moment 8:
  ╷ 3                 4
╶─┼─────────────────────────────────────
5 │ Z                 Z
  │
6 │ PhXZ(a=0,x=0,z=0) PhXZ(a=0,x=0,z=0)
  │
7 │ Z                 Z
  │
8 │ PhXZ(a=0,x=0,z=0) PhXZ(a=0,x=0,z=0)
  │
Moment 9:
  ╷ 3         4
╶─┼─────────────────────
6 │ iSwap^0.5 iSwap^0.5
  │ │         │
7 │ iSwap     iSwap
  │
Moment 10:
  ╷ 3                       4
╶─┼─────────────────────────────────────────────────
6 │ Rz(3.562126988873758)   Rz(3.562126988873758)
  │
7 │ Rz(-0.4205343352839652) Rz(-0.4205343352839652)
  │
Moment 11:
  ╷ 3         4
╶─┼─────────────────────
6 │ iSwap^0.5 iSwap^0.5
  │ │         │
7 │ iSwap     iSwap
  │
Moment 12:
  ╷ 3                                                                        4
╶─┼────────────────────────────────────────────────────────────────────────────────────────────────────────────────────────────────────
5 │ PhXZ(a=0.07957747154594767,x=0.04010328141741558,z=0.9204225284540524)   PhXZ(a=0.07957747154594767,x=-0.5,z=-0.07957747154594767)
  │
6 │ PhXZ(a=-0.9204225284540524,x=0.04010328141741559,z=-0.07957747154594763) PhXZ(a=0.07957747154594763,x=0.5,z=0.9204225284540524)
  │
7 │ PhXZ(a=0.07957747154594763,x=0.04010328141741559,z=0.9204225284540524)   PhXZ(a=-0.9204225284540524,x=0.5,z=-0.07957747154594763)
  │
8 │ PhXZ(a=0.07957747154594767,x=0.04010328141741558,z=0.9204225284540524)   PhXZ(a=0.07957747154594767,x=-0.5,z=-0.07957747154594767)
  │
Moment 13:
  ╷ 3         4
╶─┼─────────────────
5 │ iSwap^0.5─iSwap
  │
6 │ iSwap^0.5─iSwap
  │
7 │ iSwap^0.5─iSwap
  │
8 │ iSwap^0.5─iSwap
  │
Moment 14:
  ╷ 3
╶─┼───────────────────────────────────────
5 │ PhXZ(a=1,x=-0.11283656610933077,z=-1)
  │
6 │ PhXZ(a=1,x=-0.11283656610933077,z=-1)
  │
7 │ PhXZ(a=1,x=-0.11283656610933077,z=-1)
  │
8 │ PhXZ(a=1,x=-0.11283656610933077,z=-1)
  │
Moment 15:
  ╷ 3         4
╶─┼─────────────────
5 │ iSwap^0.5─iSwap
  │
6 │ iSwap^0.5─iSwap
  │
7 │ iSwap^0.5─iSwap
  │
8 │ iSwap^0.5─iSwap
  │
Moment 16:
  ╷ 3                                       4
╶─┼──────────────────────────────────────────────────────────────────────────────────────
5 │ PhXZ(a=0,x=0.04010328141741559,z=-0.25) PhXZ(a=0,x=0.5,z=-0.25)
  │
6 │ PhXZ(a=0,x=0.04010328141741559,z=0.25)  PhXZ(a=-1.1102230246251565e-16,x=0.5,z=0.25)
  │
7 │ PhXZ(a=0,x=0.04010328141741559,z=-0.25) PhXZ(a=0,x=0.5,z=-0.25)
  │
8 │ PhXZ(a=0,x=0.04010328141741559,z=0.25)  PhXZ(a=-1.1102230246251565e-16,x=0.5,z=0.25)
  │
Moment 17:
  ╷ 3         4
╶─┼─────────────────────
5 │ iSwap^0.5 iSwap^0.5
  │ │         │
6 │ iSwap     iSwap
  │
7 │ iSwap^0.5 iSwap^0.5
  │ │         │
8 │ iSwap     iSwap
  │
Moment 18:
  ╷ 3                                                     4
╶─┼─────────────────────────────────────────────────────────────────────────────────────────────────────────────
5 │ PhXZ(a=-0.5795774715459476,x=0,z=-0.9204225284540524) PhXZ(a=-0.5795774715459476,x=0,z=-0.9204225284540524)
  │
6 │ Rz(-0.25)                                             Rz(-0.25)
  │
7 │ PhXZ(a=-0.5795774715459476,x=0,z=-0.9204225284540524) PhXZ(a=-0.5795774715459476,x=0,z=-0.9204225284540524)
  │
8 │ Rz(-0.25)                                             Rz(-0.25)
  │
Moment 19:
  ╷ 3         4
╶─┼─────────────────────
5 │ iSwap^0.5 iSwap^0.5
  │ │         │
6 │ iSwap     iSwap
  │
7 │ iSwap^0.5 iSwap^0.5
  │ │         │
8 │ iSwap     iSwap
  │
Moment 20:
  ╷ 3                                      4
╶─┼───────────────────────────────────────────────────────────────────────────────
5 │ PhXZ(a=-0.75,x=0,z=-0.75)              PhXZ(a=-0.75,x=0,z=-0.75)
  │
6 │ PhXZ(a=-1,x=0,z=-0.5)                  PhXZ(a=-1,x=0,z=-0.5)
  │
7 │ PhXZ(a=-1,x=0,z=-0.5)                  PhXZ(a=-1,x=0,z=-0.5)
  │
8 │ PhXZ(a=0.7499999999999998,x=0,z=-0.25) PhXZ(a=0.7499999999999998,x=0,z=-0.25)
  │
Moment 21:
  ╷ 3         4
╶─┼─────────────────────
6 │ iSwap^0.5 iSwap^0.5
  │ │         │
7 │ iSwap     iSwap
  │
Moment 22:
  ╷ 3                                                     4
╶─┼─────────────────────────────────────────────────────────────────────────────────────────────────────────────
6 │ PhXZ(a=-0.5795774715459476,x=0,z=-0.9204225284540524) PhXZ(a=-0.5795774715459476,x=0,z=-0.9204225284540524)
  │
7 │ Rz(-0.25)                                             Rz(-0.25)
  │
Moment 23:
  ╷ 3         4
╶─┼─────────────────────
6 │ iSwap^0.5 iSwap^0.5
  │ │         │
7 │ iSwap     iSwap
  │
Moment 24:
  ╷ 3                                                                      4
╶─┼──────────────────────────────────────────────────────────────────────────────────────────────────────────────────────────────────
5 │ PhXZ(a=0.07957747154594767,x=0.04010328141741558,z=0.9204225284540524) PhXZ(a=0.07957747154594767,x=-0.5,z=-0.07957747154594767)
  │
6 │ PhXZ(a=0.8295774715459476,x=0.04010328141741559,z=0.17042252845405237) PhXZ(a=-0.17042252845405237,x=0.5,z=-0.8295774715459476)
  │
7 │ PhXZ(a=0.32957747154594763,x=0.04010328141741559,z=0.6704225284540524) PhXZ(a=-0.6704225284540524,x=0.5,z=-0.32957747154594763)
  │
8 │ PhXZ(a=0.07957747154594767,x=0.04010328141741558,z=0.9204225284540524) PhXZ(a=0.07957747154594767,x=-0.5,z=-0.07957747154594767)
  │
Moment 25:
  ╷ 3         4
╶─┼─────────────────
5 │ iSwap^0.5─iSwap
  │
6 │ iSwap^0.5─iSwap
  │
7 │ iSwap^0.5─iSwap
  │
8 │ iSwap^0.5─iSwap
  │
Moment 26:
  ╷ 3
╶─┼───────────────────────────────────────
5 │ PhXZ(a=1,x=-0.11283656610933077,z=-1)
  │
6 │ PhXZ(a=1,x=-0.11283656610933077,z=-1)
  │
7 │ PhXZ(a=1,x=-0.11283656610933077,z=-1)
  │
8 │ PhXZ(a=1,x=-0.11283656610933077,z=-1)
  │
Moment 27:
  ╷ 3         4
╶─┼─────────────────
5 │ iSwap^0.5─iSwap
  │
6 │ iSwap^0.5─iSwap
  │
7 │ iSwap^0.5─iSwap
  │
8 │ iSwap^0.5─iSwap
  │
Moment 28:
  ╷ 3                                       4
╶─┼──────────────────────────────────────────────────────────────────────────────────────
5 │ PhXZ(a=0,x=0.04010328141741559,z=-0.25) PhXZ(a=0,x=0.5,z=-0.25)
  │
6 │ PhXZ(a=0,x=0.04010328141741559,z=0.25)  PhXZ(a=-1.1102230246251565e-16,x=0.5,z=0.25)
  │
7 │ PhXZ(a=0,x=0.04010328141741559,z=-0.25) PhXZ(a=0,x=0.5,z=-0.25)
  │
8 │ PhXZ(a=0,x=0.04010328141741559,z=0.25)  PhXZ(a=-1.1102230246251565e-16,x=0.5,z=0.25)
  │
Moment 29:
  ╷ 3         4
╶─┼─────────────────────
5 │ iSwap^0.5 iSwap^0.5
  │ │         │
6 │ iSwap     iSwap
  │
7 │ iSwap^0.5 iSwap^0.5
  │ │         │
8 │ iSwap     iSwap
  │
Moment 30:
  ╷ 3                                                     4
╶─┼─────────────────────────────────────────────────────────────────────────────────────────────────────────────
5 │ PhXZ(a=-0.5795774715459476,x=0,z=-0.9204225284540524) PhXZ(a=-0.5795774715459476,x=0,z=-0.9204225284540524)
  │
6 │ Rz(-0.25)                                             Rz(-0.25)
  │
7 │ PhXZ(a=-0.5795774715459476,x=0,z=-0.9204225284540524) PhXZ(a=-0.5795774715459476,x=0,z=-0.9204225284540524)
  │
8 │ Rz(-0.25)                                             Rz(-0.25)
  │
Moment 31:
  ╷ 3         4
╶─┼─────────────────────
5 │ iSwap^0.5 iSwap^0.5
  │ │         │
6 │ iSwap     iSwap
  │
7 │ iSwap^0.5 iSwap^0.5
  │ │         │
8 │ iSwap     iSwap
  │
Moment 32:
  ╷ 3                                      4
╶─┼───────────────────────────────────────────────────────────────────────────────
5 │ PhXZ(a=-0.75,x=0,z=-0.75)              PhXZ(a=-0.75,x=0,z=-0.75)
  │
6 │ PhXZ(a=-1,x=0,z=-0.5)                  PhXZ(a=-1,x=0,z=-0.5)
  │
7 │ PhXZ(a=-1,x=0,z=-0.5)                  PhXZ(a=-1,x=0,z=-0.5)
  │
8 │ PhXZ(a=0.7499999999999998,x=0,z=-0.25) PhXZ(a=0.7499999999999998,x=0,z=-0.25)
  │
Moment 33:
  ╷ 3         4
╶─┼─────────────────────
6 │ iSwap^0.5 iSwap^0.5
  │ │         │
7 │ iSwap     iSwap
  │
Moment 34:
  ╷ 3                                                     4
╶─┼─────────────────────────────────────────────────────────────────────────────────────────────────────────────
6 │ PhXZ(a=-0.5795774715459476,x=0,z=-0.9204225284540524) PhXZ(a=-0.5795774715459476,x=0,z=-0.9204225284540524)
  │
7 │ Rz(-0.25)                                             Rz(-0.25)
  │
Moment 35:
  ╷ 3         4
╶─┼─────────────────────
6 │ iSwap^0.5 iSwap^0.5
  │ │         │
7 │ iSwap     iSwap
  │
Moment 36:
  ╷ 3                                      4
╶─┼───────────────────────────────────────────────────────────────────────────────
6 │ PhXZ(a=-0.75,x=0,z=-0.75)              PhXZ(a=-0.75,x=0,z=-0.75)
  │
7 │ PhXZ(a=0.7499999999999998,x=0,z=-0.25) PhXZ(a=0.7499999999999998,x=0,z=-0.25)
  │
Moment 37:
  ╷ 3         4
╶─┼─────────────────────
5 │ iSwap^0.5 iSwap^0.5
  │ │         │
6 │ iSwap     iSwap
  │
7 │ iSwap^0.5 iSwap^0.5
  │ │         │
8 │ iSwap     iSwap
  │
Moment 38:
  ╷ 3                       4
╶─┼─────────────────────────────────────────────────
5 │ Rz(3.9269908169872414)  Rz(3.9269908169872414)
  │
6 │ Rz(-0.7853981633974483) Rz(-0.7853981633974483)
  │
7 │ Rz(3.9269908169872414)  Rz(3.9269908169872414)
  │
8 │ Rz(-0.7853981633974483) Rz(-0.7853981633974483)
  │
Moment 39:
  ╷ 3         4
╶─┼─────────────────────
5 │ iSwap^0.5 iSwap^0.5
  │ │         │
6 │ iSwap     iSwap
  │
7 │ iSwap^0.5 iSwap^0.5
  │ │         │
8 │ iSwap     iSwap
  │
Moment 40:
  ╷ 3                 4
╶─┼─────────────────────────────────────
5 │ Z                 Z
  │
6 │ PhXZ(a=0,x=0,z=0) PhXZ(a=0,x=0,z=0)
  │
7 │ Z                 Z
  │
8 │ PhXZ(a=0,x=0,z=0) PhXZ(a=0,x=0,z=0)
  │
Moment 41:
  ╷ 3      4
╶─┼──────────
5 │ M('x')─M
  │ │      │
6 │ M      M
  │ │      │
7 │ M      M
  │ │      │
8 │ M      M
  │

2021-09-14 07:14:41,647 - fhvqe.experiment:82 - DEBUG - Preparing analysis function for horiz
2021-09-14 07:14:41,648 - fhvqe.vqe_experiment:940 - DEBUG - horiz1:

2021-09-14 07:14:41,648 - fhvqe.experiment:658 - INFO - Preparing executables.
2021-09-14 07:14:41,648 - fhvqe.experiment:662 - DEBUG - ansatz with params: [[0.259 0.92  0.874]
 [0.796 0.651 0.188]]
2021-09-14 07:14:41,667 - fhvqe.experiment:553 - DEBUG - number of moments preoptimization: 51
2021-09-14 07:14:41,676 - fhvqe.experiment:554 - DEBUG - depth preoptimization: 51
2021-09-14 07:14:41,747 - fhvqe.experiment:595 - DEBUG - number of moments post-optimization and calibration: 37
2021-09-14 07:14:41,753 - fhvqe.experiment:596 - DEBUG - depth post-optimization and calibration: 37
2021-09-14 07:14:41,766 - fhvqe.experiment:553 - DEBUG - number of moments preoptimization: 55
2021-09-14 07:14:41,775 - fhvqe.experiment:554 - DEBUG - depth preoptimization: 55
2021-09-14 07:14:41,846 - fhvqe.experiment:595 - DEBUG - number of moments post-optimization and calibration: 41
2021-09-14 07:14:41,854 - fhvqe.experiment:596 - DEBUG - depth post-optimization and calibration: 41
2021-09-14 07:14:41,869 - fhvqe.experiment:553 - DEBUG - number of moments preoptimization: 49
2021-09-14 07:14:41,877 - fhvqe.experiment:554 - DEBUG - depth preoptimization: 49
2021-09-14 07:14:41,945 - fhvqe.experiment:595 - DEBUG - number of moments post-optimization and calibration: 37
2021-09-14 07:14:41,951 - fhvqe.experiment:596 - DEBUG - depth post-optimization and calibration: 37
2021-09-14 07:14:41,961 - fhvqe.experiment:662 - DEBUG - ansatz with params: [[-0.259 -0.92  -0.874]
 [-0.796 -0.651 -0.188]]
2021-09-14 07:14:41,980 - fhvqe.experiment:553 - DEBUG - number of moments preoptimization: 51
2021-09-14 07:14:41,988 - fhvqe.experiment:554 - DEBUG - depth preoptimization: 51
2021-09-14 07:14:42,059 - fhvqe.experiment:595 - DEBUG - number of moments post-optimization and calibration: 37
2021-09-14 07:14:42,065 - fhvqe.experiment:596 - DEBUG - depth post-optimization and calibration: 37
2021-09-14 07:14:42,077 - fhvqe.experiment:553 - DEBUG - number of moments preoptimization: 55
2021-09-14 07:14:42,086 - fhvqe.experiment:554 - DEBUG - depth preoptimization: 55
2021-09-14 07:14:42,158 - fhvqe.experiment:595 - DEBUG - number of moments post-optimization and calibration: 41
2021-09-14 07:14:42,165 - fhvqe.experiment:596 - DEBUG - depth post-optimization and calibration: 41
2021-09-14 07:14:42,179 - fhvqe.experiment:553 - DEBUG - number of moments preoptimization: 49
2021-09-14 07:14:42,187 - fhvqe.experiment:554 - DEBUG - depth preoptimization: 49
2021-09-14 07:14:42,252 - fhvqe.experiment:595 - DEBUG - number of moments post-optimization and calibration: 37
2021-09-14 07:14:42,258 - fhvqe.experiment:596 - DEBUG - depth post-optimization and calibration: 37
2021-09-14 07:14:42,267 - fhvqe.experiment:662 - DEBUG - ansatz with params: [[0.    0.92  0.874]
 [0.    0.651 0.188]]
2021-09-14 07:14:42,286 - fhvqe.experiment:553 - DEBUG - number of moments preoptimization: 51
2021-09-14 07:14:42,295 - fhvqe.experiment:554 - DEBUG - depth preoptimization: 51
2021-09-14 07:14:42,364 - fhvqe.experiment:595 - DEBUG - number of moments post-optimization and calibration: 37
2021-09-14 07:14:42,370 - fhvqe.experiment:596 - DEBUG - depth post-optimization and calibration: 37
2021-09-14 07:14:42,382 - fhvqe.experiment:553 - DEBUG - number of moments preoptimization: 55
2021-09-14 07:14:42,392 - fhvqe.experiment:554 - DEBUG - depth preoptimization: 55
2021-09-14 07:14:42,462 - fhvqe.experiment:595 - DEBUG - number of moments post-optimization and calibration: 41
2021-09-14 07:14:42,469 - fhvqe.experiment:596 - DEBUG - depth post-optimization and calibration: 41
2021-09-14 07:14:42,483 - fhvqe.experiment:553 - DEBUG - number of moments preoptimization: 49
2021-09-14 07:14:42,491 - fhvqe.experiment:554 - DEBUG - depth preoptimization: 49
2021-09-14 07:14:42,555 - fhvqe.experiment:595 - DEBUG - number of moments post-optimization and calibration: 37
2021-09-14 07:14:42,561 - fhvqe.experiment:596 - DEBUG - depth post-optimization and calibration: 37
2021-09-14 07:14:42,571 - fhvqe.experiment:662 - DEBUG - ansatz with params: [[ 0.    -0.92  -0.874]
 [ 0.    -0.651 -0.188]]
2021-09-14 07:14:42,589 - fhvqe.experiment:553 - DEBUG - number of moments preoptimization: 51
2021-09-14 07:14:42,598 - fhvqe.experiment:554 - DEBUG - depth preoptimization: 51
2021-09-14 07:14:42,668 - fhvqe.experiment:595 - DEBUG - number of moments post-optimization and calibration: 37
2021-09-14 07:14:42,674 - fhvqe.experiment:596 - DEBUG - depth post-optimization and calibration: 37
2021-09-14 07:14:42,688 - fhvqe.experiment:553 - DEBUG - number of moments preoptimization: 55
2021-09-14 07:14:42,699 - fhvqe.experiment:554 - DEBUG - depth preoptimization: 55
2021-09-14 07:14:42,770 - fhvqe.experiment:595 - DEBUG - number of moments post-optimization and calibration: 41
2021-09-14 07:14:42,777 - fhvqe.experiment:596 - DEBUG - depth post-optimization and calibration: 41
2021-09-14 07:14:42,791 - fhvqe.experiment:553 - DEBUG - number of moments preoptimization: 49
2021-09-14 07:14:42,799 - fhvqe.experiment:554 - DEBUG - depth preoptimization: 49
2021-09-14 07:14:42,867 - fhvqe.experiment:595 - DEBUG - number of moments post-optimization and calibration: 37
2021-09-14 07:14:42,874 - fhvqe.experiment:596 - DEBUG - depth post-optimization and calibration: 37
2021-09-14 07:15:27,421 - fhvqe.experiment:151 - DEBUG - Preparing exact analysis function for onsite
2021-09-14 07:15:27,424 - fhvqe.experiment:151 - DEBUG - Preparing exact analysis function for horiz
2021-09-14 07:15:27,426 - fhvqe.experiment:151 - DEBUG - Preparing exact analysis function for horiz
2021-09-14 07:15:27,427 - fhvqe.error_mitigation:1235 - INFO - About to mitigate, theta=[[0.259, 0.92, 0.874], [0.796, 0.651, 0.188]]
2021-09-14 07:15:27,428 - fhvqe.error_mitigation:1298 - DEBUG - About to run TFLO, params=[[[0, 3.18362, 6.2764], [0, 3.8246, 5.84549]], [[0, 2.6901, 2.99716], [0, 3.34154, 1.63886]], [[0, 0.841172, 0.857071], [0, 2.83507, 0.132099]], [[0, 0.919596, 3.58906], [0, 2.34207, 4.81843]], [[0, 2.02167, 0.711094], [0, 2.87848, 1.92383]], [[0, 3.07888, 1.31344], [0, 4.01245, 3.64854]], [[0, 5.49346, 5.73656], [0, 1.32223, 3.05705]], [[0, 5.44561, 1.68616], [0, 5.99541, 0.440987]], [[0, 5.75192, 6.00118], [0, 4.30115, 3.98124]], [[0, 3.7131, 0.592184], [0, 4.51095, 4.07368]], [[0, 2.7152, 1.86577], [0, 0.588014, 2.06039]], [[0, 2.57569, 4.7256], [0, 3.85901, 0.371302]], [[0, 4.65032, 0.953688], [0, 4.94274, 3.13591]], [[0, 0.299448, 3.22459], [0, 4.5425, 2.32293]], [[0, 5.54704, 4.13572], [0, 4.5425, 2.32293]], [[0, 4.016, 5.5268], [0, 4.80713, 0.271348]], [[0, 0.92, 0.874], [0, 0.651, 0.188]], [[0.259, 0.92, 0.874], [0.796, 0.651, 0.188]], [[0, -3.18362, -6.2764], [0, -3.8246, -5.84549]], [[0, -2.6901, -2.99716], [0, -3.34154, -1.63886]], [[0, -0.841172, -0.857071], [0, -2.83507, -0.132099]], [[0, -0.919596, -3.58906], [0, -2.34207, -4.81843]], [[0, -2.02167, -0.711094], [0, -2.87848, -1.92383]], [[0, -3.07888, -1.31344], [0, -4.01245, -3.64854]], [[0, -5.49346, -5.73656], [0, -1.32223, -3.05705]], [[0, -5.44561, -1.68616], [0, -5.99541, -0.440987]], [[0, -5.75192, -6.00118], [0, -4.30115, -3.98124]], [[0, -3.7131, -0.592184], [0, -4.51095, -4.07368]], [[0, -2.7152, -1.86577], [0, -0.588014, -2.06039]], [[0, -2.57569, -4.7256], [0, -3.85901, -0.371302]], [[0, -4.65032, -0.953688], [0, -4.94274, -3.13591]], [[0, -0.299448, -3.22459], [0, -4.5425, -2.32293]], [[0, -5.54704, -4.13572], [0, -4.5425, -2.32293]], [[0, -4.016, -5.5268], [0, -4.80713, -0.271348]], [[0, -0.92, -0.874], [0, -0.651, -0.188]], [[-0.259, -0.92, -0.874], [-0.796, -0.651, -0.188]]]
2021-09-14 07:15:27,428 - fhvqe.experiment:658 - INFO - Preparing executables.
2021-09-14 07:15:27,430 - fhvqe.experiment:662 - DEBUG - ansatz with params: [[0.      3.18362 6.2764 ]
 [0.      3.8246  5.84549]]
2021-09-14 07:15:27,461 - fhvqe.experiment:553 - DEBUG - number of moments preoptimization: 51
2021-09-14 07:15:27,472 - fhvqe.experiment:554 - DEBUG - depth preoptimization: 51
2021-09-14 07:15:27,599 - fhvqe.experiment:595 - DEBUG - number of moments post-optimization and calibration: 37
2021-09-14 07:15:27,610 - fhvqe.experiment:596 - DEBUG - depth post-optimization and calibration: 37
2021-09-14 07:15:27,627 - fhvqe.experiment:553 - DEBUG - number of moments preoptimization: 55
2021-09-14 07:15:27,639 - fhvqe.experiment:554 - DEBUG - depth preoptimization: 55
2021-09-14 07:15:27,772 - fhvqe.experiment:595 - DEBUG - number of moments post-optimization and calibration: 41
2021-09-14 07:15:27,780 - fhvqe.experiment:596 - DEBUG - depth post-optimization and calibration: 41
2021-09-14 07:15:27,813 - fhvqe.experiment:553 - DEBUG - number of moments preoptimization: 49
2021-09-14 07:15:27,824 - fhvqe.experiment:554 - DEBUG - depth preoptimization: 49
2021-09-14 07:15:27,909 - fhvqe.experiment:595 - DEBUG - number of moments post-optimization and calibration: 37
2021-09-14 07:15:27,920 - fhvqe.experiment:596 - DEBUG - depth post-optimization and calibration: 37
2021-09-14 07:15:27,933 - fhvqe.experiment:662 - DEBUG - ansatz with params: [[0.      2.6901  2.99716]
 [0.      3.34154 1.63886]]
2021-09-14 07:15:27,955 - fhvqe.experiment:553 - DEBUG - number of moments preoptimization: 51
2021-09-14 07:15:27,966 - fhvqe.experiment:554 - DEBUG - depth preoptimization: 51
2021-09-14 07:15:28,061 - fhvqe.experiment:595 - DEBUG - number of moments post-optimization and calibration: 37
2021-09-14 07:15:28,068 - fhvqe.experiment:596 - DEBUG - depth post-optimization and calibration: 37
2021-09-14 07:15:28,083 - fhvqe.experiment:553 - DEBUG - number of moments preoptimization: 55
2021-09-14 07:15:28,094 - fhvqe.experiment:554 - DEBUG - depth preoptimization: 55
2021-09-14 07:15:28,186 - fhvqe.experiment:595 - DEBUG - number of moments post-optimization and calibration: 41
2021-09-14 07:15:28,204 - fhvqe.experiment:596 - DEBUG - depth post-optimization and calibration: 41
2021-09-14 07:15:28,227 - fhvqe.experiment:553 - DEBUG - number of moments preoptimization: 49
2021-09-14 07:15:28,237 - fhvqe.experiment:554 - DEBUG - depth preoptimization: 49
2021-09-14 07:15:28,318 - fhvqe.experiment:595 - DEBUG - number of moments post-optimization and calibration: 37
2021-09-14 07:15:28,332 - fhvqe.experiment:596 - DEBUG - depth post-optimization and calibration: 37
2021-09-14 07:15:28,356 - fhvqe.experiment:662 - DEBUG - ansatz with params: [[0.       0.841172 0.857071]
 [0.       2.83507  0.132099]]
2021-09-14 07:15:28,384 - fhvqe.experiment:553 - DEBUG - number of moments preoptimization: 51
2021-09-14 07:15:28,395 - fhvqe.experiment:554 - DEBUG - depth preoptimization: 51
2021-09-14 07:15:28,499 - fhvqe.experiment:595 - DEBUG - number of moments post-optimization and calibration: 37
2021-09-14 07:15:28,505 - fhvqe.experiment:596 - DEBUG - depth post-optimization and calibration: 37
2021-09-14 07:15:28,530 - fhvqe.experiment:553 - DEBUG - number of moments preoptimization: 55
2021-09-14 07:15:28,548 - fhvqe.experiment:554 - DEBUG - depth preoptimization: 55
2021-09-14 07:15:28,659 - fhvqe.experiment:595 - DEBUG - number of moments post-optimization and calibration: 41
2021-09-14 07:15:28,677 - fhvqe.experiment:596 - DEBUG - depth post-optimization and calibration: 41
2021-09-14 07:15:28,710 - fhvqe.experiment:553 - DEBUG - number of moments preoptimization: 49
2021-09-14 07:15:28,726 - fhvqe.experiment:554 - DEBUG - depth preoptimization: 49
2021-09-14 07:15:28,814 - fhvqe.experiment:595 - DEBUG - number of moments post-optimization and calibration: 37
2021-09-14 07:15:28,829 - fhvqe.experiment:596 - DEBUG - depth post-optimization and calibration: 37
2021-09-14 07:15:28,849 - fhvqe.experiment:662 - DEBUG - ansatz with params: [[0.       0.919596 3.58906 ]
 [0.       2.34207  4.81843 ]]
2021-09-14 07:15:28,895 - fhvqe.experiment:553 - DEBUG - number of moments preoptimization: 51
2021-09-14 07:15:28,923 - fhvqe.experiment:554 - DEBUG - depth preoptimization: 51
2021-09-14 07:15:29,043 - fhvqe.experiment:595 - DEBUG - number of moments post-optimization and calibration: 37
2021-09-14 07:15:29,050 - fhvqe.experiment:596 - DEBUG - depth post-optimization and calibration: 37
2021-09-14 07:15:29,078 - fhvqe.experiment:553 - DEBUG - number of moments preoptimization: 55
2021-09-14 07:15:29,099 - fhvqe.experiment:554 - DEBUG - depth preoptimization: 55
2021-09-14 07:15:29,230 - fhvqe.experiment:595 - DEBUG - number of moments post-optimization and calibration: 41
2021-09-14 07:15:29,239 - fhvqe.experiment:596 - DEBUG - depth post-optimization and calibration: 41
2021-09-14 07:15:29,261 - fhvqe.experiment:553 - DEBUG - number of moments preoptimization: 49
2021-09-14 07:15:29,271 - fhvqe.experiment:554 - DEBUG - depth preoptimization: 49
2021-09-14 07:15:29,345 - fhvqe.experiment:595 - DEBUG - number of moments post-optimization and calibration: 37
2021-09-14 07:15:29,351 - fhvqe.experiment:596 - DEBUG - depth post-optimization and calibration: 37
2021-09-14 07:15:29,368 - fhvqe.experiment:662 - DEBUG - ansatz with params: [[0.       2.02167  0.711094]
 [0.       2.87848  1.92383 ]]
2021-09-14 07:15:29,392 - fhvqe.experiment:553 - DEBUG - number of moments preoptimization: 51
2021-09-14 07:15:29,402 - fhvqe.experiment:554 - DEBUG - depth preoptimization: 51
2021-09-14 07:15:29,499 - fhvqe.experiment:595 - DEBUG - number of moments post-optimization and calibration: 37
2021-09-14 07:15:29,515 - fhvqe.experiment:596 - DEBUG - depth post-optimization and calibration: 37
2021-09-14 07:15:29,551 - fhvqe.experiment:553 - DEBUG - number of moments preoptimization: 55
2021-09-14 07:15:29,573 - fhvqe.experiment:554 - DEBUG - depth preoptimization: 55
2021-09-14 07:15:29,674 - fhvqe.experiment:595 - DEBUG - number of moments post-optimization and calibration: 41
2021-09-14 07:15:29,682 - fhvqe.experiment:596 - DEBUG - depth post-optimization and calibration: 41
2021-09-14 07:15:29,697 - fhvqe.experiment:553 - DEBUG - number of moments preoptimization: 49
2021-09-14 07:15:29,706 - fhvqe.experiment:554 - DEBUG - depth preoptimization: 49
2021-09-14 07:15:29,812 - fhvqe.experiment:595 - DEBUG - number of moments post-optimization and calibration: 37
2021-09-14 07:15:29,818 - fhvqe.experiment:596 - DEBUG - depth post-optimization and calibration: 37
2021-09-14 07:15:29,827 - fhvqe.experiment:662 - DEBUG - ansatz with params: [[0.      3.07888 1.31344]
 [0.      4.01245 3.64854]]
2021-09-14 07:15:29,848 - fhvqe.experiment:553 - DEBUG - number of moments preoptimization: 51
2021-09-14 07:15:29,856 - fhvqe.experiment:554 - DEBUG - depth preoptimization: 51
2021-09-14 07:15:29,963 - fhvqe.experiment:595 - DEBUG - number of moments post-optimization and calibration: 37
2021-09-14 07:15:29,970 - fhvqe.experiment:596 - DEBUG - depth post-optimization and calibration: 37
2021-09-14 07:15:29,985 - fhvqe.experiment:553 - DEBUG - number of moments preoptimization: 55
2021-09-14 07:15:29,997 - fhvqe.experiment:554 - DEBUG - depth preoptimization: 55
2021-09-14 07:15:30,100 - fhvqe.experiment:595 - DEBUG - number of moments post-optimization and calibration: 41
2021-09-14 07:15:30,107 - fhvqe.experiment:596 - DEBUG - depth post-optimization and calibration: 41
2021-09-14 07:15:30,122 - fhvqe.experiment:553 - DEBUG - number of moments preoptimization: 49
2021-09-14 07:15:30,131 - fhvqe.experiment:554 - DEBUG - depth preoptimization: 49
2021-09-14 07:15:30,206 - fhvqe.experiment:595 - DEBUG - number of moments post-optimization and calibration: 37
2021-09-14 07:15:30,213 - fhvqe.experiment:596 - DEBUG - depth post-optimization and calibration: 37
2021-09-14 07:15:30,222 - fhvqe.experiment:662 - DEBUG - ansatz with params: [[0.      5.49346 5.73656]
 [0.      1.32223 3.05705]]
2021-09-14 07:15:30,243 - fhvqe.experiment:553 - DEBUG - number of moments preoptimization: 51
2021-09-14 07:15:30,252 - fhvqe.experiment:554 - DEBUG - depth preoptimization: 51
2021-09-14 07:15:30,347 - fhvqe.experiment:595 - DEBUG - number of moments post-optimization and calibration: 37
2021-09-14 07:15:30,353 - fhvqe.experiment:596 - DEBUG - depth post-optimization and calibration: 37
2021-09-14 07:15:30,366 - fhvqe.experiment:553 - DEBUG - number of moments preoptimization: 55
2021-09-14 07:15:30,376 - fhvqe.experiment:554 - DEBUG - depth preoptimization: 55
2021-09-14 07:15:30,457 - fhvqe.experiment:595 - DEBUG - number of moments post-optimization and calibration: 41
2021-09-14 07:15:30,464 - fhvqe.experiment:596 - DEBUG - depth post-optimization and calibration: 41
2021-09-14 07:15:30,479 - fhvqe.experiment:553 - DEBUG - number of moments preoptimization: 49
2021-09-14 07:15:30,488 - fhvqe.experiment:554 - DEBUG - depth preoptimization: 49
2021-09-14 07:15:30,559 - fhvqe.experiment:595 - DEBUG - number of moments post-optimization and calibration: 37
2021-09-14 07:15:30,566 - fhvqe.experiment:596 - DEBUG - depth post-optimization and calibration: 37
2021-09-14 07:15:30,577 - fhvqe.experiment:662 - DEBUG - ansatz with params: [[0.       5.44561  1.68616 ]
 [0.       5.99541  0.440987]]
2021-09-14 07:15:30,597 - fhvqe.experiment:553 - DEBUG - number of moments preoptimization: 51
2021-09-14 07:15:30,607 - fhvqe.experiment:554 - DEBUG - depth preoptimization: 51
2021-09-14 07:15:30,687 - fhvqe.experiment:595 - DEBUG - number of moments post-optimization and calibration: 37
2021-09-14 07:15:30,694 - fhvqe.experiment:596 - DEBUG - depth post-optimization and calibration: 37
2021-09-14 07:15:30,707 - fhvqe.experiment:553 - DEBUG - number of moments preoptimization: 55
2021-09-14 07:15:30,717 - fhvqe.experiment:554 - DEBUG - depth preoptimization: 55
2021-09-14 07:15:30,792 - fhvqe.experiment:595 - DEBUG - number of moments post-optimization and calibration: 41
2021-09-14 07:15:30,809 - fhvqe.experiment:596 - DEBUG - depth post-optimization and calibration: 41
2021-09-14 07:15:30,839 - fhvqe.experiment:553 - DEBUG - number of moments preoptimization: 49
2021-09-14 07:15:30,855 - fhvqe.experiment:554 - DEBUG - depth preoptimization: 49
2021-09-14 07:15:30,961 - fhvqe.experiment:595 - DEBUG - number of moments post-optimization and calibration: 37
2021-09-14 07:15:30,968 - fhvqe.experiment:596 - DEBUG - depth post-optimization and calibration: 37
2021-09-14 07:15:30,978 - fhvqe.experiment:662 - DEBUG - ansatz with params: [[0.      5.75192 6.00118]
 [0.      4.30115 3.98124]]
2021-09-14 07:15:31,000 - fhvqe.experiment:553 - DEBUG - number of moments preoptimization: 51
2021-09-14 07:15:31,009 - fhvqe.experiment:554 - DEBUG - depth preoptimization: 51
2021-09-14 07:15:31,092 - fhvqe.experiment:595 - DEBUG - number of moments post-optimization and calibration: 37
2021-09-14 07:15:31,098 - fhvqe.experiment:596 - DEBUG - depth post-optimization and calibration: 37
2021-09-14 07:15:31,110 - fhvqe.experiment:553 - DEBUG - number of moments preoptimization: 55
2021-09-14 07:15:31,121 - fhvqe.experiment:554 - DEBUG - depth preoptimization: 55
2021-09-14 07:15:31,219 - fhvqe.experiment:595 - DEBUG - number of moments post-optimization and calibration: 41
2021-09-14 07:15:31,226 - fhvqe.experiment:596 - DEBUG - depth post-optimization and calibration: 41
2021-09-14 07:15:31,240 - fhvqe.experiment:553 - DEBUG - number of moments preoptimization: 49
2021-09-14 07:15:31,249 - fhvqe.experiment:554 - DEBUG - depth preoptimization: 49
2021-09-14 07:15:31,358 - fhvqe.experiment:595 - DEBUG - number of moments post-optimization and calibration: 37
2021-09-14 07:15:31,364 - fhvqe.experiment:596 - DEBUG - depth post-optimization and calibration: 37
2021-09-14 07:15:31,375 - fhvqe.experiment:662 - DEBUG - ansatz with params: [[0.       3.7131   0.592184]
 [0.       4.51095  4.07368 ]]
2021-09-14 07:15:31,395 - fhvqe.experiment:553 - DEBUG - number of moments preoptimization: 51
2021-09-14 07:15:31,404 - fhvqe.experiment:554 - DEBUG - depth preoptimization: 51
2021-09-14 07:15:31,513 - fhvqe.experiment:595 - DEBUG - number of moments post-optimization and calibration: 37
2021-09-14 07:15:31,520 - fhvqe.experiment:596 - DEBUG - depth post-optimization and calibration: 37
2021-09-14 07:15:31,533 - fhvqe.experiment:553 - DEBUG - number of moments preoptimization: 55
2021-09-14 07:15:31,543 - fhvqe.experiment:554 - DEBUG - depth preoptimization: 55
2021-09-14 07:15:31,619 - fhvqe.experiment:595 - DEBUG - number of moments post-optimization and calibration: 41
2021-09-14 07:15:31,637 - fhvqe.experiment:596 - DEBUG - depth post-optimization and calibration: 41
2021-09-14 07:15:31,668 - fhvqe.experiment:553 - DEBUG - number of moments preoptimization: 49
2021-09-14 07:15:31,688 - fhvqe.experiment:554 - DEBUG - depth preoptimization: 49
2021-09-14 07:15:31,851 - fhvqe.experiment:595 - DEBUG - number of moments post-optimization and calibration: 37
2021-09-14 07:15:31,858 - fhvqe.experiment:596 - DEBUG - depth post-optimization and calibration: 37
2021-09-14 07:15:31,872 - fhvqe.experiment:662 - DEBUG - ansatz with params: [[0.       2.7152   1.86577 ]
 [0.       0.588014 2.06039 ]]
2021-09-14 07:15:31,893 - fhvqe.experiment:553 - DEBUG - number of moments preoptimization: 51
2021-09-14 07:15:31,902 - fhvqe.experiment:554 - DEBUG - depth preoptimization: 51
2021-09-14 07:15:31,980 - fhvqe.experiment:595 - DEBUG - number of moments post-optimization and calibration: 37
2021-09-14 07:15:31,994 - fhvqe.experiment:596 - DEBUG - depth post-optimization and calibration: 37
2021-09-14 07:15:32,007 - fhvqe.experiment:553 - DEBUG - number of moments preoptimization: 55
2021-09-14 07:15:32,017 - fhvqe.experiment:554 - DEBUG - depth preoptimization: 55
2021-09-14 07:15:32,095 - fhvqe.experiment:595 - DEBUG - number of moments post-optimization and calibration: 41
2021-09-14 07:15:32,102 - fhvqe.experiment:596 - DEBUG - depth post-optimization and calibration: 41
2021-09-14 07:15:32,117 - fhvqe.experiment:553 - DEBUG - number of moments preoptimization: 49
2021-09-14 07:15:32,126 - fhvqe.experiment:554 - DEBUG - depth preoptimization: 49
2021-09-14 07:15:32,195 - fhvqe.experiment:595 - DEBUG - number of moments post-optimization and calibration: 37
2021-09-14 07:15:32,201 - fhvqe.experiment:596 - DEBUG - depth post-optimization and calibration: 37
2021-09-14 07:15:32,219 - fhvqe.experiment:662 - DEBUG - ansatz with params: [[0.       2.57569  4.7256  ]
 [0.       3.85901  0.371302]]
2021-09-14 07:15:32,254 - fhvqe.experiment:553 - DEBUG - number of moments preoptimization: 51
2021-09-14 07:15:32,269 - fhvqe.experiment:554 - DEBUG - depth preoptimization: 51
2021-09-14 07:15:32,377 - fhvqe.experiment:595 - DEBUG - number of moments post-optimization and calibration: 37
2021-09-14 07:15:32,383 - fhvqe.experiment:596 - DEBUG - depth post-optimization and calibration: 37
2021-09-14 07:15:32,396 - fhvqe.experiment:553 - DEBUG - number of moments preoptimization: 55
2021-09-14 07:15:32,406 - fhvqe.experiment:554 - DEBUG - depth preoptimization: 55
2021-09-14 07:15:32,490 - fhvqe.experiment:595 - DEBUG - number of moments post-optimization and calibration: 41
2021-09-14 07:15:32,496 - fhvqe.experiment:596 - DEBUG - depth post-optimization and calibration: 41
2021-09-14 07:15:32,511 - fhvqe.experiment:553 - DEBUG - number of moments preoptimization: 49
2021-09-14 07:15:32,531 - fhvqe.experiment:554 - DEBUG - depth preoptimization: 49
2021-09-14 07:15:32,667 - fhvqe.experiment:595 - DEBUG - number of moments post-optimization and calibration: 37
2021-09-14 07:15:32,675 - fhvqe.experiment:596 - DEBUG - depth post-optimization and calibration: 37
2021-09-14 07:15:32,688 - fhvqe.experiment:662 - DEBUG - ansatz with params: [[0.       4.65032  0.953688]
 [0.       4.94274  3.13591 ]]
2021-09-14 07:15:32,714 - fhvqe.experiment:553 - DEBUG - number of moments preoptimization: 51
2021-09-14 07:15:32,725 - fhvqe.experiment:554 - DEBUG - depth preoptimization: 51
2021-09-14 07:15:32,803 - fhvqe.experiment:595 - DEBUG - number of moments post-optimization and calibration: 37
2021-09-14 07:15:32,809 - fhvqe.experiment:596 - DEBUG - depth post-optimization and calibration: 37
2021-09-14 07:15:32,822 - fhvqe.experiment:553 - DEBUG - number of moments preoptimization: 55
2021-09-14 07:15:32,838 - fhvqe.experiment:554 - DEBUG - depth preoptimization: 55
2021-09-14 07:15:32,917 - fhvqe.experiment:595 - DEBUG - number of moments post-optimization and calibration: 41
2021-09-14 07:15:32,925 - fhvqe.experiment:596 - DEBUG - depth post-optimization and calibration: 41
2021-09-14 07:15:32,939 - fhvqe.experiment:553 - DEBUG - number of moments preoptimization: 49
2021-09-14 07:15:32,949 - fhvqe.experiment:554 - DEBUG - depth preoptimization: 49
2021-09-14 07:15:33,041 - fhvqe.experiment:595 - DEBUG - number of moments post-optimization and calibration: 37
2021-09-14 07:15:33,047 - fhvqe.experiment:596 - DEBUG - depth post-optimization and calibration: 37
2021-09-14 07:15:33,058 - fhvqe.experiment:662 - DEBUG - ansatz with params: [[0.       0.299448 3.22459 ]
 [0.       4.5425   2.32293 ]]
2021-09-14 07:15:33,078 - fhvqe.experiment:553 - DEBUG - number of moments preoptimization: 51
2021-09-14 07:15:33,087 - fhvqe.experiment:554 - DEBUG - depth preoptimization: 51
2021-09-14 07:15:33,164 - fhvqe.experiment:595 - DEBUG - number of moments post-optimization and calibration: 37
2021-09-14 07:15:33,170 - fhvqe.experiment:596 - DEBUG - depth post-optimization and calibration: 37
2021-09-14 07:15:33,182 - fhvqe.experiment:553 - DEBUG - number of moments preoptimization: 55
2021-09-14 07:15:33,193 - fhvqe.experiment:554 - DEBUG - depth preoptimization: 55
2021-09-14 07:15:33,319 - fhvqe.experiment:595 - DEBUG - number of moments post-optimization and calibration: 41
2021-09-14 07:15:33,327 - fhvqe.experiment:596 - DEBUG - depth post-optimization and calibration: 41
2021-09-14 07:15:33,342 - fhvqe.experiment:553 - DEBUG - number of moments preoptimization: 49
2021-09-14 07:15:33,350 - fhvqe.experiment:554 - DEBUG - depth preoptimization: 49
2021-09-14 07:15:33,448 - fhvqe.experiment:595 - DEBUG - number of moments post-optimization and calibration: 37
2021-09-14 07:15:33,455 - fhvqe.experiment:596 - DEBUG - depth post-optimization and calibration: 37
2021-09-14 07:15:33,465 - fhvqe.experiment:662 - DEBUG - ansatz with params: [[0.      5.54704 4.13572]
 [0.      4.5425  2.32293]]
2021-09-14 07:15:33,484 - fhvqe.experiment:553 - DEBUG - number of moments preoptimization: 51
2021-09-14 07:15:33,494 - fhvqe.experiment:554 - DEBUG - depth preoptimization: 51
2021-09-14 07:15:33,594 - fhvqe.experiment:595 - DEBUG - number of moments post-optimization and calibration: 37
2021-09-14 07:15:33,601 - fhvqe.experiment:596 - DEBUG - depth post-optimization and calibration: 37
2021-09-14 07:15:33,613 - fhvqe.experiment:553 - DEBUG - number of moments preoptimization: 55
2021-09-14 07:15:33,623 - fhvqe.experiment:554 - DEBUG - depth preoptimization: 55
2021-09-14 07:15:33,703 - fhvqe.experiment:595 - DEBUG - number of moments post-optimization and calibration: 41
2021-09-14 07:15:33,710 - fhvqe.experiment:596 - DEBUG - depth post-optimization and calibration: 41
2021-09-14 07:15:33,724 - fhvqe.experiment:553 - DEBUG - number of moments preoptimization: 49
2021-09-14 07:15:33,733 - fhvqe.experiment:554 - DEBUG - depth preoptimization: 49
2021-09-14 07:15:33,816 - fhvqe.experiment:595 - DEBUG - number of moments post-optimization and calibration: 37
2021-09-14 07:15:33,828 - fhvqe.experiment:596 - DEBUG - depth post-optimization and calibration: 37
2021-09-14 07:15:33,899 - fhvqe.experiment:662 - DEBUG - ansatz with params: [[0.       4.016    5.5268  ]
 [0.       4.80713  0.271348]]
2021-09-14 07:15:33,979 - fhvqe.experiment:553 - DEBUG - number of moments preoptimization: 51
2021-09-14 07:15:34,000 - fhvqe.experiment:554 - DEBUG - depth preoptimization: 51
2021-09-14 07:15:34,126 - fhvqe.experiment:595 - DEBUG - number of moments post-optimization and calibration: 37
2021-09-14 07:15:34,132 - fhvqe.experiment:596 - DEBUG - depth post-optimization and calibration: 37
2021-09-14 07:15:34,148 - fhvqe.experiment:553 - DEBUG - number of moments preoptimization: 55
2021-09-14 07:15:34,160 - fhvqe.experiment:554 - DEBUG - depth preoptimization: 55
2021-09-14 07:15:34,276 - fhvqe.experiment:595 - DEBUG - number of moments post-optimization and calibration: 41
2021-09-14 07:15:34,295 - fhvqe.experiment:596 - DEBUG - depth post-optimization and calibration: 41
2021-09-14 07:15:34,351 - fhvqe.experiment:553 - DEBUG - number of moments preoptimization: 49
2021-09-14 07:15:34,369 - fhvqe.experiment:554 - DEBUG - depth preoptimization: 49
2021-09-14 07:15:34,477 - fhvqe.experiment:595 - DEBUG - number of moments post-optimization and calibration: 37
2021-09-14 07:15:34,494 - fhvqe.experiment:596 - DEBUG - depth post-optimization and calibration: 37
2021-09-14 07:15:34,523 - fhvqe.experiment:662 - DEBUG - ansatz with params: [[0.    0.92  0.874]
 [0.    0.651 0.188]]
2021-09-14 07:15:34,561 - fhvqe.experiment:553 - DEBUG - number of moments preoptimization: 51
2021-09-14 07:15:34,570 - fhvqe.experiment:554 - DEBUG - depth preoptimization: 51
2021-09-14 07:15:34,709 - fhvqe.experiment:595 - DEBUG - number of moments post-optimization and calibration: 37
2021-09-14 07:15:34,725 - fhvqe.experiment:596 - DEBUG - depth post-optimization and calibration: 37
2021-09-14 07:15:34,756 - fhvqe.experiment:553 - DEBUG - number of moments preoptimization: 55
2021-09-14 07:15:34,782 - fhvqe.experiment:554 - DEBUG - depth preoptimization: 55
2021-09-14 07:15:34,897 - fhvqe.experiment:595 - DEBUG - number of moments post-optimization and calibration: 41
2021-09-14 07:15:34,909 - fhvqe.experiment:596 - DEBUG - depth post-optimization and calibration: 41
2021-09-14 07:15:34,933 - fhvqe.experiment:553 - DEBUG - number of moments preoptimization: 49
2021-09-14 07:15:34,942 - fhvqe.experiment:554 - DEBUG - depth preoptimization: 49
2021-09-14 07:15:35,035 - fhvqe.experiment:595 - DEBUG - number of moments post-optimization and calibration: 37
2021-09-14 07:15:35,043 - fhvqe.experiment:596 - DEBUG - depth post-optimization and calibration: 37
2021-09-14 07:15:35,053 - fhvqe.experiment:662 - DEBUG - ansatz with params: [[0.259 0.92  0.874]
 [0.796 0.651 0.188]]
2021-09-14 07:15:35,080 - fhvqe.experiment:553 - DEBUG - number of moments preoptimization: 51
2021-09-14 07:15:35,089 - fhvqe.experiment:554 - DEBUG - depth preoptimization: 51
2021-09-14 07:15:35,278 - fhvqe.experiment:595 - DEBUG - number of moments post-optimization and calibration: 37
2021-09-14 07:15:35,292 - fhvqe.experiment:596 - DEBUG - depth post-optimization and calibration: 37
2021-09-14 07:15:35,312 - fhvqe.experiment:553 - DEBUG - number of moments preoptimization: 55
2021-09-14 07:15:35,325 - fhvqe.experiment:554 - DEBUG - depth preoptimization: 55
2021-09-14 07:15:35,444 - fhvqe.experiment:595 - DEBUG - number of moments post-optimization and calibration: 41
2021-09-14 07:15:35,455 - fhvqe.experiment:596 - DEBUG - depth post-optimization and calibration: 41
2021-09-14 07:15:35,473 - fhvqe.experiment:553 - DEBUG - number of moments preoptimization: 49
2021-09-14 07:15:35,484 - fhvqe.experiment:554 - DEBUG - depth preoptimization: 49
2021-09-14 07:15:35,575 - fhvqe.experiment:595 - DEBUG - number of moments post-optimization and calibration: 37
2021-09-14 07:15:35,583 - fhvqe.experiment:596 - DEBUG - depth post-optimization and calibration: 37
2021-09-14 07:15:35,594 - fhvqe.experiment:662 - DEBUG - ansatz with params: [[ 0.      -3.18362 -6.2764 ]
 [ 0.      -3.8246  -5.84549]]
2021-09-14 07:15:35,614 - fhvqe.experiment:553 - DEBUG - number of moments preoptimization: 51
2021-09-14 07:15:35,623 - fhvqe.experiment:554 - DEBUG - depth preoptimization: 51
2021-09-14 07:15:35,704 - fhvqe.experiment:595 - DEBUG - number of moments post-optimization and calibration: 37
2021-09-14 07:15:35,710 - fhvqe.experiment:596 - DEBUG - depth post-optimization and calibration: 37
2021-09-14 07:15:35,722 - fhvqe.experiment:553 - DEBUG - number of moments preoptimization: 55
2021-09-14 07:15:35,732 - fhvqe.experiment:554 - DEBUG - depth preoptimization: 55
2021-09-14 07:15:35,817 - fhvqe.experiment:595 - DEBUG - number of moments post-optimization and calibration: 41
2021-09-14 07:15:35,825 - fhvqe.experiment:596 - DEBUG - depth post-optimization and calibration: 41
2021-09-14 07:15:35,844 - fhvqe.experiment:553 - DEBUG - number of moments preoptimization: 49
2021-09-14 07:15:35,852 - fhvqe.experiment:554 - DEBUG - depth preoptimization: 49
2021-09-14 07:15:36,004 - fhvqe.experiment:595 - DEBUG - number of moments post-optimization and calibration: 37
2021-09-14 07:15:36,015 - fhvqe.experiment:596 - DEBUG - depth post-optimization and calibration: 37
2021-09-14 07:15:36,033 - fhvqe.experiment:662 - DEBUG - ansatz with params: [[ 0.      -2.6901  -2.99716]
 [ 0.      -3.34154 -1.63886]]
2021-09-14 07:15:36,052 - fhvqe.experiment:553 - DEBUG - number of moments preoptimization: 51
2021-09-14 07:15:36,061 - fhvqe.experiment:554 - DEBUG - depth preoptimization: 51
2021-09-14 07:15:36,158 - fhvqe.experiment:595 - DEBUG - number of moments post-optimization and calibration: 37
2021-09-14 07:15:36,165 - fhvqe.experiment:596 - DEBUG - depth post-optimization and calibration: 37
2021-09-14 07:15:36,178 - fhvqe.experiment:553 - DEBUG - number of moments preoptimization: 55
2021-09-14 07:15:36,188 - fhvqe.experiment:554 - DEBUG - depth preoptimization: 55
2021-09-14 07:15:36,311 - fhvqe.experiment:595 - DEBUG - number of moments post-optimization and calibration: 41
2021-09-14 07:15:36,318 - fhvqe.experiment:596 - DEBUG - depth post-optimization and calibration: 41
2021-09-14 07:15:36,334 - fhvqe.experiment:553 - DEBUG - number of moments preoptimization: 49
2021-09-14 07:15:36,342 - fhvqe.experiment:554 - DEBUG - depth preoptimization: 49
2021-09-14 07:15:36,463 - fhvqe.experiment:595 - DEBUG - number of moments post-optimization and calibration: 37
2021-09-14 07:15:36,474 - fhvqe.experiment:596 - DEBUG - depth post-optimization and calibration: 37
2021-09-14 07:15:36,488 - fhvqe.experiment:662 - DEBUG - ansatz with params: [[ 0.       -0.841172 -0.857071]
 [ 0.       -2.83507  -0.132099]]
2021-09-14 07:15:36,516 - fhvqe.experiment:553 - DEBUG - number of moments preoptimization: 51
2021-09-14 07:15:36,525 - fhvqe.experiment:554 - DEBUG - depth preoptimization: 51
2021-09-14 07:15:36,674 - fhvqe.experiment:595 - DEBUG - number of moments post-optimization and calibration: 37
2021-09-14 07:15:36,683 - fhvqe.experiment:596 - DEBUG - depth post-optimization and calibration: 37
2021-09-14 07:15:36,707 - fhvqe.experiment:553 - DEBUG - number of moments preoptimization: 55
2021-09-14 07:15:36,723 - fhvqe.experiment:554 - DEBUG - depth preoptimization: 55
2021-09-14 07:15:36,861 - fhvqe.experiment:595 - DEBUG - number of moments post-optimization and calibration: 41
2021-09-14 07:15:36,871 - fhvqe.experiment:596 - DEBUG - depth post-optimization and calibration: 41
2021-09-14 07:15:36,887 - fhvqe.experiment:553 - DEBUG - number of moments preoptimization: 49
2021-09-14 07:15:36,896 - fhvqe.experiment:554 - DEBUG - depth preoptimization: 49
2021-09-14 07:15:37,060 - fhvqe.experiment:595 - DEBUG - number of moments post-optimization and calibration: 37
2021-09-14 07:15:37,070 - fhvqe.experiment:596 - DEBUG - depth post-optimization and calibration: 37
2021-09-14 07:15:37,083 - fhvqe.experiment:662 - DEBUG - ansatz with params: [[ 0.       -0.919596 -3.58906 ]
 [ 0.       -2.34207  -4.81843 ]]
2021-09-14 07:15:37,104 - fhvqe.experiment:553 - DEBUG - number of moments preoptimization: 51
2021-09-14 07:15:37,112 - fhvqe.experiment:554 - DEBUG - depth preoptimization: 51
2021-09-14 07:15:37,228 - fhvqe.experiment:595 - DEBUG - number of moments post-optimization and calibration: 37
2021-09-14 07:15:37,234 - fhvqe.experiment:596 - DEBUG - depth post-optimization and calibration: 37
2021-09-14 07:15:37,247 - fhvqe.experiment:553 - DEBUG - number of moments preoptimization: 55
2021-09-14 07:15:37,259 - fhvqe.experiment:554 - DEBUG - depth preoptimization: 55
2021-09-14 07:15:37,447 - fhvqe.experiment:595 - DEBUG - number of moments post-optimization and calibration: 41
2021-09-14 07:15:37,463 - fhvqe.experiment:596 - DEBUG - depth post-optimization and calibration: 41
2021-09-14 07:15:37,494 - fhvqe.experiment:553 - DEBUG - number of moments preoptimization: 49
2021-09-14 07:15:37,512 - fhvqe.experiment:554 - DEBUG - depth preoptimization: 49
2021-09-14 07:15:37,625 - fhvqe.experiment:595 - DEBUG - number of moments post-optimization and calibration: 37
2021-09-14 07:15:37,632 - fhvqe.experiment:596 - DEBUG - depth post-optimization and calibration: 37
2021-09-14 07:15:37,642 - fhvqe.experiment:662 - DEBUG - ansatz with params: [[ 0.       -2.02167  -0.711094]
 [ 0.       -2.87848  -1.92383 ]]
2021-09-14 07:15:37,662 - fhvqe.experiment:553 - DEBUG - number of moments preoptimization: 51
2021-09-14 07:15:37,670 - fhvqe.experiment:554 - DEBUG - depth preoptimization: 51
2021-09-14 07:15:37,800 - fhvqe.experiment:595 - DEBUG - number of moments post-optimization and calibration: 37
2021-09-14 07:15:37,805 - fhvqe.experiment:596 - DEBUG - depth post-optimization and calibration: 37
2021-09-14 07:15:37,819 - fhvqe.experiment:553 - DEBUG - number of moments preoptimization: 55
2021-09-14 07:15:37,829 - fhvqe.experiment:554 - DEBUG - depth preoptimization: 55
2021-09-14 07:15:37,920 - fhvqe.experiment:595 - DEBUG - number of moments post-optimization and calibration: 41
2021-09-14 07:15:37,927 - fhvqe.experiment:596 - DEBUG - depth post-optimization and calibration: 41
2021-09-14 07:15:37,942 - fhvqe.experiment:553 - DEBUG - number of moments preoptimization: 49
2021-09-14 07:15:37,951 - fhvqe.experiment:554 - DEBUG - depth preoptimization: 49
2021-09-14 07:15:38,037 - fhvqe.experiment:595 - DEBUG - number of moments post-optimization and calibration: 37
2021-09-14 07:15:38,044 - fhvqe.experiment:596 - DEBUG - depth post-optimization and calibration: 37
2021-09-14 07:15:38,054 - fhvqe.experiment:662 - DEBUG - ansatz with params: [[ 0.      -3.07888 -1.31344]
 [ 0.      -4.01245 -3.64854]]
2021-09-14 07:15:38,074 - fhvqe.experiment:553 - DEBUG - number of moments preoptimization: 51
2021-09-14 07:15:38,083 - fhvqe.experiment:554 - DEBUG - depth preoptimization: 51
2021-09-14 07:15:38,200 - fhvqe.experiment:595 - DEBUG - number of moments post-optimization and calibration: 37
2021-09-14 07:15:38,206 - fhvqe.experiment:596 - DEBUG - depth post-optimization and calibration: 37
2021-09-14 07:15:38,220 - fhvqe.experiment:553 - DEBUG - number of moments preoptimization: 55
2021-09-14 07:15:38,229 - fhvqe.experiment:554 - DEBUG - depth preoptimization: 55
2021-09-14 07:15:38,437 - fhvqe.experiment:595 - DEBUG - number of moments post-optimization and calibration: 41
2021-09-14 07:15:38,456 - fhvqe.experiment:596 - DEBUG - depth post-optimization and calibration: 41
2021-09-14 07:15:38,495 - fhvqe.experiment:553 - DEBUG - number of moments preoptimization: 49
2021-09-14 07:15:38,549 - fhvqe.experiment:554 - DEBUG - depth preoptimization: 49
2021-09-14 07:15:38,708 - fhvqe.experiment:595 - DEBUG - number of moments post-optimization and calibration: 37
2021-09-14 07:15:38,716 - fhvqe.experiment:596 - DEBUG - depth post-optimization and calibration: 37
2021-09-14 07:15:38,728 - fhvqe.experiment:662 - DEBUG - ansatz with params: [[ 0.      -5.49346 -5.73656]
 [ 0.      -1.32223 -3.05705]]
2021-09-14 07:15:38,749 - fhvqe.experiment:553 - DEBUG - number of moments preoptimization: 51
2021-09-14 07:15:38,759 - fhvqe.experiment:554 - DEBUG - depth preoptimization: 51
2021-09-14 07:15:38,836 - fhvqe.experiment:595 - DEBUG - number of moments post-optimization and calibration: 37
2021-09-14 07:15:38,845 - fhvqe.experiment:596 - DEBUG - depth post-optimization and calibration: 37
2021-09-14 07:15:38,872 - fhvqe.experiment:553 - DEBUG - number of moments preoptimization: 55
2021-09-14 07:15:38,884 - fhvqe.experiment:554 - DEBUG - depth preoptimization: 55
2021-09-14 07:15:38,967 - fhvqe.experiment:595 - DEBUG - number of moments post-optimization and calibration: 41
2021-09-14 07:15:38,982 - fhvqe.experiment:596 - DEBUG - depth post-optimization and calibration: 41
2021-09-14 07:15:39,016 - fhvqe.experiment:553 - DEBUG - number of moments preoptimization: 49
2021-09-14 07:15:39,029 - fhvqe.experiment:554 - DEBUG - depth preoptimization: 49
2021-09-14 07:15:39,105 - fhvqe.experiment:595 - DEBUG - number of moments post-optimization and calibration: 37
2021-09-14 07:15:39,111 - fhvqe.experiment:596 - DEBUG - depth post-optimization and calibration: 37
2021-09-14 07:15:39,122 - fhvqe.experiment:662 - DEBUG - ansatz with params: [[ 0.       -5.44561  -1.68616 ]
 [ 0.       -5.99541  -0.440987]]
2021-09-14 07:15:39,158 - fhvqe.experiment:553 - DEBUG - number of moments preoptimization: 51
2021-09-14 07:15:39,178 - fhvqe.experiment:554 - DEBUG - depth preoptimization: 51
2021-09-14 07:15:39,338 - fhvqe.experiment:595 - DEBUG - number of moments post-optimization and calibration: 37
2021-09-14 07:15:39,345 - fhvqe.experiment:596 - DEBUG - depth post-optimization and calibration: 37
2021-09-14 07:15:39,357 - fhvqe.experiment:553 - DEBUG - number of moments preoptimization: 55
2021-09-14 07:15:39,367 - fhvqe.experiment:554 - DEBUG - depth preoptimization: 55
2021-09-14 07:15:39,490 - fhvqe.experiment:595 - DEBUG - number of moments post-optimization and calibration: 41
2021-09-14 07:15:39,508 - fhvqe.experiment:596 - DEBUG - depth post-optimization and calibration: 41
2021-09-14 07:15:39,543 - fhvqe.experiment:553 - DEBUG - number of moments preoptimization: 49
2021-09-14 07:15:39,562 - fhvqe.experiment:554 - DEBUG - depth preoptimization: 49
2021-09-14 07:15:39,748 - fhvqe.experiment:595 - DEBUG - number of moments post-optimization and calibration: 37
2021-09-14 07:15:39,764 - fhvqe.experiment:596 - DEBUG - depth post-optimization and calibration: 37
2021-09-14 07:15:39,789 - fhvqe.experiment:662 - DEBUG - ansatz with params: [[ 0.      -5.75192 -6.00118]
 [ 0.      -4.30115 -3.98124]]
2021-09-14 07:15:40,155 - fhvqe.experiment:553 - DEBUG - number of moments preoptimization: 51
2021-09-14 07:15:40,168 - fhvqe.experiment:554 - DEBUG - depth preoptimization: 51
2021-09-14 07:15:40,259 - fhvqe.experiment:595 - DEBUG - number of moments post-optimization and calibration: 37
2021-09-14 07:15:40,275 - fhvqe.experiment:596 - DEBUG - depth post-optimization and calibration: 37
2021-09-14 07:15:40,304 - fhvqe.experiment:553 - DEBUG - number of moments preoptimization: 55
2021-09-14 07:15:40,331 - fhvqe.experiment:554 - DEBUG - depth preoptimization: 55
2021-09-14 07:15:40,514 - fhvqe.experiment:595 - DEBUG - number of moments post-optimization and calibration: 41
2021-09-14 07:15:40,538 - fhvqe.experiment:596 - DEBUG - depth post-optimization and calibration: 41
2021-09-14 07:15:40,581 - fhvqe.experiment:553 - DEBUG - number of moments preoptimization: 49
2021-09-14 07:15:40,603 - fhvqe.experiment:554 - DEBUG - depth preoptimization: 49
2021-09-14 07:15:40,785 - fhvqe.experiment:595 - DEBUG - number of moments post-optimization and calibration: 37
2021-09-14 07:15:40,802 - fhvqe.experiment:596 - DEBUG - depth post-optimization and calibration: 37
2021-09-14 07:15:40,821 - fhvqe.experiment:662 - DEBUG - ansatz with params: [[ 0.       -3.7131   -0.592184]
 [ 0.       -4.51095  -4.07368 ]]
2021-09-14 07:15:40,857 - fhvqe.experiment:553 - DEBUG - number of moments preoptimization: 51
2021-09-14 07:15:40,871 - fhvqe.experiment:554 - DEBUG - depth preoptimization: 51
2021-09-14 07:15:40,999 - fhvqe.experiment:595 - DEBUG - number of moments post-optimization and calibration: 37
2021-09-14 07:15:41,013 - fhvqe.experiment:596 - DEBUG - depth post-optimization and calibration: 37
2021-09-14 07:15:41,047 - fhvqe.experiment:553 - DEBUG - number of moments preoptimization: 55
2021-09-14 07:15:41,056 - fhvqe.experiment:554 - DEBUG - depth preoptimization: 55
2021-09-14 07:15:41,135 - fhvqe.experiment:595 - DEBUG - number of moments post-optimization and calibration: 41
2021-09-14 07:15:41,142 - fhvqe.experiment:596 - DEBUG - depth post-optimization and calibration: 41
2021-09-14 07:15:41,159 - fhvqe.experiment:553 - DEBUG - number of moments preoptimization: 49
2021-09-14 07:15:41,168 - fhvqe.experiment:554 - DEBUG - depth preoptimization: 49
2021-09-14 07:15:41,250 - fhvqe.experiment:595 - DEBUG - number of moments post-optimization and calibration: 37
2021-09-14 07:15:41,256 - fhvqe.experiment:596 - DEBUG - depth post-optimization and calibration: 37
2021-09-14 07:15:41,266 - fhvqe.experiment:662 - DEBUG - ansatz with params: [[ 0.       -2.7152   -1.86577 ]
 [ 0.       -0.588014 -2.06039 ]]
2021-09-14 07:15:41,286 - fhvqe.experiment:553 - DEBUG - number of moments preoptimization: 51
2021-09-14 07:15:41,295 - fhvqe.experiment:554 - DEBUG - depth preoptimization: 51
2021-09-14 07:15:41,377 - fhvqe.experiment:595 - DEBUG - number of moments post-optimization and calibration: 37
2021-09-14 07:15:41,383 - fhvqe.experiment:596 - DEBUG - depth post-optimization and calibration: 37
2021-09-14 07:15:41,397 - fhvqe.experiment:553 - DEBUG - number of moments preoptimization: 55
2021-09-14 07:15:41,407 - fhvqe.experiment:554 - DEBUG - depth preoptimization: 55
2021-09-14 07:15:41,496 - fhvqe.experiment:595 - DEBUG - number of moments post-optimization and calibration: 41
2021-09-14 07:15:41,503 - fhvqe.experiment:596 - DEBUG - depth post-optimization and calibration: 41
2021-09-14 07:15:41,517 - fhvqe.experiment:553 - DEBUG - number of moments preoptimization: 49
2021-09-14 07:15:41,526 - fhvqe.experiment:554 - DEBUG - depth preoptimization: 49
2021-09-14 07:15:41,633 - fhvqe.experiment:595 - DEBUG - number of moments post-optimization and calibration: 37
2021-09-14 07:15:41,639 - fhvqe.experiment:596 - DEBUG - depth post-optimization and calibration: 37
2021-09-14 07:15:41,649 - fhvqe.experiment:662 - DEBUG - ansatz with params: [[ 0.       -2.57569  -4.7256  ]
 [ 0.       -3.85901  -0.371302]]
2021-09-14 07:15:41,670 - fhvqe.experiment:553 - DEBUG - number of moments preoptimization: 51
2021-09-14 07:15:41,679 - fhvqe.experiment:554 - DEBUG - depth preoptimization: 51
2021-09-14 07:15:41,772 - fhvqe.experiment:595 - DEBUG - number of moments post-optimization and calibration: 37
2021-09-14 07:15:41,779 - fhvqe.experiment:596 - DEBUG - depth post-optimization and calibration: 37
2021-09-14 07:15:41,791 - fhvqe.experiment:553 - DEBUG - number of moments preoptimization: 55
2021-09-14 07:15:41,803 - fhvqe.experiment:554 - DEBUG - depth preoptimization: 55
2021-09-14 07:15:41,898 - fhvqe.experiment:595 - DEBUG - number of moments post-optimization and calibration: 41
2021-09-14 07:15:41,905 - fhvqe.experiment:596 - DEBUG - depth post-optimization and calibration: 41
2021-09-14 07:15:41,920 - fhvqe.experiment:553 - DEBUG - number of moments preoptimization: 49
2021-09-14 07:15:41,929 - fhvqe.experiment:554 - DEBUG - depth preoptimization: 49
2021-09-14 07:15:41,999 - fhvqe.experiment:595 - DEBUG - number of moments post-optimization and calibration: 37
2021-09-14 07:15:42,005 - fhvqe.experiment:596 - DEBUG - depth post-optimization and calibration: 37
2021-09-14 07:15:42,015 - fhvqe.experiment:662 - DEBUG - ansatz with params: [[ 0.       -4.65032  -0.953688]
 [ 0.       -4.94274  -3.13591 ]]
2021-09-14 07:15:42,035 - fhvqe.experiment:553 - DEBUG - number of moments preoptimization: 51
2021-09-14 07:15:42,045 - fhvqe.experiment:554 - DEBUG - depth preoptimization: 51
2021-09-14 07:15:42,145 - fhvqe.experiment:595 - DEBUG - number of moments post-optimization and calibration: 37
2021-09-14 07:15:42,151 - fhvqe.experiment:596 - DEBUG - depth post-optimization and calibration: 37
2021-09-14 07:15:42,164 - fhvqe.experiment:553 - DEBUG - number of moments preoptimization: 55
2021-09-14 07:15:42,174 - fhvqe.experiment:554 - DEBUG - depth preoptimization: 55
2021-09-14 07:15:42,255 - fhvqe.experiment:595 - DEBUG - number of moments post-optimization and calibration: 41
2021-09-14 07:15:42,263 - fhvqe.experiment:596 - DEBUG - depth post-optimization and calibration: 41
2021-09-14 07:15:42,279 - fhvqe.experiment:553 - DEBUG - number of moments preoptimization: 49
2021-09-14 07:15:42,288 - fhvqe.experiment:554 - DEBUG - depth preoptimization: 49
2021-09-14 07:15:42,356 - fhvqe.experiment:595 - DEBUG - number of moments post-optimization and calibration: 37
2021-09-14 07:15:42,363 - fhvqe.experiment:596 - DEBUG - depth post-optimization and calibration: 37
2021-09-14 07:15:42,373 - fhvqe.experiment:662 - DEBUG - ansatz with params: [[ 0.       -0.299448 -3.22459 ]
 [ 0.       -4.5425   -2.32293 ]]
2021-09-14 07:15:42,401 - fhvqe.experiment:553 - DEBUG - number of moments preoptimization: 51
2021-09-14 07:15:42,417 - fhvqe.experiment:554 - DEBUG - depth preoptimization: 51
2021-09-14 07:15:42,505 - fhvqe.experiment:595 - DEBUG - number of moments post-optimization and calibration: 37
2021-09-14 07:15:42,512 - fhvqe.experiment:596 - DEBUG - depth post-optimization and calibration: 37
2021-09-14 07:15:42,534 - fhvqe.experiment:553 - DEBUG - number of moments preoptimization: 55
2021-09-14 07:15:42,549 - fhvqe.experiment:554 - DEBUG - depth preoptimization: 55
2021-09-14 07:15:42,626 - fhvqe.experiment:595 - DEBUG - number of moments post-optimization and calibration: 41
2021-09-14 07:15:42,634 - fhvqe.experiment:596 - DEBUG - depth post-optimization and calibration: 41
2021-09-14 07:15:42,648 - fhvqe.experiment:553 - DEBUG - number of moments preoptimization: 49
2021-09-14 07:15:42,657 - fhvqe.experiment:554 - DEBUG - depth preoptimization: 49
2021-09-14 07:15:42,734 - fhvqe.experiment:595 - DEBUG - number of moments post-optimization and calibration: 37
2021-09-14 07:15:42,740 - fhvqe.experiment:596 - DEBUG - depth post-optimization and calibration: 37
2021-09-14 07:15:42,750 - fhvqe.experiment:662 - DEBUG - ansatz with params: [[ 0.      -5.54704 -4.13572]
 [ 0.      -4.5425  -2.32293]]
2021-09-14 07:15:42,771 - fhvqe.experiment:553 - DEBUG - number of moments preoptimization: 51
2021-09-14 07:15:42,780 - fhvqe.experiment:554 - DEBUG - depth preoptimization: 51
2021-09-14 07:15:42,860 - fhvqe.experiment:595 - DEBUG - number of moments post-optimization and calibration: 37
2021-09-14 07:15:42,867 - fhvqe.experiment:596 - DEBUG - depth post-optimization and calibration: 37
2021-09-14 07:15:42,880 - fhvqe.experiment:553 - DEBUG - number of moments preoptimization: 55
2021-09-14 07:15:42,889 - fhvqe.experiment:554 - DEBUG - depth preoptimization: 55
2021-09-14 07:15:42,975 - fhvqe.experiment:595 - DEBUG - number of moments post-optimization and calibration: 41
2021-09-14 07:15:42,983 - fhvqe.experiment:596 - DEBUG - depth post-optimization and calibration: 41
2021-09-14 07:15:42,998 - fhvqe.experiment:553 - DEBUG - number of moments preoptimization: 49
2021-09-14 07:15:43,006 - fhvqe.experiment:554 - DEBUG - depth preoptimization: 49
2021-09-14 07:15:43,076 - fhvqe.experiment:595 - DEBUG - number of moments post-optimization and calibration: 37
2021-09-14 07:15:43,082 - fhvqe.experiment:596 - DEBUG - depth post-optimization and calibration: 37
2021-09-14 07:15:43,092 - fhvqe.experiment:662 - DEBUG - ansatz with params: [[ 0.       -4.016    -5.5268  ]
 [ 0.       -4.80713  -0.271348]]
2021-09-14 07:15:43,118 - fhvqe.experiment:553 - DEBUG - number of moments preoptimization: 51
2021-09-14 07:15:43,129 - fhvqe.experiment:554 - DEBUG - depth preoptimization: 51
2021-09-14 07:15:43,207 - fhvqe.experiment:595 - DEBUG - number of moments post-optimization and calibration: 37
2021-09-14 07:15:43,213 - fhvqe.experiment:596 - DEBUG - depth post-optimization and calibration: 37
2021-09-14 07:15:43,225 - fhvqe.experiment:553 - DEBUG - number of moments preoptimization: 55
2021-09-14 07:15:43,251 - fhvqe.experiment:554 - DEBUG - depth preoptimization: 55
2021-09-14 07:15:43,440 - fhvqe.experiment:595 - DEBUG - number of moments post-optimization and calibration: 41
2021-09-14 07:15:43,452 - fhvqe.experiment:596 - DEBUG - depth post-optimization and calibration: 41
2021-09-14 07:15:43,475 - fhvqe.experiment:553 - DEBUG - number of moments preoptimization: 49
2021-09-14 07:15:43,498 - fhvqe.experiment:554 - DEBUG - depth preoptimization: 49
2021-09-14 07:15:43,574 - fhvqe.experiment:595 - DEBUG - number of moments post-optimization and calibration: 37
2021-09-14 07:15:43,580 - fhvqe.experiment:596 - DEBUG - depth post-optimization and calibration: 37
2021-09-14 07:15:43,591 - fhvqe.experiment:662 - DEBUG - ansatz with params: [[ 0.    -0.92  -0.874]
 [ 0.    -0.651 -0.188]]
2021-09-14 07:15:43,626 - fhvqe.experiment:553 - DEBUG - number of moments preoptimization: 51
2021-09-14 07:15:43,652 - fhvqe.experiment:554 - DEBUG - depth preoptimization: 51
2021-09-14 07:15:43,762 - fhvqe.experiment:595 - DEBUG - number of moments post-optimization and calibration: 37
2021-09-14 07:15:43,770 - fhvqe.experiment:596 - DEBUG - depth post-optimization and calibration: 37
2021-09-14 07:15:43,790 - fhvqe.experiment:553 - DEBUG - number of moments preoptimization: 55
2021-09-14 07:15:43,800 - fhvqe.experiment:554 - DEBUG - depth preoptimization: 55
2021-09-14 07:15:43,878 - fhvqe.experiment:595 - DEBUG - number of moments post-optimization and calibration: 41
2021-09-14 07:15:43,886 - fhvqe.experiment:596 - DEBUG - depth post-optimization and calibration: 41
2021-09-14 07:15:43,920 - fhvqe.experiment:553 - DEBUG - number of moments preoptimization: 49
2021-09-14 07:15:43,929 - fhvqe.experiment:554 - DEBUG - depth preoptimization: 49
2021-09-14 07:15:44,004 - fhvqe.experiment:595 - DEBUG - number of moments post-optimization and calibration: 37
2021-09-14 07:15:44,010 - fhvqe.experiment:596 - DEBUG - depth post-optimization and calibration: 37
2021-09-14 07:15:44,022 - fhvqe.experiment:662 - DEBUG - ansatz with params: [[-0.259 -0.92  -0.874]
 [-0.796 -0.651 -0.188]]
2021-09-14 07:15:44,055 - fhvqe.experiment:553 - DEBUG - number of moments preoptimization: 51
2021-09-14 07:15:44,077 - fhvqe.experiment:554 - DEBUG - depth preoptimization: 51
2021-09-14 07:15:44,273 - fhvqe.experiment:595 - DEBUG - number of moments post-optimization and calibration: 37
2021-09-14 07:15:44,284 - fhvqe.experiment:596 - DEBUG - depth post-optimization and calibration: 37
2021-09-14 07:15:44,312 - fhvqe.experiment:553 - DEBUG - number of moments preoptimization: 55
2021-09-14 07:15:44,336 - fhvqe.experiment:554 - DEBUG - depth preoptimization: 55
2021-09-14 07:15:44,414 - fhvqe.experiment:595 - DEBUG - number of moments post-optimization and calibration: 41
2021-09-14 07:15:44,422 - fhvqe.experiment:596 - DEBUG - depth post-optimization and calibration: 41
2021-09-14 07:15:44,438 - fhvqe.experiment:553 - DEBUG - number of moments preoptimization: 49
2021-09-14 07:15:44,446 - fhvqe.experiment:554 - DEBUG - depth preoptimization: 49
2021-09-14 07:15:44,536 - fhvqe.experiment:595 - DEBUG - number of moments post-optimization and calibration: 37
2021-09-14 07:15:44,542 - fhvqe.experiment:596 - DEBUG - depth post-optimization and calibration: 37
