{'theta': True, 'zeta': True, 'chi': False, 'gamma': True, 'phi': True, 'time': None}
{'theta': False, 'zeta': False, 'chi': False, 'gamma': False, 'phi': False, 'time': None}
                  (3, 2)
                  │
                  │
         (4, 1)───(4, 2)───(4, 3)
         │        │        │
         │        │        │
(5, 0)───(5, 1)───(5, 2)───(5, 3)───(5, 4)
         │        │        │        │
         │        │        │        │
         (6, 1)───(6, 2)───(6, 3)───(6, 4)───(6, 5)
                  │        │        │        │
                  │        │        │        │
                  (7, 2)───(7, 3)───(7, 4)───(7, 5)───(7, 6)
                           │        │        │
                           │        │        │
                           (8, 3)───(8, 4)───(8, 5)
                                    │
                                    │
                                    (9, 4)
Qubits: 4 2 5 3
Using qubits [cirq.GridQubit(5, 3), cirq.GridQubit(6, 3), cirq.GridQubit(7, 3), cirq.GridQubit(8, 3), cirq.GridQubit(5, 4), cirq.GridQubit(6, 4), cirq.GridQubit(7, 4), cirq.GridQubit(8, 4)]
Using qubits, JW:[cirq.GridQubit(5, 3), cirq.GridQubit(6, 3), cirq.GridQubit(7, 3), cirq.GridQubit(8, 3), cirq.GridQubit(5, 4), cirq.GridQubit(6, 4), cirq.GridQubit(7, 4), cirq.GridQubit(8, 4)]
                  (3, 2)
                  │
                  │
         (4, 1)───(4, 2)───(4, 3)
         │        │        │
         │        │        │
(5, 0)───(5, 1)───(5, 2)───[31m(5, 3)[0m───[35m(5, 4)[0m
         │        │        │        │
         │        │        │        │
         (6, 1)───(6, 2)───[31m(6, 3)[0m───[35m(6, 4)[0m───(6, 5)
                  │        │        │        │
                  │        │        │        │
                  (7, 2)───[31m(7, 3)[0m───[35m(7, 4)[0m───(7, 5)───(7, 6)
                           │        │        │
                           │        │        │
                           [31m(8, 3)[0m───[35m(8, 4)[0m───(8, 5)
                                    │
                                    │
                                    (9, 4)
None
Meas types ['onsite0', 'horiz0', 'horiz1']
Prepped onsite, pairs=[(0, 4), (1, 5), (2, 6), (3, 7)]
Prepped horiz, pairs=[(0, 1), (2, 3), (4, 5), (6, 7)]
Prepped horiz, pairs=[(1, 2), (5, 6)]
Set recompilation to False
Got pairs set [(0, 1), (1, 2), (2, 6), (6, 7), (4, 5), (5, 6), (1, 5), (2, 3), (0, 4), (3, 7)]
---Starting to do calibration: delta 3.7310176439999996
---Starting to set up measurements: delta 0.19954387399999973
---Starting to run VQE: delta 0.3616560900000003
No optimisation, save file is experiments/4x1_single_d2-0914-071437/4x1/processed/processed.json
Given params: [[[[[0.259, 0.92, 0.874], [0.796, 0.651, 0.188]]], [[[-0.259, -0.92, -0.874], [-0.796, -0.651, -0.188]]], [[[0, 0.92, 0.874], [0, 0.651, 0.188]]], [[[0, -0.92, -0.874], [0, -0.651, -0.188]]]]]
---Preparing executables
---Running executables, 12 in batch, delta=1.2351949939999987
---Extracting values delta=1.9837755170000015
---Extracted values delta=29.157237497000004
===-0.9531627302137966 -1.0203003454063813 0.31806164030184947 0.29289595129656365 1631600127.418061
Computed energies [-0.9867315378100889], params [[[[0.259, 0.92, 0.874], [0.796, 0.651, 0.188]]], [[[-0.259, -0.92, -0.874], [-0.796, -0.651, -0.188]]], [[[0, 0.92, 0.874], [0, 0.651, 0.188]]], [[[0, -0.92, -0.874], [0, -0.651, -0.188]]]]
***-0.9867315378100889 1631600127.4206688
---VQE complete: delta 32.383913111000005
---Starting TFLO
Using saved points
Using params [[[0, 3.18362, 6.2764], [0, 3.8246, 5.84549]], [[0, 2.6901, 2.99716], [0, 3.34154, 1.63886]], [[0, 0.841172, 0.857071], [0, 2.83507, 0.132099]], [[0, 0.919596, 3.58906], [0, 2.34207, 4.81843]], [[0, 2.02167, 0.711094], [0, 2.87848, 1.92383]], [[0, 3.07888, 1.31344], [0, 4.01245, 3.64854]], [[0, 5.49346, 5.73656], [0, 1.32223, 3.05705]], [[0, 5.44561, 1.68616], [0, 5.99541, 0.440987]], [[0, 5.75192, 6.00118], [0, 4.30115, 3.98124]], [[0, 3.7131, 0.592184], [0, 4.51095, 4.07368]], [[0, 2.7152, 1.86577], [0, 0.588014, 2.06039]], [[0, 2.57569, 4.7256], [0, 3.85901, 0.371302]], [[0, 4.65032, 0.953688], [0, 4.94274, 3.13591]], [[0, 0.299448, 3.22459], [0, 4.5425, 2.32293]], [[0, 5.54704, 4.13572], [0, 4.5425, 2.32293]], [[0, 4.016, 5.5268], [0, 4.80713, 0.271348]], [[0, 0.92, 0.874], [0, 0.651, 0.188]], [[0.259, 0.92, 0.874], [0.796, 0.651, 0.188]], [[0, -3.18362, -6.2764], [0, -3.8246, -5.84549]], [[0, -2.6901, -2.99716], [0, -3.34154, -1.63886]], [[0, -0.841172, -0.857071], [0, -2.83507, -0.132099]], [[0, -0.919596, -3.58906], [0, -2.34207, -4.81843]], [[0, -2.02167, -0.711094], [0, -2.87848, -1.92383]], [[0, -3.07888, -1.31344], [0, -4.01245, -3.64854]], [[0, -5.49346, -5.73656], [0, -1.32223, -3.05705]], [[0, -5.44561, -1.68616], [0, -5.99541, -0.440987]], [[0, -5.75192, -6.00118], [0, -4.30115, -3.98124]], [[0, -3.7131, -0.592184], [0, -4.51095, -4.07368]], [[0, -2.7152, -1.86577], [0, -0.588014, -2.06039]], [[0, -2.57569, -4.7256], [0, -3.85901, -0.371302]], [[0, -4.65032, -0.953688], [0, -4.94274, -3.13591]], [[0, -0.299448, -3.22459], [0, -4.5425, -2.32293]], [[0, -5.54704, -4.13572], [0, -4.5425, -2.32293]], [[0, -4.016, -5.5268], [0, -4.80713, -0.271348]], [[0, -0.92, -0.874], [0, -0.651, -0.188]], [[-0.259, -0.92, -0.874], [-0.796, -0.651, -0.188]]]
---Preparing executables
---Running executables, 108 in batch, delta=17.125099569
---Extracting values delta=6.234580043999998
---Extracted values delta=69.87540451499999
---Time for noisy calculation: 93.245159967
***TFLON: 0.4904514040964333,0.6813432672449652,1.273443855570167,1.0618114755109844,2.005766489797657,2.5346362347524423,4.074136729202159,3.677517957405435,3.2818515871923495,3.883384699739893,4.47769354914114,5.8282046182506475,4.711243914461247,6.815357296222718,6.530608409957491,7.546059548663719,0.2504659512748384,-0.9949415271672766,0.4012146698152843,0.8817077314843007,0.6360077816508605,1.661899866583231,1.398876829728543,2.9826727684725203,2.448367196045138,3.1670586115807557,3.954180382395067,5.804317189434885,5.333633094224244,5.433987457855248,6.738428561748004,6.000756045986508,6.918579207969154,7.0837722373123375,0.31107559905234733,-1.0701402941428886 1631600220.6762922
Noisy energies by type: {'onsite0': array([3.97696813, 4.12584559, 4.01435019, 4.00992668, 3.99274952,
       4.01014669, 4.14607108, 3.9812756 , 4.02328967, 3.96826391,
       4.08051392, 4.09298429, 4.01181568, 4.15688042, 3.99496486,
       3.9784098 , 4.11294937, 2.14785796, 4.0787142 , 4.0098467 ,
       3.98470447, 4.        , 3.95100128, 3.96856835, 4.00428495,
       4.05758755, 4.09006567, 4.10056208, 3.98256891, 4.00707302,
       4.07636844, 4.06824559, 4.046612  , 3.94078947, 3.95699878,
       1.69276219]), 'horiz0': array([-3.38587433, -3.15989101, -3.1475824 , -2.3125    , -2.08373555,
       -1.46055249, -0.1610874 , -0.60535696, -0.50953246, -0.39539389,
        0.28205694,  0.76034858, -0.59411825,  1.04493827,  1.39460999,
        3.00477049, -3.25212121, -2.5781769 , -2.96797671, -2.78621628,
       -3.4505112 , -1.28637232, -1.92866379, -1.76977172, -1.11825818,
       -0.54496019, -0.5521975 ,  0.60904255,  1.5731404 ,  1.38312031,
        1.4703206 ,  0.3207142 ,  1.4894888 ,  3.30817204, -3.48903169,
       -2.54070395]), 'horiz1': array([-0.1006424 , -0.28461132,  0.40667607, -0.6356152 ,  0.09675252,
       -0.01495796,  0.08915305,  0.30159932, -0.23190562,  0.31051468,
        0.11512269,  0.97487174,  1.29354649,  1.6135386 ,  1.14103356,
        0.56287926, -0.61036221, -0.56462258, -0.70952282, -0.3419227 ,
        0.10181452, -1.05172782, -0.62346066,  0.78387613, -0.43765957,
       -0.34556875,  0.41631221,  1.09471255, -0.22207622,  0.04379413,
        1.19173952,  1.61179625,  1.38247841, -0.16518928, -0.1568915 ,
       -0.22219853])}
Using saved exact energies
Data collected can be found at experiments/4x1_single_d2-0914-071437/4x1
