{'theta': True, 'zeta': True, 'chi': False, 'gamma': True, 'phi': True, 'time': None}
{'theta': False, 'zeta': False, 'chi': False, 'gamma': False, 'phi': False, 'time': None}
                  (3, 2)
                  │
                  │
         (4, 1)───(4, 2)───(4, 3)
         │        │        │
         │        │        │
(5, 0)───(5, 1)───(5, 2)───(5, 3)───(5, 4)
         │        │        │        │
         │        │        │        │
         (6, 1)───(6, 2)───(6, 3)───(6, 4)───(6, 5)
                  │        │        │        │
                  │        │        │        │
                  (7, 2)───(7, 3)───(7, 4)───(7, 5)───(7, 6)
                           │        │        │
                           │        │        │
                           (8, 3)───(8, 4)───(8, 5)
                                    │
                                    │
                                    (9, 4)
Start at: (3, 2), with dr
Using qubits [cirq.GridQubit(3, 2), cirq.GridQubit(4, 2), cirq.GridQubit(4, 3), cirq.GridQubit(5, 3), cirq.GridQubit(5, 4), cirq.GridQubit(6, 4), cirq.GridQubit(6, 5), cirq.GridQubit(7, 5), cirq.GridQubit(4, 1), cirq.GridQubit(5, 1), cirq.GridQubit(5, 2), cirq.GridQubit(6, 2), cirq.GridQubit(6, 3), cirq.GridQubit(7, 3), cirq.GridQubit(7, 4), cirq.GridQubit(8, 4)]
Using qubits, JW:[cirq.GridQubit(3, 2), cirq.GridQubit(4, 2), cirq.GridQubit(4, 3), cirq.GridQubit(5, 3), cirq.GridQubit(5, 4), cirq.GridQubit(6, 4), cirq.GridQubit(6, 5), cirq.GridQubit(7, 5), cirq.GridQubit(4, 1), cirq.GridQubit(5, 1), cirq.GridQubit(5, 2), cirq.GridQubit(6, 2), cirq.GridQubit(6, 3), cirq.GridQubit(7, 3), cirq.GridQubit(7, 4), cirq.GridQubit(8, 4)]
                  [31m(3, 2)[0m
                  │
                  │
         [35m(4, 1)[0m───[31m(4, 2)[0m───[31m(4, 3)[0m
         │        │        │
         │        │        │
(5, 0)───[35m(5, 1)[0m───[35m(5, 2)[0m───[31m(5, 3)[0m───[31m(5, 4)[0m
         │        │        │        │
         │        │        │        │
         (6, 1)───[35m(6, 2)[0m───[35m(6, 3)[0m───[31m(6, 4)[0m───[31m(6, 5)[0m
                  │        │        │        │
                  │        │        │        │
                  (7, 2)───[35m(7, 3)[0m───[35m(7, 4)[0m───[31m(7, 5)[0m───(7, 6)
                           │        │        │
                           │        │        │
                           (8, 3)───[35m(8, 4)[0m───(8, 5)
                                    │
                                    │
                                    (9, 4)
None
Meas types ['onsite0', 'horiz0', 'horiz1']
Prepped onsite, pairs=[(0, 8), (1, 9), (2, 10), (3, 11), (4, 12), (5, 13), (6, 14), (7, 15)]
Prepped horiz, pairs=[(0, 1), (2, 3), (4, 5), (6, 7), (8, 9), (10, 11), (12, 13), (14, 15)]
Prepped horiz, pairs=[(1, 2), (3, 4), (5, 6), (9, 10), (11, 12), (13, 14)]
Set recompilation to False
Got pairs set [(10, 11), (5, 6), (3, 11), (5, 13), (8, 9), (4, 12), (6, 14), (1, 2), (6, 7), (7, 15), (12, 13), (4, 5), (2, 10), (9, 10), (2, 3), (1, 9), (14, 15), (0, 8), (11, 12), (0, 1), (13, 14), (3, 4)]
---Starting to do calibration: delta 2.9867550410000003
---Starting to set up measurements: delta 0.5800585100000006
---Starting to run VQE: delta 1.0012162379999996
No optimisation, save file is experiments/8x1_single_zz_x_U_4_nocc_15_d_1-0914-025044/8x1/processed/processed.json
Given params: [[[[[0.954, 0.858, 0.992]]], [[[-0.954, -0.858, -0.992]]], [[[0, 0.858, 0.992]]], [[[0, -0.858, -0.992]]]]]
---Preparing executables
---Running executables, 12 in batch, delta=4.204459550000001
---Extracting values delta=2.595907897
---Extracted values delta=48.960770517
===26.636330819681636 26.435900734986017 26.61443700428866 26.473514970284793 1631584305.020205
Computed energies [26.536115777333826], params [[[[0.954, 0.858, 0.992]]], [[[-0.954, -0.858, -0.992]]], [[[0, 0.858, 0.992]]], [[[0, -0.858, -0.992]]]]
***26.536115777333826 1631584305.022343
---VQE complete: delta 55.76632601399999
---Starting TFLO
Using saved points
Using params [[[0, 0, 0]], [[0, 0, 0.785398]], [[0, 1.5708, 0.785398]], [[0, 5.49779, 0.785398]], [[0, 3.92699, 0]], [[0, 4.71239, 0.785398]], [[0, 3.14159, 0.785398]], [[0, 0, 4.71239]], [[0, 0.785398, 3.92699]], [[0, 5.49779, 3.14159]], [[0, 4.71239, 4.71239]], [[0, 1.5708, 4.71239]], [[0, 3.14159, 5.49779]], [[0, 3.92699, 4.71239]], [[0, 3.92699, 2.35619]], [[0, 3.92699, 3.92699]], [[0, 0.858, 0.992]], [[0.954, 0.858, 0.992]], [[0, 0, 0]], [[0, 0, -0.785398]], [[0, -1.5708, -0.785398]], [[0, -5.49779, -0.785398]], [[0, -3.92699, 0]], [[0, -4.71239, -0.785398]], [[0, -3.14159, -0.785398]], [[0, 0, -4.71239]], [[0, -0.785398, -3.92699]], [[0, -5.49779, -3.14159]], [[0, -4.71239, -4.71239]], [[0, -1.5708, -4.71239]], [[0, -3.14159, -5.49779]], [[0, -3.92699, -4.71239]], [[0, -3.92699, -2.35619]], [[0, -3.92699, -3.92699]], [[0, -0.858, -0.992]], [[-0.954, -0.858, -0.992]]]
---Preparing executables
---Running executables, 108 in batch, delta=38.14029544
---Extracting values delta=11.579157557000002
---Extracted values delta=90.079437244
---Time for noisy calculation: 139.814199467
***TFLON: 26.55623774842255,26.521663880154478,26.791167580726786,26.589978134120493,26.770448730306768,26.71835683419942,26.98800284240853,26.942331564169827,27.03176670214086,26.79353948793748,26.811710629795733,27.317664332638127,27.142162580001987,26.97863552451638,27.105612133388025,27.061968779809092,26.629985754985757,26.608427565360177,26.54579198420966,26.627829127083615,26.48489970774499,26.822038504675874,26.79258356326211,26.96544424188883,26.805569108377114,26.715079822251475,26.744203250967995,27.048715232590496,27.11975878728469,26.979676102533556,27.246329509627465,27.278934860259035,27.30934977845906,27.382923388200663,26.48978949667249,26.4309597275876 1631584446.871792
Noisy energies by type: {'onsite0': array([28., 28., 28., 28., 28., 28., 28., 28., 28., 28., 28., 28., 28.,
       28., 28., 28., 28., 28., 28., 28., 28., 28., 28., 28., 28., 28.,
       28., 28., 28., 28., 28., 28., 28., 28., 28., 28.]), 'horiz0': array([-0.69287142, -0.72865746, -0.73201581, -0.66027178, -0.72598106,
       -0.61313869, -0.64743848, -0.29675638, -0.31085353, -0.44744526,
       -0.51103896, -0.23149713, -0.47538817, -0.47937974, -0.34711388,
       -0.41302235, -0.75      , -0.82109151, -0.71839465, -0.62795409,
       -0.81573638, -0.54961832, -0.74160028, -0.55507559, -0.72262273,
       -0.54193548, -0.49025271, -0.35174318, -0.39675676, -0.31049099,
       -0.30811936, -0.30538514, -0.26993007, -0.17985125, -0.72445019,
       -0.77026165]), 'horiz1': array([-0.75089083, -0.74967866, -0.47681661, -0.74975008, -0.50357021,
       -0.66850448, -0.36455867, -0.76091205, -0.65737977, -0.75901526,
       -0.67725041, -0.45083854, -0.38244925, -0.54198473, -0.54727398,
       -0.52500887, -0.62001425, -0.57048093, -0.73581337, -0.74421679,
       -0.69936391, -0.62834317, -0.46581616, -0.47948016, -0.47180817,
       -0.74298469, -0.76554404, -0.59954158, -0.48348446, -0.7098329 ,
       -0.44555113, -0.41568   , -0.42072015, -0.43722536, -0.78576031,
       -0.79877863])}
Using saved exact energies
Data collected can be found at experiments/8x1_single_zz_x_U_4_nocc_15_d_1-0914-025044/8x1
