{'theta': True, 'zeta': True, 'chi': False, 'gamma': True, 'phi': True, 'time': None}
{'theta': False, 'zeta': False, 'chi': False, 'gamma': False, 'phi': False, 'time': None}
                  (3, 2)
                  │
                  │
         (4, 1)───(4, 2)───(4, 3)
         │        │        │
         │        │        │
(5, 0)───(5, 1)───(5, 2)───(5, 3)───(5, 4)
         │        │        │        │
         │        │        │        │
         (6, 1)───(6, 2)───(6, 3)───(6, 4)───(6, 5)
                  │        │        │        │
                  │        │        │        │
                  (7, 2)───(7, 3)───(7, 4)───(7, 5)───(7, 6)
                           │        │        │
                           │        │        │
                           (8, 3)───(8, 4)───(8, 5)
                                    │
                                    │
                                    (9, 4)
Start at: (3, 2), with dr
Using qubits [cirq.GridQubit(3, 2), cirq.GridQubit(4, 2), cirq.GridQubit(4, 3), cirq.GridQubit(5, 3), cirq.GridQubit(5, 4), cirq.GridQubit(6, 4), cirq.GridQubit(6, 5), cirq.GridQubit(7, 5), cirq.GridQubit(4, 1), cirq.GridQubit(5, 1), cirq.GridQubit(5, 2), cirq.GridQubit(6, 2), cirq.GridQubit(6, 3), cirq.GridQubit(7, 3), cirq.GridQubit(7, 4), cirq.GridQubit(8, 4)]
Using qubits, JW:[cirq.GridQubit(3, 2), cirq.GridQubit(4, 2), cirq.GridQubit(4, 3), cirq.GridQubit(5, 3), cirq.GridQubit(5, 4), cirq.GridQubit(6, 4), cirq.GridQubit(6, 5), cirq.GridQubit(7, 5), cirq.GridQubit(4, 1), cirq.GridQubit(5, 1), cirq.GridQubit(5, 2), cirq.GridQubit(6, 2), cirq.GridQubit(6, 3), cirq.GridQubit(7, 3), cirq.GridQubit(7, 4), cirq.GridQubit(8, 4)]
                  [31m(3, 2)[0m
                  │
                  │
         [35m(4, 1)[0m───[31m(4, 2)[0m───[31m(4, 3)[0m
         │        │        │
         │        │        │
(5, 0)───[35m(5, 1)[0m───[35m(5, 2)[0m───[31m(5, 3)[0m───[31m(5, 4)[0m
         │        │        │        │
         │        │        │        │
         (6, 1)───[35m(6, 2)[0m───[35m(6, 3)[0m───[31m(6, 4)[0m───[31m(6, 5)[0m
                  │        │        │        │
                  │        │        │        │
                  (7, 2)───[35m(7, 3)[0m───[35m(7, 4)[0m───[31m(7, 5)[0m───(7, 6)
                           │        │        │
                           │        │        │
                           (8, 3)───[35m(8, 4)[0m───(8, 5)
                                    │
                                    │
                                    (9, 4)
None
Meas types ['onsite0', 'horiz0', 'horiz1']
Prepped onsite, pairs=[(0, 8), (1, 9), (2, 10), (3, 11), (4, 12), (5, 13), (6, 14), (7, 15)]
Prepped horiz, pairs=[(0, 1), (2, 3), (4, 5), (6, 7), (8, 9), (10, 11), (12, 13), (14, 15)]
Prepped horiz, pairs=[(1, 2), (3, 4), (5, 6), (9, 10), (11, 12), (13, 14)]
Set recompilation to False
Got pairs set [(10, 11), (5, 6), (3, 11), (5, 13), (8, 9), (4, 12), (6, 14), (1, 2), (6, 7), (7, 15), (12, 13), (4, 5), (2, 10), (9, 10), (2, 3), (1, 9), (14, 15), (0, 8), (11, 12), (0, 1), (13, 14), (3, 4)]
---Starting to do calibration: delta 3.6727824019999993
---Starting to set up measurements: delta 1.1036965419999998
---Starting to run VQE: delta 1.909535688
No optimisation, save file is experiments/8x1_single_zz_x_U_8_nocc_1_d_1-0916-145303/8x1/processed/processed.json
Given params: [[[[[0.981, 0.983, 0.942]]], [[[-0.981, -0.983, -0.942]]], [[[0, 0.983, 0.942]]], [[[0, -0.983, -0.942]]]]]
---Preparing executables
---Running executables, 12 in batch, delta=6.380613043
---Extracting values delta=2.3688769450000002
---Extracted values delta=58.98107196
===-1.4354016210889182 -1.300294441327472 -1.3782307683652482 -1.2864664735477946 1631800458.3937101
Computed energies [-1.367848031208195], params [[[[0.981, 0.983, 0.942]]], [[[-0.981, -0.983, -0.942]]], [[[0, 0.983, 0.942]]], [[[0, -0.983, -0.942]]]]
***-1.367848031208195 1631800458.400048
---VQE complete: delta 67.739629253
---Starting TFLO
Using saved points
Using params [[[0, 0, 0]], [[0, 0, 0.785398]], [[0, 1.5708, 0.785398]], [[0, 5.49779, 0.785398]], [[0, 2.35619, 0]], [[0, 4.71239, 0.785398]], [[0, 3.14159, 0.785398]], [[0, 0, 4.71239]], [[0, 0.785398, 3.92699]], [[0, 5.49779, 3.14159]], [[0, 4.71239, 4.71239]], [[0, 1.5708, 4.71239]], [[0, 3.14159, 5.49779]], [[0, 3.92699, 4.71239]], [[0, 3.92699, 2.35619]], [[0, 3.92699, 3.92699]], [[0, 0.983, 0.942]], [[0.981, 0.983, 0.942]], [[0, 0, 0]], [[0, 0, -0.785398]], [[0, -1.5708, -0.785398]], [[0, -5.49779, -0.785398]], [[0, -2.35619, 0]], [[0, -4.71239, -0.785398]], [[0, -3.14159, -0.785398]], [[0, 0, -4.71239]], [[0, -0.785398, -3.92699]], [[0, -5.49779, -3.14159]], [[0, -4.71239, -4.71239]], [[0, -1.5708, -4.71239]], [[0, -3.14159, -5.49779]], [[0, -3.92699, -4.71239]], [[0, -3.92699, -2.35619]], [[0, -3.92699, -3.92699]], [[0, -0.983, -0.942]], [[-0.981, -0.983, -0.942]]]
---Preparing executables
---Running executables, 108 in batch, delta=55.534522257999996
---Extracting values delta=5.565351281000005
---Extracted values delta=95.37731581400001
---Time for noisy calculation: 156.496762574
***TFLON: -1.211657056249261,-1.2316857199078335,-1.3995690336830866,-1.020864234283124,-1.3690258438663174,-0.9547722952550716,-1.2084997090917677,-0.9261186550386905,-1.0185345001471346,-0.9364523983481214,-0.7770373171167198,-0.8635800886829408,-0.7708418232230083,-0.7082025178451724,-0.722702558383836,-0.6936333511507576,-1.3877160298213294,-1.4312852135293364,-1.2637770555235046,-1.3027122167420062,-1.261851381228014,-1.2080208541468638,-1.2272959030752473,-1.1940969386062161,-1.2204946998019224,-0.8867797074673307,-0.9485066007070897,-1.0329051749294371,-0.9297165741378258,-0.7037697104350702,-0.8236673039361098,-0.8585897551134547,-0.9056959510137548,-0.8311189420835956,-1.2928192171820947,-1.3087645337645337 1631800617.757026
Noisy energies by type: {'onsite0': array([0., 0., 0., 0., 0., 0., 0., 0., 0., 0., 0., 0., 0., 0., 0., 0., 0.,
       0., 0., 0., 0., 0., 0., 0., 0., 0., 0., 0., 0., 0., 0., 0., 0., 0.,
       0., 0.]), 'horiz0': array([-0.56527359, -0.57993475, -0.75922154, -0.43655352, -0.77867118,
       -0.44937485, -0.65574168, -0.26426616, -0.3328956 , -0.33629498,
       -0.27097315, -0.2238869 , -0.26099707, -0.21691332, -0.22098106,
       -0.17169069, -0.70709079, -0.73453725, -0.59966777, -0.62184874,
       -0.73488865, -0.53921788, -0.73722317, -0.58346299, -0.71005525,
       -0.23032714, -0.34963325, -0.38925877, -0.32402235, -0.17171717,
       -0.30197914, -0.29404362, -0.33474129, -0.26934216, -0.70939086,
       -0.68191268]), 'horiz1': array([-0.64638347, -0.65175097, -0.64034749, -0.58431071, -0.59035466,
       -0.50539745, -0.55275802, -0.66185249, -0.6856389 , -0.60015742,
       -0.50606416, -0.63969319, -0.50984476, -0.4912892 , -0.5017215 ,
       -0.52194266, -0.68062524, -0.69674797, -0.66410928, -0.68086348,
       -0.52696273, -0.66880298, -0.49007273, -0.61063395, -0.51043945,
       -0.65645256, -0.59887335, -0.64364641, -0.60569423, -0.53205254,
       -0.52168816, -0.56454613, -0.57095466, -0.56177678, -0.58342835,
       -0.62685185])}
Using saved exact energies
Data collected can be found at experiments/8x1_single_zz_x_U_8_nocc_1_d_1-0916-145303/8x1
