{'theta': True, 'zeta': True, 'chi': False, 'gamma': True, 'phi': True, 'time': None}
{'theta': False, 'zeta': False, 'chi': False, 'gamma': False, 'phi': False, 'time': None}
                  (3, 2)
                  │
                  │
         (4, 1)───(4, 2)───(4, 3)
         │        │        │
         │        │        │
(5, 0)───(5, 1)───(5, 2)───(5, 3)───(5, 4)
         │        │        │        │
         │        │        │        │
         (6, 1)───(6, 2)───(6, 3)───(6, 4)───(6, 5)
                  │        │        │        │
                  │        │        │        │
                  (7, 2)───(7, 3)───(7, 4)───(7, 5)───(7, 6)
                           │        │        │
                           │        │        │
                           (8, 3)───(8, 4)───(8, 5)
                                    │
                                    │
                                    (9, 4)
Qubits: 4 2 5 3
Using qubits [cirq.GridQubit(5, 3), cirq.GridQubit(6, 3), cirq.GridQubit(7, 3), cirq.GridQubit(8, 3), cirq.GridQubit(5, 4), cirq.GridQubit(6, 4), cirq.GridQubit(7, 4), cirq.GridQubit(8, 4)]
Using qubits, JW:[cirq.GridQubit(5, 3), cirq.GridQubit(6, 3), cirq.GridQubit(7, 3), cirq.GridQubit(8, 3), cirq.GridQubit(5, 4), cirq.GridQubit(6, 4), cirq.GridQubit(7, 4), cirq.GridQubit(8, 4)]
                  (3, 2)
                  │
                  │
         (4, 1)───(4, 2)───(4, 3)
         │        │        │
         │        │        │
(5, 0)───(5, 1)───(5, 2)───[31m(5, 3)[0m───[35m(5, 4)[0m
         │        │        │        │
         │        │        │        │
         (6, 1)───(6, 2)───[31m(6, 3)[0m───[35m(6, 4)[0m───(6, 5)
                  │        │        │        │
                  │        │        │        │
                  (7, 2)───[31m(7, 3)[0m───[35m(7, 4)[0m───(7, 5)───(7, 6)
                           │        │        │
                           │        │        │
                           [31m(8, 3)[0m───[35m(8, 4)[0m───(8, 5)
                                    │
                                    │
                                    (9, 4)
None
Meas types ['onsite0', 'horiz0', 'horiz1']
Prepped onsite, pairs=[(0, 4), (1, 5), (2, 6), (3, 7)]
Prepped horiz, pairs=[(0, 1), (2, 3), (4, 5), (6, 7)]
Prepped horiz, pairs=[(1, 2), (5, 6)]
Set recompilation to False
Got pairs set [(0, 1), (1, 2), (2, 6), (6, 7), (4, 5), (5, 6), (1, 5), (2, 3), (0, 4), (3, 7)]
---Starting to do calibration: delta 3.5824589620000005
---Starting to set up measurements: delta 0.22076171500000008
---Starting to run VQE: delta 0.4180134560000006
No optimisation, save file is experiments/4x1_single_d2-0914-064143/4x1/processed/processed.json
Given params: [[[[[0.33, 0.654, 0.855], [0.61, 0.558, 0.324]]], [[[-0.33, -0.654, -0.855], [-0.61, -0.558, -0.324]]], [[[0, 0.654, 0.855], [0, 0.558, 0.324]]], [[[0, -0.654, -0.855], [0, -0.558, -0.324]]]]]
---Preparing executables
---Running executables, 12 in batch, delta=1.3240312549999995
---Extracting values delta=1.9696973490000005
---Extracted values delta=40.65756957
===-1.9979988192862086 -2.0807559362271526 -1.675415196183865 -1.6120634642735499 1631598151.669729
Computed energies [-2.0393773777566806], params [[[[0.33, 0.654, 0.855], [0.61, 0.558, 0.324]]], [[[-0.33, -0.654, -0.855], [-0.61, -0.558, -0.324]]], [[[0, 0.654, 0.855], [0, 0.558, 0.324]]], [[[0, -0.654, -0.855], [0, -0.558, -0.324]]]]
***-2.0393773777566806 1631598151.671093
---VQE complete: delta 43.954676733
---Starting TFLO
Using saved points
Using params [[[0, 0.841172, 0.857071], [0, 0, 0]], [[0, 4.40345, 2.22149], [0, 3.12223, 4.17927]], [[0, 3.04784, 5.70529], [0, 4.01245, 3.64854]], [[0, 0.919596, 3.58906], [0, 2.34207, 4.81843]], [[0, 1.15139, 0.356395], [0, 0.0881259, 2.82618]], [[0, 2.38498, 3.00926], [0, 2.39716, 3.9606]], [[0, 3.7131, 0.592184], [0, 0.635129, 1.45883]], [[0, 2.82444, 0.898211], [0, 3.66927, 4.15525]], [[0, 3.5479, 1.33981], [0, 1.71022, 2.84285]], [[0, 0.0714766, 0.898635], [0, 4.22934, 2.26966]], [[0, 3.07888, 1.31344], [0, 1.32223, 3.05705]], [[0, 0.0714766, 0.898635], [0, 3.10645, 4.57853]], [[0, 0.349024, 2.96318], [0, 4.46903, 0.142]], [[0, 0.349024, 2.96318], [0, 5.37895, 5.4726]], [[0, 2.38498, 3.00926], [0, 4.93441, 4.41509]], [[0, 0.299448, 3.22459], [0, 4.5425, 2.32293]], [[0, 0.654, 0.855], [0, 0.558, 0.324]], [[0.33, 0.654, 0.855], [0.61, 0.558, 0.324]], [[0, -0.841172, -0.857071], [0, 0, 0]], [[0, -4.40345, -2.22149], [0, -3.12223, -4.17927]], [[0, -3.04784, -5.70529], [0, -4.01245, -3.64854]], [[0, -0.919596, -3.58906], [0, -2.34207, -4.81843]], [[0, -1.15139, -0.356395], [0, -0.0881259, -2.82618]], [[0, -2.38498, -3.00926], [0, -2.39716, -3.9606]], [[0, -3.7131, -0.592184], [0, -0.635129, -1.45883]], [[0, -2.82444, -0.898211], [0, -3.66927, -4.15525]], [[0, -3.5479, -1.33981], [0, -1.71022, -2.84285]], [[0, -0.0714766, -0.898635], [0, -4.22934, -2.26966]], [[0, -3.07888, -1.31344], [0, -1.32223, -3.05705]], [[0, -0.0714766, -0.898635], [0, -3.10645, -4.57853]], [[0, -0.349024, -2.96318], [0, -4.46903, -0.142]], [[0, -0.349024, -2.96318], [0, -5.37895, -5.4726]], [[0, -2.38498, -3.00926], [0, -4.93441, -4.41509]], [[0, -0.299448, -3.22459], [0, -4.5425, -2.32293]], [[0, -0.654, -0.855], [0, -0.558, -0.324]], [[-0.33, -0.654, -0.855], [-0.61, -0.558, -0.324]]]
---Preparing executables
---Running executables, 108 in batch, delta=11.716703467999999
---Extracting values delta=6.472677921999988
---Extracted values delta=73.962787513
---Time for noisy calculation: 92.162566263
***TFLON: -1.5758253736679502,-1.5505334007899463,-1.1406188759330829,-0.9949955068170679,-1.3040540782642023,-0.4076014408250026,-0.45296696674923964,0.023194996616751506,0.06441104414915588,0.2539218765933645,0.5408997573400989,1.1724833078761752,0.8741725514215943,1.9854753277519843,1.4355861932950875,2.002279585032994,-1.652657574165456,-1.9881679895766975,-1.6234839575082844,-1.5708276527692544,-1.595194561865839,-0.8577104966950438,-0.34162928809450277,-0.38880140739586544,0.5421995185010798,0.14179198486406763,0.48902313335289715,1.0290738698651376,1.0495729948356114,1.4448273313107922,1.661708993547153,1.206289210229578,1.791430776819082,2.326605541785071,-1.4800370061263817,-2.012113430645404 1631598243.840058
Noisy energies by type: {'onsite0': array([1.14176802, 1.08323223, 0.99926883, 1.22696201, 1.02724288,
       1.53512977, 1.09463415, 1.18594801, 1.3601752 , 1.12699135,
       1.03245851, 1.25413862, 1.63055973, 1.19043782, 1.43372601,
       1.72156377, 1.08839674, 0.4671151 , 1.15475763, 1.02407002,
       0.98565625, 1.23560758, 1.02129974, 1.68776806, 1.10699187,
       1.16504529, 1.54363862, 1.2532886 , 1.12295901, 1.30267649,
       1.75421348, 1.13748815, 1.66515075, 1.74227902, 1.24396409,
       0.59810532]), 'horiz0': array([-1.6255742 , -1.66605269, -1.30121438, -1.00856876, -1.36700812,
       -0.41294606, -0.83570735, -0.0586242 ,  0.146887  , -0.53895984,
        0.54707484,  0.27387588, -0.72810977,  1.37603534,  0.10443908,
        0.31855651, -1.62052667, -1.49688906, -1.66815571, -1.61410958,
       -1.51447512, -0.76673714, -0.41405247, -0.3976955 ,  0.32288094,
        0.05647869,  0.57176352,  0.06657298,  1.23567094,  0.48975284,
       -0.08978328,  0.62004907,  0.11081568,  0.59936742, -1.54690672,
       -1.58929825]), 'horiz1': array([-1.09201919, -0.96771293, -0.83867332, -1.21338876, -0.96428883,
       -1.52978516, -0.71189376, -1.10412882, -1.44265116, -0.33410964,
       -1.03863359, -0.3555312 , -0.02827741, -0.58099783, -0.10257889,
       -0.0378407 , -1.12052765, -0.95839403, -1.11008588, -0.9807881 ,
       -1.06637569, -1.32658094, -0.94887656, -1.67887396, -0.88767329,
       -1.07973199, -1.62637901, -0.29078772, -1.30905696, -0.34760199,
       -0.00272121, -0.55124801,  0.01546435, -0.0150409 , -1.17709438,
       -1.0209205 ])}
Using saved exact energies
Data collected can be found at experiments/4x1_single_d2-0914-064143/4x1
