{'theta': True, 'zeta': True, 'chi': False, 'gamma': True, 'phi': True, 'time': None}
{'theta': False, 'zeta': False, 'chi': False, 'gamma': False, 'phi': False, 'time': None}
                  (3, 2)
                  │
                  │
         (4, 1)───(4, 2)───(4, 3)
         │        │        │
         │        │        │
(5, 0)───(5, 1)───(5, 2)───(5, 3)───(5, 4)
         │        │        │        │
         │        │        │        │
         (6, 1)───(6, 2)───(6, 3)───(6, 4)───(6, 5)
                  │        │        │        │
                  │        │        │        │
                  (7, 2)───(7, 3)───(7, 4)───(7, 5)───(7, 6)
                           │        │        │
                           │        │        │
                           (8, 3)───(8, 4)───(8, 5)
                                    │
                                    │
                                    (9, 4)
Start at: (3, 2), with dr
Using qubits [cirq.GridQubit(3, 2), cirq.GridQubit(4, 2), cirq.GridQubit(4, 3), cirq.GridQubit(5, 3), cirq.GridQubit(5, 4), cirq.GridQubit(6, 4), cirq.GridQubit(6, 5), cirq.GridQubit(7, 5), cirq.GridQubit(4, 1), cirq.GridQubit(5, 1), cirq.GridQubit(5, 2), cirq.GridQubit(6, 2), cirq.GridQubit(6, 3), cirq.GridQubit(7, 3), cirq.GridQubit(7, 4), cirq.GridQubit(8, 4)]
Using qubits, JW:[cirq.GridQubit(3, 2), cirq.GridQubit(4, 2), cirq.GridQubit(4, 3), cirq.GridQubit(5, 3), cirq.GridQubit(5, 4), cirq.GridQubit(6, 4), cirq.GridQubit(6, 5), cirq.GridQubit(7, 5), cirq.GridQubit(4, 1), cirq.GridQubit(5, 1), cirq.GridQubit(5, 2), cirq.GridQubit(6, 2), cirq.GridQubit(6, 3), cirq.GridQubit(7, 3), cirq.GridQubit(7, 4), cirq.GridQubit(8, 4)]
                  [31m(3, 2)[0m
                  │
                  │
         [35m(4, 1)[0m───[31m(4, 2)[0m───[31m(4, 3)[0m
         │        │        │
         │        │        │
(5, 0)───[35m(5, 1)[0m───[35m(5, 2)[0m───[31m(5, 3)[0m───[31m(5, 4)[0m
         │        │        │        │
         │        │        │        │
         (6, 1)───[35m(6, 2)[0m───[35m(6, 3)[0m───[31m(6, 4)[0m───[31m(6, 5)[0m
                  │        │        │        │
                  │        │        │        │
                  (7, 2)───[35m(7, 3)[0m───[35m(7, 4)[0m───[31m(7, 5)[0m───(7, 6)
                           │        │        │
                           │        │        │
                           (8, 3)───[35m(8, 4)[0m───(8, 5)
                                    │
                                    │
                                    (9, 4)
None
Meas types ['onsite0', 'horiz0', 'vert02', 'vert12']
Prepped onsite, pairs=[(0, 8), (1, 9), (2, 10), (3, 11), (4, 12), (5, 13), (6, 14), (7, 15)]
Prepped horiz, pairs=[(0, 1), (2, 3), (4, 5), (6, 7), (8, 9), (10, 11), (12, 13), (14, 15)]
Prepped vert0, pairs=[(1, 2), (3, 4), (5, 6), (9, 10), (11, 12), (13, 14)]
Prepped vert1, pairs=[(1, 2), (3, 4), (5, 6), (9, 10), (11, 12), (13, 14)]
Set recompilation to False
Got pairs set [(10, 11), (5, 6), (3, 11), (5, 13), (8, 9), (4, 12), (6, 14), (1, 2), (6, 7), (7, 15), (12, 13), (4, 5), (2, 10), (9, 10), (2, 3), (1, 9), (14, 15), (0, 8), (11, 12), (0, 1), (13, 14), (3, 4)]
---Starting to do calibration: delta 4.1704662500000005
---Starting to set up measurements: delta 1.2922705299999997
---Starting to run VQE: delta 2.3147445920000003
No optimisation, save file is experiments/4x2_single_U_8_nocc_11_d_1-0919-205639/2x4/processed/processed.json
Given params: [[[[[0.793, 0.363, 0.614, 0.507]]], [[[-0.793, -0.363, -0.614, -0.507]]], [[[0, 0.363, 0.614, 0.507]]], [[[0, -0.363, -0.614, -0.507]]]]]
---Preparing executables
---Running executables, 16 in batch, delta=9.505882816000002
---Extracting values delta=2.554238170999998
---Extracted values delta=71.94884859199999
===23.091936410793053 22.306829179720648 24.614097511907556 24.36956530424052 1632081490.9406312
Computed energies [22.699382795256852], params [[[[0.793, 0.363, 0.614, 0.507]]], [[[-0.793, -0.363, -0.614, -0.507]]], [[[0, 0.363, 0.614, 0.507]]], [[[0, -0.363, -0.614, -0.507]]]]
***22.699382795256852 1632081490.9428852
---VQE complete: delta 84.017496484
---Starting TFLO
Using saved points
Using params [[[0, 0, 0, 0]], [[0, 1.5708, 4.71239, 0]], [[0, 3.14159, 3.14159, 0]], [[0, 3.14159, 3.92699, 0.785398]], [[0, 0.785398, 3.14159, 1.5708]], [[0, 4.71239, 3.92699, 1.5708]], [[0, 0.785398, 0, 3.92699]], [[0, 0, 1.5708, 3.92699]], [[0, 0, 5.49779, 3.92699]], [[0, 0, 4.71239, 3.14159]], [[0, 4.71239, 5.49779, 5.49779]], [[0, 3.92699, 4.71239, 3.92699]], [[0, 3.14159, 3.14159, 3.92699]], [[0, 0.785398, 4.71239, 5.49779]], [[0, 4.71239, 2.35619, 5.49779]], [[0, 0, 3.92699, 5.49779]], [[0, 0.363, 0.614, 0.507]], [[0.793, 0.363, 0.614, 0.507]], [[0, 0, 0, 0]], [[0, -1.5708, -4.71239, 0]], [[0, -3.14159, -3.14159, 0]], [[0, -3.14159, -3.92699, -0.785398]], [[0, -0.785398, -3.14159, -1.5708]], [[0, -4.71239, -3.92699, -1.5708]], [[0, -0.785398, 0, -3.92699]], [[0, 0, -1.5708, -3.92699]], [[0, 0, -5.49779, -3.92699]], [[0, 0, -4.71239, -3.14159]], [[0, -4.71239, -5.49779, -5.49779]], [[0, -3.92699, -4.71239, -3.92699]], [[0, -3.14159, -3.14159, -3.92699]], [[0, -0.785398, -4.71239, -5.49779]], [[0, -4.71239, -2.35619, -5.49779]], [[0, 0, -3.92699, -5.49779]], [[0, -0.363, -0.614, -0.507]], [[-0.793, -0.363, -0.614, -0.507]]]
---Preparing executables
---Running executables, 144 in batch, delta=102.64949087400001
---Extracting values delta=10.934077271000007
---Extracted values delta=145.902406898
---Time for noisy calculation: 259.51010599100005
***TFLON: 24.2405356888037,24.642095025090434,25.060358322065646,25.98362874445684,26.25973982594601,26.750084667528448,27.74737839526198,28.619012946849885,29.584951439743467,30.223728258530585,30.668911446068815,31.344980099893153,32.63609539737443,33.136969294672085,33.51435939097035,34.84257109662052,24.463339850588746,23.00380495901884,24.417281462980096,25.084552595357053,25.213402483946656,26.027278825510304,27.245949366269382,26.896473687355723,28.230580220127763,29.45737656568756,29.791842587550946,30.514292036708298,31.07157395639324,31.55702462945432,31.962955251827974,32.766686080571866,33.93567822632016,34.744034154202105,24.235858137749968,22.366871940858143 1632081753.3418062
Noisy energies by type: {'onsite0': array([30.00342661, 30.04302261, 29.87270766, 30.22552401, 29.70581778,
       30.130821  , 29.80842912, 30.15935141, 30.00053865, 30.14739166,
       29.88919364, 30.27493851, 30.08916509, 30.22529224, 29.99073822,
       29.98085106, 30.25702128, 27.71698113, 30.09798271, 30.13398961,
       29.85807181, 30.14769572, 30.17701149, 29.84247147, 30.22375215,
       30.2750275 , 30.07550117, 30.14117001, 30.16094364, 30.06261707,
       29.80782918, 30.06874836, 30.24068158, 29.99047886, 29.96535797,
       27.61430119]), 'horiz0': array([-2.22472247, -2.22050401, -2.14212034, -2.07217662, -1.53828306,
       -1.85485256, -2.1642797 , -0.97682021, -1.62219699, -0.93626622,
       -1.51706771, -0.73643851,  0.96987448, -0.08347153,  1.13633771,
        1.44971098, -2.17841815, -1.70953437, -2.18889598, -1.96493279,
       -2.03688281, -1.99881867, -1.36123612, -1.66901615, -2.19914216,
       -0.55099648, -1.69171271, -0.98626216, -1.58735854, -0.68341709,
        0.62703165, -0.13780919,  1.20639535,  1.37680323, -2.24984615,
       -2.21568627]), 'vert02': array([-1.87693657, -1.67428571, -1.31366546, -1.21005835, -0.82653352,
       -0.99400708,  0.07322897,  0.35058431,  0.25568182, -0.05502137,
        1.12706887,  0.42278348,  0.76994189,  1.47898056,  1.28639241,
        1.73448365, -1.83282396, -1.55162242, -1.81311475, -1.64886397,
       -1.31964549, -1.25657143, -0.78631757, -0.95891156,  0.20782609,
        0.61149681,  0.38498403,  0.02375751,  1.17297435,  0.47995836,
        0.7609795 ,  1.33255512,  1.55902384,  1.62719298, -1.67238212,
       -1.48271168]), 'vert12': array([-1.66123188, -1.50613787, -1.35656353, -0.9596603 , -1.08126137,
       -0.53187668,  0.03      , -0.91410256,  0.95092796,  1.06762418,
        1.16971665,  1.38369663,  0.80711394,  1.51616803,  1.10089106,
        1.6775254 , -1.78243932, -1.45201939, -1.67869051, -1.43564025,
       -1.28814103, -0.86502681, -0.78350844, -0.31807007, -0.00185586,
       -0.87815126,  1.0230701 ,  1.33562668,  1.32501451,  1.69786629,
        0.76711491,  1.50319178,  0.92957746,  1.74955908, -1.80727156,
       -1.5490313 ])}
Using saved exact energies
Data collected can be found at experiments/4x2_single_U_8_nocc_11_d_1-0919-205639/2x4
