{'theta': True, 'zeta': True, 'chi': False, 'gamma': True, 'phi': True, 'time': None}
{'theta': False, 'zeta': False, 'chi': False, 'gamma': False, 'phi': False, 'time': None}
                  (3, 2)
                  │
                  │
         (4, 1)───(4, 2)───(4, 3)
         │        │        │
         │        │        │
(5, 0)───(5, 1)───(5, 2)───(5, 3)───(5, 4)
         │        │        │        │
         │        │        │        │
         (6, 1)───(6, 2)───(6, 3)───(6, 4)───(6, 5)
                  │        │        │        │
                  │        │        │        │
                  (7, 2)───(7, 3)───(7, 4)───(7, 5)───(7, 6)
                           │        │        │
                           │        │        │
                           (8, 3)───(8, 4)───(8, 5)
                                    │
                                    │
                                    (9, 4)
Start at: (3, 2), with dr
Using qubits [cirq.GridQubit(3, 2), cirq.GridQubit(4, 2), cirq.GridQubit(4, 3), cirq.GridQubit(5, 3), cirq.GridQubit(5, 4), cirq.GridQubit(6, 4), cirq.GridQubit(6, 5), cirq.GridQubit(7, 5), cirq.GridQubit(4, 1), cirq.GridQubit(5, 1), cirq.GridQubit(5, 2), cirq.GridQubit(6, 2), cirq.GridQubit(6, 3), cirq.GridQubit(7, 3), cirq.GridQubit(7, 4), cirq.GridQubit(8, 4)]
Using qubits, JW:[cirq.GridQubit(3, 2), cirq.GridQubit(4, 2), cirq.GridQubit(4, 3), cirq.GridQubit(5, 3), cirq.GridQubit(5, 4), cirq.GridQubit(6, 4), cirq.GridQubit(6, 5), cirq.GridQubit(7, 5), cirq.GridQubit(4, 1), cirq.GridQubit(5, 1), cirq.GridQubit(5, 2), cirq.GridQubit(6, 2), cirq.GridQubit(6, 3), cirq.GridQubit(7, 3), cirq.GridQubit(7, 4), cirq.GridQubit(8, 4)]
                  [31m(3, 2)[0m
                  │
                  │
         [35m(4, 1)[0m───[31m(4, 2)[0m───[31m(4, 3)[0m
         │        │        │
         │        │        │
(5, 0)───[35m(5, 1)[0m───[35m(5, 2)[0m───[31m(5, 3)[0m───[31m(5, 4)[0m
         │        │        │        │
         │        │        │        │
         (6, 1)───[35m(6, 2)[0m───[35m(6, 3)[0m───[31m(6, 4)[0m───[31m(6, 5)[0m
                  │        │        │        │
                  │        │        │        │
                  (7, 2)───[35m(7, 3)[0m───[35m(7, 4)[0m───[31m(7, 5)[0m───(7, 6)
                           │        │        │
                           │        │        │
                           (8, 3)───[35m(8, 4)[0m───(8, 5)
                                    │
                                    │
                                    (9, 4)
None
Meas types ['onsite0', 'horiz0', 'vert02', 'vert12']
Prepped onsite, pairs=[(0, 8), (1, 9), (2, 10), (3, 11), (4, 12), (5, 13), (6, 14), (7, 15)]
Prepped horiz, pairs=[(0, 1), (2, 3), (4, 5), (6, 7), (8, 9), (10, 11), (12, 13), (14, 15)]
Prepped vert0, pairs=[(1, 2), (3, 4), (5, 6), (9, 10), (11, 12), (13, 14)]
Prepped vert1, pairs=[(1, 2), (3, 4), (5, 6), (9, 10), (11, 12), (13, 14)]
Set recompilation to False
Got pairs set [(10, 11), (5, 6), (3, 11), (5, 13), (8, 9), (4, 12), (6, 14), (1, 2), (6, 7), (7, 15), (12, 13), (4, 5), (2, 10), (9, 10), (2, 3), (1, 9), (14, 15), (0, 8), (11, 12), (0, 1), (13, 14), (3, 4)]
---Starting to do calibration: delta 2.4739728029999997
---Starting to set up measurements: delta 0.8688094789999994
---Starting to run VQE: delta 2.2709914170000003
No optimisation, save file is experiments/4x2_single_U_8_nocc_9_d_1-0919-220955/2x4/processed/processed.json
Given params: [[[[[0.919, 0.556, 0.45, 0.561]]], [[[-0.919, -0.556, -0.45, -0.561]]], [[[0, 0.556, 0.45, 0.561]]], [[[0, -0.556, -0.45, -0.561]]]]]
---Preparing executables
---Running executables, 16 in batch, delta=8.586704749999999
---Extracting values delta=8.773499089000001
---Extracted values delta=72.159160371
===12.524617119289152 11.421049010779623 14.6873250973656 14.46576208482893 1632085890.278205
Computed energies [11.972833065034386], params [[[[0.919, 0.556, 0.45, 0.561]]], [[[-0.919, -0.556, -0.45, -0.561]]], [[[0, 0.556, 0.45, 0.561]]], [[[0, -0.556, -0.45, -0.561]]]]
***11.972833065034386 1632085890.2804108
---VQE complete: delta 89.52766824
---Starting TFLO
Using saved points
Using params [[[0, 0, 0, 0]], [[0, 0, 1.5708, 0]], [[0, 3.14159, 3.14159, 0]], [[0, 4.71239, 3.92699, 0.785398]], [[0, 0, 3.14159, 1.5708]], [[0, 3.14159, 3.92699, 1.5708]], [[0, 3.14159, 0, 3.92699]], [[0, 3.14159, 1.5708, 3.92699]], [[0, 0.785398, 5.49779, 3.92699]], [[0, 0, 4.71239, 3.14159]], [[0, 3.14159, 5.49779, 5.49779]], [[0, 0, 4.71239, 3.92699]], [[0, 5.49779, 3.14159, 3.92699]], [[0, 3.92699, 4.71239, 5.49779]], [[0, 5.49779, 2.35619, 5.49779]], [[0, 4.71239, 3.92699, 5.49779]], [[0, 0.556, 0.45, 0.561]], [[0.919, 0.556, 0.45, 0.561]], [[0, 0, 0, 0]], [[0, 0, -1.5708, 0]], [[0, -3.14159, -3.14159, 0]], [[0, -4.71239, -3.92699, -0.785398]], [[0, 0, -3.14159, -1.5708]], [[0, -3.14159, -3.92699, -1.5708]], [[0, -3.14159, 0, -3.92699]], [[0, -3.14159, -1.5708, -3.92699]], [[0, -0.785398, -5.49779, -3.92699]], [[0, 0, -4.71239, -3.14159]], [[0, -3.14159, -5.49779, -5.49779]], [[0, 0, -4.71239, -3.92699]], [[0, -5.49779, -3.14159, -3.92699]], [[0, -3.92699, -4.71239, -5.49779]], [[0, -5.49779, -2.35619, -5.49779]], [[0, -4.71239, -3.92699, -5.49779]], [[0, -0.556, -0.45, -0.561]], [[-0.919, -0.556, -0.45, -0.561]]]
---Preparing executables
---Running executables, 144 in batch, delta=127.231679187
---Extracting values delta=9.995068267000022
---Extracted values delta=146.15525391300002
---Time for noisy calculation: 283.415250314
***TFLON: 14.506929124592315,15.069346808939834,15.047597473743174,15.960112096477959,16.254536136174508,16.88782651433983,16.73741848420724,18.296456839977807,17.90707011816093,19.34370437918033,19.76249688525019,20.72125366346822,21.981015353564565,21.866548191049198,23.08069837040044,23.46921017326055,14.58737737903702,12.427491017343671,14.385894583422754,14.618051404211513,15.248017665297143,14.989529322683182,16.909627702062085,17.48786907050464,17.616467509333496,18.639713371541664,19.285817031523365,20.168337214548657,20.244586924776627,21.17270900260536,21.141047043290655,22.33753546721024,23.187305854693367,24.09986239017671,14.596640980554021,11.271868760244416 1632086176.695702
Noisy energies by type: {'onsite0': array([20.17297826, 20.37574553, 20.09701493, 20.68135513, 20.10323227,
       20.50992018, 20.22631579, 20.33184489, 19.78546552, 20.28061831,
       20.38839607, 20.37586548, 20.75915222, 20.05794255, 20.2417795 ,
       19.94084848, 20.47395202, 16.72073822, 20.17365565, 20.45485603,
       19.92096484, 19.35328185, 20.26027397, 20.44248654, 19.9564226 ,
       20.12175204, 20.21975856, 20.23629893, 20.49051095, 20.03420474,
       19.47608748, 20.49410655, 20.08438819, 20.22811547, 20.38690327,
       16.27678571]), 'horiz0': array([-2.16465863, -2.16402391, -2.23088164, -2.10194672, -1.6560527 ,
       -1.62887377, -2.21470302, -0.63782292, -1.78249612, -1.11016097,
       -1.58287093, -0.76577947,  0.565625  , -0.06019812,  1.23553613,
        1.24464061, -2.14915428, -1.3887723 , -2.14945445, -2.16758933,
       -2.03087886, -2.04448354, -1.47989488, -1.59405941, -2.02121055,
       -0.8131755 , -1.56158664, -0.91641182, -1.40217673, -0.48161299,
        0.69152456, -0.08225556,  1.29899497,  1.38948443, -2.17014325,
       -2.07394113]), 'vert02': array([-1.94856429, -1.67565424, -1.45771375, -1.4599196 , -1.07420768,
       -1.31128134, -0.6933395 , -0.25558195, -0.55199813, -0.61504854,
        0.29289668, -0.10168269,  0.2526725 ,  0.63934046,  0.99439514,
        0.89708247, -2.01568123, -1.58443238, -2.03943801, -1.74327924,
       -1.4501292 , -1.34980334, -0.96997579, -1.01276801, -0.11656442,
        0.1981624 ,  0.0247678 , -0.21153368,  0.60662824,  0.32623427,
        0.64413146,  0.83812441,  1.21415313,  1.19245195, -1.75254153,
       -1.48035547]), 'vert12': array([-1.5528262 , -1.46672056, -1.36082206, -1.15937671, -1.11843575,
       -0.68193856, -0.58085479, -1.14198318,  0.45609884,  0.78829558,
        0.66407507,  1.21285034,  0.40356564,  1.22946331,  0.6089876 ,
        1.38663861, -1.72173913, -1.32004253, -1.5988686 , -1.92593605,
       -1.19193912, -0.96946565, -0.90077561, -0.34779006, -0.20218012,
       -0.86702557,  0.60287731,  1.05998379,  0.54962446,  1.29388298,
        0.32930355,  1.08756006,  0.58976956,  1.28981055, -1.86757751,
       -1.45062035])}
Using saved exact energies
Data collected can be found at experiments/4x2_single_U_8_nocc_9_d_1-0919-220955/2x4
