{'theta': True, 'zeta': True, 'chi': False, 'gamma': True, 'phi': True, 'time': None}
{'theta': False, 'zeta': False, 'chi': False, 'gamma': False, 'phi': False, 'time': None}
                  (3, 2)
                  │
                  │
         (4, 1)───(4, 2)───(4, 3)
         │        │        │
         │        │        │
(5, 0)───(5, 1)───(5, 2)───(5, 3)───(5, 4)
         │        │        │        │
         │        │        │        │
         (6, 1)───(6, 2)───(6, 3)───(6, 4)───(6, 5)
                  │        │        │        │
                  │        │        │        │
                  (7, 2)───(7, 3)───(7, 4)───(7, 5)───(7, 6)
                           │        │        │
                           │        │        │
                           (8, 3)───(8, 4)───(8, 5)
                                    │
                                    │
                                    (9, 4)
Start at: (3, 2), with dr
Using qubits [cirq.GridQubit(3, 2), cirq.GridQubit(4, 2), cirq.GridQubit(4, 3), cirq.GridQubit(5, 3), cirq.GridQubit(5, 4), cirq.GridQubit(6, 4), cirq.GridQubit(6, 5), cirq.GridQubit(7, 5), cirq.GridQubit(4, 1), cirq.GridQubit(5, 1), cirq.GridQubit(5, 2), cirq.GridQubit(6, 2), cirq.GridQubit(6, 3), cirq.GridQubit(7, 3), cirq.GridQubit(7, 4), cirq.GridQubit(8, 4)]
Using qubits, JW:[cirq.GridQubit(3, 2), cirq.GridQubit(4, 2), cirq.GridQubit(4, 3), cirq.GridQubit(5, 3), cirq.GridQubit(5, 4), cirq.GridQubit(6, 4), cirq.GridQubit(6, 5), cirq.GridQubit(7, 5), cirq.GridQubit(4, 1), cirq.GridQubit(5, 1), cirq.GridQubit(5, 2), cirq.GridQubit(6, 2), cirq.GridQubit(6, 3), cirq.GridQubit(7, 3), cirq.GridQubit(7, 4), cirq.GridQubit(8, 4)]
                  [31m(3, 2)[0m
                  │
                  │
         [35m(4, 1)[0m───[31m(4, 2)[0m───[31m(4, 3)[0m
         │        │        │
         │        │        │
(5, 0)───[35m(5, 1)[0m───[35m(5, 2)[0m───[31m(5, 3)[0m───[31m(5, 4)[0m
         │        │        │        │
         │        │        │        │
         (6, 1)───[35m(6, 2)[0m───[35m(6, 3)[0m───[31m(6, 4)[0m───[31m(6, 5)[0m
                  │        │        │        │
                  │        │        │        │
                  (7, 2)───[35m(7, 3)[0m───[35m(7, 4)[0m───[31m(7, 5)[0m───(7, 6)
                           │        │        │
                           │        │        │
                           (8, 3)───[35m(8, 4)[0m───(8, 5)
                                    │
                                    │
                                    (9, 4)
None
Meas types ['onsite0', 'horiz0', 'vert02', 'vert12']
Prepped onsite, pairs=[(0, 8), (1, 9), (2, 10), (3, 11), (4, 12), (5, 13), (6, 14), (7, 15)]
Prepped horiz, pairs=[(0, 1), (2, 3), (4, 5), (6, 7), (8, 9), (10, 11), (12, 13), (14, 15)]
Prepped vert0, pairs=[(1, 2), (3, 4), (5, 6), (9, 10), (11, 12), (13, 14)]
Prepped vert1, pairs=[(1, 2), (3, 4), (5, 6), (9, 10), (11, 12), (13, 14)]
Set recompilation to False
Got pairs set [(10, 11), (5, 6), (3, 11), (5, 13), (8, 9), (4, 12), (6, 14), (1, 2), (6, 7), (7, 15), (12, 13), (4, 5), (2, 10), (9, 10), (2, 3), (1, 9), (14, 15), (0, 8), (11, 12), (0, 1), (13, 14), (3, 4)]
---Starting to do calibration: delta 3.333773815999999
---Starting to set up measurements: delta 0.8574656090000001
---Starting to run VQE: delta 2.2223192550000004
No optimisation, save file is experiments/4x2_single_U_8_nocc_5_d_1-0920-003352/2x4/processed/processed.json
Given params: [[[[[0.783, 0.447, 0.624, 0.388]]], [[[-0.783, -0.447, -0.624, -0.388]]], [[[0, 0.447, 0.624, 0.388]]], [[[0, -0.447, -0.624, -0.388]]]]]
---Preparing executables
---Running executables, 16 in batch, delta=8.424313178000002
---Extracting values delta=2.552046123
---Extracted values delta=73.632064599
===-0.7864202986137097 -1.5646369073887878 0.5476344647143192 0.27736959842886755 1632094523.879355
Computed energies [-1.1755286030012488], params [[[[0.783, 0.447, 0.624, 0.388]]], [[[-0.783, -0.447, -0.624, -0.388]]], [[[0, 0.447, 0.624, 0.388]]], [[[0, -0.447, -0.624, -0.388]]]]
***-1.1755286030012488 1632094523.881108
---VQE complete: delta 84.615892984
---Starting TFLO
Using saved points
Using params [[[0, 3.14159, 0, 0]], [[0, 4.71239, 4.71239, 0]], [[0, 2.35619, 3.14159, 0]], [[0, 0.785398, 3.92699, 0.785398]], [[0, 0, 3.14159, 1.5708]], [[0, 0.785398, 3.92699, 1.5708]], [[0, 4.71239, 0, 3.92699]], [[0, 3.14159, 1.5708, 3.92699]], [[0, 4.71239, 5.49779, 3.92699]], [[0, 0, 4.71239, 3.14159]], [[0, 3.14159, 5.49779, 5.49779]], [[0, 0.785398, 4.71239, 3.92699]], [[0, 3.14159, 3.14159, 3.92699]], [[0, 2.35619, 4.71239, 5.49779]], [[0, 3.92699, 2.35619, 5.49779]], [[0, 0, 3.92699, 5.49779]], [[0, 0.447, 0.624, 0.388]], [[0.783, 0.447, 0.624, 0.388]], [[0, -3.14159, 0, 0]], [[0, -4.71239, -4.71239, 0]], [[0, -2.35619, -3.14159, 0]], [[0, -0.785398, -3.92699, -0.785398]], [[0, 0, -3.14159, -1.5708]], [[0, -0.785398, -3.92699, -1.5708]], [[0, -4.71239, 0, -3.92699]], [[0, -3.14159, -1.5708, -3.92699]], [[0, -4.71239, -5.49779, -3.92699]], [[0, 0, -4.71239, -3.14159]], [[0, -3.14159, -5.49779, -5.49779]], [[0, -0.785398, -4.71239, -3.92699]], [[0, -3.14159, -3.14159, -3.92699]], [[0, -2.35619, -4.71239, -5.49779]], [[0, -3.92699, -2.35619, -5.49779]], [[0, 0, -3.92699, -5.49779]], [[0, -0.447, -0.624, -0.388]], [[-0.783, -0.447, -0.624, -0.388]]]
---Preparing executables
---Running executables, 144 in batch, delta=76.295720472
---Extracting values delta=9.048177035999998
---Extracted values delta=147.802608289
---Time for noisy calculation: 233.172071916
***TFLON: 0.6920919745687646,1.2723353031240654,2.048834030055335,2.154411879966169,2.7682775643655053,3.442916215321919,3.979656964913203,5.353843085915568,5.580295970043354,6.285915599502127,6.458934860882572,7.347716810755031,8.416520000235924,8.14700668026962,9.252068538450482,10.885701754741362,0.5096496620002584,-0.8565734653875454,0.645464907615761,0.7066351506112201,1.4658452721855506,2.123690108364431,3.2036848062913936,3.4545284263491682,3.690310100563397,5.268013213493449,5.597018194987264,6.563417530679633,6.664344582929454,7.452463729452027,8.40005278633393,8.469522230310476,9.74262052902504,10.574494110357827,0.3684594371179979,-1.5943478197977428 1632094759.925631
Noisy energies by type: {'onsite0': array([6.04747518, 6.07911173, 6.59568852, 6.18460153, 6.14020805,
       6.18439716, 6.25020851, 6.04149378, 6.05012965, 6.17001828,
       6.16132597, 6.09959623, 6.17393248, 6.10512426, 5.84209349,
       6.1702509 , 6.09286209, 3.65398551, 6.08648649, 6.12243204,
       5.7364203 , 5.94385965, 6.19720768, 5.91668484, 5.84576055,
       6.        , 5.95073892, 6.23926781, 6.05848974, 6.06168976,
       6.0959116 , 5.9406798 , 6.27109974, 6.01074576, 6.1114292 ,
       3.54608767]), 'horiz0': array([-2.09192483, -2.05219309, -2.04479042, -1.87281437, -1.5426087 ,
       -1.47546086, -2.18386061, -0.5149216 , -1.49768688, -0.98983051,
       -1.62616822, -0.70208729,  0.67589694, -0.48256362,  0.99585731,
        1.42095416, -2.05501956, -1.52847854, -2.09818182, -2.22896011,
       -1.91753325, -1.8639842 , -1.52044434, -1.5126111 , -2.20782509,
       -0.50324285, -1.49072959, -0.85637427, -1.43913968, -0.66151652,
        0.91039849, -0.20255561,  1.0974212 ,  1.40027045, -2.06848659,
       -2.05481615]), 'vert02': array([-1.47482788, -1.34262149, -1.22950089, -1.47565043, -1.12022599,
       -1.17847711, -0.12439076,  0.3581448 ,  0.15324733, -0.27004219,
        0.84598362,  0.35324675,  0.68641811,  1.05786219,  1.20629679,
        1.70982736, -2.10122358, -1.73272642, -1.45781178, -1.70147585,
       -1.0204592 , -1.32213007, -0.94822075, -0.98780222, -0.02922978,
        0.36292661,  0.06839573, -0.1914242 ,  0.89703277,  0.41697823,
        0.66515053,  1.08731762,  1.36451342,  1.53803537, -1.92103531,
       -1.62323872]), 'vert12': array([-1.78863049, -1.41196185, -1.27256318, -0.68172485, -0.7090958 ,
       -0.08754298,  0.03769983, -0.53087389,  0.87460587,  1.37577002,
        1.07779349,  1.59696111,  0.88027247,  1.46658385,  1.20782095,
        1.58466934, -1.42696929, -1.24935401, -1.88502799, -1.48536093,
       -1.33258258, -0.63405527, -0.52485778,  0.0382569 ,  0.08160443,
       -0.59167054,  1.06861314,  1.37194818,  1.14796175,  1.63531226,
        0.72859216,  1.64408042,  1.00958616,  1.62544253, -1.75344786,
       -1.46238062])}
Using saved exact energies
Data collected can be found at experiments/4x2_single_U_8_nocc_5_d_1-0920-003352/2x4
