{'theta': True, 'zeta': True, 'chi': False, 'gamma': True, 'phi': True, 'time': None}
{'theta': False, 'zeta': False, 'chi': False, 'gamma': False, 'phi': False, 'time': None}
                  (3, 2)
                  │
                  │
         (4, 1)───(4, 2)───(4, 3)
         │        │        │
         │        │        │
(5, 0)───(5, 1)───(5, 2)───(5, 3)───(5, 4)
         │        │        │        │
         │        │        │        │
         (6, 1)───(6, 2)───(6, 3)───(6, 4)───(6, 5)
                  │        │        │        │
                  │        │        │        │
                  (7, 2)───(7, 3)───(7, 4)───(7, 5)───(7, 6)
                           │        │        │
                           │        │        │
                           (8, 3)───(8, 4)───(8, 5)
                                    │
                                    │
                                    (9, 4)
Start at: (3, 2), with dr
Using qubits [cirq.GridQubit(3, 2), cirq.GridQubit(4, 2), cirq.GridQubit(4, 3), cirq.GridQubit(5, 3), cirq.GridQubit(5, 4), cirq.GridQubit(6, 4), cirq.GridQubit(6, 5), cirq.GridQubit(7, 5), cirq.GridQubit(4, 1), cirq.GridQubit(5, 1), cirq.GridQubit(5, 2), cirq.GridQubit(6, 2), cirq.GridQubit(6, 3), cirq.GridQubit(7, 3), cirq.GridQubit(7, 4), cirq.GridQubit(8, 4)]
Using qubits, JW:[cirq.GridQubit(3, 2), cirq.GridQubit(4, 2), cirq.GridQubit(4, 3), cirq.GridQubit(5, 3), cirq.GridQubit(5, 4), cirq.GridQubit(6, 4), cirq.GridQubit(6, 5), cirq.GridQubit(7, 5), cirq.GridQubit(4, 1), cirq.GridQubit(5, 1), cirq.GridQubit(5, 2), cirq.GridQubit(6, 2), cirq.GridQubit(6, 3), cirq.GridQubit(7, 3), cirq.GridQubit(7, 4), cirq.GridQubit(8, 4)]
                  [31m(3, 2)[0m
                  │
                  │
         [35m(4, 1)[0m───[31m(4, 2)[0m───[31m(4, 3)[0m
         │        │        │
         │        │        │
(5, 0)───[35m(5, 1)[0m───[35m(5, 2)[0m───[31m(5, 3)[0m───[31m(5, 4)[0m
         │        │        │        │
         │        │        │        │
         (6, 1)───[35m(6, 2)[0m───[35m(6, 3)[0m───[31m(6, 4)[0m───[31m(6, 5)[0m
                  │        │        │        │
                  │        │        │        │
                  (7, 2)───[35m(7, 3)[0m───[35m(7, 4)[0m───[31m(7, 5)[0m───(7, 6)
                           │        │        │
                           │        │        │
                           (8, 3)───[35m(8, 4)[0m───(8, 5)
                                    │
                                    │
                                    (9, 4)
None
Meas types ['onsite0', 'horiz0', 'horiz1']
Prepped onsite, pairs=[(0, 8), (1, 9), (2, 10), (3, 11), (4, 12), (5, 13), (6, 14), (7, 15)]
Prepped horiz, pairs=[(0, 1), (2, 3), (4, 5), (6, 7), (8, 9), (10, 11), (12, 13), (14, 15)]
Prepped horiz, pairs=[(1, 2), (3, 4), (5, 6), (9, 10), (11, 12), (13, 14)]
Set recompilation to False
Got pairs set [(10, 11), (5, 6), (3, 11), (5, 13), (8, 9), (4, 12), (6, 14), (1, 2), (6, 7), (7, 15), (12, 13), (4, 5), (2, 10), (9, 10), (2, 3), (1, 9), (14, 15), (0, 8), (11, 12), (0, 1), (13, 14), (3, 4)]
---Starting to do calibration: delta 3.2126408
---Starting to set up measurements: delta 0.7105011049999987
---Starting to run VQE: delta 1.5492805529999991
No optimisation, save file is experiments/8x1_single_zz_x_U_4_nocc_12_d_1-0914-023924/8x1/processed/processed.json
Given params: [[[[[0.522, 0.614, 0.587]]], [[[-0.522, -0.614, -0.587]]], [[[0, 0.614, 0.587]]], [[[0, -0.614, -0.587]]]]]
---Preparing executables
---Running executables, 12 in batch, delta=5.214002032000002
---Extracting values delta=2.7619574890000003
---Extracted values delta=50.994015745000006
===12.981938383312958 12.591422806622258 13.147181476320629 13.119326926627199 1631583628.6940002
Computed energies [12.786680594967608], params [[[[0.522, 0.614, 0.587]]], [[[-0.522, -0.614, -0.587]]], [[[0, 0.614, 0.587]]], [[[0, -0.614, -0.587]]]]
***12.786680594967608 1631583628.696086
---VQE complete: delta 58.975061552
---Starting TFLO
Using saved points
Using params [[[0, 0, 0]], [[0, 0, 0.785398]], [[0, 4.71239, 0]], [[0, 0, 1.5708]], [[0, 2.35619, 0.785398]], [[0, 4.71239, 0.785398]], [[0, 5.49779, 1.5708]], [[0, 3.92699, 0.785398]], [[0, 5.49779, 5.49779]], [[0, 0.785398, 3.92699]], [[0, 5.49779, 3.14159]], [[0, 1.5708, 5.49779]], [[0, 4.71239, 2.35619]], [[0, 2.35619, 5.49779]], [[0, 3.92699, 2.35619]], [[0, 3.14159, 4.71239]], [[0, 0.614, 0.587]], [[0.522, 0.614, 0.587]], [[0, 0, 0]], [[0, 0, -0.785398]], [[0, -4.71239, 0]], [[0, 0, -1.5708]], [[0, -2.35619, -0.785398]], [[0, -4.71239, -0.785398]], [[0, -5.49779, -1.5708]], [[0, -3.92699, -0.785398]], [[0, -5.49779, -5.49779]], [[0, -0.785398, -3.92699]], [[0, -5.49779, -3.14159]], [[0, -1.5708, -5.49779]], [[0, -4.71239, -2.35619]], [[0, -2.35619, -5.49779]], [[0, -3.92699, -2.35619]], [[0, -3.14159, -4.71239]], [[0, -0.614, -0.587]], [[-0.522, -0.614, -0.587]]]
---Preparing executables
---Running executables, 108 in batch, delta=44.05889093100001
---Extracting values delta=12.189032541000017
---Extracted values delta=98.07148057399999
---Time for noisy calculation: 154.33758644200003
***TFLON: 13.223306010016017,13.377379064659783,13.549806385096693,13.890325592393747,14.711706745220482,14.678824511859379,14.796864132683718,15.03479932324138,15.611989646798493,15.629940787396496,16.227481570087583,16.280907684892036,16.46403575926255,17.157965284927517,17.023059033247755,17.66193469295119,13.173047594871328,13.057920596306177,13.203239029058663,13.47729687168087,14.182645510424175,14.295232477556649,13.970612210274478,15.021718798502928,15.387494569569832,15.596180496016402,15.411880087868752,15.8807418347853,15.824934150689899,16.559009544679167,17.198408839089634,16.95885464177182,17.647820945329105,17.4185998503881,13.14073041176408,12.628340490916157 1631583785.049951
Noisy energies by type: {'onsite0': array([18.25688976, 18.32396775, 18.05052006, 18.34120224, 18.28571429,
       18.16796351, 18.19561732, 17.96780153, 18.1444246 , 18.08915956,
       18.36877247, 17.87028658, 17.90275527, 18.07890744, 17.81672882,
       18.07546188, 18.05889885, 17.15049816, 18.20145379, 18.10813594,
       18.08770596, 18.25692429, 17.79813743, 17.89833972, 18.19979716,
       18.13078471, 18.14873575, 18.1691492 , 17.82693243, 18.15384615,
       18.28168304, 17.9956151 , 18.31093864, 17.99415774, 18.252408  ,
       17.52122582]), 'horiz0': array([-2.6064257 , -2.52167183, -2.88190573, -2.04642671, -2.74604496,
       -1.88742649, -1.20533643, -1.96743929, -0.2973323 , -0.35287931,
        0.0303551 , -0.21179625,  0.17218543, -0.13895782,  0.11866428,
        0.17983055, -2.72613636, -2.30482028, -2.57564391, -2.21066253,
       -2.4982625 , -1.53045822, -2.82675262, -1.52442297, -0.7408    ,
       -1.7763596 , -0.63822894, -0.03083952,  0.0749248 ,  0.04273504,
        0.34086022, -0.01428571,  0.18367897,  0.10859978, -2.74980989,
       -2.6747536 ]), 'horiz1': array([-2.42715805, -2.42491686, -1.61880795, -2.40444994, -0.82796258,
       -1.60171251, -2.19341676, -0.96556291, -2.23510265, -2.10633947,
       -2.171646  , -1.37758264, -1.61090494, -0.78198433, -0.91233407,
       -0.59335774, -2.15971489, -1.78775728, -2.42257085, -2.42017654,
       -1.40679795, -2.4312336 , -1.0007726 , -1.35219795, -2.07150259,
       -0.75824461, -2.09862672, -2.25756785, -2.07692308, -1.63757165,
       -1.42413442, -1.02247475, -0.84679666, -0.68415767, -2.3618677 ,
       -2.21813173])}
Using saved exact energies
Data collected can be found at experiments/8x1_single_zz_x_U_4_nocc_12_d_1-0914-023924/8x1
