{'theta': True, 'zeta': True, 'chi': False, 'gamma': True, 'phi': True, 'time': None}
{'theta': False, 'zeta': False, 'chi': False, 'gamma': False, 'phi': False, 'time': None}
                  (3, 2)
                  │
                  │
         (4, 1)───(4, 2)───(4, 3)
         │        │        │
         │        │        │
(5, 0)───(5, 1)───(5, 2)───(5, 3)───(5, 4)
         │        │        │        │
         │        │        │        │
         (6, 1)───(6, 2)───(6, 3)───(6, 4)───(6, 5)
                  │        │        │        │
                  │        │        │        │
                  (7, 2)───(7, 3)───(7, 4)───(7, 5)───(7, 6)
                           │        │        │
                           │        │        │
                           (8, 3)───(8, 4)───(8, 5)
                                    │
                                    │
                                    (9, 4)
Start at: (3, 2), with dr
Using qubits [cirq.GridQubit(3, 2), cirq.GridQubit(4, 2), cirq.GridQubit(4, 3), cirq.GridQubit(5, 3), cirq.GridQubit(5, 4), cirq.GridQubit(6, 4), cirq.GridQubit(6, 5), cirq.GridQubit(7, 5), cirq.GridQubit(4, 1), cirq.GridQubit(5, 1), cirq.GridQubit(5, 2), cirq.GridQubit(6, 2), cirq.GridQubit(6, 3), cirq.GridQubit(7, 3), cirq.GridQubit(7, 4), cirq.GridQubit(8, 4)]
Using qubits, JW:[cirq.GridQubit(3, 2), cirq.GridQubit(4, 2), cirq.GridQubit(4, 3), cirq.GridQubit(5, 3), cirq.GridQubit(5, 4), cirq.GridQubit(6, 4), cirq.GridQubit(6, 5), cirq.GridQubit(7, 5), cirq.GridQubit(4, 1), cirq.GridQubit(5, 1), cirq.GridQubit(5, 2), cirq.GridQubit(6, 2), cirq.GridQubit(6, 3), cirq.GridQubit(7, 3), cirq.GridQubit(7, 4), cirq.GridQubit(8, 4)]
                  [31m(3, 2)[0m
                  │
                  │
         [35m(4, 1)[0m───[31m(4, 2)[0m───[31m(4, 3)[0m
         │        │        │
         │        │        │
(5, 0)───[35m(5, 1)[0m───[35m(5, 2)[0m───[31m(5, 3)[0m───[31m(5, 4)[0m
         │        │        │        │
         │        │        │        │
         (6, 1)───[35m(6, 2)[0m───[35m(6, 3)[0m───[31m(6, 4)[0m───[31m(6, 5)[0m
                  │        │        │        │
                  │        │        │        │
                  (7, 2)───[35m(7, 3)[0m───[35m(7, 4)[0m───[31m(7, 5)[0m───(7, 6)
                           │        │        │
                           │        │        │
                           (8, 3)───[35m(8, 4)[0m───(8, 5)
                                    │
                                    │
                                    (9, 4)
None
Meas types ['onsite0', 'horiz0', 'horiz1']
Prepped onsite, pairs=[(0, 8), (1, 9), (2, 10), (3, 11), (4, 12), (5, 13), (6, 14), (7, 15)]
Prepped horiz, pairs=[(0, 1), (2, 3), (4, 5), (6, 7), (8, 9), (10, 11), (12, 13), (14, 15)]
Prepped horiz, pairs=[(1, 2), (3, 4), (5, 6), (9, 10), (11, 12), (13, 14)]
Set recompilation to False
Got pairs set [(10, 11), (5, 6), (3, 11), (5, 13), (8, 9), (4, 12), (6, 14), (1, 2), (6, 7), (7, 15), (12, 13), (4, 5), (2, 10), (9, 10), (2, 3), (1, 9), (14, 15), (0, 8), (11, 12), (0, 1), (13, 14), (3, 4)]
---Starting to do calibration: delta 3.9988080989999997
---Starting to set up measurements: delta 1.5947573659999996
---Starting to run VQE: delta 2.7768805610000005
No optimisation, save file is experiments/8x1_single_zz_x_U_4_nocc_10_d_1-0913-220519/8x1/processed/processed.json
Given params: [[[[[0.559, 0.654, 0.558]]], [[[-0.559, -0.654, -0.558]]], [[[0, 0.654, 0.558]]], [[[0, -0.654, -0.558]]]]]
---Preparing executables
---Running executables, 12 in batch, delta=8.016743807
---Extracting values delta=2.524945896000002
---Extracted values delta=95.243276538
===6.140710256207955 5.880723586069889 6.53165757358836 7.3148174595065765 1631567233.383662
Computed energies [6.010716921138922], params [[[[0.559, 0.654, 0.558]]], [[[-0.559, -0.654, -0.558]]], [[[0, 0.654, 0.558]]], [[[0, -0.654, -0.558]]]]
***6.010716921138922 1631567233.3864279
---VQE complete: delta 105.792107115
---Starting TFLO
Using saved points
Using params [[[0, 0, 0]], [[0, 0, 0.785398]], [[0, 1.5708, 0.785398]], [[0, 4.71239, 0]], [[0, 5.49779, 0.785398]], [[0, 2.35619, 0.785398]], [[0, 2.35619, 1.5708]], [[0, 5.49779, 1.5708]], [[0, 0.785398, 3.14159]], [[0, 0, 5.49779]], [[0, 5.49779, 4.71239]], [[0, 0.785398, 4.71239]], [[0, 4.71239, 4.71239]], [[0, 4.71239, 2.35619]], [[0, 3.92699, 5.49779]], [[0, 3.14159, 3.14159]], [[0, 0.654, 0.558]], [[0.559, 0.654, 0.558]], [[0, 0, 0]], [[0, 0, -0.785398]], [[0, -1.5708, -0.785398]], [[0, -4.71239, 0]], [[0, -5.49779, -0.785398]], [[0, -2.35619, -0.785398]], [[0, -2.35619, -1.5708]], [[0, -5.49779, -1.5708]], [[0, -0.785398, -3.14159]], [[0, 0, -5.49779]], [[0, -5.49779, -4.71239]], [[0, -0.785398, -4.71239]], [[0, -4.71239, -4.71239]], [[0, -4.71239, -2.35619]], [[0, -3.92699, -5.49779]], [[0, -3.14159, -3.14159]], [[0, -0.654, -0.558]], [[-0.559, -0.654, -0.558]]]
---Preparing executables
---Running executables, 108 in batch, delta=65.840974257
---Extracting values delta=14.481953622999981
---Extracted values delta=139.750849381
---Time for noisy calculation: 220.090503527
***TFLON: 6.8485540658500845,7.113425131210349,7.345472601070332,7.734403570062402,8.581197869060736,8.908657425559719,9.52065126566184,10.13107917671708,9.320702705520715,11.425346220882435,12.104579149700559,11.52496405682308,12.448394489874012,12.435680799448336,12.58242760185013,13.272363859171946,6.565841010016987,6.075351678582957,6.788621802567306,7.585298775202535,7.226588376911018,8.043698416005213,8.050114309019786,7.912393004756371,8.710570613538028,9.535164105592663,10.58854640193675,10.858257877369564,10.466862253564434,11.93401498064181,11.6510262724194,12.204125264030093,13.160232511132586,13.012093676686792,7.258064878235109,5.799241242323594 1631567456.9698172
Noisy energies by type: {'onsite0': array([12.66519629, 12.73626374, 12.69014712, 12.64997842, 13.1524363 ,
       13.09857904, 13.00251084, 13.21025641, 12.18152939, 12.82073067,
       13.15440369, 12.45849802, 12.61141968, 12.59433127, 12.08320425,
       12.71191136, 12.41486757, 10.86159324, 12.64334393, 12.83575318,
       12.60157835, 12.60391988, 12.22700587, 12.10187668, 12.21525461,
       12.46820435, 13.23474076, 12.82973514, 12.50398992, 13.23253758,
       12.70612843, 12.85320706, 13.10142498, 12.63184822, 13.19973574,
       11.63233758]), 'horiz0': array([-3.14534494, -3.00359712, -4.14337437, -3.79006969, -2.36415094,
       -3.97324415, -3.27885548, -0.92094118, -0.56678967,  1.24696545,
        1.16892546,  1.33317833,  1.02296945,  0.95434887,  0.67910272,
        0.28162651, -3.46769384, -2.75427196, -3.19779249, -2.64202067,
       -4.22137947, -3.36048689, -1.95267632, -4.03218284, -3.31804353,
       -0.65473733, -0.36581433,  0.65273231,  0.20391254,  0.93412322,
        0.21050239,  0.5876098 ,  0.2674954 ,  0.18550861, -3.61002529,
       -3.67631579]), 'horiz1': array([-2.67129729, -2.61924148, -1.20130016, -1.12550516, -2.20708749,
       -0.21667747, -0.2030041 , -2.15823606, -2.29403701, -2.6423499 ,
       -2.21875   , -2.2667123 , -1.18599465, -1.11299934, -0.17987936,
        0.278826  , -2.38133272, -2.0319696 , -2.65692964, -2.60843373,
       -1.1536105 , -1.19973457, -2.22421525, -0.15730084, -0.18664047,
       -2.27830292, -2.28038003, -2.62420958, -2.24104021, -2.23264582,
       -1.26560454, -1.2366916 , -0.20868786,  0.19473684, -2.33164557,
       -2.15678055])}
Using saved exact energies
Data collected can be found at experiments/8x1_single_zz_x_U_4_nocc_10_d_1-0913-220519/8x1
