{'theta': True, 'zeta': True, 'chi': False, 'gamma': True, 'phi': True, 'time': None}
{'theta': False, 'zeta': False, 'chi': False, 'gamma': False, 'phi': False, 'time': None}
                  (3, 2)
                  │
                  │
         (4, 1)───(4, 2)───(4, 3)
         │        │        │
         │        │        │
(5, 0)───(5, 1)───(5, 2)───(5, 3)───(5, 4)
         │        │        │        │
         │        │        │        │
         (6, 1)───(6, 2)───(6, 3)───(6, 4)───(6, 5)
                  │        │        │        │
                  │        │        │        │
                  (7, 2)───(7, 3)───(7, 4)───(7, 5)───(7, 6)
                           │        │        │
                           │        │        │
                           (8, 3)───(8, 4)───(8, 5)
                                    │
                                    │
                                    (9, 4)
Start at: (3, 2), with dr
Using qubits [cirq.GridQubit(3, 2), cirq.GridQubit(4, 2), cirq.GridQubit(4, 3), cirq.GridQubit(5, 3), cirq.GridQubit(5, 4), cirq.GridQubit(6, 4), cirq.GridQubit(6, 5), cirq.GridQubit(7, 5), cirq.GridQubit(4, 1), cirq.GridQubit(5, 1), cirq.GridQubit(5, 2), cirq.GridQubit(6, 2), cirq.GridQubit(6, 3), cirq.GridQubit(7, 3), cirq.GridQubit(7, 4), cirq.GridQubit(8, 4)]
Using qubits, JW:[cirq.GridQubit(3, 2), cirq.GridQubit(4, 2), cirq.GridQubit(4, 3), cirq.GridQubit(5, 3), cirq.GridQubit(5, 4), cirq.GridQubit(6, 4), cirq.GridQubit(6, 5), cirq.GridQubit(7, 5), cirq.GridQubit(4, 1), cirq.GridQubit(5, 1), cirq.GridQubit(5, 2), cirq.GridQubit(6, 2), cirq.GridQubit(6, 3), cirq.GridQubit(7, 3), cirq.GridQubit(7, 4), cirq.GridQubit(8, 4)]
                  [31m(3, 2)[0m
                  │
                  │
         [35m(4, 1)[0m───[31m(4, 2)[0m───[31m(4, 3)[0m
         │        │        │
         │        │        │
(5, 0)───[35m(5, 1)[0m───[35m(5, 2)[0m───[31m(5, 3)[0m───[31m(5, 4)[0m
         │        │        │        │
         │        │        │        │
         (6, 1)───[35m(6, 2)[0m───[35m(6, 3)[0m───[31m(6, 4)[0m───[31m(6, 5)[0m
                  │        │        │        │
                  │        │        │        │
                  (7, 2)───[35m(7, 3)[0m───[35m(7, 4)[0m───[31m(7, 5)[0m───(7, 6)
                           │        │        │
                           │        │        │
                           (8, 3)───[35m(8, 4)[0m───(8, 5)
                                    │
                                    │
                                    (9, 4)
None
Meas types ['onsite0', 'horiz0', 'vert02', 'vert12']
Prepped onsite, pairs=[(0, 8), (1, 9), (2, 10), (3, 11), (4, 12), (5, 13), (6, 14), (7, 15)]
Prepped horiz, pairs=[(0, 1), (2, 3), (4, 5), (6, 7), (8, 9), (10, 11), (12, 13), (14, 15)]
Prepped vert0, pairs=[(1, 2), (3, 4), (5, 6), (9, 10), (11, 12), (13, 14)]
Prepped vert1, pairs=[(1, 2), (3, 4), (5, 6), (9, 10), (11, 12), (13, 14)]
Set recompilation to False
Got pairs set [(10, 11), (5, 6), (3, 11), (5, 13), (8, 9), (4, 12), (6, 14), (1, 2), (6, 7), (7, 15), (12, 13), (4, 5), (2, 10), (9, 10), (2, 3), (1, 9), (14, 15), (0, 8), (11, 12), (0, 1), (13, 14), (3, 4)]
---Starting to do calibration: delta 3.929734063999999
---Starting to set up measurements: delta 0.9675273480000008
---Starting to run VQE: delta 2.226627454000001
Running BayesMGD: n_evals 23, nshots 1000, max_iter 50, max_evals 600
---Preparing executables
---Running executables, 4 in batch, delta=2.0435730550000013
---Extracting values delta=2.3810908029999993
---Extracted values delta=16.815414590000003
Running block of size 20...
---Preparing executables
---Running executables, 80 in batch, delta=40.598369163
---Extracting values delta=7.65911208499999
---Extracted values delta=63.661969682000006
Running block of size 20...
---Preparing executables
---Running executables, 80 in batch, delta=40.03547678199999
---Extracting values delta=6.010946439999998
---Extracted values delta=64.93304532500002
Running block of size 6...
---Preparing executables
---Running executables, 24 in batch, delta=12.00273337799996
---Extracting values delta=2.4139322699999752
---Extracted values delta=26.88854774700002
[38.29231028680572, 37.515258882023105]
2  :--------------------------------
fit_params:  [ 0.645 -1.608 -2.563 -2.621  0.371 -0.825  0.77   0.93  -0.354 -1.474
 -1.021  1.972  9.174  7.128 28.224]
current: 37.515+/-1.668  params:  [0.622 0.898 0.693 0.972]  grad:  [1.221 0.33  0.992 0.091]  gamma_k: 0.3097  delta_k: 0.6000
Running block of size 20...
---Preparing executables
---Running executables, 80 in batch, delta=40.02230916100001
---Extracting values delta=5.778801672000043
---Extracted values delta=64.20260082800002
Running block of size 20...
---Preparing executables
---Running executables, 80 in batch, delta=40.307986933999985
---Extracting values delta=5.8723458209999535
---Extracted values delta=66.67989505899993
Running block of size 6...
---Preparing executables
---Running executables, 24 in batch, delta=12.194794462999994
---Extracting values delta=2.6182277520000525
---Extracted values delta=25.988266098000054
[38.29231028680572, 37.515258882023105, 37.515258882023105, 37.05462111357774]
3  :--------------------------------
fit_params:  [ 0.235 -1.488 -0.734 -2.311  0.112  0.65  -0.613  0.433 -0.144 -0.227
 -2.355  4.193  2.093  4.765 32.767]
current: 37.055+/-0.350  params:  [0.653 0.759 0.604 0.91 ]  grad:  [-0.121  0.531  0.342  0.238]  gamma_k: 0.2604  delta_k: 0.5594
Running block of size 20...
---Preparing executables
---Running executables, 80 in batch, delta=40.26412524400007
---Extracting values delta=5.5184271350000245
---Extracted values delta=63.18254320200003
Running block of size 20...
---Preparing executables
---Running executables, 80 in batch, delta=40.41381282799989
---Extracting values delta=6.882506578999937
---Extracted values delta=66.19876509799997
Running block of size 6...
---Preparing executables
---Running executables, 24 in batch, delta=12.06978854600004
---Extracting values delta=2.3092887680001013
---Extracted values delta=25.029900238000096
[38.29231028680572, 37.515258882023105, 37.515258882023105, 37.05462111357774, 37.05462111357774, 37.11723260040817]
4  :--------------------------------
fit_params:  [ 0.183 -0.446 -0.319 -1.239  0.651  0.154 -0.538  0.287 -0.238 -0.606
 -1.92   1.479  2.406  3.069 34.63 ]
current: 37.117+/-0.259  params:  [0.65  0.63  0.535 0.889]  grad:  [0.015 0.568 0.302 0.095]  gamma_k: 0.2277  delta_k: 0.5370
Running block of size 20...
---Preparing executables
---Running executables, 80 in batch, delta=40.19981041200003
---Extracting values delta=5.4139530060000425
---Extracted values delta=62.59004057499999
Running block of size 20...
---Preparing executables
---Running executables, 80 in batch, delta=40.403735259000086
---Extracting values delta=5.528593795999996
---Extracted values delta=65.73506288299996
Running block of size 6...
---Preparing executables
---Running executables, 24 in batch, delta=12.075925991000076
---Extracting values delta=2.174789386999919
---Extracted values delta=25.92717292999987
[38.29231028680572, 37.515258882023105, 37.515258882023105, 37.05462111357774, 37.05462111357774, 37.11723260040817, 37.11723260040817, 36.84170705795391]
5  :--------------------------------
fit_params:  [ 0.272 -0.122 -0.224 -1.181  0.519  0.218 -0.159  0.277 -0.228 -0.485
 -1.251  0.552  1.028  3.114 34.882]
current: 36.842+/-0.240  params:  [0.551 0.529 0.533 0.772]  grad:  [0.483 0.496 0.009 0.569]  gamma_k: 0.2040  delta_k: 0.5216
Running block of size 20...
---Preparing executables
---Running executables, 80 in batch, delta=40.045958645000155
---Extracting values delta=6.870454835000146
---Extracted values delta=64.27359989399997
Running block of size 20...
---Preparing executables
---Running executables, 80 in batch, delta=40.22784517199989
---Extracting values delta=5.490810637000095
---Extracted values delta=64.47160826599998
Running block of size 6...
---Preparing executables
---Running executables, 24 in batch, delta=12.19184268700019
---Extracting values delta=2.0721657700000833
---Extracted values delta=25.379864899999802
[38.29231028680572, 37.515258882023105, 37.515258882023105, 37.05462111357774, 37.05462111357774, 37.11723260040817, 37.11723260040817, 36.84170705795391, 36.84170705795391, 36.56897537839241]
6  :--------------------------------
fit_params:  [ 0.387 -0.53  -0.081 -1.017  0.017  0.255  0.436 -0.044 -0.053 -0.505
 -0.845  0.646  0.58   3.175 34.879]
current: 36.569+/-0.268  params:  [0.588 0.438 0.448 0.594]  grad:  [-0.197  0.488  0.457  0.962]  gamma_k: 0.1860  delta_k: 0.5100
Running block of size 20...
---Preparing executables
---Running executables, 80 in batch, delta=40.12952770999982
---Extracting values delta=6.0685965979998855
---Extracted values delta=63.88082905900001
Running block of size 20...
---Preparing executables
---Running executables, 80 in batch, delta=40.25991152300003
---Extracting values delta=6.6584166810000625
---Extracted values delta=68.05995855300011
Running block of size 6...
---Preparing executables
---Running executables, 24 in batch, delta=12.1536797629999
---Extracting values delta=2.244120321000082
---Extracted values delta=25.706152156999906
[38.29231028680572, 37.515258882023105, 37.515258882023105, 37.05462111357774, 37.05462111357774, 37.11723260040817, 37.11723260040817, 36.84170705795391, 36.84170705795391, 36.56897537839241, 36.56897537839241, 36.64863533594279]
7  :--------------------------------
fit_params:  [ 0.88  -0.374  0.207 -0.633 -0.115 -0.079  0.579 -0.043 -0.281 -0.227
 -1.18   0.318 -0.333  1.633 36.58 ]
current: 36.649+/-0.233  params:  [0.651 0.431 0.449 0.528]  grad:  [-0.368  0.041 -0.003  0.382]  gamma_k: 0.1716  delta_k: 0.5007
Running block of size 20...
---Preparing executables
---Running executables, 80 in batch, delta=40.399418235999974
---Extracting values delta=5.489807015999986
---Extracted values delta=64.11915936600008
Running block of size 20...
---Preparing executables
---Running executables, 80 in batch, delta=40.26011893500004
---Extracting values delta=6.943262930999936
---Extracted values delta=64.811191237
Running block of size 6...
---Preparing executables
---Running executables, 24 in batch, delta=12.353549904999909
---Extracting values delta=2.2615544580000915
---Extracted values delta=25.440123875000154
[38.29231028680572, 37.515258882023105, 37.515258882023105, 37.05462111357774, 37.05462111357774, 37.11723260040817, 37.11723260040817, 36.84170705795391, 36.84170705795391, 36.56897537839241, 36.56897537839241, 36.64863533594279, 36.64863533594279, 36.5769466511865]
8  :--------------------------------
fit_params:  [ 0.885 -0.148  0.798 -0.729 -0.115  0.135  0.693  0.068  0.045 -0.431
 -1.345 -0.146 -0.642  1.262 36.668]
current: 36.577+/-0.206  params:  [0.667 0.392 0.386 0.491]  grad:  [-0.098  0.247  0.393  0.233]  gamma_k: 0.1598  delta_k: 0.4929
Running block of size 20...
---Preparing executables
---Running executables, 80 in batch, delta=40.718374179999955
---Extracting values delta=5.612060187999987
---Extracted values delta=64.70538852000004
Running block of size 20...
---Preparing executables
---Running executables, 80 in batch, delta=40.13083700800007
---Extracting values delta=5.539903858000116
---Extracted values delta=65.06261390300006
Running block of size 6...
---Preparing executables
---Running executables, 24 in batch, delta=12.15439774000015
---Extracting values delta=2.036023102999934
---Extracted values delta=26.179574418000357
[38.29231028680572, 37.515258882023105, 37.515258882023105, 37.05462111357774, 37.05462111357774, 37.11723260040817, 37.11723260040817, 36.84170705795391, 36.84170705795391, 36.56897537839241, 36.56897537839241, 36.64863533594279, 36.64863533594279, 36.5769466511865, 36.5769466511865, 36.45257690094987]
9  :--------------------------------
fit_params:  [ 0.968  0.075  0.543 -0.867 -0.368 -0.019  0.701  0.048  0.352 -0.235
 -1.155 -0.654 -0.919  1.123 37.045]
current: 36.453+/-0.185  params:  [0.685 0.421 0.417 0.426]  grad:  [-0.12  -0.198 -0.207  0.431]  gamma_k: 0.1500  delta_k: 0.4863
Running block of size 20...
---Preparing executables
---Running executables, 80 in batch, delta=40.12262381900018
---Extracting values delta=9.458598754000377
---Extracted values delta=63.91130049200001
Running block of size 20...
---Preparing executables
---Running executables, 80 in batch, delta=40.25870617600003
---Extracting values delta=5.581609294999907
---Extracted values delta=66.32369242000004
Running block of size 6...
---Preparing executables
---Running executables, 24 in batch, delta=12.611149660000137
---Extracting values delta=2.255308554000294
---Extracted values delta=25.28432144999988
[38.29231028680572, 37.515258882023105, 37.515258882023105, 37.05462111357774, 37.05462111357774, 37.11723260040817, 37.11723260040817, 36.84170705795391, 36.84170705795391, 36.56897537839241, 36.56897537839241, 36.64863533594279, 36.64863533594279, 36.5769466511865, 36.5769466511865, 36.45257690094987, 36.45257690094987, 36.29026492050416]
10  :--------------------------------
fit_params:  [ 0.799  0.533  0.339 -0.126 -0.284 -0.078  0.882  0.037  0.365 -0.1
 -1.187 -0.896 -1.279 -0.006 37.575]
current: 36.290+/-0.191  params:  [0.736 0.391 0.48  0.403]  grad:  [-0.365  0.212 -0.445  0.162]  gamma_k: 0.1417  delta_k: 0.4806
Running block of size 20...
---Preparing executables
---Running executables, 80 in batch, delta=40.851689124999666
---Extracting values delta=5.327192406999984
---Extracted values delta=64.27988762799987
Running block of size 20...
---Preparing executables
---Running executables, 80 in batch, delta=40.338357925999844
---Extracting values delta=5.98780420500043
---Extracted values delta=65.04742833699993
Running block of size 6...
---Preparing executables
---Running executables, 24 in batch, delta=12.408045347000098
---Extracting values delta=2.0745028379997166
---Extracted values delta=26.02610350299983
[38.29231028680572, 37.515258882023105, 37.515258882023105, 37.05462111357774, 37.05462111357774, 37.11723260040817, 37.11723260040817, 36.84170705795391, 36.84170705795391, 36.56897537839241, 36.56897537839241, 36.64863533594279, 36.64863533594279, 36.5769466511865, 36.5769466511865, 36.45257690094987, 36.45257690094987, 36.29026492050416, 36.29026492050416, 36.52262984328554]
11  :--------------------------------
fit_params:  [ 0.756  0.349  0.489 -0.422  0.002 -0.088  0.757  0.304  0.411 -0.029
 -1.471 -1.428 -1.313 -0.313 37.857]
current: 36.523+/-0.197  params:  [0.763 0.404 0.534 0.392]  grad:  [-0.197 -0.093 -0.405  0.087]  gamma_k: 0.1344  delta_k: 0.4755
Running block of size 20...
---Preparing executables
---Running executables, 80 in batch, delta=40.29673583700014
---Extracting values delta=5.449103793999711
---Extracted values delta=63.740971329999866
Running block of size 20...
---Preparing executables
---Running executables, 80 in batch, delta=40.442298261999895
---Extracting values delta=5.362338753000131
---Extracted values delta=65.19303764799997
Running block of size 6...
---Preparing executables
---Running executables, 24 in batch, delta=12.035574456999711
---Extracting values delta=2.3255577099998845
---Extracted values delta=24.815414446999966
[38.29231028680572, 37.515258882023105, 37.515258882023105, 37.05462111357774, 37.05462111357774, 37.11723260040817, 37.11723260040817, 36.84170705795391, 36.84170705795391, 36.56897537839241, 36.56897537839241, 36.64863533594279, 36.64863533594279, 36.5769466511865, 36.5769466511865, 36.45257690094987, 36.45257690094987, 36.29026492050416, 36.29026492050416, 36.52262984328554, 36.52262984328554, 36.539667211736415]
12  :--------------------------------
fit_params:  [ 0.936  0.53   0.69  -0.363  0.31  -0.26   0.709  0.205  0.457 -0.063
 -1.516 -1.577 -1.344 -0.465 37.911]
current: 36.540+/-0.185  params:  [0.757 0.348 0.596 0.409]  grad:  [ 0.046  0.439 -0.479 -0.135]  gamma_k: 0.1281  delta_k: 0.4709
Running block of size 20...
---Preparing executables
---Running executables, 80 in batch, delta=40.28920975700021
---Extracting values delta=5.531848206000177
---Extracted values delta=64.11874288599984
Running block of size 20...
---Preparing executables
---Running executables, 80 in batch, delta=40.25817762299994
---Extracting values delta=5.382554393999726
---Extracted values delta=64.9417781670004
Running block of size 6...
---Preparing executables
---Running executables, 24 in batch, delta=12.137733448999825
---Extracting values delta=2.2358006790000218
---Extracted values delta=25.41057119600009
[38.29231028680572, 37.515258882023105, 37.515258882023105, 37.05462111357774, 37.05462111357774, 37.11723260040817, 37.11723260040817, 36.84170705795391, 36.84170705795391, 36.56897537839241, 36.56897537839241, 36.64863533594279, 36.64863533594279, 36.5769466511865, 36.5769466511865, 36.45257690094987, 36.45257690094987, 36.29026492050416, 36.29026492050416, 36.52262984328554, 36.52262984328554, 36.539667211736415, 36.539667211736415, 36.81101470207101]
13  :--------------------------------
fit_params:  [ 0.99   0.507  0.98  -0.246  0.316 -0.137  0.658  0.276  0.318  0.094
 -1.625 -1.875 -1.395 -0.735 38.11 ]
current: 36.811+/-0.178  params:  [0.738 0.348 0.584 0.432]  grad:  [ 0.156 -0.001  0.098 -0.185]  gamma_k: 0.1225  delta_k: 0.4668
Running block of size 20...
---Preparing executables
---Running executables, 80 in batch, delta=40.11937381000007
---Extracting values delta=5.557548645999759
---Extracted values delta=64.0044043529997
Running block of size 20...
---Preparing executables
---Running executables, 80 in batch, delta=40.231029473000035
---Extracting values delta=7.267551297999944
---Extracted values delta=63.98909615399998
Running block of size 6...
---Preparing executables
---Running executables, 24 in batch, delta=12.228423809000105
---Extracting values delta=2.4253768700000364
---Extracted values delta=25.90939920999972
[38.29231028680572, 37.515258882023105, 37.515258882023105, 37.05462111357774, 37.05462111357774, 37.11723260040817, 37.11723260040817, 36.84170705795391, 36.84170705795391, 36.56897537839241, 36.56897537839241, 36.64863533594279, 36.64863533594279, 36.5769466511865, 36.5769466511865, 36.45257690094987, 36.45257690094987, 36.29026492050416, 36.29026492050416, 36.52262984328554, 36.52262984328554, 36.539667211736415, 36.539667211736415, 36.81101470207101, 36.81101470207101, 36.58146784928769]
14  :--------------------------------
fit_params:  [ 1.116  0.7    0.962 -0.249  0.103 -0.052  0.673  0.316  0.443 -0.053
 -1.671 -1.866 -1.477 -0.812 38.137]
current: 36.581+/-0.188  params:  [0.707 0.354 0.585 0.468]  grad:  [ 0.259 -0.058 -0.009 -0.314]  gamma_k: 0.1175  delta_k: 0.4631
Running block of size 20...
---Preparing executables
---Running executables, 80 in batch, delta=40.19879477300037
---Extracting values delta=5.322073835000083
---Extracted values delta=64.02844087799986
Running block of size 20...
---Preparing executables
---Running executables, 80 in batch, delta=40.24722665699983
---Extracting values delta=6.415270826999858
---Extracted values delta=63.28704006800035
Running block of size 6...
---Preparing executables
---Running executables, 24 in batch, delta=12.073935533000167
---Extracting values delta=2.671866891999798
---Extracted values delta=25.936174534999736
[38.29231028680572, 37.515258882023105, 37.515258882023105, 37.05462111357774, 37.05462111357774, 37.11723260040817, 37.11723260040817, 36.84170705795391, 36.84170705795391, 36.56897537839241, 36.56897537839241, 36.64863533594279, 36.64863533594279, 36.5769466511865, 36.5769466511865, 36.45257690094987, 36.45257690094987, 36.29026492050416, 36.29026492050416, 36.52262984328554, 36.52262984328554, 36.539667211736415, 36.539667211736415, 36.81101470207101, 36.81101470207101, 36.58146784928769, 36.58146784928769, 36.51356426647866]
15  :--------------------------------
fit_params:  [ 1.136  0.715  0.973 -0.48  -0.078 -0.196  0.747  0.451  0.334  0.17
 -1.623 -1.557 -1.613 -0.726 38.069]
current: 36.514+/-0.179  params:  [0.694 0.352 0.592 0.48 ]  grad:  [ 0.121  0.025 -0.065 -0.102]  gamma_k: 0.1131  delta_k: 0.4596
***36.51+/-0.18 1632016380.7314508
---VQE complete: delta 3692.029261712
Data collected can be found at experiments/4x2_bayesmgd_zz_x_U_8_nocc_13_d_1-0919-015121/2x4
