{'theta': True, 'zeta': True, 'chi': False, 'gamma': True, 'phi': True, 'time': None}
{'theta': False, 'zeta': False, 'chi': False, 'gamma': False, 'phi': False, 'time': None}
Start at: (3, 2), with dr
Using qubits [cirq.GridQubit(3, 2), cirq.GridQubit(4, 2), cirq.GridQubit(4, 3), cirq.GridQubit(5, 3), cirq.GridQubit(5, 4), cirq.GridQubit(6, 4), cirq.GridQubit(6, 5), cirq.GridQubit(7, 5), cirq.GridQubit(4, 1), cirq.GridQubit(5, 1), cirq.GridQubit(5, 2), cirq.GridQubit(6, 2), cirq.GridQubit(6, 3), cirq.GridQubit(7, 3), cirq.GridQubit(7, 4), cirq.GridQubit(8, 4)]
Using qubits, JW:[cirq.GridQubit(3, 2), cirq.GridQubit(4, 2), cirq.GridQubit(4, 3), cirq.GridQubit(5, 3), cirq.GridQubit(5, 4), cirq.GridQubit(6, 4), cirq.GridQubit(6, 5), cirq.GridQubit(7, 5), cirq.GridQubit(4, 1), cirq.GridQubit(5, 1), cirq.GridQubit(5, 2), cirq.GridQubit(6, 2), cirq.GridQubit(6, 3), cirq.GridQubit(7, 3), cirq.GridQubit(7, 4), cirq.GridQubit(8, 4)]
Meas types ['onsite0', 'horiz0', 'vert02', 'vert12']
Prepped onsite, pairs=[(0, 8), (1, 9), (2, 10), (3, 11), (4, 12), (5, 13), (6, 14), (7, 15)]
Prepped horiz, pairs=[(0, 1), (2, 3), (4, 5), (6, 7), (8, 9), (10, 11), (12, 13), (14, 15)]
Prepped vert0, pairs=[(1, 2), (3, 4), (5, 6), (9, 10), (11, 12), (13, 14)]
Prepped vert1, pairs=[(1, 2), (3, 4), (5, 6), (9, 10), (11, 12), (13, 14)]
Set recompilation to False
Got pairs set [(3, 4), (4, 12), (12, 13), (5, 13), (8, 9), (0, 8), (1, 9), (13, 14), (6, 14), (4, 5), (5, 6), (14, 15), (0, 1), (9, 10), (10, 11), (1, 2), (2, 10), (6, 7), (7, 15), (3, 11), (2, 3), (11, 12)]
---Starting to do calibration: delta 0.07817239399992104
---Starting to set up measurements: delta 0.4878447499995673
---Starting to run VQE: delta 1.6158440869985498
No optimisation, save file is experiments/cad0083e27b54b1c8c98b9c747d62951-0920-135227/2x4/processed/processed.json
parameters.json
---Preparing executables
---Running executables, 180 in batch, delta=49.77408670799923
---Extracting values delta=73.29097536300105
---Extracted values delta=1.6893978329990205
===-6.197215795516968 -6.409191608428955 -6.410093784332275 -6.410302400588989 -6.525611639022827 -6.53411865234375 -6.535265326499939 -6.5350950956344604 -6.556146144866943 -6.593956112861633 -6.620403289794922 -6.6949262619018555 -6.760326027870178 -6.763223052024841 -6.771273255348206 -6.801097750663757 -6.814507603645325 -6.817725777626038 -6.825314521789551 -6.862703561782837 -6.883105635643005 -6.8859405517578125 -6.900634050369263 -6.902516961097717 -6.905912280082703 -6.9210045337677 -6.919149875640869 -6.941503643989563 -6.952266454696655 -6.951233148574829 -6.95124363899231 -6.967028379440308 -6.966936230659485 -6.967653870582581 -6.979283690452576 -6.989334583282471 -6.994046092033386 -6.997811675071716 -6.998596429824829 -7.001152157783508 -7.006264686584473 -7.010408163070679 -7.010204553604126 -7.013045787811279 -7.013099670410156 1632142474.4097533
Computed energies [-6.197215795516968, -6.409191608428955, -6.410093784332275, -6.410302400588989, -6.525611639022827, -6.53411865234375, -6.535265326499939, -6.5350950956344604, -6.556146144866943, -6.593956112861633, -6.620403289794922, -6.6949262619018555, -6.760326027870178, -6.763223052024841, -6.771273255348206, -6.801097750663757, -6.814507603645325, -6.817725777626038, -6.825314521789551, -6.862703561782837, -6.883105635643005, -6.8859405517578125, -6.900634050369263, -6.902516961097717, -6.905912280082703, -6.9210045337677, -6.919149875640869, -6.941503643989563, -6.952266454696655, -6.951233148574829, -6.95124363899231, -6.967028379440308, -6.966936230659485, -6.967653870582581, -6.979283690452576, -6.989334583282471, -6.994046092033386, -6.997811675071716, -6.998596429824829, -7.001152157783508, -7.006264686584473, -7.010408163070679, -7.010204553604126, -7.013045787811279, -7.013099670410156], params [[[[0.5737983587760225, 0.5737983587760225, 0.5737983587760225, 1.4262016412239775]]], [[[0.4168953784157937, 0.7307013391362512, 0.4168953784157937, 1.2692986608637487]]], [[[0.42144518943229775, 0.7352511501527552, 0.4123455673992897, 1.2647488498472446]]], [[[0.42114658731643007, 0.735549752268623, 0.412046965283422, 1.2644502477313768]]], [[[0.3453534569971585, 0.6597566219493514, 0.48784009560269354, 1.1886571174121052]]], [[[0.3145085613490995, 0.6906015175974104, 0.4569951999546345, 1.157812221764046]]], [[[0.2986630393749901, 0.7064470395715198, 0.4411496779805251, 1.1419666997899367]]], [[[0.3043658779015413, 0.7007442010449686, 0.4468525165070763, 1.1476695383164879]]], [[[0.32448276182029295, 0.7208610849637203, 0.46696940042582796, 1.1275526543977363]]], [[[0.2796507970775594, 0.6760291202209867, 0.5118013651685616, 1.0827206896550028]]], [[[0.31036720869667433, 0.7067455318401017, 0.5425177767876765, 1.0520042780358878]]], [[[0.36028929774375457, 0.6568234427930215, 0.4925956877405963, 1.0020821889888076]]], [[[0.4157533301175539, 0.6013594104192223, 0.437131655366797, 0.9466181566150084]]], [[[0.4216521570734471, 0.6072582373751154, 0.43123282841090377, 0.9407193296591152]]], [[[0.40903106577829257, 0.61987932867027, 0.4438539197060583, 0.9280982383639607]]], [[[0.44157267420948876, 0.5873377202390737, 0.4113123112748621, 0.8955566299327644]]], [[[0.42316688170483907, 0.6057435127437234, 0.4297181037795118, 0.8771508374281147]]], [[[0.41345662782202325, 0.6154537666265392, 0.420007849896696, 0.867440583545299]]], [[[0.41974174810815323, 0.6091686463404091, 0.42629297018282597, 0.8611554632591689]]], [[[0.4564278255911591, 0.5724825688574032, 0.4629790476658318, 0.824469385776163]]], [[[0.43180477125458394, 0.547859514520828, 0.4383559933292567, 0.7998463314395878]]], [[[0.42684794345016286, 0.5528163423252491, 0.44331282113367776, 0.7948895036351667]]], [[[0.4576593658421887, 0.583627764717275, 0.4741242435257036, 0.7640780812431409]]], [[[0.4521714375762423, 0.5891156929832214, 0.47961217179165, 0.7585901529771945]]], [[[0.46176000152480445, 0.5987042569317836, 0.47002360784308783, 0.7490015890286322]]], [[[0.48573443892343615, 0.5747298195331519, 0.49399804524171953, 0.7250271516300005]]], [[[0.48840144259120105, 0.572062815865387, 0.49666504890948443, 0.7276941552977655]]], [[[0.45909438051485624, 0.5427557537890422, 0.5259721109858292, 0.6983870932214207]]], [[[0.4347020466198554, 0.5183634198940413, 0.55036444488083, 0.6739947593264198]]], [[[0.4284242913417895, 0.5120856646159754, 0.5440866896027641, 0.6802725146044858]]], [[[0.43221518452060814, 0.5082947714371567, 0.5402957964239454, 0.6840634077833044]]], [[[0.398392791573818, 0.4744723784903666, 0.5064734034771553, 0.6502410148365143]]], [[[0.3988197613567065, 0.47404540870747813, 0.5069003732600438, 0.6506679846194028]]], [[[0.3999047173090766, 0.47513036465984826, 0.5079853292124139, 0.6495830286670327]]], [[[0.41543596834692376, 0.4595991136220011, 0.49245407817456677, 0.6340517776291855]]], [[[0.4332752939650815, 0.4774384392401589, 0.5102934037927246, 0.6162124520110277]]], [[[0.4406875611245028, 0.48485070639958017, 0.5028811366333032, 0.6088001848516064]]], [[[0.428097092803054, 0.49744117472102894, 0.49029066831185447, 0.5962097165301575]]], [[[0.4245847740163615, 0.5009534935077214, 0.48677834952516197, 0.592697397743465]]], [[[0.4080623951979819, 0.4844311146893418, 0.4702559707067823, 0.5761750189250853]]], [[[0.4162387012443868, 0.4926074207357467, 0.4784322767531872, 0.5679987128786804]]], [[[0.42451103882445257, 0.5008797583158126, 0.486704614333253, 0.5597263752986146]]], [[[0.42406256533398823, 0.5004312848253483, 0.4862561408427887, 0.5601748487890789]]], [[[0.4282816833070291, 0.4962121668523074, 0.4820370228697478, 0.555955730816038]]], [[[0.4269525647318705, 0.4948830482771488, 0.4833661414449064, 0.5546266122408794]]]]
***[-6.1972158  -6.40919161 -6.41009378 -6.4103024  -6.52561164 -6.53411865
 -6.53526533 -6.5350951  -6.55614614 -6.59395611 -6.62040329 -6.69492626
 -6.76032603 -6.76322305 -6.77127326 -6.80109775 -6.8145076  -6.81772578
 -6.82531452 -6.86270356 -6.88310564 -6.88594055 -6.90063405 -6.90251696
 -6.90591228 -6.92100453 -6.91914988 -6.94150364 -6.95226645 -6.95123315
 -6.95124364 -6.96702838 -6.96693623 -6.96765387 -6.97928369 -6.98933458
 -6.99404609 -6.99781168 -6.99859643 -7.00115216 -7.00626469 -7.01040816
 -7.01020455 -7.01304579 -7.01309967] 1632142474.4161148
---VQE complete: delta 124.7769113359991
Data collected can be found at experiments/cad0083e27b54b1c8c98b9c747d62951-0920-135227/2x4
