{'theta': True, 'zeta': True, 'chi': False, 'gamma': True, 'phi': True, 'time': None}
{'theta': False, 'zeta': False, 'chi': False, 'gamma': False, 'phi': False, 'time': None}
Start at: (3, 2), with dr
Using qubits [cirq.GridQubit(3, 2), cirq.GridQubit(4, 2), cirq.GridQubit(4, 3), cirq.GridQubit(5, 3), cirq.GridQubit(5, 4), cirq.GridQubit(6, 4), cirq.GridQubit(6, 5), cirq.GridQubit(7, 5), cirq.GridQubit(4, 1), cirq.GridQubit(5, 1), cirq.GridQubit(5, 2), cirq.GridQubit(6, 2), cirq.GridQubit(6, 3), cirq.GridQubit(7, 3), cirq.GridQubit(7, 4), cirq.GridQubit(8, 4)]
Using qubits, JW:[cirq.GridQubit(3, 2), cirq.GridQubit(4, 2), cirq.GridQubit(4, 3), cirq.GridQubit(5, 3), cirq.GridQubit(5, 4), cirq.GridQubit(6, 4), cirq.GridQubit(6, 5), cirq.GridQubit(7, 5), cirq.GridQubit(4, 1), cirq.GridQubit(5, 1), cirq.GridQubit(5, 2), cirq.GridQubit(6, 2), cirq.GridQubit(6, 3), cirq.GridQubit(7, 3), cirq.GridQubit(7, 4), cirq.GridQubit(8, 4)]
Meas types ['onsite0', 'horiz0', 'vert02', 'vert12']
Prepped onsite, pairs=[(0, 8), (1, 9), (2, 10), (3, 11), (4, 12), (5, 13), (6, 14), (7, 15)]
Prepped horiz, pairs=[(0, 1), (2, 3), (4, 5), (6, 7), (8, 9), (10, 11), (12, 13), (14, 15)]
Prepped vert0, pairs=[(1, 2), (3, 4), (5, 6), (9, 10), (11, 12), (13, 14)]
Prepped vert1, pairs=[(1, 2), (3, 4), (5, 6), (9, 10), (11, 12), (13, 14)]
Set recompilation to False
Got pairs set [(3, 4), (4, 12), (12, 13), (5, 13), (8, 9), (0, 8), (1, 9), (13, 14), (6, 14), (4, 5), (5, 6), (14, 15), (0, 1), (9, 10), (10, 11), (1, 2), (2, 10), (6, 7), (7, 15), (3, 11), (2, 3), (11, 12)]
---Starting to do calibration: delta 0.07102130600105738
---Starting to set up measurements: delta 0.9397814000003564
---Starting to run VQE: delta 2.0889086709994444
No optimisation, save file is experiments/b2ac680af3924f6e9de2f99552317080-1005-203003/2x4/processed/processed.json
parameters.json
Given params: [[[[[0.808, 0.762, 0.816, 0.95]]], [[[-0.808, -0.762, -0.816, -0.95]]], [[[0, 0.762, 0.816, 0.95]]], [[[0, -0.762, -0.816, -0.95]]]]]
---Preparing executables
---Running executables, 16 in batch, delta=6.91923911899903
---Extracting values delta=31.072834153999793
---Extracted values delta=5.703708275999816
===53.41547 53.41927999999999 53.41883999999999 53.41823 1633462250.376425
Computed energies [53.41737499999999], params [[[[0.808, 0.762, 0.816, 0.95]]], [[[-0.808, -0.762, -0.816, -0.95]]], [[[0, 0.762, 0.816, 0.95]]], [[[0, -0.762, -0.816, -0.95]]]]
***53.41737499999999 1633462250.383588
---VQE complete: delta 43.713872189999165
---Starting TFLO
Using saved points
Using params [[[0, 0.785398, 0, 0]], [[0, 0.785398, 0, 1.5708]], [[0, 5.49779, 4.71239, 0.785398]], [[0, 0.785398, 0.785398, 3.14159]], [[0, 5.49779, 3.14159, 1.5708]], [[0, 2.35619, 0, 3.92699]], [[0, 5.49779, 0, 4.71239]], [[0, 3.92699, 5.49779, 3.92699]], [[0, 3.92699, 4.71239, 3.14159]], [[0, 5.49779, 1.5708, 4.71239]], [[0, 3.92699, 4.71239, 3.92699]], [[0, 5.49779, 1.5708, 5.49779]], [[0, 5.49779, 3.14159, 3.92699]], [[0, 2.35619, 2.35619, 4.71239]], [[0, 3.92699, 3.92699, 4.71239]], [[0, 3.14159, 3.92699, 5.49779]], [[0, 0.762, 0.816, 0.95]], [[0.808, 0.762, 0.816, 0.95]], [[0, -0.785398, 0, 0]], [[0, -0.785398, 0, -1.5708]], [[0, -5.49779, -4.71239, -0.785398]], [[0, -0.785398, -0.785398, -3.14159]], [[0, -5.49779, -3.14159, -1.5708]], [[0, -2.35619, 0, -3.92699]], [[0, -5.49779, 0, -4.71239]], [[0, -3.92699, -5.49779, -3.92699]], [[0, -3.92699, -4.71239, -3.14159]], [[0, -5.49779, -1.5708, -4.71239]], [[0, -3.92699, -4.71239, -3.92699]], [[0, -5.49779, -1.5708, -5.49779]], [[0, -5.49779, -3.14159, -3.92699]], [[0, -2.35619, -2.35619, -4.71239]], [[0, -3.92699, -3.92699, -4.71239]], [[0, -3.14159, -3.92699, -5.49779]], [[0, -0.762, -0.816, -0.95]], [[-0.808, -0.762, -0.816, -0.95]]]
---Preparing executables
---Running executables, 144 in batch, delta=58.91006943699904
---Extracting values delta=138.99948641799892
---Extracted values delta=10.412272723999195
---Time for noisy calculation: 208.34613858800003
***TFLON: 53.376900000000006,53.64105000000001,53.87445000000001,54.184349999999995,54.3844,54.621649999999995,54.91565,55.17604999999999,55.455850000000005,55.67704999999999,55.96040000000001,56.10885000000001,56.453500000000005,56.543000000000006,56.97335,57.24755,53.41310000000001,53.421150000000004,53.37725,53.65174999999999,53.87860000000001,54.15795,54.37705,54.605850000000004,54.89185,55.1549,55.441750000000006,55.6829,55.972300000000004,56.09034999999999,56.455200000000005,56.50005,56.97085,57.2504,53.416549999999994,53.4222 1633462461.880366
Noisy energies by type: {'onsite0': array([56., 56., 56., 56., 56., 56., 56., 56., 56., 56., 56., 56., 56.,
       56., 56., 56., 56., 56., 56., 56., 56., 56., 56., 56., 56., 56.,
       56., 56., 56., 56., 56., 56., 56., 56., 56., 56.]), 'horiz0': array([-1.    , -1.    , -0.9586, -0.8547, -0.7065, -1.    , -1.    ,
       -0.7993, -0.497 , -0.1466, -0.3041, -0.0395,  0.3801,  0.4593,
        0.4576,  0.649 , -0.9833, -0.9832, -1.    , -1.    , -0.9612,
       -0.8563, -0.7127, -1.    , -1.    , -0.8061, -0.5034, -0.1408,
       -0.2856, -0.0506,  0.3808,  0.4492,  0.4621,  0.6504, -0.9861,
       -0.9827]), 'vert02': array([-0.813  , -0.6783 , -0.66295, -0.326  , -0.45315, -0.18575,
       -0.04515, -0.16245, -0.24545,  0.07675, -0.0712 ,  0.16295,
        0.03605,  0.15455,  0.1503 ,  0.239  , -0.72595, -0.72255,
       -0.81095, -0.67515, -0.66265, -0.3365 , -0.4505 , -0.1956 ,
       -0.0544 , -0.16315, -0.24975,  0.07595, -0.07635,  0.15665,
        0.03325,  0.13765,  0.13415,  0.2384 , -0.7199 , -0.72465]), 'vert12': array([-0.8101 , -0.68065, -0.504  , -0.63495, -0.45595, -0.1926 ,
       -0.0392 ,  0.1378 ,  0.1983 , -0.2531 ,  0.3357 , -0.0146 ,
        0.03735, -0.07085,  0.36545,  0.35955, -0.87765, -0.8731 ,
       -0.8118 , -0.6731 , -0.49755, -0.64925, -0.45975, -0.19855,
       -0.05375,  0.12415,  0.1949 , -0.25225,  0.33425, -0.0157 ,
        0.04115, -0.0868 ,  0.3746 ,  0.3616 , -0.87745, -0.87045])}
Using saved exact energies
Data collected can be found at experiments/b2ac680af3924f6e9de2f99552317080-1005-203003/2x4
Getting settings from experiments/4x2_single_U_8_nocc_15_d_1-0920-000711/2x4/settings.json
{'theta': True, 'zeta': True, 'chi': False, 'gamma': True, 'phi': True, 'time': None}
{'theta': False, 'zeta': False, 'chi': False, 'gamma': False, 'phi': False, 'time': None}
Start at: (3, 2), with dr
Using qubits [cirq.GridQubit(3, 2), cirq.GridQubit(4, 2), cirq.GridQubit(4, 3), cirq.GridQubit(5, 3), cirq.GridQubit(5, 4), cirq.GridQubit(6, 4), cirq.GridQubit(6, 5), cirq.GridQubit(7, 5), cirq.GridQubit(4, 1), cirq.GridQubit(5, 1), cirq.GridQubit(5, 2), cirq.GridQubit(6, 2), cirq.GridQubit(6, 3), cirq.GridQubit(7, 3), cirq.GridQubit(7, 4), cirq.GridQubit(8, 4)]
Using qubits, JW:[cirq.GridQubit(3, 2), cirq.GridQubit(4, 2), cirq.GridQubit(4, 3), cirq.GridQubit(5, 3), cirq.GridQubit(5, 4), cirq.GridQubit(6, 4), cirq.GridQubit(6, 5), cirq.GridQubit(7, 5), cirq.GridQubit(4, 1), cirq.GridQubit(5, 1), cirq.GridQubit(5, 2), cirq.GridQubit(6, 2), cirq.GridQubit(6, 3), cirq.GridQubit(7, 3), cirq.GridQubit(7, 4), cirq.GridQubit(8, 4)]
Meas types ['onsite0', 'horiz0', 'vert02', 'vert12']
Prepped onsite, pairs=[(0, 8), (1, 9), (2, 10), (3, 11), (4, 12), (5, 13), (6, 14), (7, 15)]
Prepped horiz, pairs=[(0, 1), (2, 3), (4, 5), (6, 7), (8, 9), (10, 11), (12, 13), (14, 15)]
Prepped vert0, pairs=[(1, 2), (3, 4), (5, 6), (9, 10), (11, 12), (13, 14)]
Prepped vert1, pairs=[(1, 2), (3, 4), (5, 6), (9, 10), (11, 12), (13, 14)]
Set recompilation to False
Got pairs set [(3, 4), (4, 12), (12, 13), (5, 13), (8, 9), (0, 8), (1, 9), (13, 14), (6, 14), (4, 5), (5, 6), (14, 15), (0, 1), (9, 10), (10, 11), (1, 2), (2, 10), (6, 7), (7, 15), (3, 11), (2, 3), (11, 12)]
---Starting to do calibration: delta 0.08446067099976062
---Starting to set up measurements: delta 0.8503611270007241
---Starting to run VQE: delta 2.2280443649997324
No optimisation, save file is experiments/7d561cb4df224d17a60116211c127a31-1005-203421/2x4/processed/processed.json
parameters.json
Given params: [[[[[0.808, 0.762, 0.816, 0.95]]], [[[-0.808, -0.762, -0.816, -0.95]]], [[[0, 0.762, 0.816, 0.95]]], [[[0, -0.762, -0.816, -0.95]]]]]
---Preparing executables
---Running executables, 16 in batch, delta=7.129800717999387
---Extracting values delta=31.205064260000654
---Extracted values delta=5.668738336000388
===53.42016999999999 53.41923 53.417260000000006 53.41660000000001 1633462509.1296241
Computed energies [53.41969999999999], params [[[[0.808, 0.762, 0.816, 0.95]]], [[[-0.808, -0.762, -0.816, -0.95]]], [[[0, 0.762, 0.816, 0.95]]], [[[0, -0.762, -0.816, -0.95]]]]
***53.41969999999999 1633462509.133476
---VQE complete: delta 44.02068513999984
---Starting TFLO
Using saved points
Using params [[[0, 0.785398, 0, 0]], [[0, 0.785398, 0, 1.5708]], [[0, 5.49779, 4.71239, 0.785398]], [[0, 0.785398, 0.785398, 3.14159]], [[0, 5.49779, 3.14159, 1.5708]], [[0, 2.35619, 0, 3.92699]], [[0, 5.49779, 0, 4.71239]], [[0, 3.92699, 5.49779, 3.92699]], [[0, 3.92699, 4.71239, 3.14159]], [[0, 5.49779, 1.5708, 4.71239]], [[0, 3.92699, 4.71239, 3.92699]], [[0, 5.49779, 1.5708, 5.49779]], [[0, 5.49779, 3.14159, 3.92699]], [[0, 2.35619, 2.35619, 4.71239]], [[0, 3.92699, 3.92699, 4.71239]], [[0, 3.14159, 3.92699, 5.49779]], [[0, 0.762, 0.816, 0.95]], [[0.808, 0.762, 0.816, 0.95]], [[0, -0.785398, 0, 0]], [[0, -0.785398, 0, -1.5708]], [[0, -5.49779, -4.71239, -0.785398]], [[0, -0.785398, -0.785398, -3.14159]], [[0, -5.49779, -3.14159, -1.5708]], [[0, -2.35619, 0, -3.92699]], [[0, -5.49779, 0, -4.71239]], [[0, -3.92699, -5.49779, -3.92699]], [[0, -3.92699, -4.71239, -3.14159]], [[0, -5.49779, -1.5708, -4.71239]], [[0, -3.92699, -4.71239, -3.92699]], [[0, -5.49779, -1.5708, -5.49779]], [[0, -5.49779, -3.14159, -3.92699]], [[0, -2.35619, -2.35619, -4.71239]], [[0, -3.92699, -3.92699, -4.71239]], [[0, -3.14159, -3.92699, -5.49779]], [[0, -0.762, -0.816, -0.95]], [[-0.808, -0.762, -0.816, -0.95]]]
---Preparing executables
---Running executables, 144 in batch, delta=58.8872007580012
---Extracting values delta=141.87258414999997
---Extracted values delta=12.747871576000762
---Time for noisy calculation: 213.561731152
***TFLON: 53.38080000000001,53.63655,53.8872,54.176500000000004,54.38004999999999,54.609449999999995,54.896,55.1713,55.448499999999996,55.68255,55.934000000000005,56.12915,56.438999999999986,56.5172,56.957049999999995,57.2495,53.41495,53.420849999999994,53.386399999999995,53.64525,53.8741,54.1734,54.3859,54.6212,54.92145000000001,55.16095,55.440250000000006,55.66439999999999,55.954750000000004,56.12720000000001,56.433249999999994,56.52110000000001,56.97744999999999,57.265350000000005,53.416000000000004,53.41244999999999 1633462725.873912
Noisy energies by type: {'onsite0': array([56., 56., 56., 56., 56., 56., 56., 56., 56., 56., 56., 56., 56.,
       56., 56., 56., 56., 56., 56., 56., 56., 56., 56., 56., 56., 56.,
       56., 56., 56., 56., 56., 56., 56., 56., 56., 56.]), 'horiz0': array([-1.    , -1.    , -0.9642, -0.8497, -0.7081, -1.    , -1.    ,
       -0.797 , -0.502 , -0.1428, -0.304 , -0.0403,  0.3752,  0.4518,
        0.4509,  0.6471, -0.9823, -0.9819, -1.    , -1.    , -0.9603,
       -0.8531, -0.7021, -1.    , -1.    , -0.8066, -0.5046, -0.1432,
       -0.3062, -0.0372,  0.3764,  0.4611,  0.4629,  0.6599, -0.9839,
       -0.9829]), 'vert02': array([-0.8102 , -0.6809 , -0.66085, -0.32695, -0.4566 , -0.1924 ,
       -0.05435, -0.16045, -0.246  ,  0.06995, -0.0786 ,  0.16985,
        0.0243 ,  0.1418 ,  0.13735,  0.24185, -0.72975, -0.7252 ,
       -0.80505, -0.6715 , -0.6641 , -0.32165, -0.4611 , -0.1905 ,
       -0.04835, -0.1652 , -0.2514 ,  0.0611 , -0.0702 ,  0.16745,
        0.0201 ,  0.13915,  0.14295,  0.2426 , -0.726  , -0.7259 ]), 'vert12': array([-8.0900e-01, -6.8255e-01, -4.8775e-01, -6.4685e-01, -4.5525e-01,
       -1.9815e-01, -4.9650e-02,  1.2875e-01,  1.9650e-01, -2.4460e-01,
        3.1660e-01, -4.0000e-04,  3.9500e-02, -7.6400e-02,  3.6880e-01,
        3.6055e-01, -8.7300e-01, -8.7205e-01, -8.0855e-01, -6.8325e-01,
       -5.0150e-01, -6.5185e-01, -4.5090e-01, -1.8830e-01, -3.0200e-02,
        1.3275e-01,  1.9625e-01, -2.5350e-01,  3.3115e-01, -3.0500e-03,
        3.6750e-02, -7.9150e-02,  3.7160e-01,  3.6285e-01, -8.7410e-01,
       -8.7875e-01])}
Using saved exact energies
Data collected can be found at experiments/7d561cb4df224d17a60116211c127a31-1005-203421/2x4
