{'theta': True, 'zeta': True, 'chi': False, 'gamma': True, 'phi': True, 'time': None}
{'theta': False, 'zeta': False, 'chi': False, 'gamma': False, 'phi': False, 'time': None}
                  (3, 2)
                  │
                  │
         (4, 1)───(4, 2)───(4, 3)
         │        │        │
         │        │        │
(5, 0)───(5, 1)───(5, 2)───(5, 3)───(5, 4)
         │        │        │        │
         │        │        │        │
         (6, 1)───(6, 2)───(6, 3)───(6, 4)───(6, 5)
                  │        │        │        │
                  │        │        │        │
                  (7, 2)───(7, 3)───(7, 4)───(7, 5)───(7, 6)
                           │        │        │
                           │        │        │
                           (8, 3)───(8, 4)───(8, 5)
                                    │
                                    │
                                    (9, 4)
Qubits: 4 2 5 3
Using qubits [cirq.GridQubit(5, 3), cirq.GridQubit(6, 3), cirq.GridQubit(7, 3), cirq.GridQubit(8, 3), cirq.GridQubit(5, 4), cirq.GridQubit(6, 4), cirq.GridQubit(7, 4), cirq.GridQubit(8, 4)]
Using qubits, JW:[cirq.GridQubit(5, 3), cirq.GridQubit(6, 3), cirq.GridQubit(7, 3), cirq.GridQubit(8, 3), cirq.GridQubit(5, 4), cirq.GridQubit(6, 4), cirq.GridQubit(7, 4), cirq.GridQubit(8, 4)]
                  (3, 2)
                  │
                  │
         (4, 1)───(4, 2)───(4, 3)
         │        │        │
         │        │        │
(5, 0)───(5, 1)───(5, 2)───[31m(5, 3)[0m───[35m(5, 4)[0m
         │        │        │        │
         │        │        │        │
         (6, 1)───(6, 2)───[31m(6, 3)[0m───[35m(6, 4)[0m───(6, 5)
                  │        │        │        │
                  │        │        │        │
                  (7, 2)───[31m(7, 3)[0m───[35m(7, 4)[0m───(7, 5)───(7, 6)
                           │        │        │
                           │        │        │
                           [31m(8, 3)[0m───[35m(8, 4)[0m───(8, 5)
                                    │
                                    │
                                    (9, 4)
None
Meas types ['onsite0', 'horiz0', 'horiz1']
Prepped onsite, pairs=[(0, 4), (1, 5), (2, 6), (3, 7)]
Prepped horiz, pairs=[(0, 1), (2, 3), (4, 5), (6, 7)]
Prepped horiz, pairs=[(1, 2), (5, 6)]
Set recompilation to False
Got pairs set [(0, 1), (1, 2), (2, 6), (6, 7), (4, 5), (5, 6), (1, 5), (2, 3), (0, 4), (3, 7)]
---Starting to do calibration: delta 3.359701019000001
---Starting to set up measurements: delta 0.20707355400000083
---Starting to run VQE: delta 0.37976625499999983
No optimisation, save file is experiments/4x1_single_d2-0916-151201/4x1/processed/processed.json
Given params: [[[[[0.52, 0.451, 0.471], [0.489, 0.511, 0.47]]], [[[-0.52, -0.451, -0.471], [-0.489, -0.511, -0.47]]], [[[0, 0.451, 0.471], [0, 0.511, 0.47]]], [[[0, -0.451, -0.471], [0, -0.511, -0.47]]]]]
---Preparing executables
---Running executables, 12 in batch, delta=1.3680926590000002
---Extracting values delta=1.9992705649999998
---Extracted values delta=38.711794599
===-1.3714325272174568 -1.3153980336270856 -1.3654610391775797 -1.3070196551183404 1631801567.747657
Computed energies [-1.3434152804222712], params [[[[0.52, 0.451, 0.471], [0.489, 0.511, 0.47]]], [[[-0.52, -0.451, -0.471], [-0.489, -0.511, -0.47]]], [[[0, 0.451, 0.471], [0, 0.511, 0.47]]], [[[0, -0.451, -0.471], [0, -0.511, -0.47]]]]
***-1.3434152804222712 1631801567.748969
---VQE complete: delta 42.082007149999995
---Starting TFLO
Using saved points
Using params [[[0, 3.18362, 6.2764], [0, 3.8246, 5.84549]], [[0, 2.6901, 2.99716], [0, 3.34154, 1.63886]], [[0, 0.841172, 0.857071], [0, 2.83507, 0.132099]], [[0, 0.919596, 3.58906], [0, 2.34207, 4.81843]], [[0, 2.02167, 0.711094], [0, 2.87848, 1.92383]], [[0, 3.07888, 1.31344], [0, 4.01245, 3.64854]], [[0, 5.49346, 5.73656], [0, 1.32223, 3.05705]], [[0, 5.44561, 1.68616], [0, 5.99541, 0.440987]], [[0, 5.75192, 6.00118], [0, 4.30115, 3.98124]], [[0, 3.7131, 0.592184], [0, 4.51095, 4.07368]], [[0, 2.7152, 1.86577], [0, 0.588014, 2.06039]], [[0, 2.57569, 4.7256], [0, 3.85901, 0.371302]], [[0, 4.65032, 0.953688], [0, 4.94274, 3.13591]], [[0, 0.299448, 3.22459], [0, 4.5425, 2.32293]], [[0, 5.54704, 4.13572], [0, 4.5425, 2.32293]], [[0, 4.016, 5.5268], [0, 4.80713, 0.271348]], [[0, 0.451, 0.471], [0, 0.511, 0.47]], [[0.52, 0.451, 0.471], [0.489, 0.511, 0.47]], [[0, -3.18362, -6.2764], [0, -3.8246, -5.84549]], [[0, -2.6901, -2.99716], [0, -3.34154, -1.63886]], [[0, -0.841172, -0.857071], [0, -2.83507, -0.132099]], [[0, -0.919596, -3.58906], [0, -2.34207, -4.81843]], [[0, -2.02167, -0.711094], [0, -2.87848, -1.92383]], [[0, -3.07888, -1.31344], [0, -4.01245, -3.64854]], [[0, -5.49346, -5.73656], [0, -1.32223, -3.05705]], [[0, -5.44561, -1.68616], [0, -5.99541, -0.440987]], [[0, -5.75192, -6.00118], [0, -4.30115, -3.98124]], [[0, -3.7131, -0.592184], [0, -4.51095, -4.07368]], [[0, -2.7152, -1.86577], [0, -0.588014, -2.06039]], [[0, -2.57569, -4.7256], [0, -3.85901, -0.371302]], [[0, -4.65032, -0.953688], [0, -4.94274, -3.13591]], [[0, -0.299448, -3.22459], [0, -4.5425, -2.32293]], [[0, -5.54704, -4.13572], [0, -4.5425, -2.32293]], [[0, -4.016, -5.5268], [0, -4.80713, -0.271348]], [[0, -0.451, -0.471], [0, -0.511, -0.47]], [[-0.52, -0.451, -0.471], [-0.489, -0.511, -0.47]]]
---Preparing executables
---Running executables, 108 in batch, delta=11.074715813000005
---Extracting values delta=4.1203460800000045
---Extracted values delta=69.846130075
---Time for noisy calculation: 85.05010987
***TFLON: -1.3067272822653906,-1.1686415208192567,-0.9650864692915493,-1.0479039145742566,-0.9133933205931961,-0.7005254442400937,-0.6019674875110639,-0.800682638081913,-0.2304405482611317,-0.31081570559258187,-0.4730304660629939,-0.025343368470836736,0.017622489510748865,0.23669883177712042,0.444490563341556,0.6191755325276567,-1.3495745966645232,-1.3493021090481951,-1.2814329192459906,-1.1569147537507,-1.0893559209895152,-1.0257148573715966,-0.8093516623330614,-0.6553426402575532,-0.7443927378147404,-0.39105792607056034,-0.4674791163456109,-0.03300229787363311,-0.07219171016165271,0.020433165927570024,0.3290709881216869,0.3642275495042293,0.4268315382607676,0.30363276392919725,-1.2963440746504757,-1.308812661199663 1631801652.8057559
Noisy energies by type: {'onsite0': array([0., 0., 0., 0., 0., 0., 0., 0., 0., 0., 0., 0., 0., 0., 0., 0., 0.,
       0., 0., 0., 0., 0., 0., 0., 0., 0., 0., 0., 0., 0., 0., 0., 0., 0.,
       0., 0.]), 'horiz0': array([-0.85429228, -0.760028  , -0.84178708, -0.52900563, -0.55893861,
       -0.42460631, -0.1410998 , -0.36095251,  0.04637681, -0.11228629,
       -0.1007508 ,  0.19560821,  0.02066795,  0.24885174,  0.50766392,
        0.85744822, -0.81748092, -0.81374862, -0.72652913, -0.73350425,
       -0.91769051, -0.45972595, -0.44353662, -0.38506104, -0.43443316,
        0.11136364, -0.0791793 ,  0.02088134,  0.35549296,  0.24331705,
        0.30649125,  0.39311594,  0.59521219,  0.71811681, -0.78214873,
       -0.78414198]), 'horiz1': array([-0.45243501, -0.40861352, -0.12329939, -0.51889829, -0.35445471,
       -0.27591913, -0.46086769, -0.43973012, -0.27681736, -0.19852941,
       -0.37227966, -0.22095157, -0.00304546, -0.01215291, -0.06317336,
       -0.23827269, -0.53209367, -0.53555349, -0.55490378, -0.4234105 ,
       -0.17166541, -0.56598891, -0.36581504, -0.2702816 , -0.30995957,
       -0.50242156, -0.38829982, -0.05388363, -0.42768467, -0.22288388,
        0.02257973, -0.02888839, -0.16838065, -0.41448404, -0.51419534,
       -0.52467069])}
Using saved exact energies
Data collected can be found at experiments/4x1_single_d2-0916-151201/4x1
