{'theta': True, 'zeta': True, 'chi': False, 'gamma': True, 'phi': True, 'time': None}
{'theta': False, 'zeta': False, 'chi': False, 'gamma': False, 'phi': False, 'time': None}
(cirq.GridQubit(3, 2), cirq.GridQubit(4, 2)) = [0.005653352934596179]
(cirq.GridQubit(4, 1), cirq.GridQubit(5, 1)) = [0.007375015732618062]
(cirq.GridQubit(4, 2), cirq.GridQubit(5, 2)) = [0.00700440704363417]
(cirq.GridQubit(4, 3), cirq.GridQubit(5, 3)) = [0.00842885403620891]
(cirq.GridQubit(5, 0), cirq.GridQubit(5, 1)) = [0.007143743381215151]
(cirq.GridQubit(5, 1), cirq.GridQubit(5, 2)) = [0.007232199681100754]
(cirq.GridQubit(5, 1), cirq.GridQubit(6, 1)) = [0.006847979209530453]
(cirq.GridQubit(5, 2), cirq.GridQubit(5, 3)) = [0.005365521924709626]
(cirq.GridQubit(5, 2), cirq.GridQubit(6, 2)) = [0.009054877847637977]
(cirq.GridQubit(5, 3), cirq.GridQubit(5, 4)) = [0.004709536197255504]
(cirq.GridQubit(5, 3), cirq.GridQubit(6, 3)) = [0.0059856756579679815]
(cirq.GridQubit(5, 4), cirq.GridQubit(6, 4)) = [0.004651029460094991]
(cirq.GridQubit(6, 1), cirq.GridQubit(6, 2)) = [0.00792094837289739]
(cirq.GridQubit(6, 2), cirq.GridQubit(6, 3)) = [0.007011248412327475]
(cirq.GridQubit(6, 3), cirq.GridQubit(6, 4)) = [0.008591080011911889]
(cirq.GridQubit(6, 3), cirq.GridQubit(7, 3)) = [0.007132916363217168]
(cirq.GridQubit(6, 4), cirq.GridQubit(6, 5)) = [0.006546439558907491]
(cirq.GridQubit(6, 5), cirq.GridQubit(7, 5)) = [0.005374354358644029]
(cirq.GridQubit(7, 2), cirq.GridQubit(7, 3)) = [0.005801452337931445]
(cirq.GridQubit(7, 3), cirq.GridQubit(7, 4)) = [0.007189246112731862]
(cirq.GridQubit(7, 3), cirq.GridQubit(8, 3)) = [0.007149153734468561]
(cirq.GridQubit(7, 4), cirq.GridQubit(7, 5)) = [0.007115721498997363]
(cirq.GridQubit(7, 4), cirq.GridQubit(8, 4)) = [0.008183566995623004]
(cirq.GridQubit(7, 5), cirq.GridQubit(7, 6)) = [0.007730965482185048]
(cirq.GridQubit(7, 5), cirq.GridQubit(8, 5)) = [0.007667429199111786]
(cirq.GridQubit(8, 3), cirq.GridQubit(8, 4)) = [0.009143646022778867]
(cirq.GridQubit(8, 4), cirq.GridQubit(9, 4)) = [0.006191280976748176]
                  (3, 2)
                  │
                  │
         (4, 1)───(4, 2)───(4, 3)
         │        │        │
         │        │        │
(5, 0)───(5, 1)───(5, 2)───(5, 3)───(5, 4)
         │        │        │        │
         │        │        │        │
         (6, 1)───(6, 2)───(6, 3)───(6, 4)───(6, 5)
                  │        │        │        │
                  │        │        │        │
                  (7, 2)───(7, 3)───(7, 4)───(7, 5)───(7, 6)
                           │        │        │
                           │        │        │
                           (8, 3)───(8, 4)───(8, 5)
                                    │
                                    │
                                    (9, 4)
Start at: (3, 2), with dr
Using qubits [cirq.GridQubit(3, 2), cirq.GridQubit(4, 2), cirq.GridQubit(4, 3), cirq.GridQubit(5, 3), cirq.GridQubit(5, 4), cirq.GridQubit(6, 4), cirq.GridQubit(6, 5), cirq.GridQubit(7, 5), cirq.GridQubit(4, 1), cirq.GridQubit(5, 1), cirq.GridQubit(5, 2), cirq.GridQubit(6, 2), cirq.GridQubit(6, 3), cirq.GridQubit(7, 3), cirq.GridQubit(7, 4), cirq.GridQubit(8, 4)]
Using qubits, JW:[cirq.GridQubit(3, 2), cirq.GridQubit(4, 2), cirq.GridQubit(4, 3), cirq.GridQubit(5, 3), cirq.GridQubit(5, 4), cirq.GridQubit(6, 4), cirq.GridQubit(6, 5), cirq.GridQubit(7, 5), cirq.GridQubit(4, 1), cirq.GridQubit(5, 1), cirq.GridQubit(5, 2), cirq.GridQubit(6, 2), cirq.GridQubit(6, 3), cirq.GridQubit(7, 3), cirq.GridQubit(7, 4), cirq.GridQubit(8, 4)]
                  [31m(3, 2)[0m
                  │
                  │
         [35m(4, 1)[0m───[31m(4, 2)[0m───[31m(4, 3)[0m
         │        │        │
         │        │        │
(5, 0)───[35m(5, 1)[0m───[35m(5, 2)[0m───[31m(5, 3)[0m───[31m(5, 4)[0m
         │        │        │        │
         │        │        │        │
         (6, 1)───[35m(6, 2)[0m───[35m(6, 3)[0m───[31m(6, 4)[0m───[31m(6, 5)[0m
                  │        │        │        │
                  │        │        │        │
                  (7, 2)───[35m(7, 3)[0m───[35m(7, 4)[0m───[31m(7, 5)[0m───(7, 6)
                           │        │        │
                           │        │        │
                           (8, 3)───[35m(8, 4)[0m───(8, 5)
                                    │
                                    │
                                    (9, 4)
None
Set recompilation to False
Got pairs set [(10, 11), (5, 6), (3, 11), (5, 13), (8, 9), (4, 12), (6, 14), (1, 2), (6, 7), (7, 15), (12, 13), (4, 5), (2, 10), (9, 10), (2, 3), (1, 9), (14, 15), (0, 8), (11, 12), (0, 1), (13, 14), (3, 4)]
---Starting to do calibration: delta 3.971316077000001
---Starting to set up measurements: delta 1.1747786560000009
---Starting to run VQE: delta 2.1252671900000006
Running BayesMGD: n_evals 15, nshots 1000, max_iter 50, max_evals 300
---Preparing executables
---Running executables delta=2.4607018189999987
---Extracting values delta=1.8268954059999984
---Extracted values delta=46.924353354000004
---Preparing executables
---Running executables delta=79.12461461400001
---Extracting values delta=13.383599093999976
---Extracted values delta=125.50119858600002
[1.3132965009208104, 3.848217279647571]
2  :--------------------------------
fit_params:  [ -2.188   5.093   3.182   4.36   -3.563  -1.895   5.429 -11.922   4.999
  -1.583]
current: 3.848+/-0.649  params:  [0.477 0.369 0.911]  grad:  [2.647 3.193 0.449]  gamma_k: 0.1977  delta_k: 0.6000
---Preparing executables
---Running executables delta=70.12735892799998
---Extracting values delta=12.239083114999971
---Extracted values delta=72.132881763
[1.3132965009208104, 3.848217279647571, 3.848217279647571, -0.6521041257077015]
3  :--------------------------------
fit_params:  [ 2.515  3.987  2.467 -0.342 -0.1   -0.573 -2.64  -3.193 -2.13   1.586]
current: -0.652+/-0.145  params:  [0.581 0.62  0.625]  grad:  [-0.676 -1.621  1.848]  gamma_k: 0.1548  delta_k: 0.5594
---Preparing executables
---Running executables delta=70.22424341699997
---Extracting values delta=12.371066702999997
---Extracted values delta=71.574415843
[1.3132965009208104, 3.848217279647571, 3.848217279647571, -0.6521041257077015, -0.6521041257077015, -0.7254478717199957]
4  :--------------------------------
fit_params:  [ 2.508  3.831  1.525 -0.166  0.237 -0.631 -3.22  -3.431 -0.568  1.263]
current: -0.725+/-0.183  params:  [0.609 0.576 0.517]  grad:  [-0.213  0.337  0.832]  gamma_k: 0.1302  delta_k: 0.5370
---Preparing executables
---Running executables delta=73.56309666100003
---Extracting values delta=12.676251155000045
---Extracted values delta=72.90444758700005
[1.3132965009208104, 3.848217279647571, 3.848217279647571, -0.6521041257077015, -0.6521041257077015, -0.7254478717199957, -0.7254478717199957, -0.6326076296653298]
5  :--------------------------------
fit_params:  [ 2.83   4.247  1.087 -0.558 -0.061 -0.103 -2.199 -4.201 -0.994  1.39 ]
current: -0.633+/-0.108  params:  [0.547 0.587 0.524]  grad:  [ 0.543 -0.095 -0.064]  gamma_k: 0.1139  delta_k: 0.5216
---Preparing executables
---Running executables delta=70.93467395599998
---Extracting values delta=12.97678527100004
---Extracted values delta=72.24319708400003
[1.3132965009208104, 3.848217279647571, 3.848217279647571, -0.6521041257077015, -0.6521041257077015, -0.7254478717199957, -0.7254478717199957, -0.6326076296653298, -0.6326076296653298, -0.7185205958455764]
6  :--------------------------------
fit_params:  [ 2.682  4.633  1.751 -0.729 -0.064 -0.271 -2.347 -4.585 -1.184  1.706]
current: -0.719+/-0.105  params:  [0.581 0.61  0.497]  grad:  [-0.334 -0.23   0.262]  gamma_k: 0.1020  delta_k: 0.5100
---Preparing executables
---Running executables delta=72.39876520399991
---Extracting values delta=13.67535322599997
---Extracted values delta=72.94223027199996
[1.3132965009208104, 3.848217279647571, 3.848217279647571, -0.6521041257077015, -0.6521041257077015, -0.7254478717199957, -0.7254478717199957, -0.6326076296653298, -0.6326076296653298, -0.7185205958455764, -0.7185205958455764, -0.8536154208103777]
7  :--------------------------------
fit_params:  [ 2.817  4.233  1.667 -1.229  0.181 -0.125 -2.5   -4.292 -1.056  1.666]
current: -0.854+/-0.127  params:  [0.632 0.673 0.436]  grad:  [-0.545 -0.68   0.66 ]  gamma_k: 0.0930  delta_k: 0.5007
---Preparing executables
---Running executables delta=69.56387546300016
---Extracting values delta=12.294429271000126
---Extracted values delta=70.21072761699997
[1.3132965009208104, 3.848217279647571, 3.848217279647571, -0.6521041257077015, -0.6521041257077015, -0.7254478717199957, -0.7254478717199957, -0.6326076296653298, -0.6326076296653298, -0.7185205958455764, -0.7185205958455764, -0.8536154208103777, -0.8536154208103777, -0.6984715879338468]
8  :--------------------------------
fit_params:  [ 2.173  4.593  1.821 -0.738  0.036 -0.528 -2.144 -4.039 -1.132  1.672]
current: -0.698+/-0.094  params:  [0.663 0.609 0.454]  grad:  [-0.36   0.755 -0.211]  gamma_k: 0.0858  delta_k: 0.4929
---Preparing executables
---Running executables delta=71.52589898800011
---Extracting values delta=13.171256948000064
---Extracted values delta=69.809444902
[1.3132965009208104, 3.848217279647571, 3.848217279647571, -0.6521041257077015, -0.6521041257077015, -0.7254478717199957, -0.7254478717199957, -0.6326076296653298, -0.6326076296653298, -0.7185205958455764, -0.7185205958455764, -0.8536154208103777, -0.8536154208103777, -0.6984715879338468, -0.6984715879338468, -0.8370575323241255]
9  :--------------------------------
fit_params:  [ 2.828  4.602  1.344 -0.764 -0.381 -0.063 -1.94  -4.484 -0.942  1.377]
current: -0.837+/-0.154  params:  [0.62  0.605 0.478]  grad:  [ 0.534  0.048 -0.303]  gamma_k: 0.0799  delta_k: 0.4863
---Preparing executables
---Running executables delta=71.75202172799982
---Extracting values delta=13.843629775000181
---Extracted values delta=71.9950335200001
[1.3132965009208104, 3.848217279647571, 3.848217279647571, -0.6521041257077015, -0.6521041257077015, -0.7254478717199957, -0.7254478717199957, -0.6326076296653298, -0.6326076296653298, -0.7185205958455764, -0.7185205958455764, -0.8536154208103777, -0.8536154208103777, -0.6984715879338468, -0.6984715879338468, -0.8370575323241255, -0.8370575323241255, -0.7917853233231259]
10  :--------------------------------
fit_params:  [ 2.49   4.065  1.99  -0.599 -0.724  0.133 -2.026 -4.147 -0.75   1.457]
current: -0.792+/-0.106  params:  [0.647 0.593 0.447]  grad:  [-0.354  0.155  0.417]  gamma_k: 0.0750  delta_k: 0.4806
---Preparing executables
---Running executables delta=71.77525180800012
---Extracting values delta=12.565204368000195
---Extracted values delta=71.15738495100004
[1.3132965009208104, 3.848217279647571, 3.848217279647571, -0.6521041257077015, -0.6521041257077015, -0.7254478717199957, -0.7254478717199957, -0.6326076296653298, -0.6326076296653298, -0.7185205958455764, -0.7185205958455764, -0.8536154208103777, -0.8536154208103777, -0.6984715879338468, -0.6984715879338468, -0.8370575323241255, -0.8370575323241255, -0.7917853233231259, -0.7917853233231259, -0.9550211045583447]
11  :--------------------------------
fit_params:  [ 2.444  4.281  1.732 -0.062 -0.485 -0.311 -2.042 -4.762 -0.905  1.365]
current: -0.955+/-0.103  params:  [0.603 0.596 0.472]  grad:  [ 0.613 -0.041 -0.353]  gamma_k: 0.0708  delta_k: 0.4755
***-0.96+/-0.10 1630454131.398124
---VQE complete: delta 1672.184867705
Data collected can be found at experiments/8x1_bayesmgd_zz_x_U_4_nocc_7_d_1-0901/8x1
