{'theta': True, 'zeta': True, 'chi': False, 'gamma': True, 'phi': True, 'time': None}
{'theta': False, 'zeta': False, 'chi': False, 'gamma': False, 'phi': False, 'time': None}
                  (3, 2)
                  │
                  │
         (4, 1)───(4, 2)───(4, 3)
         │        │        │
         │        │        │
(5, 0)───(5, 1)───(5, 2)───(5, 3)───(5, 4)
         │        │        │        │
         │        │        │        │
         (6, 1)───(6, 2)───(6, 3)───(6, 4)───(6, 5)
                  │        │        │        │
                  │        │        │        │
                  (7, 2)───(7, 3)───(7, 4)───(7, 5)───(7, 6)
                           │        │        │
                           │        │        │
                           (8, 3)───(8, 4)───(8, 5)
                                    │
                                    │
                                    (9, 4)
Start at: (3, 2), with dr
Using qubits [cirq.GridQubit(3, 2), cirq.GridQubit(4, 2), cirq.GridQubit(4, 3), cirq.GridQubit(5, 3), cirq.GridQubit(5, 4), cirq.GridQubit(6, 4), cirq.GridQubit(6, 5), cirq.GridQubit(7, 5), cirq.GridQubit(4, 1), cirq.GridQubit(5, 1), cirq.GridQubit(5, 2), cirq.GridQubit(6, 2), cirq.GridQubit(6, 3), cirq.GridQubit(7, 3), cirq.GridQubit(7, 4), cirq.GridQubit(8, 4)]
Using qubits, JW:[cirq.GridQubit(3, 2), cirq.GridQubit(4, 2), cirq.GridQubit(4, 3), cirq.GridQubit(5, 3), cirq.GridQubit(5, 4), cirq.GridQubit(6, 4), cirq.GridQubit(6, 5), cirq.GridQubit(7, 5), cirq.GridQubit(4, 1), cirq.GridQubit(5, 1), cirq.GridQubit(5, 2), cirq.GridQubit(6, 2), cirq.GridQubit(6, 3), cirq.GridQubit(7, 3), cirq.GridQubit(7, 4), cirq.GridQubit(8, 4)]
                  [31m(3, 2)[0m
                  │
                  │
         [35m(4, 1)[0m───[31m(4, 2)[0m───[31m(4, 3)[0m
         │        │        │
         │        │        │
(5, 0)───[35m(5, 1)[0m───[35m(5, 2)[0m───[31m(5, 3)[0m───[31m(5, 4)[0m
         │        │        │        │
         │        │        │        │
         (6, 1)───[35m(6, 2)[0m───[35m(6, 3)[0m───[31m(6, 4)[0m───[31m(6, 5)[0m
                  │        │        │        │
                  │        │        │        │
                  (7, 2)───[35m(7, 3)[0m───[35m(7, 4)[0m───[31m(7, 5)[0m───(7, 6)
                           │        │        │
                           │        │        │
                           (8, 3)───[35m(8, 4)[0m───(8, 5)
                                    │
                                    │
                                    (9, 4)
None
Meas types ['onsite0', 'horiz0', 'horiz1']
Prepped onsite, pairs=[(0, 8), (1, 9), (2, 10), (3, 11), (4, 12), (5, 13), (6, 14), (7, 15)]
Prepped horiz, pairs=[(0, 1), (2, 3), (4, 5), (6, 7), (8, 9), (10, 11), (12, 13), (14, 15)]
Prepped horiz, pairs=[(1, 2), (3, 4), (5, 6), (9, 10), (11, 12), (13, 14)]
Set recompilation to False
Got pairs set [(10, 11), (5, 6), (3, 11), (5, 13), (8, 9), (4, 12), (6, 14), (1, 2), (6, 7), (7, 15), (12, 13), (4, 5), (2, 10), (9, 10), (2, 3), (1, 9), (14, 15), (0, 8), (11, 12), (0, 1), (13, 14), (3, 4)]
---Starting to do calibration: delta 4.9664888619999985
---Starting to set up measurements: delta 1.3472634790000004
---Starting to run VQE: delta 1.3380415200000009
No optimisation, save file is experiments/8x1_single_zz_x_U_8_nocc_14_d_1-0914-213506/8x1/processed/processed.json
Given params: [[[[[0.7, 0.66, 0.601]]], [[[-0.7, -0.66, -0.601]]], [[[0, 0.66, 0.601]]], [[[0, -0.66, -0.601]]]]]
---Preparing executables
---Running executables, 12 in batch, delta=5.3415129860000015
---Extracting values delta=3.1452506999999983
---Extracted values delta=89.76141975600001
===46.13774613081142 45.796292838328505 46.488682993770816 46.37875027756089 1631651811.952287
Computed energies [45.96701948456996], params [[[[0.7, 0.66, 0.601]]], [[[-0.7, -0.66, -0.601]]], [[[0, 0.66, 0.601]]], [[[0, -0.66, -0.601]]]]
***45.96701948456996 1631651811.956626
---VQE complete: delta 98.257275928
---Starting TFLO
Using saved points
Using params [[[0, 0, 0]], [[0, 0.785398, 1.5708]], [[0, 5.49779, 0.785398]], [[0, 0.785398, 2.35619]], [[0, 2.35619, 0]], [[0, 3.14159, 0.785398]], [[0, 0, 3.14159]], [[0, 0.785398, 5.49779]], [[0, 5.49779, 3.92699]], [[0, 4.71239, 4.71239]], [[0, 2.35619, 5.49779]], [[0, 1.5708, 3.92699]], [[0, 3.14159, 4.71239]], [[0, 2.35619, 3.14159]], [[0, 2.35619, 3.92699]], [[0, 3.14159, 3.92699]], [[0, 0.66, 0.601]], [[0.7, 0.66, 0.601]], [[0, 0, 0]], [[0, -0.785398, -1.5708]], [[0, -5.49779, -0.785398]], [[0, -0.785398, -2.35619]], [[0, -2.35619, 0]], [[0, -3.14159, -0.785398]], [[0, 0, -3.14159]], [[0, -0.785398, -5.49779]], [[0, -5.49779, -3.92699]], [[0, -4.71239, -4.71239]], [[0, -2.35619, -5.49779]], [[0, -1.5708, -3.92699]], [[0, -3.14159, -4.71239]], [[0, -2.35619, -3.14159]], [[0, -2.35619, -3.92699]], [[0, -3.14159, -3.92699]], [[0, -0.66, -0.601]], [[-0.7, -0.66, -0.601]]]
---Preparing executables
---Running executables, 108 in batch, delta=54.515155081
---Extracting values delta=6.5597459079999965
---Extracted values delta=102.904417187
---Time for noisy calculation: 163.99580781100002
***TFLON: 46.53639227865054,46.49786848662783,47.06614795251563,46.35979751148356,47.32410067984682,46.96214921270224,46.90866588403454,47.15070514183665,47.362142738911906,47.09218976398241,47.52138326638316,48.020982790928585,47.39706773977258,48.10721951496322,48.24167587974767,47.750509593438096,46.55357616278405,46.03554952011707,46.57242140124833,46.582588916706385,46.772500088117766,47.13891009119394,46.368866282196336,46.925752070057015,46.99214652973171,47.41935428367251,46.9053671005761,47.22136387889644,47.43268321680085,47.20246224718988,47.74201607452524,47.55027835208215,47.617928855191465,48.092893804414416,46.397108390720476,45.85453164310528 1631651978.399033
Noisy energies by type: {'onsite0': array([49.39597315, 49.29668957, 49.74125201, 48.99750623, 49.56937799,
       49.12100313, 49.34777377, 49.02947846, 49.65508528, 49.33      ,
       49.1307249 , 49.4998584 , 48.96835637, 49.51784596, 49.53477765,
       49.13432836, 49.25333333, 48.54305025, 49.45817435, 49.46488683,
       48.96580938, 49.74837566, 48.9993921 , 49.1550152 , 49.3699439 ,
       49.61684703, 49.01880974, 49.12167414, 49.12489083, 49.05625182,
       49.04542773, 49.04144775, 48.94736842, 49.17443869, 49.31793861,
       48.69565217]), 'horiz0': array([-1.3433584 , -1.44410177, -1.1891516 , -1.28728653, -1.41245902,
       -1.28949302, -0.91830403, -0.56131788, -0.80333952, -0.91154791,
       -0.77340653, -0.45597484, -0.72623574, -0.57132433, -0.44655281,
       -0.51109741, -1.35155096, -1.27376939, -1.35865504, -1.39194139,
       -0.92001328, -1.13219285, -1.52723797, -1.35414634, -0.85568652,
       -0.68107749, -0.83260357, -0.86913742, -0.61578435, -0.52594034,
       -0.41767068, -0.44987147, -0.27363666, -0.21309285, -1.38982018,
       -1.44689495]), 'horiz1': array([-1.51622248, -1.35471931, -1.48595245, -1.3504222 , -0.83281829,
       -0.8693609 , -1.52080385, -1.31745544, -1.48960302, -1.32626232,
       -0.83593511, -1.02290076, -0.84505289, -0.83930211, -0.84654896,
       -0.87272135, -1.34820621, -1.23373134, -1.5270979 , -1.49035652,
       -1.27329602, -1.47727273, -1.10328784, -0.87511679, -1.52211085,
       -1.51641526, -1.28083907, -1.03117284, -1.07642327, -1.32784924,
       -0.88574097, -1.04129794, -1.05580291, -0.86845203, -1.53101004,
       -1.39422558])}
Using saved exact energies
Data collected can be found at experiments/8x1_single_zz_x_U_8_nocc_14_d_1-0914-213506/8x1
