{'theta': True, 'zeta': True, 'chi': False, 'gamma': True, 'phi': True, 'time': None}
{'theta': False, 'zeta': False, 'chi': False, 'gamma': False, 'phi': False, 'time': None}
(cirq.GridQubit(3, 2), cirq.GridQubit(4, 2)) = [0.005653352934596179]
(cirq.GridQubit(4, 1), cirq.GridQubit(5, 1)) = [0.007375015732618062]
(cirq.GridQubit(4, 2), cirq.GridQubit(5, 2)) = [0.00700440704363417]
(cirq.GridQubit(4, 3), cirq.GridQubit(5, 3)) = [0.00842885403620891]
(cirq.GridQubit(5, 0), cirq.GridQubit(5, 1)) = [0.007143743381215151]
(cirq.GridQubit(5, 1), cirq.GridQubit(5, 2)) = [0.007232199681100754]
(cirq.GridQubit(5, 1), cirq.GridQubit(6, 1)) = [0.006847979209530453]
(cirq.GridQubit(5, 2), cirq.GridQubit(5, 3)) = [0.005365521924709626]
(cirq.GridQubit(5, 2), cirq.GridQubit(6, 2)) = [0.009054877847637977]
(cirq.GridQubit(5, 3), cirq.GridQubit(5, 4)) = [0.004709536197255504]
(cirq.GridQubit(5, 3), cirq.GridQubit(6, 3)) = [0.0059856756579679815]
(cirq.GridQubit(5, 4), cirq.GridQubit(6, 4)) = [0.004651029460094991]
(cirq.GridQubit(6, 1), cirq.GridQubit(6, 2)) = [0.00792094837289739]
(cirq.GridQubit(6, 2), cirq.GridQubit(6, 3)) = [0.007011248412327475]
(cirq.GridQubit(6, 3), cirq.GridQubit(6, 4)) = [0.008591080011911889]
(cirq.GridQubit(6, 3), cirq.GridQubit(7, 3)) = [0.007132916363217168]
(cirq.GridQubit(6, 4), cirq.GridQubit(6, 5)) = [0.006546439558907491]
(cirq.GridQubit(6, 5), cirq.GridQubit(7, 5)) = [0.005374354358644029]
(cirq.GridQubit(7, 2), cirq.GridQubit(7, 3)) = [0.005801452337931445]
(cirq.GridQubit(7, 3), cirq.GridQubit(7, 4)) = [0.007189246112731862]
(cirq.GridQubit(7, 3), cirq.GridQubit(8, 3)) = [0.007149153734468561]
(cirq.GridQubit(7, 4), cirq.GridQubit(7, 5)) = [0.007115721498997363]
(cirq.GridQubit(7, 4), cirq.GridQubit(8, 4)) = [0.008183566995623004]
(cirq.GridQubit(7, 5), cirq.GridQubit(7, 6)) = [0.007730965482185048]
(cirq.GridQubit(7, 5), cirq.GridQubit(8, 5)) = [0.007667429199111786]
(cirq.GridQubit(8, 3), cirq.GridQubit(8, 4)) = [0.009143646022778867]
(cirq.GridQubit(8, 4), cirq.GridQubit(9, 4)) = [0.006191280976748176]
                  (3, 2)
                  │
                  │
         (4, 1)───(4, 2)───(4, 3)
         │        │        │
         │        │        │
(5, 0)───(5, 1)───(5, 2)───(5, 3)───(5, 4)
         │        │        │        │
         │        │        │        │
         (6, 1)───(6, 2)───(6, 3)───(6, 4)───(6, 5)
                  │        │        │        │
                  │        │        │        │
                  (7, 2)───(7, 3)───(7, 4)───(7, 5)───(7, 6)
                           │        │        │
                           │        │        │
                           (8, 3)───(8, 4)───(8, 5)
                                    │
                                    │
                                    (9, 4)
Start at: (3, 2), with dr
Using qubits [cirq.GridQubit(3, 2), cirq.GridQubit(4, 2), cirq.GridQubit(4, 3), cirq.GridQubit(5, 3), cirq.GridQubit(5, 4), cirq.GridQubit(6, 4), cirq.GridQubit(6, 5), cirq.GridQubit(7, 5), cirq.GridQubit(4, 1), cirq.GridQubit(5, 1), cirq.GridQubit(5, 2), cirq.GridQubit(6, 2), cirq.GridQubit(6, 3), cirq.GridQubit(7, 3), cirq.GridQubit(7, 4), cirq.GridQubit(8, 4)]
Using qubits, JW:[cirq.GridQubit(3, 2), cirq.GridQubit(4, 2), cirq.GridQubit(4, 3), cirq.GridQubit(5, 3), cirq.GridQubit(5, 4), cirq.GridQubit(6, 4), cirq.GridQubit(6, 5), cirq.GridQubit(7, 5), cirq.GridQubit(4, 1), cirq.GridQubit(5, 1), cirq.GridQubit(5, 2), cirq.GridQubit(6, 2), cirq.GridQubit(6, 3), cirq.GridQubit(7, 3), cirq.GridQubit(7, 4), cirq.GridQubit(8, 4)]
                  [31m(3, 2)[0m
                  │
                  │
         [35m(4, 1)[0m───[31m(4, 2)[0m───[31m(4, 3)[0m
         │        │        │
         │        │        │
(5, 0)───[35m(5, 1)[0m───[35m(5, 2)[0m───[31m(5, 3)[0m───[31m(5, 4)[0m
         │        │        │        │
         │        │        │        │
         (6, 1)───[35m(6, 2)[0m───[35m(6, 3)[0m───[31m(6, 4)[0m───[31m(6, 5)[0m
                  │        │        │        │
                  │        │        │        │
                  (7, 2)───[35m(7, 3)[0m───[35m(7, 4)[0m───[31m(7, 5)[0m───(7, 6)
                           │        │        │
                           │        │        │
                           (8, 3)───[35m(8, 4)[0m───(8, 5)
                                    │
                                    │
                                    (9, 4)
None
Set recompilation to False
Got pairs set [(10, 11), (5, 6), (3, 11), (5, 13), (8, 9), (4, 12), (6, 14), (1, 2), (6, 7), (7, 15), (12, 13), (4, 5), (2, 10), (9, 10), (2, 3), (1, 9), (14, 15), (0, 8), (11, 12), (0, 1), (13, 14), (3, 4)]
---Starting to do calibration: delta 3.2929975419999993
---Starting to set up measurements: delta 1.8329873219999993
---Starting to run VQE: delta 2.516177796000001
Running BayesMGD: n_evals 15, nshots 1000, max_iter 50, max_evals 300
---Preparing executables
---Running executables delta=2.8384230309999996
---Extracting values delta=2.896339921000001
---Extracted values delta=5.698716458
---Preparing executables
---Running executables delta=74.760642154
---Extracting values delta=13.474561715999997
---Extracted values delta=79.15680400600002
[6.072138223823618, 4.183933619032311]
---Preparing executables
---Running executables delta=2.8091401100000155
---Extracting values delta=1.2863960589999976
---Extracted values delta=15.44868113999999
---Preparing executables
---Running executables delta=2.5631127610000135
---Extracting values delta=1.1992232960000138
---Extracted values delta=69.90515856299999
2  :--------------------------------
fit_params:  [ 0.009  1.65   0.014  0.798 -0.707 -0.231  1.746 -2.62   2.812  1.943]
current: 4.184+/-0.548  true: 3.992+/-0.033  params:  [0.615 0.641 0.81 ]  grad:  [1.946 1.814 0.963]  gamma_k: 0.1977  delta_k: 0.6000
---Preparing executables
---Running executables delta=119.36686239800002
---Extracting values delta=14.223338737000006
---Extracted values delta=70.63619982900002
[6.072138223823618, 4.183933619032311, 3.991651430162153, 4.034665900525948]
---Preparing executables
---Running executables delta=2.7340604949999943
---Extracting values delta=1.5351805020000029
---Extracted values delta=90.84422860500007
---Preparing executables
---Running executables delta=3.1324294170000258
---Extracting values delta=1.0653269010000486
---Extracted values delta=41.31120364500009
3  :--------------------------------
fit_params:  [ 1.012  2.557  0.293  0.569 -0.693  0.123 -0.842 -3.942  0.954  4.817]
current: 4.035+/-0.179  true: 3.874+/-0.033  params:  [0.614 0.605 0.696]  grad:  [0.011 0.237 0.731]  gamma_k: 0.1548  delta_k: 0.5594
---Preparing executables
---Running executables delta=113.79582721899999
---Extracting values delta=15.66384501999994
---Extracted values delta=79.17658332199994
[6.072138223823618, 4.183933619032311, 3.991651430162153, 4.034665900525948, 3.8743817795481594, 3.795982507746788]
---Preparing executables
---Running executables delta=3.1212564059999295
---Extracting values delta=1.1980557120000412
---Extracted values delta=90.79215902099997
---Preparing executables
---Running executables delta=2.3789098240000612
---Extracting values delta=1.2509240609999779
---Extracted values delta=23.302371947999973
4  :--------------------------------
fit_params:  [ 2.317  3.442  0.861 -0.486 -0.456 -0.447 -1.532 -3.508 -0.013  5.373]
current: 3.796+/-0.196  true: 3.820+/-0.033  params:  [0.602 0.678 0.685]  grad:  [ 0.089 -0.564  0.086]  gamma_k: 0.1302  delta_k: 0.5370
---Preparing executables
---Running executables delta=80.823553973
---Extracting values delta=12.668965238000055
---Extracted values delta=68.52724952000017
[6.072138223823618, 4.183933619032311, 3.991651430162153, 4.034665900525948, 3.8743817795481594, 3.795982507746788, 3.8201126213700984, 4.160426757352514]
---Preparing executables
---Running executables delta=2.5229543899999953
---Extracting values delta=0.9900741820001713
---Extracted values delta=69.37715969999999
---Preparing executables
---Running executables delta=2.4115621670000564
---Extracting values delta=1.0014698879999742
{'theta': True, 'zeta': True, 'chi': False, 'gamma': True, 'phi': True, 'time': None}
{'theta': False, 'zeta': False, 'chi': False, 'gamma': False, 'phi': False, 'time': None}
(cirq.GridQubit(3, 2), cirq.GridQubit(4, 2)) = [0.005653352934596179]
(cirq.GridQubit(4, 1), cirq.GridQubit(5, 1)) = [0.007375015732618062]
(cirq.GridQubit(4, 2), cirq.GridQubit(5, 2)) = [0.00700440704363417]
(cirq.GridQubit(4, 3), cirq.GridQubit(5, 3)) = [0.00842885403620891]
(cirq.GridQubit(5, 0), cirq.GridQubit(5, 1)) = [0.007143743381215151]
(cirq.GridQubit(5, 1), cirq.GridQubit(5, 2)) = [0.007232199681100754]
(cirq.GridQubit(5, 1), cirq.GridQubit(6, 1)) = [0.006847979209530453]
(cirq.GridQubit(5, 2), cirq.GridQubit(5, 3)) = [0.005365521924709626]
(cirq.GridQubit(5, 2), cirq.GridQubit(6, 2)) = [0.009054877847637977]
(cirq.GridQubit(5, 3), cirq.GridQubit(5, 4)) = [0.004709536197255504]
(cirq.GridQubit(5, 3), cirq.GridQubit(6, 3)) = [0.0059856756579679815]
(cirq.GridQubit(5, 4), cirq.GridQubit(6, 4)) = [0.004651029460094991]
(cirq.GridQubit(6, 1), cirq.GridQubit(6, 2)) = [0.00792094837289739]
(cirq.GridQubit(6, 2), cirq.GridQubit(6, 3)) = [0.007011248412327475]
(cirq.GridQubit(6, 3), cirq.GridQubit(6, 4)) = [0.008591080011911889]
(cirq.GridQubit(6, 3), cirq.GridQubit(7, 3)) = [0.007132916363217168]
(cirq.GridQubit(6, 4), cirq.GridQubit(6, 5)) = [0.006546439558907491]
(cirq.GridQubit(6, 5), cirq.GridQubit(7, 5)) = [0.005374354358644029]
(cirq.GridQubit(7, 2), cirq.GridQubit(7, 3)) = [0.005801452337931445]
(cirq.GridQubit(7, 3), cirq.GridQubit(7, 4)) = [0.007189246112731862]
(cirq.GridQubit(7, 3), cirq.GridQubit(8, 3)) = [0.007149153734468561]
(cirq.GridQubit(7, 4), cirq.GridQubit(7, 5)) = [0.007115721498997363]
(cirq.GridQubit(7, 4), cirq.GridQubit(8, 4)) = [0.008183566995623004]
(cirq.GridQubit(7, 5), cirq.GridQubit(7, 6)) = [0.007730965482185048]
(cirq.GridQubit(7, 5), cirq.GridQubit(8, 5)) = [0.007667429199111786]
(cirq.GridQubit(8, 3), cirq.GridQubit(8, 4)) = [0.009143646022778867]
(cirq.GridQubit(8, 4), cirq.GridQubit(9, 4)) = [0.006191280976748176]
                  (3, 2)
                  │
                  │
         (4, 1)───(4, 2)───(4, 3)
         │        │        │
         │        │        │
(5, 0)───(5, 1)───(5, 2)───(5, 3)───(5, 4)
         │        │        │        │
         │        │        │        │
         (6, 1)───(6, 2)───(6, 3)───(6, 4)───(6, 5)
                  │        │        │        │
                  │        │        │        │
                  (7, 2)───(7, 3)───(7, 4)───(7, 5)───(7, 6)
                           │        │        │
                           │        │        │
                           (8, 3)───(8, 4)───(8, 5)
                                    │
                                    │
                                    (9, 4)
Start at: (3, 2), with dr
Using qubits [cirq.GridQubit(3, 2), cirq.GridQubit(4, 2), cirq.GridQubit(4, 3), cirq.GridQubit(5, 3), cirq.GridQubit(5, 4), cirq.GridQubit(6, 4), cirq.GridQubit(6, 5), cirq.GridQubit(7, 5), cirq.GridQubit(4, 1), cirq.GridQubit(5, 1), cirq.GridQubit(5, 2), cirq.GridQubit(6, 2), cirq.GridQubit(6, 3), cirq.GridQubit(7, 3), cirq.GridQubit(7, 4), cirq.GridQubit(8, 4)]
Using qubits, JW:[cirq.GridQubit(3, 2), cirq.GridQubit(4, 2), cirq.GridQubit(4, 3), cirq.GridQubit(5, 3), cirq.GridQubit(5, 4), cirq.GridQubit(6, 4), cirq.GridQubit(6, 5), cirq.GridQubit(7, 5), cirq.GridQubit(4, 1), cirq.GridQubit(5, 1), cirq.GridQubit(5, 2), cirq.GridQubit(6, 2), cirq.GridQubit(6, 3), cirq.GridQubit(7, 3), cirq.GridQubit(7, 4), cirq.GridQubit(8, 4)]
                  [31m(3, 2)[0m
                  │
                  │
         [35m(4, 1)[0m───[31m(4, 2)[0m───[31m(4, 3)[0m
         │        │        │
         │        │        │
(5, 0)───[35m(5, 1)[0m───[35m(5, 2)[0m───[31m(5, 3)[0m───[31m(5, 4)[0m
         │        │        │        │
         │        │        │        │
         (6, 1)───[35m(6, 2)[0m───[35m(6, 3)[0m───[31m(6, 4)[0m───[31m(6, 5)[0m
                  │        │        │        │
                  │        │        │        │
                  (7, 2)───[35m(7, 3)[0m───[35m(7, 4)[0m───[31m(7, 5)[0m───(7, 6)
                           │        │        │
                           │        │        │
                           (8, 3)───[35m(8, 4)[0m───(8, 5)
                                    │
                                    │
                                    (9, 4)
None
Set recompilation to False
Got pairs set [(10, 11), (5, 6), (3, 11), (5, 13), (8, 9), (4, 12), (6, 14), (1, 2), (6, 7), (7, 15), (12, 13), (4, 5), (2, 10), (9, 10), (2, 3), (1, 9), (14, 15), (0, 8), (11, 12), (0, 1), (13, 14), (3, 4)]
---Starting to do calibration: delta 3.2364948370000004
---Starting to set up measurements: delta 1.3140887130000003
---Starting to run VQE: delta 2.281339008
Running BayesMGD: n_evals 15, nshots 1000, max_iter 50, max_evals 300
---Preparing executables
---Running executables delta=3.787303432
---Extracting values delta=2.6543428869999985
---Extracted values delta=5.232220514999998
---Preparing executables
{'theta': True, 'zeta': True, 'chi': False, 'gamma': True, 'phi': True, 'time': None}
{'theta': False, 'zeta': False, 'chi': False, 'gamma': False, 'phi': False, 'time': None}
(cirq.GridQubit(3, 2), cirq.GridQubit(4, 2)) = [0.005653352934596179]
(cirq.GridQubit(4, 1), cirq.GridQubit(5, 1)) = [0.007375015732618062]
(cirq.GridQubit(4, 2), cirq.GridQubit(5, 2)) = [0.00700440704363417]
(cirq.GridQubit(4, 3), cirq.GridQubit(5, 3)) = [0.00842885403620891]
(cirq.GridQubit(5, 0), cirq.GridQubit(5, 1)) = [0.007143743381215151]
(cirq.GridQubit(5, 1), cirq.GridQubit(5, 2)) = [0.007232199681100754]
(cirq.GridQubit(5, 1), cirq.GridQubit(6, 1)) = [0.006847979209530453]
(cirq.GridQubit(5, 2), cirq.GridQubit(5, 3)) = [0.005365521924709626]
(cirq.GridQubit(5, 2), cirq.GridQubit(6, 2)) = [0.009054877847637977]
(cirq.GridQubit(5, 3), cirq.GridQubit(5, 4)) = [0.004709536197255504]
(cirq.GridQubit(5, 3), cirq.GridQubit(6, 3)) = [0.0059856756579679815]
(cirq.GridQubit(5, 4), cirq.GridQubit(6, 4)) = [0.004651029460094991]
(cirq.GridQubit(6, 1), cirq.GridQubit(6, 2)) = [0.00792094837289739]
(cirq.GridQubit(6, 2), cirq.GridQubit(6, 3)) = [0.007011248412327475]
(cirq.GridQubit(6, 3), cirq.GridQubit(6, 4)) = [0.008591080011911889]
(cirq.GridQubit(6, 3), cirq.GridQubit(7, 3)) = [0.007132916363217168]
(cirq.GridQubit(6, 4), cirq.GridQubit(6, 5)) = [0.006546439558907491]
(cirq.GridQubit(6, 5), cirq.GridQubit(7, 5)) = [0.005374354358644029]
(cirq.GridQubit(7, 2), cirq.GridQubit(7, 3)) = [0.005801452337931445]
(cirq.GridQubit(7, 3), cirq.GridQubit(7, 4)) = [0.007189246112731862]
(cirq.GridQubit(7, 3), cirq.GridQubit(8, 3)) = [0.007149153734468561]
(cirq.GridQubit(7, 4), cirq.GridQubit(7, 5)) = [0.007115721498997363]
(cirq.GridQubit(7, 4), cirq.GridQubit(8, 4)) = [0.008183566995623004]
(cirq.GridQubit(7, 5), cirq.GridQubit(7, 6)) = [0.007730965482185048]
(cirq.GridQubit(7, 5), cirq.GridQubit(8, 5)) = [0.007667429199111786]
(cirq.GridQubit(8, 3), cirq.GridQubit(8, 4)) = [0.009143646022778867]
(cirq.GridQubit(8, 4), cirq.GridQubit(9, 4)) = [0.006191280976748176]
                  (3, 2)
                  │
                  │
         (4, 1)───(4, 2)───(4, 3)
         │        │        │
         │        │        │
(5, 0)───(5, 1)───(5, 2)───(5, 3)───(5, 4)
         │        │        │        │
         │        │        │        │
         (6, 1)───(6, 2)───(6, 3)───(6, 4)───(6, 5)
                  │        │        │        │
                  │        │        │        │
                  (7, 2)───(7, 3)───(7, 4)───(7, 5)───(7, 6)
                           │        │        │
                           │        │        │
                           (8, 3)───(8, 4)───(8, 5)
                                    │
                                    │
                                    (9, 4)
Start at: (3, 2), with dr
Using qubits [cirq.GridQubit(3, 2), cirq.GridQubit(4, 2), cirq.GridQubit(4, 3), cirq.GridQubit(5, 3), cirq.GridQubit(5, 4), cirq.GridQubit(6, 4), cirq.GridQubit(6, 5), cirq.GridQubit(7, 5), cirq.GridQubit(4, 1), cirq.GridQubit(5, 1), cirq.GridQubit(5, 2), cirq.GridQubit(6, 2), cirq.GridQubit(6, 3), cirq.GridQubit(7, 3), cirq.GridQubit(7, 4), cirq.GridQubit(8, 4)]
Using qubits, JW:[cirq.GridQubit(3, 2), cirq.GridQubit(4, 2), cirq.GridQubit(4, 3), cirq.GridQubit(5, 3), cirq.GridQubit(5, 4), cirq.GridQubit(6, 4), cirq.GridQubit(6, 5), cirq.GridQubit(7, 5), cirq.GridQubit(4, 1), cirq.GridQubit(5, 1), cirq.GridQubit(5, 2), cirq.GridQubit(6, 2), cirq.GridQubit(6, 3), cirq.GridQubit(7, 3), cirq.GridQubit(7, 4), cirq.GridQubit(8, 4)]
                  [31m(3, 2)[0m
                  │
                  │
         [35m(4, 1)[0m───[31m(4, 2)[0m───[31m(4, 3)[0m
         │        │        │
         │        │        │
(5, 0)───[35m(5, 1)[0m───[35m(5, 2)[0m───[31m(5, 3)[0m───[31m(5, 4)[0m
         │        │        │        │
         │        │        │        │
         (6, 1)───[35m(6, 2)[0m───[35m(6, 3)[0m───[31m(6, 4)[0m───[31m(6, 5)[0m
                  │        │        │        │
                  │        │        │        │
                  (7, 2)───[35m(7, 3)[0m───[35m(7, 4)[0m───[31m(7, 5)[0m───(7, 6)
                           │        │        │
                           │        │        │
                           (8, 3)───[35m(8, 4)[0m───(8, 5)
                                    │
                                    │
                                    (9, 4)
None
Set recompilation to False
Got pairs set [(10, 11), (5, 6), (3, 11), (5, 13), (8, 9), (4, 12), (6, 14), (1, 2), (6, 7), (7, 15), (12, 13), (4, 5), (2, 10), (9, 10), (2, 3), (1, 9), (14, 15), (0, 8), (11, 12), (0, 1), (13, 14), (3, 4)]
---Starting to do calibration: delta 3.671717975000001
---Starting to set up measurements: delta 2.009896586
---Starting to run VQE: delta 2.4957108769999987
Running BayesMGD: n_evals 15, nshots 1000, max_iter 50, max_evals 300
---Preparing executables
---Running executables delta=4.044523287999999
---Extracting values delta=2.032501551000003
---Extracted values delta=6.178438409999998
---Preparing executables
---Running executables delta=92.852102625
---Extracting values delta=13.191183968999994
---Extracted values delta=94.22017523600002
[5.7000578055139375, 3.469783125367016]
2  :--------------------------------
fit_params:  [ 1.474  6.405  3.864  1.398 -2.056 -2.693 -0.269 -8.771  3.483  5.329]
current: 3.470+/-0.601  params:  [0.731 0.713 0.661]  grad:  [1.363 1.45  1.714]  gamma_k: 0.1977  delta_k: 0.6000
---Preparing executables
---Running executables delta=92.74993029800001
---Extracting values delta=13.857745634000025
---Extracted values delta=70.89334462799997
[5.7000578055139375, 3.469783125367016, 3.469783125367016, 3.3949195522549163]
3  :--------------------------------
fit_params:  [ 3.247  3.419  1.811 -0.559 -0.631 -0.998 -2.414 -2.87   0.72   4.978]
current: 3.395+/-0.308  params:  [0.622 0.733 0.542]  grad:  [ 0.699 -0.128  0.768]  gamma_k: 0.1548  delta_k: 0.5594
---Preparing executables
---Running executables delta=70.39649510299995
---Extracting values delta=11.952637432000017
---Extracted values delta=69.12628792200007
[5.7000578055139375, 3.469783125367016, 3.469783125367016, 3.3949195522549163, 3.3949195522549163, 3.693204972705074]
4  :--------------------------------
fit_params:  [ 2.085  2.843  1.438 -0.408 -0.321 -0.788 -1.626 -1.917 -0.46   4.915]
current: 3.693+/-0.160  params:  [0.619 0.617 0.601]  grad:  [ 0.024  0.891 -0.454]  gamma_k: 0.1302  delta_k: 0.5370
---Preparing executables
---Running executables delta=76.22564788500006
---Extracting values delta=13.141793872999983
---Extracted values delta=69.24968605000004
[5.7000578055139375, 3.469783125367016, 3.469783125367016, 3.3949195522549163, 3.3949195522549163, 3.693204972705074, 3.693204972705074, 3.748496362392788]
5  :--------------------------------
fit_params:  [ 1.86   3.189  1.646 -0.311 -0.44  -0.811 -1.56  -2.885 -0.381  5.457]
current: 3.748+/-0.163  params:  [0.638 0.653 0.595]  grad:  [-0.169 -0.31   0.053]  gamma_k: 0.1139  delta_k: 0.5216
---Preparing executables
---Running executables delta=83.17590498599998
---Extracting values delta=13.445420055999989
---Extracted values delta=68.26739455300003
[5.7000578055139375, 3.469783125367016, 3.469783125367016, 3.3949195522549163, 3.3949195522549163, 3.693204972705074, 3.693204972705074, 3.748496362392788, 3.748496362392788, 3.8064251252624772]
6  :--------------------------------
fit_params:  [ 1.36   3.57   2.242 -0.272  0.316 -0.787 -1.221 -3.345 -1.612  5.564]
current: 3.806+/-0.138  params:  [0.584 0.65  0.551]  grad:  [0.536 0.029 0.435]  gamma_k: 0.1020  delta_k: 0.5100
---Preparing executables
---Running executables delta=90.58111795800005
---Extracting values delta=12.60886843700007
---Extracted values delta=70.07546000900004
[5.7000578055139375, 3.469783125367016, 3.469783125367016, 3.3949195522549163, 3.3949195522549163, 3.693204972705074, 3.693204972705074, 3.748496362392788, 3.748496362392788, 3.8064251252624772, 3.8064251252624772, 3.668001236226559]
7  :--------------------------------
fit_params:  [ 1.594  3.202  2.133 -0.599  0.236 -0.523 -1.646 -2.957 -1.848  5.737]
current: 3.668+/-0.155  params:  [0.612 0.656 0.542]  grad:  [-0.304 -0.072  0.099]  gamma_k: 0.0930  delta_k: 0.5007
---Preparing executables
---Running executables delta=74.51886692099993
---Extracting values delta=12.955898359000003
---Extracted values delta=68.92044484899998
[5.7000578055139375, 3.469783125367016, 3.469783125367016, 3.3949195522549163, 3.3949195522549163, 3.693204972705074, 3.693204972705074, 3.748496362392788, 3.748496362392788, 3.8064251252624772, 3.8064251252624772, 3.668001236226559, 3.668001236226559, 3.7755038242158245]
8  :--------------------------------
fit_params:  [ 1.505  3.042  1.701 -0.097  0.361 -0.363 -2.235 -3.145 -1.667  5.846]
current: 3.776+/-0.125  params:  [0.623 0.627 0.53 ]  grad:  [-0.13   0.336  0.143]  gamma_k: 0.0858  delta_k: 0.4929
---Preparing executables
---Running executables delta=71.94927015300004
---Extracting values delta=12.54059055300013
---Extracted values delta=68.39492140900006
[5.7000578055139375, 3.469783125367016, 3.469783125367016, 3.3949195522549163, 3.3949195522549163, 3.693204972705074, 3.693204972705074, 3.748496362392788, 3.748496362392788, 3.8064251252624772, 3.8064251252624772, 3.668001236226559, 3.668001236226559, 3.7755038242158245, 3.7755038242158245, 3.76030783097229]
9  :--------------------------------
fit_params:  [ 1.73   3.063  1.961 -0.205  0.217 -0.112 -2.061 -3.487 -1.622  5.761]
current: 3.760+/-0.136  params:  [0.618 0.629 0.483]  grad:  [ 0.067 -0.018  0.585]  gamma_k: 0.0799  delta_k: 0.4863
---Preparing executables
---Running executables delta=72.93015007400004
---Extracting values delta=12.296040290000064
---Extracted values delta=71.11933295900008
[5.7000578055139375, 3.469783125367016, 3.469783125367016, 3.3949195522549163, 3.3949195522549163, 3.693204972705074, 3.693204972705074, 3.748496362392788, 3.748496362392788, 3.8064251252624772, 3.8064251252624772, 3.668001236226559, 3.668001236226559, 3.7755038242158245, 3.7755038242158245, 3.76030783097229, 3.76030783097229, 3.6856765852657323]
10  :--------------------------------
fit_params:  [ 1.896  3.517  2.27  -0.36   0.076 -0.281 -2.078 -4.143 -1.797  6.256]
current: 3.686+/-0.118  params:  [0.626 0.662 0.473]  grad:  [-0.115 -0.436  0.137]  gamma_k: 0.0750  delta_k: 0.4806
---Preparing executables
---Running executables delta=76.07583388000012
---Extracting values delta=12.353944153999919
---Extracted values delta=69.50196687000016
[5.7000578055139375, 3.469783125367016, 3.469783125367016, 3.3949195522549163, 3.3949195522549163, 3.693204972705074, 3.693204972705074, 3.748496362392788, 3.748496362392788, 3.8064251252624772, 3.8064251252624772, 3.668001236226559, 3.668001236226559, 3.7755038242158245, 3.7755038242158245, 3.76030783097229, 3.76030783097229, 3.6856765852657323, 3.6856765852657323, 3.860025975811505]
11  :--------------------------------
fit_params:  [ 1.922  3.43   1.851 -0.205  0.074  0.177 -1.907 -4.359 -1.977  6.157]
current: 3.860+/-0.121  params:  [0.605 0.655 0.466]  grad:  [0.299 0.089 0.099]  gamma_k: 0.0708  delta_k: 0.4755
***3.86+/-0.12 1630446824.114733
---VQE complete: delta 1662.172186854
Data collected can be found at experiments/8x1_bayesmgd_zz_x_U_4_nocc_9_d_1-0831/8x1
