{'theta': True, 'zeta': True, 'chi': False, 'gamma': True, 'phi': True, 'time': None}
{'theta': False, 'zeta': False, 'chi': False, 'gamma': False, 'phi': False, 'time': None}
                  (3, 2)
                  │
                  │
         (4, 1)───(4, 2)───(4, 3)
         │        │        │
         │        │        │
(5, 0)───(5, 1)───(5, 2)───(5, 3)───(5, 4)
         │        │        │        │
         │        │        │        │
         (6, 1)───(6, 2)───(6, 3)───(6, 4)───(6, 5)
                  │        │        │        │
                  │        │        │        │
                  (7, 2)───(7, 3)───(7, 4)───(7, 5)───(7, 6)
                           │        │        │
                           │        │        │
                           (8, 3)───(8, 4)───(8, 5)
                                    │
                                    │
                                    (9, 4)
Start at: (3, 2), with dr
Using qubits [cirq.GridQubit(3, 2), cirq.GridQubit(4, 2), cirq.GridQubit(4, 3), cirq.GridQubit(5, 3), cirq.GridQubit(5, 4), cirq.GridQubit(6, 4), cirq.GridQubit(6, 5), cirq.GridQubit(7, 5), cirq.GridQubit(4, 1), cirq.GridQubit(5, 1), cirq.GridQubit(5, 2), cirq.GridQubit(6, 2), cirq.GridQubit(6, 3), cirq.GridQubit(7, 3), cirq.GridQubit(7, 4), cirq.GridQubit(8, 4)]
Using qubits, JW:[cirq.GridQubit(3, 2), cirq.GridQubit(4, 2), cirq.GridQubit(4, 3), cirq.GridQubit(5, 3), cirq.GridQubit(5, 4), cirq.GridQubit(6, 4), cirq.GridQubit(6, 5), cirq.GridQubit(7, 5), cirq.GridQubit(4, 1), cirq.GridQubit(5, 1), cirq.GridQubit(5, 2), cirq.GridQubit(6, 2), cirq.GridQubit(6, 3), cirq.GridQubit(7, 3), cirq.GridQubit(7, 4), cirq.GridQubit(8, 4)]
                  [31m(3, 2)[0m
                  │
                  │
         [35m(4, 1)[0m───[31m(4, 2)[0m───[31m(4, 3)[0m
         │        │        │
         │        │        │
(5, 0)───[35m(5, 1)[0m───[35m(5, 2)[0m───[31m(5, 3)[0m───[31m(5, 4)[0m
         │        │        │        │
         │        │        │        │
         (6, 1)───[35m(6, 2)[0m───[35m(6, 3)[0m───[31m(6, 4)[0m───[31m(6, 5)[0m
                  │        │        │        │
                  │        │        │        │
                  (7, 2)───[35m(7, 3)[0m───[35m(7, 4)[0m───[31m(7, 5)[0m───(7, 6)
                           │        │        │
                           │        │        │
                           (8, 3)───[35m(8, 4)[0m───(8, 5)
                                    │
                                    │
                                    (9, 4)
None
Meas types ['onsite0', 'horiz0', 'vert02', 'vert12']
Prepped onsite, pairs=[(0, 8), (1, 9), (2, 10), (3, 11), (4, 12), (5, 13), (6, 14), (7, 15)]
Prepped horiz, pairs=[(0, 1), (2, 3), (4, 5), (6, 7), (8, 9), (10, 11), (12, 13), (14, 15)]
Prepped vert0, pairs=[(1, 2), (3, 4), (5, 6), (9, 10), (11, 12), (13, 14)]
Prepped vert1, pairs=[(1, 2), (3, 4), (5, 6), (9, 10), (11, 12), (13, 14)]
Set recompilation to False
Got pairs set [(10, 11), (5, 6), (3, 11), (5, 13), (8, 9), (4, 12), (6, 14), (1, 2), (6, 7), (7, 15), (12, 13), (4, 5), (2, 10), (9, 10), (2, 3), (1, 9), (14, 15), (0, 8), (11, 12), (0, 1), (13, 14), (3, 4)]
---Starting to do calibration: delta 3.669532082
---Starting to set up measurements: delta 0.8314644209999997
---Starting to run VQE: delta 2.1219128519999995
No optimisation, save file is experiments/4x2_single_U_4_nocc_13_d_1-0915-235503/2x4/processed/processed.json
Given params: [[[[[0.381, 0.481, 0.588, 0.423]]], [[[-0.381, -0.481, -0.588, -0.423]]], [[[0, 0.481, 0.588, 0.423]]], [[[0, -0.481, -0.588, -0.423]]]]]
---Preparing executables
---Running executables, 16 in batch, delta=9.01819551
---Extracting values delta=2.175469304
---Extracted values delta=66.785024159
===16.65382808057265 16.311590961247706 16.637649771419206 16.63728950061357 1631746588.297045
Computed energies [16.482709520910177], params [[[[0.381, 0.481, 0.588, 0.423]]], [[[-0.381, -0.481, -0.588, -0.423]]], [[[0, 0.481, 0.588, 0.423]]], [[[0, -0.481, -0.588, -0.423]]]]
***16.482709520910177 1631746588.298771
---VQE complete: delta 77.985643356
---Starting TFLO
Using saved points
Using params [[[0, 2.35619, 0, 0]], [[0, 3.14159, 0, 1.5708]], [[0, 0, 4.71239, 0.785398]], [[0, 0, 0.785398, 3.14159]], [[0, 3.14159, 3.14159, 1.5708]], [[0, 1.5708, 0, 3.92699]], [[0, 1.5708, 0, 4.71239]], [[0, 2.35619, 5.49779, 3.92699]], [[0, 2.35619, 4.71239, 3.14159]], [[0, 2.35619, 1.5708, 4.71239]], [[0, 4.71239, 4.71239, 3.92699]], [[0, 3.92699, 1.5708, 5.49779]], [[0, 0.785398, 3.14159, 3.92699]], [[0, 2.35619, 2.35619, 4.71239]], [[0, 2.35619, 3.92699, 4.71239]], [[0, 0, 3.92699, 5.49779]], [[0, 0.481, 0.588, 0.423]], [[0.381, 0.481, 0.588, 0.423]], [[0, -2.35619, 0, 0]], [[0, -3.14159, 0, -1.5708]], [[0, 0, -4.71239, -0.785398]], [[0, 0, -0.785398, -3.14159]], [[0, -3.14159, -3.14159, -1.5708]], [[0, -1.5708, 0, -3.92699]], [[0, -1.5708, 0, -4.71239]], [[0, -2.35619, -5.49779, -3.92699]], [[0, -2.35619, -4.71239, -3.14159]], [[0, -2.35619, -1.5708, -4.71239]], [[0, -4.71239, -4.71239, -3.92699]], [[0, -3.92699, -1.5708, -5.49779]], [[0, -0.785398, -3.14159, -3.92699]], [[0, -2.35619, -2.35619, -4.71239]], [[0, -2.35619, -3.92699, -4.71239]], [[0, 0, -3.92699, -5.49779]], [[0, -0.481, -0.588, -0.423]], [[-0.381, -0.481, -0.588, -0.423]]]
---Preparing executables
---Running executables, 144 in batch, delta=73.65475671699998
---Extracting values delta=8.295935549000006
---Extracted values delta=147.632765365
---Time for noisy calculation: 229.611966139
***TFLON: 16.828600486085538,16.80040159365193,17.50339146497502,17.549643716572923,18.159176580984084,18.620142440100874,19.233591126010754,19.529500094537035,20.016375374417283,21.203432954722782,21.148349261516042,21.689436234885164,22.397906865506204,22.974892512311175,23.569468262112235,24.158517593070012,16.551345308913547,16.613021567542674,16.647777667638607,17.5228080719154,17.71945318051971,18.14713594956971,19.532842576304112,19.248181099708308,19.800757780329466,20.259844849818762,21.243835646486644,21.67885270857206,21.857112973157875,21.781630798239334,23.544015393083768,23.323471495197317,23.48464462068359,24.682974185054036,16.627630130732996,16.244286655894633 1631746820.72679
Noisy energies by type: {'onsite0': array([21.23729384, 21.06766406, 21.0407767 , 20.98454905, 21.00606447,
       21.23947457, 21.16124837, 21.12955466, 21.003001  , 21.02699055,
       21.0800269 , 21.09102402, 20.95440932, 21.06549629, 21.16473616,
       20.96957802, 21.05563481, 20.67458796, 20.85038224, 21.03221431,
       20.96      , 21.06448311, 21.02458472, 20.94299789, 21.07024793,
       21.0275798 , 21.03356555, 21.        , 20.92260062, 20.93227345,
       21.23370639, 21.05408063, 20.89522001, 21.06985525, 21.00102987,
       20.69170085]), 'horiz0': array([-2.10651341, -2.1577347 , -2.0085922 , -1.8079242 , -1.65518429,
       -2.14409848, -2.17792713, -1.96217651, -1.31847134, -0.19346642,
       -0.92082616, -0.23097463,  0.59857143,  0.9087344 ,  0.66731266,
        1.15794803, -2.1446436 , -1.85666387, -2.06885246, -2.06642336,
       -1.86353323, -1.85238784, -0.9165488 , -2.0309586 , -1.95982143,
       -1.64683544, -0.77906602, -0.11914894, -0.54320569, -0.23928451,
        1.14156928,  1.11036907,  0.96890506,  1.60364842, -2.08445532,
       -2.15695067]), 'vert02': array([-0.92225294, -0.91629105, -1.10967539, -0.60443623, -0.63493106,
       -0.10993151,  0.25289948,  0.12487899, -0.14812377,  0.50016093,
        0.14514066,  0.51019202,  0.3634863 ,  0.63982103,  0.75667287,
        0.89571695, -1.2464172 , -1.15806323, -0.91858736, -0.40216655,
       -1.16286977, -0.25722146, -0.21757469,  0.27248589,  0.38430718,
        0.39613971,  0.25077882,  0.70665356,  0.42729788,  0.64906927,
        0.72229102,  0.87303623,  0.80165027,  1.06687023, -1.19196758,
       -1.23897301]), 'vert12': array([-1.37992701, -1.19323671, -0.41911765, -1.0225449 , -0.55677254,
       -0.36530214, -0.0026296 ,  0.23724296,  0.47996948, -0.1302521 ,
        0.84400786,  0.31919482,  0.48143982,  0.36084079,  0.98074656,
        1.1352746 , -1.1132287 , -1.0468393 , -1.21516475, -1.04081633,
       -0.21414382, -0.80773786, -0.35761865,  0.06365591,  0.3060241 ,
        0.48296079,  0.73855731,  0.09134809,  1.05042017,  0.43957259,
        0.4464487 ,  0.28598557,  0.81886928,  0.94260028, -1.09697684,
       -1.05149051])}
Using saved exact energies
Data collected can be found at experiments/4x2_single_U_4_nocc_13_d_1-0915-235503/2x4
