{'theta': True, 'zeta': True, 'chi': False, 'gamma': True, 'phi': True, 'time': None}
{'theta': False, 'zeta': False, 'chi': False, 'gamma': False, 'phi': False, 'time': None}
Start at: (3, 2), with dr
Using qubits [cirq.GridQubit(3, 2), cirq.GridQubit(4, 2), cirq.GridQubit(4, 3), cirq.GridQubit(5, 3), cirq.GridQubit(5, 4), cirq.GridQubit(6, 4), cirq.GridQubit(6, 5), cirq.GridQubit(7, 5), cirq.GridQubit(4, 1), cirq.GridQubit(5, 1), cirq.GridQubit(5, 2), cirq.GridQubit(6, 2), cirq.GridQubit(6, 3), cirq.GridQubit(7, 3), cirq.GridQubit(7, 4), cirq.GridQubit(8, 4)]
Using qubits, JW:[cirq.GridQubit(3, 2), cirq.GridQubit(4, 2), cirq.GridQubit(4, 3), cirq.GridQubit(5, 3), cirq.GridQubit(5, 4), cirq.GridQubit(6, 4), cirq.GridQubit(6, 5), cirq.GridQubit(7, 5), cirq.GridQubit(4, 1), cirq.GridQubit(5, 1), cirq.GridQubit(5, 2), cirq.GridQubit(6, 2), cirq.GridQubit(6, 3), cirq.GridQubit(7, 3), cirq.GridQubit(7, 4), cirq.GridQubit(8, 4)]
Meas types ['onsite0', 'horiz0', 'horiz1']
Prepped onsite, pairs=[(0, 8), (1, 9), (2, 10), (3, 11), (4, 12), (5, 13), (6, 14), (7, 15)]
Prepped horiz, pairs=[(0, 1), (2, 3), (4, 5), (6, 7), (8, 9), (10, 11), (12, 13), (14, 15)]
Prepped horiz, pairs=[(1, 2), (3, 4), (5, 6), (9, 10), (11, 12), (13, 14)]
Set recompilation to False
Got pairs set [(3, 4), (4, 12), (12, 13), (5, 13), (8, 9), (0, 8), (1, 9), (13, 14), (6, 14), (4, 5), (5, 6), (14, 15), (0, 1), (9, 10), (10, 11), (1, 2), (2, 10), (6, 7), (7, 15), (3, 11), (2, 3), (11, 12)]
---Starting to do calibration: delta 0.1403147190000027
---Starting to set up measurements: delta 0.7324357110001074
---Starting to run VQE: delta 1.354350775999933
No optimisation, save file is experiments/73f79b2d661f4426b10b4f52af578706-1211-225423/8x1/processed/processed.json
parameters.json
Given params: [[[[[0.919, 0.443, 0.673]]], [[[-0.919, -0.443, -0.673]]], [[[0, 0.443, 0.673]]], [[[0, -0.443, -0.673]]]]]
---Preparing executables
---Running executables, 12 in batch, delta=4.593669128000101
---Extracting values delta=23.25690179700007
---Extracted values delta=5.607728516000066
===-4.614459999999999 -4.58734 -2.39042 -2.39504 1639263298.7903821
Computed energies [-4.600899999999999], params [[[[0.919, 0.443, 0.673]]], [[[-0.919, -0.443, -0.673]]], [[[0, 0.443, 0.673]]], [[[0, -0.443, -0.673]]]]
***-4.600899999999999 1639263298.792819
---VQE complete: delta 33.46699907100003
---Starting TFLO
Using saved points
Using params [[[0, 0.785398, 0.785398]], [[0, 0, 0.785398]], [[0, 4.71239, 0]], [[0, 0, 1.5708]], [[0, 2.35619, 0.785398]], [[0, 4.71239, 0.785398]], [[0, 2.35619, 1.5708]], [[0, 0.785398, 3.14159]], [[0, 5.49779, 5.49779]], [[0, 0.785398, 3.92699]], [[0, 4.71239, 4.71239]], [[0, 1.5708, 3.92699]], [[0, 3.92699, 5.49779]], [[0, 3.92699, 4.71239]], [[0, 2.35619, 4.71239]], [[0, 3.14159, 4.71239]], [[0, 0.443, 0.673]], [[0.919, 0.443, 0.673]], [[0, -0.785398, -0.785398]], [[0, 0, -0.785398]], [[0, -4.71239, 0]], [[0, 0, -1.5708]], [[0, -2.35619, -0.785398]], [[0, -4.71239, -0.785398]], [[0, -2.35619, -1.5708]], [[0, -0.785398, -3.14159]], [[0, -5.49779, -5.49779]], [[0, -0.785398, -3.92699]], [[0, -4.71239, -4.71239]], [[0, -1.5708, -3.92699]], [[0, -3.92699, -5.49779]], [[0, -3.92699, -4.71239]], [[0, -2.35619, -4.71239]], [[0, -3.14159, -4.71239]], [[0, -0.443, -0.673]], [[-0.919, -0.443, -0.673]]]
---Preparing executables
---Running executables, 108 in batch, delta=38.33735230000002
---Extracting values delta=100.13135224999996
---Extracted values delta=10.135095509000053
---Time for noisy calculation: 148.62213657400002
***TFLON: -2.50995,-2.0089499999999996,-1.6076999999999995,-1.1212500000000007,-0.7575499999999997,-0.35995000000000044,-0.0013000000000000789,0.4032999999999993,0.7404500000000005,1.1965999999999997,1.7144000000000004,2.04395,2.4915499999999997,2.937199999999999,3.2324500000000005,3.61505,-2.4038499999999994,-4.6009,-2.4724999999999997,-2.1151500000000008,-1.59885,-1.2155999999999985,-0.7696499999999995,-0.36105000000000054,0.016549999999999843,0.45404999999999873,0.7819000000000003,1.2218999999999998,1.8275000000000006,2.04375,2.4431,2.9518999999999993,3.22975,3.5728000000000004,-2.3495500000000002,-4.578250000000001 1639263449.793652
Noisy energies by type: {'onsite0': array([4.1944, 4.474 , 4.0876, 4.4896, 4.2328, 4.0944, 4.168 , 4.2624,
       4.2392, 4.2832, 4.0292, 4.0596, 4.2836, 4.2016, 4.1984, 4.3284,
       4.366 , 0.728 , 4.224 , 4.3696, 4.1124, 4.4156, 4.2536, 4.1036,
       4.1852, 4.3184, 4.2852, 4.3204, 4.1188, 4.0964, 4.258 , 4.2136,
       4.1672, 4.2956, 4.432 , 0.776 ]), 'horiz0': array([-3.7823, -3.2173, -3.5616, -2.3442, -3.6792, -2.3331, -2.8483,
       -0.916 , -0.5805, -0.1702, -0.1888,  0.0943, -0.467 ,  0.0531,
        0.3757,  0.2909, -3.6151, -2.9501, -3.7816, -3.2188, -3.5694,
       -2.3616, -3.6833, -2.3303, -2.8535, -0.9317, -0.5754, -0.1698,
       -0.1746,  0.0858, -0.4851,  0.0482,  0.3725,  0.2735, -3.6218,
       -2.9722]), 'horiz1': array([-2.92205, -3.26565, -2.1337 , -3.26665, -1.31115, -2.12125,
       -1.321  , -2.9431 , -2.91825, -2.9164 , -2.126  , -2.10995,
       -1.32505, -1.3175 , -1.34165, -1.00425, -3.15475, -2.3788 ,
       -2.9149 , -3.26595, -2.14185, -3.2696 , -1.33995, -2.13435,
       -1.31515, -2.93265, -2.9279 , -2.9287 , -2.1167 , -2.13845,
       -1.3298 , -1.3099 , -1.30995, -0.9963 , -3.15975, -2.38205])}
Using saved exact energies
Data collected can be found at experiments/73f79b2d661f4426b10b4f52af578706-1211-225423/8x1
Getting settings from paper_data/8x1_U8_d1/single/8x1_single_zz_x_U_8_nocc_5_d_1-0916-234101/8x1/settings.json
{'theta': True, 'zeta': True, 'chi': False, 'gamma': True, 'phi': True, 'time': None}
{'theta': False, 'zeta': False, 'chi': False, 'gamma': False, 'phi': False, 'time': None}
Start at: (3, 2), with dr
Using qubits [cirq.GridQubit(3, 2), cirq.GridQubit(4, 2), cirq.GridQubit(4, 3), cirq.GridQubit(5, 3), cirq.GridQubit(5, 4), cirq.GridQubit(6, 4), cirq.GridQubit(6, 5), cirq.GridQubit(7, 5), cirq.GridQubit(4, 1), cirq.GridQubit(5, 1), cirq.GridQubit(5, 2), cirq.GridQubit(6, 2), cirq.GridQubit(6, 3), cirq.GridQubit(7, 3), cirq.GridQubit(7, 4), cirq.GridQubit(8, 4)]
Using qubits, JW:[cirq.GridQubit(3, 2), cirq.GridQubit(4, 2), cirq.GridQubit(4, 3), cirq.GridQubit(5, 3), cirq.GridQubit(5, 4), cirq.GridQubit(6, 4), cirq.GridQubit(6, 5), cirq.GridQubit(7, 5), cirq.GridQubit(4, 1), cirq.GridQubit(5, 1), cirq.GridQubit(5, 2), cirq.GridQubit(6, 2), cirq.GridQubit(6, 3), cirq.GridQubit(7, 3), cirq.GridQubit(7, 4), cirq.GridQubit(8, 4)]
Meas types ['onsite0', 'horiz0', 'horiz1']
Prepped onsite, pairs=[(0, 8), (1, 9), (2, 10), (3, 11), (4, 12), (5, 13), (6, 14), (7, 15)]
Prepped horiz, pairs=[(0, 1), (2, 3), (4, 5), (6, 7), (8, 9), (10, 11), (12, 13), (14, 15)]
Prepped horiz, pairs=[(1, 2), (3, 4), (5, 6), (9, 10), (11, 12), (13, 14)]
Set recompilation to False
Got pairs set [(3, 4), (4, 12), (12, 13), (5, 13), (8, 9), (0, 8), (1, 9), (13, 14), (6, 14), (4, 5), (5, 6), (14, 15), (0, 1), (9, 10), (10, 11), (1, 2), (2, 10), (6, 7), (7, 15), (3, 11), (2, 3), (11, 12)]
---Starting to do calibration: delta 0.2076322740000478
---Starting to set up measurements: delta 0.7028596599999446
---Starting to run VQE: delta 1.1833593279999377
No optimisation, save file is experiments/931769acd1b146bf88397b167a6ce4e4-1211-225729/8x1/processed/processed.json
parameters.json
Given params: [[[[[0.823, 0.551, 0.642]]], [[[-0.823, -0.551, -0.642]]], [[[0, 0.551, 0.642]]], [[[0, -0.551, -0.642]]]]]
---Preparing executables
---Running executables, 12 in batch, delta=4.689305427000022
---Extracting values delta=23.516397631000018
---Extracted values delta=5.509353509999983
===-4.58827 -4.564039999999999 -1.6261900000000002 -1.6035500000000003 1639263485.6609511
Computed energies [-4.576155], params [[[[0.823, 0.551, 0.642]]], [[[-0.823, -0.551, -0.642]]], [[[0, 0.551, 0.642]]], [[[0, -0.551, -0.642]]]]
***-4.576155 1639263485.6620538
---VQE complete: delta 33.72202797099999
---Starting TFLO
Using saved points
Using params [[[0, 0, 0]], [[0, 0, 0.785398]], [[0, 0.785398, 1.5708]], [[0, 5.49779, 0.785398]], [[0, 2.35619, 0.785398]], [[0, 3.92699, 0]], [[0, 2.35619, 1.5708]], [[0, 3.14159, 0.785398]], [[0, 3.92699, 0.785398]], [[0, 5.49779, 5.49779]], [[0, 0.785398, 5.49779]], [[0, 3.92699, 1.5708]], [[0, 1.5708, 5.49779]], [[0, 3.14159, 2.35619]], [[0, 3.92699, 4.71239]], [[0, 3.14159, 5.49779]], [[0, 0.551, 0.642]], [[0.823, 0.551, 0.642]], [[0, 0, 0]], [[0, 0, -0.785398]], [[0, -0.785398, -1.5708]], [[0, -5.49779, -0.785398]], [[0, -2.35619, -0.785398]], [[0, -3.92699, 0]], [[0, -2.35619, -1.5708]], [[0, -3.14159, -0.785398]], [[0, -3.92699, -0.785398]], [[0, -5.49779, -5.49779]], [[0, -0.785398, -5.49779]], [[0, -3.92699, -1.5708]], [[0, -1.5708, -5.49779]], [[0, -3.14159, -2.35619]], [[0, -3.92699, -4.71239]], [[0, -3.14159, -5.49779]], [[0, -0.551, -0.642]], [[-0.823, -0.551, -0.642]]]
---Preparing executables
---Running executables, 108 in batch, delta=38.96533545500006
---Extracting values delta=102.94617193699992
---Extracted values delta=10.095961743999965
---Time for noisy calculation: 152.03004634899992
***TFLON: -1.54575,-1.0531999999999995,-0.7709999999999995,0.035249999999999115,0.6299000000000005,1.0784000000000007,1.5318999999999998,2.1385,2.5076500000000004,2.9960999999999993,3.6406499999999995,4.131549999999999,4.76745,5.1122000000000005,5.7062,6.1918500000000005,-1.6651500000000006,-4.523700000000001,-1.6025499999999995,-1.0731000000000006,-0.7241500000000007,0.10275000000000034,0.6610499999999999,1.0458500000000004,1.5634999999999997,2.1652000000000005,2.3981000000000003,2.984,3.5340000000000007,4.138,4.771950000000001,5.09705,5.626750000000001,6.139450000000001,-1.6180000000000012,-4.61105 1639263640.0977862
Noisy energies by type: {'onsite0': array([6.2688, 6.276 , 6.148 , 6.032 , 5.9884, 6.1124, 6.0052, 6.1484,
       6.1612, 6.0724, 6.2092, 5.9648, 6.0504, 6.1672, 6.0128, 6.1528,
       6.0936, 1.7684, 6.2104, 6.2724, 6.1584, 6.1232, 6.0188, 6.0848,
       6.054 , 6.1744, 6.0876, 6.034 , 6.11  , 5.968 , 6.0464, 6.1616,
       5.9472, 6.1628, 6.1656, 1.7212]), 'horiz0': array([-4.2255, -3.7316, -3.7992, -2.8919, -4.5431, -4.2216, -3.6686,
       -3.6873, -2.8479,  0.0436,  0.5616, -1.0338,  0.6905, -0.7334,
        0.5123,  0.3498, -4.4121, -3.6597, -4.2173, -3.7432, -3.7843,
       -2.9003, -4.5378, -4.2328, -3.6766, -3.6728, -2.8641,  0.0731,
        0.5379, -1.025 ,  0.6917, -0.7454,  0.493 ,  0.3262, -4.411 ,
       -3.6926]), 'horiz1': array([-3.58905, -3.5976 , -3.1198 , -3.10485, -0.8154 , -0.8124 ,
       -0.8047 , -0.3226 , -0.80565, -3.1199 , -3.13015, -0.79945,
       -1.97345, -0.3216 , -0.8189 , -0.31075, -3.34665, -2.6324 ,
       -3.59565, -3.6023 , -3.09825, -3.12015, -0.81995, -0.80615,
       -0.8139 , -0.3364 , -0.8254 , -3.1231 , -3.1139 , -0.805  ,
       -1.96615, -0.31915, -0.81345, -0.34955, -3.3726 , -2.63965])}
Using saved exact energies
Data collected can be found at experiments/931769acd1b146bf88397b167a6ce4e4-1211-225729/8x1
Getting settings from paper_data/8x1_U8_d1/single/8x1_single_zz_x_U_8_nocc_6_d_1-0915-000205/8x1/settings.json
{'theta': True, 'zeta': True, 'chi': False, 'gamma': True, 'phi': True, 'time': None}
{'theta': False, 'zeta': False, 'chi': False, 'gamma': False, 'phi': False, 'time': None}
Start at: (3, 2), with dr
Using qubits [cirq.GridQubit(3, 2), cirq.GridQubit(4, 2), cirq.GridQubit(4, 3), cirq.GridQubit(5, 3), cirq.GridQubit(5, 4), cirq.GridQubit(6, 4), cirq.GridQubit(6, 5), cirq.GridQubit(7, 5), cirq.GridQubit(4, 1), cirq.GridQubit(5, 1), cirq.GridQubit(5, 2), cirq.GridQubit(6, 2), cirq.GridQubit(6, 3), cirq.GridQubit(7, 3), cirq.GridQubit(7, 4), cirq.GridQubit(8, 4)]
Using qubits, JW:[cirq.GridQubit(3, 2), cirq.GridQubit(4, 2), cirq.GridQubit(4, 3), cirq.GridQubit(5, 3), cirq.GridQubit(5, 4), cirq.GridQubit(6, 4), cirq.GridQubit(6, 5), cirq.GridQubit(7, 5), cirq.GridQubit(4, 1), cirq.GridQubit(5, 1), cirq.GridQubit(5, 2), cirq.GridQubit(6, 2), cirq.GridQubit(6, 3), cirq.GridQubit(7, 3), cirq.GridQubit(7, 4), cirq.GridQubit(8, 4)]
Meas types ['onsite0', 'horiz0', 'horiz1']
Prepped onsite, pairs=[(0, 8), (1, 9), (2, 10), (3, 11), (4, 12), (5, 13), (6, 14), (7, 15)]
Prepped horiz, pairs=[(0, 1), (2, 3), (4, 5), (6, 7), (8, 9), (10, 11), (12, 13), (14, 15)]
Prepped horiz, pairs=[(1, 2), (3, 4), (5, 6), (9, 10), (11, 12), (13, 14)]
Set recompilation to False
Got pairs set [(3, 4), (4, 12), (12, 13), (5, 13), (8, 9), (0, 8), (1, 9), (13, 14), (6, 14), (4, 5), (5, 6), (14, 15), (0, 1), (9, 10), (10, 11), (1, 2), (2, 10), (6, 7), (7, 15), (3, 11), (2, 3), (11, 12)]
---Starting to do calibration: delta 0.18747916899997108
---Starting to set up measurements: delta 0.7346469280000747
---Starting to run VQE: delta 1.3230450160000373
No optimisation, save file is experiments/b31e024b95234c9db28db9ad894505e1-1211-230040/8x1/processed/processed.json
parameters.json
Given params: [[[[[0.92, 0.623, 0.597]]], [[[-0.92, -0.623, -0.597]]], [[[0, 0.623, 0.597]]], [[[0, -0.623, -0.597]]]]]
---Preparing executables
---Running executables, 12 in batch, delta=4.839761145000011
---Extracting values delta=23.781678150999937
---Extracted values delta=5.812117381000007
===-3.8189199999999994 -3.8008299999999995 0.5340600000000011 0.5212599999999998 1639263676.856212
Computed energies [-3.8098749999999995], params [[[[0.92, 0.623, 0.597]]], [[[-0.92, -0.623, -0.597]]], [[[0, 0.623, 0.597]]], [[[0, -0.623, -0.597]]]]
***-3.8098749999999995 1639263676.8592918
---VQE complete: delta 34.44224032699992
---Starting TFLO
Using saved points
Using params [[[0, 0, 0]], [[0, 0, 0.785398]], [[0, 0.785398, 1.5708]], [[0, 4.71239, 0]], [[0, 0.785398, 2.35619]], [[0, 3.92699, 0]], [[0, 2.35619, 1.5708]], [[0, 5.49779, 1.5708]], [[0, 0.785398, 3.14159]], [[0, 0, 5.49779]], [[0, 5.49779, 4.71239]], [[0, 5.49779, 3.14159]], [[0, 4.71239, 4.71239]], [[0, 4.71239, 3.92699]], [[0, 3.92699, 2.35619]], [[0, 3.14159, 3.14159]], [[0, 0.623, 0.597]], [[0.92, 0.623, 0.597]], [[0, 0, 0]], [[0, 0, -0.785398]], [[0, -0.785398, -1.5708]], [[0, -4.71239, 0]], [[0, -0.785398, -2.35619]], [[0, -3.92699, 0]], [[0, -2.35619, -1.5708]], [[0, -5.49779, -1.5708]], [[0, -0.785398, -3.14159]], [[0, 0, -5.49779]], [[0, -5.49779, -4.71239]], [[0, -5.49779, -3.14159]], [[0, -4.71239, -4.71239]], [[0, -4.71239, -3.92699]], [[0, -3.92699, -2.35619]], [[0, -3.14159, -3.14159]], [[0, -0.623, -0.597]], [[-0.92, -0.623, -0.597]]]
---Preparing executables
---Running executables, 108 in batch, delta=40.32443377300001
---Extracting values delta=105.75034526899992
---Extracted values delta=10.029502715000035
---Time for noisy calculation: 156.123325238
***TFLON: 0.5363999999999995,1.0420999999999987,1.4289500000000013,2.180449999999998,3.316449999999999,3.9808000000000012,4.39785,4.941800000000001,5.61265,6.359249999999999,6.903150000000002,7.694350000000001,8.248299999999999,8.919050000000002,9.5496,10.125300000000001,0.4646500000000011,-3.81025,0.423550000000001,1.089650000000002,1.4490499999999993,2.369549999999999,3.301449999999999,3.9922000000000013,4.413799999999999,4.953400000000002,5.6103499999999995,6.278500000000001,6.979099999999999,7.621749999999999,8.2371,8.93045,9.558399999999999,10.14505,0.452849999999998,-3.9318500000000003 1639263835.294083
Noisy energies by type: {'onsite0': array([9.3544, 9.2276, 9.11  , 8.8836, 9.0108, 9.1608, 9.192 , 9.1992,
       9.1752, 9.2652, 9.1504, 9.2352, 9.1472, 9.028 , 9.1168, 9.3536,
       9.2412, 2.56  , 9.268 , 9.2936, 9.1528, 9.0612, 9.0164, 9.19  ,
       9.1936, 9.1612, 9.1572, 9.2132, 9.2028, 9.1804, 9.1548, 9.0824,
       9.1128, 9.3232, 9.228 , 2.4516]), 'horiz0': array([-4.8861, -4.2324, -4.3788, -4.911 , -2.4091, -4.8716, -4.5026,
       -0.9474, -0.2594,  1.0192,  1.0569,  1.7706,  0.8883,  1.6643,
        0.7127,  0.4388, -5.2502, -3.8663, -4.8977, -4.2684, -4.3845,
       -4.8922, -2.4042, -4.9001, -4.5012, -0.9118, -0.2459,  0.9893,
        1.0788,  1.7617,  0.8938,  1.6379,  0.7039,  0.4781, -5.2455,
       -3.8508]), 'horiz1': array([-3.9319 , -3.9531 , -3.30225, -1.79215, -3.28525, -0.3084 ,
       -0.29155, -3.31   , -3.30315, -3.92515, -3.30415, -3.31145,
       -1.7872 , -1.77325, -0.2799 ,  0.3329 , -3.52635, -2.50395,
       -3.94675, -3.93555, -3.31925, -1.79945, -3.31075, -0.2977 ,
       -0.2786 , -3.296  , -3.30095, -3.924  , -3.3025 , -3.32035,
       -1.8115 , -1.78985, -0.2583 ,  0.34375, -3.52965, -2.53265])}
Using saved exact energies
Data collected can be found at experiments/b31e024b95234c9db28db9ad894505e1-1211-230040/8x1
Getting settings from paper_data/8x1_U8_d1/single/8x1_single_zz_x_U_8_nocc_7_d_1-0915-000603/8x1/settings.json
{'theta': True, 'zeta': True, 'chi': False, 'gamma': True, 'phi': True, 'time': None}
{'theta': False, 'zeta': False, 'chi': False, 'gamma': False, 'phi': False, 'time': None}
Start at: (3, 2), with dr
Using qubits [cirq.GridQubit(3, 2), cirq.GridQubit(4, 2), cirq.GridQubit(4, 3), cirq.GridQubit(5, 3), cirq.GridQubit(5, 4), cirq.GridQubit(6, 4), cirq.GridQubit(6, 5), cirq.GridQubit(7, 5), cirq.GridQubit(4, 1), cirq.GridQubit(5, 1), cirq.GridQubit(5, 2), cirq.GridQubit(6, 2), cirq.GridQubit(6, 3), cirq.GridQubit(7, 3), cirq.GridQubit(7, 4), cirq.GridQubit(8, 4)]
Using qubits, JW:[cirq.GridQubit(3, 2), cirq.GridQubit(4, 2), cirq.GridQubit(4, 3), cirq.GridQubit(5, 3), cirq.GridQubit(5, 4), cirq.GridQubit(6, 4), cirq.GridQubit(6, 5), cirq.GridQubit(7, 5), cirq.GridQubit(4, 1), cirq.GridQubit(5, 1), cirq.GridQubit(5, 2), cirq.GridQubit(6, 2), cirq.GridQubit(6, 3), cirq.GridQubit(7, 3), cirq.GridQubit(7, 4), cirq.GridQubit(8, 4)]
Meas types ['onsite0', 'horiz0', 'horiz1']
Prepped onsite, pairs=[(0, 8), (1, 9), (2, 10), (3, 11), (4, 12), (5, 13), (6, 14), (7, 15)]
Prepped horiz, pairs=[(0, 1), (2, 3), (4, 5), (6, 7), (8, 9), (10, 11), (12, 13), (14, 15)]
Prepped horiz, pairs=[(1, 2), (3, 4), (5, 6), (9, 10), (11, 12), (13, 14)]
Set recompilation to False
Got pairs set [(3, 4), (4, 12), (12, 13), (5, 13), (8, 9), (0, 8), (1, 9), (13, 14), (6, 14), (4, 5), (5, 6), (14, 15), (0, 1), (9, 10), (10, 11), (1, 2), (2, 10), (6, 7), (7, 15), (3, 11), (2, 3), (11, 12)]
---Starting to do calibration: delta 0.2067645460001586
---Starting to set up measurements: delta 0.8523444649999874
---Starting to run VQE: delta 1.1996102150001207
No optimisation, save file is experiments/1e6e53a672bf408d802aed145a90ae81-1211-230355/8x1/processed/processed.json
parameters.json
Given params: [[[[[1.003, 0.689, 0.493]]], [[[-1.003, -0.689, -0.493]]], [[[0, 0.689, 0.493]]], [[[0, -0.689, -0.493]]]]]
---Preparing executables
---Running executables, 12 in batch, delta=4.984194779000063
---Extracting values delta=24.292642642000146
---Extracted values delta=5.6140576769998916
===-2.3548399999999994 -2.36141 2.914629999999999 2.9431200000000004 1639263872.5187001
Computed energies [-2.3581249999999994], params [[[[1.003, 0.689, 0.493]]], [[[-1.003, -0.689, -0.493]]], [[[0, 0.689, 0.493]]], [[[0, -0.689, -0.493]]]]
***-2.3581249999999994 1639263872.5198982
---VQE complete: delta 34.89863364499979
---Starting TFLO
Using saved points
Using params [[[0, 0, 0]], [[0, 0, 0.785398]], [[0, 1.5708, 0.785398]], [[0, 1.5708, 1.5708]], [[0, 5.49779, 0.785398]], [[0, 2.35619, 0.785398]], [[0, 2.35619, 1.5708]], [[0, 5.49779, 1.5708]], [[0, 0.785398, 3.14159]], [[0, 0, 3.14159]], [[0, 5.49779, 2.35619]], [[0, 5.49779, 3.92699]], [[0, 2.35619, 3.14159]], [[0, 4.71239, 2.35619]], [[0, 3.92699, 2.35619]], [[0, 3.92699, 3.92699]], [[0, 0.689, 0.493]], [[1.003, 0.689, 0.493]], [[0, 0, 0]], [[0, 0, -0.785398]], [[0, -1.5708, -0.785398]], [[0, -1.5708, -1.5708]], [[0, -5.49779, -0.785398]], [[0, -2.35619, -0.785398]], [[0, -2.35619, -1.5708]], [[0, -5.49779, -1.5708]], [[0, -0.785398, -3.14159]], [[0, 0, -3.14159]], [[0, -5.49779, -2.35619]], [[0, -5.49779, -3.92699]], [[0, -2.35619, -3.14159]], [[0, -4.71239, -2.35619]], [[0, -3.92699, -2.35619]], [[0, -3.92699, -3.92699]], [[0, -0.689, -0.493]], [[-1.003, -0.689, -0.493]]]
---Preparing executables
---Running executables, 108 in batch, delta=40.23894262399995
---Extracting values delta=106.19931779300009
---Extracted values delta=10.077964833000124
---Time for noisy calculation: 156.538285246
***TFLON: 2.8253500000000003,3.575450000000001,3.9775,4.763900000000001,5.388050000000002,6.2484,7.006949999999999,7.822899999999999,8.556300000000002,9.080200000000001,9.852400000000003,10.612699999999998,11.24285,11.9938,12.762900000000002,13.4677,3.00805,-2.3323000000000005,2.9686999999999997,3.5027,4.140099999999999,4.824849999999999,5.4521500000000005,6.298350000000001,7.0851500000000005,7.775400000000001,8.59095,9.01755,9.767299999999999,10.67855,11.29165,12.075949999999999,12.604750000000001,13.46755,2.921400000000001,-2.43375 1639264031.3747041
Noisy energies by type: {'onsite0': array([11.9964, 12.0452, 11.866 , 11.9812, 11.9976, 11.9876, 11.96  ,
       11.9592, 11.9944, 11.9684, 12.0236, 11.9152, 11.9936, 12.0064,
       12.0888, 11.9756, 12.0924,  3.7764, 12.14  , 12.0044, 12.0272,
       12.0388, 12.0424, 12.0676, 12.0016, 11.9576, 12.0156, 11.9016,
       11.9424, 11.9608, 12.0244, 12.048 , 11.99  , 11.99  , 11.9968,
        3.6348]), 'horiz0': array([-5.6887, -4.9934, -6.77  , -6.0957, -3.8168, -6.3055, -5.4945,
       -1.3575, -0.643 ,  0.5868,  0.6302,  1.4926, -1.29  ,  1.1103,
        0.1186,  0.9311, -6.1208, -4.0876, -5.6805, -5.0089, -6.765 ,
       -6.1107, -3.7948, -6.3158, -5.4812, -1.3869, -0.6334,  0.5985,
        0.6219,  1.4829, -1.2758,  1.129 ,  0.0807,  0.9274, -6.1229,
       -4.0486]), 'horiz1': array([-3.48235, -3.47635, -1.1185 , -1.1216 , -2.79275,  0.5663 ,
        0.54145, -2.7788 , -2.7951 , -3.475  , -2.8014 , -2.7951 ,
        0.53925, -1.1229 ,  0.5555 ,  0.561  , -2.96355, -2.0211 ,
       -3.4908 , -3.4928 , -1.1221 , -1.10325, -2.79545,  0.54655,
        0.56475, -2.7953 , -2.79125, -3.48255, -2.797  , -2.76515,
        0.54305, -1.10105,  0.53405,  0.55015, -2.9525 , -2.01995])}
Using saved exact energies
Data collected can be found at experiments/1e6e53a672bf408d802aed145a90ae81-1211-230355/8x1
Getting settings from paper_data/8x1_U8_d1/single/8x1_single_zz_x_U_8_nocc_8_d_1-0914-221242/8x1/settings.json
{'theta': True, 'zeta': True, 'chi': False, 'gamma': True, 'phi': True, 'time': None}
{'theta': False, 'zeta': False, 'chi': False, 'gamma': False, 'phi': False, 'time': None}
Start at: (3, 2), with dr
Using qubits [cirq.GridQubit(3, 2), cirq.GridQubit(4, 2), cirq.GridQubit(4, 3), cirq.GridQubit(5, 3), cirq.GridQubit(5, 4), cirq.GridQubit(6, 4), cirq.GridQubit(6, 5), cirq.GridQubit(7, 5), cirq.GridQubit(4, 1), cirq.GridQubit(5, 1), cirq.GridQubit(5, 2), cirq.GridQubit(6, 2), cirq.GridQubit(6, 3), cirq.GridQubit(7, 3), cirq.GridQubit(7, 4), cirq.GridQubit(8, 4)]
Using qubits, JW:[cirq.GridQubit(3, 2), cirq.GridQubit(4, 2), cirq.GridQubit(4, 3), cirq.GridQubit(5, 3), cirq.GridQubit(5, 4), cirq.GridQubit(6, 4), cirq.GridQubit(6, 5), cirq.GridQubit(7, 5), cirq.GridQubit(4, 1), cirq.GridQubit(5, 1), cirq.GridQubit(5, 2), cirq.GridQubit(6, 2), cirq.GridQubit(6, 3), cirq.GridQubit(7, 3), cirq.GridQubit(7, 4), cirq.GridQubit(8, 4)]
Meas types ['onsite0', 'horiz0', 'horiz1']
Prepped onsite, pairs=[(0, 8), (1, 9), (2, 10), (3, 11), (4, 12), (5, 13), (6, 14), (7, 15)]
Prepped horiz, pairs=[(0, 1), (2, 3), (4, 5), (6, 7), (8, 9), (10, 11), (12, 13), (14, 15)]
Prepped horiz, pairs=[(1, 2), (3, 4), (5, 6), (9, 10), (11, 12), (13, 14)]
Set recompilation to False
Got pairs set [(3, 4), (4, 12), (12, 13), (5, 13), (8, 9), (0, 8), (1, 9), (13, 14), (6, 14), (4, 5), (5, 6), (14, 15), (0, 1), (9, 10), (10, 11), (1, 2), (2, 10), (6, 7), (7, 15), (3, 11), (2, 3), (11, 12)]
---Starting to do calibration: delta 0.1930152160000489
---Starting to set up measurements: delta 0.6677199250000285
---Starting to run VQE: delta 1.1738168850001784
No optimisation, save file is experiments/ec64a13bdfd5470a8006ac4dc19666b4-1211-230711/8x1/processed/processed.json
parameters.json
Given params: [[[[[1.087, 0.698, 0.407]]], [[[-1.087, -0.698, -0.407]]], [[[0, 0.698, 0.407]]], [[[0, -0.698, -0.407]]]]]
---Preparing executables
---Running executables, 12 in batch, delta=5.025647983999988
---Extracting values delta=24.220284422000077
---Extracted values delta=5.578729572000157
===0.0828399999999998 0.08551999999999982 6.65979 6.666610000000002 1639264068.3069131
Computed energies [0.08417999999999981], params [[[[1.087, 0.698, 0.407]]], [[[-1.087, -0.698, -0.407]]], [[[0, 0.698, 0.407]]], [[[0, -0.698, -0.407]]]]
***0.08417999999999981 1639264068.308029
---VQE complete: delta 34.83283626499997
---Starting TFLO
Using saved points
Using params [[[0, 0, 0]], [[0, 0.785398, 0]], [[0, 1.5708, 0.785398]], [[0, 1.5708, 1.5708]], [[0, 5.49779, 0.785398]], [[0, 2.35619, 0.785398]], [[0, 2.35619, 1.5708]], [[0, 3.14159, 0]], [[0, 0.785398, 3.14159]], [[0, 0, 3.14159]], [[0, 0, 4.71239]], [[0, 0.785398, 5.49779]], [[0, 4.71239, 5.49779]], [[0, 4.71239, 2.35619]], [[0, 3.14159, 3.14159]], [[0, 3.92699, 3.92699]], [[0, 0.698, 0.407]], [[1.087, 0.698, 0.407]], [[0, 0, 0]], [[0, -0.785398, 0]], [[0, -1.5708, -0.785398]], [[0, -1.5708, -1.5708]], [[0, -5.49779, -0.785398]], [[0, -2.35619, -0.785398]], [[0, -2.35619, -1.5708]], [[0, -3.14159, 0]], [[0, -0.785398, -3.14159]], [[0, 0, -3.14159]], [[0, 0, -4.71239]], [[0, -0.785398, -5.49779]], [[0, -4.71239, -5.49779]], [[0, -4.71239, -2.35619]], [[0, -3.14159, -3.14159]], [[0, -3.92699, -3.92699]], [[0, -0.698, -0.407]], [[-1.087, -0.698, -0.407]]]
---Preparing executables
---Running executables, 108 in batch, delta=40.9026490440001
---Extracting values delta=107.31428652699992
---Extracted values delta=10.379891414999975
---Time for noisy calculation: 158.6197654350001
***TFLON: 6.468800000000003,7.226299999999998,7.862400000000001,8.4925,9.26985,10.14495,10.931,11.581949999999999,12.844899999999999,13.417250000000001,13.968150000000001,14.729400000000002,15.590449999999999,16.303600000000003,17.089750000000002,17.8686,6.581749999999997,0.039750000000000396,6.473550000000001,7.319650000000003,7.998150000000001,8.5449,9.316900000000002,10.1344,10.886299999999999,11.673449999999999,12.708750000000002,13.457100000000002,14.025650000000002,14.714300000000001,15.57355,16.3488,16.972450000000002,17.77995,6.608150000000001,0.07484999999999942 1639264229.215311
Noisy energies by type: {'onsite0': array([15.9992, 15.9932, 16.0368, 16.0064, 15.9408, 15.9564, 15.9928,
       15.9208, 16.1288, 16.0336, 15.8896, 15.9816, 16.0524, 15.9548,
       16.0328, 16.038 , 15.9508,  5.5972, 15.9936, 16.084 , 16.1476,
       16.0412, 16.002 , 15.9992, 15.9604, 16.0128, 16.0116, 16.0584,
       15.9556, 15.9712, 16.0356, 16.0364, 15.9204, 15.9752, 15.9504,
        5.5992]), 'horiz0': array([-6.4903, -6.49  , -7.7124, -7.0602, -4.415 , -7.2152, -6.4405,
       -6.4823, -1.0177,  0.4174,  1.1266,  1.0117, -0.0121,  0.7831,
       -1.0752,  0.4361, -6.9343, -3.9432, -6.4833, -6.4741, -7.7045,
       -7.0455, -4.4017, -7.2322, -6.4503, -6.4747, -1.0366,  0.4391,
        1.1213,  1.0254, -0.0093,  0.7657, -1.0608,  0.4221, -6.9249,
       -3.924 ]), 'horiz1': array([-3.0401 , -2.2769 , -0.462  , -0.4537 , -2.25595,  1.40375,
        1.3787 ,  2.14345, -2.2662 , -3.03375, -3.04805, -2.2639 ,
       -0.44985, -0.4343 ,  2.13215,  1.3945 , -2.43475, -1.61425,
       -3.03675, -2.29025, -0.44495, -0.4508 , -2.2834 ,  1.3674 ,
        1.3762 ,  2.13535, -2.26625, -3.0404 , -3.05125, -2.2823 ,
       -0.45275, -0.4533 ,  2.11285,  1.38265, -2.41735, -1.60035])}
Using saved exact energies
Data collected can be found at experiments/ec64a13bdfd5470a8006ac4dc19666b4-1211-230711/8x1
Getting settings from paper_data/8x1_U8_d1/single/8x1_single_zz_x_U_8_nocc_9_d_1-0914-221655/8x1/settings.json
{'theta': True, 'zeta': True, 'chi': False, 'gamma': True, 'phi': True, 'time': None}
{'theta': False, 'zeta': False, 'chi': False, 'gamma': False, 'phi': False, 'time': None}
Start at: (3, 2), with dr
Using qubits [cirq.GridQubit(3, 2), cirq.GridQubit(4, 2), cirq.GridQubit(4, 3), cirq.GridQubit(5, 3), cirq.GridQubit(5, 4), cirq.GridQubit(6, 4), cirq.GridQubit(6, 5), cirq.GridQubit(7, 5), cirq.GridQubit(4, 1), cirq.GridQubit(5, 1), cirq.GridQubit(5, 2), cirq.GridQubit(6, 2), cirq.GridQubit(6, 3), cirq.GridQubit(7, 3), cirq.GridQubit(7, 4), cirq.GridQubit(8, 4)]
Using qubits, JW:[cirq.GridQubit(3, 2), cirq.GridQubit(4, 2), cirq.GridQubit(4, 3), cirq.GridQubit(5, 3), cirq.GridQubit(5, 4), cirq.GridQubit(6, 4), cirq.GridQubit(6, 5), cirq.GridQubit(7, 5), cirq.GridQubit(4, 1), cirq.GridQubit(5, 1), cirq.GridQubit(5, 2), cirq.GridQubit(6, 2), cirq.GridQubit(6, 3), cirq.GridQubit(7, 3), cirq.GridQubit(7, 4), cirq.GridQubit(8, 4)]
Meas types ['onsite0', 'horiz0', 'horiz1']
Prepped onsite, pairs=[(0, 8), (1, 9), (2, 10), (3, 11), (4, 12), (5, 13), (6, 14), (7, 15)]
Prepped horiz, pairs=[(0, 1), (2, 3), (4, 5), (6, 7), (8, 9), (10, 11), (12, 13), (14, 15)]
Prepped horiz, pairs=[(1, 2), (3, 4), (5, 6), (9, 10), (11, 12), (13, 14)]
Set recompilation to False
Got pairs set [(3, 4), (4, 12), (12, 13), (5, 13), (8, 9), (0, 8), (1, 9), (13, 14), (6, 14), (4, 5), (5, 6), (14, 15), (0, 1), (9, 10), (10, 11), (1, 2), (2, 10), (6, 7), (7, 15), (3, 11), (2, 3), (11, 12)]
---Starting to do calibration: delta 0.19202825399997892
---Starting to set up measurements: delta 0.7312422620000234
---Starting to run VQE: delta 1.253956388000006
No optimisation, save file is experiments/476d5ce25030410faecfa19354207e4b-1211-231029/8x1/processed/processed.json
parameters.json
Given params: [[[[[1.053, 0.597, 0.467]]], [[[-1.053, -0.597, -0.467]]], [[[0, 0.597, 0.467]]], [[[0, -0.597, -0.467]]]]]
---Preparing executables
---Running executables, 12 in batch, delta=5.034440303999872
---Extracting values delta=23.887531620000118
---Extracted values delta=5.600234881999995
===5.676710000000002 5.6974599999999995 10.865559999999999 10.910139999999998 1639264265.9905128
Computed energies [5.687085000000001], params [[[[1.053, 0.597, 0.467]]], [[[-1.053, -0.597, -0.467]]], [[[0, 0.597, 0.467]]], [[[0, -0.597, -0.467]]]]
***5.687085000000001 1639264265.9925451
---VQE complete: delta 34.53145711100001
---Starting TFLO
Using saved points
Using params [[[0, 0, 0]], [[0, 0, 0.785398]], [[0, 1.5708, 0.785398]], [[0, 1.5708, 1.5708]], [[0, 5.49779, 0.785398]], [[0, 2.35619, 0.785398]], [[0, 2.35619, 1.5708]], [[0, 5.49779, 1.5708]], [[0, 0.785398, 3.14159]], [[0, 0, 3.14159]], [[0, 5.49779, 2.35619]], [[0, 5.49779, 3.92699]], [[0, 2.35619, 3.14159]], [[0, 4.71239, 2.35619]], [[0, 3.92699, 2.35619]], [[0, 3.92699, 3.92699]], [[0, 0.597, 0.467]], [[1.053, 0.597, 0.467]], [[0, 0, 0]], [[0, 0, -0.785398]], [[0, -1.5708, -0.785398]], [[0, -1.5708, -1.5708]], [[0, -5.49779, -0.785398]], [[0, -2.35619, -0.785398]], [[0, -2.35619, -1.5708]], [[0, -5.49779, -1.5708]], [[0, -0.785398, -3.14159]], [[0, 0, -3.14159]], [[0, -5.49779, -2.35619]], [[0, -5.49779, -3.92699]], [[0, -2.35619, -3.14159]], [[0, -4.71239, -2.35619]], [[0, -3.92699, -2.35619]], [[0, -3.92699, -3.92699]], [[0, -0.597, -0.467]], [[-1.053, -0.597, -0.467]]]
---Preparing executables
---Running executables, 108 in batch, delta=40.70419598299986
---Extracting values delta=106.15320366300011
---Extracted values delta=10.103471677000016
---Time for noisy calculation: 156.98109423000005
***TFLON: 10.899099999999999,11.5444,12.196649999999998,12.811950000000001,13.33005,14.216,15.037299999999998,15.825099999999999,16.59485,17.0898,17.86675,18.66705,19.32835,19.9689,20.6686,21.46135,10.858099999999999,5.698199999999998,10.842199999999998,11.589749999999997,12.117049999999999,12.8062,13.3934,14.19245,15.10175,15.88335,16.5934,17.08645,17.855449999999998,18.782349999999997,19.247049999999998,20.02575,20.682750000000002,21.5275,10.859949999999998,5.7136499999999995 1639264425.2957199
Noisy energies by type: {'onsite0': array([20.0648, 20.0064, 20.092 , 20.04  , 19.9256, 19.982 , 19.9728,
       19.9696, 20.008 , 19.9784, 20.016 , 19.9772, 20.0448, 19.9644,
       20.0348, 19.9504, 19.9672, 11.5488, 20.0012, 20.0472, 20.0196,
       20.0456, 19.9976, 19.9584, 20.0308, 20.0092, 20.0036, 19.9548,
       20.0064, 20.0752, 19.9448, 20.0148, 20.0528, 20.0472, 19.9648,
       11.514 ]), 'horiz0': array([-5.6769, -4.9908, -6.7665, -6.1119, -3.799 , -6.307 , -5.4751,
       -1.3612, -0.6404,  0.6055,  0.6405,  1.4817, -1.2756,  1.1313,
        0.094 ,  0.9545, -6.0489, -3.8278, -5.6788, -4.9749, -6.7726,
       -6.1023, -3.7917, -6.3137, -5.4817, -1.3324, -0.602 ,  0.6172,
        0.6418,  1.4944, -1.2606,  1.127 ,  0.0925,  0.9351, -6.0397,
       -3.7656]), 'horiz1': array([-3.4888 , -3.4712 , -1.12885, -1.11615, -2.79655,  0.541  ,
        0.5396 , -2.7833 , -2.77275, -3.4941 , -2.78975, -2.79185,
        0.55915, -1.1268 ,  0.5398 ,  0.55645, -3.0602 , -2.0228 ,
       -3.4802 , -3.48255, -1.12995, -1.1371 , -2.8125 ,  0.54775,
        0.55265, -2.79345, -2.8082 , -3.48555, -2.79275, -2.78725,
        0.56285, -1.11605,  0.53745,  0.5452 , -3.06515, -2.03475])}
Using saved exact energies
Data collected can be found at experiments/476d5ce25030410faecfa19354207e4b-1211-231029/8x1
Getting settings from paper_data/8x1_U8_d1/single/8x1_single_zz_x_U_8_nocc_10_d_1-0914-232322/8x1/settings.json
{'theta': True, 'zeta': True, 'chi': False, 'gamma': True, 'phi': True, 'time': None}
{'theta': False, 'zeta': False, 'chi': False, 'gamma': False, 'phi': False, 'time': None}
Start at: (3, 2), with dr
Using qubits [cirq.GridQubit(3, 2), cirq.GridQubit(4, 2), cirq.GridQubit(4, 3), cirq.GridQubit(5, 3), cirq.GridQubit(5, 4), cirq.GridQubit(6, 4), cirq.GridQubit(6, 5), cirq.GridQubit(7, 5), cirq.GridQubit(4, 1), cirq.GridQubit(5, 1), cirq.GridQubit(5, 2), cirq.GridQubit(6, 2), cirq.GridQubit(6, 3), cirq.GridQubit(7, 3), cirq.GridQubit(7, 4), cirq.GridQubit(8, 4)]
Using qubits, JW:[cirq.GridQubit(3, 2), cirq.GridQubit(4, 2), cirq.GridQubit(4, 3), cirq.GridQubit(5, 3), cirq.GridQubit(5, 4), cirq.GridQubit(6, 4), cirq.GridQubit(6, 5), cirq.GridQubit(7, 5), cirq.GridQubit(4, 1), cirq.GridQubit(5, 1), cirq.GridQubit(5, 2), cirq.GridQubit(6, 2), cirq.GridQubit(6, 3), cirq.GridQubit(7, 3), cirq.GridQubit(7, 4), cirq.GridQubit(8, 4)]
Meas types ['onsite0', 'horiz0', 'horiz1']
Prepped onsite, pairs=[(0, 8), (1, 9), (2, 10), (3, 11), (4, 12), (5, 13), (6, 14), (7, 15)]
Prepped horiz, pairs=[(0, 1), (2, 3), (4, 5), (6, 7), (8, 9), (10, 11), (12, 13), (14, 15)]
Prepped horiz, pairs=[(1, 2), (3, 4), (5, 6), (9, 10), (11, 12), (13, 14)]
Set recompilation to False
Got pairs set [(3, 4), (4, 12), (12, 13), (5, 13), (8, 9), (0, 8), (1, 9), (13, 14), (6, 14), (4, 5), (5, 6), (14, 15), (0, 1), (9, 10), (10, 11), (1, 2), (2, 10), (6, 7), (7, 15), (3, 11), (2, 3), (11, 12)]
---Starting to do calibration: delta 0.19375474200001008
---Starting to set up measurements: delta 0.6757677049999984
---Starting to run VQE: delta 1.2993929920000937
No optimisation, save file is experiments/d1029e1aa8fd4993a12568cdffdd912b-1211-231345/8x1/processed/processed.json
parameters.json
Given params: [[[[[0.886, 0.678, 0.565]]], [[[-0.886, -0.678, -0.565]]], [[[0, 0.678, 0.565]]], [[[0, -0.678, -0.565]]]]]
---Preparing executables
---Running executables, 12 in batch, delta=4.805347867999899
---Extracting values delta=24.497386970000207
---Extracted values delta=5.531712277999986
===12.206199999999999 12.211739999999999 16.52909 16.505100000000002 1639264462.353342
Computed energies [12.208969999999999], params [[[[0.886, 0.678, 0.565]]], [[[-0.886, -0.678, -0.565]]], [[[0, 0.678, 0.565]]], [[[0, -0.678, -0.565]]]]
***12.208969999999999 1639264462.354553
---VQE complete: delta 34.84294294899996
---Starting TFLO
Using saved points
Using params [[[0, 0, 0]], [[0, 0, 0.785398]], [[0, 0.785398, 1.5708]], [[0, 1.5708, 0]], [[0, 0.785398, 2.35619]], [[0, 3.92699, 0]], [[0, 2.35619, 1.5708]], [[0, 5.49779, 1.5708]], [[0, 0.785398, 3.14159]], [[0, 0, 5.49779]], [[0, 5.49779, 4.71239]], [[0, 5.49779, 3.14159]], [[0, 4.71239, 4.71239]], [[0, 4.71239, 3.92699]], [[0, 3.92699, 2.35619]], [[0, 3.14159, 3.14159]], [[0, 0.678, 0.565]], [[0.886, 0.678, 0.565]], [[0, 0, 0]], [[0, 0, -0.785398]], [[0, -0.785398, -1.5708]], [[0, -1.5708, 0]], [[0, -0.785398, -2.35619]], [[0, -3.92699, 0]], [[0, -2.35619, -1.5708]], [[0, -5.49779, -1.5708]], [[0, -0.785398, -3.14159]], [[0, 0, -5.49779]], [[0, -5.49779, -4.71239]], [[0, -5.49779, -3.14159]], [[0, -4.71239, -4.71239]], [[0, -4.71239, -3.92699]], [[0, -3.92699, -2.35619]], [[0, -3.14159, -3.14159]], [[0, -0.678, -0.565]], [[-0.886, -0.678, -0.565]]]
---Preparing executables
---Running executables, 108 in batch, delta=40.41593775499996
---Extracting values delta=105.10395672100003
---Extracted values delta=10.100207940000018
---Time for noisy calculation: 155.63808623799991
***TFLON: 16.527400000000004,17.011049999999997,17.537250000000007,18.2374,19.404850000000003,19.989,20.4386,20.907349999999997,21.579499999999996,22.272850000000002,22.944699999999997,23.68925,24.24995,24.91995,25.53585,26.150499999999997,16.361149999999995,12.2249,16.4969,17.047,17.45225,18.297599999999996,19.44305,19.965099999999996,20.444650000000003,20.88515,21.538499999999996,22.37805,22.959850000000003,23.621750000000002,24.22085,24.962600000000002,25.54395,26.097349999999995,16.517950000000003,12.174049999999998 1639264620.332219
Noisy energies by type: {'onsite0': array([25.3556, 25.2104, 25.2048, 24.9448, 25.0772, 25.1732, 25.2288,
       25.1684, 25.1052, 25.1872, 25.1644, 25.1952, 25.1804, 25.1064,
       25.1372, 25.3508, 25.1088, 18.7044, 25.296 , 25.2484, 25.1788,
       24.9812, 25.1108, 25.1432, 25.234 , 25.1396, 25.1084, 25.2764,
       25.1636, 25.1668, 25.1132, 25.1056, 25.1172, 25.2988, 25.2584,
       18.674 ]), 'horiz0': array([-4.8977, -4.2726, -4.3784, -4.9039, -2.366 , -4.8997, -4.508 ,
       -0.9619, -0.2311,  1.0238,  1.0629,  1.7725,  0.8748,  1.6247,
        0.6946,  0.4424, -5.2874, -3.9673, -4.8831, -4.2695, -4.3954,
       -4.8867, -2.3832, -4.8918, -4.5126, -0.9394, -0.2633,  1.0146,
        1.0911,  1.7723,  0.881 ,  1.6465,  0.6878,  0.4397, -5.2811,
       -3.989 ]), 'horiz1': array([-3.9305 , -3.92675, -3.28915, -1.8035 , -3.30635, -0.2845 ,
       -0.2822 , -3.29915, -3.2946 , -3.93815, -3.2826 , -3.27845,
       -1.80525, -1.81115, -0.29595,  0.3573 , -3.46025, -2.5122 ,
       -3.916  , -3.9319 , -3.33115, -1.7969 , -3.28455, -0.2863 ,
       -0.27675, -3.31505, -3.3066 , -3.91295, -3.29485, -3.31735,
       -1.77335, -1.7895 , -0.26105,  0.35885, -3.45935, -2.51095])}
Using saved exact energies
Data collected can be found at experiments/d1029e1aa8fd4993a12568cdffdd912b-1211-231345/8x1
Getting settings from paper_data/8x1_U8_d1/single/8x1_single_zz_x_U_8_nocc_11_d_1-0914-232715/8x1/settings.json
{'theta': True, 'zeta': True, 'chi': False, 'gamma': True, 'phi': True, 'time': None}
{'theta': False, 'zeta': False, 'chi': False, 'gamma': False, 'phi': False, 'time': None}
Start at: (3, 2), with dr
Using qubits [cirq.GridQubit(3, 2), cirq.GridQubit(4, 2), cirq.GridQubit(4, 3), cirq.GridQubit(5, 3), cirq.GridQubit(5, 4), cirq.GridQubit(6, 4), cirq.GridQubit(6, 5), cirq.GridQubit(7, 5), cirq.GridQubit(4, 1), cirq.GridQubit(5, 1), cirq.GridQubit(5, 2), cirq.GridQubit(6, 2), cirq.GridQubit(6, 3), cirq.GridQubit(7, 3), cirq.GridQubit(7, 4), cirq.GridQubit(8, 4)]
Using qubits, JW:[cirq.GridQubit(3, 2), cirq.GridQubit(4, 2), cirq.GridQubit(4, 3), cirq.GridQubit(5, 3), cirq.GridQubit(5, 4), cirq.GridQubit(6, 4), cirq.GridQubit(6, 5), cirq.GridQubit(7, 5), cirq.GridQubit(4, 1), cirq.GridQubit(5, 1), cirq.GridQubit(5, 2), cirq.GridQubit(6, 2), cirq.GridQubit(6, 3), cirq.GridQubit(7, 3), cirq.GridQubit(7, 4), cirq.GridQubit(8, 4)]
Meas types ['onsite0', 'horiz0', 'horiz1']
Prepped onsite, pairs=[(0, 8), (1, 9), (2, 10), (3, 11), (4, 12), (5, 13), (6, 14), (7, 15)]
Prepped horiz, pairs=[(0, 1), (2, 3), (4, 5), (6, 7), (8, 9), (10, 11), (12, 13), (14, 15)]
Prepped horiz, pairs=[(1, 2), (3, 4), (5, 6), (9, 10), (11, 12), (13, 14)]
Set recompilation to False
Got pairs set [(3, 4), (4, 12), (12, 13), (5, 13), (8, 9), (0, 8), (1, 9), (13, 14), (6, 14), (4, 5), (5, 6), (14, 15), (0, 1), (9, 10), (10, 11), (1, 2), (2, 10), (6, 7), (7, 15), (3, 11), (2, 3), (11, 12)]
---Starting to do calibration: delta 0.18114878500000486
---Starting to set up measurements: delta 0.715217550000034
---Starting to run VQE: delta 1.0685028839998267
No optimisation, save file is experiments/25fcde29296a4c2b83deb773359a6100-1211-231700/8x1/processed/processed.json
parameters.json
Given params: [[[[[0.882, 0.58, 0.581]]], [[[-0.882, -0.58, -0.581]]], [[[0, 0.58, 0.581]]], [[[0, -0.58, -0.581]]]]]
---Preparing executables
---Running executables, 12 in batch, delta=4.8799285040001905
---Extracting values delta=23.846759623000025
---Extracted values delta=5.539984581999988
===19.365819999999996 19.38319 22.388589999999997 22.34022 1639264656.648303
Computed energies [19.374505], params [[[[0.882, 0.58, 0.581]]], [[[-0.882, -0.58, -0.581]]], [[[0, 0.58, 0.581]]], [[[0, -0.58, -0.581]]]]
***19.374505 1639264656.651007
---VQE complete: delta 34.276567503000024
---Starting TFLO
Using saved points
Using params [[[0, 0, 0]], [[0, 0, 0.785398]], [[0, 0.785398, 1.5708]], [[0, 5.49779, 0.785398]], [[0, 2.35619, 0.785398]], [[0, 3.92699, 0]], [[0, 2.35619, 1.5708]], [[0, 3.14159, 0.785398]], [[0, 3.92699, 0.785398]], [[0, 5.49779, 5.49779]], [[0, 0.785398, 5.49779]], [[0, 3.92699, 1.5708]], [[0, 1.5708, 5.49779]], [[0, 3.14159, 2.35619]], [[0, 3.92699, 4.71239]], [[0, 3.14159, 5.49779]], [[0, 0.58, 0.581]], [[0.882, 0.58, 0.581]], [[0, 0, 0]], [[0, 0, -0.785398]], [[0, -0.785398, -1.5708]], [[0, -5.49779, -0.785398]], [[0, -2.35619, -0.785398]], [[0, -3.92699, 0]], [[0, -2.35619, -1.5708]], [[0, -3.14159, -0.785398]], [[0, -3.92699, -0.785398]], [[0, -5.49779, -5.49779]], [[0, -0.785398, -5.49779]], [[0, -3.92699, -1.5708]], [[0, -1.5708, -5.49779]], [[0, -3.14159, -2.35619]], [[0, -3.92699, -4.71239]], [[0, -3.14159, -5.49779]], [[0, -0.58, -0.581]], [[-0.882, -0.58, -0.581]]]
---Preparing executables
---Running executables, 108 in batch, delta=38.97320512400006
---Extracting values delta=103.18967554699975
---Extracted values delta=10.053522869999597
---Time for noisy calculation: 152.23652899400008
***TFLON: 22.445449999999997,22.842900000000004,23.222100000000005,24.134500000000003,24.718600000000002,25.159250000000004,25.554599999999997,26.0941,26.4008,27.0405,27.599500000000003,28.25595,28.695449999999997,29.0769,29.67545,30.149749999999997,22.448499999999996,19.368100000000005,22.40265,22.95545,23.268250000000002,24.14255,24.588800000000003,25.0727,25.503749999999997,26.1283,26.3762,27.024600000000007,27.627750000000002,28.2014,28.746700000000004,29.01905,29.798900000000003,30.1603,22.30845,19.361899999999995 1639264811.2241821
Noisy energies by type: {'onsite0': array([30.2704, 30.1892, 30.108 , 30.1812, 30.0508, 30.1848, 30.0164,
       30.1116, 30.0688, 30.1276, 30.1728, 30.1152, 29.9928, 30.1464,
       29.9824, 30.1388, 30.2224, 25.474 , 30.2164, 30.294 , 30.1636,
       30.128 , 29.9232, 30.1088, 29.9788, 30.1468, 30.0504, 30.1024,
       30.2144, 30.0488, 30.018 , 30.1072, 30.0936, 30.134 , 30.1104,
       25.498 ]), 'horiz0': array([-4.2271, -3.7549, -3.7843, -2.9179, -4.5457, -4.2266, -3.6645,
       -3.6976, -2.8589,  0.0293,  0.5531, -1.0465,  0.6452, -0.7319,
        0.5097,  0.3426, -4.4508, -3.5839, -4.2245, -3.7455, -3.7768,
       -2.878 , -4.5413, -4.2391, -3.6774, -3.6784, -2.8755,  0.0542,
        0.5468, -1.0317,  0.6976, -0.7553,  0.506 ,  0.3346, -4.4593,
       -3.5891]), 'horiz1': array([-3.59785, -3.5914 , -3.1016 , -3.1288 , -0.7865 , -0.79895,
       -0.7973 , -0.3199 , -0.8091 , -3.1164 , -3.1264 , -0.81275,
       -1.94255, -0.3376 , -0.81665, -0.33165, -3.3231 , -2.522  ,
       -3.58925, -3.59305, -3.11855, -3.10745, -0.7931 , -0.797  ,
       -0.79765, -0.3401 , -0.7987 , -3.132  , -3.13345, -0.8157 ,
       -1.9689 , -0.33285, -0.8007 , -0.3083 , -3.34265, -2.547  ])}
Using saved exact energies
Data collected can be found at experiments/25fcde29296a4c2b83deb773359a6100-1211-231700/8x1
Getting settings from paper_data/8x1_U8_d1/single/8x1_single_zz_x_U_8_nocc_12_d_1-0914-233112/8x1/settings.json
{'theta': True, 'zeta': True, 'chi': False, 'gamma': True, 'phi': True, 'time': None}
{'theta': False, 'zeta': False, 'chi': False, 'gamma': False, 'phi': False, 'time': None}
Start at: (3, 2), with dr
Using qubits [cirq.GridQubit(3, 2), cirq.GridQubit(4, 2), cirq.GridQubit(4, 3), cirq.GridQubit(5, 3), cirq.GridQubit(5, 4), cirq.GridQubit(6, 4), cirq.GridQubit(6, 5), cirq.GridQubit(7, 5), cirq.GridQubit(4, 1), cirq.GridQubit(5, 1), cirq.GridQubit(5, 2), cirq.GridQubit(6, 2), cirq.GridQubit(6, 3), cirq.GridQubit(7, 3), cirq.GridQubit(7, 4), cirq.GridQubit(8, 4)]
Using qubits, JW:[cirq.GridQubit(3, 2), cirq.GridQubit(4, 2), cirq.GridQubit(4, 3), cirq.GridQubit(5, 3), cirq.GridQubit(5, 4), cirq.GridQubit(6, 4), cirq.GridQubit(6, 5), cirq.GridQubit(7, 5), cirq.GridQubit(4, 1), cirq.GridQubit(5, 1), cirq.GridQubit(5, 2), cirq.GridQubit(6, 2), cirq.GridQubit(6, 3), cirq.GridQubit(7, 3), cirq.GridQubit(7, 4), cirq.GridQubit(8, 4)]
Meas types ['onsite0', 'horiz0', 'horiz1']
Prepped onsite, pairs=[(0, 8), (1, 9), (2, 10), (3, 11), (4, 12), (5, 13), (6, 14), (7, 15)]
Prepped horiz, pairs=[(0, 1), (2, 3), (4, 5), (6, 7), (8, 9), (10, 11), (12, 13), (14, 15)]
Prepped horiz, pairs=[(1, 2), (3, 4), (5, 6), (9, 10), (11, 12), (13, 14)]
Set recompilation to False
Got pairs set [(3, 4), (4, 12), (12, 13), (5, 13), (8, 9), (0, 8), (1, 9), (13, 14), (6, 14), (4, 5), (5, 6), (14, 15), (0, 1), (9, 10), (10, 11), (1, 2), (2, 10), (6, 7), (7, 15), (3, 11), (2, 3), (11, 12)]
---Starting to do calibration: delta 0.12475868399997125
---Starting to set up measurements: delta 0.6841303999999582
---Starting to run VQE: delta 1.1101362469999003
No optimisation, save file is experiments/1eb773c83bdb40438e0a42a2437d1764-1211-232011/8x1/processed/processed.json
parameters.json
Given params: [[[[[0.797, 0.556, 0.527]]], [[[-0.797, -0.556, -0.527]]], [[[0, 0.556, 0.527]]], [[[0, -0.556, -0.527]]]]]
---Preparing executables
---Running executables, 12 in batch, delta=4.724540323999918
---Extracting values delta=23.26557813699992
---Extracted values delta=5.545865877999859
===27.338689999999996 27.328340000000004 29.560639999999992 29.525439999999996 1639264846.770337
Computed energies [27.333515], params [[[[0.797, 0.556, 0.527]]], [[[-0.797, -0.556, -0.527]]], [[[0, 0.556, 0.527]]], [[[0, -0.556, -0.527]]]]
***27.333515 1639264846.771424
---VQE complete: delta 33.543413883000085
---Starting TFLO
Using saved points
Using params [[[0, 0.785398, 0.785398]], [[0, 0, 0.785398]], [[0, 1.5708, 0]], [[0, 0, 1.5708]], [[0, 2.35619, 0.785398]], [[0, 4.71239, 0.785398]], [[0, 2.35619, 1.5708]], [[0, 0.785398, 3.14159]], [[0, 5.49779, 5.49779]], [[0, 0.785398, 3.92699]], [[0, 4.71239, 4.71239]], [[0, 1.5708, 3.92699]], [[0, 3.92699, 5.49779]], [[0, 3.92699, 4.71239]], [[0, 2.35619, 4.71239]], [[0, 3.14159, 4.71239]], [[0, 0.556, 0.527]], [[0.797, 0.556, 0.527]], [[0, -0.785398, -0.785398]], [[0, 0, -0.785398]], [[0, -1.5708, 0]], [[0, 0, -1.5708]], [[0, -2.35619, -0.785398]], [[0, -4.71239, -0.785398]], [[0, -2.35619, -1.5708]], [[0, -0.785398, -3.14159]], [[0, -5.49779, -5.49779]], [[0, -0.785398, -3.92699]], [[0, -4.71239, -4.71239]], [[0, -1.5708, -3.92699]], [[0, -3.92699, -5.49779]], [[0, -3.92699, -4.71239]], [[0, -2.35619, -4.71239]], [[0, -3.14159, -4.71239]], [[0, -0.556, -0.527]], [[-0.797, -0.556, -0.527]]]
---Preparing executables
---Running executables, 108 in batch, delta=38.49329372400007
---Extracting values delta=100.37063841600002
---Extracted values delta=10.053295528000035
---Time for noisy calculation: 148.93864839199978
***TFLON: 29.55195,29.937049999999996,30.3627,30.83525,31.2002,31.622950000000003,32.02144999999999,32.3998,32.741550000000004,33.05375,33.7275,34.01695000000001,34.44215,34.815999999999995,35.197700000000005,35.61155000000001,29.571150000000003,27.28645,29.491650000000003,29.910050000000002,30.421799999999998,30.799400000000006,31.280350000000006,31.642099999999992,32.03985,32.4071,32.82865,33.16244999999999,33.7568,34.1283,34.4603,34.93615,35.2732,35.613550000000004,29.571700000000007,27.354999999999997 1639264997.97751
Noisy energies by type: {'onsite0': array([36.2836, 36.4224, 36.064 , 36.4528, 36.1868, 36.0668, 36.1928,
       36.2684, 36.2252, 36.1472, 36.0792, 36.0592, 36.2356, 36.1056,
       36.1584, 36.3084, 36.364 , 32.9904, 36.2184, 36.3972, 36.1052,
       36.4288, 36.2672, 36.0888, 36.216 , 36.2564, 36.3348, 36.272 ,
       36.0676, 36.1316, 36.2504, 36.1976, 36.2156, 36.3216, 36.3604,
       33.046 ]), 'horiz0': array([-3.7876, -3.2278, -3.5586, -2.3559, -3.68  , -2.3146, -2.8513,
       -0.9301, -0.5691, -0.1656, -0.199 ,  0.0848, -0.4637,  0.036 ,
        0.371 ,  0.2793, -3.6927, -3.1991, -3.7896, -3.2274, -3.5577,
       -2.3597, -3.6874, -2.3187, -2.8545, -0.9114, -0.5738, -0.1668,
       -0.1919,  0.0992, -0.4682,  0.0589,  0.3686,  0.2757, -3.7044,
       -3.21  ]), 'horiz1': array([-2.94405, -3.25755, -2.1427 , -3.26165, -1.3066 , -2.12925,
       -1.32005, -2.9385 , -2.91455, -2.92785, -2.1527 , -2.12705,
       -1.32975, -1.3256 , -1.3317 , -0.97615, -3.10015, -2.50485,
       -2.93715, -3.25975, -2.1257 , -3.2697 , -1.29945, -2.128  ,
       -1.32165, -2.9379 , -2.93235, -2.94275, -2.1189 , -2.1025 ,
       -1.3219 , -1.32035, -1.311  , -0.98375, -3.0843 , -2.481  ])}
Using saved exact energies
Data collected can be found at experiments/1eb773c83bdb40438e0a42a2437d1764-1211-232011/8x1
Getting settings from paper_data/8x1_U8_d1/single/8x1_single_zz_x_U_8_nocc_13_d_1-0914-233504/8x1/settings.json
{'theta': True, 'zeta': True, 'chi': False, 'gamma': True, 'phi': True, 'time': None}
{'theta': False, 'zeta': False, 'chi': False, 'gamma': False, 'phi': False, 'time': None}
Start at: (3, 2), with dr
Using qubits [cirq.GridQubit(3, 2), cirq.GridQubit(4, 2), cirq.GridQubit(4, 3), cirq.GridQubit(5, 3), cirq.GridQubit(5, 4), cirq.GridQubit(6, 4), cirq.GridQubit(6, 5), cirq.GridQubit(7, 5), cirq.GridQubit(4, 1), cirq.GridQubit(5, 1), cirq.GridQubit(5, 2), cirq.GridQubit(6, 2), cirq.GridQubit(6, 3), cirq.GridQubit(7, 3), cirq.GridQubit(7, 4), cirq.GridQubit(8, 4)]
Using qubits, JW:[cirq.GridQubit(3, 2), cirq.GridQubit(4, 2), cirq.GridQubit(4, 3), cirq.GridQubit(5, 3), cirq.GridQubit(5, 4), cirq.GridQubit(6, 4), cirq.GridQubit(6, 5), cirq.GridQubit(7, 5), cirq.GridQubit(4, 1), cirq.GridQubit(5, 1), cirq.GridQubit(5, 2), cirq.GridQubit(6, 2), cirq.GridQubit(6, 3), cirq.GridQubit(7, 3), cirq.GridQubit(7, 4), cirq.GridQubit(8, 4)]
Meas types ['onsite0', 'horiz0', 'horiz1']
Prepped onsite, pairs=[(0, 8), (1, 9), (2, 10), (3, 11), (4, 12), (5, 13), (6, 14), (7, 15)]
Prepped horiz, pairs=[(0, 1), (2, 3), (4, 5), (6, 7), (8, 9), (10, 11), (12, 13), (14, 15)]
Prepped horiz, pairs=[(1, 2), (3, 4), (5, 6), (9, 10), (11, 12), (13, 14)]
Set recompilation to False
Got pairs set [(3, 4), (4, 12), (12, 13), (5, 13), (8, 9), (0, 8), (1, 9), (13, 14), (6, 14), (4, 5), (5, 6), (14, 15), (0, 1), (9, 10), (10, 11), (1, 2), (2, 10), (6, 7), (7, 15), (3, 11), (2, 3), (11, 12)]
---Starting to do calibration: delta 0.12439136800003325
---Starting to set up measurements: delta 0.7199414110000362
---Starting to run VQE: delta 1.0349347500000476
No optimisation, save file is experiments/d4f578f2bf7f40308fbf34966d0b79e3-1211-232318/8x1/processed/processed.json
parameters.json
Given params: [[[[[0.743, 0.544, 0.564]]], [[[-0.743, -0.544, -0.564]]], [[[0, 0.544, 0.564]]], [[[0, -0.544, -0.564]]]]]
---Preparing executables
---Running executables, 12 in batch, delta=4.546492689999923
---Extracting values delta=22.80507542400028
---Extracted values delta=5.529522800999985
===35.81769 35.81547 36.90926 36.93503 1639265032.796125
Computed energies [35.81658], params [[[[0.743, 0.544, 0.564]]], [[[-0.743, -0.544, -0.564]]], [[[0, 0.544, 0.564]]], [[[0, -0.544, -0.564]]]]
***35.81658 1639265032.797367
---VQE complete: delta 32.89175491499964
---Starting TFLO
Using saved points
Using params [[[0, 0, 0]], [[0, 0, 0.785398]], [[0, 1.5708, 0.785398]], [[0, 5.49779, 0.785398]], [[0, 2.35619, 0.785398]], [[0, 4.71239, 0.785398]], [[0, 1.5708, 2.35619]], [[0, 0.785398, 3.14159]], [[0, 5.49779, 5.49779]], [[0, 0.785398, 3.92699]], [[0, 5.49779, 3.14159]], [[0, 1.5708, 5.49779]], [[0, 3.92699, 5.49779]], [[0, 3.92699, 4.71239]], [[0, 2.35619, 4.71239]], [[0, 3.92699, 3.92699]], [[0, 0.544, 0.564]], [[0.743, 0.544, 0.564]], [[0, 0, 0]], [[0, 0, -0.785398]], [[0, -1.5708, -0.785398]], [[0, -5.49779, -0.785398]], [[0, -2.35619, -0.785398]], [[0, -4.71239, -0.785398]], [[0, -1.5708, -2.35619]], [[0, -0.785398, -3.14159]], [[0, -5.49779, -5.49779]], [[0, -0.785398, -3.92699]], [[0, -5.49779, -3.14159]], [[0, -1.5708, -5.49779]], [[0, -3.92699, -5.49779]], [[0, -3.92699, -4.71239]], [[0, -2.35619, -4.71239]], [[0, -3.92699, -3.92699]], [[0, -0.544, -0.564]], [[-0.743, -0.544, -0.564]]]
---Preparing executables
---Running executables, 108 in batch, delta=37.38078056900031
---Extracting values delta=96.24692772900016
---Extracted values delta=10.26862212900005
---Time for noisy calculation: 143.91578292800023
***TFLON: 36.93445,37.1335,37.370250000000006,37.70895,38.06195,38.37115,38.491699999999994,38.719350000000006,39.0049,39.28415,39.5019,39.69265,40.03439999999999,40.299899999999994,40.49569999999999,40.843300000000006,36.9144,35.80619999999999,36.95055000000001,37.124199999999995,37.3959,37.69559999999999,38.0386,38.30794999999999,38.5352,38.787,39.003699999999995,39.25665,39.475100000000005,39.75625,40.05865,40.2978,40.542500000000004,40.7949,36.966849999999994,35.798249999999996 1639265179.043724
Noisy energies by type: {'onsite0': array([42.22  , 42.208 , 42.1896, 42.198 , 42.1852, 42.1296, 42.1036,
       42.1276, 42.1984, 42.2092, 42.2404, 42.0856, 42.146 , 42.0252,
       42.0204, 42.1048, 42.188 , 40.5576, 42.2388, 42.2012, 42.2092,
       42.1664, 42.1516, 42.0948, 42.144 , 42.1748, 42.1856, 42.1776,
       42.186 , 42.1336, 42.1624, 42.0224, 42.078 , 42.0864, 42.2372,
       40.56  ]), 'horiz0': array([-2.7235, -2.5156, -2.9838, -2.1392, -2.7883, -1.9289, -1.771 ,
       -1.0575, -0.8444, -0.5829, -0.3826, -0.5424, -0.7674, -0.3813,
       -0.1907,  0.0619, -2.8144, -2.5465, -2.724 , -2.5168, -2.9814,
       -2.1281, -2.7874, -1.9441, -1.7696, -1.0462, -0.8371, -0.5787,
       -0.3633, -0.532 , -0.7808, -0.3913, -0.1852,  0.0401, -2.8193,
       -2.5602]), 'horiz1': array([-2.56205, -2.5589 , -1.83555, -2.34985, -1.33495, -1.82955,
       -1.8409 , -2.35075, -2.3491 , -2.34215, -2.3559 , -1.85055,
       -1.3442 , -1.344  , -1.334  , -1.3234 , -2.4592 , -2.2049 ,
       -2.56425, -2.5602 , -1.8319 , -2.3427 , -1.3256 , -1.84275,
       -1.8392 , -2.3416 , -2.3448 , -2.34225, -2.3476 , -1.84535,
       -1.32295, -1.3333 , -1.3503 , -1.3316 , -2.45105, -2.20155])}
Using saved exact energies
Data collected can be found at experiments/d4f578f2bf7f40308fbf34966d0b79e3-1211-232318/8x1
Getting settings from paper_data/8x1_U8_d1/single/8x1_single_zz_x_U_8_nocc_14_d_1-0914-233908/8x1/settings.json
{'theta': True, 'zeta': True, 'chi': False, 'gamma': True, 'phi': True, 'time': None}
{'theta': False, 'zeta': False, 'chi': False, 'gamma': False, 'phi': False, 'time': None}
Start at: (3, 2), with dr
Using qubits [cirq.GridQubit(3, 2), cirq.GridQubit(4, 2), cirq.GridQubit(4, 3), cirq.GridQubit(5, 3), cirq.GridQubit(5, 4), cirq.GridQubit(6, 4), cirq.GridQubit(6, 5), cirq.GridQubit(7, 5), cirq.GridQubit(4, 1), cirq.GridQubit(5, 1), cirq.GridQubit(5, 2), cirq.GridQubit(6, 2), cirq.GridQubit(6, 3), cirq.GridQubit(7, 3), cirq.GridQubit(7, 4), cirq.GridQubit(8, 4)]
Using qubits, JW:[cirq.GridQubit(3, 2), cirq.GridQubit(4, 2), cirq.GridQubit(4, 3), cirq.GridQubit(5, 3), cirq.GridQubit(5, 4), cirq.GridQubit(6, 4), cirq.GridQubit(6, 5), cirq.GridQubit(7, 5), cirq.GridQubit(4, 1), cirq.GridQubit(5, 1), cirq.GridQubit(5, 2), cirq.GridQubit(6, 2), cirq.GridQubit(6, 3), cirq.GridQubit(7, 3), cirq.GridQubit(7, 4), cirq.GridQubit(8, 4)]
Meas types ['onsite0', 'horiz0', 'horiz1']
Prepped onsite, pairs=[(0, 8), (1, 9), (2, 10), (3, 11), (4, 12), (5, 13), (6, 14), (7, 15)]
Prepped horiz, pairs=[(0, 1), (2, 3), (4, 5), (6, 7), (8, 9), (10, 11), (12, 13), (14, 15)]
Prepped horiz, pairs=[(1, 2), (3, 4), (5, 6), (9, 10), (11, 12), (13, 14)]
Set recompilation to False
Got pairs set [(3, 4), (4, 12), (12, 13), (5, 13), (8, 9), (0, 8), (1, 9), (13, 14), (6, 14), (4, 5), (5, 6), (14, 15), (0, 1), (9, 10), (10, 11), (1, 2), (2, 10), (6, 7), (7, 15), (3, 11), (2, 3), (11, 12)]
---Starting to do calibration: delta 0.1407508880001842
---Starting to set up measurements: delta 0.670254236999881
---Starting to run VQE: delta 0.997641331000068
No optimisation, save file is experiments/fe464186ab4f470581e1d379e9e51018-1211-232619/8x1/processed/processed.json
parameters.json
Given params: [[[[[0.7, 0.66, 0.601]]], [[[-0.7, -0.66, -0.601]]], [[[0, 0.66, 0.601]]], [[[0, -0.66, -0.601]]]]]
---Preparing executables
---Running executables, 12 in batch, delta=4.571109555999556
---Extracting values delta=22.122142842999892
---Extracted values delta=5.548951932999898
===44.952070000000006 44.965680000000006 45.58732 45.592749999999995 1639265213.1714501
Computed energies [44.958875000000006], params [[[[0.7, 0.66, 0.601]]], [[[-0.7, -0.66, -0.601]]], [[[0, 0.66, 0.601]]], [[[0, -0.66, -0.601]]]]
***44.958875000000006 1639265213.172627
---VQE complete: delta 32.24975663400028
---Starting TFLO
Using saved points
Using params [[[0, 0, 0]], [[0, 0.785398, 1.5708]], [[0, 5.49779, 0.785398]], [[0, 0.785398, 2.35619]], [[0, 2.35619, 0]], [[0, 3.14159, 0.785398]], [[0, 0, 3.14159]], [[0, 0.785398, 5.49779]], [[0, 5.49779, 3.92699]], [[0, 4.71239, 4.71239]], [[0, 2.35619, 5.49779]], [[0, 1.5708, 3.92699]], [[0, 3.14159, 4.71239]], [[0, 2.35619, 3.14159]], [[0, 2.35619, 3.92699]], [[0, 3.14159, 3.92699]], [[0, 0.66, 0.601]], [[0.7, 0.66, 0.601]], [[0, 0, 0]], [[0, -0.785398, -1.5708]], [[0, -5.49779, -0.785398]], [[0, -0.785398, -2.35619]], [[0, -2.35619, 0]], [[0, -3.14159, -0.785398]], [[0, 0, -3.14159]], [[0, -0.785398, -5.49779]], [[0, -5.49779, -3.92699]], [[0, -4.71239, -4.71239]], [[0, -2.35619, -5.49779]], [[0, -1.5708, -3.92699]], [[0, -3.14159, -4.71239]], [[0, -2.35619, -3.14159]], [[0, -2.35619, -3.92699]], [[0, -3.14159, -3.92699]], [[0, -0.66, -0.601]], [[-0.7, -0.66, -0.601]]]
---Preparing executables
---Running executables, 108 in batch, delta=37.105886199
---Extracting values delta=91.29622132199984
---Extracted values delta=10.597093092999785
---Time for noisy calculation: 139.01892926799974
***TFLON: 45.578450000000004,45.70904999999999,45.79010000000001,46.0036,46.04295,46.19944999999999,46.347300000000004,46.418600000000005,46.56269999999999,46.6978,46.81254999999999,46.9252,47.038149999999995,47.22279999999999,47.318650000000005,47.3637,45.59745,44.96574999999999,45.593650000000004,45.6629,45.837700000000005,45.99360000000001,46.062450000000005,46.2159,46.37035,46.42620000000001,46.547349999999994,46.65460000000001,46.83069999999999,46.9447,47.03474999999999,47.1942,47.275749999999995,47.388850000000005,45.5662,44.938900000000004 1639265354.571024
Noisy energies by type: {'onsite0': array([49.3388, 49.2596, 49.2156, 49.2488, 49.2884, 49.2064, 49.3272,
       49.222 , 49.2576, 49.2132, 49.1492, 49.2976, 49.0612, 49.314 ,
       49.2724, 49.1552, 49.3388, 48.402 , 49.3508, 49.2152, 49.2596,
       49.2464, 49.3144, 49.216 , 49.3516, 49.2272, 49.2424, 49.1496,
       49.1296, 49.3364, 49.0432, 49.2936, 49.2664, 49.1828, 49.3104,
       48.3924]), 'horiz0': array([-1.9113, -1.7882, -1.6581, -1.4816, -1.8994, -1.7312, -1.1291,
       -1.0383, -0.9281, -0.954 , -0.9879, -0.8138, -0.7547, -0.7403,
       -0.6106, -0.5172, -1.9526, -1.7978, -1.9077, -1.7885, -1.6567,
       -1.4882, -1.9042, -1.7336, -1.1275, -1.0305, -0.9318, -0.9383,
       -0.9485, -0.8277, -0.7494, -0.7499, -0.6358, -0.522 , -1.9548,
       -1.8109]), 'horiz1': array([-1.84905, -1.76235, -1.7674 , -1.7636 , -1.34605, -1.27575,
       -1.8508 , -1.7651 , -1.7668 , -1.5614 , -1.34875, -1.5586 ,
       -1.26835, -1.3509 , -1.34315, -1.2743 , -1.78875, -1.63845,
       -1.84945, -1.7638 , -1.7652 , -1.7646 , -1.34775, -1.2665 ,
       -1.85375, -1.7705 , -1.76325, -1.5567 , -1.3504 , -1.564  ,
       -1.25905, -1.3495 , -1.35485, -1.27195, -1.7894 , -1.6426 ])}
Using saved exact energies
Data collected can be found at experiments/fe464186ab4f470581e1d379e9e51018-1211-232619/8x1
Getting settings from paper_data/8x1_U8_d1/single/8x1_single_zz_x_U_8_nocc_15_d_1-0914-234256/8x1/settings.json
{'theta': True, 'zeta': True, 'chi': False, 'gamma': True, 'phi': True, 'time': None}
{'theta': False, 'zeta': False, 'chi': False, 'gamma': False, 'phi': False, 'time': None}
Start at: (3, 2), with dr
Using qubits [cirq.GridQubit(3, 2), cirq.GridQubit(4, 2), cirq.GridQubit(4, 3), cirq.GridQubit(5, 3), cirq.GridQubit(5, 4), cirq.GridQubit(6, 4), cirq.GridQubit(6, 5), cirq.GridQubit(7, 5), cirq.GridQubit(4, 1), cirq.GridQubit(5, 1), cirq.GridQubit(5, 2), cirq.GridQubit(6, 2), cirq.GridQubit(6, 3), cirq.GridQubit(7, 3), cirq.GridQubit(7, 4), cirq.GridQubit(8, 4)]
Using qubits, JW:[cirq.GridQubit(3, 2), cirq.GridQubit(4, 2), cirq.GridQubit(4, 3), cirq.GridQubit(5, 3), cirq.GridQubit(5, 4), cirq.GridQubit(6, 4), cirq.GridQubit(6, 5), cirq.GridQubit(7, 5), cirq.GridQubit(4, 1), cirq.GridQubit(5, 1), cirq.GridQubit(5, 2), cirq.GridQubit(6, 2), cirq.GridQubit(6, 3), cirq.GridQubit(7, 3), cirq.GridQubit(7, 4), cirq.GridQubit(8, 4)]
Meas types ['onsite0', 'horiz0', 'horiz1']
Prepped onsite, pairs=[(0, 8), (1, 9), (2, 10), (3, 11), (4, 12), (5, 13), (6, 14), (7, 15)]
Prepped horiz, pairs=[(0, 1), (2, 3), (4, 5), (6, 7), (8, 9), (10, 11), (12, 13), (14, 15)]
Prepped horiz, pairs=[(1, 2), (3, 4), (5, 6), (9, 10), (11, 12), (13, 14)]
Set recompilation to False
Got pairs set [(3, 4), (4, 12), (12, 13), (5, 13), (8, 9), (0, 8), (1, 9), (13, 14), (6, 14), (4, 5), (5, 6), (14, 15), (0, 1), (9, 10), (10, 11), (1, 2), (2, 10), (6, 7), (7, 15), (3, 11), (2, 3), (11, 12)]
---Starting to do calibration: delta 0.06834867000043232
---Starting to set up measurements: delta 0.659717867999916
---Starting to run VQE: delta 0.9585096549999435
No optimisation, save file is experiments/a93123b1bbfe46049b15a21ee175b40b-1211-232914/8x1/processed/processed.json
parameters.json
Given params: [[[[[1.073, 0.991, 0.977]]], [[[-1.073, -0.991, -0.977]]], [[[0, 0.991, 0.977]]], [[[0, -0.991, -0.977]]]]]
---Preparing executables
---Running executables, 12 in batch, delta=4.1115289169997595
---Extracting values delta=21.259819873000197
---Extracted values delta=5.460823354999775
===54.16029 54.16097 54.16349000000001 54.161429999999996 1639265387.154315
Computed energies [54.16063], params [[[[1.073, 0.991, 0.977]]], [[[-1.073, -0.991, -0.977]]], [[[0, 0.991, 0.977]]], [[[0, -0.991, -0.977]]]]
***54.16063 1639265387.1555562
---VQE complete: delta 30.840327260999857
---Starting TFLO
Using saved points
Using params [[[0, 0, 0]], [[0, 0, 0.785398]], [[0, 1.5708, 0.785398]], [[0, 5.49779, 0.785398]], [[0, 3.92699, 0]], [[0, 4.71239, 0.785398]], [[0, 3.14159, 0.785398]], [[0, 0, 4.71239]], [[0, 0.785398, 3.92699]], [[0, 5.49779, 3.14159]], [[0, 4.71239, 4.71239]], [[0, 1.5708, 4.71239]], [[0, 3.14159, 5.49779]], [[0, 3.92699, 4.71239]], [[0, 3.92699, 2.35619]], [[0, 3.92699, 3.92699]], [[0, 0.991, 0.977]], [[1.073, 0.991, 0.977]], [[0, 0, 0]], [[0, 0, -0.785398]], [[0, -1.5708, -0.785398]], [[0, -5.49779, -0.785398]], [[0, -3.92699, 0]], [[0, -4.71239, -0.785398]], [[0, -3.14159, -0.785398]], [[0, 0, -4.71239]], [[0, -0.785398, -3.92699]], [[0, -5.49779, -3.14159]], [[0, -4.71239, -4.71239]], [[0, -1.5708, -4.71239]], [[0, -3.14159, -5.49779]], [[0, -3.92699, -4.71239]], [[0, -3.92699, -2.35619]], [[0, -3.92699, -3.92699]], [[0, -0.991, -0.977]], [[-1.073, -0.991, -0.977]]]
---Preparing executables
---Running executables, 108 in batch, delta=33.22344529200018
---Extracting values delta=83.10743878799985
---Extracted values delta=10.078614795999783
---Time for noisy calculation: 126.42806356400024
***TFLON: 54.12024999999999,54.16440000000001,54.22579999999999,54.29395,54.37355,54.4262,54.506150000000005,54.55544999999999,54.624599999999994,54.6695,54.740500000000004,54.79534999999999,54.8551,54.92795,54.98689999999999,55.037549999999996,54.166500000000006,54.16349999999999,54.122800000000005,54.162099999999995,54.2149,54.28359999999999,54.3662,54.43925,54.5072,54.54775,54.6267,54.660399999999996,54.75130000000001,54.81055,54.861000000000004,54.89585,54.98795,55.0296,54.15894999999999,54.158750000000005 1639265515.8449469
Noisy energies by type: {'onsite0': array([56., 56., 56., 56., 56., 56., 56., 56., 56., 56., 56., 56., 56.,
       56., 56., 56., 56., 56., 56., 56., 56., 56., 56., 56., 56., 56.,
       56., 56., 56., 56., 56., 56., 56., 56., 56., 56.]), 'horiz0': array([-0.9521, -0.9125, -0.9951, -0.8232, -0.9516, -0.7888, -0.8622,
       -0.5197, -0.4935, -0.445 , -0.4818, -0.4188, -0.5121, -0.4011,
       -0.3346, -0.2839, -0.9773, -0.9777, -0.9529, -0.9159, -0.9947,
       -0.8313, -0.9534, -0.7886, -0.8641, -0.5251, -0.4936, -0.4532,
       -0.4719, -0.4166, -0.5089, -0.4214, -0.3368, -0.29  , -0.9808,
       -0.9772]), 'horiz1': array([-0.92765, -0.9231 , -0.7791 , -0.88285, -0.67485, -0.785  ,
       -0.63165, -0.92485, -0.8819 , -0.8855 , -0.7777 , -0.78585,
       -0.6328 , -0.67095, -0.6785 , -0.67855, -0.8562 , -0.8588 ,
       -0.9243 , -0.922  , -0.7904 , -0.8851 , -0.6804 , -0.77215,
       -0.6287 , -0.92715, -0.8797 , -0.8864 , -0.7768 , -0.77285,
       -0.6301 , -0.68275, -0.67525, -0.6804 , -0.86025, -0.86405])}
Using saved exact energies
Data collected can be found at experiments/a93123b1bbfe46049b15a21ee175b40b-1211-232914/8x1
