{'theta': True, 'zeta': True, 'chi': False, 'gamma': True, 'phi': True, 'time': None}
{'theta': False, 'zeta': False, 'chi': False, 'gamma': False, 'phi': False, 'time': None}
                  (3, 2)
                  │
                  │
         (4, 1)───(4, 2)───(4, 3)
         │        │        │
         │        │        │
(5, 0)───(5, 1)───(5, 2)───(5, 3)───(5, 4)
         │        │        │        │
         │        │        │        │
         (6, 1)───(6, 2)───(6, 3)───(6, 4)───(6, 5)
                  │        │        │        │
                  │        │        │        │
                  (7, 2)───(7, 3)───(7, 4)───(7, 5)───(7, 6)
                           │        │        │
                           │        │        │
                           (8, 3)───(8, 4)───(8, 5)
                                    │
                                    │
                                    (9, 4)
Start at: (3, 2), with dr
Using qubits [cirq.GridQubit(3, 2), cirq.GridQubit(4, 2), cirq.GridQubit(4, 3), cirq.GridQubit(5, 3), cirq.GridQubit(5, 4), cirq.GridQubit(6, 4), cirq.GridQubit(6, 5), cirq.GridQubit(7, 5), cirq.GridQubit(4, 1), cirq.GridQubit(5, 1), cirq.GridQubit(5, 2), cirq.GridQubit(6, 2), cirq.GridQubit(6, 3), cirq.GridQubit(7, 3), cirq.GridQubit(7, 4), cirq.GridQubit(8, 4)]
Using qubits, JW:[cirq.GridQubit(3, 2), cirq.GridQubit(4, 2), cirq.GridQubit(4, 3), cirq.GridQubit(5, 3), cirq.GridQubit(5, 4), cirq.GridQubit(6, 4), cirq.GridQubit(6, 5), cirq.GridQubit(7, 5), cirq.GridQubit(4, 1), cirq.GridQubit(5, 1), cirq.GridQubit(5, 2), cirq.GridQubit(6, 2), cirq.GridQubit(6, 3), cirq.GridQubit(7, 3), cirq.GridQubit(7, 4), cirq.GridQubit(8, 4)]
                  [31m(3, 2)[0m
                  │
                  │
         [35m(4, 1)[0m───[31m(4, 2)[0m───[31m(4, 3)[0m
         │        │        │
         │        │        │
(5, 0)───[35m(5, 1)[0m───[35m(5, 2)[0m───[31m(5, 3)[0m───[31m(5, 4)[0m
         │        │        │        │
         │        │        │        │
         (6, 1)───[35m(6, 2)[0m───[35m(6, 3)[0m───[31m(6, 4)[0m───[31m(6, 5)[0m
                  │        │        │        │
                  │        │        │        │
                  (7, 2)───[35m(7, 3)[0m───[35m(7, 4)[0m───[31m(7, 5)[0m───(7, 6)
                           │        │        │
                           │        │        │
                           (8, 3)───[35m(8, 4)[0m───(8, 5)
                                    │
                                    │
                                    (9, 4)
None
Meas types ['onsite0', 'horiz0', 'horiz1']
Prepped onsite, pairs=[(0, 8), (1, 9), (2, 10), (3, 11), (4, 12), (5, 13), (6, 14), (7, 15)]
Prepped horiz, pairs=[(0, 1), (2, 3), (4, 5), (6, 7), (8, 9), (10, 11), (12, 13), (14, 15)]
Prepped horiz, pairs=[(1, 2), (3, 4), (5, 6), (9, 10), (11, 12), (13, 14)]
Set recompilation to False
Got pairs set [(10, 11), (5, 6), (3, 11), (5, 13), (8, 9), (4, 12), (6, 14), (1, 2), (6, 7), (7, 15), (12, 13), (4, 5), (2, 10), (9, 10), (2, 3), (1, 9), (14, 15), (0, 8), (11, 12), (0, 1), (13, 14), (3, 4)]
---Starting to do calibration: delta 3.555727469
---Starting to set up measurements: delta 0.6589415679999995
---Starting to run VQE: delta 1.2374133500000006
No optimisation, save file is experiments/8x1_single_zz_x_U_8_nocc_11_d_1-0914-212333/8x1/processed/processed.json
Given params: [[[[[0.882, 0.58, 0.581]]], [[[-0.882, -0.58, -0.581]]], [[[0, 0.58, 0.581]]], [[[0, -0.58, -0.581]]]]]
---Preparing executables
---Running executables, 12 in batch, delta=5.014305219000002
---Extracting values delta=2.485254632
---Extracted values delta=50.197346732
===23.003362466946527 22.52270800539788 24.558999093849256 25.167653091903407 1631651076.679156
Computed energies [22.763035236172204], params [[[[0.882, 0.58, 0.581]]], [[[-0.882, -0.58, -0.581]]], [[[0, 0.58, 0.581]]], [[[0, -0.58, -0.581]]]]
***22.763035236172204 1631651076.681311
---VQE complete: delta 57.702189700000005
---Starting TFLO
Using saved points
Using params [[[0, 0, 0]], [[0, 0, 0.785398]], [[0, 0.785398, 1.5708]], [[0, 5.49779, 0.785398]], [[0, 2.35619, 0.785398]], [[0, 3.92699, 0]], [[0, 2.35619, 1.5708]], [[0, 3.14159, 0.785398]], [[0, 3.92699, 0.785398]], [[0, 5.49779, 5.49779]], [[0, 0.785398, 5.49779]], [[0, 3.92699, 1.5708]], [[0, 1.5708, 5.49779]], [[0, 3.14159, 2.35619]], [[0, 3.92699, 4.71239]], [[0, 3.14159, 5.49779]], [[0, 0.58, 0.581]], [[0.882, 0.58, 0.581]], [[0, 0, 0]], [[0, 0, -0.785398]], [[0, -0.785398, -1.5708]], [[0, -5.49779, -0.785398]], [[0, -2.35619, -0.785398]], [[0, -3.92699, 0]], [[0, -2.35619, -1.5708]], [[0, -3.14159, -0.785398]], [[0, -3.92699, -0.785398]], [[0, -5.49779, -5.49779]], [[0, -0.785398, -5.49779]], [[0, -3.92699, -1.5708]], [[0, -1.5708, -5.49779]], [[0, -3.14159, -2.35619]], [[0, -3.92699, -4.71239]], [[0, -3.14159, -5.49779]], [[0, -0.58, -0.581]], [[-0.882, -0.58, -0.581]]]
---Preparing executables
---Running executables, 108 in batch, delta=46.55212540699999
---Extracting values delta=5.880220528999999
---Extracted values delta=107.51130254800002
---Time for noisy calculation: 159.96468822399999
***TFLON: 24.67383359319079,25.307016395869052,24.938316212087376,26.636887801713932,26.89894287925392,25.514141016654982,27.001787032371116,27.00687287042329,26.892720399261272,28.810821804517733,27.960981195358602,28.153852033738293,28.975858499164048,29.334314837496148,29.579300312293043,30.190064373841302,24.65734704088665,23.00891668912563,24.75136759044951,25.11287630568657,25.87665441911442,25.58908326464446,25.346610493252083,27.06664209346969,26.348670583153414,27.21074999290993,27.860774883053566,27.755647266917244,29.07254920410207,28.95806823935125,29.618539516164354,29.32099681678255,29.824862403899818,30.064067434339105,25.20632574917636,22.698811227508344 1631651238.7107499
Noisy energies by type: {'onsite0': array([30.19845179, 30.5518356 , 30.00047293, 31.03759398, 30.87148594,
       29.31939163, 30.3495874 , 29.95663137, 29.66138855, 30.70114943,
       29.66486486, 29.57522555, 29.85561248, 30.1814475 , 29.57035602,
       30.03813155, 30.05686275, 26.89136095, 30.24941176, 30.21779359,
       30.80239521, 29.65472911, 29.23176962, 30.60104117, 29.59100694,
       30.0929368 , 30.44256121, 30.14232902, 30.81611047, 30.35766596,
       30.46358792, 30.07630058, 30.33241506, 30.0640636 , 30.7322695 ,
       27.53220649]), 'horiz0': array([-2.97548797, -2.765982  , -2.87864078, -2.2121054 , -3.439514  ,
       -3.32160804, -2.8460309 , -2.81607378, -2.25146796,  0.25506073,
        0.50891288, -0.9386149 ,  0.49770056, -0.72304324,  0.50918701,
        0.29367089, -3.08728653, -2.18212176, -2.93716546, -2.49254416,
       -2.76807445, -1.85805816, -3.42150538, -3.03051181, -2.74174323,
       -2.75465058, -2.02000506, -0.13058419,  0.46243826, -0.79898219,
        0.50503226, -0.58090452,  0.07527976,  0.18958177, -3.16906557,
       -2.94844358]), 'horiz1': array([-2.54913023, -2.47883721, -2.18351594, -2.18860078, -0.53302907,
       -0.48364258, -0.50176946, -0.13368471, -0.51720019, -2.14538835,
       -2.21279655, -0.48275862, -1.37745455, -0.12408942, -0.50024272,
       -0.14173807, -2.31222918, -1.7003225 , -2.56087871, -2.61237313,
       -2.15766635, -2.20758769, -0.46365375, -0.50388727, -0.50059312,
       -0.12753623, -0.56178126, -2.25609756, -2.20599953, -0.60061553,
       -1.35008066, -0.17439924, -0.58283241, -0.18957793, -2.35687818,
       -1.88495168])}
Using saved exact energies
Data collected can be found at experiments/8x1_single_zz_x_U_8_nocc_11_d_1-0914-212333/8x1
