{'theta': True, 'zeta': True, 'chi': False, 'gamma': True, 'phi': True, 'time': None}
{'theta': False, 'zeta': False, 'chi': False, 'gamma': False, 'phi': False, 'time': None}
                  (3, 2)
                  │
                  │
         (4, 1)───(4, 2)───(4, 3)
         │        │        │
         │        │        │
(5, 0)───(5, 1)───(5, 2)───(5, 3)───(5, 4)
         │        │        │        │
         │        │        │        │
         (6, 1)───(6, 2)───(6, 3)───(6, 4)───(6, 5)
                  │        │        │        │
                  │        │        │        │
                  (7, 2)───(7, 3)───(7, 4)───(7, 5)───(7, 6)
                           │        │        │
                           │        │        │
                           (8, 3)───(8, 4)───(8, 5)
                                    │
                                    │
                                    (9, 4)
Qubits: 4 2 5 3
Using qubits [cirq.GridQubit(5, 3), cirq.GridQubit(6, 3), cirq.GridQubit(7, 3), cirq.GridQubit(8, 3), cirq.GridQubit(5, 4), cirq.GridQubit(6, 4), cirq.GridQubit(7, 4), cirq.GridQubit(8, 4)]
Using qubits, JW:[cirq.GridQubit(5, 3), cirq.GridQubit(6, 3), cirq.GridQubit(7, 3), cirq.GridQubit(8, 3), cirq.GridQubit(5, 4), cirq.GridQubit(6, 4), cirq.GridQubit(7, 4), cirq.GridQubit(8, 4)]
                  (3, 2)
                  │
                  │
         (4, 1)───(4, 2)───(4, 3)
         │        │        │
         │        │        │
(5, 0)───(5, 1)───(5, 2)───[31m(5, 3)[0m───[35m(5, 4)[0m
         │        │        │        │
         │        │        │        │
         (6, 1)───(6, 2)───[31m(6, 3)[0m───[35m(6, 4)[0m───(6, 5)
                  │        │        │        │
                  │        │        │        │
                  (7, 2)───[31m(7, 3)[0m───[35m(7, 4)[0m───(7, 5)───(7, 6)
                           │        │        │
                           │        │        │
                           [31m(8, 3)[0m───[35m(8, 4)[0m───(8, 5)
                                    │
                                    │
                                    (9, 4)
None
Meas types ['onsite0', 'horiz0', 'horiz1']
Prepped onsite, pairs=[(0, 4), (1, 5), (2, 6), (3, 7)]
Prepped horiz, pairs=[(0, 1), (2, 3), (4, 5), (6, 7)]
Prepped horiz, pairs=[(1, 2), (5, 6)]
Set recompilation to False
Got pairs set [(0, 1), (1, 2), (2, 6), (6, 7), (4, 5), (5, 6), (1, 5), (2, 3), (0, 4), (3, 7)]
---Starting to do calibration: delta 3.566997397999999
---Starting to set up measurements: delta 0.20462299699999953
---Starting to run VQE: delta 0.3418758490000009
No optimisation, save file is experiments/4x1_single_d2-0914-070741/4x1/processed/processed.json
Given params: [[[[[0.511, 0.433, 0.576], [0.487, 0.535, 0.468]]], [[[-0.511, -0.433, -0.576], [-0.487, -0.535, -0.468]]], [[[0, 0.433, 0.576], [0, 0.535, 0.468]]], [[[0, -0.433, -0.576], [0, -0.535, -0.468]]]]]
---Preparing executables
---Running executables, 12 in batch, delta=1.1742987100000004
---Extracting values delta=1.6114992499999996
---Extracted values delta=38.565447099000004
===10.629120552333857 10.623873483996581 10.623635997342895 10.607004699432839 1631599707.0681129
Computed energies [10.62649701816522], params [[[[0.511, 0.433, 0.576], [0.487, 0.535, 0.468]]], [[[-0.511, -0.433, -0.576], [-0.487, -0.535, -0.468]]], [[[0, 0.433, 0.576], [0, 0.535, 0.468]]], [[[0, -0.433, -0.576], [0, -0.535, -0.468]]]]
***10.62649701816522 1631599707.0694468
---VQE complete: delta 41.354353787
---Starting TFLO
Using saved points
Using params [[[0, 3.18362, 6.2764], [0, 3.8246, 5.84549]], [[0, 2.6901, 2.99716], [0, 3.34154, 1.63886]], [[0, 0.841172, 0.857071], [0, 2.83507, 0.132099]], [[0, 0.919596, 3.58906], [0, 2.34207, 4.81843]], [[0, 2.02167, 0.711094], [0, 2.87848, 1.92383]], [[0, 3.07888, 1.31344], [0, 4.01245, 3.64854]], [[0, 5.49346, 5.73656], [0, 1.32223, 3.05705]], [[0, 5.44561, 1.68616], [0, 5.99541, 0.440987]], [[0, 5.75192, 6.00118], [0, 4.30115, 3.98124]], [[0, 3.7131, 0.592184], [0, 4.51095, 4.07368]], [[0, 2.7152, 1.86577], [0, 0.588014, 2.06039]], [[0, 2.57569, 4.7256], [0, 3.85901, 0.371302]], [[0, 4.65032, 0.953688], [0, 4.94274, 3.13591]], [[0, 0.299448, 3.22459], [0, 4.5425, 2.32293]], [[0, 5.54704, 4.13572], [0, 4.5425, 2.32293]], [[0, 4.016, 5.5268], [0, 4.80713, 0.271348]], [[0, 0.433, 0.576], [0, 0.535, 0.468]], [[0.511, 0.433, 0.576], [0.487, 0.535, 0.468]], [[0, -3.18362, -6.2764], [0, -3.8246, -5.84549]], [[0, -2.6901, -2.99716], [0, -3.34154, -1.63886]], [[0, -0.841172, -0.857071], [0, -2.83507, -0.132099]], [[0, -0.919596, -3.58906], [0, -2.34207, -4.81843]], [[0, -2.02167, -0.711094], [0, -2.87848, -1.92383]], [[0, -3.07888, -1.31344], [0, -4.01245, -3.64854]], [[0, -5.49346, -5.73656], [0, -1.32223, -3.05705]], [[0, -5.44561, -1.68616], [0, -5.99541, -0.440987]], [[0, -5.75192, -6.00118], [0, -4.30115, -3.98124]], [[0, -3.7131, -0.592184], [0, -4.51095, -4.07368]], [[0, -2.7152, -1.86577], [0, -0.588014, -2.06039]], [[0, -2.57569, -4.7256], [0, -3.85901, -0.371302]], [[0, -4.65032, -0.953688], [0, -4.94274, -3.13591]], [[0, -0.299448, -3.22459], [0, -4.5425, -2.32293]], [[0, -5.54704, -4.13572], [0, -4.5425, -2.32293]], [[0, -4.016, -5.5268], [0, -4.80713, -0.271348]], [[0, -0.433, -0.576], [0, -0.535, -0.468]], [[-0.511, -0.433, -0.576], [-0.487, -0.535, -0.468]]]
---Preparing executables
---Running executables, 108 in batch, delta=10.638337399000001
---Extracting values delta=4.957642257999993
---Extracted values delta=67.135219007
---Time for noisy calculation: 82.74138868399999
***TFLON: 10.530199096736546,10.671539682940052,10.841955003324895,10.964720940910928,11.008859479949113,10.98431841783234,11.289390897155547,10.87860721151763,11.904623328647896,11.542671003889149,11.566264330687059,11.953524134963084,11.900823529985717,11.953213900314797,12.403623436159853,12.5461379676046,10.614545986363996,10.605584116229636,10.548701867556977,10.6505234731471,10.856294702961144,10.790944298347423,11.120455950110907,11.32440622925677,11.208607509569207,11.906405761878625,11.3784694855018,11.80531680172975,11.948962107423371,11.911490546178754,12.22299899970174,12.441920631914908,12.177272968411376,12.130002254053915,10.536269706496482,10.55096178120532 1631599789.8167622
Noisy energies by type: {'onsite0': array([12., 12., 12., 12., 12., 12., 12., 12., 12., 12., 12., 12., 12.,
       12., 12., 12., 12., 12., 12., 12., 12., 12., 12., 12., 12., 12.,
       12., 12., 12., 12., 12., 12., 12., 12., 12., 12.]), 'horiz0': array([-0.88667132, -0.7736571 , -0.8635006 , -0.38715983, -0.44860097,
       -0.60080298, -0.15692133, -0.57609297,  0.16930023, -0.1724236 ,
       -0.03694348,  0.26533673,  0.05175148,  0.00538025,  0.46098245,
        0.89383155, -0.85305178, -0.84988453, -0.83958222, -0.83444865,
       -0.85210332, -0.57280201, -0.40254715, -0.33701657, -0.49576697,
        0.34848938, -0.11419069,  0.01560487,  0.46872023,  0.23144105,
        0.24708659,  0.47078834,  0.42076663,  0.63249762, -0.7550678 ,
       -0.72735018]), 'horiz1': array([-0.58312958, -0.55480322, -0.2945444 , -0.64811923, -0.54253955,
       -0.4148786 , -0.55368778, -0.54529982, -0.2646769 , -0.2849054 ,
       -0.39679219, -0.3118126 , -0.15092795, -0.05216635, -0.05735901,
       -0.34769359, -0.53240223, -0.54453136, -0.61171591, -0.51502788,
       -0.29160198, -0.6362537 , -0.4769969 , -0.3385772 , -0.29562552,
       -0.44208362, -0.50733983, -0.21028807, -0.51975812, -0.3199505 ,
       -0.02408759, -0.02886771, -0.24349366, -0.50249537, -0.70866249,
       -0.72168803])}
Using saved exact energies
Data collected can be found at experiments/4x1_single_d2-0914-070741/4x1
