{'theta': True, 'zeta': True, 'chi': False, 'gamma': True, 'phi': True, 'time': None}
{'theta': False, 'zeta': False, 'chi': False, 'gamma': False, 'phi': False, 'time': None}
                  (3, 2)
                  │
                  │
         (4, 1)───(4, 2)───(4, 3)
         │        │        │
         │        │        │
(5, 0)───(5, 1)───(5, 2)───(5, 3)───(5, 4)
         │        │        │        │
         │        │        │        │
         (6, 1)───(6, 2)───(6, 3)───(6, 4)───(6, 5)
                  │        │        │        │
                  │        │        │        │
                  (7, 2)───(7, 3)───(7, 4)───(7, 5)───(7, 6)
                           │        │        │
                           │        │        │
                           (8, 3)───(8, 4)───(8, 5)
                                    │
                                    │
                                    (9, 4)
Start at: (3, 2), with dr
Using qubits [cirq.GridQubit(3, 2), cirq.GridQubit(4, 2), cirq.GridQubit(4, 3), cirq.GridQubit(5, 3), cirq.GridQubit(5, 4), cirq.GridQubit(6, 4), cirq.GridQubit(6, 5), cirq.GridQubit(7, 5), cirq.GridQubit(4, 1), cirq.GridQubit(5, 1), cirq.GridQubit(5, 2), cirq.GridQubit(6, 2), cirq.GridQubit(6, 3), cirq.GridQubit(7, 3), cirq.GridQubit(7, 4), cirq.GridQubit(8, 4)]
Using qubits, JW:[cirq.GridQubit(3, 2), cirq.GridQubit(4, 2), cirq.GridQubit(4, 3), cirq.GridQubit(5, 3), cirq.GridQubit(5, 4), cirq.GridQubit(6, 4), cirq.GridQubit(6, 5), cirq.GridQubit(7, 5), cirq.GridQubit(4, 1), cirq.GridQubit(5, 1), cirq.GridQubit(5, 2), cirq.GridQubit(6, 2), cirq.GridQubit(6, 3), cirq.GridQubit(7, 3), cirq.GridQubit(7, 4), cirq.GridQubit(8, 4)]
                  [31m(3, 2)[0m
                  │
                  │
         [35m(4, 1)[0m───[31m(4, 2)[0m───[31m(4, 3)[0m
         │        │        │
         │        │        │
(5, 0)───[35m(5, 1)[0m───[35m(5, 2)[0m───[31m(5, 3)[0m───[31m(5, 4)[0m
         │        │        │        │
         │        │        │        │
         (6, 1)───[35m(6, 2)[0m───[35m(6, 3)[0m───[31m(6, 4)[0m───[31m(6, 5)[0m
                  │        │        │        │
                  │        │        │        │
                  (7, 2)───[35m(7, 3)[0m───[35m(7, 4)[0m───[31m(7, 5)[0m───(7, 6)
                           │        │        │
                           │        │        │
                           (8, 3)───[35m(8, 4)[0m───(8, 5)
                                    │
                                    │
                                    (9, 4)
None
Meas types ['onsite0', 'horiz0', 'vert02', 'vert12']
Prepped onsite, pairs=[(0, 8), (1, 9), (2, 10), (3, 11), (4, 12), (5, 13), (6, 14), (7, 15)]
Prepped horiz, pairs=[(0, 1), (2, 3), (4, 5), (6, 7), (8, 9), (10, 11), (12, 13), (14, 15)]
Prepped vert0, pairs=[(1, 2), (3, 4), (5, 6), (9, 10), (11, 12), (13, 14)]
Prepped vert1, pairs=[(1, 2), (3, 4), (5, 6), (9, 10), (11, 12), (13, 14)]
Set recompilation to False
Got pairs set [(10, 11), (5, 6), (3, 11), (5, 13), (8, 9), (4, 12), (6, 14), (1, 2), (6, 7), (7, 15), (12, 13), (4, 5), (2, 10), (9, 10), (2, 3), (1, 9), (14, 15), (0, 8), (11, 12), (0, 1), (13, 14), (3, 4)]
---Starting to do calibration: delta 3.2907869069999993
---Starting to set up measurements: delta 0.9358561640000005
---Starting to run VQE: delta 2.101461705
No optimisation, save file is experiments/4x2_single_U_4_nocc_14_d_1-0916-000028/2x4/processed/processed.json
Given params: [[[[[0.325, 0.536, 0.575, 0.566]]], [[[-0.325, -0.536, -0.575, -0.566]]], [[[0, 0.536, 0.575, 0.566]]], [[[0, -0.536, -0.575, -0.566]]]]]
---Preparing executables
---Running executables, 16 in batch, delta=9.432449479
---Extracting values delta=2.537321918
---Extracted values delta=75.702447718
===21.125031756761278 20.72069318069992 21.182946998819798 20.990181657405827 1631746922.403073
Computed energies [20.9228624687306], params [[[[0.325, 0.536, 0.575, 0.566]]], [[[-0.325, -0.536, -0.575, -0.566]]], [[[0, 0.536, 0.575, 0.566]]], [[[0, -0.536, -0.575, -0.566]]]]
***20.9228624687306 1631746922.404782
---VQE complete: delta 87.678940279
---Starting TFLO
Using saved points
Using params [[[0, 1.5708, 0, 0]], [[0, 4.71239, 0, 1.5708]], [[0, 5.49779, 0.785398, 2.35619]], [[0, 3.92699, 1.5708, 2.35619]], [[0, 2.35619, 3.14159, 1.5708]], [[0, 2.35619, 0.785398, 3.92699]], [[0, 0, 4.71239, 2.35619]], [[0, 2.35619, 2.35619, 3.14159]], [[0, 5.49779, 5.49779, 4.71239]], [[0, 0, 1.5708, 4.71239]], [[0, 1.5708, 3.92699, 3.14159]], [[0, 1.5708, 4.71239, 4.71239]], [[0, 0, 3.14159, 3.92699]], [[0, 5.49779, 3.92699, 3.92699]], [[0, 3.92699, 2.35619, 5.49779]], [[0, 0, 3.92699, 5.49779]], [[0, 0.536, 0.575, 0.566]], [[0.325, 0.536, 0.575, 0.566]], [[0, -1.5708, 0, 0]], [[0, -4.71239, 0, -1.5708]], [[0, -5.49779, -0.785398, -2.35619]], [[0, -3.92699, -1.5708, -2.35619]], [[0, -2.35619, -3.14159, -1.5708]], [[0, -2.35619, -0.785398, -3.92699]], [[0, 0, -4.71239, -2.35619]], [[0, -2.35619, -2.35619, -3.14159]], [[0, -5.49779, -5.49779, -4.71239]], [[0, 0, -1.5708, -4.71239]], [[0, -1.5708, -3.92699, -3.14159]], [[0, -1.5708, -4.71239, -4.71239]], [[0, 0, -3.14159, -3.92699]], [[0, -5.49779, -3.92699, -3.92699]], [[0, -3.92699, -2.35619, -5.49779]], [[0, 0, -3.92699, -5.49779]], [[0, -0.536, -0.575, -0.566]], [[-0.325, -0.536, -0.575, -0.566]]]
---Preparing executables
---Running executables, 144 in batch, delta=73.095551056
---Extracting values delta=8.903748538999992
---Extracted values delta=143.785677239
---Time for noisy calculation: 225.80692421400002
***TFLON: 21.06999314535581,21.111560994525107,21.005786346630384,21.173830655848693,22.487221678361852,22.663298856550348,23.365426820194664,23.408169289181362,23.87514257195757,23.83041338030402,24.505111041049805,24.8932640984101,25.11605271122284,25.085393389939153,24.933383615462894,26.26367902282454,21.14993489080453,21.166640662485783,21.28830836345324,21.41433457232446,21.51167130443934,22.745081179311054,24.175440785982843,23.002261250447845,23.906150180325252,24.986762522128533,24.087348122691854,23.944667915665594,25.837174215645206,25.03664969339954,25.60288204157375,25.610769162457082,26.273384789567892,26.4935164299015,20.96499873886345,20.70792656920768 1631747151.0682611
Noisy energies by type: {'onsite0': array([24.6       , 24.60089997, 24.5728789 , 24.47752607, 24.73739654,
       24.77143966, 24.57742782, 24.53772894, 24.5347432 , 24.54070428,
       24.71742313, 24.61196704, 24.55368882, 24.68896578, 24.44530996,
       24.57265569, 24.60358891, 24.41130298, 24.59567523, 24.58983536,
       24.68950901, 24.68081991, 24.52687789, 24.49754994, 24.55675113,
       24.55752212, 24.54358974, 24.56456893, 24.55803571, 24.49094859,
       24.5998558 , 24.55291577, 24.60187185, 24.54444444, 24.49865746,
       24.40440945]), 'horiz0': array([-1.40226876, -1.49731856, -1.47384735, -1.26918757, -1.11421725,
       -1.05188875, -0.84361984, -0.35168317, -0.91143451, -0.2481938 ,
       -0.30319149, -0.37186312,  0.36898839, -0.07605743,  0.39777469,
        0.74133333, -1.32666333, -1.31478261, -1.35031235, -1.40446247,
       -1.3875525 , -0.60809778, -0.09778143, -1.01679639, -0.69155491,
        0.50557325, -1.04126984, -0.29957447,  0.53508443, -0.0752958 ,
        0.72762346,  0.37798861,  0.94482237,  0.97986086, -1.4199095 ,
       -1.5248303 ]), 'vert02': array([-0.89642417, -1.19423211, -0.93841747, -0.85251551, -0.63445223,
       -0.27519942, -0.6520628 , -0.23160661, -0.1238467 ,  0.1379029 ,
       -0.14316316,  0.2719636 ,  0.16074838,  0.01936685,  0.11022576,
        0.42663335, -1.00255537, -0.94170404, -1.02112379, -0.8360424 ,
       -0.83577602, -0.34206799, -0.1611854 ,  0.15041572, -0.53846154,
        0.26177091,  0.10678608,  0.08895265,  0.13102725,  0.24566179,
        0.27212544,  0.12691876,  0.32753623,  0.57685543, -1.09688581,
       -1.20638821]), 'vert12': array([-1.23131393, -0.79778831, -1.15482773, -1.18199234, -0.50150538,
       -0.78105263,  0.28368164, -0.54626987,  0.37568058, -0.6       ,
        0.23404255,  0.38119658,  0.03262712,  0.45311819, -0.0199268 ,
        0.52305665, -1.12443532, -0.98817568, -0.93593074, -0.93499591,
       -0.95450918, -0.98557296, -0.09247028, -0.62890802,  0.5794155 ,
       -0.33810376,  0.47824214, -0.4092792 ,  0.61302682,  0.37533512,
        0.00327735,  0.55294602,  0.39915433,  0.39235569, -1.01686341,
       -0.96526438])}
Using saved exact energies
Data collected can be found at experiments/4x2_single_U_4_nocc_14_d_1-0916-000028/2x4
