{'theta': True, 'zeta': True, 'chi': False, 'gamma': True, 'phi': True, 'time': None}
{'theta': False, 'zeta': False, 'chi': False, 'gamma': False, 'phi': False, 'time': None}
                  (3, 2)
                  │
                  │
         (4, 1)───(4, 2)───(4, 3)
         │        │        │
         │        │        │
(5, 0)───(5, 1)───(5, 2)───(5, 3)───(5, 4)
         │        │        │        │
         │        │        │        │
         (6, 1)───(6, 2)───(6, 3)───(6, 4)───(6, 5)
                  │        │        │        │
                  │        │        │        │
                  (7, 2)───(7, 3)───(7, 4)───(7, 5)───(7, 6)
                           │        │        │
                           │        │        │
                           (8, 3)───(8, 4)───(8, 5)
                                    │
                                    │
                                    (9, 4)
Start at: (3, 2), with dr
Using qubits [cirq.GridQubit(3, 2), cirq.GridQubit(4, 2), cirq.GridQubit(4, 3), cirq.GridQubit(5, 3), cirq.GridQubit(5, 4), cirq.GridQubit(6, 4), cirq.GridQubit(6, 5), cirq.GridQubit(7, 5), cirq.GridQubit(4, 1), cirq.GridQubit(5, 1), cirq.GridQubit(5, 2), cirq.GridQubit(6, 2), cirq.GridQubit(6, 3), cirq.GridQubit(7, 3), cirq.GridQubit(7, 4), cirq.GridQubit(8, 4)]
Using qubits, JW:[cirq.GridQubit(3, 2), cirq.GridQubit(4, 2), cirq.GridQubit(4, 3), cirq.GridQubit(5, 3), cirq.GridQubit(5, 4), cirq.GridQubit(6, 4), cirq.GridQubit(6, 5), cirq.GridQubit(7, 5), cirq.GridQubit(4, 1), cirq.GridQubit(5, 1), cirq.GridQubit(5, 2), cirq.GridQubit(6, 2), cirq.GridQubit(6, 3), cirq.GridQubit(7, 3), cirq.GridQubit(7, 4), cirq.GridQubit(8, 4)]
                  [31m(3, 2)[0m
                  │
                  │
         [35m(4, 1)[0m───[31m(4, 2)[0m───[31m(4, 3)[0m
         │        │        │
         │        │        │
(5, 0)───[35m(5, 1)[0m───[35m(5, 2)[0m───[31m(5, 3)[0m───[31m(5, 4)[0m
         │        │        │        │
         │        │        │        │
         (6, 1)───[35m(6, 2)[0m───[35m(6, 3)[0m───[31m(6, 4)[0m───[31m(6, 5)[0m
                  │        │        │        │
                  │        │        │        │
                  (7, 2)───[35m(7, 3)[0m───[35m(7, 4)[0m───[31m(7, 5)[0m───(7, 6)
                           │        │        │
                           │        │        │
                           (8, 3)───[35m(8, 4)[0m───(8, 5)
                                    │
                                    │
                                    (9, 4)
None
Meas types ['onsite0', 'horiz0', 'vert02', 'vert12']
Prepped onsite, pairs=[(0, 8), (1, 9), (2, 10), (3, 11), (4, 12), (5, 13), (6, 14), (7, 15)]
Prepped horiz, pairs=[(0, 1), (2, 3), (4, 5), (6, 7), (8, 9), (10, 11), (12, 13), (14, 15)]
Prepped vert0, pairs=[(1, 2), (3, 4), (5, 6), (9, 10), (11, 12), (13, 14)]
Prepped vert1, pairs=[(1, 2), (3, 4), (5, 6), (9, 10), (11, 12), (13, 14)]
Set recompilation to False
Got pairs set [(10, 11), (5, 6), (3, 11), (5, 13), (8, 9), (4, 12), (6, 14), (1, 2), (6, 7), (7, 15), (12, 13), (4, 5), (2, 10), (9, 10), (2, 3), (1, 9), (14, 15), (0, 8), (11, 12), (0, 1), (13, 14), (3, 4)]
---Starting to do calibration: delta 3.712942784000001
---Starting to set up measurements: delta 0.8272112269999994
---Starting to run VQE: delta 2.10212516
No optimisation, save file is experiments/4x2_single_U_4_nocc_3_d_1-0916-001640/2x4/processed/processed.json
Given params: [[[[[0.471, 0.61, 0.344, 0.541]]], [[[-0.471, -0.61, -0.344, -0.541]]], [[[0, 0.61, 0.344, 0.541]]], [[[0, -0.61, -0.344, -0.541]]]]]
---Preparing executables
---Running executables, 16 in batch, delta=8.1949484
---Extracting values delta=2.4756860570000008
---Extracted values delta=72.502243888
===-3.961418306613451 -4.332014964183901 -3.7357905940644254 -3.8553186185773503 1631747889.970283
Computed energies [-4.1467166353986755], params [[[[0.471, 0.61, 0.344, 0.541]]], [[[-0.471, -0.61, -0.344, -0.541]]], [[[0, 0.61, 0.344, 0.541]]], [[[0, -0.61, -0.344, -0.541]]]]
***-4.1467166353986755 1631747889.971909
---VQE complete: delta 83.179312736
---Starting TFLO
Using saved points
Using params [[[0, 0.785398, 0, 0]], [[0, 0, 0, 1.5708]], [[0, 4.71239, 4.71239, 0.785398]], [[0, 0.785398, 0.785398, 3.14159]], [[0, 3.14159, 3.14159, 1.5708]], [[0, 2.35619, 0, 3.92699]], [[0, 1.5708, 0, 4.71239]], [[0, 4.71239, 5.49779, 3.92699]], [[0, 4.71239, 4.71239, 3.14159]], [[0, 4.71239, 1.5708, 4.71239]], [[0, 3.14159, 4.71239, 3.92699]], [[0, 3.14159, 1.5708, 5.49779]], [[0, 0, 3.14159, 3.92699]], [[0, 3.92699, 2.35619, 4.71239]], [[0, 3.92699, 3.92699, 4.71239]], [[0, 0, 3.92699, 5.49779]], [[0, 0.61, 0.344, 0.541]], [[0.471, 0.61, 0.344, 0.541]], [[0, -0.785398, 0, 0]], [[0, 0, 0, -1.5708]], [[0, -4.71239, -4.71239, -0.785398]], [[0, -0.785398, -0.785398, -3.14159]], [[0, -3.14159, -3.14159, -1.5708]], [[0, -2.35619, 0, -3.92699]], [[0, -1.5708, 0, -4.71239]], [[0, -4.71239, -5.49779, -3.92699]], [[0, -4.71239, -4.71239, -3.14159]], [[0, -4.71239, -1.5708, -4.71239]], [[0, -3.14159, -4.71239, -3.92699]], [[0, -3.14159, -1.5708, -5.49779]], [[0, 0, -3.14159, -3.92699]], [[0, -3.92699, -2.35619, -4.71239]], [[0, -3.92699, -3.92699, -4.71239]], [[0, 0, -3.92699, -5.49779]], [[0, -0.61, -0.344, -0.541]], [[-0.471, -0.61, -0.344, -0.541]]]
---Preparing executables
---Running executables, 144 in batch, delta=71.25735174600001
---Extracting values delta=8.955126723000006
---Extracted values delta=145.708616167
---Time for noisy calculation: 225.946390756
***TFLON: -4.071994870686277,-3.6501101080120177,-3.067414525859749,-2.5972801321920076,-1.6152780381701097,-1.4124530178655974,-1.0995291171689376,-0.7711516354918477,-0.285803218220538,0.7070002178180814,1.0370843181474982,1.5937195882805546,2.145919274051109,2.7076438815990986,3.359177190066109,4.088834361789443,-3.752977603401134,-3.92082431171844,-3.7769366927991066,-3.2581072347683158,-2.7353487915041725,-1.72662932269199,-1.9814507246910749,-1.0474370102490946,-0.392854796617375,-0.021665260640065576,0.7908557551383163,0.8890846597376555,1.5210093008899745,1.8017868350095363,2.9644872530114563,2.710903171366314,3.6814706824925576,4.349619535920064,-3.8033490044130507,-4.302554015290971 1631748118.736344
Noisy energies by type: {'onsite0': array([0.81047435, 0.98219389, 1.03186113, 0.91526228, 1.02602603,
       1.14446124, 0.9832875 , 1.00326869, 1.06374589, 1.00781076,
       1.04797371, 0.86745796, 0.97531439, 0.92029657, 0.98483497,
       0.9852078 , 0.99592228, 0.63128096, 1.12679856, 0.98899618,
       1.02335929, 1.12328767, 0.93866424, 0.84625728, 1.03063063,
       0.96794736, 1.07351022, 0.96545769, 1.0863061 , 1.10232762,
       0.99100285, 1.13376078, 0.97371938, 1.03147384, 1.0313253 ,
       0.65968353]), 'horiz0': array([-2.21078816, -2.28897918, -2.19546028, -1.92473763, -1.39913366,
       -2.15577652, -2.26010716, -1.81193885, -1.2646624 , -0.36456516,
       -0.65495364, -0.06164757,  0.72008663,  1.02177858,  0.97355949,
        1.43718987, -2.13665803, -2.01977232, -2.20834393, -2.2849714 ,
       -2.18168093, -1.82178471, -1.58123108, -2.0584586 , -2.1103397 ,
       -1.73109641, -1.03947368, -0.41811356, -0.71336951, -0.23054824,
        1.09916567,  0.92252166,  1.0779653 ,  1.49353008, -2.22084623,
       -2.28567781]), 'vert02': array([-1.4584399 , -1.34906445, -0.98628113, -0.58491461, -0.69293413,
       -0.05116473,  0.20518919, -0.27530707, -0.46660995,  0.36596318,
       -0.13847826,  0.68256967,  0.10726486,  0.47179843,  0.34480447,
        0.62800825, -1.50266602, -1.42663712, -1.32644178, -0.95772787,
       -0.99093176, -0.14103139, -0.5798053 ,  0.14528219,  0.49598716,
       -0.02723984, -0.09323144,  0.47363999,  0.16090395,  0.55879733,
        0.43492479,  0.496998  ,  0.59331104,  0.73731804, -1.24961648,
       -1.23663131]), 'vert12': array([-1.21324116, -0.99426037, -0.91753425, -1.00289017, -0.54923627,
       -0.34997302, -0.02789864,  0.3128256 ,  0.38172324, -0.30220855,
        0.7825425 ,  0.10533952,  0.34325339,  0.2937703 ,  1.05597826,
        1.03842845, -1.10957584, -1.10569583, -1.36894954, -1.00440415,
       -0.58609539, -0.88710089, -0.75907859,  0.01948212,  0.19086711,
        0.76872363,  0.85005066, -0.13189946,  0.98716876,  0.37121012,
        0.43939394,  0.15762274,  1.03647497,  1.08729757, -1.36421159,
       -1.43992843])}
Using saved exact energies
Data collected can be found at experiments/4x2_single_U_4_nocc_3_d_1-0916-001640/2x4
